[2026-02-28T19:57:44.572+0800] {local_task_job_runner.py:123} INFO - ::group::Pre task execution logs
[2026-02-28T19:57:44.588+0800] {taskinstance.py:2631} INFO - Dependencies all met for dep_context=non-requeueable deps ti=<TaskInstance: cdrd_新增角色_编辑角色_并.并行执行消费者 manual__2026-02-28T11:57:21.042366+00:00 [queued]>
[2026-02-28T19:57:44.595+0800] {taskinstance.py:2631} INFO - Dependencies all met for dep_context=requeueable deps ti=<TaskInstance: cdrd_新增角色_编辑角色_并.并行执行消费者 manual__2026-02-28T11:57:21.042366+00:00 [queued]>
[2026-02-28T19:57:44.595+0800] {taskinstance.py:2884} INFO - Starting attempt 1 of 1
[2026-02-28T19:57:44.606+0800] {taskinstance.py:2907} INFO - Executing <Task(PythonOperator): 并行执行消费者> on 2026-02-28 11:57:21.042366+00:00
[2026-02-28T19:57:44.610+0800] {standard_task_runner.py:72} INFO - Started process 1691 to run task
[2026-02-28T19:57:44.616+0800] {standard_task_runner.py:104} INFO - Running: ['airflow', 'tasks', 'run', 'cdrd_新增角色_编辑角色_并', '并行执行消费者', 'manual__2026-02-28T11:57:21.042366+00:00', '--job-id', '714', '--raw', '--subdir', 'DAGS_FOLDER/tag_CDRD/系统管理/角色管理/dag_新增角色_编辑角色_并.py', '--cfg-path', '/var/folders/f7/4z7jtb213fs0mtgbw_0vs2600000gn/T/tmp4_dk490a']
[2026-02-28T19:57:44.620+0800] {standard_task_runner.py:105} INFO - Job 714: Subtask 并行执行消费者
[2026-02-28T19:57:44.663+0800] {task_command.py:467} INFO - Running <TaskInstance: cdrd_新增角色_编辑角色_并.并行执行消费者 manual__2026-02-28T11:57:21.042366+00:00 [running]> on host localhost-2.local
[2026-02-28T19:57:44.735+0800] {taskinstance.py:3157} INFO - Exporting env vars: AIRFLOW_CTX_DAG_OWNER='airflow' AIRFLOW_CTX_DAG_ID='cdrd_新增角色_编辑角色_并' AIRFLOW_CTX_TASK_ID='并行执行消费者' AIRFLOW_CTX_EXECUTION_DATE='2026-02-28T11:57:21.042366+00:00' AIRFLOW_CTX_TRY_NUMBER='1' AIRFLOW_CTX_DAG_RUN_ID='manual__2026-02-28T11:57:21.042366+00:00'
[2026-02-28T19:57:44.736+0800] {taskinstance.py:740} INFO - ::endgroup::
[2026-02-28T19:57:44.752+0800] {logging_mixin.py:190} INFO - ==================================================
[2026-02-28T19:57:44.753+0800] {logging_mixin.py:190} INFO - 【并行消费者】开始同时执行新增角色和编辑角色测试...
[2026-02-28T19:57:44.753+0800] {logging_mixin.py:190} INFO - ==================================================
[2026-02-28T19:57:44.759+0800] {logging_mixin.py:190} INFO - 从XCom获取到的测试用例数据: 2 条
[2026-02-28T19:57:44.760+0800] {logging_mixin.py:190} INFO - ===================== 新增角色1 消费者开始执行 ====================
[2026-02-28T19:57:44.760+0800] {logging_mixin.py:190} INFO - ===================== 编辑角色2 消费者开始执行 ====================
[2026-02-28T19:57:44.761+0800] {logging_mixin.py:190} INFO - [新增角色1] 跳过不匹配的测试用例: 新增角色
[2026-02-28T19:57:44.761+0800] {logging_mixin.py:190} INFO - [编辑角色2] 跳过不匹配的测试用例: 新增角色
[2026-02-28T19:57:44.762+0800] {logging_mixin.py:190} INFO - [新增角色1] 找到测试用例: 编辑角色
[2026-02-28T19:57:44.762+0800] {logging_mixin.py:190} INFO - [编辑角色2] 找到测试用例: 编辑角色
[2026-02-28T19:57:44.763+0800] {logging_mixin.py:190} INFO - [新增角色1] 执行路径: 系统管理/角色管理/编辑角色.py
[2026-02-28T19:57:44.763+0800] {logging_mixin.py:190} INFO - [编辑角色2] 执行路径: 系统管理/角色管理/编辑角色.py
[2026-02-28T19:57:44.764+0800] {logging_mixin.py:190} INFO - [Consumer_0] 开始执行测试用例: 系统管理/角色管理/编辑角色.py
[2026-02-28T19:57:44.764+0800] {logging_mixin.py:190} INFO - [Consumer_1] 开始执行测试用例: 系统管理/角色管理/编辑角色.py
[2026-02-28T19:57:44.765+0800] {logging_mixin.py:190} INFO - [线程 Consumer_0] 准备执行Playwright脚本: /Users/linghuchong/Downloads/51/Python/project/instance/zyjk/CDRD/web/系统管理/角色管理/编辑角色.py
[2026-02-28T19:57:44.765+0800] {logging_mixin.py:190} INFO - [线程 Consumer_1] 准备执行Playwright脚本: /Users/linghuchong/Downloads/51/Python/project/instance/zyjk/CDRD/web/系统管理/角色管理/编辑角色.py
[2026-02-28T19:57:45.189+0800] {logging_mixin.py:190} INFO - [线程 Consumer_1] ✅ 找到run_playwright函数，开始执行...
[2026-02-28T19:57:45.190+0800] {logging_mixin.py:190} INFO - [线程 Consumer_0] ✅ 找到run_playwright函数，开始执行...
[2026-02-28T19:57:54.730+0800] {logging_mixin.py:190} INFO - [线程 Consumer_0] ✅ Playwright执行完成，返回结果: {'role_name': '555', 'remark': '1234'}
[2026-02-28T19:57:54.731+0800] {logging_mixin.py:190} INFO - [Consumer_0] Playwright执行结果: {'role_name': '555', 'remark': '1234'}
[2026-02-28T19:57:54.731+0800] {logging_mixin.py:190} INFO - [Consumer_0] 正则替换结果: [{"k": "select count(*) as qty from sys_role where role_name='555'", "v": 1}]
[2026-02-28T19:57:54.732+0800] {logging_mixin.py:190} INFO - [Consumer_0] 解析后的验证数据: [{'k': "select count(*) as qty from sys_role where role_name='555'", 'v': 1}]
[2026-02-28T19:57:54.742+0800] {logging_mixin.py:190} INFO - [线程 Consumer_1] ✅ Playwright执行完成，返回结果: {'role_name': '555', 'remark': '1234'}
[2026-02-28T19:57:54.743+0800] {logging_mixin.py:190} INFO - [Consumer_0] 查询结果: 1
[2026-02-28T19:57:54.743+0800] {logging_mixin.py:190} INFO - [Consumer_1] Playwright执行结果: {'role_name': '555', 'remark': '1234'}
[2026-02-28T19:57:54.743+0800] {logging_mixin.py:190} INFO - [Consumer_0] ✅ 断言通过
[2026-02-28T19:57:54.744+0800] {logging_mixin.py:190} INFO - [Consumer_1] 正则替换结果: [{"k": "select count(*) as qty from sys_role where role_name='555'", "v": 1}]
[2026-02-28T19:57:54.745+0800] {logging_mixin.py:190} INFO - [Consumer_1] 解析后的验证数据: [{'k': "select count(*) as qty from sys_role where role_name='555'", 'v': 1}]
[2026-02-28T19:57:54.761+0800] {logging_mixin.py:190} INFO - [Consumer_1] 查询结果: 1
[2026-02-28T19:57:54.762+0800] {logging_mixin.py:190} INFO - [Consumer_1] ✅ 断言通过
[2026-02-28T19:57:54.797+0800] {logging_mixin.py:190} INFO - [新增角色1] ✅ 测试用例执行成功
[2026-02-28T19:57:54.797+0800] {logging_mixin.py:190} INFO - ===================== 新增角色1 消费者执行完成 ====================
[2026-02-28T19:57:54.798+0800] {logging_mixin.py:190} INFO - [新增角色1] 成功: 1, 失败: 0
[2026-02-28T19:57:54.822+0800] {logging_mixin.py:190} INFO - [编辑角色2] ✅ 测试用例执行成功
[2026-02-28T19:57:54.822+0800] {logging_mixin.py:190} INFO - ===================== 编辑角色2 消费者执行完成 ====================
[2026-02-28T19:57:54.823+0800] {logging_mixin.py:190} INFO - [编辑角色2] 成功: 1, 失败: 0
[2026-02-28T19:57:54.823+0800] {logging_mixin.py:190} INFO - ==================================================
[2026-02-28T19:57:54.824+0800] {logging_mixin.py:190} INFO - 【并行消费者】所有测试执行完成
[2026-02-28T19:57:54.824+0800] {logging_mixin.py:190} INFO - ==================================================
[2026-02-28T19:57:54.825+0800] {python.py:240} INFO - Done. Returned value was: {'新增角色': {'module': '系统管理-角色管理-新增角色1', 'success_count': 1, 'fail_count': 0, 'total_count': 1}, '编辑角色': {'module': '系统管理-角色管理-编辑角色2', 'success_count': 1, 'fail_count': 0, 'total_count': 1}}
[2026-02-28T19:57:54.840+0800] {taskinstance.py:349} INFO - ::group::Post task execution logs
[2026-02-28T19:57:54.841+0800] {taskinstance.py:361} INFO - Marking task as SUCCESS. dag_id=cdrd_新增角色_编辑角色_并, task_id=并行执行消费者, run_id=manual__2026-02-28T11:57:21.042366+00:00, execution_date=20260228T115721, start_date=20260228T115744, end_date=20260228T115754
[2026-02-28T19:57:54.893+0800] {local_task_job_runner.py:266} INFO - Task exited with return code 0
[2026-02-28T19:57:54.910+0800] {taskinstance.py:3924} INFO - 0 downstream tasks scheduled from follow-on schedule check
[2026-02-28T19:57:54.911+0800] {local_task_job_runner.py:245} INFO - ::endgroup::
