[2026-02-23T21:34:51.976+0800] {local_task_job_runner.py:123} INFO - ::group::Pre task execution logs
[2026-02-23T21:34:51.989+0800] {taskinstance.py:2631} INFO - Dependencies all met for dep_context=non-requeueable deps ti=<TaskInstance: c_1p1n1n_DAG2.c_1p1n1n_TASK2 dataset_triggered__2026-02-23T13:34:41.947304+00:00 [queued]>
[2026-02-23T21:34:51.995+0800] {taskinstance.py:2631} INFO - Dependencies all met for dep_context=requeueable deps ti=<TaskInstance: c_1p1n1n_DAG2.c_1p1n1n_TASK2 dataset_triggered__2026-02-23T13:34:41.947304+00:00 [queued]>
[2026-02-23T21:34:51.995+0800] {taskinstance.py:2884} INFO - Starting attempt 1 of 1
[2026-02-23T21:34:52.008+0800] {taskinstance.py:2907} INFO - Executing <Task(PythonOperator): c_1p1n1n_TASK2> on 2026-02-23 13:34:41.947304+00:00
[2026-02-23T21:34:52.011+0800] {standard_task_runner.py:72} INFO - Started process 9355 to run task
[2026-02-23T21:34:52.018+0800] {standard_task_runner.py:104} INFO - Running: ['airflow', 'tasks', 'run', 'c_1p1n1n_DAG2', 'c_1p1n1n_TASK2', 'dataset_triggered__2026-02-23T13:34:41.947304+00:00', '--job-id', '198', '--raw', '--subdir', 'DAGS_FOLDER/producer_consumer /1p1n1n.py', '--cfg-path', '/var/folders/f7/4z7jtb213fs0mtgbw_0vs2600000gn/T/tmpasyt7xji']
[2026-02-23T21:34:52.021+0800] {standard_task_runner.py:105} INFO - Job 198: Subtask c_1p1n1n_TASK2
[2026-02-23T21:34:52.252+0800] {task_command.py:467} INFO - Running <TaskInstance: c_1p1n1n_DAG2.c_1p1n1n_TASK2 dataset_triggered__2026-02-23T13:34:41.947304+00:00 [running]> on host localhost-2.local
[2026-02-23T21:34:52.312+0800] {taskinstance.py:3157} INFO - Exporting env vars: AIRFLOW_CTX_DAG_OWNER='airflow' AIRFLOW_CTX_DAG_ID='c_1p1n1n_DAG2' AIRFLOW_CTX_TASK_ID='c_1p1n1n_TASK2' AIRFLOW_CTX_EXECUTION_DATE='2026-02-23T13:34:41.947304+00:00' AIRFLOW_CTX_TRY_NUMBER='1' AIRFLOW_CTX_DAG_RUN_ID='dataset_triggered__2026-02-23T13:34:41.947304+00:00'
[2026-02-23T21:34:52.317+0800] {taskinstance.py:740} INFO - ::endgroup::
[2026-02-23T21:34:52.333+0800] {logging_mixin.py:190} INFO - 【消费者2】检测到订单数据更新，开始统计...
[2026-02-23T21:34:52.338+0800] {logging_mixin.py:190} INFO - ⚠️ 未找到成功的消费者 DAG Run
[2026-02-23T21:34:52.339+0800] {logging_mixin.py:190} INFO - 【消费者2】从消费者1获取的返回值: None
[2026-02-23T21:34:52.339+0800] {logging_mixin.py:190} INFO - 【消费者2】未能获取到消费者1的数据
[2026-02-23T21:34:52.340+0800] {python.py:240} INFO - Done. Returned value was: None
[2026-02-23T21:34:52.352+0800] {taskinstance.py:349} INFO - ::group::Post task execution logs
[2026-02-23T21:34:52.353+0800] {taskinstance.py:361} INFO - Marking task as SUCCESS. dag_id=c_1p1n1n_DAG2, task_id=c_1p1n1n_TASK2, run_id=dataset_triggered__2026-02-23T13:34:41.947304+00:00, execution_date=20260223T133441, start_date=20260223T133451, end_date=20260223T133452
[2026-02-23T21:34:52.415+0800] {local_task_job_runner.py:266} INFO - Task exited with return code 0
[2026-02-23T21:34:52.436+0800] {taskinstance.py:3924} INFO - 0 downstream tasks scheduled from follow-on schedule check
[2026-02-23T21:34:52.437+0800] {local_task_job_runner.py:245} INFO - ::endgroup::
