[2026-02-12T21:26:51.058+0800] {manager.py:469} INFO - Processing files using up to 2 processes at a time 
[2026-02-12T21:26:51.058+0800] {manager.py:470} INFO - Process each file at most once every 30 seconds
[2026-02-12T21:26:51.059+0800] {manager.py:471} INFO - Checking for new files in /Users/linghuchong/Downloads/51/Python/project/instance/airflow/dags every 300 seconds
[2026-02-12T21:26:51.059+0800] {manager.py:738} INFO - Searching for files in /Users/linghuchong/Downloads/51/Python/project/instance/airflow/dags
[2026-02-12T21:26:51.106+0800] {manager.py:741} INFO - There are 48 files in /Users/linghuchong/Downloads/51/Python/project/instance/airflow/dags
[2026-02-12T21:26:51.272+0800] {manager.py:879} INFO - 
================================================================================
DAG File Processing Stats

File Path                                                                                                                                                     PID  Runtime      # DAGs    # Errors  Last Runtime    Last Run
----------------------------------------------------------------------------------------------------------------------------------------------------------  -----  ---------  --------  ----------  --------------  ----------
/Users/linghuchong/miniconda3/envs/airflow284/lib/python3.11/site-packages/airflow/example_dags/example_latest_only.py                                                               0           0
/Users/linghuchong/miniconda3/envs/airflow284/lib/python3.11/site-packages/airflow/example_dags/example_local_kubernetes_executor.py                                                 0           0
/Users/linghuchong/miniconda3/envs/airflow284/lib/python3.11/site-packages/airflow/example_dags/example_task_group_decorator.py                                                      0           0
/Users/linghuchong/miniconda3/envs/airflow284/lib/python3.11/site-packages/airflow/example_dags/example_complex.py                                                                   0           0
/Users/linghuchong/miniconda3/envs/airflow284/lib/python3.11/site-packages/airflow/example_dags/example_python_operator.py                                                           0           0
/Users/linghuchong/miniconda3/envs/airflow284/lib/python3.11/site-packages/airflow/example_dags/tutorial_taskflow_api_virtualenv.py                                                  0           0
/Users/linghuchong/miniconda3/envs/airflow284/lib/python3.11/site-packages/airflow/example_dags/example_params_trigger_ui.py                                                         0           0
/Users/linghuchong/miniconda3/envs/airflow284/lib/python3.11/site-packages/airflow/example_dags/example_external_task_marker_dag.py                                                  0           0
/Users/linghuchong/miniconda3/envs/airflow284/lib/python3.11/site-packages/airflow/example_dags/tutorial_objectstorage.py                                                            0           0
/Users/linghuchong/miniconda3/envs/airflow284/lib/python3.11/site-packages/airflow/example_dags/example_bash_operator.py                                                             0           0
/Users/linghuchong/miniconda3/envs/airflow284/lib/python3.11/site-packages/airflow/example_dags/example_short_circuit_operator.py                                                    0           0
/Users/linghuchong/miniconda3/envs/airflow284/lib/python3.11/site-packages/airflow/example_dags/example_setup_teardown.py                                                            0           0
/Users/linghuchong/miniconda3/envs/airflow284/lib/python3.11/site-packages/airflow/example_dags/example_branch_operator.py                                                           0           0
/Users/linghuchong/miniconda3/envs/airflow284/lib/python3.11/site-packages/airflow/example_dags/example_branch_labels.py                                                             0           0
/Users/linghuchong/miniconda3/envs/airflow284/lib/python3.11/site-packages/airflow/example_dags/tutorial_taskflow_api.py                                                             0           0
/Users/linghuchong/miniconda3/envs/airflow284/lib/python3.11/site-packages/airflow/example_dags/example_task_group.py                                                                0           0
/Users/linghuchong/miniconda3/envs/airflow284/lib/python3.11/site-packages/airflow/example_dags/tutorial.py                                                                          0           0
/Users/linghuchong/miniconda3/envs/airflow284/lib/python3.11/site-packages/airflow/example_dags/example_python_decorator.py                                                          0           0
/Users/linghuchong/miniconda3/envs/airflow284/lib/python3.11/site-packages/airflow/example_dags/example_sla_dag.py                                                                   0           0
/Users/linghuchong/miniconda3/envs/airflow284/lib/python3.11/site-packages/airflow/example_dags/example_passing_params_via_test_command.py                                           0           0
/Users/linghuchong/miniconda3/envs/airflow284/lib/python3.11/site-packages/airflow/example_dags/example_latest_only_with_trigger.py                                                  0           0
/Users/linghuchong/miniconda3/envs/airflow284/lib/python3.11/site-packages/airflow/example_dags/example_time_delta_sensor_async.py                                                   0           0
/Users/linghuchong/miniconda3/envs/airflow284/lib/python3.11/site-packages/airflow/example_dags/example_dag_decorator.py                                                             0           0
/Users/linghuchong/miniconda3/envs/airflow284/lib/python3.11/site-packages/airflow/example_dags/example_xcom.py                                                                      0           0
/Users/linghuchong/miniconda3/envs/airflow284/lib/python3.11/site-packages/airflow/example_dags/example_xcomargs.py                                                                  0           0
/Users/linghuchong/miniconda3/envs/airflow284/lib/python3.11/site-packages/airflow/example_dags/example_branch_operator_decorator.py                                                 0           0
/Users/linghuchong/miniconda3/envs/airflow284/lib/python3.11/site-packages/airflow/example_dags/example_branch_day_of_week_operator.py                                               0           0
/Users/linghuchong/miniconda3/envs/airflow284/lib/python3.11/site-packages/airflow/example_dags/example_skip_dag.py                                                                  0           0
/Users/linghuchong/miniconda3/envs/airflow284/lib/python3.11/site-packages/airflow/example_dags/example_short_circuit_decorator.py                                                   0           0
/Users/linghuchong/miniconda3/envs/airflow284/lib/python3.11/site-packages/airflow/example_dags/example_datasets.py                                                                  0           0
/Users/linghuchong/miniconda3/envs/airflow284/lib/python3.11/site-packages/airflow/example_dags/tutorial_dag.py                                                                      0           0
/Users/linghuchong/miniconda3/envs/airflow284/lib/python3.11/site-packages/airflow/example_dags/example_trigger_target_dag.py                                                        0           0
/Users/linghuchong/miniconda3/envs/airflow284/lib/python3.11/site-packages/airflow/example_dags/example_sensor_decorator.py                                                          0           0
/Users/linghuchong/miniconda3/envs/airflow284/lib/python3.11/site-packages/airflow/example_dags/example_kubernetes_executor.py                                                       0           0
/Users/linghuchong/miniconda3/envs/airflow284/lib/python3.11/site-packages/airflow/example_dags/example_branch_python_dop_operator_3.py                                              0           0
/Users/linghuchong/miniconda3/envs/airflow284/lib/python3.11/site-packages/airflow/example_dags/example_sensors.py                                                                   0           0
/Users/linghuchong/miniconda3/envs/airflow284/lib/python3.11/site-packages/airflow/example_dags/example_setup_teardown_taskflow.py                                                   0           0
/Users/linghuchong/miniconda3/envs/airflow284/lib/python3.11/site-packages/airflow/example_dags/example_branch_datetime_operator.py                                                  0           0
/Users/linghuchong/miniconda3/envs/airflow284/lib/python3.11/site-packages/airflow/example_dags/example_nested_branch_dag.py                                                         0           0
/Users/linghuchong/miniconda3/envs/airflow284/lib/python3.11/site-packages/airflow/example_dags/example_subdag_operator.py                                                           0           0
/Users/linghuchong/miniconda3/envs/airflow284/lib/python3.11/site-packages/airflow/example_dags/example_dynamic_task_mapping_with_no_taskflow_operators.py                           0           0
/Users/linghuchong/miniconda3/envs/airflow284/lib/python3.11/site-packages/airflow/example_dags/example_trigger_controller_dag.py                                                    0           0
/Users/linghuchong/miniconda3/envs/airflow284/lib/python3.11/site-packages/airflow/example_dags/example_params_ui_tutorial.py                                                        0           0
/Users/linghuchong/miniconda3/envs/airflow284/lib/python3.11/site-packages/airflow/example_dags/example_dynamic_task_mapping.py                                                      0           0
/Users/linghuchong/miniconda3/envs/airflow284/lib/python3.11/site-packages/airflow/example_dags/plugins/workday.py                                          27468  0.03s             0           0
/Users/linghuchong/miniconda3/envs/airflow284/lib/python3.11/site-packages/airflow/example_dags/plugins/event_listener.py                                                            0           0
/Users/linghuchong/miniconda3/envs/airflow284/lib/python3.11/site-packages/airflow/example_dags/plugins/listener_plugin.py                                                           0           0
/Users/linghuchong/miniconda3/envs/airflow284/lib/python3.11/site-packages/airflow/example_dags/subdags/subdag.py                                           27467  0.04s             0           0
================================================================================
[2026-02-12T21:27:21.851+0800] {manager.py:879} INFO - 
================================================================================
DAG File Processing Stats

File Path                                                                                                                                                     PID  Runtime      # DAGs    # Errors  Last Runtime    Last Run
----------------------------------------------------------------------------------------------------------------------------------------------------------  -----  ---------  --------  ----------  --------------  -------------------
/Users/linghuchong/miniconda3/envs/airflow284/lib/python3.11/site-packages/airflow/example_dags/example_params_ui_tutorial.py                                                        1           0  2.68s           2026-02-12T13:27:21
/Users/linghuchong/miniconda3/envs/airflow284/lib/python3.11/site-packages/airflow/example_dags/example_passing_params_via_test_command.py                                           1           0  2.41s           2026-02-12T13:27:19
/Users/linghuchong/miniconda3/envs/airflow284/lib/python3.11/site-packages/airflow/example_dags/example_task_group_decorator.py                                                      1           0  2.04s           2026-02-12T13:27:06
/Users/linghuchong/miniconda3/envs/airflow284/lib/python3.11/site-packages/airflow/example_dags/example_xcomargs.py                                                                  2           0  2.04s           2026-02-12T13:27:00
/Users/linghuchong/miniconda3/envs/airflow284/lib/python3.11/site-packages/airflow/example_dags/tutorial.py                                                                          1           0  2.02s           2026-02-12T13:27:00
/Users/linghuchong/miniconda3/envs/airflow284/lib/python3.11/site-packages/airflow/example_dags/example_short_circuit_decorator.py                                                   1           0  2.02s           2026-02-12T13:27:12
/Users/linghuchong/miniconda3/envs/airflow284/lib/python3.11/site-packages/airflow/example_dags/example_xcom.py                                                                      1           0  2.00s           2026-02-12T13:27:02
/Users/linghuchong/miniconda3/envs/airflow284/lib/python3.11/site-packages/airflow/example_dags/tutorial_taskflow_api_virtualenv.py                                                  1           0  2.00s           2026-02-12T13:26:56
/Users/linghuchong/miniconda3/envs/airflow284/lib/python3.11/site-packages/airflow/example_dags/tutorial_objectstorage.py                                                            1           0  1.99s           2026-02-12T13:26:58
/Users/linghuchong/miniconda3/envs/airflow284/lib/python3.11/site-packages/airflow/example_dags/example_sensor_decorator.py                                                          1           0  1.98s           2026-02-12T13:27:16
/Users/linghuchong/miniconda3/envs/airflow284/lib/python3.11/site-packages/airflow/example_dags/example_short_circuit_operator.py                                                    1           0  1.98s           2026-02-12T13:27:11
/Users/linghuchong/miniconda3/envs/airflow284/lib/python3.11/site-packages/airflow/example_dags/example_trigger_target_dag.py                                                        1           0  1.98s           2026-02-12T13:27:02
/Users/linghuchong/miniconda3/envs/airflow284/lib/python3.11/site-packages/airflow/example_dags/example_sla_dag.py                                                                   1           0  1.98s           2026-02-12T13:27:09
/Users/linghuchong/miniconda3/envs/airflow284/lib/python3.11/site-packages/airflow/example_dags/example_task_group.py                                                                1           0  1.97s           2026-02-12T13:27:06
/Users/linghuchong/miniconda3/envs/airflow284/lib/python3.11/site-packages/airflow/example_dags/tutorial_taskflow_api.py                                                             1           0  1.95s           2026-02-12T13:26:56
/Users/linghuchong/miniconda3/envs/airflow284/lib/python3.11/site-packages/airflow/example_dags/example_skip_dag.py                                                                  1           0  1.94s           2026-02-12T13:27:10
/Users/linghuchong/miniconda3/envs/airflow284/lib/python3.11/site-packages/airflow/example_dags/example_trigger_controller_dag.py                                                    1           0  1.93s           2026-02-12T13:27:04
/Users/linghuchong/miniconda3/envs/airflow284/lib/python3.11/site-packages/airflow/example_dags/example_python_operator.py                                                           1           0  1.93s           2026-02-12T13:27:17
/Users/linghuchong/miniconda3/envs/airflow284/lib/python3.11/site-packages/airflow/example_dags/example_subdag_operator.py                                                           3           0  1.92s           2026-02-12T13:27:08
/Users/linghuchong/miniconda3/envs/airflow284/lib/python3.11/site-packages/airflow/example_dags/example_setup_teardown_taskflow.py                                                   1           0  1.92s           2026-02-12T13:27:13
/Users/linghuchong/miniconda3/envs/airflow284/lib/python3.11/site-packages/airflow/example_dags/tutorial_dag.py                                                                      1           0  1.90s           2026-02-12T13:26:58
/Users/linghuchong/miniconda3/envs/airflow284/lib/python3.11/site-packages/airflow/example_dags/example_python_decorator.py                                                          1           0  1.90s           2026-02-12T13:27:18
/Users/linghuchong/miniconda3/envs/airflow284/lib/python3.11/site-packages/airflow/example_dags/example_time_delta_sensor_async.py                                                   1           0  1.89s           2026-02-12T13:27:04
/Users/linghuchong/miniconda3/envs/airflow284/lib/python3.11/site-packages/airflow/example_dags/example_sensors.py                                                                   1           0  1.85s           2026-02-12T13:27:15
/Users/linghuchong/miniconda3/envs/airflow284/lib/python3.11/site-packages/airflow/example_dags/example_setup_teardown.py                                                            1           0  1.80s           2026-02-12T13:27:14
/Users/linghuchong/miniconda3/envs/airflow284/lib/python3.11/site-packages/airflow/example_dags/subdags/subdag.py                                                                    0           0  1.77s           2026-02-12T13:26:53
/Users/linghuchong/miniconda3/envs/airflow284/lib/python3.11/site-packages/airflow/example_dags/plugins/workday.py                                                                   0           0  1.75s           2026-02-12T13:26:52
/Users/linghuchong/miniconda3/envs/airflow284/lib/python3.11/site-packages/airflow/example_dags/plugins/listener_plugin.py                                                           0           0  1.65s           2026-02-12T13:26:54
/Users/linghuchong/miniconda3/envs/airflow284/lib/python3.11/site-packages/airflow/example_dags/plugins/event_listener.py                                                            0           0  1.65s           2026-02-12T13:26:54
/Users/linghuchong/miniconda3/envs/airflow284/lib/python3.11/site-packages/airflow/example_dags/example_latest_only.py                                                               0           0
/Users/linghuchong/miniconda3/envs/airflow284/lib/python3.11/site-packages/airflow/example_dags/example_local_kubernetes_executor.py                                                 0           0
/Users/linghuchong/miniconda3/envs/airflow284/lib/python3.11/site-packages/airflow/example_dags/example_complex.py                                                                   0           0
/Users/linghuchong/miniconda3/envs/airflow284/lib/python3.11/site-packages/airflow/example_dags/example_params_trigger_ui.py                                27511  2.02s             0           0
/Users/linghuchong/miniconda3/envs/airflow284/lib/python3.11/site-packages/airflow/example_dags/example_external_task_marker_dag.py                                                  0           0
/Users/linghuchong/miniconda3/envs/airflow284/lib/python3.11/site-packages/airflow/example_dags/example_bash_operator.py                                                             0           0
/Users/linghuchong/miniconda3/envs/airflow284/lib/python3.11/site-packages/airflow/example_dags/example_branch_operator.py                                                           0           0
/Users/linghuchong/miniconda3/envs/airflow284/lib/python3.11/site-packages/airflow/example_dags/example_branch_labels.py                                                             0           0
/Users/linghuchong/miniconda3/envs/airflow284/lib/python3.11/site-packages/airflow/example_dags/example_latest_only_with_trigger.py                                                  0           0
/Users/linghuchong/miniconda3/envs/airflow284/lib/python3.11/site-packages/airflow/example_dags/example_dag_decorator.py                                                             0           0
/Users/linghuchong/miniconda3/envs/airflow284/lib/python3.11/site-packages/airflow/example_dags/example_branch_operator_decorator.py                                                 0           0
/Users/linghuchong/miniconda3/envs/airflow284/lib/python3.11/site-packages/airflow/example_dags/example_branch_day_of_week_operator.py                                               0           0
/Users/linghuchong/miniconda3/envs/airflow284/lib/python3.11/site-packages/airflow/example_dags/example_datasets.py                                                                  0           0
/Users/linghuchong/miniconda3/envs/airflow284/lib/python3.11/site-packages/airflow/example_dags/example_kubernetes_executor.py                                                       0           0
/Users/linghuchong/miniconda3/envs/airflow284/lib/python3.11/site-packages/airflow/example_dags/example_branch_python_dop_operator_3.py                                              0           0
/Users/linghuchong/miniconda3/envs/airflow284/lib/python3.11/site-packages/airflow/example_dags/example_branch_datetime_operator.py                                                  0           0
/Users/linghuchong/miniconda3/envs/airflow284/lib/python3.11/site-packages/airflow/example_dags/example_nested_branch_dag.py                                27512  0.66s             0           0
/Users/linghuchong/miniconda3/envs/airflow284/lib/python3.11/site-packages/airflow/example_dags/example_dynamic_task_mapping_with_no_taskflow_operators.py                           0           0
/Users/linghuchong/miniconda3/envs/airflow284/lib/python3.11/site-packages/airflow/example_dags/example_dynamic_task_mapping.py                                                      0           0
================================================================================
[2026-02-12T21:27:37.588+0800] {manager.py:451} INFO - Exiting gracefully upon receiving signal 15
[2026-02-12T21:27:43.034+0800] {manager.py:469} INFO - Processing files using up to 2 processes at a time 
[2026-02-12T21:27:43.035+0800] {manager.py:470} INFO - Process each file at most once every 30 seconds
[2026-02-12T21:27:43.035+0800] {manager.py:471} INFO - Checking for new files in /Users/linghuchong/Downloads/51/Python/project/instance/airflow/dags every 300 seconds
[2026-02-12T21:27:43.036+0800] {manager.py:738} INFO - Searching for files in /Users/linghuchong/Downloads/51/Python/project/instance/airflow/dags
[2026-02-12T21:27:43.074+0800] {manager.py:741} INFO - There are 54 files in /Users/linghuchong/Downloads/51/Python/project/instance/airflow/dags
[2026-02-12T21:27:43.223+0800] {manager.py:879} INFO - 
================================================================================
DAG File Processing Stats

File Path                                                                                                                                                     PID  Runtime      # DAGs    # Errors  Last Runtime    Last Run
----------------------------------------------------------------------------------------------------------------------------------------------------------  -----  ---------  --------  ----------  --------------  ----------
/Users/linghuchong/Downloads/51/Python/project/instance/airflow/dags/config.py                                                                                                       0           0
/Users/linghuchong/Downloads/51/Python/project/instance/airflow/dags/test_workflow_dag_bk.py                                                                                         0           0
/Users/linghuchong/Downloads/51/Python/project/instance/airflow/dags/test_workflow_dag.py                                                                                            0           0
/Users/linghuchong/Downloads/51/Python/project/instance/airflow/dags/tag_crm/test_crm.py                                                                                             0           0
/Users/linghuchong/Downloads/51/Python/project/instance/airflow/dags/tag_data_warehouse/dw_order_sync.py                                                                             0           0
/Users/linghuchong/Downloads/51/Python/project/instance/airflow/dags/tag_marketing/mk_campaign.py                                                                                    0           0
/Users/linghuchong/miniconda3/envs/airflow284/lib/python3.11/site-packages/airflow/example_dags/example_latest_only.py                                                               0           0
/Users/linghuchong/miniconda3/envs/airflow284/lib/python3.11/site-packages/airflow/example_dags/example_local_kubernetes_executor.py                                                 0           0
/Users/linghuchong/miniconda3/envs/airflow284/lib/python3.11/site-packages/airflow/example_dags/example_task_group_decorator.py                                                      0           0
/Users/linghuchong/miniconda3/envs/airflow284/lib/python3.11/site-packages/airflow/example_dags/example_complex.py                                                                   0           0
/Users/linghuchong/miniconda3/envs/airflow284/lib/python3.11/site-packages/airflow/example_dags/example_python_operator.py                                                           0           0
/Users/linghuchong/miniconda3/envs/airflow284/lib/python3.11/site-packages/airflow/example_dags/tutorial_taskflow_api_virtualenv.py                                                  0           0
/Users/linghuchong/miniconda3/envs/airflow284/lib/python3.11/site-packages/airflow/example_dags/example_params_trigger_ui.py                                                         0           0
/Users/linghuchong/miniconda3/envs/airflow284/lib/python3.11/site-packages/airflow/example_dags/example_external_task_marker_dag.py                                                  0           0
/Users/linghuchong/miniconda3/envs/airflow284/lib/python3.11/site-packages/airflow/example_dags/tutorial_objectstorage.py                                                            0           0
/Users/linghuchong/miniconda3/envs/airflow284/lib/python3.11/site-packages/airflow/example_dags/example_bash_operator.py                                                             0           0
/Users/linghuchong/miniconda3/envs/airflow284/lib/python3.11/site-packages/airflow/example_dags/example_short_circuit_operator.py                                                    0           0
/Users/linghuchong/miniconda3/envs/airflow284/lib/python3.11/site-packages/airflow/example_dags/example_setup_teardown.py                                                            0           0
/Users/linghuchong/miniconda3/envs/airflow284/lib/python3.11/site-packages/airflow/example_dags/example_branch_operator.py                                                           0           0
/Users/linghuchong/miniconda3/envs/airflow284/lib/python3.11/site-packages/airflow/example_dags/example_branch_labels.py                                                             0           0
/Users/linghuchong/miniconda3/envs/airflow284/lib/python3.11/site-packages/airflow/example_dags/tutorial_taskflow_api.py                                                             0           0
/Users/linghuchong/miniconda3/envs/airflow284/lib/python3.11/site-packages/airflow/example_dags/example_task_group.py                                                                0           0
/Users/linghuchong/miniconda3/envs/airflow284/lib/python3.11/site-packages/airflow/example_dags/tutorial.py                                                                          0           0
/Users/linghuchong/miniconda3/envs/airflow284/lib/python3.11/site-packages/airflow/example_dags/example_python_decorator.py                                                          0           0
/Users/linghuchong/miniconda3/envs/airflow284/lib/python3.11/site-packages/airflow/example_dags/example_sla_dag.py                                                                   0           0
/Users/linghuchong/miniconda3/envs/airflow284/lib/python3.11/site-packages/airflow/example_dags/example_passing_params_via_test_command.py                                           0           0
/Users/linghuchong/miniconda3/envs/airflow284/lib/python3.11/site-packages/airflow/example_dags/example_latest_only_with_trigger.py                                                  0           0
/Users/linghuchong/miniconda3/envs/airflow284/lib/python3.11/site-packages/airflow/example_dags/example_time_delta_sensor_async.py                                                   0           0
/Users/linghuchong/miniconda3/envs/airflow284/lib/python3.11/site-packages/airflow/example_dags/example_dag_decorator.py                                                             0           0
/Users/linghuchong/miniconda3/envs/airflow284/lib/python3.11/site-packages/airflow/example_dags/example_xcom.py                                                                      0           0
/Users/linghuchong/miniconda3/envs/airflow284/lib/python3.11/site-packages/airflow/example_dags/example_xcomargs.py                                                                  0           0
/Users/linghuchong/miniconda3/envs/airflow284/lib/python3.11/site-packages/airflow/example_dags/example_branch_operator_decorator.py                                                 0           0
/Users/linghuchong/miniconda3/envs/airflow284/lib/python3.11/site-packages/airflow/example_dags/example_branch_day_of_week_operator.py                                               0           0
/Users/linghuchong/miniconda3/envs/airflow284/lib/python3.11/site-packages/airflow/example_dags/example_skip_dag.py                                                                  0           0
/Users/linghuchong/miniconda3/envs/airflow284/lib/python3.11/site-packages/airflow/example_dags/example_short_circuit_decorator.py                                                   0           0
/Users/linghuchong/miniconda3/envs/airflow284/lib/python3.11/site-packages/airflow/example_dags/example_datasets.py                                                                  0           0
/Users/linghuchong/miniconda3/envs/airflow284/lib/python3.11/site-packages/airflow/example_dags/tutorial_dag.py                                                                      0           0
/Users/linghuchong/miniconda3/envs/airflow284/lib/python3.11/site-packages/airflow/example_dags/example_trigger_target_dag.py                                                        0           0
/Users/linghuchong/miniconda3/envs/airflow284/lib/python3.11/site-packages/airflow/example_dags/example_sensor_decorator.py                                                          0           0
/Users/linghuchong/miniconda3/envs/airflow284/lib/python3.11/site-packages/airflow/example_dags/example_kubernetes_executor.py                                                       0           0
/Users/linghuchong/miniconda3/envs/airflow284/lib/python3.11/site-packages/airflow/example_dags/example_branch_python_dop_operator_3.py                                              0           0
/Users/linghuchong/miniconda3/envs/airflow284/lib/python3.11/site-packages/airflow/example_dags/example_sensors.py                                                                   0           0
/Users/linghuchong/miniconda3/envs/airflow284/lib/python3.11/site-packages/airflow/example_dags/example_setup_teardown_taskflow.py                                                   0           0
/Users/linghuchong/miniconda3/envs/airflow284/lib/python3.11/site-packages/airflow/example_dags/example_branch_datetime_operator.py                                                  0           0
/Users/linghuchong/miniconda3/envs/airflow284/lib/python3.11/site-packages/airflow/example_dags/example_nested_branch_dag.py                                                         0           0
/Users/linghuchong/miniconda3/envs/airflow284/lib/python3.11/site-packages/airflow/example_dags/example_subdag_operator.py                                                           0           0
/Users/linghuchong/miniconda3/envs/airflow284/lib/python3.11/site-packages/airflow/example_dags/example_dynamic_task_mapping_with_no_taskflow_operators.py                           0           0
/Users/linghuchong/miniconda3/envs/airflow284/lib/python3.11/site-packages/airflow/example_dags/example_trigger_controller_dag.py                                                    0           0
/Users/linghuchong/miniconda3/envs/airflow284/lib/python3.11/site-packages/airflow/example_dags/example_params_ui_tutorial.py                                                        0           0
/Users/linghuchong/miniconda3/envs/airflow284/lib/python3.11/site-packages/airflow/example_dags/example_dynamic_task_mapping.py                                                      0           0
/Users/linghuchong/miniconda3/envs/airflow284/lib/python3.11/site-packages/airflow/example_dags/plugins/workday.py                                          27548  0.02s             0           0
/Users/linghuchong/miniconda3/envs/airflow284/lib/python3.11/site-packages/airflow/example_dags/plugins/event_listener.py                                                            0           0
/Users/linghuchong/miniconda3/envs/airflow284/lib/python3.11/site-packages/airflow/example_dags/plugins/listener_plugin.py                                                           0           0
/Users/linghuchong/miniconda3/envs/airflow284/lib/python3.11/site-packages/airflow/example_dags/subdags/subdag.py                                           27547  0.03s             0           0
================================================================================
[2026-02-12T21:28:13.423+0800] {manager.py:879} INFO - 
================================================================================
DAG File Processing Stats

File Path                                                                                                                                                     PID  Runtime      # DAGs    # Errors  Last Runtime    Last Run
----------------------------------------------------------------------------------------------------------------------------------------------------------  -----  ---------  --------  ----------  --------------  -------------------
/Users/linghuchong/miniconda3/envs/airflow284/lib/python3.11/site-packages/airflow/example_dags/tutorial_taskflow_api_virtualenv.py                                                  1           0  2.03s           2026-02-12T13:27:48
/Users/linghuchong/miniconda3/envs/airflow284/lib/python3.11/site-packages/airflow/example_dags/example_python_operator.py                                                           1           0  1.99s           2026-02-12T13:28:07
/Users/linghuchong/miniconda3/envs/airflow284/lib/python3.11/site-packages/airflow/example_dags/example_nested_branch_dag.py                                                         1           0  1.98s           2026-02-12T13:28:12
/Users/linghuchong/miniconda3/envs/airflow284/lib/python3.11/site-packages/airflow/example_dags/example_sla_dag.py                                                                   1           0  1.96s           2026-02-12T13:27:59
/Users/linghuchong/miniconda3/envs/airflow284/lib/python3.11/site-packages/airflow/example_dags/example_subdag_operator.py                                                           3           0  1.96s           2026-02-12T13:27:59
/Users/linghuchong/miniconda3/envs/airflow284/lib/python3.11/site-packages/airflow/example_dags/example_python_decorator.py                                                          1           0  1.92s           2026-02-12T13:28:08
/Users/linghuchong/miniconda3/envs/airflow284/lib/python3.11/site-packages/airflow/example_dags/tutorial_taskflow_api.py                                                             1           0  1.89s           2026-02-12T13:27:48
/Users/linghuchong/miniconda3/envs/airflow284/lib/python3.11/site-packages/airflow/example_dags/tutorial_objectstorage.py                                                            1           0  1.89s           2026-02-12T13:27:50
/Users/linghuchong/miniconda3/envs/airflow284/lib/python3.11/site-packages/airflow/example_dags/example_local_kubernetes_executor.py                                                 0           0  1.88s           2026-02-12T13:28:12
/Users/linghuchong/miniconda3/envs/airflow284/lib/python3.11/site-packages/airflow/example_dags/example_xcomargs.py                                                                  2           0  1.85s           2026-02-12T13:27:52
/Users/linghuchong/miniconda3/envs/airflow284/lib/python3.11/site-packages/airflow/example_dags/example_task_group_decorator.py                                                      1           0  1.84s           2026-02-12T13:27:57
/Users/linghuchong/miniconda3/envs/airflow284/lib/python3.11/site-packages/airflow/example_dags/example_sensor_decorator.py                                                          1           0  1.84s           2026-02-12T13:28:06
/Users/linghuchong/miniconda3/envs/airflow284/lib/python3.11/site-packages/airflow/example_dags/tutorial.py                                                                          1           0  1.83s           2026-02-12T13:27:52
/Users/linghuchong/miniconda3/envs/airflow284/lib/python3.11/site-packages/airflow/example_dags/example_short_circuit_operator.py                                                    1           0  1.82s           2026-02-12T13:28:01
/Users/linghuchong/miniconda3/envs/airflow284/lib/python3.11/site-packages/airflow/example_dags/example_skip_dag.py                                                                  1           0  1.81s           2026-02-12T13:28:01
/Users/linghuchong/miniconda3/envs/airflow284/lib/python3.11/site-packages/airflow/example_dags/example_task_group.py                                                                1           0  1.80s           2026-02-12T13:27:57
/Users/linghuchong/miniconda3/envs/airflow284/lib/python3.11/site-packages/airflow/example_dags/tutorial_dag.py                                                                      1           0  1.79s           2026-02-12T13:27:50
/Users/linghuchong/miniconda3/envs/airflow284/lib/python3.11/site-packages/airflow/example_dags/example_short_circuit_decorator.py                                                   1           0  1.78s           2026-02-12T13:28:03
/Users/linghuchong/miniconda3/envs/airflow284/lib/python3.11/site-packages/airflow/example_dags/example_setup_teardown_taskflow.py                                                   1           0  1.76s           2026-02-12T13:28:03
/Users/linghuchong/miniconda3/envs/airflow284/lib/python3.11/site-packages/airflow/example_dags/example_xcom.py                                                                      1           0  1.76s           2026-02-12T13:27:54
/Users/linghuchong/miniconda3/envs/airflow284/lib/python3.11/site-packages/airflow/example_dags/example_trigger_target_dag.py                                                        1           0  1.75s           2026-02-12T13:27:54
/Users/linghuchong/miniconda3/envs/airflow284/lib/python3.11/site-packages/airflow/example_dags/example_passing_params_via_test_command.py                                           1           0  1.75s           2026-02-12T13:28:08
/Users/linghuchong/miniconda3/envs/airflow284/lib/python3.11/site-packages/airflow/example_dags/example_trigger_controller_dag.py                                                    1           0  1.75s           2026-02-12T13:27:55
/Users/linghuchong/miniconda3/envs/airflow284/lib/python3.11/site-packages/airflow/example_dags/example_sensors.py                                                                   1           0  1.74s           2026-02-12T13:28:05
/Users/linghuchong/miniconda3/envs/airflow284/lib/python3.11/site-packages/airflow/example_dags/example_time_delta_sensor_async.py                                                   1           0  1.74s           2026-02-12T13:27:55
/Users/linghuchong/miniconda3/envs/airflow284/lib/python3.11/site-packages/airflow/example_dags/example_setup_teardown.py                                                            1           0  1.73s           2026-02-12T13:28:04
/Users/linghuchong/miniconda3/envs/airflow284/lib/python3.11/site-packages/airflow/example_dags/example_params_ui_tutorial.py                                                        1           0  1.70s           2026-02-12T13:28:10
/Users/linghuchong/miniconda3/envs/airflow284/lib/python3.11/site-packages/airflow/example_dags/subdags/subdag.py                                                                    0           0  1.69s           2026-02-12T13:27:44
/Users/linghuchong/miniconda3/envs/airflow284/lib/python3.11/site-packages/airflow/example_dags/example_params_trigger_ui.py                                                         1           0  1.68s           2026-02-12T13:28:10
/Users/linghuchong/miniconda3/envs/airflow284/lib/python3.11/site-packages/airflow/example_dags/plugins/workday.py                                                                   0           0  1.67s           2026-02-12T13:27:44
/Users/linghuchong/miniconda3/envs/airflow284/lib/python3.11/site-packages/airflow/example_dags/plugins/event_listener.py                                                            0           0  1.63s           2026-02-12T13:27:46
/Users/linghuchong/miniconda3/envs/airflow284/lib/python3.11/site-packages/airflow/example_dags/plugins/listener_plugin.py                                                           0           0  1.60s           2026-02-12T13:27:46
/Users/linghuchong/Downloads/51/Python/project/instance/airflow/dags/config.py                                                                                                       0           0
/Users/linghuchong/Downloads/51/Python/project/instance/airflow/dags/test_workflow_dag_bk.py                                                                                         0           0
/Users/linghuchong/Downloads/51/Python/project/instance/airflow/dags/test_workflow_dag.py                                                                                            0           0
/Users/linghuchong/Downloads/51/Python/project/instance/airflow/dags/tag_crm/test_crm.py                                                                                             0           0
/Users/linghuchong/Downloads/51/Python/project/instance/airflow/dags/tag_data_warehouse/dw_order_sync.py                                                                             0           0
/Users/linghuchong/Downloads/51/Python/project/instance/airflow/dags/tag_marketing/mk_campaign.py                                                                                    0           0
/Users/linghuchong/miniconda3/envs/airflow284/lib/python3.11/site-packages/airflow/example_dags/example_latest_only.py                                      27600  0.93s             0           0
/Users/linghuchong/miniconda3/envs/airflow284/lib/python3.11/site-packages/airflow/example_dags/example_complex.py                                                                   0           0
/Users/linghuchong/miniconda3/envs/airflow284/lib/python3.11/site-packages/airflow/example_dags/example_external_task_marker_dag.py                                                  0           0
/Users/linghuchong/miniconda3/envs/airflow284/lib/python3.11/site-packages/airflow/example_dags/example_bash_operator.py                                                             0           0
/Users/linghuchong/miniconda3/envs/airflow284/lib/python3.11/site-packages/airflow/example_dags/example_branch_operator.py                                                           0           0
/Users/linghuchong/miniconda3/envs/airflow284/lib/python3.11/site-packages/airflow/example_dags/example_branch_labels.py                                                             0           0
/Users/linghuchong/miniconda3/envs/airflow284/lib/python3.11/site-packages/airflow/example_dags/example_latest_only_with_trigger.py                         27599  1.02s             0           0
/Users/linghuchong/miniconda3/envs/airflow284/lib/python3.11/site-packages/airflow/example_dags/example_dag_decorator.py                                                             0           0
/Users/linghuchong/miniconda3/envs/airflow284/lib/python3.11/site-packages/airflow/example_dags/example_branch_operator_decorator.py                                                 0           0
/Users/linghuchong/miniconda3/envs/airflow284/lib/python3.11/site-packages/airflow/example_dags/example_branch_day_of_week_operator.py                                               0           0
/Users/linghuchong/miniconda3/envs/airflow284/lib/python3.11/site-packages/airflow/example_dags/example_datasets.py                                                                  0           0
/Users/linghuchong/miniconda3/envs/airflow284/lib/python3.11/site-packages/airflow/example_dags/example_kubernetes_executor.py                                                       0           0
/Users/linghuchong/miniconda3/envs/airflow284/lib/python3.11/site-packages/airflow/example_dags/example_branch_python_dop_operator_3.py                                              0           0
/Users/linghuchong/miniconda3/envs/airflow284/lib/python3.11/site-packages/airflow/example_dags/example_branch_datetime_operator.py                                                  0           0
/Users/linghuchong/miniconda3/envs/airflow284/lib/python3.11/site-packages/airflow/example_dags/example_dynamic_task_mapping_with_no_taskflow_operators.py                           0           0
/Users/linghuchong/miniconda3/envs/airflow284/lib/python3.11/site-packages/airflow/example_dags/example_dynamic_task_mapping.py                                                      0           0
================================================================================
[2026-02-12T21:28:33.360+0800] {manager.py:451} INFO - Exiting gracefully upon receiving signal 15
[2026-02-13T00:20:07.057+0800] {manager.py:483} INFO - Processing files using up to 1 processes at a time 
[2026-02-13T00:20:07.058+0800] {manager.py:484} INFO - Process each file at most once every 30 seconds
[2026-02-13T00:20:07.058+0800] {manager.py:485} INFO - Checking for new files in /Users/linghuchong/Downloads/51/Python/project/instance/airflow284/dags every 300 seconds
[2026-02-13T00:20:07.059+0800] {manager.py:821} INFO - Searching for files in /Users/linghuchong/Downloads/51/Python/project/instance/airflow284/dags
[2026-02-13T00:20:07.062+0800] {manager.py:824} INFO - There are 1 files in /Users/linghuchong/Downloads/51/Python/project/instance/airflow284/dags
[2026-02-13T00:20:10.097+0800] {manager.py:997} INFO - 
================================================================================
DAG File Processing Stats

File Path                                                                                                    PID    Runtime      # DAGs    # Errors  Last Runtime    Last Run               Last # of DB Queries
-----------------------------------------------------------------------------------------------------------  -----  ---------  --------  ----------  --------------  -------------------  ----------------------
/Users/linghuchong/Downloads/51/Python/project/instance/airflow284/dags/tag_data_warehouse/dw_order_sync.py                           1           0  2.81s           2026-02-12T16:20:10                      35
================================================================================
[2026-02-13T00:20:52.642+0800] {manager.py:997} INFO - 
================================================================================
DAG File Processing Stats

File Path                                                                                                    PID    Runtime      # DAGs    # Errors  Last Runtime    Last Run               Last # of DB Queries
-----------------------------------------------------------------------------------------------------------  -----  ---------  --------  ----------  --------------  -------------------  ----------------------
/Users/linghuchong/Downloads/51/Python/project/instance/airflow284/dags/tag_data_warehouse/dw_order_sync.py                           1           0  2.67s           2026-02-12T16:20:52                      13
================================================================================
[2026-02-13T00:21:22.637+0800] {manager.py:997} INFO - 
================================================================================
DAG File Processing Stats

File Path                                                                                                    PID    Runtime      # DAGs    # Errors  Last Runtime    Last Run               Last # of DB Queries
-----------------------------------------------------------------------------------------------------------  -----  ---------  --------  ----------  --------------  -------------------  ----------------------
/Users/linghuchong/Downloads/51/Python/project/instance/airflow284/dags/tag_data_warehouse/dw_order_sync.py                           1           0  2.67s           2026-02-12T16:20:52                      13
================================================================================
[2026-02-13T00:21:53.365+0800] {manager.py:997} INFO - 
================================================================================
DAG File Processing Stats

File Path                                                                                                    PID    Runtime      # DAGs    # Errors  Last Runtime    Last Run               Last # of DB Queries
-----------------------------------------------------------------------------------------------------------  -----  ---------  --------  ----------  --------------  -------------------  ----------------------
/Users/linghuchong/Downloads/51/Python/project/instance/airflow284/dags/tag_data_warehouse/dw_order_sync.py                           1           0  3.28s           2026-02-12T16:21:26                      13
================================================================================
[2026-02-13T00:22:04.580+0800] {manager.py:465} INFO - Exiting gracefully upon receiving signal 15
[2026-02-13T00:35:51.311+0800] {manager.py:483} INFO - Processing files using up to 1 processes at a time 
[2026-02-13T00:35:51.311+0800] {manager.py:484} INFO - Process each file at most once every 30 seconds
[2026-02-13T00:35:51.311+0800] {manager.py:485} INFO - Checking for new files in /Users/linghuchong/Downloads/51/Python/project/instance/airflow284/dags every 300 seconds
[2026-02-13T00:35:51.312+0800] {manager.py:821} INFO - Searching for files in /Users/linghuchong/Downloads/51/Python/project/instance/airflow284/dags
[2026-02-13T00:35:51.315+0800] {manager.py:824} INFO - There are 1 files in /Users/linghuchong/Downloads/51/Python/project/instance/airflow284/dags
[2026-02-13T00:35:53.817+0800] {manager.py:997} INFO - 
================================================================================
DAG File Processing Stats

File Path                                                                                                    PID    Runtime      # DAGs    # Errors  Last Runtime    Last Run               Last # of DB Queries
-----------------------------------------------------------------------------------------------------------  -----  ---------  --------  ----------  --------------  -------------------  ----------------------
/Users/linghuchong/Downloads/51/Python/project/instance/airflow284/dags/tag_data_warehouse/dw_order_sync.py                           1           0  2.37s           2026-02-12T16:35:53                      13
================================================================================
