[2026-02-28T12:19:22.714+0800] {local_task_job_runner.py:123} INFO - ::group::Pre task execution logs
[2026-02-28T12:19:22.734+0800] {taskinstance.py:2631} INFO - Dependencies all met for dep_context=non-requeueable deps ti=<TaskInstance: cdrd_新增用户.新增用户 manual__2026-02-28T04:19:04.241865+00:00 [queued]>
[2026-02-28T12:19:22.743+0800] {taskinstance.py:2631} INFO - Dependencies all met for dep_context=requeueable deps ti=<TaskInstance: cdrd_新增用户.新增用户 manual__2026-02-28T04:19:04.241865+00:00 [queued]>
[2026-02-28T12:19:22.744+0800] {taskinstance.py:2884} INFO - Starting attempt 1 of 1
[2026-02-28T12:19:22.760+0800] {taskinstance.py:2907} INFO - Executing <Task(PythonOperator): 新增用户> on 2026-02-28 04:19:04.241865+00:00
[2026-02-28T12:19:22.764+0800] {standard_task_runner.py:72} INFO - Started process 10544 to run task
[2026-02-28T12:19:22.772+0800] {standard_task_runner.py:104} INFO - Running: ['airflow', 'tasks', 'run', 'cdrd_新增用户', '新增用户', 'manual__2026-02-28T04:19:04.241865+00:00', '--job-id', '624', '--raw', '--subdir', 'DAGS_FOLDER/tag_CDRD/系统管理/用户管理/dag_新增用户.py', '--cfg-path', '/var/folders/f7/4z7jtb213fs0mtgbw_0vs2600000gn/T/tmpyjy6ilym']
[2026-02-28T12:19:22.777+0800] {standard_task_runner.py:105} INFO - Job 624: Subtask 新增用户
[2026-02-28T12:19:22.833+0800] {task_command.py:467} INFO - Running <TaskInstance: cdrd_新增用户.新增用户 manual__2026-02-28T04:19:04.241865+00:00 [running]> on host localhost-2.local
[2026-02-28T12:19:22.917+0800] {taskinstance.py:3157} INFO - Exporting env vars: AIRFLOW_CTX_DAG_OWNER='airflow' AIRFLOW_CTX_DAG_ID='cdrd_新增用户' AIRFLOW_CTX_TASK_ID='新增用户' AIRFLOW_CTX_EXECUTION_DATE='2026-02-28T04:19:04.241865+00:00' AIRFLOW_CTX_TRY_NUMBER='1' AIRFLOW_CTX_DAG_RUN_ID='manual__2026-02-28T04:19:04.241865+00:00'
[2026-02-28T12:19:22.918+0800] {taskinstance.py:740} INFO - ::endgroup::
[2026-02-28T12:19:22.943+0800] {logging_mixin.py:190} INFO - ==================================================
[2026-02-28T12:19:22.943+0800] {logging_mixin.py:190} INFO - 【消费者1】开始执行系统管理-用户管理测试用例...
[2026-02-28T12:19:22.944+0800] {logging_mixin.py:190} INFO - ==================================================
[2026-02-28T12:19:22.949+0800] {logging_mixin.py:190} INFO - 从XCom获取到的测试用例数据: 3 条
[2026-02-28T12:19:22.949+0800] {logging_mixin.py:190} INFO - 执行路径: 系统管理/用户管理/新增用户.py
[2026-02-28T12:19:22.950+0800] {logging_mixin.py:190} INFO - 开始执行测试用例: 系统管理/用户管理/新增用户.py
[2026-02-28T12:19:22.950+0800] {logging_mixin.py:190} INFO - 准备执行Playwright脚本: /Users/linghuchong/Downloads/51/Python/project/instance/zyjk/CDRD/web/系统管理/用户管理/新增用户.py
[2026-02-28T12:19:23.162+0800] {logging_mixin.py:190} INFO - Web目录: /Users/linghuchong/Downloads/51/Python/project/instance/zyjk/CDRD/web
[2026-02-28T12:19:23.163+0800] {logging_mixin.py:190} INFO - Current directory: /Users/linghuchong/Downloads/51/Python/project/instance/zyjk/CDRD/web/系统管理/用户管理
[2026-02-28T12:19:23.163+0800] {logging_mixin.py:190} INFO - Calculated project root: /Users/linghuchong/Downloads/51/Python/project
[2026-02-28T12:19:23.164+0800] {logging_mixin.py:190} INFO - PO module path: /Users/linghuchong/Downloads/51/Python/project/PO
[2026-02-28T12:19:23.329+0800] {logging_mixin.py:190} INFO - 随机生成测试数据: [['满利', '18689306449', 'qiuchao@example.net', '604235', '821687']]
[2026-02-28T12:19:23.330+0800] {logging_mixin.py:190} INFO - ✅ 找到run_playwright函数，开始执行...
[2026-02-28T12:19:25.275+0800] {logging_mixin.py:190} INFO - off
[2026-02-28T12:19:25.627+0800] {logging_mixin.py:190} INFO - ❌ 执行失败: local variable 'context' referenced before assignment
[2026-02-28T12:19:25.628+0800] {logging_mixin.py:190} WARNING - Traceback (most recent call last):
[2026-02-28T12:19:25.629+0800] {logging_mixin.py:190} WARNING -   File "/Users/linghuchong/Downloads/51/Python/project/instance/airflow284/dags/tag_CDRD/系统管理/用户管理/dag_新增用户.py", line 95, in execute_playwright_script
    result = module.run_playwright()
[2026-02-28T12:19:25.630+0800] {logging_mixin.py:190} WARNING -   File "/Users/linghuchong/Downloads/51/Python/project/instance/zyjk/CDRD/web/系统管理/用户管理/新增用户.py", line 87, in run_playwright
    page = context.new_page()
[2026-02-28T12:19:25.630+0800] {logging_mixin.py:190} WARNING - UnboundLocalError: local variable 'context' referenced before assignment
[2026-02-28T12:19:25.631+0800] {logging_mixin.py:190} INFO - Playwright执行结果: None
[2026-02-28T12:19:25.631+0800] {logging_mixin.py:190} INFO - ❌ Playwright执行失败，测试用例失败
[2026-02-28T12:19:25.632+0800] {logging_mixin.py:190} INFO - 跳过不匹配的测试脚本: 模块=系统管理, 子模块=角色管理, 脚本=新增角色.py
[2026-02-28T12:19:25.632+0800] {logging_mixin.py:190} INFO - 跳过不匹配的测试脚本: 模块=系统管理, 子模块=并发管理, 脚本={['系统管理','角色管理']:并发.py}
[2026-02-28T12:19:25.633+0800] {python.py:240} INFO - Done. Returned value was: None
[2026-02-28T12:19:25.645+0800] {taskinstance.py:349} INFO - ::group::Post task execution logs
[2026-02-28T12:19:25.646+0800] {taskinstance.py:361} INFO - Marking task as SUCCESS. dag_id=cdrd_新增用户, task_id=新增用户, run_id=manual__2026-02-28T04:19:04.241865+00:00, execution_date=20260228T041904, start_date=20260228T041922, end_date=20260228T041925
[2026-02-28T12:19:25.715+0800] {local_task_job_runner.py:266} INFO - Task exited with return code 0
[2026-02-28T12:19:25.749+0800] {taskinstance.py:3924} INFO - 1 downstream tasks scheduled from follow-on schedule check
[2026-02-28T12:19:25.750+0800] {local_task_job_runner.py:245} INFO - ::endgroup::
