[2026-02-25T11:10:52.016+0800] {local_task_job_runner.py:123} INFO - ::group::Pre task execution logs
[2026-02-25T11:10:52.030+0800] {taskinstance.py:2631} INFO - Dependencies all met for dep_context=non-requeueable deps ti=<TaskInstance: c_cdrd_DAG1.c_cdrd_TASK1 dataset_triggered__2026-02-25T03:10:44.800451+00:00 [queued]>
[2026-02-25T11:10:52.036+0800] {taskinstance.py:2631} INFO - Dependencies all met for dep_context=requeueable deps ti=<TaskInstance: c_cdrd_DAG1.c_cdrd_TASK1 dataset_triggered__2026-02-25T03:10:44.800451+00:00 [queued]>
[2026-02-25T11:10:52.036+0800] {taskinstance.py:2884} INFO - Starting attempt 1 of 1
[2026-02-25T11:10:52.049+0800] {taskinstance.py:2907} INFO - Executing <Task(PythonOperator): c_cdrd_TASK1> on 2026-02-25 03:10:44.800451+00:00
[2026-02-25T11:10:52.053+0800] {standard_task_runner.py:72} INFO - Started process 6284 to run task
[2026-02-25T11:10:52.060+0800] {standard_task_runner.py:104} INFO - Running: ['airflow', 'tasks', 'run', 'c_cdrd_DAG1', 'c_cdrd_TASK1', 'dataset_triggered__2026-02-25T03:10:44.800451+00:00', '--job-id', '351', '--raw', '--subdir', 'DAGS_FOLDER/tag_CDRD/cdrd_1p1n2t.py', '--cfg-path', '/var/folders/f7/4z7jtb213fs0mtgbw_0vs2600000gn/T/tmp8oi3toam']
[2026-02-25T11:10:52.064+0800] {standard_task_runner.py:105} INFO - Job 351: Subtask c_cdrd_TASK1
[2026-02-25T11:10:52.117+0800] {task_command.py:467} INFO - Running <TaskInstance: c_cdrd_DAG1.c_cdrd_TASK1 dataset_triggered__2026-02-25T03:10:44.800451+00:00 [running]> on host localhost-2.local
[2026-02-25T11:10:52.444+0800] {taskinstance.py:3157} INFO - Exporting env vars: AIRFLOW_CTX_DAG_OWNER='airflow' AIRFLOW_CTX_DAG_ID='c_cdrd_DAG1' AIRFLOW_CTX_TASK_ID='c_cdrd_TASK1' AIRFLOW_CTX_EXECUTION_DATE='2026-02-25T03:10:44.800451+00:00' AIRFLOW_CTX_TRY_NUMBER='1' AIRFLOW_CTX_DAG_RUN_ID='dataset_triggered__2026-02-25T03:10:44.800451+00:00'
[2026-02-25T11:10:52.450+0800] {taskinstance.py:740} INFO - ::endgroup::
[2026-02-25T11:10:52.484+0800] {logging_mixin.py:190} INFO - ✅ 成功从消费者 p_cdrd_all.p_cdrd_TASK 获取 XCom 值: [[6, '用户模块', None, 'f"select count(*) from user where job_num=\'{result[\'job_num\']}\'"', '新增用户.py'], [7, '系统模块', None, '{1:"select count(*) from user where nick_name=\'张三\' and user_name=\'zhangsan\'"，"validation"：{"name":"张三",\'age\':\'20\',\'sex\':"1"}}', '编辑角色.py']]
[2026-02-25T11:10:52.855+0800] {logging_mixin.py:190} INFO - 生成默认测试数据: [['耿佳', '14510958160', 'eyang@example.org', '612528', '780743']]
[2026-02-25T11:11:01.772+0800] {logging_mixin.py:190} INFO - Playwright 执行结果: {'nick_name': '耿佳', 'phonenumber': '14510958160', 'email': 'eyang@example.org', 'user_name': '612528', 'job_num': '780743'}
[2026-02-25T11:11:01.773+0800] {logging_mixin.py:190} INFO - 最终返回结果: {'nick_name': '耿佳', 'phonenumber': '14510958160', 'email': 'eyang@example.org', 'user_name': '612528', 'job_num': '780743'}
[2026-02-25T11:11:01.774+0800] {logging_mixin.py:190} INFO - 780743
[2026-02-25T11:11:01.774+0800] {logging_mixin.py:190} INFO - f"select count(*) from user where job_num='{result['job_num']}'"
[2026-02-25T11:11:01.775+0800] {python.py:240} INFO - Done. Returned value was: None
[2026-02-25T11:11:01.808+0800] {taskinstance.py:349} INFO - ::group::Post task execution logs
[2026-02-25T11:11:01.809+0800] {taskinstance.py:361} INFO - Marking task as SUCCESS. dag_id=c_cdrd_DAG1, task_id=c_cdrd_TASK1, run_id=dataset_triggered__2026-02-25T03:10:44.800451+00:00, execution_date=20260225T031044, start_date=20260225T031052, end_date=20260225T031101
[2026-02-25T11:11:01.852+0800] {local_task_job_runner.py:266} INFO - Task exited with return code 0
[2026-02-25T11:11:01.901+0800] {taskinstance.py:3924} INFO - 0 downstream tasks scheduled from follow-on schedule check
[2026-02-25T11:11:01.903+0800] {local_task_job_runner.py:245} INFO - ::endgroup::
