[2026-03-05T17:29:36.801+0800] {processor.py:186} INFO - Started process (PID=15968) to work on /Users/linghuchong/Downloads/51/Python/project/instance/airflow284/dags/tag_CDRD/系统管理/用户管理/dag_用户管理_并发.py
[2026-03-05T17:29:36.802+0800] {processor.py:914} INFO - Processing file /Users/linghuchong/Downloads/51/Python/project/instance/airflow284/dags/tag_CDRD/系统管理/用户管理/dag_用户管理_并发.py for tasks to queue
[2026-03-05T17:29:36.803+0800] {logging_mixin.py:190} INFO - [2026-03-05T17:29:36.802+0800] {dagbag.py:588} INFO - Filling up the DagBag from /Users/linghuchong/Downloads/51/Python/project/instance/airflow284/dags/tag_CDRD/系统管理/用户管理/dag_用户管理_并发.py
[2026-03-05T17:29:36.822+0800] {logging_mixin.py:190} INFO - Current directory: /Users/linghuchong/Downloads/51/Python/project/instance/airflow284/dags/tag_CDRD/系统管理/用户管理
[2026-03-05T17:29:36.822+0800] {logging_mixin.py:190} INFO - Calculated project root: /Users/linghuchong/Downloads/51/Python/project
[2026-03-05T17:29:36.823+0800] {logging_mixin.py:190} INFO - Added /Users/linghuchong/Downloads/51/Python/project to sys.path
[2026-03-05T17:29:36.823+0800] {logging_mixin.py:190} INFO - PO module path: /Users/linghuchong/Downloads/51/Python/project/PO
[2026-03-05T17:29:37.439+0800] {logging_mixin.py:190} INFO - 项目配置路径 /Users/linghuchong/Downloads/51/Python/project/instance/zyjk/CDRD/web
[2026-03-05T17:29:37.439+0800] {logging_mixin.py:190} INFO - Added web project root to sys.path: /Users/linghuchong/Downloads/51/Python/project/instance/zyjk/CDRD/web
[2026-03-05T17:29:37.669+0800] {logging_mixin.py:190} INFO - Config file path: /Users/linghuchong/Downloads/51/Python/project/instance/zyjk/CDRD/web/config/config.ini
[2026-03-05T17:29:37.671+0800] {logging_mixin.py:190} INFO - ✓ 成功导入配置解析器
[2026-03-05T17:29:37.703+0800] {processor.py:925} INFO - DAG(s) 'cdrd_用户管理_并发' retrieved from /Users/linghuchong/Downloads/51/Python/project/instance/airflow284/dags/tag_CDRD/系统管理/用户管理/dag_用户管理_并发.py
[2026-03-05T17:29:38.030+0800] {logging_mixin.py:190} INFO - [2026-03-05T17:29:38.029+0800] {dag.py:3239} INFO - Sync 1 DAGs
[2026-03-05T17:29:38.042+0800] {logging_mixin.py:190} INFO - [2026-03-05T17:29:38.042+0800] {dag.py:4180} INFO - Setting next_dagrun for cdrd_用户管理_并发 to None, run_after=None
[2026-03-05T17:29:38.062+0800] {processor.py:208} INFO - Processing /Users/linghuchong/Downloads/51/Python/project/instance/airflow284/dags/tag_CDRD/系统管理/用户管理/dag_用户管理_并发.py took 1264.187 seconds
[2026-03-05T17:31:37.861+0800] {processor.py:186} INFO - Started process (PID=16045) to work on /Users/linghuchong/Downloads/51/Python/project/instance/airflow284/dags/tag_CDRD/系统管理/用户管理/dag_用户管理_并发.py
[2026-03-05T17:31:37.861+0800] {processor.py:914} INFO - Processing file /Users/linghuchong/Downloads/51/Python/project/instance/airflow284/dags/tag_CDRD/系统管理/用户管理/dag_用户管理_并发.py for tasks to queue
[2026-03-05T17:31:37.862+0800] {logging_mixin.py:190} INFO - [2026-03-05T17:31:37.862+0800] {dagbag.py:588} INFO - Filling up the DagBag from /Users/linghuchong/Downloads/51/Python/project/instance/airflow284/dags/tag_CDRD/系统管理/用户管理/dag_用户管理_并发.py
[2026-03-05T17:31:37.881+0800] {logging_mixin.py:190} INFO - Current directory: /Users/linghuchong/Downloads/51/Python/project/instance/airflow284/dags/tag_CDRD/系统管理/用户管理
[2026-03-05T17:31:37.881+0800] {logging_mixin.py:190} INFO - Calculated project root: /Users/linghuchong/Downloads/51/Python/project
[2026-03-05T17:31:37.881+0800] {logging_mixin.py:190} INFO - Added /Users/linghuchong/Downloads/51/Python/project to sys.path
[2026-03-05T17:31:37.882+0800] {logging_mixin.py:190} INFO - PO module path: /Users/linghuchong/Downloads/51/Python/project/PO
[2026-03-05T17:31:38.492+0800] {logging_mixin.py:190} INFO - 项目配置路径 /Users/linghuchong/Downloads/51/Python/project/instance/zyjk/CDRD/web
[2026-03-05T17:31:38.493+0800] {logging_mixin.py:190} INFO - Added web project root to sys.path: /Users/linghuchong/Downloads/51/Python/project/instance/zyjk/CDRD/web
[2026-03-05T17:31:38.721+0800] {logging_mixin.py:190} INFO - Config file path: /Users/linghuchong/Downloads/51/Python/project/instance/zyjk/CDRD/web/config/config.ini
[2026-03-05T17:31:38.723+0800] {logging_mixin.py:190} INFO - ✓ 成功导入配置解析器
[2026-03-05T17:31:38.754+0800] {processor.py:925} INFO - DAG(s) 'cdrd_用户管理_并发' retrieved from /Users/linghuchong/Downloads/51/Python/project/instance/airflow284/dags/tag_CDRD/系统管理/用户管理/dag_用户管理_并发.py
[2026-03-05T17:31:38.951+0800] {logging_mixin.py:190} INFO - [2026-03-05T17:31:38.951+0800] {dag.py:3239} INFO - Sync 1 DAGs
[2026-03-05T17:31:38.963+0800] {logging_mixin.py:190} INFO - [2026-03-05T17:31:38.962+0800] {dag.py:4180} INFO - Setting next_dagrun for cdrd_用户管理_并发 to None, run_after=None
[2026-03-05T17:31:38.982+0800] {processor.py:208} INFO - Processing /Users/linghuchong/Downloads/51/Python/project/instance/airflow284/dags/tag_CDRD/系统管理/用户管理/dag_用户管理_并发.py took 1124.728 seconds
[2026-03-05T17:33:08.095+0800] {processor.py:186} INFO - Started process (PID=16130) to work on /Users/linghuchong/Downloads/51/Python/project/instance/airflow284/dags/tag_CDRD/系统管理/用户管理/dag_用户管理_并发.py
[2026-03-05T17:33:08.096+0800] {processor.py:914} INFO - Processing file /Users/linghuchong/Downloads/51/Python/project/instance/airflow284/dags/tag_CDRD/系统管理/用户管理/dag_用户管理_并发.py for tasks to queue
[2026-03-05T17:33:08.097+0800] {logging_mixin.py:190} INFO - [2026-03-05T17:33:08.096+0800] {dagbag.py:588} INFO - Filling up the DagBag from /Users/linghuchong/Downloads/51/Python/project/instance/airflow284/dags/tag_CDRD/系统管理/用户管理/dag_用户管理_并发.py
[2026-03-05T17:33:08.115+0800] {logging_mixin.py:190} INFO - Current directory: /Users/linghuchong/Downloads/51/Python/project/instance/airflow284/dags/tag_CDRD/系统管理/用户管理
[2026-03-05T17:33:08.116+0800] {logging_mixin.py:190} INFO - Calculated project root: /Users/linghuchong/Downloads/51/Python/project
[2026-03-05T17:33:08.116+0800] {logging_mixin.py:190} INFO - Added /Users/linghuchong/Downloads/51/Python/project to sys.path
[2026-03-05T17:33:08.116+0800] {logging_mixin.py:190} INFO - PO module path: /Users/linghuchong/Downloads/51/Python/project/PO
[2026-03-05T17:33:08.724+0800] {logging_mixin.py:190} INFO - 项目配置路径 /Users/linghuchong/Downloads/51/Python/project/instance/zyjk/CDRD/web
[2026-03-05T17:33:08.725+0800] {logging_mixin.py:190} INFO - Added web project root to sys.path: /Users/linghuchong/Downloads/51/Python/project/instance/zyjk/CDRD/web
[2026-03-05T17:33:08.951+0800] {logging_mixin.py:190} INFO - Config file path: /Users/linghuchong/Downloads/51/Python/project/instance/zyjk/CDRD/web/config/config.ini
[2026-03-05T17:33:08.952+0800] {logging_mixin.py:190} INFO - ✓ 成功导入配置解析器
[2026-03-05T17:33:08.983+0800] {processor.py:925} INFO - DAG(s) 'cdrd_用户管理_并发' retrieved from /Users/linghuchong/Downloads/51/Python/project/instance/airflow284/dags/tag_CDRD/系统管理/用户管理/dag_用户管理_并发.py
[2026-03-05T17:33:09.192+0800] {logging_mixin.py:190} INFO - [2026-03-05T17:33:09.192+0800] {dag.py:3239} INFO - Sync 1 DAGs
[2026-03-05T17:33:09.204+0800] {logging_mixin.py:190} INFO - [2026-03-05T17:33:09.204+0800] {dag.py:4180} INFO - Setting next_dagrun for cdrd_用户管理_并发 to None, run_after=None
[2026-03-05T17:33:09.224+0800] {processor.py:208} INFO - Processing /Users/linghuchong/Downloads/51/Python/project/instance/airflow284/dags/tag_CDRD/系统管理/用户管理/dag_用户管理_并发.py took 1131.617 seconds
[2026-03-05T17:34:38.175+0800] {processor.py:186} INFO - Started process (PID=16163) to work on /Users/linghuchong/Downloads/51/Python/project/instance/airflow284/dags/tag_CDRD/系统管理/用户管理/dag_用户管理_并发.py
[2026-03-05T17:34:38.176+0800] {processor.py:914} INFO - Processing file /Users/linghuchong/Downloads/51/Python/project/instance/airflow284/dags/tag_CDRD/系统管理/用户管理/dag_用户管理_并发.py for tasks to queue
[2026-03-05T17:34:38.177+0800] {logging_mixin.py:190} INFO - [2026-03-05T17:34:38.177+0800] {dagbag.py:588} INFO - Filling up the DagBag from /Users/linghuchong/Downloads/51/Python/project/instance/airflow284/dags/tag_CDRD/系统管理/用户管理/dag_用户管理_并发.py
[2026-03-05T17:34:38.196+0800] {logging_mixin.py:190} INFO - Current directory: /Users/linghuchong/Downloads/51/Python/project/instance/airflow284/dags/tag_CDRD/系统管理/用户管理
[2026-03-05T17:34:38.196+0800] {logging_mixin.py:190} INFO - Calculated project root: /Users/linghuchong/Downloads/51/Python/project
[2026-03-05T17:34:38.196+0800] {logging_mixin.py:190} INFO - Added /Users/linghuchong/Downloads/51/Python/project to sys.path
[2026-03-05T17:34:38.196+0800] {logging_mixin.py:190} INFO - PO module path: /Users/linghuchong/Downloads/51/Python/project/PO
[2026-03-05T17:34:38.796+0800] {logging_mixin.py:190} INFO - 项目配置路径 /Users/linghuchong/Downloads/51/Python/project/instance/zyjk/CDRD/web
[2026-03-05T17:34:38.796+0800] {logging_mixin.py:190} INFO - Added web project root to sys.path: /Users/linghuchong/Downloads/51/Python/project/instance/zyjk/CDRD/web
[2026-03-05T17:34:39.025+0800] {logging_mixin.py:190} INFO - Config file path: /Users/linghuchong/Downloads/51/Python/project/instance/zyjk/CDRD/web/config/config.ini
[2026-03-05T17:34:39.027+0800] {logging_mixin.py:190} INFO - ✓ 成功导入配置解析器
[2026-03-05T17:34:39.059+0800] {processor.py:925} INFO - DAG(s) 'cdrd_用户管理_并发' retrieved from /Users/linghuchong/Downloads/51/Python/project/instance/airflow284/dags/tag_CDRD/系统管理/用户管理/dag_用户管理_并发.py
[2026-03-05T17:34:39.260+0800] {logging_mixin.py:190} INFO - [2026-03-05T17:34:39.260+0800] {dag.py:3239} INFO - Sync 1 DAGs
[2026-03-05T17:34:39.272+0800] {logging_mixin.py:190} INFO - [2026-03-05T17:34:39.272+0800] {dag.py:4180} INFO - Setting next_dagrun for cdrd_用户管理_并发 to None, run_after=None
[2026-03-05T17:34:39.290+0800] {processor.py:208} INFO - Processing /Users/linghuchong/Downloads/51/Python/project/instance/airflow284/dags/tag_CDRD/系统管理/用户管理/dag_用户管理_并发.py took 1117.808 seconds
[2026-03-05T17:36:11.998+0800] {processor.py:186} INFO - Started process (PID=16229) to work on /Users/linghuchong/Downloads/51/Python/project/instance/airflow284/dags/tag_CDRD/系统管理/用户管理/dag_用户管理_并发.py
[2026-03-05T17:36:11.999+0800] {processor.py:914} INFO - Processing file /Users/linghuchong/Downloads/51/Python/project/instance/airflow284/dags/tag_CDRD/系统管理/用户管理/dag_用户管理_并发.py for tasks to queue
[2026-03-05T17:36:12.000+0800] {logging_mixin.py:190} INFO - [2026-03-05T17:36:12.000+0800] {dagbag.py:588} INFO - Filling up the DagBag from /Users/linghuchong/Downloads/51/Python/project/instance/airflow284/dags/tag_CDRD/系统管理/用户管理/dag_用户管理_并发.py
[2026-03-05T17:36:12.021+0800] {logging_mixin.py:190} INFO - Current directory: /Users/linghuchong/Downloads/51/Python/project/instance/airflow284/dags/tag_CDRD/系统管理/用户管理
[2026-03-05T17:36:12.021+0800] {logging_mixin.py:190} INFO - Calculated project root: /Users/linghuchong/Downloads/51/Python/project
[2026-03-05T17:36:12.021+0800] {logging_mixin.py:190} INFO - Added /Users/linghuchong/Downloads/51/Python/project to sys.path
[2026-03-05T17:36:12.022+0800] {logging_mixin.py:190} INFO - PO module path: /Users/linghuchong/Downloads/51/Python/project/PO
[2026-03-05T17:36:13.172+0800] {logging_mixin.py:190} INFO - 项目配置路径 /Users/linghuchong/Downloads/51/Python/project/instance/zyjk/CDRD/web
[2026-03-05T17:36:13.172+0800] {logging_mixin.py:190} INFO - Added web project root to sys.path: /Users/linghuchong/Downloads/51/Python/project/instance/zyjk/CDRD/web
[2026-03-05T17:36:13.431+0800] {logging_mixin.py:190} INFO - Config file path: /Users/linghuchong/Downloads/51/Python/project/instance/zyjk/CDRD/web/config/config.ini
[2026-03-05T17:36:13.433+0800] {logging_mixin.py:190} INFO - ✓ 成功导入配置解析器
[2026-03-05T17:36:13.477+0800] {processor.py:925} INFO - DAG(s) 'cdrd_用户管理_并发' retrieved from /Users/linghuchong/Downloads/51/Python/project/instance/airflow284/dags/tag_CDRD/系统管理/用户管理/dag_用户管理_并发.py
[2026-03-05T17:36:13.697+0800] {logging_mixin.py:190} INFO - [2026-03-05T17:36:13.696+0800] {dag.py:3239} INFO - Sync 1 DAGs
[2026-03-05T17:36:13.711+0800] {logging_mixin.py:190} INFO - [2026-03-05T17:36:13.711+0800] {dag.py:4180} INFO - Setting next_dagrun for cdrd_用户管理_并发 to None, run_after=None
[2026-03-05T17:36:13.729+0800] {processor.py:208} INFO - Processing /Users/linghuchong/Downloads/51/Python/project/instance/airflow284/dags/tag_CDRD/系统管理/用户管理/dag_用户管理_并发.py took 1734.335 seconds
[2026-03-05T17:38:05.054+0800] {processor.py:186} INFO - Started process (PID=16360) to work on /Users/linghuchong/Downloads/51/Python/project/instance/airflow284/dags/tag_CDRD/系统管理/用户管理/dag_用户管理_并发.py
[2026-03-05T17:38:05.055+0800] {processor.py:914} INFO - Processing file /Users/linghuchong/Downloads/51/Python/project/instance/airflow284/dags/tag_CDRD/系统管理/用户管理/dag_用户管理_并发.py for tasks to queue
[2026-03-05T17:38:05.056+0800] {logging_mixin.py:190} INFO - [2026-03-05T17:38:05.056+0800] {dagbag.py:588} INFO - Filling up the DagBag from /Users/linghuchong/Downloads/51/Python/project/instance/airflow284/dags/tag_CDRD/系统管理/用户管理/dag_用户管理_并发.py
[2026-03-05T17:38:05.081+0800] {logging_mixin.py:190} INFO - Current directory: /Users/linghuchong/Downloads/51/Python/project/instance/airflow284/dags/tag_CDRD/系统管理/用户管理
[2026-03-05T17:38:05.081+0800] {logging_mixin.py:190} INFO - Calculated project root: /Users/linghuchong/Downloads/51/Python/project
[2026-03-05T17:38:05.081+0800] {logging_mixin.py:190} INFO - Added /Users/linghuchong/Downloads/51/Python/project to sys.path
[2026-03-05T17:38:05.081+0800] {logging_mixin.py:190} INFO - PO module path: /Users/linghuchong/Downloads/51/Python/project/PO
[2026-03-05T17:38:06.162+0800] {logging_mixin.py:190} INFO - 项目配置路径 /Users/linghuchong/Downloads/51/Python/project/instance/zyjk/CDRD/web
[2026-03-05T17:38:06.163+0800] {logging_mixin.py:190} INFO - Added web project root to sys.path: /Users/linghuchong/Downloads/51/Python/project/instance/zyjk/CDRD/web
[2026-03-05T17:38:06.556+0800] {logging_mixin.py:190} INFO - Config file path: /Users/linghuchong/Downloads/51/Python/project/instance/zyjk/CDRD/web/config/config.ini
[2026-03-05T17:38:06.558+0800] {logging_mixin.py:190} INFO - ✓ 成功导入配置解析器
[2026-03-05T17:38:06.591+0800] {processor.py:925} INFO - DAG(s) 'cdrd_用户管理_并发' retrieved from /Users/linghuchong/Downloads/51/Python/project/instance/airflow284/dags/tag_CDRD/系统管理/用户管理/dag_用户管理_并发.py
[2026-03-05T17:38:06.809+0800] {logging_mixin.py:190} INFO - [2026-03-05T17:38:06.808+0800] {dag.py:3239} INFO - Sync 1 DAGs
[2026-03-05T17:38:06.821+0800] {logging_mixin.py:190} INFO - [2026-03-05T17:38:06.821+0800] {dag.py:4180} INFO - Setting next_dagrun for cdrd_用户管理_并发 to None, run_after=None
[2026-03-05T17:38:06.840+0800] {processor.py:208} INFO - Processing /Users/linghuchong/Downloads/51/Python/project/instance/airflow284/dags/tag_CDRD/系统管理/用户管理/dag_用户管理_并发.py took 1789.111 seconds
[2026-03-05T17:40:00.211+0800] {processor.py:186} INFO - Started process (PID=16449) to work on /Users/linghuchong/Downloads/51/Python/project/instance/airflow284/dags/tag_CDRD/系统管理/用户管理/dag_用户管理_并发.py
[2026-03-05T17:40:00.213+0800] {processor.py:914} INFO - Processing file /Users/linghuchong/Downloads/51/Python/project/instance/airflow284/dags/tag_CDRD/系统管理/用户管理/dag_用户管理_并发.py for tasks to queue
[2026-03-05T17:40:00.214+0800] {logging_mixin.py:190} INFO - [2026-03-05T17:40:00.213+0800] {dagbag.py:588} INFO - Filling up the DagBag from /Users/linghuchong/Downloads/51/Python/project/instance/airflow284/dags/tag_CDRD/系统管理/用户管理/dag_用户管理_并发.py
[2026-03-05T17:40:00.237+0800] {logging_mixin.py:190} INFO - Current directory: /Users/linghuchong/Downloads/51/Python/project/instance/airflow284/dags/tag_CDRD/系统管理/用户管理
[2026-03-05T17:40:00.238+0800] {logging_mixin.py:190} INFO - Calculated project root: /Users/linghuchong/Downloads/51/Python/project
[2026-03-05T17:40:00.238+0800] {logging_mixin.py:190} INFO - Added /Users/linghuchong/Downloads/51/Python/project to sys.path
[2026-03-05T17:40:00.238+0800] {logging_mixin.py:190} INFO - PO module path: /Users/linghuchong/Downloads/51/Python/project/PO
[2026-03-05T17:40:01.027+0800] {logging_mixin.py:190} INFO - 项目配置路径 /Users/linghuchong/Downloads/51/Python/project/instance/zyjk/CDRD/web
[2026-03-05T17:40:01.028+0800] {logging_mixin.py:190} INFO - Added web project root to sys.path: /Users/linghuchong/Downloads/51/Python/project/instance/zyjk/CDRD/web
[2026-03-05T17:40:01.267+0800] {logging_mixin.py:190} INFO - Config file path: /Users/linghuchong/Downloads/51/Python/project/instance/zyjk/CDRD/web/config/config.ini
[2026-03-05T17:40:01.269+0800] {logging_mixin.py:190} INFO - ✓ 成功导入配置解析器
[2026-03-05T17:40:01.305+0800] {processor.py:925} INFO - DAG(s) 'cdrd_用户管理_并发' retrieved from /Users/linghuchong/Downloads/51/Python/project/instance/airflow284/dags/tag_CDRD/系统管理/用户管理/dag_用户管理_并发.py
[2026-03-05T17:40:01.517+0800] {logging_mixin.py:190} INFO - [2026-03-05T17:40:01.517+0800] {dag.py:3239} INFO - Sync 1 DAGs
[2026-03-05T17:40:01.530+0800] {logging_mixin.py:190} INFO - [2026-03-05T17:40:01.530+0800] {dag.py:4180} INFO - Setting next_dagrun for cdrd_用户管理_并发 to None, run_after=None
[2026-03-05T17:40:01.549+0800] {processor.py:208} INFO - Processing /Users/linghuchong/Downloads/51/Python/project/instance/airflow284/dags/tag_CDRD/系统管理/用户管理/dag_用户管理_并发.py took 1340.843 seconds
[2026-03-05T17:41:49.488+0800] {processor.py:186} INFO - Started process (PID=16509) to work on /Users/linghuchong/Downloads/51/Python/project/instance/airflow284/dags/tag_CDRD/系统管理/用户管理/dag_用户管理_并发.py
[2026-03-05T17:41:49.492+0800] {processor.py:914} INFO - Processing file /Users/linghuchong/Downloads/51/Python/project/instance/airflow284/dags/tag_CDRD/系统管理/用户管理/dag_用户管理_并发.py for tasks to queue
[2026-03-05T17:41:49.499+0800] {logging_mixin.py:190} INFO - [2026-03-05T17:41:49.498+0800] {dagbag.py:588} INFO - Filling up the DagBag from /Users/linghuchong/Downloads/51/Python/project/instance/airflow284/dags/tag_CDRD/系统管理/用户管理/dag_用户管理_并发.py
[2026-03-05T17:41:49.528+0800] {logging_mixin.py:190} INFO - Current directory: /Users/linghuchong/Downloads/51/Python/project/instance/airflow284/dags/tag_CDRD/系统管理/用户管理
[2026-03-05T17:41:49.528+0800] {logging_mixin.py:190} INFO - Calculated project root: /Users/linghuchong/Downloads/51/Python/project
[2026-03-05T17:41:49.528+0800] {logging_mixin.py:190} INFO - Added /Users/linghuchong/Downloads/51/Python/project to sys.path
[2026-03-05T17:41:49.528+0800] {logging_mixin.py:190} INFO - PO module path: /Users/linghuchong/Downloads/51/Python/project/PO
[2026-03-05T17:41:50.256+0800] {logging_mixin.py:190} INFO - 项目配置路径 /Users/linghuchong/Downloads/51/Python/project/instance/zyjk/CDRD/web
[2026-03-05T17:41:50.256+0800] {logging_mixin.py:190} INFO - Added web project root to sys.path: /Users/linghuchong/Downloads/51/Python/project/instance/zyjk/CDRD/web
[2026-03-05T17:41:50.497+0800] {logging_mixin.py:190} INFO - Config file path: /Users/linghuchong/Downloads/51/Python/project/instance/zyjk/CDRD/web/config/config.ini
[2026-03-05T17:41:50.499+0800] {logging_mixin.py:190} INFO - ✓ 成功导入配置解析器
[2026-03-05T17:41:50.533+0800] {processor.py:925} INFO - DAG(s) 'cdrd_用户管理_并发' retrieved from /Users/linghuchong/Downloads/51/Python/project/instance/airflow284/dags/tag_CDRD/系统管理/用户管理/dag_用户管理_并发.py
[2026-03-05T17:41:50.750+0800] {logging_mixin.py:190} INFO - [2026-03-05T17:41:50.750+0800] {dag.py:3239} INFO - Sync 1 DAGs
[2026-03-05T17:41:50.764+0800] {logging_mixin.py:190} INFO - [2026-03-05T17:41:50.763+0800] {dag.py:4180} INFO - Setting next_dagrun for cdrd_用户管理_并发 to None, run_after=None
[2026-03-05T17:41:50.782+0800] {processor.py:208} INFO - Processing /Users/linghuchong/Downloads/51/Python/project/instance/airflow284/dags/tag_CDRD/系统管理/用户管理/dag_用户管理_并发.py took 1297.261 seconds
[2026-03-05T17:43:21.724+0800] {processor.py:186} INFO - Started process (PID=16544) to work on /Users/linghuchong/Downloads/51/Python/project/instance/airflow284/dags/tag_CDRD/系统管理/用户管理/dag_用户管理_并发.py
[2026-03-05T17:43:21.725+0800] {processor.py:914} INFO - Processing file /Users/linghuchong/Downloads/51/Python/project/instance/airflow284/dags/tag_CDRD/系统管理/用户管理/dag_用户管理_并发.py for tasks to queue
[2026-03-05T17:43:21.726+0800] {logging_mixin.py:190} INFO - [2026-03-05T17:43:21.726+0800] {dagbag.py:588} INFO - Filling up the DagBag from /Users/linghuchong/Downloads/51/Python/project/instance/airflow284/dags/tag_CDRD/系统管理/用户管理/dag_用户管理_并发.py
[2026-03-05T17:43:21.748+0800] {logging_mixin.py:190} INFO - Current directory: /Users/linghuchong/Downloads/51/Python/project/instance/airflow284/dags/tag_CDRD/系统管理/用户管理
[2026-03-05T17:43:21.753+0800] {logging_mixin.py:190} INFO - Calculated project root: /Users/linghuchong/Downloads/51/Python/project
[2026-03-05T17:43:21.754+0800] {logging_mixin.py:190} INFO - Added /Users/linghuchong/Downloads/51/Python/project to sys.path
[2026-03-05T17:43:21.755+0800] {logging_mixin.py:190} INFO - PO module path: /Users/linghuchong/Downloads/51/Python/project/PO
[2026-03-05T17:43:22.392+0800] {logging_mixin.py:190} INFO - 项目配置路径 /Users/linghuchong/Downloads/51/Python/project/instance/zyjk/CDRD/web
[2026-03-05T17:43:22.393+0800] {logging_mixin.py:190} INFO - Added web project root to sys.path: /Users/linghuchong/Downloads/51/Python/project/instance/zyjk/CDRD/web
[2026-03-05T17:43:22.657+0800] {logging_mixin.py:190} INFO - Config file path: /Users/linghuchong/Downloads/51/Python/project/instance/zyjk/CDRD/web/config/config.ini
[2026-03-05T17:43:22.659+0800] {logging_mixin.py:190} INFO - ✓ 成功导入配置解析器
[2026-03-05T17:43:22.747+0800] {processor.py:925} INFO - DAG(s) 'cdrd_用户管理_并发' retrieved from /Users/linghuchong/Downloads/51/Python/project/instance/airflow284/dags/tag_CDRD/系统管理/用户管理/dag_用户管理_并发.py
[2026-03-05T17:43:23.061+0800] {logging_mixin.py:190} INFO - [2026-03-05T17:43:23.061+0800] {dag.py:3239} INFO - Sync 1 DAGs
[2026-03-05T17:43:23.083+0800] {logging_mixin.py:190} INFO - [2026-03-05T17:43:23.083+0800] {dag.py:4180} INFO - Setting next_dagrun for cdrd_用户管理_并发 to None, run_after=None
[2026-03-05T17:43:23.102+0800] {processor.py:208} INFO - Processing /Users/linghuchong/Downloads/51/Python/project/instance/airflow284/dags/tag_CDRD/系统管理/用户管理/dag_用户管理_并发.py took 1381.929 seconds
[2026-03-05T17:58:05.786+0800] {processor.py:186} INFO - Started process (PID=16622) to work on /Users/linghuchong/Downloads/51/Python/project/instance/airflow284/dags/tag_CDRD/系统管理/用户管理/dag_用户管理_并发.py
[2026-03-05T17:58:05.788+0800] {processor.py:914} INFO - Processing file /Users/linghuchong/Downloads/51/Python/project/instance/airflow284/dags/tag_CDRD/系统管理/用户管理/dag_用户管理_并发.py for tasks to queue
[2026-03-05T17:58:05.790+0800] {logging_mixin.py:190} INFO - [2026-03-05T17:58:05.790+0800] {dagbag.py:588} INFO - Filling up the DagBag from /Users/linghuchong/Downloads/51/Python/project/instance/airflow284/dags/tag_CDRD/系统管理/用户管理/dag_用户管理_并发.py
[2026-03-05T17:58:05.812+0800] {logging_mixin.py:190} INFO - Current directory: /Users/linghuchong/Downloads/51/Python/project/instance/airflow284/dags/tag_CDRD/系统管理/用户管理
[2026-03-05T17:58:05.812+0800] {logging_mixin.py:190} INFO - Calculated project root: /Users/linghuchong/Downloads/51/Python/project
[2026-03-05T17:58:05.812+0800] {logging_mixin.py:190} INFO - Added /Users/linghuchong/Downloads/51/Python/project to sys.path
[2026-03-05T17:58:05.812+0800] {logging_mixin.py:190} INFO - PO module path: /Users/linghuchong/Downloads/51/Python/project/PO
[2026-03-05T17:58:06.445+0800] {logging_mixin.py:190} INFO - 项目配置路径 /Users/linghuchong/Downloads/51/Python/project/instance/zyjk/CDRD/web
[2026-03-05T17:58:06.445+0800] {logging_mixin.py:190} INFO - Added web project root to sys.path: /Users/linghuchong/Downloads/51/Python/project/instance/zyjk/CDRD/web
[2026-03-05T17:58:06.685+0800] {logging_mixin.py:190} INFO - Config file path: /Users/linghuchong/Downloads/51/Python/project/instance/zyjk/CDRD/web/config/config.ini
[2026-03-05T17:58:06.687+0800] {logging_mixin.py:190} INFO - ✓ 成功导入配置解析器
[2026-03-05T17:58:06.720+0800] {processor.py:925} INFO - DAG(s) 'cdrd_用户管理_并发' retrieved from /Users/linghuchong/Downloads/51/Python/project/instance/airflow284/dags/tag_CDRD/系统管理/用户管理/dag_用户管理_并发.py
[2026-03-05T17:58:06.935+0800] {logging_mixin.py:190} INFO - [2026-03-05T17:58:06.935+0800] {dag.py:3239} INFO - Sync 1 DAGs
[2026-03-05T17:58:06.948+0800] {logging_mixin.py:190} INFO - [2026-03-05T17:58:06.948+0800] {dag.py:4180} INFO - Setting next_dagrun for cdrd_用户管理_并发 to None, run_after=None
[2026-03-05T17:58:06.966+0800] {processor.py:208} INFO - Processing /Users/linghuchong/Downloads/51/Python/project/instance/airflow284/dags/tag_CDRD/系统管理/用户管理/dag_用户管理_并发.py took 1183.881 seconds
[2026-03-05T17:59:36.964+0800] {processor.py:186} INFO - Started process (PID=16678) to work on /Users/linghuchong/Downloads/51/Python/project/instance/airflow284/dags/tag_CDRD/系统管理/用户管理/dag_用户管理_并发.py
[2026-03-05T17:59:36.967+0800] {processor.py:914} INFO - Processing file /Users/linghuchong/Downloads/51/Python/project/instance/airflow284/dags/tag_CDRD/系统管理/用户管理/dag_用户管理_并发.py for tasks to queue
[2026-03-05T17:59:36.968+0800] {logging_mixin.py:190} INFO - [2026-03-05T17:59:36.968+0800] {dagbag.py:588} INFO - Filling up the DagBag from /Users/linghuchong/Downloads/51/Python/project/instance/airflow284/dags/tag_CDRD/系统管理/用户管理/dag_用户管理_并发.py
[2026-03-05T17:59:36.988+0800] {logging_mixin.py:190} INFO - Current directory: /Users/linghuchong/Downloads/51/Python/project/instance/airflow284/dags/tag_CDRD/系统管理/用户管理
[2026-03-05T17:59:36.989+0800] {logging_mixin.py:190} INFO - Calculated project root: /Users/linghuchong/Downloads/51/Python/project
[2026-03-05T17:59:36.989+0800] {logging_mixin.py:190} INFO - Added /Users/linghuchong/Downloads/51/Python/project to sys.path
[2026-03-05T17:59:36.989+0800] {logging_mixin.py:190} INFO - PO module path: /Users/linghuchong/Downloads/51/Python/project/PO
[2026-03-05T17:59:37.629+0800] {logging_mixin.py:190} INFO - 项目配置路径 /Users/linghuchong/Downloads/51/Python/project/instance/zyjk/CDRD/web
[2026-03-05T17:59:37.629+0800] {logging_mixin.py:190} INFO - Added web project root to sys.path: /Users/linghuchong/Downloads/51/Python/project/instance/zyjk/CDRD/web
[2026-03-05T17:59:37.863+0800] {logging_mixin.py:190} INFO - Config file path: /Users/linghuchong/Downloads/51/Python/project/instance/zyjk/CDRD/web/config/config.ini
[2026-03-05T17:59:37.865+0800] {logging_mixin.py:190} INFO - ✓ 成功导入配置解析器
[2026-03-05T17:59:37.900+0800] {processor.py:925} INFO - DAG(s) 'cdrd_用户管理_并发' retrieved from /Users/linghuchong/Downloads/51/Python/project/instance/airflow284/dags/tag_CDRD/系统管理/用户管理/dag_用户管理_并发.py
[2026-03-05T17:59:38.109+0800] {logging_mixin.py:190} INFO - [2026-03-05T17:59:38.108+0800] {dag.py:3239} INFO - Sync 1 DAGs
[2026-03-05T17:59:38.121+0800] {logging_mixin.py:190} INFO - [2026-03-05T17:59:38.121+0800] {dag.py:4180} INFO - Setting next_dagrun for cdrd_用户管理_并发 to None, run_after=None
[2026-03-05T17:59:38.140+0800] {processor.py:208} INFO - Processing /Users/linghuchong/Downloads/51/Python/project/instance/airflow284/dags/tag_CDRD/系统管理/用户管理/dag_用户管理_并发.py took 1178.342 seconds
[2026-03-05T18:03:33.503+0800] {processor.py:186} INFO - Started process (PID=16757) to work on /Users/linghuchong/Downloads/51/Python/project/instance/airflow284/dags/tag_CDRD/系统管理/用户管理/dag_用户管理_并发.py
[2026-03-05T18:03:33.504+0800] {processor.py:914} INFO - Processing file /Users/linghuchong/Downloads/51/Python/project/instance/airflow284/dags/tag_CDRD/系统管理/用户管理/dag_用户管理_并发.py for tasks to queue
[2026-03-05T18:03:33.506+0800] {logging_mixin.py:190} INFO - [2026-03-05T18:03:33.505+0800] {dagbag.py:588} INFO - Filling up the DagBag from /Users/linghuchong/Downloads/51/Python/project/instance/airflow284/dags/tag_CDRD/系统管理/用户管理/dag_用户管理_并发.py
[2026-03-05T18:03:33.531+0800] {logging_mixin.py:190} INFO - Current directory: /Users/linghuchong/Downloads/51/Python/project/instance/airflow284/dags/tag_CDRD/系统管理/用户管理
[2026-03-05T18:03:33.531+0800] {logging_mixin.py:190} INFO - Calculated project root: /Users/linghuchong/Downloads/51/Python/project
[2026-03-05T18:03:33.531+0800] {logging_mixin.py:190} INFO - Added /Users/linghuchong/Downloads/51/Python/project to sys.path
[2026-03-05T18:03:33.531+0800] {logging_mixin.py:190} INFO - PO module path: /Users/linghuchong/Downloads/51/Python/project/PO
[2026-03-05T18:03:34.272+0800] {logging_mixin.py:190} INFO - 项目配置路径 /Users/linghuchong/Downloads/51/Python/project/instance/zyjk/CDRD/web
[2026-03-05T18:03:34.272+0800] {logging_mixin.py:190} INFO - Added web project root to sys.path: /Users/linghuchong/Downloads/51/Python/project/instance/zyjk/CDRD/web
[2026-03-05T18:03:34.545+0800] {logging_mixin.py:190} INFO - Config file path: /Users/linghuchong/Downloads/51/Python/project/instance/zyjk/CDRD/web/config/config.ini
[2026-03-05T18:03:34.549+0800] {logging_mixin.py:190} INFO - ✓ 成功导入配置解析器
[2026-03-05T18:03:34.610+0800] {processor.py:925} INFO - DAG(s) 'cdrd_用户管理_并发' retrieved from /Users/linghuchong/Downloads/51/Python/project/instance/airflow284/dags/tag_CDRD/系统管理/用户管理/dag_用户管理_并发.py
[2026-03-05T18:03:35.055+0800] {logging_mixin.py:190} INFO - [2026-03-05T18:03:35.054+0800] {dag.py:3239} INFO - Sync 1 DAGs
[2026-03-05T18:03:35.084+0800] {logging_mixin.py:190} INFO - [2026-03-05T18:03:35.084+0800] {dag.py:4180} INFO - Setting next_dagrun for cdrd_用户管理_并发 to None, run_after=None
[2026-03-05T18:03:35.115+0800] {processor.py:208} INFO - Processing /Users/linghuchong/Downloads/51/Python/project/instance/airflow284/dags/tag_CDRD/系统管理/用户管理/dag_用户管理_并发.py took 1614.947 seconds
[2026-03-05T18:05:22.914+0800] {processor.py:186} INFO - Started process (PID=16802) to work on /Users/linghuchong/Downloads/51/Python/project/instance/airflow284/dags/tag_CDRD/系统管理/用户管理/dag_用户管理_并发.py
[2026-03-05T18:05:22.916+0800] {processor.py:914} INFO - Processing file /Users/linghuchong/Downloads/51/Python/project/instance/airflow284/dags/tag_CDRD/系统管理/用户管理/dag_用户管理_并发.py for tasks to queue
[2026-03-05T18:05:22.917+0800] {logging_mixin.py:190} INFO - [2026-03-05T18:05:22.917+0800] {dagbag.py:588} INFO - Filling up the DagBag from /Users/linghuchong/Downloads/51/Python/project/instance/airflow284/dags/tag_CDRD/系统管理/用户管理/dag_用户管理_并发.py
[2026-03-05T18:05:22.939+0800] {logging_mixin.py:190} INFO - Current directory: /Users/linghuchong/Downloads/51/Python/project/instance/airflow284/dags/tag_CDRD/系统管理/用户管理
[2026-03-05T18:05:22.939+0800] {logging_mixin.py:190} INFO - Calculated project root: /Users/linghuchong/Downloads/51/Python/project
[2026-03-05T18:05:22.940+0800] {logging_mixin.py:190} INFO - Added /Users/linghuchong/Downloads/51/Python/project to sys.path
[2026-03-05T18:05:22.940+0800] {logging_mixin.py:190} INFO - PO module path: /Users/linghuchong/Downloads/51/Python/project/PO
[2026-03-05T18:05:23.666+0800] {logging_mixin.py:190} INFO - 项目配置路径 /Users/linghuchong/Downloads/51/Python/project/instance/zyjk/CDRD/web
[2026-03-05T18:05:23.667+0800] {logging_mixin.py:190} INFO - Added web project root to sys.path: /Users/linghuchong/Downloads/51/Python/project/instance/zyjk/CDRD/web
[2026-03-05T18:05:23.983+0800] {logging_mixin.py:190} INFO - Config file path: /Users/linghuchong/Downloads/51/Python/project/instance/zyjk/CDRD/web/config/config.ini
[2026-03-05T18:05:23.984+0800] {logging_mixin.py:190} INFO - ✓ 成功导入配置解析器
[2026-03-05T18:05:24.023+0800] {processor.py:925} INFO - DAG(s) 'cdrd_用户管理_并发' retrieved from /Users/linghuchong/Downloads/51/Python/project/instance/airflow284/dags/tag_CDRD/系统管理/用户管理/dag_用户管理_并发.py
[2026-03-05T18:05:24.231+0800] {logging_mixin.py:190} INFO - [2026-03-05T18:05:24.231+0800] {dag.py:3239} INFO - Sync 1 DAGs
[2026-03-05T18:05:24.244+0800] {logging_mixin.py:190} INFO - [2026-03-05T18:05:24.244+0800] {dag.py:4180} INFO - Setting next_dagrun for cdrd_用户管理_并发 to None, run_after=None
[2026-03-05T18:05:24.263+0800] {processor.py:208} INFO - Processing /Users/linghuchong/Downloads/51/Python/project/instance/airflow284/dags/tag_CDRD/系统管理/用户管理/dag_用户管理_并发.py took 1352.723 seconds
[2026-03-05T18:07:07.351+0800] {processor.py:186} INFO - Started process (PID=17020) to work on /Users/linghuchong/Downloads/51/Python/project/instance/airflow284/dags/tag_CDRD/系统管理/用户管理/dag_用户管理_并发.py
[2026-03-05T18:07:07.351+0800] {processor.py:914} INFO - Processing file /Users/linghuchong/Downloads/51/Python/project/instance/airflow284/dags/tag_CDRD/系统管理/用户管理/dag_用户管理_并发.py for tasks to queue
[2026-03-05T18:07:07.352+0800] {logging_mixin.py:190} INFO - [2026-03-05T18:07:07.352+0800] {dagbag.py:588} INFO - Filling up the DagBag from /Users/linghuchong/Downloads/51/Python/project/instance/airflow284/dags/tag_CDRD/系统管理/用户管理/dag_用户管理_并发.py
[2026-03-05T18:07:07.373+0800] {logging_mixin.py:190} INFO - Current directory: /Users/linghuchong/Downloads/51/Python/project/instance/airflow284/dags/tag_CDRD/系统管理/用户管理
[2026-03-05T18:07:07.373+0800] {logging_mixin.py:190} INFO - Calculated project root: /Users/linghuchong/Downloads/51/Python/project
[2026-03-05T18:07:07.373+0800] {logging_mixin.py:190} INFO - Added /Users/linghuchong/Downloads/51/Python/project to sys.path
[2026-03-05T18:07:07.374+0800] {logging_mixin.py:190} INFO - PO module path: /Users/linghuchong/Downloads/51/Python/project/PO
[2026-03-05T18:07:08.119+0800] {logging_mixin.py:190} INFO - 项目配置路径 /Users/linghuchong/Downloads/51/Python/project/instance/zyjk/CDRD/web
[2026-03-05T18:07:08.119+0800] {logging_mixin.py:190} INFO - Added web project root to sys.path: /Users/linghuchong/Downloads/51/Python/project/instance/zyjk/CDRD/web
[2026-03-05T18:07:08.331+0800] {logging_mixin.py:190} INFO - Config file path: /Users/linghuchong/Downloads/51/Python/project/instance/zyjk/CDRD/web/config/config.ini
[2026-03-05T18:07:08.332+0800] {logging_mixin.py:190} INFO - ✓ 成功导入配置解析器
[2026-03-05T18:07:08.361+0800] {processor.py:925} INFO - DAG(s) 'cdrd_用户管理_并发' retrieved from /Users/linghuchong/Downloads/51/Python/project/instance/airflow284/dags/tag_CDRD/系统管理/用户管理/dag_用户管理_并发.py
[2026-03-05T18:07:08.559+0800] {logging_mixin.py:190} INFO - [2026-03-05T18:07:08.558+0800] {dag.py:3239} INFO - Sync 1 DAGs
[2026-03-05T18:07:08.570+0800] {logging_mixin.py:190} INFO - [2026-03-05T18:07:08.570+0800] {dag.py:4180} INFO - Setting next_dagrun for cdrd_用户管理_并发 to None, run_after=None
[2026-03-05T18:07:08.589+0800] {processor.py:208} INFO - Processing /Users/linghuchong/Downloads/51/Python/project/instance/airflow284/dags/tag_CDRD/系统管理/用户管理/dag_用户管理_并发.py took 1241.529 seconds
