[2026-02-26T16:47:13.258+0800] {local_task_job_runner.py:123} INFO - ::group::Pre task execution logs
[2026-02-26T16:47:13.276+0800] {taskinstance.py:2631} INFO - Dependencies all met for dep_context=non-requeueable deps ti=<TaskInstance: integrated_cdrd_workflow.consumer1_task manual__2026-02-26T08:46:58.796298+00:00 [queued]>
[2026-02-26T16:47:13.285+0800] {taskinstance.py:2631} INFO - Dependencies all met for dep_context=requeueable deps ti=<TaskInstance: integrated_cdrd_workflow.consumer1_task manual__2026-02-26T08:46:58.796298+00:00 [queued]>
[2026-02-26T16:47:13.285+0800] {taskinstance.py:2884} INFO - Starting attempt 1 of 1
[2026-02-26T16:47:13.301+0800] {taskinstance.py:2907} INFO - Executing <Task(PythonOperator): consumer1_task> on 2026-02-26 08:46:58.796298+00:00
[2026-02-26T16:47:13.306+0800] {standard_task_runner.py:72} INFO - Started process 18415 to run task
[2026-02-26T16:47:13.314+0800] {standard_task_runner.py:104} INFO - Running: ['airflow', 'tasks', 'run', 'integrated_cdrd_workflow', 'consumer1_task', 'manual__2026-02-26T08:46:58.796298+00:00', '--job-id', '426', '--raw', '--subdir', 'DAGS_FOLDER/tag_CDRD/cdrd_1p1n2t.py', '--cfg-path', '/var/folders/f7/4z7jtb213fs0mtgbw_0vs2600000gn/T/tmpo_zg633u']
[2026-02-26T16:47:13.319+0800] {standard_task_runner.py:105} INFO - Job 426: Subtask consumer1_task
[2026-02-26T16:47:13.373+0800] {task_command.py:467} INFO - Running <TaskInstance: integrated_cdrd_workflow.consumer1_task manual__2026-02-26T08:46:58.796298+00:00 [running]> on host localhost-2.local
[2026-02-26T16:47:13.453+0800] {taskinstance.py:3157} INFO - Exporting env vars: AIRFLOW_CTX_DAG_OWNER='airflow' AIRFLOW_CTX_DAG_ID='integrated_cdrd_workflow' AIRFLOW_CTX_TASK_ID='consumer1_task' AIRFLOW_CTX_EXECUTION_DATE='2026-02-26T08:46:58.796298+00:00' AIRFLOW_CTX_TRY_NUMBER='1' AIRFLOW_CTX_DAG_RUN_ID='manual__2026-02-26T08:46:58.796298+00:00'
[2026-02-26T16:47:13.454+0800] {taskinstance.py:740} INFO - ::endgroup::
[2026-02-26T16:47:13.491+0800] {logging_mixin.py:190} INFO - ✅ 成功从消费者 p_cdrd_all.p_cdrd_TASK 获取 XCom 值: [[11, '系统管理', '用户管理', None, '{"k1": "select count(*) as qty from sys_user where job_num=\'{result[\'job_num\']}\'", "v1": 1}', '新增用户.py'], [12, '系统管理', '角色管理', None, '{"k1": "select count(*) as qty from sys_role where role_name=\'{result[\'role_name\']}\'", "v1": 1}', '编辑角色.py']]
[2026-02-26T16:47:13.887+0800] {logging_mixin.py:190} INFO - 随机生成测试数据: [['阿娜', '15649191461', 'xiaxia@example.net', '819493', '371227']]
[2026-02-26T16:47:22.644+0800] {logging_mixin.py:190} INFO - 正则替换结果: {"k1": "select count(*) as qty from sys_user where job_num='371227'", "v1": 1}
[2026-02-26T16:47:22.645+0800] {logging_mixin.py:190} INFO - 解析后的验证数据: {'k1': "select count(*) as qty from sys_user where job_num='371227'", 'v1': 1}
[2026-02-26T16:47:22.646+0800] {logging_mixin.py:190} INFO - 验证过程出错: 0
[2026-02-26T16:47:22.646+0800] {python.py:240} INFO - Done. Returned value was: None
[2026-02-26T16:47:22.656+0800] {taskinstance.py:349} INFO - ::group::Post task execution logs
[2026-02-26T16:47:22.657+0800] {taskinstance.py:361} INFO - Marking task as SUCCESS. dag_id=integrated_cdrd_workflow, task_id=consumer1_task, run_id=manual__2026-02-26T08:46:58.796298+00:00, execution_date=20260226T084658, start_date=20260226T084713, end_date=20260226T084722
[2026-02-26T16:47:22.696+0800] {local_task_job_runner.py:266} INFO - Task exited with return code 0
[2026-02-26T16:47:22.722+0800] {taskinstance.py:3924} INFO - 0 downstream tasks scheduled from follow-on schedule check
[2026-02-26T16:47:22.723+0800] {local_task_job_runner.py:245} INFO - ::endgroup::
