[2026-02-28T21:04:47.328+0800] {local_task_job_runner.py:123} INFO - ::group::Pre task execution logs
[2026-02-28T21:04:47.345+0800] {taskinstance.py:2631} INFO - Dependencies all met for dep_context=non-requeueable deps ti=<TaskInstance: cdrd_新增角色_编辑角色_并.并行执行消费者 manual__2026-02-28T13:04:27.659484+00:00 [queued]>
[2026-02-28T21:04:47.353+0800] {taskinstance.py:2631} INFO - Dependencies all met for dep_context=requeueable deps ti=<TaskInstance: cdrd_新增角色_编辑角色_并.并行执行消费者 manual__2026-02-28T13:04:27.659484+00:00 [queued]>
[2026-02-28T21:04:47.353+0800] {taskinstance.py:2884} INFO - Starting attempt 1 of 1
[2026-02-28T21:04:47.365+0800] {taskinstance.py:2907} INFO - Executing <Task(PythonOperator): 并行执行消费者> on 2026-02-28 13:04:27.659484+00:00
[2026-02-28T21:04:47.369+0800] {standard_task_runner.py:72} INFO - Started process 4649 to run task
[2026-02-28T21:04:47.376+0800] {standard_task_runner.py:104} INFO - Running: ['airflow', 'tasks', 'run', 'cdrd_新增角色_编辑角色_并', '并行执行消费者', 'manual__2026-02-28T13:04:27.659484+00:00', '--job-id', '732', '--raw', '--subdir', 'DAGS_FOLDER/tag_CDRD/系统管理/角色管理/dag_新增角色_编辑角色_并.py', '--cfg-path', '/var/folders/f7/4z7jtb213fs0mtgbw_0vs2600000gn/T/tmpmvw1wfb8']
[2026-02-28T21:04:47.380+0800] {standard_task_runner.py:105} INFO - Job 732: Subtask 并行执行消费者
[2026-02-28T21:04:47.425+0800] {task_command.py:467} INFO - Running <TaskInstance: cdrd_新增角色_编辑角色_并.并行执行消费者 manual__2026-02-28T13:04:27.659484+00:00 [running]> on host localhost-2.local
[2026-02-28T21:04:47.505+0800] {taskinstance.py:3157} INFO - Exporting env vars: AIRFLOW_CTX_DAG_OWNER='airflow' AIRFLOW_CTX_DAG_ID='cdrd_新增角色_编辑角色_并' AIRFLOW_CTX_TASK_ID='并行执行消费者' AIRFLOW_CTX_EXECUTION_DATE='2026-02-28T13:04:27.659484+00:00' AIRFLOW_CTX_TRY_NUMBER='1' AIRFLOW_CTX_DAG_RUN_ID='manual__2026-02-28T13:04:27.659484+00:00'
[2026-02-28T21:04:47.506+0800] {taskinstance.py:740} INFO - ::endgroup::
[2026-02-28T21:04:47.522+0800] {logging_mixin.py:190} INFO - ==================================================
[2026-02-28T21:04:47.522+0800] {logging_mixin.py:190} INFO - 【并行消费者】开始同时执行新增角色和编辑角色测试...
[2026-02-28T21:04:47.523+0800] {logging_mixin.py:190} INFO - ==================================================
[2026-02-28T21:04:47.528+0800] {logging_mixin.py:190} INFO - 从XCom获取到的测试用例数据: 2 条
[2026-02-28T21:04:47.529+0800] {logging_mixin.py:190} INFO - ===================== 新增角色 消费者开始执行 ====================
[2026-02-28T21:04:47.529+0800] {logging_mixin.py:190} INFO - [新增角色] 找到测试用例: 新增角色
[2026-02-28T21:04:47.530+0800] {logging_mixin.py:190} INFO - [Consumer_0] 开始执行测试用例: 系统管理/角色管理/新增角色.py
[2026-02-28T21:04:47.530+0800] {logging_mixin.py:190} INFO - [线程 Consumer_0] 准备执行Playwright脚本: /Users/linghuchong/Downloads/51/Python/project/instance/zyjk/CDRD/web/系统管理/角色管理/新增角色.py
[2026-02-28T21:04:47.880+0800] {logging_mixin.py:190} INFO - 随机生成测试数据: [['段军', '874654', '135508', '江苏省云县清浦佛山路R座 238605']]
[2026-02-28T21:04:47.881+0800] {logging_mixin.py:190} INFO - [线程 Consumer_0] ✅ 找到run_playwright函数，开始执行...
[2026-02-28T21:04:53.186+0800] {logging_mixin.py:190} INFO - [线程 Consumer_0] ✅ Playwright执行完成，返回结果: {'role_name': '段军', 'role_key': '874654', 'role_sort': '135508', 'remark': '江苏省云县清浦佛山路R座 238605'}
[2026-02-28T21:04:53.187+0800] {logging_mixin.py:190} INFO - [Consumer_0] Playwright执行结果: {'role_name': '段军', 'role_key': '874654', 'role_sort': '135508', 'remark': '江苏省云县清浦佛山路R座 238605'}
[2026-02-28T21:04:53.187+0800] {logging_mixin.py:190} INFO - [Consumer_0] 正则替换结果: [{"k": "select count(*) as qty from sys_role where role_name='段军'", "v": 1}]
[2026-02-28T21:04:53.188+0800] {logging_mixin.py:190} INFO - [Consumer_0] 解析后的验证数据: [{'k': "select count(*) as qty from sys_role where role_name='段军'", 'v': 1}]
[2026-02-28T21:04:53.203+0800] {logging_mixin.py:190} INFO - [Consumer_0] ✅ 通过校验 {'k': "select count(*) as qty from sys_role where role_name='段军'", 'v': 1}
[2026-02-28T21:04:53.249+0800] {logging_mixin.py:190} INFO - [Consumer_0] 正则替换结果: [["delete from sys_role where role_name='段军' and role_sort='135508'"]]
[2026-02-28T21:04:53.250+0800] {logging_mixin.py:190} INFO - [Consumer_0] 解析后的验证数据: [["delete from sys_role where role_name='段军' and role_sort='135508'"]]
[2026-02-28T21:04:53.262+0800] {logging_mixin.py:190} INFO - [Consumer_0] ✅ 后置操作 delete from sys_role where role_name='段军' and role_sort='135508'
[2026-02-28T21:04:53.304+0800] {logging_mixin.py:190} INFO - [新增角色] 跳过不匹配的测试用例: 编辑角色
[2026-02-28T21:04:53.305+0800] {logging_mixin.py:190} INFO - ===================== 新增角色 消费者执行完成 ====================
[2026-02-28T21:04:53.305+0800] {logging_mixin.py:190} INFO - ===================== 编辑角色 消费者开始执行 ====================
[2026-02-28T21:04:53.306+0800] {logging_mixin.py:190} INFO - [编辑角色] 跳过不匹配的测试用例: 新增角色
[2026-02-28T21:04:53.306+0800] {logging_mixin.py:190} INFO - [编辑角色] 找到测试用例: 编辑角色
[2026-02-28T21:04:53.307+0800] {logging_mixin.py:190} INFO - [Consumer_0] 开始执行测试用例: 系统管理/角色管理/编辑角色.py
[2026-02-28T21:04:53.307+0800] {logging_mixin.py:190} INFO - [线程 Consumer_0] 准备执行Playwright脚本: /Users/linghuchong/Downloads/51/Python/project/instance/zyjk/CDRD/web/系统管理/角色管理/编辑角色.py
[2026-02-28T21:04:53.371+0800] {logging_mixin.py:190} INFO - [线程 Consumer_0] ✅ 找到run_playwright函数，开始执行...
[2026-02-28T21:04:58.280+0800] {logging_mixin.py:190} INFO - [线程 Consumer_0] ✅ Playwright执行完成，返回结果: {'role_name': '555', 'remark': '1234'}
[2026-02-28T21:04:58.281+0800] {logging_mixin.py:190} INFO - [Consumer_0] Playwright执行结果: {'role_name': '555', 'remark': '1234'}
[2026-02-28T21:04:58.281+0800] {logging_mixin.py:190} INFO - [Consumer_0] 正则替换结果: [{"k": "select count(*) as qty from sys_role where role_name='555'", "v": 1}]
[2026-02-28T21:04:58.281+0800] {logging_mixin.py:190} INFO - [Consumer_0] 解析后的验证数据: [{'k': "select count(*) as qty from sys_role where role_name='555'", 'v': 1}]
[2026-02-28T21:04:58.292+0800] {logging_mixin.py:190} INFO - [Consumer_0] ✅ 通过校验 {'k': "select count(*) as qty from sys_role where role_name='555'", 'v': 1}
[2026-02-28T21:04:58.374+0800] {logging_mixin.py:190} INFO - ===================== 编辑角色 消费者执行完成 ====================
[2026-02-28T21:04:58.374+0800] {logging_mixin.py:190} INFO - ==================================================
[2026-02-28T21:04:58.375+0800] {logging_mixin.py:190} INFO - 【并行消费者】所有测试执行完成
[2026-02-28T21:04:58.375+0800] {logging_mixin.py:190} INFO - ==================================================
[2026-02-28T21:04:58.376+0800] {python.py:240} INFO - Done. Returned value was: None
[2026-02-28T21:04:58.384+0800] {taskinstance.py:349} INFO - ::group::Post task execution logs
[2026-02-28T21:04:58.385+0800] {taskinstance.py:361} INFO - Marking task as SUCCESS. dag_id=cdrd_新增角色_编辑角色_并, task_id=并行执行消费者, run_id=manual__2026-02-28T13:04:27.659484+00:00, execution_date=20260228T130427, start_date=20260228T130447, end_date=20260228T130458
[2026-02-28T21:04:58.452+0800] {local_task_job_runner.py:266} INFO - Task exited with return code 0
[2026-02-28T21:04:58.472+0800] {taskinstance.py:3924} INFO - 0 downstream tasks scheduled from follow-on schedule check
[2026-02-28T21:04:58.472+0800] {local_task_job_runner.py:245} INFO - ::endgroup::
