[2026-02-27T14:03:19.597+0800] {local_task_job_runner.py:123} INFO - ::group::Pre task execution logs
[2026-02-27T14:03:19.616+0800] {taskinstance.py:2631} INFO - Dependencies all met for dep_context=non-requeueable deps ti=<TaskInstance: cdrd_新增角色_编辑角色.收尾工作 triggered_by_main_dag_1772172037 [queued]>
[2026-02-27T14:03:19.627+0800] {taskinstance.py:2631} INFO - Dependencies all met for dep_context=requeueable deps ti=<TaskInstance: cdrd_新增角色_编辑角色.收尾工作 triggered_by_main_dag_1772172037 [queued]>
[2026-02-27T14:03:19.627+0800] {taskinstance.py:2884} INFO - Starting attempt 1 of 1
[2026-02-27T14:03:19.641+0800] {taskinstance.py:2907} INFO - Executing <Task(PythonOperator): 收尾工作> on 2026-02-27 06:00:40+00:00
[2026-02-27T14:03:19.646+0800] {standard_task_runner.py:72} INFO - Started process 13539 to run task
[2026-02-27T14:03:19.653+0800] {standard_task_runner.py:104} INFO - Running: ['airflow', 'tasks', 'run', 'cdrd_新增角色_编辑角色', '收尾工作', 'triggered_by_main_dag_1772172037', '--job-id', '508', '--raw', '--subdir', 'DAGS_FOLDER/tag_CDRD/系统管理/角色管理/dag_新增角色_编辑角色.py', '--cfg-path', '/var/folders/f7/4z7jtb213fs0mtgbw_0vs2600000gn/T/tmp69ho1bk4']
[2026-02-27T14:03:19.658+0800] {standard_task_runner.py:105} INFO - Job 508: Subtask 收尾工作
[2026-02-27T14:03:19.708+0800] {task_command.py:467} INFO - Running <TaskInstance: cdrd_新增角色_编辑角色.收尾工作 triggered_by_main_dag_1772172037 [running]> on host localhost-2.local
[2026-02-27T14:03:19.787+0800] {taskinstance.py:3157} INFO - Exporting env vars: AIRFLOW_CTX_DAG_OWNER='airflow' AIRFLOW_CTX_DAG_ID='cdrd_新增角色_编辑角色' AIRFLOW_CTX_TASK_ID='收尾工作' AIRFLOW_CTX_EXECUTION_DATE='2026-02-27T06:00:40+00:00' AIRFLOW_CTX_TRY_NUMBER='1' AIRFLOW_CTX_DAG_RUN_ID='triggered_by_main_dag_1772172037'
[2026-02-27T14:03:19.789+0800] {taskinstance.py:740} INFO - ::endgroup::
[2026-02-27T14:03:19.813+0800] {logging_mixin.py:190} INFO - ==================================================
[2026-02-27T14:03:19.813+0800] {logging_mixin.py:190} INFO - 【收尾工作】开始汇总测试结果...
[2026-02-27T14:03:19.814+0800] {logging_mixin.py:190} INFO - ==================================================
[2026-02-27T14:03:19.821+0800] {logging_mixin.py:190} INFO - 消费者1结果: {'module': '系统管理-角色管理-新增角色', 'success_count': 0, 'fail_count': 1, 'total_count': 1}
[2026-02-27T14:03:19.822+0800] {logging_mixin.py:190} INFO - 消费者2结果: {'module': '系统管理-角色管理-编辑角色', 'success_count': 1, 'fail_count': 0, 'total_count': 1}
[2026-02-27T14:03:19.899+0800] {logging_mixin.py:190} INFO - ==================================================
[2026-02-27T14:03:19.899+0800] {logging_mixin.py:190} INFO - 【收尾工作】测试执行汇总 - 总计:2,通过:1,失败:1
[2026-02-27T14:03:19.900+0800] {logging_mixin.py:190} INFO - ==================================================
[2026-02-27T14:03:19.900+0800] {python.py:240} INFO - Done. Returned value was: {'summary': '总计:2,通过:1,失败:1', 'total_tests': 2, 'total_success': 1, 'total_fail': 1, 'execution_time': '2026-02-27 14:03:19'}
[2026-02-27T14:03:19.918+0800] {taskinstance.py:349} INFO - ::group::Post task execution logs
[2026-02-27T14:03:19.919+0800] {taskinstance.py:361} INFO - Marking task as SUCCESS. dag_id=cdrd_新增角色_编辑角色, task_id=收尾工作, run_id=triggered_by_main_dag_1772172037, execution_date=20260227T060040, start_date=20260227T060319, end_date=20260227T060319
[2026-02-27T14:03:19.977+0800] {local_task_job_runner.py:266} INFO - Task exited with return code 0
[2026-02-27T14:03:19.999+0800] {taskinstance.py:3924} INFO - 0 downstream tasks scheduled from follow-on schedule check
[2026-02-27T14:03:20.000+0800] {local_task_job_runner.py:245} INFO - ::endgroup::
