[2026-02-14T19:33:53.925+0800] {local_task_job_runner.py:123} INFO - ::group::Pre task execution logs
[2026-02-14T19:33:53.945+0800] {taskinstance.py:2631} INFO - Dependencies all met for dep_context=non-requeueable deps ti=<TaskInstance: branch_task_data_quality.branch_check_quality scheduled__2026-02-14T05:00:00+00:00 [queued]>
[2026-02-14T19:33:53.955+0800] {taskinstance.py:2631} INFO - Dependencies all met for dep_context=requeueable deps ti=<TaskInstance: branch_task_data_quality.branch_check_quality scheduled__2026-02-14T05:00:00+00:00 [queued]>
[2026-02-14T19:33:53.955+0800] {taskinstance.py:2884} INFO - Starting attempt 1 of 2
[2026-02-14T19:33:53.973+0800] {taskinstance.py:2907} INFO - Executing <Task(BranchPythonOperator): branch_check_quality> on 2026-02-14 05:00:00+00:00
[2026-02-14T19:33:53.977+0800] {standard_task_runner.py:72} INFO - Started process 2840 to run task
[2026-02-14T19:33:53.985+0800] {standard_task_runner.py:104} INFO - Running: ['airflow', 'tasks', 'run', 'branch_task_data_quality', 'branch_check_quality', 'scheduled__2026-02-14T05:00:00+00:00', '--job-id', '120', '--raw', '--subdir', 'DAGS_FOLDER/分支任务动态下游/branchDAG.py', '--cfg-path', '/var/folders/f7/4z7jtb213fs0mtgbw_0vs2600000gn/T/tmp3gg26vmx']
[2026-02-14T19:33:53.990+0800] {standard_task_runner.py:105} INFO - Job 120: Subtask branch_check_quality
[2026-02-14T19:33:54.045+0800] {task_command.py:467} INFO - Running <TaskInstance: branch_task_data_quality.branch_check_quality scheduled__2026-02-14T05:00:00+00:00 [running]> on host localhost-2.local
[2026-02-14T19:33:54.332+0800] {taskinstance.py:3157} INFO - Exporting env vars: AIRFLOW_CTX_DAG_OWNER='data_team' AIRFLOW_CTX_DAG_ID='branch_task_data_quality' AIRFLOW_CTX_TASK_ID='branch_check_quality' AIRFLOW_CTX_EXECUTION_DATE='2026-02-14T05:00:00+00:00' AIRFLOW_CTX_TRY_NUMBER='1' AIRFLOW_CTX_DAG_RUN_ID='scheduled__2026-02-14T05:00:00+00:00'
[2026-02-14T19:33:54.334+0800] {taskinstance.py:740} INFO - ::endgroup::
[2026-02-14T19:33:54.359+0800] {baseoperator.py:423} WARNING - BranchPythonOperator.execute cannot be called outside TaskInstance!
[2026-02-14T19:33:54.372+0800] {python.py:240} INFO - Done. Returned value was: task_process_normal
[2026-02-14T19:33:54.373+0800] {branch.py:38} INFO - Branch into task_process_normal
[2026-02-14T19:33:54.374+0800] {skipmixin.py:233} INFO - Following branch ('task_process_normal',)
[2026-02-14T19:33:54.381+0800] {skipmixin.py:281} INFO - Skipping tasks [('task_process_error', -1), ('task_process_warning', -1)]
[2026-02-14T19:33:54.400+0800] {taskinstance.py:349} INFO - ::group::Post task execution logs
[2026-02-14T19:33:54.401+0800] {taskinstance.py:361} INFO - Marking task as SUCCESS. dag_id=branch_task_data_quality, task_id=branch_check_quality, run_id=scheduled__2026-02-14T05:00:00+00:00, execution_date=20260214T050000, start_date=20260214T113353, end_date=20260214T113354
[2026-02-14T19:33:54.485+0800] {local_task_job_runner.py:266} INFO - Task exited with return code 0
[2026-02-14T19:33:54.527+0800] {taskinstance.py:3924} INFO - 1 downstream tasks scheduled from follow-on schedule check
[2026-02-14T19:33:54.529+0800] {local_task_job_runner.py:245} INFO - ::endgroup::
