[2026-02-28T15:05:21.372+0800] {local_task_job_runner.py:123} INFO - ::group::Pre task execution logs
[2026-02-28T15:05:21.390+0800] {taskinstance.py:2631} INFO - Dependencies all met for dep_context=non-requeueable deps ti=<TaskInstance: cdrd_新增用户.新增用户 manual__2026-02-28T07:05:02.403945+00:00 [queued]>
[2026-02-28T15:05:21.400+0800] {taskinstance.py:2631} INFO - Dependencies all met for dep_context=requeueable deps ti=<TaskInstance: cdrd_新增用户.新增用户 manual__2026-02-28T07:05:02.403945+00:00 [queued]>
[2026-02-28T15:05:21.400+0800] {taskinstance.py:2884} INFO - Starting attempt 1 of 1
[2026-02-28T15:05:21.413+0800] {taskinstance.py:2907} INFO - Executing <Task(PythonOperator): 新增用户> on 2026-02-28 07:05:02.403945+00:00
[2026-02-28T15:05:21.417+0800] {standard_task_runner.py:72} INFO - Started process 17458 to run task
[2026-02-28T15:05:21.424+0800] {standard_task_runner.py:104} INFO - Running: ['airflow', 'tasks', 'run', 'cdrd_新增用户', '新增用户', 'manual__2026-02-28T07:05:02.403945+00:00', '--job-id', '669', '--raw', '--subdir', 'DAGS_FOLDER/tag_CDRD/系统管理/用户管理/dag_新增用户.py', '--cfg-path', '/var/folders/f7/4z7jtb213fs0mtgbw_0vs2600000gn/T/tmp25lubcu0']
[2026-02-28T15:05:21.429+0800] {standard_task_runner.py:105} INFO - Job 669: Subtask 新增用户
[2026-02-28T15:05:21.483+0800] {task_command.py:467} INFO - Running <TaskInstance: cdrd_新增用户.新增用户 manual__2026-02-28T07:05:02.403945+00:00 [running]> on host localhost-2.local
[2026-02-28T15:05:21.569+0800] {taskinstance.py:3157} INFO - Exporting env vars: AIRFLOW_CTX_DAG_OWNER='airflow' AIRFLOW_CTX_DAG_ID='cdrd_新增用户' AIRFLOW_CTX_TASK_ID='新增用户' AIRFLOW_CTX_EXECUTION_DATE='2026-02-28T07:05:02.403945+00:00' AIRFLOW_CTX_TRY_NUMBER='1' AIRFLOW_CTX_DAG_RUN_ID='manual__2026-02-28T07:05:02.403945+00:00'
[2026-02-28T15:05:21.570+0800] {taskinstance.py:740} INFO - ::endgroup::
[2026-02-28T15:05:21.589+0800] {logging_mixin.py:190} INFO - ==================================================
[2026-02-28T15:05:21.590+0800] {logging_mixin.py:190} INFO - 【消费者1】开始执行系统管理-用户管理测试用例...
[2026-02-28T15:05:21.590+0800] {logging_mixin.py:190} INFO - ==================================================
[2026-02-28T15:05:21.596+0800] {logging_mixin.py:190} INFO - 从XCom获取到的测试用例数据: 1 条
[2026-02-28T15:05:21.596+0800] {logging_mixin.py:190} INFO - 执行脚本: /Users/linghuchong/Downloads/51/Python/project/instance/zyjk/CDRD/web/系统管理/用户管理/新增用户.py
[2026-02-28T15:05:21.975+0800] {logging_mixin.py:190} INFO - 随机生成测试数据: [['孙想', '13803308099', 'yang32@example.org', '350325', '753268']]
[2026-02-28T15:05:25.258+0800] {logging_mixin.py:190} INFO - 步骤[点击保存]截图已保存：/Users/linghuchong/Downloads/51/Python/project/instance/zyjk/CDRD/web/系统管理/用户管理/screenshots/新增用户/20260228_150524_点击保存.png
[2026-02-28T15:05:30.215+0800] {logging_mixin.py:190} INFO - 步骤[新增用户]截图已保存：/Users/linghuchong/Downloads/51/Python/project/instance/zyjk/CDRD/web/系统管理/用户管理/screenshots/新增用户/20260228_150529_新增用户.png
[2026-02-28T15:05:30.899+0800] {logging_mixin.py:190} INFO - 录屏文件已重命名为: /Users/linghuchong/Downloads/51/Python/project/instance/zyjk/CDRD/web/系统管理/用户管理/videos/新增用户/新增用户_20260228_150521.webm
[2026-02-28T15:05:30.912+0800] {logging_mixin.py:190} INFO - 脚本执行成功，返回值: {'nick_name': '孙想', 'phonenumber': '13803308099', 'email': 'yang32@example.org', 'user_name': '350325', 'job_num': '753268'}
[2026-02-28T15:05:30.913+0800] {logging_mixin.py:190} INFO - 解析验证数据: [{'k': "select count(*) as qty from sys_user where job_num='753268'", 'v': 1}]
[2026-02-28T15:05:30.921+0800] {logging_mixin.py:190} INFO - ✅ 通过校验 {'k': "select count(*) as qty from sys_user where job_num='753268'", 'v': 1}
[2026-02-28T15:05:30.985+0800] {logging_mixin.py:190} INFO - 解析后置数据: [["delete from sys_user where user_name='350325' and job_num='753268'"]]
[2026-02-28T15:05:30.986+0800] {logging_mixin.py:190} INFO - 166 delete from sys_user where user_name='350325' and job_num='753268'
[2026-02-28T15:05:30.989+0800] {logging_mixin.py:190} INFO - ✅ 后置操作 delete from sys_user where user_name='350325' and job_num='753268'
[2026-02-28T15:05:31.030+0800] {python.py:240} INFO - Done. Returned value was: None
[2026-02-28T15:05:31.047+0800] {taskinstance.py:349} INFO - ::group::Post task execution logs
[2026-02-28T15:05:31.048+0800] {taskinstance.py:361} INFO - Marking task as SUCCESS. dag_id=cdrd_新增用户, task_id=新增用户, run_id=manual__2026-02-28T07:05:02.403945+00:00, execution_date=20260228T070502, start_date=20260228T070521, end_date=20260228T070531
[2026-02-28T15:05:31.116+0800] {local_task_job_runner.py:266} INFO - Task exited with return code 0
[2026-02-28T15:05:31.164+0800] {taskinstance.py:3924} INFO - 1 downstream tasks scheduled from follow-on schedule check
[2026-02-28T15:05:31.166+0800] {local_task_job_runner.py:245} INFO - ::endgroup::
