[2026-03-01T18:40:19.661+0800] {local_task_job_runner.py:123} INFO - ::group::Pre task execution logs
[2026-03-01T18:40:19.814+0800] {taskinstance.py:2631} INFO - Dependencies all met for dep_context=non-requeueable deps ti=<TaskInstance: cdrd_角色管理.新增角色 manual__2026-03-01T10:39:58.638608+00:00 [queued]>
[2026-03-01T18:40:19.821+0800] {taskinstance.py:2631} INFO - Dependencies all met for dep_context=requeueable deps ti=<TaskInstance: cdrd_角色管理.新增角色 manual__2026-03-01T10:39:58.638608+00:00 [queued]>
[2026-03-01T18:40:19.822+0800] {taskinstance.py:2884} INFO - Starting attempt 1 of 1
[2026-03-01T18:40:19.836+0800] {taskinstance.py:2907} INFO - Executing <Task(PythonOperator): 新增角色> on 2026-03-01 10:39:58.638608+00:00
[2026-03-01T18:40:19.840+0800] {standard_task_runner.py:72} INFO - Started process 3271 to run task
[2026-03-01T18:40:19.847+0800] {standard_task_runner.py:104} INFO - Running: ['airflow', 'tasks', 'run', 'cdrd_角色管理', '新增角色', 'manual__2026-03-01T10:39:58.638608+00:00', '--job-id', '825', '--raw', '--subdir', 'DAGS_FOLDER/tag_CDRD/系统管理/角色管理/dag_新增角色_编辑角色.py', '--cfg-path', '/var/folders/f7/4z7jtb213fs0mtgbw_0vs2600000gn/T/tmpvoznlulj']
[2026-03-01T18:40:19.851+0800] {standard_task_runner.py:105} INFO - Job 825: Subtask 新增角色
[2026-03-01T18:40:19.900+0800] {task_command.py:467} INFO - Running <TaskInstance: cdrd_角色管理.新增角色 manual__2026-03-01T10:39:58.638608+00:00 [running]> on host localhost-2.local
[2026-03-01T18:40:19.973+0800] {taskinstance.py:3157} INFO - Exporting env vars: AIRFLOW_CTX_DAG_OWNER='airflow' AIRFLOW_CTX_DAG_ID='cdrd_角色管理' AIRFLOW_CTX_TASK_ID='新增角色' AIRFLOW_CTX_EXECUTION_DATE='2026-03-01T10:39:58.638608+00:00' AIRFLOW_CTX_TRY_NUMBER='1' AIRFLOW_CTX_DAG_RUN_ID='manual__2026-03-01T10:39:58.638608+00:00'
[2026-03-01T18:40:19.974+0800] {taskinstance.py:740} INFO - ::endgroup::
[2026-03-01T18:40:19.991+0800] {logging_mixin.py:190} INFO - ==================================================
[2026-03-01T18:40:19.992+0800] {logging_mixin.py:190} INFO - 【消费者1】开始执行系统管理-角色管理测试用例...
[2026-03-01T18:40:19.992+0800] {logging_mixin.py:190} INFO - ==================================================
[2026-03-01T18:40:19.998+0800] {logging_mixin.py:190} INFO - 从XCom获取到的测试用例数据: 3 条
[2026-03-01T18:40:19.998+0800] {logging_mixin.py:190} INFO - 
1, 执行脚本: /Users/linghuchong/Downloads/51/Python/project/instance/zyjk/CDRD/web/系统管理/角色管理/新增角色.py
[2026-03-01T18:40:20.361+0800] {logging_mixin.py:190} INFO - 新增角色，生成随机数据: [['甘建平', '170309', '111260', '海南省广州县静安海口路T座 317822']]
[2026-03-01T18:40:26.089+0800] {logging_mixin.py:190} INFO - 脚本执行成功，返回值: {'role_name': '甘建平', 'role_key': '170309', 'role_sort': '111260', 'remark': '海南省广州县静安海口路T座 317822'}
[2026-03-01T18:40:26.090+0800] {logging_mixin.py:190} INFO - 解析验证数据: [{'k': "select count(*) as qty from sys_role where role_name='甘建平'", 'v': 1}]
[2026-03-01T18:40:26.106+0800] {logging_mixin.py:190} INFO - ✅ 通过校验 {'k': "select count(*) as qty from sys_role where role_name='甘建平'", 'v': 1}
[2026-03-01T18:40:26.192+0800] {logging_mixin.py:190} INFO - 
2, 执行脚本: /Users/linghuchong/Downloads/51/Python/project/instance/zyjk/CDRD/web/系统管理/角色管理/编辑角色.py
[2026-03-01T18:40:26.230+0800] {logging_mixin.py:190} INFO - 编辑角色，生成指定数据: {'role_name': '7566', 'remark': 'today'}
[2026-03-01T18:40:31.558+0800] {logging_mixin.py:190} INFO - 脚本执行成功，返回值: {'role_name': '7566', 'remark': 'today'}
[2026-03-01T18:40:31.559+0800] {logging_mixin.py:190} INFO - 解析验证数据: [{'k': "select count(*) as qty from sys_role where role_name='7566'", 'v': 1}]
[2026-03-01T18:40:31.572+0800] {logging_mixin.py:190} INFO - ✅ 通过校验 {'k': "select count(*) as qty from sys_role where role_name='7566'", 'v': 1}
[2026-03-01T18:40:31.653+0800] {logging_mixin.py:190} INFO - 
3, 执行脚本: /Users/linghuchong/Downloads/51/Python/project/instance/zyjk/CDRD/web/系统管理/角色管理/编辑222角色.py
[2026-03-01T18:40:31.690+0800] {logging_mixin.py:190} INFO - 编辑222角色，生成随机数据: [['北京市涛县大东天津街T座 434197']]
[2026-03-01T18:40:37.340+0800] {logging_mixin.py:190} INFO - 脚本执行成功，返回值: {'remark': '北京市涛县大东天津街T座 434197'}
[2026-03-01T18:40:37.341+0800] {logging_mixin.py:190} INFO - 解析验证数据: [{'k': "select count(*) as qty from sys_role where remark='北京市涛县大东天津街T座 434197'", 'v': 1}]
[2026-03-01T18:40:37.351+0800] {logging_mixin.py:190} INFO - ✅ 通过校验 {'k': "select count(*) as qty from sys_role where remark='北京市涛县大东天津街T座 434197'", 'v': 1}
[2026-03-01T18:40:37.429+0800] {python.py:240} INFO - Done. Returned value was: None
[2026-03-01T18:40:37.438+0800] {taskinstance.py:349} INFO - ::group::Post task execution logs
[2026-03-01T18:40:37.439+0800] {taskinstance.py:361} INFO - Marking task as SUCCESS. dag_id=cdrd_角色管理, task_id=新增角色, run_id=manual__2026-03-01T10:39:58.638608+00:00, execution_date=20260301T103958, start_date=20260301T104019, end_date=20260301T104037
[2026-03-01T18:40:37.507+0800] {local_task_job_runner.py:266} INFO - Task exited with return code 0
[2026-03-01T18:40:37.526+0800] {taskinstance.py:3924} INFO - 0 downstream tasks scheduled from follow-on schedule check
[2026-03-01T18:40:37.526+0800] {local_task_job_runner.py:245} INFO - ::endgroup::
