[2026-02-27T15:29:00.832+0800] {local_task_job_runner.py:123} INFO - ::group::Pre task execution logs
[2026-02-27T15:29:00.850+0800] {taskinstance.py:2631} INFO - Dependencies all met for dep_context=non-requeueable deps ti=<TaskInstance: cdrd_新增角色_编辑角色.收尾工作 manual__2026-02-27T07:28:17.634534+00:00 [queued]>
[2026-02-27T15:29:00.858+0800] {taskinstance.py:2631} INFO - Dependencies all met for dep_context=requeueable deps ti=<TaskInstance: cdrd_新增角色_编辑角色.收尾工作 manual__2026-02-27T07:28:17.634534+00:00 [queued]>
[2026-02-27T15:29:00.859+0800] {taskinstance.py:2884} INFO - Starting attempt 1 of 1
[2026-02-27T15:29:00.873+0800] {taskinstance.py:2907} INFO - Executing <Task(PythonOperator): 收尾工作> on 2026-02-27 07:28:17.634534+00:00
[2026-02-27T15:29:00.877+0800] {standard_task_runner.py:72} INFO - Started process 17072 to run task
[2026-02-27T15:29:00.885+0800] {standard_task_runner.py:104} INFO - Running: ['airflow', 'tasks', 'run', 'cdrd_新增角色_编辑角色', '收尾工作', 'manual__2026-02-27T07:28:17.634534+00:00', '--job-id', '529', '--raw', '--subdir', 'DAGS_FOLDER/tag_CDRD/系统管理/角色管理/dag_新增角色_编辑角色_并.py', '--cfg-path', '/var/folders/f7/4z7jtb213fs0mtgbw_0vs2600000gn/T/tmpl5wkng23']
[2026-02-27T15:29:00.890+0800] {standard_task_runner.py:105} INFO - Job 529: Subtask 收尾工作
[2026-02-27T15:29:00.941+0800] {task_command.py:467} INFO - Running <TaskInstance: cdrd_新增角色_编辑角色.收尾工作 manual__2026-02-27T07:28:17.634534+00:00 [running]> on host localhost-2.local
[2026-02-27T15:29:01.031+0800] {taskinstance.py:3157} INFO - Exporting env vars: AIRFLOW_CTX_DAG_OWNER='airflow' AIRFLOW_CTX_DAG_ID='cdrd_新增角色_编辑角色' AIRFLOW_CTX_TASK_ID='收尾工作' AIRFLOW_CTX_EXECUTION_DATE='2026-02-27T07:28:17.634534+00:00' AIRFLOW_CTX_TRY_NUMBER='1' AIRFLOW_CTX_DAG_RUN_ID='manual__2026-02-27T07:28:17.634534+00:00'
[2026-02-27T15:29:01.033+0800] {taskinstance.py:740} INFO - ::endgroup::
[2026-02-27T15:29:01.052+0800] {logging_mixin.py:190} INFO - ==================================================
[2026-02-27T15:29:01.053+0800] {logging_mixin.py:190} INFO - 【收尾工作】开始汇总测试结果...
[2026-02-27T15:29:01.053+0800] {logging_mixin.py:190} INFO - ==================================================
[2026-02-27T15:29:01.061+0800] {logging_mixin.py:190} INFO - 消费者结果: {'新增角色': {'module': '系统管理-角色管理-新增角色', 'success_count': 0, 'fail_count': 1, 'total_count': 1}, '编辑角色': {'module': '系统管理-角色管理-编辑角色', 'success_count': 1, 'fail_count': 0, 'total_count': 1}}
[2026-02-27T15:29:01.062+0800] {logging_mixin.py:190} INFO - 新增角色 - 成功: 0, 失败: 1
[2026-02-27T15:29:01.062+0800] {logging_mixin.py:190} INFO - 编辑角色 - 成功: 1, 失败: 0
[2026-02-27T15:29:01.151+0800] {logging_mixin.py:190} INFO - ==================================================
[2026-02-27T15:29:01.152+0800] {logging_mixin.py:190} INFO - 【收尾工作】测试执行汇总 - 总计:2,通过:1,失败:1
[2026-02-27T15:29:01.152+0800] {logging_mixin.py:190} INFO - ==================================================
[2026-02-27T15:29:01.153+0800] {python.py:240} INFO - Done. Returned value was: {'summary': '总计:2,通过:1,失败:1', 'total_tests': 2, 'total_success': 1, 'total_fail': 1, 'execution_time': '2026-02-27 15:29:01', 'detailed_results': {'新增角色': {'module': '系统管理-角色管理-新增角色', 'success_count': 0, 'fail_count': 1, 'total_count': 1}, '编辑角色': {'module': '系统管理-角色管理-编辑角色', 'success_count': 1, 'fail_count': 0, 'total_count': 1}}}
[2026-02-27T15:29:01.170+0800] {taskinstance.py:349} INFO - ::group::Post task execution logs
[2026-02-27T15:29:01.171+0800] {taskinstance.py:361} INFO - Marking task as SUCCESS. dag_id=cdrd_新增角色_编辑角色, task_id=收尾工作, run_id=manual__2026-02-27T07:28:17.634534+00:00, execution_date=20260227T072817, start_date=20260227T072900, end_date=20260227T072901
[2026-02-27T15:29:01.207+0800] {local_task_job_runner.py:266} INFO - Task exited with return code 0
[2026-02-27T15:29:01.232+0800] {taskinstance.py:3924} INFO - 0 downstream tasks scheduled from follow-on schedule check
[2026-02-27T15:29:01.233+0800] {local_task_job_runner.py:245} INFO - ::endgroup::
