[2026-02-26T18:14:10.967+0800] {local_task_job_runner.py:123} INFO - ::group::Pre task execution logs
[2026-02-26T18:14:10.982+0800] {taskinstance.py:2631} INFO - Dependencies all met for dep_context=non-requeueable deps ti=<TaskInstance: c_cdrd_DAG2.c_cdrd_TASK2 dataset_triggered__2026-02-26T10:13:51.515976+00:00 [queued]>
[2026-02-26T18:14:10.989+0800] {taskinstance.py:2631} INFO - Dependencies all met for dep_context=requeueable deps ti=<TaskInstance: c_cdrd_DAG2.c_cdrd_TASK2 dataset_triggered__2026-02-26T10:13:51.515976+00:00 [queued]>
[2026-02-26T18:14:10.989+0800] {taskinstance.py:2884} INFO - Starting attempt 1 of 1
[2026-02-26T18:14:11.003+0800] {taskinstance.py:2907} INFO - Executing <Task(PythonOperator): c_cdrd_TASK2> on 2026-02-26 10:13:51.515976+00:00
[2026-02-26T18:14:11.007+0800] {standard_task_runner.py:72} INFO - Started process 22823 to run task
[2026-02-26T18:14:11.015+0800] {standard_task_runner.py:104} INFO - Running: ['airflow', 'tasks', 'run', 'c_cdrd_DAG2', 'c_cdrd_TASK2', 'dataset_triggered__2026-02-26T10:13:51.515976+00:00', '--job-id', '448', '--raw', '--subdir', 'DAGS_FOLDER/tag_CDRD/cdrd_1p1n2t.py', '--cfg-path', '/var/folders/f7/4z7jtb213fs0mtgbw_0vs2600000gn/T/tmpnr08kyec']
[2026-02-26T18:14:11.019+0800] {standard_task_runner.py:105} INFO - Job 448: Subtask c_cdrd_TASK2
[2026-02-26T18:14:11.069+0800] {task_command.py:467} INFO - Running <TaskInstance: c_cdrd_DAG2.c_cdrd_TASK2 dataset_triggered__2026-02-26T10:13:51.515976+00:00 [running]> on host localhost-2.local
[2026-02-26T18:14:11.148+0800] {taskinstance.py:3157} INFO - Exporting env vars: AIRFLOW_CTX_DAG_OWNER='airflow' AIRFLOW_CTX_DAG_ID='c_cdrd_DAG2' AIRFLOW_CTX_TASK_ID='c_cdrd_TASK2' AIRFLOW_CTX_EXECUTION_DATE='2026-02-26T10:13:51.515976+00:00' AIRFLOW_CTX_TRY_NUMBER='1' AIRFLOW_CTX_DAG_RUN_ID='dataset_triggered__2026-02-26T10:13:51.515976+00:00'
[2026-02-26T18:14:11.156+0800] {taskinstance.py:740} INFO - ::endgroup::
[2026-02-26T18:14:11.186+0800] {logging_mixin.py:190} INFO - ✅ 成功从消费者 p_cdrd_all.p_cdrd_TASK 获取 XCom 值: [[11, '系统管理', '用户管理', None, '[{"k": "select count(*) as qty from sys_user where job_num=\'{result[\'job_num\']}\'", "v": 1},{"k": "select count(*) as qty from sys_user where user_name=\'{result[\'user_name\']}\'", "v": 2}]', '新增用户.py'], [12, '系统管理', '角色管理', None, '[{"k": "select count(*) as qty from sys_role where role_name=\'{result[\'role_name\']}\'", "v": 1}]', '编辑角色.py']]
[2026-02-26T18:14:16.521+0800] {logging_mixin.py:190} INFO - 最终返回结果: {'role_name': '555', 'remark': '1234'}
[2026-02-26T18:14:16.523+0800] {logging_mixin.py:190} INFO - 正则替换结果: [{"k": "select count(*) as qty from sys_role where role_name='555'", "v": 1}]
[2026-02-26T18:14:16.524+0800] {logging_mixin.py:190} INFO - 解析后的验证数据: [{'k': "select count(*) as qty from sys_role where role_name='555'", 'v': 1}]
[2026-02-26T18:14:16.529+0800] {logging_mixin.py:190} INFO - 查询结果: 1
[2026-02-26T18:14:16.529+0800] {logging_mixin.py:190} INFO - ✅ 断言通过
[2026-02-26T18:14:16.591+0800] {python.py:240} INFO - Done. Returned value was: None
[2026-02-26T18:14:16.637+0800] {taskinstance.py:349} INFO - ::group::Post task execution logs
[2026-02-26T18:14:16.638+0800] {taskinstance.py:361} INFO - Marking task as SUCCESS. dag_id=c_cdrd_DAG2, task_id=c_cdrd_TASK2, run_id=dataset_triggered__2026-02-26T10:13:51.515976+00:00, execution_date=20260226T101351, start_date=20260226T101410, end_date=20260226T101416
[2026-02-26T18:14:16.729+0800] {local_task_job_runner.py:266} INFO - Task exited with return code 0
[2026-02-26T18:14:16.746+0800] {taskinstance.py:3924} INFO - 0 downstream tasks scheduled from follow-on schedule check
[2026-02-26T18:14:16.747+0800] {local_task_job_runner.py:245} INFO - ::endgroup::
