[2026-02-13T11:46:33.715+0800] {local_task_job_runner.py:123} INFO - ::group::Pre task execution logs
[2026-02-13T11:46:33.729+0800] {taskinstance.py:2631} INFO - Dependencies all met for dep_context=non-requeueable deps ti=<TaskInstance: producer_dw_order_sync.sync_order_data manual__2026-02-13T03:46:26.998824+00:00 [queued]>
[2026-02-13T11:46:33.734+0800] {taskinstance.py:2631} INFO - Dependencies all met for dep_context=requeueable deps ti=<TaskInstance: producer_dw_order_sync.sync_order_data manual__2026-02-13T03:46:26.998824+00:00 [queued]>
[2026-02-13T11:46:33.734+0800] {taskinstance.py:2884} INFO - Starting attempt 1 of 1
[2026-02-13T11:46:33.863+0800] {taskinstance.py:2907} INFO - Executing <Task(PythonOperator): sync_order_data> on 2026-02-13 03:46:26.998824+00:00
[2026-02-13T11:46:33.867+0800] {standard_task_runner.py:72} INFO - Started process 7653 to run task
[2026-02-13T11:46:33.875+0800] {standard_task_runner.py:104} INFO - Running: ['airflow', 'tasks', 'run', 'producer_dw_order_sync', 'sync_order_data', 'manual__2026-02-13T03:46:26.998824+00:00', '--job-id', '51', '--raw', '--subdir', 'DAGS_FOLDER/dataset_demo.py', '--cfg-path', '/var/folders/f7/4z7jtb213fs0mtgbw_0vs2600000gn/T/tmp6hfzomty']
[2026-02-13T11:46:33.879+0800] {standard_task_runner.py:105} INFO - Job 51: Subtask sync_order_data
[2026-02-13T11:46:33.926+0800] {task_command.py:467} INFO - Running <TaskInstance: producer_dw_order_sync.sync_order_data manual__2026-02-13T03:46:26.998824+00:00 [running]> on host localhost-2.local
[2026-02-13T11:46:34.005+0800] {taskinstance.py:3157} INFO - Exporting env vars: AIRFLOW_CTX_DAG_OWNER='airflow' AIRFLOW_CTX_DAG_ID='producer_dw_order_sync' AIRFLOW_CTX_TASK_ID='sync_order_data' AIRFLOW_CTX_EXECUTION_DATE='2026-02-13T03:46:26.998824+00:00' AIRFLOW_CTX_TRY_NUMBER='1' AIRFLOW_CTX_DAG_RUN_ID='manual__2026-02-13T03:46:26.998824+00:00'
[2026-02-13T11:46:34.007+0800] {taskinstance.py:740} INFO - ::endgroup::
[2026-02-13T11:46:34.029+0800] {logging_mixin.py:190} INFO - 开始同步订单数据...
[2026-02-13T11:46:34.030+0800] {logging_mixin.py:190} INFO - 订单数据同步完成！已更新 dw_order 表
[2026-02-13T11:46:34.036+0800] {base.py:84} INFO - Retrieving connection 'mysql_234_crm'
[2026-02-13T11:46:34.084+0800] {sql.py:457} INFO - Running statement: UPDATE a_test1 SET sex = 6 where name='titi', parameters: None
[2026-02-13T11:46:34.098+0800] {sql.py:466} INFO - Rows affected: 0
[2026-02-13T11:46:34.110+0800] {base.py:84} INFO - Retrieving connection 'mysql_234_crm'
[2026-02-13T11:46:34.169+0800] {sql.py:457} INFO - Running statement:  SELECT sex FROM a_test1 where name='titi', parameters: None
[2026-02-13T11:46:34.186+0800] {sql.py:466} INFO - Rows affected: 1
[2026-02-13T11:46:34.194+0800] {logging_mixin.py:190} INFO - ✅ MySQL 连接成功！测试查询结果: ('6',)
[2026-02-13T11:46:34.195+0800] {python.py:240} INFO - Done. Returned value was: ('6',)
[2026-02-13T11:46:34.216+0800] {taskinstance.py:349} INFO - ::group::Post task execution logs
[2026-02-13T11:46:34.217+0800] {taskinstance.py:361} INFO - Marking task as SUCCESS. dag_id=producer_dw_order_sync, task_id=sync_order_data, run_id=manual__2026-02-13T03:46:26.998824+00:00, execution_date=20260213T034626, start_date=20260213T034633, end_date=20260213T034634
[2026-02-13T11:46:34.286+0800] {local_task_job_runner.py:266} INFO - Task exited with return code 0
[2026-02-13T11:46:34.306+0800] {taskinstance.py:3924} INFO - 0 downstream tasks scheduled from follow-on schedule check
[2026-02-13T11:46:34.307+0800] {local_task_job_runner.py:245} INFO - ::endgroup::
