[2026-02-28T20:05:46.953+0800] {local_task_job_runner.py:123} INFO - ::group::Pre task execution logs
[2026-02-28T20:05:47.106+0800] {taskinstance.py:2631} INFO - Dependencies all met for dep_context=non-requeueable deps ti=<TaskInstance: cdrd_新增角色_编辑角色_并.并行执行消费者 manual__2026-02-28T12:05:28.425196+00:00 [queued]>
[2026-02-28T20:05:47.114+0800] {taskinstance.py:2631} INFO - Dependencies all met for dep_context=requeueable deps ti=<TaskInstance: cdrd_新增角色_编辑角色_并.并行执行消费者 manual__2026-02-28T12:05:28.425196+00:00 [queued]>
[2026-02-28T20:05:47.115+0800] {taskinstance.py:2884} INFO - Starting attempt 1 of 1
[2026-02-28T20:05:47.131+0800] {taskinstance.py:2907} INFO - Executing <Task(PythonOperator): 并行执行消费者> on 2026-02-28 12:05:28.425196+00:00
[2026-02-28T20:05:47.134+0800] {standard_task_runner.py:72} INFO - Started process 2157 to run task
[2026-02-28T20:05:47.141+0800] {standard_task_runner.py:104} INFO - Running: ['airflow', 'tasks', 'run', 'cdrd_新增角色_编辑角色_并', '并行执行消费者', 'manual__2026-02-28T12:05:28.425196+00:00', '--job-id', '714', '--raw', '--subdir', 'DAGS_FOLDER/tag_CDRD/系统管理/角色管理/dag_新增角色_编辑角色_并.py', '--cfg-path', '/var/folders/f7/4z7jtb213fs0mtgbw_0vs2600000gn/T/tmprav1hije']
[2026-02-28T20:05:47.145+0800] {standard_task_runner.py:105} INFO - Job 714: Subtask 并行执行消费者
[2026-02-28T20:05:47.195+0800] {task_command.py:467} INFO - Running <TaskInstance: cdrd_新增角色_编辑角色_并.并行执行消费者 manual__2026-02-28T12:05:28.425196+00:00 [running]> on host localhost-2.local
[2026-02-28T20:05:47.269+0800] {taskinstance.py:3157} INFO - Exporting env vars: AIRFLOW_CTX_DAG_OWNER='airflow' AIRFLOW_CTX_DAG_ID='cdrd_新增角色_编辑角色_并' AIRFLOW_CTX_TASK_ID='并行执行消费者' AIRFLOW_CTX_EXECUTION_DATE='2026-02-28T12:05:28.425196+00:00' AIRFLOW_CTX_TRY_NUMBER='1' AIRFLOW_CTX_DAG_RUN_ID='manual__2026-02-28T12:05:28.425196+00:00'
[2026-02-28T20:05:47.270+0800] {taskinstance.py:740} INFO - ::endgroup::
[2026-02-28T20:05:47.287+0800] {logging_mixin.py:190} INFO - ==================================================
[2026-02-28T20:05:47.288+0800] {logging_mixin.py:190} INFO - 【并行消费者】开始同时执行新增角色和编辑角色测试...
[2026-02-28T20:05:47.288+0800] {logging_mixin.py:190} INFO - ==================================================
[2026-02-28T20:05:47.294+0800] {logging_mixin.py:190} INFO - 从XCom获取到的测试用例数据: 2 条
[2026-02-28T20:05:47.295+0800] {logging_mixin.py:190} INFO - ===================== 新增角色1 消费者开始执行 ====================
[2026-02-28T20:05:47.295+0800] {logging_mixin.py:190} INFO - ===================== 编辑角色2 消费者开始执行 ====================
[2026-02-28T20:05:47.296+0800] {logging_mixin.py:190} INFO - [新增角色1] 跳过不匹配的测试用例: 新增角色
[2026-02-28T20:05:47.296+0800] {logging_mixin.py:190} INFO - [编辑角色2] 跳过不匹配的测试用例: 新增角色
[2026-02-28T20:05:47.297+0800] {logging_mixin.py:190} INFO - [新增角色1] 找到测试用例: 编辑角色
[2026-02-28T20:05:47.297+0800] {logging_mixin.py:190} INFO - [编辑角色2] 找到测试用例: 编辑角色
[2026-02-28T20:05:47.298+0800] {logging_mixin.py:190} INFO - [新增角色1] 执行路径: 系统管理/角色管理/编辑角色.py
[2026-02-28T20:05:47.298+0800] {logging_mixin.py:190} INFO - [编辑角色2] 执行路径: 系统管理/角色管理/编辑角色.py
[2026-02-28T20:05:47.299+0800] {logging_mixin.py:190} INFO - [Consumer_0] 开始执行测试用例: 系统管理/角色管理/编辑角色.py
[2026-02-28T20:05:47.299+0800] {logging_mixin.py:190} INFO - [Consumer_1] 开始执行测试用例: 系统管理/角色管理/编辑角色.py
[2026-02-28T20:05:47.299+0800] {logging_mixin.py:190} INFO - [线程 Consumer_0] 准备执行Playwright脚本: /Users/linghuchong/Downloads/51/Python/project/instance/zyjk/CDRD/web/系统管理/角色管理/编辑角色.py
[2026-02-28T20:05:47.300+0800] {logging_mixin.py:190} INFO - [线程 Consumer_1] 准备执行Playwright脚本: /Users/linghuchong/Downloads/51/Python/project/instance/zyjk/CDRD/web/系统管理/角色管理/编辑角色.py
[2026-02-28T20:05:47.609+0800] {logging_mixin.py:190} INFO - [线程 Consumer_1] ✅ 找到run_playwright函数，开始执行...
[2026-02-28T20:05:47.609+0800] {logging_mixin.py:190} INFO - [线程 Consumer_0] ✅ 找到run_playwright函数，开始执行...
[2026-02-28T20:05:54.134+0800] {logging_mixin.py:190} INFO - [线程 Consumer_0] ✅ Playwright执行完成，返回结果: {'role_name': '555', 'remark': '1234'}
[2026-02-28T20:05:54.135+0800] {logging_mixin.py:190} INFO - [Consumer_0] Playwright执行结果: {'role_name': '555', 'remark': '1234'}
[2026-02-28T20:05:54.136+0800] {logging_mixin.py:190} INFO - [Consumer_0] 正则替换结果: [{"k": "select count(*) as qty from sys_role where role_name='555'", "v": 1}]
[2026-02-28T20:05:54.136+0800] {logging_mixin.py:190} INFO - [Consumer_0] 解析后的验证数据: [{'k': "select count(*) as qty from sys_role where role_name='555'", 'v': 1}]
[2026-02-28T20:05:54.147+0800] {logging_mixin.py:190} INFO - [Consumer_0] 查询结果: 1
[2026-02-28T20:05:54.148+0800] {logging_mixin.py:190} INFO - [Consumer_0] ✅ 断言通过
[2026-02-28T20:05:54.197+0800] {logging_mixin.py:190} INFO - [新增角色1] ✅ 测试用例执行成功
[2026-02-28T20:05:54.198+0800] {logging_mixin.py:190} INFO - ===================== 新增角色1 消费者执行完成 ====================
[2026-02-28T20:05:54.199+0800] {logging_mixin.py:190} INFO - [新增角色1] 成功: 1, 失败: 0
[2026-02-28T20:05:57.291+0800] {logging_mixin.py:190} INFO - [线程 Consumer_1] ❌ 执行失败: Target page, context or browser has been closed
[2026-02-28T20:05:57.292+0800] {logging_mixin.py:190} WARNING - Traceback (most recent call last):
[2026-02-28T20:05:57.293+0800] {logging_mixin.py:190} WARNING -   File "/Users/linghuchong/Downloads/51/Python/project/instance/airflow284/dags/tag_CDRD/系统管理/角色管理/dag_新增角色_编辑角色_并.py", line 126, in execute_playwright_script
    result = module.run_playwright()
[2026-02-28T20:05:57.293+0800] {logging_mixin.py:190} WARNING -   File "/Users/linghuchong/Downloads/51/Python/project/instance/zyjk/CDRD/web/系统管理/角色管理/编辑角色.py", line 99, in run_playwright
    page.get_by_text("系统管理").click()
[2026-02-28T20:05:57.294+0800] {logging_mixin.py:190} WARNING -   File "/Users/linghuchong/miniconda3/envs/py310/lib/python3.10/site-packages/playwright/sync_api/_generated.py", line 15784, in click
    self._sync(
[2026-02-28T20:05:57.294+0800] {logging_mixin.py:190} WARNING -   File "/Users/linghuchong/miniconda3/envs/py310/lib/python3.10/site-packages/playwright/_impl/_sync_base.py", line 115, in _sync
    return task.result()
[2026-02-28T20:05:57.295+0800] {logging_mixin.py:190} WARNING -   File "/Users/linghuchong/miniconda3/envs/py310/lib/python3.10/site-packages/playwright/_impl/_locator.py", line 159, in click
    return await self._frame.click(self._selector, strict=True, **params)
[2026-02-28T20:05:57.295+0800] {logging_mixin.py:190} WARNING -   File "/Users/linghuchong/miniconda3/envs/py310/lib/python3.10/site-packages/playwright/_impl/_frame.py", line 484, in click
    await self._channel.send("click", locals_to_params(locals()))
[2026-02-28T20:05:57.295+0800] {logging_mixin.py:190} WARNING -   File "/Users/linghuchong/miniconda3/envs/py310/lib/python3.10/site-packages/playwright/_impl/_connection.py", line 62, in send
    return await self._connection.wrap_api_call(
[2026-02-28T20:05:57.296+0800] {logging_mixin.py:190} WARNING -   File "/Users/linghuchong/miniconda3/envs/py310/lib/python3.10/site-packages/playwright/_impl/_connection.py", line 492, in wrap_api_call
    return await cb()
[2026-02-28T20:05:57.296+0800] {logging_mixin.py:190} WARNING -   File "/Users/linghuchong/miniconda3/envs/py310/lib/python3.10/site-packages/playwright/_impl/_connection.py", line 100, in inner_send
    result = next(iter(done)).result()
[2026-02-28T20:05:57.297+0800] {logging_mixin.py:190} WARNING - playwright._impl._errors.TargetClosedError: Target page, context or browser has been closed
[2026-02-28T20:05:57.297+0800] {logging_mixin.py:190} INFO - [Consumer_1] Playwright执行结果: None
[2026-02-28T20:05:57.298+0800] {logging_mixin.py:190} INFO - [Consumer_1] ❌ Playwright执行失败，测试用例失败
[2026-02-28T20:05:57.298+0800] {logging_mixin.py:190} INFO - [编辑角色2] ❌ 测试用例执行失败
[2026-02-28T20:05:57.299+0800] {logging_mixin.py:190} INFO - ===================== 编辑角色2 消费者执行完成 ====================
[2026-02-28T20:05:57.299+0800] {logging_mixin.py:190} INFO - [编辑角色2] 成功: 0, 失败: 1
[2026-02-28T20:05:57.300+0800] {logging_mixin.py:190} INFO - ==================================================
[2026-02-28T20:05:57.300+0800] {logging_mixin.py:190} INFO - 【并行消费者】所有测试执行完成
[2026-02-28T20:05:57.300+0800] {logging_mixin.py:190} INFO - ==================================================
[2026-02-28T20:05:57.301+0800] {python.py:240} INFO - Done. Returned value was: {'新增角色': {'module': '系统管理-角色管理-新增角色1', 'success_count': 1, 'fail_count': 0, 'total_count': 1}, '编辑角色': {'module': '系统管理-角色管理-编辑角色2', 'success_count': 0, 'fail_count': 1, 'total_count': 1}}
[2026-02-28T20:05:57.320+0800] {taskinstance.py:349} INFO - ::group::Post task execution logs
[2026-02-28T20:05:57.321+0800] {taskinstance.py:361} INFO - Marking task as SUCCESS. dag_id=cdrd_新增角色_编辑角色_并, task_id=并行执行消费者, run_id=manual__2026-02-28T12:05:28.425196+00:00, execution_date=20260228T120528, start_date=20260228T120547, end_date=20260228T120557
[2026-02-28T20:05:57.391+0800] {local_task_job_runner.py:266} INFO - Task exited with return code 0
[2026-02-28T20:05:57.409+0800] {taskinstance.py:3924} INFO - 0 downstream tasks scheduled from follow-on schedule check
[2026-02-28T20:05:57.410+0800] {local_task_job_runner.py:245} INFO - ::endgroup::
