[2026-02-28T21:15:10.421+0800] {local_task_job_runner.py:123} INFO - ::group::Pre task execution logs
[2026-02-28T21:15:10.437+0800] {taskinstance.py:2631} INFO - Dependencies all met for dep_context=non-requeueable deps ti=<TaskInstance: cdrd_新增角色_编辑角色_并.并行执行消费者 manual__2026-02-28T13:14:49.556128+00:00 [queued]>
[2026-02-28T21:15:10.444+0800] {taskinstance.py:2631} INFO - Dependencies all met for dep_context=requeueable deps ti=<TaskInstance: cdrd_新增角色_编辑角色_并.并行执行消费者 manual__2026-02-28T13:14:49.556128+00:00 [queued]>
[2026-02-28T21:15:10.445+0800] {taskinstance.py:2884} INFO - Starting attempt 1 of 1
[2026-02-28T21:15:10.457+0800] {taskinstance.py:2907} INFO - Executing <Task(PythonOperator): 并行执行消费者> on 2026-02-28 13:14:49.556128+00:00
[2026-02-28T21:15:10.461+0800] {standard_task_runner.py:72} INFO - Started process 5135 to run task
[2026-02-28T21:15:10.468+0800] {standard_task_runner.py:104} INFO - Running: ['airflow', 'tasks', 'run', 'cdrd_新增角色_编辑角色_并', '并行执行消费者', 'manual__2026-02-28T13:14:49.556128+00:00', '--job-id', '744', '--raw', '--subdir', 'DAGS_FOLDER/tag_CDRD/系统管理/角色管理/dag_新增角色_编辑角色_并.py', '--cfg-path', '/var/folders/f7/4z7jtb213fs0mtgbw_0vs2600000gn/T/tmpzugv7tt6']
[2026-02-28T21:15:10.472+0800] {standard_task_runner.py:105} INFO - Job 744: Subtask 并行执行消费者
[2026-02-28T21:15:10.517+0800] {task_command.py:467} INFO - Running <TaskInstance: cdrd_新增角色_编辑角色_并.并行执行消费者 manual__2026-02-28T13:14:49.556128+00:00 [running]> on host localhost-2.local
[2026-02-28T21:15:10.592+0800] {taskinstance.py:3157} INFO - Exporting env vars: AIRFLOW_CTX_DAG_OWNER='airflow' AIRFLOW_CTX_DAG_ID='cdrd_新增角色_编辑角色_并' AIRFLOW_CTX_TASK_ID='并行执行消费者' AIRFLOW_CTX_EXECUTION_DATE='2026-02-28T13:14:49.556128+00:00' AIRFLOW_CTX_TRY_NUMBER='1' AIRFLOW_CTX_DAG_RUN_ID='manual__2026-02-28T13:14:49.556128+00:00'
[2026-02-28T21:15:10.593+0800] {taskinstance.py:740} INFO - ::endgroup::
[2026-02-28T21:15:10.611+0800] {logging_mixin.py:190} INFO - ==================================================
[2026-02-28T21:15:10.612+0800] {logging_mixin.py:190} INFO - 【并行消费者】开始执行测试任务...
[2026-02-28T21:15:10.613+0800] {logging_mixin.py:190} INFO - ==================================================
[2026-02-28T21:15:10.619+0800] {logging_mixin.py:190} INFO - 从XCom获取到的测试用例数据: 2 条
[2026-02-28T21:15:10.619+0800] {logging_mixin.py:190} INFO - 发现 2 种不同的任务类型: ['新增角色', '编辑角色']
[2026-02-28T21:15:10.620+0800] {logging_mixin.py:190} INFO - 提交任务: 新增角色
[2026-02-28T21:15:10.620+0800] {logging_mixin.py:190} INFO - ===================== 新增角色 消费者开始执行 ====================
[2026-02-28T21:15:10.621+0800] {logging_mixin.py:190} INFO - 提交任务: 编辑角色
[2026-02-28T21:15:10.621+0800] {logging_mixin.py:190} INFO - [新增角色] 找到测试用例: 新增角色
[2026-02-28T21:15:10.622+0800] {logging_mixin.py:190} INFO - ===================== 编辑角色 消费者开始执行 ====================
[2026-02-28T21:15:10.622+0800] {logging_mixin.py:190} INFO - 开始等待 2 个任务完成...
[2026-02-28T21:15:10.623+0800] {logging_mixin.py:190} INFO - [Consumer_0] 开始执行测试用例: 系统管理/角色管理/新增角色.py
[2026-02-28T21:15:10.623+0800] {logging_mixin.py:190} INFO - [编辑角色] 跳过不匹配的测试用例: 新增角色
[2026-02-28T21:15:10.624+0800] {logging_mixin.py:190} INFO - [线程 Consumer_0] 准备执行Playwright脚本: /Users/linghuchong/Downloads/51/Python/project/instance/zyjk/CDRD/web/系统管理/角色管理/新增角色.py
[2026-02-28T21:15:10.625+0800] {logging_mixin.py:190} INFO - [编辑角色] 找到测试用例: 编辑角色
[2026-02-28T21:15:10.626+0800] {logging_mixin.py:190} INFO - [Consumer_1] 开始执行测试用例: 系统管理/角色管理/编辑角色.py
[2026-02-28T21:15:10.627+0800] {logging_mixin.py:190} INFO - [线程 Consumer_1] 准备执行Playwright脚本: /Users/linghuchong/Downloads/51/Python/project/instance/zyjk/CDRD/web/系统管理/角色管理/编辑角色.py
[2026-02-28T21:15:10.910+0800] {logging_mixin.py:190} INFO - [线程 Consumer_1] ✅ 找到run_playwright函数，开始执行...
[2026-02-28T21:15:10.909+0800] {logging_mixin.py:190} INFO - 随机生成测试数据: [['彭兰英', '713871', '854253', '山西省银川县东丽李街A座 217985']]
[2026-02-28T21:15:10.912+0800] {logging_mixin.py:190} INFO - [线程 Consumer_0] ✅ 找到run_playwright函数，开始执行...
[2026-02-28T21:15:17.435+0800] {logging_mixin.py:190} INFO - [线程 Consumer_1] ✅ Playwright执行完成，返回结果: {'role_name': '555', 'remark': '1234'}
[2026-02-28T21:15:17.437+0800] {logging_mixin.py:190} INFO - [Consumer_1] Playwright执行结果: {'role_name': '555', 'remark': '1234'}
[2026-02-28T21:15:17.438+0800] {logging_mixin.py:190} INFO - [Consumer_1] 正则替换结果: [{"k": "select count(*) as qty from sys_role where role_name='555'", "v": 1}]
[2026-02-28T21:15:17.438+0800] {logging_mixin.py:190} INFO - [Consumer_1] 解析后的验证数据: [{'k': "select count(*) as qty from sys_role where role_name='555'", 'v': 1}]
[2026-02-28T21:15:17.452+0800] {logging_mixin.py:190} INFO - [Consumer_1] ✅ 通过校验 {'k': "select count(*) as qty from sys_role where role_name='555'", 'v': 1}
[2026-02-28T21:15:17.547+0800] {logging_mixin.py:190} INFO - ===================== 编辑角色 消费者执行完成 ====================
[2026-02-28T21:15:17.938+0800] {logging_mixin.py:190} INFO - [线程 Consumer_0] ✅ Playwright执行完成，返回结果: {'role_name': '彭兰英', 'role_key': '713871', 'role_sort': '854253', 'remark': '山西省银川县东丽李街A座 217985'}
[2026-02-28T21:15:17.939+0800] {logging_mixin.py:190} INFO - [Consumer_0] Playwright执行结果: {'role_name': '彭兰英', 'role_key': '713871', 'role_sort': '854253', 'remark': '山西省银川县东丽李街A座 217985'}
[2026-02-28T21:15:17.939+0800] {logging_mixin.py:190} INFO - [Consumer_0] 正则替换结果: [{"k": "select count(*) as qty from sys_role where role_name='彭兰英'", "v": 1}]
[2026-02-28T21:15:17.940+0800] {logging_mixin.py:190} INFO - [Consumer_0] 解析后的验证数据: [{'k': "select count(*) as qty from sys_role where role_name='彭兰英'", 'v': 1}]
[2026-02-28T21:15:17.950+0800] {logging_mixin.py:190} INFO - [Consumer_0] ✅ 通过校验 {'k': "select count(*) as qty from sys_role where role_name='彭兰英'", 'v': 1}
[2026-02-28T21:15:17.990+0800] {logging_mixin.py:190} INFO - [Consumer_0] 正则替换结果: [["delete from sys_role where role_name='彭兰英' and role_sort='854253'"]]
[2026-02-28T21:15:17.991+0800] {logging_mixin.py:190} INFO - [Consumer_0] 解析后的验证数据: [["delete from sys_role where role_name='彭兰英' and role_sort='854253'"]]
[2026-02-28T21:15:18.010+0800] {logging_mixin.py:190} INFO - [Consumer_0] ✅ 后置操作 delete from sys_role where role_name='彭兰英' and role_sort='854253'
[2026-02-28T21:15:18.046+0800] {logging_mixin.py:190} INFO - [新增角色] 跳过不匹配的测试用例: 编辑角色
[2026-02-28T21:15:18.046+0800] {logging_mixin.py:190} INFO - ===================== 新增角色 消费者执行完成 ====================
[2026-02-28T21:15:18.047+0800] {logging_mixin.py:190} INFO - ✅ 新增角色 执行完成
[2026-02-28T21:15:18.047+0800] {logging_mixin.py:190} INFO - ✅ 编辑角色 执行完成
[2026-02-28T21:15:18.048+0800] {logging_mixin.py:190} INFO - ==================================================
[2026-02-28T21:15:18.048+0800] {logging_mixin.py:190} INFO - 【并行消费者】所有测试执行完成
[2026-02-28T21:15:18.049+0800] {logging_mixin.py:190} INFO - ==================================================
[2026-02-28T21:15:18.049+0800] {python.py:240} INFO - Done. Returned value was: {'新增角色': None, '编辑角色': None}
[2026-02-28T21:15:18.065+0800] {taskinstance.py:349} INFO - ::group::Post task execution logs
[2026-02-28T21:15:18.066+0800] {taskinstance.py:361} INFO - Marking task as SUCCESS. dag_id=cdrd_新增角色_编辑角色_并, task_id=并行执行消费者, run_id=manual__2026-02-28T13:14:49.556128+00:00, execution_date=20260228T131449, start_date=20260228T131510, end_date=20260228T131518
[2026-02-28T21:15:18.113+0800] {local_task_job_runner.py:266} INFO - Task exited with return code 0
[2026-02-28T21:15:18.133+0800] {taskinstance.py:3924} INFO - 0 downstream tasks scheduled from follow-on schedule check
[2026-02-28T21:15:18.134+0800] {local_task_job_runner.py:245} INFO - ::endgroup::
