[2026-02-28T13:20:42.014+0800] {local_task_job_runner.py:123} INFO - ::group::Pre task execution logs
[2026-02-28T13:20:42.033+0800] {taskinstance.py:2631} INFO - Dependencies all met for dep_context=non-requeueable deps ti=<TaskInstance: cdrd_新增用户.收尾工作 manual__2026-02-28T05:19:53.414260+00:00 [queued]>
[2026-02-28T13:20:42.041+0800] {taskinstance.py:2631} INFO - Dependencies all met for dep_context=requeueable deps ti=<TaskInstance: cdrd_新增用户.收尾工作 manual__2026-02-28T05:19:53.414260+00:00 [queued]>
[2026-02-28T13:20:42.042+0800] {taskinstance.py:2884} INFO - Starting attempt 1 of 1
[2026-02-28T13:20:42.055+0800] {taskinstance.py:2907} INFO - Executing <Task(PythonOperator): 收尾工作> on 2026-02-28 05:19:53.414260+00:00
[2026-02-28T13:20:42.058+0800] {standard_task_runner.py:72} INFO - Started process 13679 to run task
[2026-02-28T13:20:42.066+0800] {standard_task_runner.py:104} INFO - Running: ['airflow', 'tasks', 'run', 'cdrd_新增用户', '收尾工作', 'manual__2026-02-28T05:19:53.414260+00:00', '--job-id', '634', '--raw', '--subdir', 'DAGS_FOLDER/tag_CDRD/系统管理/用户管理/dag_新增用户.py', '--cfg-path', '/var/folders/f7/4z7jtb213fs0mtgbw_0vs2600000gn/T/tmp1nq3xh_n']
[2026-02-28T13:20:42.070+0800] {standard_task_runner.py:105} INFO - Job 634: Subtask 收尾工作
[2026-02-28T13:20:42.119+0800] {task_command.py:467} INFO - Running <TaskInstance: cdrd_新增用户.收尾工作 manual__2026-02-28T05:19:53.414260+00:00 [running]> on host localhost-2.local
[2026-02-28T13:20:42.204+0800] {taskinstance.py:3157} INFO - Exporting env vars: AIRFLOW_CTX_DAG_OWNER='airflow' AIRFLOW_CTX_DAG_ID='cdrd_新增用户' AIRFLOW_CTX_TASK_ID='收尾工作' AIRFLOW_CTX_EXECUTION_DATE='2026-02-28T05:19:53.414260+00:00' AIRFLOW_CTX_TRY_NUMBER='1' AIRFLOW_CTX_DAG_RUN_ID='manual__2026-02-28T05:19:53.414260+00:00'
[2026-02-28T13:20:42.206+0800] {taskinstance.py:740} INFO - ::endgroup::
[2026-02-28T13:20:42.224+0800] {logging_mixin.py:190} INFO - ==================================================
[2026-02-28T13:20:42.224+0800] {logging_mixin.py:190} INFO - 【收尾工作】开始汇总测试结果...
[2026-02-28T13:20:42.225+0800] {logging_mixin.py:190} INFO - ==================================================
[2026-02-28T13:20:42.225+0800] {python.py:240} INFO - Done. Returned value was: None
[2026-02-28T13:20:42.233+0800] {taskinstance.py:349} INFO - ::group::Post task execution logs
[2026-02-28T13:20:42.234+0800] {taskinstance.py:361} INFO - Marking task as SUCCESS. dag_id=cdrd_新增用户, task_id=收尾工作, run_id=manual__2026-02-28T05:19:53.414260+00:00, execution_date=20260228T051953, start_date=20260228T052042, end_date=20260228T052042
[2026-02-28T13:20:42.299+0800] {local_task_job_runner.py:266} INFO - Task exited with return code 0
[2026-02-28T13:20:42.322+0800] {taskinstance.py:3924} INFO - 0 downstream tasks scheduled from follow-on schedule check
[2026-02-28T13:20:42.323+0800] {local_task_job_runner.py:245} INFO - ::endgroup::
