[2026-02-28T17:34:00.617+0800] {local_task_job_runner.py:123} INFO - ::group::Pre task execution logs
[2026-02-28T17:34:00.778+0800] {taskinstance.py:2631} INFO - Dependencies all met for dep_context=non-requeueable deps ti=<TaskInstance: cdrd_并发.读取测试用例 manual__2026-02-28T09:33:42.309925+00:00 [queued]>
[2026-02-28T17:34:00.792+0800] {taskinstance.py:2631} INFO - Dependencies all met for dep_context=requeueable deps ti=<TaskInstance: cdrd_并发.读取测试用例 manual__2026-02-28T09:33:42.309925+00:00 [queued]>
[2026-02-28T17:34:00.792+0800] {taskinstance.py:2884} INFO - Starting attempt 1 of 1
[2026-02-28T17:34:00.805+0800] {taskinstance.py:2907} INFO - Executing <Task(PythonOperator): 读取测试用例> on 2026-02-28 09:33:42.309925+00:00
[2026-02-28T17:34:00.809+0800] {standard_task_runner.py:72} INFO - Started process 23523 to run task
[2026-02-28T17:34:00.817+0800] {standard_task_runner.py:104} INFO - Running: ['airflow', 'tasks', 'run', 'cdrd_并发', '读取测试用例', 'manual__2026-02-28T09:33:42.309925+00:00', '--job-id', '699', '--raw', '--subdir', 'DAGS_FOLDER/tag_CDRD/系统管理/角色管理/dag_并发.py', '--cfg-path', '/var/folders/f7/4z7jtb213fs0mtgbw_0vs2600000gn/T/tmps589odcx']
[2026-02-28T17:34:00.822+0800] {standard_task_runner.py:105} INFO - Job 699: Subtask 读取测试用例
[2026-02-28T17:34:00.874+0800] {task_command.py:467} INFO - Running <TaskInstance: cdrd_并发.读取测试用例 manual__2026-02-28T09:33:42.309925+00:00 [running]> on host localhost-2.local
[2026-02-28T17:34:00.951+0800] {taskinstance.py:3157} INFO - Exporting env vars: AIRFLOW_CTX_DAG_OWNER='airflow' AIRFLOW_CTX_DAG_ID='cdrd_并发' AIRFLOW_CTX_TASK_ID='读取测试用例' AIRFLOW_CTX_EXECUTION_DATE='2026-02-28T09:33:42.309925+00:00' AIRFLOW_CTX_TRY_NUMBER='1' AIRFLOW_CTX_DAG_RUN_ID='manual__2026-02-28T09:33:42.309925+00:00'
[2026-02-28T17:34:00.953+0800] {taskinstance.py:740} INFO - ::endgroup::
[2026-02-28T17:34:00.972+0800] {logging_mixin.py:190} INFO - ==================================================
[2026-02-28T17:34:00.974+0800] {logging_mixin.py:190} INFO - 【生产者】开始读取测试用例...
[2026-02-28T17:34:00.974+0800] {logging_mixin.py:190} INFO - ==================================================
[2026-02-28T17:34:00.976+0800] {logging_mixin.py:190} INFO - 【生产者】共找到 1 个需要执行的测试用例
[2026-02-28T17:34:00.976+0800] {logging_mixin.py:190} INFO - ==================================================
[2026-02-28T17:34:00.977+0800] {logging_mixin.py:190} INFO - 【生产者】任务执行完成
[2026-02-28T17:34:00.977+0800] {logging_mixin.py:190} INFO - ==================================================
[2026-02-28T17:34:00.978+0800] {python.py:240} INFO - Done. Returned value was: [[9, '系统管理', '角色管理', '[]', None, None, None]]
[2026-02-28T17:34:00.992+0800] {taskinstance.py:349} INFO - ::group::Post task execution logs
[2026-02-28T17:34:00.993+0800] {taskinstance.py:361} INFO - Marking task as SUCCESS. dag_id=cdrd_并发, task_id=读取测试用例, run_id=manual__2026-02-28T09:33:42.309925+00:00, execution_date=20260228T093342, start_date=20260228T093400, end_date=20260228T093400
[2026-02-28T17:34:01.051+0800] {local_task_job_runner.py:266} INFO - Task exited with return code 0
[2026-02-28T17:34:01.084+0800] {taskinstance.py:3924} INFO - 1 downstream tasks scheduled from follow-on schedule check
[2026-02-28T17:34:01.087+0800] {local_task_job_runner.py:245} INFO - ::endgroup::
