[2026-03-06T16:01:37.486+0800] {processor.py:186} INFO - Started process (PID=18847) to work on /Users/linghuchong/Downloads/51/Python/project/instance/airflow284/dags/producer_consumer/1p1n.py
[2026-03-06T16:01:37.487+0800] {processor.py:914} INFO - Processing file /Users/linghuchong/Downloads/51/Python/project/instance/airflow284/dags/producer_consumer/1p1n.py for tasks to queue
[2026-03-06T16:01:37.488+0800] {logging_mixin.py:190} INFO - [2026-03-06T16:01:37.488+0800] {dagbag.py:588} INFO - Filling up the DagBag from /Users/linghuchong/Downloads/51/Python/project/instance/airflow284/dags/producer_consumer/1p1n.py
[2026-03-06T16:01:37.490+0800] {logging_mixin.py:190} INFO - Current directory: /Users/linghuchong/Downloads/51/Python/project/instance/airflow284/dags/producer_consumer
[2026-03-06T16:01:37.490+0800] {logging_mixin.py:190} INFO - Project root: /Users/linghuchong/Downloads/51/Python/project
[2026-03-06T16:01:37.490+0800] {logging_mixin.py:190} INFO - Added /Users/linghuchong/Downloads/51/Python/project to sys.path
[2026-03-06T16:01:37.491+0800] {logging_mixin.py:190} INFO - PO module path: /Users/linghuchong/Downloads/51/Python/project/PO
[2026-03-06T16:01:37.491+0800] {logging_mixin.py:190} INFO - PO module exists: True
[2026-03-06T16:01:38.204+0800] {processor.py:925} INFO - DAG(s) 'c_1p1n', 'p_1p1n_DAGs' retrieved from /Users/linghuchong/Downloads/51/Python/project/instance/airflow284/dags/producer_consumer/1p1n.py
[2026-03-06T16:01:38.325+0800] {logging_mixin.py:190} INFO - [2026-03-06T16:01:38.324+0800] {dag.py:3239} INFO - Sync 2 DAGs
[2026-03-06T16:01:38.348+0800] {logging_mixin.py:190} INFO - [2026-03-06T16:01:38.347+0800] {dag.py:4180} INFO - Setting next_dagrun for c_1p1n to None, run_after=None
[2026-03-06T16:01:38.350+0800] {logging_mixin.py:190} INFO - [2026-03-06T16:01:38.350+0800] {dag.py:4180} INFO - Setting next_dagrun for p_1p1n_DAGs to None, run_after=None
[2026-03-06T16:01:38.377+0800] {processor.py:208} INFO - Processing /Users/linghuchong/Downloads/51/Python/project/instance/airflow284/dags/producer_consumer/1p1n.py took 894.157 seconds
[2026-03-06T16:04:41.254+0800] {processor.py:186} INFO - Started process (PID=19257) to work on /Users/linghuchong/Downloads/51/Python/project/instance/airflow284/dags/producer_consumer/1p1n.py
[2026-03-06T16:04:41.257+0800] {processor.py:914} INFO - Processing file /Users/linghuchong/Downloads/51/Python/project/instance/airflow284/dags/producer_consumer/1p1n.py for tasks to queue
[2026-03-06T16:04:41.258+0800] {logging_mixin.py:190} INFO - [2026-03-06T16:04:41.258+0800] {dagbag.py:588} INFO - Filling up the DagBag from /Users/linghuchong/Downloads/51/Python/project/instance/airflow284/dags/producer_consumer/1p1n.py
[2026-03-06T16:04:41.260+0800] {logging_mixin.py:190} INFO - Current directory: /Users/linghuchong/Downloads/51/Python/project/instance/airflow284/dags/producer_consumer
[2026-03-06T16:04:41.260+0800] {logging_mixin.py:190} INFO - Project root: /Users/linghuchong/Downloads/51/Python/project
[2026-03-06T16:04:41.260+0800] {logging_mixin.py:190} INFO - Added /Users/linghuchong/Downloads/51/Python/project to sys.path
[2026-03-06T16:04:41.260+0800] {logging_mixin.py:190} INFO - PO module path: /Users/linghuchong/Downloads/51/Python/project/PO
[2026-03-06T16:04:41.260+0800] {logging_mixin.py:190} INFO - PO module exists: True
[2026-03-06T16:04:42.050+0800] {processor.py:925} INFO - DAG(s) 'c_1p1n', 'p_1p1n_DAGs' retrieved from /Users/linghuchong/Downloads/51/Python/project/instance/airflow284/dags/producer_consumer/1p1n.py
[2026-03-06T16:04:42.166+0800] {logging_mixin.py:190} INFO - [2026-03-06T16:04:42.166+0800] {dag.py:3239} INFO - Sync 2 DAGs
[2026-03-06T16:04:42.185+0800] {logging_mixin.py:190} INFO - [2026-03-06T16:04:42.185+0800] {dag.py:4180} INFO - Setting next_dagrun for c_1p1n to None, run_after=None
[2026-03-06T16:04:42.188+0800] {logging_mixin.py:190} INFO - [2026-03-06T16:04:42.188+0800] {dag.py:4180} INFO - Setting next_dagrun for p_1p1n_DAGs to None, run_after=None
[2026-03-06T16:04:42.212+0800] {processor.py:208} INFO - Processing /Users/linghuchong/Downloads/51/Python/project/instance/airflow284/dags/producer_consumer/1p1n.py took 960.844 seconds
