[2026-03-06T15:42:10.512+0800] {processor.py:186} INFO - Started process (PID=16570) to work on /Users/linghuchong/Downloads/51/Python/project/instance/airflow284/dags/producer_consumer/1p2n.py
[2026-03-06T15:42:10.513+0800] {processor.py:914} INFO - Processing file /Users/linghuchong/Downloads/51/Python/project/instance/airflow284/dags/producer_consumer/1p2n.py for tasks to queue
[2026-03-06T15:42:10.514+0800] {logging_mixin.py:190} INFO - [2026-03-06T15:42:10.514+0800] {dagbag.py:588} INFO - Filling up the DagBag from /Users/linghuchong/Downloads/51/Python/project/instance/airflow284/dags/producer_consumer/1p2n.py
[2026-03-06T15:42:10.516+0800] {logging_mixin.py:190} INFO - Current directory: /Users/linghuchong/Downloads/51/Python/project/instance/airflow284/dags/producer_consumer
[2026-03-06T15:42:10.516+0800] {logging_mixin.py:190} INFO - Project root: /Users/linghuchong/Downloads/51/Python/project
[2026-03-06T15:42:10.516+0800] {logging_mixin.py:190} INFO - Added /Users/linghuchong/Downloads/51/Python/project to sys.path
[2026-03-06T15:42:10.516+0800] {logging_mixin.py:190} INFO - PO module path: /Users/linghuchong/Downloads/51/Python/project/PO
[2026-03-06T15:42:10.516+0800] {logging_mixin.py:190} INFO - PO module exists: True
[2026-03-06T15:42:11.536+0800] {processor.py:925} INFO - DAG(s) 'c_1p2n_DAG1', 'c_1p2n_DAG2', 'p_1p2n_DAGs' retrieved from /Users/linghuchong/Downloads/51/Python/project/instance/airflow284/dags/producer_consumer/1p2n.py
[2026-03-06T15:42:11.825+0800] {logging_mixin.py:190} INFO - [2026-03-06T15:42:11.825+0800] {dag.py:3239} INFO - Sync 3 DAGs
[2026-03-06T15:42:11.848+0800] {logging_mixin.py:190} INFO - [2026-03-06T15:42:11.847+0800] {dag.py:4180} INFO - Setting next_dagrun for c_1p2n_DAG1 to None, run_after=None
[2026-03-06T15:42:11.850+0800] {logging_mixin.py:190} INFO - [2026-03-06T15:42:11.850+0800] {dag.py:4180} INFO - Setting next_dagrun for c_1p2n_DAG2 to None, run_after=None
[2026-03-06T15:42:11.851+0800] {logging_mixin.py:190} INFO - [2026-03-06T15:42:11.851+0800] {dag.py:4180} INFO - Setting next_dagrun for p_1p2n_DAGs to None, run_after=None
[2026-03-06T15:42:11.880+0800] {processor.py:208} INFO - Processing /Users/linghuchong/Downloads/51/Python/project/instance/airflow284/dags/producer_consumer/1p2n.py took 1370.605 seconds
[2026-03-06T15:44:20.447+0800] {processor.py:186} INFO - Started process (PID=16920) to work on /Users/linghuchong/Downloads/51/Python/project/instance/airflow284/dags/producer_consumer/1p2n.py
[2026-03-06T15:44:20.449+0800] {processor.py:914} INFO - Processing file /Users/linghuchong/Downloads/51/Python/project/instance/airflow284/dags/producer_consumer/1p2n.py for tasks to queue
[2026-03-06T15:44:20.450+0800] {logging_mixin.py:190} INFO - [2026-03-06T15:44:20.450+0800] {dagbag.py:588} INFO - Filling up the DagBag from /Users/linghuchong/Downloads/51/Python/project/instance/airflow284/dags/producer_consumer/1p2n.py
[2026-03-06T15:44:20.452+0800] {logging_mixin.py:190} INFO - Current directory: /Users/linghuchong/Downloads/51/Python/project/instance/airflow284/dags/producer_consumer
[2026-03-06T15:44:20.452+0800] {logging_mixin.py:190} INFO - Project root: /Users/linghuchong/Downloads/51/Python/project
[2026-03-06T15:44:20.452+0800] {logging_mixin.py:190} INFO - Added /Users/linghuchong/Downloads/51/Python/project to sys.path
[2026-03-06T15:44:20.453+0800] {logging_mixin.py:190} INFO - PO module path: /Users/linghuchong/Downloads/51/Python/project/PO
[2026-03-06T15:44:20.453+0800] {logging_mixin.py:190} INFO - PO module exists: True
[2026-03-06T15:44:21.236+0800] {processor.py:925} INFO - DAG(s) 'p_1p2n_DAGs', 'c_1p2n_DAG1', 'c_1p2n_DAG2' retrieved from /Users/linghuchong/Downloads/51/Python/project/instance/airflow284/dags/producer_consumer/1p2n.py
[2026-03-06T15:44:21.353+0800] {logging_mixin.py:190} INFO - [2026-03-06T15:44:21.353+0800] {dag.py:3239} INFO - Sync 3 DAGs
[2026-03-06T15:44:21.374+0800] {logging_mixin.py:190} INFO - [2026-03-06T15:44:21.373+0800] {dag.py:4180} INFO - Setting next_dagrun for c_1p2n_DAG1 to None, run_after=None
[2026-03-06T15:44:21.377+0800] {logging_mixin.py:190} INFO - [2026-03-06T15:44:21.377+0800] {dag.py:4180} INFO - Setting next_dagrun for c_1p2n_DAG2 to None, run_after=None
[2026-03-06T15:44:21.378+0800] {logging_mixin.py:190} INFO - [2026-03-06T15:44:21.378+0800] {dag.py:4180} INFO - Setting next_dagrun for p_1p2n_DAGs to None, run_after=None
[2026-03-06T15:44:21.401+0800] {processor.py:208} INFO - Processing /Users/linghuchong/Downloads/51/Python/project/instance/airflow284/dags/producer_consumer/1p2n.py took 958.860 seconds
[2026-03-06T15:46:14.808+0800] {processor.py:186} INFO - Started process (PID=17117) to work on /Users/linghuchong/Downloads/51/Python/project/instance/airflow284/dags/producer_consumer/1p2n.py
[2026-03-06T15:46:14.811+0800] {processor.py:914} INFO - Processing file /Users/linghuchong/Downloads/51/Python/project/instance/airflow284/dags/producer_consumer/1p2n.py for tasks to queue
[2026-03-06T15:46:14.812+0800] {logging_mixin.py:190} INFO - [2026-03-06T15:46:14.812+0800] {dagbag.py:588} INFO - Filling up the DagBag from /Users/linghuchong/Downloads/51/Python/project/instance/airflow284/dags/producer_consumer/1p2n.py
[2026-03-06T15:46:14.814+0800] {logging_mixin.py:190} INFO - Current directory: /Users/linghuchong/Downloads/51/Python/project/instance/airflow284/dags/producer_consumer
[2026-03-06T15:46:14.814+0800] {logging_mixin.py:190} INFO - Project root: /Users/linghuchong/Downloads/51/Python/project
[2026-03-06T15:46:14.814+0800] {logging_mixin.py:190} INFO - Added /Users/linghuchong/Downloads/51/Python/project to sys.path
[2026-03-06T15:46:14.815+0800] {logging_mixin.py:190} INFO - PO module path: /Users/linghuchong/Downloads/51/Python/project/PO
[2026-03-06T15:46:14.815+0800] {logging_mixin.py:190} INFO - PO module exists: True
[2026-03-06T15:46:15.580+0800] {processor.py:925} INFO - DAG(s) 'p_1p2n_DAGs', 'c_1p2n_DAG1', 'c_1p2n_DAG2' retrieved from /Users/linghuchong/Downloads/51/Python/project/instance/airflow284/dags/producer_consumer/1p2n.py
[2026-03-06T15:46:15.702+0800] {logging_mixin.py:190} INFO - [2026-03-06T15:46:15.702+0800] {dag.py:3239} INFO - Sync 3 DAGs
[2026-03-06T15:46:15.723+0800] {logging_mixin.py:190} INFO - [2026-03-06T15:46:15.722+0800] {dag.py:4180} INFO - Setting next_dagrun for c_1p2n_DAG1 to None, run_after=None
[2026-03-06T15:46:15.726+0800] {logging_mixin.py:190} INFO - [2026-03-06T15:46:15.726+0800] {dag.py:4180} INFO - Setting next_dagrun for c_1p2n_DAG2 to None, run_after=None
[2026-03-06T15:46:15.727+0800] {logging_mixin.py:190} INFO - [2026-03-06T15:46:15.727+0800] {dag.py:4180} INFO - Setting next_dagrun for p_1p2n_DAGs to None, run_after=None
[2026-03-06T15:46:15.749+0800] {processor.py:208} INFO - Processing /Users/linghuchong/Downloads/51/Python/project/instance/airflow284/dags/producer_consumer/1p2n.py took 944.039 seconds
