[2026-03-06T16:01:49.481+0800] {processor.py:186} INFO - Started process (PID=18869) to work on /Users/linghuchong/Downloads/51/Python/project/instance/airflow284/dags/producer_consumer/3p3n_all.py
[2026-03-06T16:01:49.482+0800] {processor.py:914} INFO - Processing file /Users/linghuchong/Downloads/51/Python/project/instance/airflow284/dags/producer_consumer/3p3n_all.py for tasks to queue
[2026-03-06T16:01:49.482+0800] {logging_mixin.py:190} INFO - [2026-03-06T16:01:49.482+0800] {dagbag.py:588} INFO - Filling up the DagBag from /Users/linghuchong/Downloads/51/Python/project/instance/airflow284/dags/producer_consumer/3p3n_all.py
[2026-03-06T16:01:49.588+0800] {processor.py:925} INFO - DAG(s) 'producer_order_dag', 'consumer_multi_source_analysis', 'producer_user_dag', 'producer_product_dag' retrieved from /Users/linghuchong/Downloads/51/Python/project/instance/airflow284/dags/producer_consumer/3p3n_all.py
[2026-03-06T16:01:49.700+0800] {logging_mixin.py:190} INFO - [2026-03-06T16:01:49.700+0800] {dag.py:3239} INFO - Sync 4 DAGs
[2026-03-06T16:01:49.719+0800] {logging_mixin.py:190} INFO - [2026-03-06T16:01:49.719+0800] {dag.py:4180} INFO - Setting next_dagrun for consumer_multi_source_analysis to None, run_after=None
[2026-03-06T16:01:49.727+0800] {logging_mixin.py:190} INFO - [2026-03-06T16:01:49.727+0800] {dag.py:4180} INFO - Setting next_dagrun for producer_order_dag to 2026-03-06 07:00:00+00:00, run_after=2026-03-06 08:00:00+00:00
[2026-03-06T16:01:49.730+0800] {logging_mixin.py:190} INFO - [2026-03-06T16:01:49.730+0800] {dag.py:4180} INFO - Setting next_dagrun for producer_product_dag to 2026-02-21 16:00:00+00:00, run_after=2026-02-28 16:00:00+00:00
[2026-03-06T16:01:49.733+0800] {logging_mixin.py:190} INFO - [2026-03-06T16:01:49.733+0800] {dag.py:4180} INFO - Setting next_dagrun for producer_user_dag to 2026-03-04 16:00:00+00:00, run_after=2026-03-05 16:00:00+00:00
[2026-03-06T16:01:49.758+0800] {processor.py:208} INFO - Processing /Users/linghuchong/Downloads/51/Python/project/instance/airflow284/dags/producer_consumer/3p3n_all.py took 279.618 seconds
[2026-03-06T16:04:53.223+0800] {processor.py:186} INFO - Started process (PID=19276) to work on /Users/linghuchong/Downloads/51/Python/project/instance/airflow284/dags/producer_consumer/3p3n_all.py
[2026-03-06T16:04:53.224+0800] {processor.py:914} INFO - Processing file /Users/linghuchong/Downloads/51/Python/project/instance/airflow284/dags/producer_consumer/3p3n_all.py for tasks to queue
[2026-03-06T16:04:53.226+0800] {logging_mixin.py:190} INFO - [2026-03-06T16:04:53.225+0800] {dagbag.py:588} INFO - Filling up the DagBag from /Users/linghuchong/Downloads/51/Python/project/instance/airflow284/dags/producer_consumer/3p3n_all.py
[2026-03-06T16:04:53.338+0800] {processor.py:925} INFO - DAG(s) 'consumer_multi_source_analysis', 'producer_user_dag', 'producer_order_dag', 'producer_product_dag' retrieved from /Users/linghuchong/Downloads/51/Python/project/instance/airflow284/dags/producer_consumer/3p3n_all.py
[2026-03-06T16:04:53.460+0800] {logging_mixin.py:190} INFO - [2026-03-06T16:04:53.460+0800] {dag.py:3239} INFO - Sync 4 DAGs
[2026-03-06T16:04:53.482+0800] {logging_mixin.py:190} INFO - [2026-03-06T16:04:53.481+0800] {dag.py:4180} INFO - Setting next_dagrun for consumer_multi_source_analysis to None, run_after=None
[2026-03-06T16:04:53.490+0800] {logging_mixin.py:190} INFO - [2026-03-06T16:04:53.490+0800] {dag.py:4180} INFO - Setting next_dagrun for producer_order_dag to 2026-03-06 07:00:00+00:00, run_after=2026-03-06 08:00:00+00:00
[2026-03-06T16:04:53.493+0800] {logging_mixin.py:190} INFO - [2026-03-06T16:04:53.493+0800] {dag.py:4180} INFO - Setting next_dagrun for producer_product_dag to 2026-02-21 16:00:00+00:00, run_after=2026-02-28 16:00:00+00:00
[2026-03-06T16:04:53.496+0800] {logging_mixin.py:190} INFO - [2026-03-06T16:04:53.496+0800] {dag.py:4180} INFO - Setting next_dagrun for producer_user_dag to 2026-03-04 16:00:00+00:00, run_after=2026-03-05 16:00:00+00:00
[2026-03-06T16:04:53.518+0800] {processor.py:208} INFO - Processing /Users/linghuchong/Downloads/51/Python/project/instance/airflow284/dags/producer_consumer/3p3n_all.py took 297.884 seconds
