[2026-03-06T15:42:51.390+0800] {processor.py:186} INFO - Started process (PID=16779) to work on /Users/linghuchong/Downloads/51/Python/project/instance/airflow284/dags/producer_consumer/dataset_db_sqlserver.py
[2026-03-06T15:42:51.391+0800] {processor.py:914} INFO - Processing file /Users/linghuchong/Downloads/51/Python/project/instance/airflow284/dags/producer_consumer/dataset_db_sqlserver.py for tasks to queue
[2026-03-06T15:42:51.391+0800] {logging_mixin.py:190} INFO - [2026-03-06T15:42:51.391+0800] {dagbag.py:588} INFO - Filling up the DagBag from /Users/linghuchong/Downloads/51/Python/project/instance/airflow284/dags/producer_consumer/dataset_db_sqlserver.py
[2026-03-06T15:42:51.504+0800] {processor.py:925} INFO - DAG(s) 'producer_order_sqlserver', 'consumer_order_sqlserver' retrieved from /Users/linghuchong/Downloads/51/Python/project/instance/airflow284/dags/producer_consumer/dataset_db_sqlserver.py
[2026-03-06T15:42:51.751+0800] {logging_mixin.py:190} INFO - [2026-03-06T15:42:51.751+0800] {dag.py:3239} INFO - Sync 2 DAGs
[2026-03-06T15:42:51.849+0800] {logging_mixin.py:190} INFO - [2026-03-06T15:42:51.849+0800] {dag.py:4180} INFO - Setting next_dagrun for consumer_order_sqlserver to None, run_after=None
[2026-03-06T15:42:51.852+0800] {logging_mixin.py:190} INFO - [2026-03-06T15:42:51.852+0800] {dag.py:4180} INFO - Setting next_dagrun for producer_order_sqlserver to None, run_after=None
[2026-03-06T15:42:51.878+0800] {processor.py:208} INFO - Processing /Users/linghuchong/Downloads/51/Python/project/instance/airflow284/dags/producer_consumer/dataset_db_sqlserver.py took 490.690 seconds
[2026-03-06T15:44:37.319+0800] {processor.py:186} INFO - Started process (PID=16953) to work on /Users/linghuchong/Downloads/51/Python/project/instance/airflow284/dags/producer_consumer/dataset_db_sqlserver.py
[2026-03-06T15:44:37.320+0800] {processor.py:914} INFO - Processing file /Users/linghuchong/Downloads/51/Python/project/instance/airflow284/dags/producer_consumer/dataset_db_sqlserver.py for tasks to queue
[2026-03-06T15:44:37.321+0800] {logging_mixin.py:190} INFO - [2026-03-06T15:44:37.321+0800] {dagbag.py:588} INFO - Filling up the DagBag from /Users/linghuchong/Downloads/51/Python/project/instance/airflow284/dags/producer_consumer/dataset_db_sqlserver.py
[2026-03-06T15:44:37.440+0800] {processor.py:925} INFO - DAG(s) 'consumer_order_sqlserver', 'producer_order_sqlserver' retrieved from /Users/linghuchong/Downloads/51/Python/project/instance/airflow284/dags/producer_consumer/dataset_db_sqlserver.py
[2026-03-06T15:44:37.572+0800] {logging_mixin.py:190} INFO - [2026-03-06T15:44:37.571+0800] {dag.py:3239} INFO - Sync 2 DAGs
[2026-03-06T15:44:37.594+0800] {logging_mixin.py:190} INFO - [2026-03-06T15:44:37.594+0800] {dag.py:4180} INFO - Setting next_dagrun for consumer_order_sqlserver to None, run_after=None
[2026-03-06T15:44:37.598+0800] {logging_mixin.py:190} INFO - [2026-03-06T15:44:37.597+0800] {dag.py:4180} INFO - Setting next_dagrun for producer_order_sqlserver to None, run_after=None
[2026-03-06T15:44:37.619+0800] {processor.py:208} INFO - Processing /Users/linghuchong/Downloads/51/Python/project/instance/airflow284/dags/producer_consumer/dataset_db_sqlserver.py took 302.908 seconds
[2026-03-06T15:47:51.582+0800] {processor.py:186} INFO - Started process (PID=17264) to work on /Users/linghuchong/Downloads/51/Python/project/instance/airflow284/dags/producer_consumer/dataset_db_sqlserver.py
[2026-03-06T15:47:51.586+0800] {processor.py:914} INFO - Processing file /Users/linghuchong/Downloads/51/Python/project/instance/airflow284/dags/producer_consumer/dataset_db_sqlserver.py for tasks to queue
[2026-03-06T15:47:51.588+0800] {logging_mixin.py:190} INFO - [2026-03-06T15:47:51.587+0800] {dagbag.py:588} INFO - Filling up the DagBag from /Users/linghuchong/Downloads/51/Python/project/instance/airflow284/dags/producer_consumer/dataset_db_sqlserver.py
[2026-03-06T15:47:51.737+0800] {processor.py:925} INFO - DAG(s) 'producer_order_sqlserver', 'consumer_order_sqlserver' retrieved from /Users/linghuchong/Downloads/51/Python/project/instance/airflow284/dags/producer_consumer/dataset_db_sqlserver.py
[2026-03-06T15:47:51.876+0800] {logging_mixin.py:190} INFO - [2026-03-06T15:47:51.876+0800] {dag.py:3239} INFO - Sync 2 DAGs
[2026-03-06T15:47:51.898+0800] {logging_mixin.py:190} INFO - [2026-03-06T15:47:51.898+0800] {dag.py:4180} INFO - Setting next_dagrun for consumer_order_sqlserver to None, run_after=None
[2026-03-06T15:47:51.902+0800] {logging_mixin.py:190} INFO - [2026-03-06T15:47:51.901+0800] {dag.py:4180} INFO - Setting next_dagrun for producer_order_sqlserver to None, run_after=None
[2026-03-06T15:47:51.927+0800] {processor.py:208} INFO - Processing /Users/linghuchong/Downloads/51/Python/project/instance/airflow284/dags/producer_consumer/dataset_db_sqlserver.py took 349.367 seconds
