[2026-02-24T10:46:53.382+0800] {local_task_job_runner.py:123} INFO - ::group::Pre task execution logs
[2026-02-24T10:46:53.397+0800] {taskinstance.py:2631} INFO - Dependencies all met for dep_context=non-requeueable deps ti=<TaskInstance: c_1p1n1n_DAG1.c_1p1n1n_TASK1 dataset_triggered__2026-02-24T02:46:46.462237+00:00 [queued]>
[2026-02-24T10:46:53.403+0800] {taskinstance.py:2631} INFO - Dependencies all met for dep_context=requeueable deps ti=<TaskInstance: c_1p1n1n_DAG1.c_1p1n1n_TASK1 dataset_triggered__2026-02-24T02:46:46.462237+00:00 [queued]>
[2026-02-24T10:46:53.403+0800] {taskinstance.py:2884} INFO - Starting attempt 1 of 1
[2026-02-24T10:46:53.416+0800] {taskinstance.py:2907} INFO - Executing <Task(PythonOperator): c_1p1n1n_TASK1> on 2026-02-24 02:46:46.462237+00:00
[2026-02-24T10:46:53.419+0800] {standard_task_runner.py:72} INFO - Started process 5569 to run task
[2026-02-24T10:46:53.427+0800] {standard_task_runner.py:104} INFO - Running: ['airflow', 'tasks', 'run', 'c_1p1n1n_DAG1', 'c_1p1n1n_TASK1', 'dataset_triggered__2026-02-24T02:46:46.462237+00:00', '--job-id', '222', '--raw', '--subdir', 'DAGS_FOLDER/producer_consumer /1p1n1n.py', '--cfg-path', '/var/folders/f7/4z7jtb213fs0mtgbw_0vs2600000gn/T/tmplhx109zo']
[2026-02-24T10:46:53.431+0800] {standard_task_runner.py:105} INFO - Job 222: Subtask c_1p1n1n_TASK1
[2026-02-24T10:46:53.481+0800] {task_command.py:467} INFO - Running <TaskInstance: c_1p1n1n_DAG1.c_1p1n1n_TASK1 dataset_triggered__2026-02-24T02:46:46.462237+00:00 [running]> on host localhost-2.local
[2026-02-24T10:46:53.557+0800] {taskinstance.py:3157} INFO - Exporting env vars: AIRFLOW_CTX_DAG_OWNER='airflow' AIRFLOW_CTX_DAG_ID='c_1p1n1n_DAG1' AIRFLOW_CTX_TASK_ID='c_1p1n1n_TASK1' AIRFLOW_CTX_EXECUTION_DATE='2026-02-24T02:46:46.462237+00:00' AIRFLOW_CTX_TRY_NUMBER='1' AIRFLOW_CTX_DAG_RUN_ID='dataset_triggered__2026-02-24T02:46:46.462237+00:00'
[2026-02-24T10:46:53.558+0800] {taskinstance.py:740} INFO - ::endgroup::
[2026-02-24T10:46:53.577+0800] {logging_mixin.py:190} INFO - 检测到订单数据更新，开始清洗...
[2026-02-24T10:46:53.589+0800] {logging_mixin.py:190} INFO - ✅ 成功从消费者 p_1p1n1n_DAGs.p_1p1n1n_TASK 获取 XCom 值: ('333',)
[2026-02-24T10:46:53.590+0800] {logging_mixin.py:190} INFO - 【消费者1】从生产者获取的返回值: ('333',)
[2026-02-24T10:46:53.591+0800] {logging_mixin.py:190} INFO - 2026-02-24 10:46:53
[2026-02-24T10:46:53.591+0800] {python.py:240} INFO - Done. Returned value was: 334
[2026-02-24T10:46:53.607+0800] {taskinstance.py:349} INFO - ::group::Post task execution logs
[2026-02-24T10:46:53.608+0800] {taskinstance.py:361} INFO - Marking task as SUCCESS. dag_id=c_1p1n1n_DAG1, task_id=c_1p1n1n_TASK1, run_id=dataset_triggered__2026-02-24T02:46:46.462237+00:00, execution_date=20260224T024646, start_date=20260224T024653, end_date=20260224T024653
[2026-02-24T10:46:53.662+0800] {local_task_job_runner.py:266} INFO - Task exited with return code 0
[2026-02-24T10:46:53.692+0800] {taskinstance.py:3924} INFO - 1 downstream tasks scheduled from follow-on schedule check
[2026-02-24T10:46:53.694+0800] {local_task_job_runner.py:245} INFO - ::endgroup::
