INFO - 数据更新时间：2020-05-21 16:32:36 - 2020-05-21 16:32:48,991
INFO - ----------------------------------------------1，实时监控指标---------------------------------------------- - 2020-05-21 16:32:51,250
INFO - 1.1今日运营分析（) - - - - - - - - - - - - - - - - - - - - - - - - - - - - - - - 2020-05-21 16:32:51,250
INFO - 1.1.1 医疗业务收入(万元)，0，昨日：0 - 2020-05-21 16:32:56,037
INFO - 1.1.2 药品收入(万元)，0，昨日：0 - 2020-05-21 16:32:56,581
INFO - 1.1.3 今日门急诊量(例)，0，昨日：0 - 2020-05-21 16:32:57,105
INFO - 1.1.4 今日门诊量(例)，0，昨日：0 - 2020-05-21 16:32:57,625
INFO - 1.1.5 今日急诊量(例)，0，昨日：0 - 2020-05-21 16:32:58,157
INFO - 1.1.6 今日门急诊收入(万元)，0，昨日：0 - 2020-05-21 16:32:58,692
INFO - 1.1.7 今日出院人数(例)，0，昨日：0 - 2020-05-21 16:32:59,261
INFO - 1.1.8 今日在院(例)，0，昨日：0 - 2020-05-21 16:32:59,780
INFO - 1.1.9 当前危重人数(例)，0，昨日：0 - 2020-05-21 16:33:00,313
INFO - 1.1.10 今日住院实收入(万元)，0，昨日：0 - 2020-05-21 16:33:00,837
INFO - -----------------------------------------------2，门诊分析----------------------------------------------- - 2020-05-21 16:33:03,071
INFO - 2.1门诊业务（2020-3-22) - - - - - - - - - - - - - - - - - - - - - - - - - - - - - - - 2020-05-21 16:33:03,071
INFO - 2.1.1 门急诊人次(万人)，0.02 - 2020-05-21 16:33:09,960
INFO - 2.1.1 门急诊人次(万人)，同期，0.01 - 2020-05-21 16:33:10,222
INFO - 2.1.1 门急诊人次(万人)，同比，42.11% ↑ - 2020-05-21 16:33:10,639
INFO - 2.1.2 门诊人次(万人)，0.02 - 2020-05-21 16:33:10,898
INFO - 2.1.2 门诊人次(万人)，同期，0.01 - 2020-05-21 16:33:11,156
INFO - 2.1.2 门诊人次(万人)，同比，35.00% ↑ - 2020-05-21 16:33:11,420
INFO - 2.1.3 急诊人次(万人)，0 - 2020-05-21 16:33:11,683
INFO - 2.1.3 急诊人次(万人)，同期，0.01 - 2020-05-21 16:33:11,937
INFO - 2.1.3 急诊人次(万人)，同比，-100.00% ↓ - 2020-05-21 16:33:12,208
INFO - 2.1.4 门急诊退号率，7.43 - 2020-05-21 16:33:12,463
ERROR - 2.1.4 门急诊退号率，同期
client(7.43)
server(10.00)
SELECT sum(backRegisterRatio) from bi_outpatient_yard where statisticsDate="2019-3-22"
 - 2020-05-21 16:33:12,736
INFO - 2.1.4 门急诊退号率，同比，-25.70% ↓ - 2020-05-21 16:33:12,995
INFO - 2.3门诊处方（2020-3-22) - - - - - - - - - - - - - - - - - - - - - - - - - - - - - - - 2020-05-21 16:33:13,095
INFO - 2.3.1 门急诊处方数(张)，1125 - 2020-05-21 16:33:20,065
INFO - 2.3.1 门急诊处方数(张)，同期，39 - 2020-05-21 16:33:20,370
INFO - 2.3.1 门急诊处方数(张)，同比，2784.62% ↑ - 2020-05-21 16:33:20,656
INFO - 2.3.2 门急诊抗生素处方数(张)，54 - 2020-05-21 16:33:20,935
INFO - 2.3.2 门急诊抗生素处方数(张)，同期，0 - 2020-05-21 16:33:21,228
INFO - 2.3.2 门急诊抗生素处方数(张)，同比，0.00% - - 2020-05-21 16:33:21,518
INFO - 2.3.3 门急诊药品处方数(张)，167 - 2020-05-21 16:33:21,799
INFO - 2.3.3 门急诊药品处方数(张)，同期，39 - 2020-05-21 16:33:22,085
INFO - 2.3.3 门急诊药品处方数(张)，同比，328.21% ↑ - 2020-05-21 16:33:22,398
INFO - 2.3.4 门急诊大额处方数(张)，1 - 2020-05-21 16:33:22,715
INFO - 2.3.4 门急诊大额处方数(张)，同期，27 - 2020-05-21 16:33:22,994
INFO - 2.3.4 门急诊大额处方数(张)，同比，-96.30% ↓ - 2020-05-21 16:33:23,290
INFO - 2.3.5 科室门急诊抗生素处方数分析，{'门诊药房(新院)': '43', '发热门诊药房': '11', '外科': '0', '骨科': '0', '发热门诊': '0', '放射科': '0', '心电图': '0', '检验科': '0', '一次性用品库': '0', '急诊内科': '0'} - 2020-05-21 16:33:35,661
INFO - 2.3.6 科室门急诊药品处方数分析，{'门诊药房(新院)': '151', '发热门诊药房': '16', '外科': '0', '骨科': '0', '发热门诊': '0', '放射科': '0', '心电图': '0', '检验科': '0', '一次性用品库': '0', '急诊内科': '0'} - 2020-05-21 16:33:45,611
INFO - 2.3.7 科室门急诊大额处方数分析，{'门诊药房(新院)': '1', '外科': '0', '骨科': '0', '发热门诊': '0', '放射科': '0', '心电图': '0', '发热门诊药房': '0', '检验科': '0', '一次性用品库': '0', '急诊内科': '0'} - 2020-05-21 16:33:56,629
INFO - 2.3.8 门急诊抗生素处方率，4.8 - 2020-05-21 16:34:05,728
INFO - 2.3.9 门急诊药品处方率，14.84 - 2020-05-21 16:34:14,274
INFO - 2.3.10 门急诊大额处方率，0.09 - 2020-05-21 16:34:25,691
INFO - 2.4门诊收入（2020-3-22) - - - - - - - - - - - - - - - - - - - - - - - - - - - - - - - 2020-05-21 16:34:25,792
INFO - 2.4.1 门急诊收入(万元)，6.65 - 2020-05-21 16:34:33,160
INFO - 2.4.1 门急诊收入(万元)，同期，2 - 2020-05-21 16:34:33,553
INFO - 2.4.1 门急诊收入(万元)，同比，232.64% ↑ - 2020-05-21 16:34:33,940
INFO - 2.4.2 门诊收入(万元)，5.54 - 2020-05-21 16:34:34,335
INFO - 2.4.2 门诊收入(万元)，同期，1 - 2020-05-21 16:34:34,734
INFO - 2.4.2 门诊收入(万元)，同比，453.81% ↑ - 2020-05-21 16:34:35,137
INFO - 2.4.3 急诊收入(万元)，0 - 2020-05-21 16:34:35,514
INFO - 2.4.3 急诊收入(万元)，同期，1 - 2020-05-21 16:34:35,891
INFO - 2.4.3 急诊收入(万元)，同比，-100.00% ↓ - 2020-05-21 16:34:36,278
INFO - 2.4.4 门急诊均次费(元)，380.16 - 2020-05-21 16:34:36,656
INFO - 2.4.4 门急诊均次费(元)，同期，133.33 - 2020-05-21 16:34:37,033
INFO - 2.4.4 门急诊均次费(元)，同比，185.12% ↑ - 2020-05-21 16:34:37,439
INFO - 2.4.5 门急诊药品收入(万元)，2.59 - 2020-05-21 16:34:37,809
INFO - 2.4.5 门急诊药品收入(万元)，同期，0.2 - 2020-05-21 16:34:38,181
INFO - 2.4.5 门急诊药品收入(万元)，同比，1195.11% ↑ - 2020-05-21 16:34:38,558
INFO - 2.4.6 门急诊药占比，38.93 - 2020-05-21 16:34:38,935
ERROR - 2.4.6 门急诊药占比，同期
client(38.93)
server(10.00)
SELECT round((SELECT sum(outPMedicateRatio) from bi_outpatient_yard where statisticsDate ="2019-3-22"),2)
 - 2020-05-21 16:34:39,316
INFO - 2.4.6 门急诊药占比，同比，289.30% ↑ - 2020-05-21 16:34:39,745
INFO - 2.4.7 门急诊均次药品费用(元)，148.01 - 2020-05-21 16:34:40,104
ERROR - 2.4.7 门急诊均次药品费用(元)，同期
client(100)
server(13.33)
SELECT round((SELECT sum(outPMedicateAccount/registerCount) from bi_outpatient_yard where statisticsDate ="2019-3-22"),2)
 - 2020-05-21 16:34:40,493
ERROR - 2.4.7 门急诊均次药品费用(元)，同比
client(48.01% ↑)
server(1010.35)
SELECT round((SELECT (a.sum-b.sum)/b.sum*100 from (SELECT round(sum(outPMedicateAccount/registerCount),2) sum from bi_outpatient_yard where statisticsDate ="%s")a,(SELECT round(sum(outPMedicateAccount/registerCount),2) sum from bi_outpatient_yard where statisticsDate ="%s")b),2)
 - 2020-05-21 16:34:40,871
INFO - 2.4.8 门急诊收入科室排名，{'急诊内科': '27457.7', '急诊外科(新)': '13833.2', '急诊骨科(新)': '11727.1', '发热门诊': '9429.25', '急诊儿科(新)': '2447.67', '急诊妇科': '1153', '中医儿科': '479.39'} - 2020-05-21 16:34:57,584
INFO - -----------------------------------------------3，住院分析----------------------------------------------- - 2020-05-21 16:34:59,857
INFO - 3.1住院业务（2020-3-22) - - - - - - - - - - - - - - - - - - - - - - - - - - - - - - - 2020-05-21 16:34:59,857
INFO - 3.1.1 入院人次，19 - 2020-05-21 16:35:06,883
INFO - 3.1.2 出院人次，18 - 2020-05-21 16:35:07,193
INFO - 3.1.3 出院平均住院日(日)，12.17 - 2020-05-21 16:35:07,487
INFO - 3.1.4 平均住院日科室情况，{'肿瘤科': '29', '内分泌科': '26.5', '急诊科': '20.5', '消化内科': '10.75', '妇产科': '5.5', '呼吸内科': '3.5', '神经内科': '3', '外科': '0', '骨科': '0', '急诊内科': '0'} - 2020-05-21 16:35:28,451
ERROR - 3.1.5 出院人次科室情况
client({'呼吸内科': '4', '妇产科': '4', '消化内科': '4', '急诊科': '2', '内分泌科': '2', '神经内科': '1', '肿瘤科': '1', '外科': '0', '骨科': '0', '急诊内科': '0'})
server({'心内科': '17', '神经内科': '11', '外科': '11', '呼吸内科': '9', '消化内科': '9', '内分泌科': '9', '妇产科': '5', '肿瘤科': '5', '急诊科': '4', '骨科': '4'})
SELECT deptname,sum(inPCount) as t from bi_inpatient_dept where statisticsDate ="2020-3-22" GROUP BY deptname ORDER BY t DESC LIMIT 10
 - 2020-05-21 16:35:43,703
INFO - 3.2床位分析（2020-3-22) - - - - - - - - - - - - - - - - - - - - - - - - - - - - - - - 2020-05-21 16:35:43,801
INFO - 3.2.1 实际开放总床日数，1348 - 2020-05-21 16:35:51,172
INFO - 3.2.2 实际占用总床日数，88 - 2020-05-21 16:35:51,645
INFO - 3.2.3 出院者占用总床日数，219 - 2020-05-21 16:35:52,125
INFO - 3.2.4 平均开放床位数，1348 - 2020-05-21 16:35:52,601
INFO - 3.2.5 病床周转次数，0.01 - 2020-05-21 16:35:53,067
INFO - 3.2.6 床位使用率，6.53 - 2020-05-21 16:35:53,543
INFO - 3.2.7 平均每张床位工作日，0.16 - 2020-05-21 16:35:54,014
INFO - 3.2.8 病床工作日，0.07 - 2020-05-21 16:35:54,492
INFO - 3.2.9 出院患者平均住院日，12.17 - 2020-05-21 16:35:54,962
INFO - 3.3住院收入（2020-3-22,2020-3-22) - - - - - - - - - - - - - - - - - - - - - - - - - - - - - - - 2020-05-21 16:35:55,063
INFO - 3.3.1 医院总收入(万元)，6.72 - 2020-05-21 16:36:02,494
INFO - 3.3.2 住院总收入(万元)，0.07 - 2020-05-21 16:36:02,850
INFO - 3.3.3 住院均次费用(元)，7.78 - 2020-05-21 16:36:03,207
INFO - 3.3.4 住院药品收入(万元)，0.03 - 2020-05-21 16:36:03,569
INFO - 3.3.5 住院均次药品费用(元)，3.79 - 2020-05-21 16:36:03,942
INFO - 3.3.6 住院药占比，48.73 - 2020-05-21 16:36:04,309
INFO - 3.3.7 住院收入科室情况，{'外科': '692.05', '神经内科': '0', '心内科': '0', '骨科': '0', '急诊科': '0', '消化内科': '0', '呼吸内科': '0', '肿瘤科': '0', '急诊内科': '0', '内分泌科': '0'} - 2020-05-21 16:36:26,726
INFO - -----------------------------------------------4，药品分析----------------------------------------------- - 2020-05-21 16:36:29,026
INFO - 4.1基本用药分析（2020-3-22) - - - - - - - - - - - - - - - - - - - - - - - - - - - - - - - 2020-05-21 16:36:29,026
INFO - 4.1.1 药品收入(万元)，2.32 - 2020-05-21 16:36:36,269
INFO - 4.1.2 中成药收入(万元)，0.64 - 2020-05-21 16:36:36,690
INFO - 4.1.3 中药饮片(万元)，0 - 2020-05-21 16:36:37,081
INFO - 4.1.4 西医收入(万元)，1.68 - 2020-05-21 16:36:37,517
INFO - 4.1.5 医保目录外药品收入(万元)，1.56 - 2020-05-21 16:36:37,910
INFO - 4.1.6 药占比，34.52 - 2020-05-21 16:36:38,304
INFO - 4.2抗菌药物用药分析（2020-3-22,2020-3-22) - - - - - - - - - - - - - - - - - - - - - - - - - - - - - - - 2020-05-21 16:36:38,403
INFO - 4.2.1 抗菌药物药占比，0.27 - 2020-05-21 16:36:46,093
INFO - 4.2.2 门急诊抗菌药物均次费(元)，142 - 2020-05-21 16:36:46,584
INFO - 4.2.3 门诊患者抗菌药物使用率，27.16 - 2020-05-21 16:36:47,079
INFO - 4.2.4 急诊患者抗菌药物使用率，0 - 2020-05-21 16:36:47,577
INFO - 4.2.5 住院患者抗菌药物使用率，0 - 2020-05-21 16:36:48,091
INFO - 4.3注射输液用药分析（2020-3-22,2020-3-22) - - - - - - - - - - - - - - - - - - - - - - - - - - - - - - - 2020-05-21 16:36:48,193
INFO - 4.3.1 门急诊使用注射药物的百分比，0.35 - 2020-05-21 16:36:55,648
INFO - 4.3.2 门诊患者静脉输液使用率，27.16 - 2020-05-21 16:36:56,022
INFO - 4.3.3 住院患者抗菌药物使用率，0 - 2020-05-21 16:36:56,402
INFO - 4.3.4 住院患者静脉输液平均每床日使用袋（瓶）数，0.02 - 2020-05-21 16:36:56,773
INFO - 4.3.5 住院患者抗菌药物静脉输液占比，0 - 2020-05-21 16:36:57,155
ERROR - 4.3.6 急诊患者静脉输液使用率（0）, 页面上缺少% - 2020-05-21 16:36:57,543
INFO - -----------------------------------------------5，手术分析----------------------------------------------- - 2020-05-21 16:36:59,822
INFO - 5.1手术分析（2020-3-22) - - - - - - - - - - - - - - - - - - - - - - - - - - - - - - - 2020-05-21 16:36:59,822
INFO - 5.1.1 住院手术例数(例)，0 - 2020-05-21 16:37:07,128
INFO - 5.1.2 住院患者手术人次数(人次)，0 - 2020-05-21 16:37:07,519
INFO - 5.1.3 日间手术例数(例)，0 - 2020-05-21 16:37:07,896
INFO - 5.1.4 日间手术人次数(人次)，0 - 2020-05-21 16:37:08,295
INFO - 5.1.5 三四级手术占比(例)，0 - 2020-05-21 16:37:08,673
INFO - 5.1.6 麻醉总例数(例)，0 - 2020-05-21 16:37:09,054
ERROR - 5.1.7 手术例数科室分析
client(None)
server({})
SELECT deptName,sum(oneLevelSurgical+twoLevelSurgical+threeLevelSurgical+fourLevelSurgical) as number from bi_patient_surgical_dept WHERE surgicalDate = "2020-3-22" GROUP BY deptname ORDER BY number  DESC LIMIT 10
 - 2020-05-21 16:37:44,856
ERROR - 5.1.8 手术主刀医生排名
client(None)
server({})
SELECT doctorName,sum(oneLevelSurgical+twoLevelSurgical+threeLevelSurgical+fourLevelSurgical) as number from bi_patient_surgical_doctor WHERE surgicalDate = "2020-3-22" GROUP BY doctorName ORDER BY number DESC LIMIT 10
 - 2020-05-21 16:38:22,604
ERROR - 5.1.9 手术排名
client(None)
server({})
SELECT surgicalName,sum(surgicalNum) from bi_surgical_name_hospital WHERE surgicalLevel in (1,2,3,4) and surgicalDate = "2020-3-22" GROUP BY surgicalName ORDER BY sum(surgicalNum) DESC LIMIT 10
 - 2020-05-21 16:39:00,656
INFO - 数据更新时间：2020-05-21 16:44:38 - 2020-05-21 16:44:51,335
INFO - ----------------------------------------------1，实时监控指标---------------------------------------------- - 2020-05-21 16:44:53,468
INFO - 1.1今日运营分析（) - - - - - - - - - - - - - - - - - - - - - - - - - - - - - - - 2020-05-21 16:44:53,470
INFO - 1.1.1 医疗业务收入(万元)，0，昨日：0 - 2020-05-21 16:44:58,309
INFO - 1.1.2 药品收入(万元)，0，昨日：0 - 2020-05-21 16:44:58,841
INFO - 1.1.3 今日门急诊量(例)，0，昨日：0 - 2020-05-21 16:44:59,407
INFO - 1.1.4 今日门诊量(例)，0，昨日：0 - 2020-05-21 16:44:59,928
INFO - 1.1.5 今日急诊量(例)，0，昨日：0 - 2020-05-21 16:45:00,466
INFO - 1.1.6 今日门急诊收入(万元)，0，昨日：0 - 2020-05-21 16:45:01,018
INFO - 1.1.7 今日出院人数(例)，0，昨日：0 - 2020-05-21 16:45:01,553
INFO - 1.1.8 今日在院(例)，0，昨日：0 - 2020-05-21 16:45:02,070
INFO - 1.1.9 当前危重人数(例)，0，昨日：0 - 2020-05-21 16:45:02,629
INFO - 1.1.10 今日住院实收入(万元)，0，昨日：0 - 2020-05-21 16:45:03,143
INFO - -----------------------------------------------2，门诊分析----------------------------------------------- - 2020-05-21 16:45:05,376
INFO - 2.1门诊业务（2020-3-22) - - - - - - - - - - - - - - - - - - - - - - - - - - - - - - - 2020-05-21 16:45:05,377
INFO - 2.1.1 门急诊人次(万人)，0.02 - 2020-05-21 16:45:12,305
INFO - 2.1.1 门急诊人次(万人)，同期，0.01 - 2020-05-21 16:45:12,577
INFO - 2.1.1 门急诊人次(万人)，同比，42.11% ↑ - 2020-05-21 16:45:12,839
INFO - 2.1.2 门诊人次(万人)，0.02 - 2020-05-21 16:45:13,106
INFO - 2.1.2 门诊人次(万人)，同期，0.01 - 2020-05-21 16:45:13,384
INFO - 2.1.2 门诊人次(万人)，同比，35.00% ↑ - 2020-05-21 16:45:13,649
INFO - 2.1.3 急诊人次(万人)，0 - 2020-05-21 16:45:13,914
INFO - 2.1.3 急诊人次(万人)，同期，0.01 - 2020-05-21 16:45:14,179
INFO - 2.1.3 急诊人次(万人)，同比，-100.00% ↓ - 2020-05-21 16:45:14,442
INFO - 2.1.4 门急诊退号率，7.43 - 2020-05-21 16:45:14,711
ERROR - 2.1.4 门急诊退号率，同期
client(7.43)
server(10.00)
SELECT sum(backRegisterRatio) from bi_outpatient_yard where statisticsDate="2019-3-22"
 - 2020-05-21 16:45:14,978
INFO - 2.1.4 门急诊退号率，同比，-25.70% ↓ - 2020-05-21 16:45:15,258
INFO - 2.3门诊处方（2020-3-22) - - - - - - - - - - - - - - - - - - - - - - - - - - - - - - - 2020-05-21 16:45:15,362
INFO - 2.3.1 门急诊处方数(张)，1125 - 2020-05-21 16:45:22,407
INFO - 2.3.1 门急诊处方数(张)，同期，39 - 2020-05-21 16:45:22,728
INFO - 2.3.1 门急诊处方数(张)，同比，2784.62% ↑ - 2020-05-21 16:45:23,017
INFO - 2.3.2 门急诊抗生素处方数(张)，54 - 2020-05-21 16:45:23,313
INFO - 2.3.2 门急诊抗生素处方数(张)，同期，0 - 2020-05-21 16:45:23,601
INFO - 2.3.2 门急诊抗生素处方数(张)，同比，0.00% - - 2020-05-21 16:45:23,894
INFO - 2.3.3 门急诊药品处方数(张)，167 - 2020-05-21 16:45:24,185
INFO - 2.3.3 门急诊药品处方数(张)，同期，39 - 2020-05-21 16:45:24,478
INFO - 2.3.3 门急诊药品处方数(张)，同比，328.21% ↑ - 2020-05-21 16:45:24,776
INFO - 2.3.4 门急诊大额处方数(张)，1 - 2020-05-21 16:45:25,075
INFO - 2.3.4 门急诊大额处方数(张)，同期，27 - 2020-05-21 16:45:25,384
INFO - 2.3.4 门急诊大额处方数(张)，同比，-96.30% ↓ - 2020-05-21 16:45:25,678
INFO - 2.3.5 科室门急诊抗生素处方数分析，{'门诊药房(新院)': '43', '发热门诊药房': '11', '外科': '0', '骨科': '0', '发热门诊': '0', '放射科': '0', '心电图': '0', '检验科': '0', '一次性用品库': '0', '急诊内科': '0'} - 2020-05-21 16:45:37,017
INFO - 2.3.6 科室门急诊药品处方数分析，{'门诊药房(新院)': '151', '发热门诊药房': '16', '外科': '0', '骨科': '0', '发热门诊': '0', '放射科': '0', '心电图': '0', '检验科': '0', '一次性用品库': '0', '急诊内科': '0'} - 2020-05-21 16:45:46,043
INFO - 2.3.7 科室门急诊大额处方数分析，{'门诊药房(新院)': '1', '外科': '0', '骨科': '0', '发热门诊': '0', '放射科': '0', '心电图': '0', '发热门诊药房': '0', '检验科': '0', '一次性用品库': '0', '急诊内科': '0'} - 2020-05-21 16:45:54,557
INFO - 2.3.8 门急诊抗生素处方率，4.8 - 2020-05-21 16:46:03,057
INFO - 2.3.9 门急诊药品处方率，14.84 - 2020-05-21 16:46:14,539
INFO - 2.3.10 门急诊大额处方率，0.09 - 2020-05-21 16:46:26,110
INFO - 2.4门诊收入（2020-3-22) - - - - - - - - - - - - - - - - - - - - - - - - - - - - - - - 2020-05-21 16:46:26,211
INFO - 2.4.1 门急诊收入(万元)，6.65 - 2020-05-21 16:46:33,522
INFO - 2.4.1 门急诊收入(万元)，同期，2 - 2020-05-21 16:46:33,920
INFO - 2.4.1 门急诊收入(万元)，同比，232.64% ↑ - 2020-05-21 16:46:34,290
INFO - 2.4.2 门诊收入(万元)，5.54 - 2020-05-21 16:46:34,660
INFO - 2.4.2 门诊收入(万元)，同期，1 - 2020-05-21 16:46:35,034
INFO - 2.4.2 门诊收入(万元)，同比，453.81% ↑ - 2020-05-21 16:46:35,427
INFO - 2.4.3 急诊收入(万元)，0 - 2020-05-21 16:46:35,803
INFO - 2.4.3 急诊收入(万元)，同期，1 - 2020-05-21 16:46:36,144
INFO - 2.4.3 急诊收入(万元)，同比，-100.00% ↓ - 2020-05-21 16:46:36,499
INFO - 2.4.4 门急诊均次费(元)，380.16 - 2020-05-21 16:46:36,865
INFO - 2.4.4 门急诊均次费(元)，同期，133.33 - 2020-05-21 16:46:37,264
INFO - 2.4.4 门急诊均次费(元)，同比，185.12% ↑ - 2020-05-21 16:46:37,638
INFO - 2.4.5 门急诊药品收入(万元)，2.59 - 2020-05-21 16:46:38,009
INFO - 2.4.5 门急诊药品收入(万元)，同期，0.2 - 2020-05-21 16:46:38,397
INFO - 2.4.5 门急诊药品收入(万元)，同比，1195.11% ↑ - 2020-05-21 16:46:38,781
INFO - 2.4.6 门急诊药占比，38.93 - 2020-05-21 16:46:39,153
ERROR - 2.4.6 门急诊药占比，同期
client(38.93)
server(10.00)
SELECT round((SELECT sum(outPMedicateRatio) from bi_outpatient_yard where statisticsDate ="2019-3-22"),2)
 - 2020-05-21 16:46:39,535
INFO - 2.4.6 门急诊药占比，同比，289.30% ↑ - 2020-05-21 16:46:39,915
INFO - 2.4.7 门急诊均次药品费用(元)，148.01 - 2020-05-21 16:46:40,299
ERROR - 2.4.7 门急诊均次药品费用(元)，同期
client(100)
server(13.33)
SELECT round((SELECT sum(outPMedicateAccount/registerCount) from bi_outpatient_yard where statisticsDate ="2019-3-22"),2)
 - 2020-05-21 16:46:40,682
ERROR - 2.4.7 门急诊均次药品费用(元)，同比
client(48.01% ↑)
server(1010.35)
SELECT round((SELECT (a.sum-b.sum)/b.sum*100 from (SELECT round(sum(outPMedicateAccount/registerCount),2) sum from bi_outpatient_yard where statisticsDate ="%s")a,(SELECT round(sum(outPMedicateAccount/registerCount),2) sum from bi_outpatient_yard where statisticsDate ="%s")b),2)
 - 2020-05-21 16:46:41,051
INFO - 2.4.8 门急诊收入科室排名，{'急诊内科': '27457.7', '急诊外科(新)': '13833.2', '急诊骨科(新)': '11727.1', '发热门诊': '9429.25', '急诊儿科(新)': '2447.67', '急诊妇科': '1153', '中医儿科': '479.39'} - 2020-05-21 16:46:56,440
INFO - -----------------------------------------------3，住院分析----------------------------------------------- - 2020-05-21 16:46:58,701
INFO - 3.1住院业务（2020-3-22) - - - - - - - - - - - - - - - - - - - - - - - - - - - - - - - 2020-05-21 16:46:58,705
INFO - 3.1.1 入院人次，19 - 2020-05-21 16:47:05,707
INFO - 3.1.2 出院人次，18 - 2020-05-21 16:47:05,950
INFO - 3.1.3 出院平均住院日(日)，12.17 - 2020-05-21 16:47:06,200
INFO - 3.1.4 平均住院日科室情况，{'肿瘤科': '29', '内分泌科': '26.5', '急诊科': '20.5', '消化内科': '10.75', '妇产科': '5.5', '呼吸内科': '3.5', '神经内科': '3', '外科': '0', '骨科': '0', '急诊内科': '0'} - 2020-05-21 16:47:25,414
ERROR - 3.1.5 出院人次科室情况
client({'呼吸内科': '4', '妇产科': '4', '消化内科': '4', '内分泌科': '2', '急诊科': '2', '肿瘤科': '1', '神经内科': '1', '骨科': '0', '急诊内科': '0', '心内科': '0'})
server({'心内科': '17', '外科': '11', '神经内科': '11', '消化内科': '9', '内分泌科': '9', '呼吸内科': '9', '肿瘤科': '5', '妇产科': '5', '急诊科': '4', '骨科': '4'})
SELECT deptname,sum(inPCount) as t from bi_inpatient_dept where statisticsDate ="2020-3-22" GROUP BY deptname ORDER BY t DESC LIMIT 10
 - 2020-05-21 16:47:41,292
INFO - 3.2床位分析（2020-3-22) - - - - - - - - - - - - - - - - - - - - - - - - - - - - - - - 2020-05-21 16:47:41,392
INFO - 3.2.1 实际开放总床日数，1348 - 2020-05-21 16:47:49,027
INFO - 3.2.2 实际占用总床日数，88 - 2020-05-21 16:47:49,777
INFO - 3.2.3 出院者占用总床日数，219 - 2020-05-21 16:47:50,492
INFO - 3.2.4 平均开放床位数，1348 - 2020-05-21 16:47:51,202
INFO - 3.2.5 病床周转次数，0.01 - 2020-05-21 16:47:51,900
INFO - 3.2.6 床位使用率，6.53 - 2020-05-21 16:47:52,618
INFO - 3.2.7 平均每张床位工作日，0.16 - 2020-05-21 16:47:53,327
INFO - 3.2.8 病床工作日，0.07 - 2020-05-21 16:47:54,042
INFO - 3.2.9 出院患者平均住院日，12.17 - 2020-05-21 16:47:54,766
INFO - 3.3住院收入（2020-3-22,2020-3-22) - - - - - - - - - - - - - - - - - - - - - - - - - - - - - - - 2020-05-21 16:47:54,870
INFO - 3.3.1 医院总收入(万元)，6.72 - 2020-05-21 16:48:02,271
INFO - 3.3.2 住院总收入(万元)，0.07 - 2020-05-21 16:48:02,646
INFO - 3.3.3 住院均次费用(元)，7.78 - 2020-05-21 16:48:03,015
INFO - 3.3.4 住院药品收入(万元)，0.03 - 2020-05-21 16:48:03,401
INFO - 3.3.5 住院均次药品费用(元)，3.79 - 2020-05-21 16:48:03,782
INFO - 3.3.6 住院药占比，48.73 - 2020-05-21 16:48:04,173
INFO - 3.3.7 住院收入科室情况，{'外科': '692.05', '骨科': '0', '急诊科': '0', '消化内科': '0', '呼吸内科': '0', '肿瘤科': '0', '急诊内科': '0', '内分泌科': '0', '妇产科': '0', '肾内科': '0'} - 2020-05-21 16:48:29,493
INFO - -----------------------------------------------4，药品分析----------------------------------------------- - 2020-05-21 16:48:31,791
INFO - 4.1基本用药分析（2020-3-22) - - - - - - - - - - - - - - - - - - - - - - - - - - - - - - - 2020-05-21 16:48:31,795
INFO - 4.1.1 药品收入(万元)，2.32 - 2020-05-21 16:48:39,289
INFO - 4.1.2 中成药收入(万元)，0.64 - 2020-05-21 16:48:39,677
INFO - 4.1.3 中药饮片(万元)，0 - 2020-05-21 16:48:40,042
INFO - 4.1.4 西医收入(万元)，1.68 - 2020-05-21 16:48:40,420
INFO - 4.1.5 医保目录外药品收入(万元)，1.56 - 2020-05-21 16:48:40,779
INFO - 4.1.6 药占比，34.52 - 2020-05-21 16:48:41,144
INFO - 4.2抗菌药物用药分析（2020-3-22,2020-3-22) - - - - - - - - - - - - - - - - - - - - - - - - - - - - - - - 2020-05-21 16:48:41,248
INFO - 4.2.1 抗菌药物药占比，0.27 - 2020-05-21 16:48:48,843
INFO - 4.2.2 门急诊抗菌药物均次费(元)，142 - 2020-05-21 16:48:49,347
INFO - 4.2.3 门诊患者抗菌药物使用率，27.16 - 2020-05-21 16:48:49,836
INFO - 4.2.4 急诊患者抗菌药物使用率，0 - 2020-05-21 16:48:50,327
INFO - 4.2.5 住院患者抗菌药物使用率，0 - 2020-05-21 16:48:50,819
INFO - 4.3注射输液用药分析（2020-3-22,2020-3-22) - - - - - - - - - - - - - - - - - - - - - - - - - - - - - - - 2020-05-21 16:48:50,951
INFO - 4.3.1 门急诊使用注射药物的百分比，0.35 - 2020-05-21 16:48:58,389
INFO - 4.3.2 门诊患者静脉输液使用率，27.16 - 2020-05-21 16:48:58,758
INFO - 4.3.3 住院患者抗菌药物使用率，0 - 2020-05-21 16:48:59,125
INFO - 4.3.4 住院患者静脉输液平均每床日使用袋（瓶）数，0.02 - 2020-05-21 16:48:59,501
INFO - 4.3.5 住院患者抗菌药物静脉输液占比，0 - 2020-05-21 16:48:59,886
ERROR - 4.3.6 急诊患者静脉输液使用率（0）, 页面上缺少% - 2020-05-21 16:49:00,266
INFO - -----------------------------------------------5，手术分析----------------------------------------------- - 2020-05-21 16:49:02,551
INFO - 5.1手术分析（2020-3-22) - - - - - - - - - - - - - - - - - - - - - - - - - - - - - - - 2020-05-21 16:49:02,552
INFO - 5.1.1 住院手术例数(例)，0 - 2020-05-21 16:49:09,849
INFO - 5.1.2 住院患者手术人次数(人次)，0 - 2020-05-21 16:49:10,234
INFO - 5.1.3 日间手术例数(例)，0 - 2020-05-21 16:49:10,608
INFO - 5.1.4 日间手术人次数(人次)，0 - 2020-05-21 16:49:10,996
INFO - 5.1.5 三四级手术占比(例)，0 - 2020-05-21 16:49:11,419
INFO - 5.1.6 麻醉总例数(例)，0 - 2020-05-21 16:49:11,817
ERROR - 5.1.7 手术例数科室分析
client(None)
server({})
SELECT deptName,sum(oneLevelSurgical+twoLevelSurgical+threeLevelSurgical+fourLevelSurgical) as number from bi_patient_surgical_dept WHERE surgicalDate = "2020-3-22" GROUP BY deptname ORDER BY number  DESC LIMIT 10
 - 2020-05-21 16:49:46,909
ERROR - 5.1.8 手术主刀医生排名
client(None)
server({})
SELECT doctorName,sum(oneLevelSurgical+twoLevelSurgical+threeLevelSurgical+fourLevelSurgical) as number from bi_patient_surgical_doctor WHERE surgicalDate = "2020-3-22" GROUP BY doctorName ORDER BY number DESC LIMIT 10
 - 2020-05-21 16:50:23,368
ERROR - 5.1.9 手术排名
client(None)
server({})
SELECT surgicalName,sum(surgicalNum) from bi_surgical_name_hospital WHERE surgicalLevel in (1,2,3,4) and surgicalDate = "2020-3-22" GROUP BY surgicalName ORDER BY sum(surgicalNum) DESC LIMIT 10
 - 2020-05-21 16:51:00,096
