INFO - 数据更新时间：2020-06-01 14:47:23 - 2020-06-01 14:47:42,119
INFO - ----------------------------------------------1，实时监控指标---------------------------------------------- - 2020-06-01 14:47:44,237
INFO - 1.1今日运营分析（) - - - - - - - - - - - - - - - - - - - - - - - - - - - - - - - 2020-06-01 14:47:44,237
INFO - 1.1.1 医疗业务收入(万元)，0，昨日：0 - 2020-06-01 14:47:49,062
INFO - 1.1.2 药品收入(万元)，0，昨日：0 - 2020-06-01 14:47:49,586
INFO - 1.1.3 今日门急诊量(例)，0，昨日：0 - 2020-06-01 14:47:50,131
INFO - 1.1.4 今日门诊量(例)，0，昨日：0 - 2020-06-01 14:47:50,654
INFO - 1.1.5 今日急诊量(例)，0，昨日：0 - 2020-06-01 14:47:51,197
INFO - 1.1.6 今日门急诊收入(万元)，0，昨日：0 - 2020-06-01 14:47:51,764
INFO - 1.1.7 今日出院人数(例)，0，昨日：0 - 2020-06-01 14:47:52,293
INFO - 1.1.8 今日在院(例)，0，昨日：0 - 2020-06-01 14:47:52,806
INFO - 1.1.9 当前危重人数(例)，0，昨日：0 - 2020-06-01 14:47:53,327
INFO - 1.1.10 今日住院实收入(万元)，0，昨日：0 - 2020-06-01 14:47:53,859
INFO - -----------------------------------------------2，门诊分析----------------------------------------------- - 2020-06-01 14:47:56,087
INFO - 2.1门诊业务（2020-3-22) - - - - - - - - - - - - - - - - - - - - - - - - - - - - - - - 2020-06-01 14:47:56,087
INFO - 2.1.1 门急诊人次(万人)，0.02 - 2020-06-01 14:48:03,006
INFO - 2.1.1 门急诊人次(万人)，同期，0.01 - 2020-06-01 14:48:03,290
INFO - 2.1.1 门急诊人次(万人)，同比，42.11% ↑ - 2020-06-01 14:48:03,565
INFO - 2.1.2 门诊人次(万人)，0.02 - 2020-06-01 14:48:03,815
INFO - 2.1.2 门诊人次(万人)，同期，0.01 - 2020-06-01 14:48:04,117
INFO - 2.1.2 门诊人次(万人)，同比，35.00% ↑ - 2020-06-01 14:48:04,400
INFO - 2.1.3 急诊人次(万人)，0 - 2020-06-01 14:48:04,690
INFO - 2.1.3 急诊人次(万人)，同期，0.01 - 2020-06-01 14:48:04,965
INFO - 2.1.3 急诊人次(万人)，同比，-100.00% ↓ - 2020-06-01 14:48:05,226
INFO - 2.1.4 门急诊退号率，7.43 - 2020-06-01 14:48:05,490
ERROR - 2.1.4 门急诊退号率，同期
client(7.43)
server(10.00)
SELECT sum(backRegisterRatio) from bi_outpatient_yard where statisticsDate="2019-3-22"
 - 2020-06-01 14:48:05,785
INFO - 2.1.4 门急诊退号率，同比，-25.70% ↓ - 2020-06-01 14:48:06,042
INFO - 2.3门诊处方（2020-3-22) - - - - - - - - - - - - - - - - - - - - - - - - - - - - - - - 2020-06-01 14:48:06,145
INFO - 2.3.1 门急诊处方数(张)，1125 - 2020-06-01 14:48:13,146
INFO - 2.3.1 门急诊处方数(张)，同期，39 - 2020-06-01 14:48:13,434
INFO - 2.3.1 门急诊处方数(张)，同比，2784.62% ↑ - 2020-06-01 14:48:13,731
INFO - 2.3.2 门急诊抗生素处方数(张)，54 - 2020-06-01 14:48:14,021
INFO - 2.3.2 门急诊抗生素处方数(张)，同期，0 - 2020-06-01 14:48:14,312
INFO - 2.3.2 门急诊抗生素处方数(张)，同比，0.00% - - 2020-06-01 14:48:14,607
INFO - 2.3.3 门急诊药品处方数(张)，167 - 2020-06-01 14:48:14,910
INFO - 2.3.3 门急诊药品处方数(张)，同期，39 - 2020-06-01 14:48:15,200
INFO - 2.3.3 门急诊药品处方数(张)，同比，328.21% ↑ - 2020-06-01 14:48:15,482
INFO - 2.3.4 门急诊大额处方数(张)，1 - 2020-06-01 14:48:15,761
INFO - 2.3.4 门急诊大额处方数(张)，同期，27 - 2020-06-01 14:48:16,048
INFO - 2.3.4 门急诊大额处方数(张)，同比，-96.30% ↓ - 2020-06-01 14:48:16,333
INFO - 2.3.5 科室门急诊抗生素处方数分析，{'门诊药房(新院)': '43', '发热门诊药房': '11', '外科': '0', '骨科': '0', '发热门诊': '0', '放射科': '0', '心电图': '0', '检验科': '0', '一次性用品库': '0', '急诊内科': '0'} - 2020-06-01 14:48:27,488
INFO - 2.3.6 科室门急诊药品处方数分析，{'门诊药房(新院)': '151', '发热门诊药房': '16', '外科': '0', '骨科': '0', '发热门诊': '0', '放射科': '0', '心电图': '0', '检验科': '0', '一次性用品库': '0', '急诊内科': '0'} - 2020-06-01 14:48:35,927
INFO - 2.3.7 科室门急诊大额处方数分析，{'门诊药房(新院)': '1', '外科': '0', '骨科': '0', '发热门诊': '0', '放射科': '0', '心电图': '0', '发热门诊药房': '0', '检验科': '0', '一次性用品库': '0', '急诊内科': '0'} - 2020-06-01 14:48:44,286
INFO - 2.3.8 门急诊抗生素处方率，4.8 - 2020-06-01 14:48:52,486
INFO - 2.3.9 门急诊药品处方率，14.84 - 2020-06-01 14:49:00,752
INFO - 2.3.10 门急诊大额处方率，0.09 - 2020-06-01 14:49:08,950
INFO - 2.4门诊收入（2020-3-22) - - - - - - - - - - - - - - - - - - - - - - - - - - - - - - - 2020-06-01 14:49:09,055
INFO - 2.4.1 门急诊收入(万元)，6.65 - 2020-06-01 14:49:16,346
INFO - 2.4.1 门急诊收入(万元)，同期，2 - 2020-06-01 14:49:16,801
INFO - 2.4.1 门急诊收入(万元)，同比，232.64% ↑ - 2020-06-01 14:49:17,259
INFO - 2.4.2 门诊收入(万元)，5.54 - 2020-06-01 14:49:17,715
INFO - 2.4.2 门诊收入(万元)，同期，1 - 2020-06-01 14:49:18,175
INFO - 2.4.2 门诊收入(万元)，同比，453.81% ↑ - 2020-06-01 14:49:18,639
INFO - 2.4.3 急诊收入(万元)，0 - 2020-06-01 14:49:19,114
INFO - 2.4.3 急诊收入(万元)，同期，1 - 2020-06-01 14:49:19,567
INFO - 2.4.3 急诊收入(万元)，同比，-100.00% ↓ - 2020-06-01 14:49:20,004
INFO - 2.4.4 门急诊均次费(元)，380.16 - 2020-06-01 14:49:20,434
INFO - 2.4.4 门急诊均次费(元)，同期，133.33 - 2020-06-01 14:49:20,856
INFO - 2.4.4 门急诊均次费(元)，同比，185.12% ↑ - 2020-06-01 14:49:21,271
INFO - 2.4.5 门急诊药品收入(万元)，2.59 - 2020-06-01 14:49:21,677
INFO - 2.4.5 门急诊药品收入(万元)，同期，0.2 - 2020-06-01 14:49:22,106
INFO - 2.4.5 门急诊药品收入(万元)，同比，1195.11% ↑ - 2020-06-01 14:49:22,519
INFO - 2.4.6 门急诊药占比，38.93 - 2020-06-01 14:49:22,925
ERROR - 2.4.6 门急诊药占比，同期
client(38.93)
server(10.00)
SELECT round((SELECT sum(outPMedicateRatio) from bi_outpatient_yard where statisticsDate ="2019-3-22"),2)
 - 2020-06-01 14:49:23,306
INFO - 2.4.6 门急诊药占比，同比，289.30% ↑ - 2020-06-01 14:49:23,670
INFO - 2.4.7 门急诊均次药品费用(元)，148.01 - 2020-06-01 14:49:24,046
ERROR - 2.4.7 门急诊均次药品费用(元)，同期
client(100)
server(13.33)
SELECT round((SELECT sum(outPMedicateAccount/registerCount) from bi_outpatient_yard where statisticsDate ="2019-3-22"),2)
 - 2020-06-01 14:49:24,421
ERROR - 2.4.7 门急诊均次药品费用(元)，同比
client(48.01% ↑)
server(1010.35)
SELECT round((SELECT (a.sum-b.sum)/b.sum*100 from (SELECT round(sum(outPMedicateAccount/registerCount),2) sum from bi_outpatient_yard where statisticsDate ="%s")a,(SELECT round(sum(outPMedicateAccount/registerCount),2) sum from bi_outpatient_yard where statisticsDate ="%s")b),2)
 - 2020-06-01 14:49:24,775
INFO - 2.4.8 门急诊收入科室排名，{'急诊内科': '27457.7', '急诊外科(新)': '13833.2', '急诊骨科(新)': '11727.1', '发热门诊': '9429.25', '急诊儿科(新)': '2447.67', '急诊妇科': '1153', '中医儿科': '479.39'} - 2020-06-01 14:49:41,020
INFO - -----------------------------------------------3，住院分析----------------------------------------------- - 2020-06-01 14:49:43,300
INFO - 3.1住院业务（2020-3-22) - - - - - - - - - - - - - - - - - - - - - - - - - - - - - - - 2020-06-01 14:49:43,300
INFO - 3.1.1 入院人次，19 - 2020-06-01 14:49:50,341
INFO - 3.1.2 出院人次，18 - 2020-06-01 14:49:50,578
INFO - 3.1.3 出院平均住院日(日)，12.17 - 2020-06-01 14:49:50,917
INFO - 3.1.4 平均住院日科室情况，{'肿瘤科': '29', '内分泌科': '26.5', '急诊科': '20.5', '消化内科': '10.75', '妇产科': '5.5', '呼吸内科': '3.5', '神经内科': '3', '外科': '0', '骨科': '0', '急诊内科': '0'} - 2020-06-01 14:50:10,144
ERROR - 3.1.5 出院人次科室情况
client({'呼吸内科': '4', '妇产科': '4', '消化内科': '4', '内分泌科': '2', '急诊科': '2', '肿瘤科': '1', '神经内科': '1', '骨科': '0', '急诊内科': '0', '心内科': '0'})
server({'心内科': '17', '神经内科': '11', '外科': '11', '呼吸内科': '9', '消化内科': '9', '内分泌科': '9', '妇产科': '5', '肿瘤科': '5', '急诊科': '4', '骨科': '4'})
SELECT deptname,sum(inPCount) as t from bi_inpatient_dept where statisticsDate ="2020-3-22" GROUP BY deptname ORDER BY t DESC LIMIT 10
 - 2020-06-01 14:50:24,670
INFO - 3.2床位分析（2020-3-22) - - - - - - - - - - - - - - - - - - - - - - - - - - - - - - - 2020-06-01 14:50:24,771
INFO - 3.2.1 实际开放总床日数，1348 - 2020-06-01 14:50:32,501
INFO - 3.2.2 实际占用总床日数，88 - 2020-06-01 14:50:33,193
INFO - 3.2.3 出院者占用总床日数，219 - 2020-06-01 14:50:33,895
INFO - 3.2.4 平均开放床位数，1348 - 2020-06-01 14:50:34,603
INFO - 3.2.5 病床周转次数，0.01 - 2020-06-01 14:50:35,336
INFO - 3.2.6 床位使用率，6.53 - 2020-06-01 14:50:36,034
INFO - 3.2.7 平均每张床位工作日，0.16 - 2020-06-01 14:50:36,740
INFO - 3.2.8 病床工作日，0.07 - 2020-06-01 14:50:37,446
INFO - 3.2.9 出院患者平均住院日，12.17 - 2020-06-01 14:50:38,335
INFO - 3.3住院收入（2020-3-22,2020-3-22) - - - - - - - - - - - - - - - - - - - - - - - - - - - - - - - 2020-06-01 14:50:38,442
INFO - 3.3.1 医院总收入(万元)，6.72 - 2020-06-01 14:50:46,042
INFO - 3.3.2 住院总收入(万元)，0.07 - 2020-06-01 14:50:46,403
INFO - 3.3.3 住院均次费用(元)，7.78 - 2020-06-01 14:50:46,767
INFO - 3.3.4 住院药品收入(万元)，0.03 - 2020-06-01 14:50:47,135
INFO - 3.3.5 住院均次药品费用(元)，3.79 - 2020-06-01 14:50:47,493
INFO - 3.3.6 住院药占比，48.73 - 2020-06-01 14:50:47,847
INFO - 3.3.7 住院收入科室情况，{'外科': '692.05', '神经内科': '0', '心内科': '0', '骨科': '0', '急诊科': '0', '消化内科': '0', '呼吸内科': '0', '肿瘤科': '0', '急诊内科': '0', '内分泌科': '0'} - 2020-06-01 14:51:09,946
INFO - -----------------------------------------------4，药品分析----------------------------------------------- - 2020-06-01 14:51:12,248
INFO - 4.1基本用药分析（2020-3-22) - - - - - - - - - - - - - - - - - - - - - - - - - - - - - - - 2020-06-01 14:51:12,248
INFO - 4.1.1 药品收入(万元)，2.32 - 2020-06-01 14:51:19,440
INFO - 4.1.2 中成药收入(万元)，0.64 - 2020-06-01 14:51:19,895
INFO - 4.1.3 中药饮片(万元)，0 - 2020-06-01 14:51:20,253
INFO - 4.1.4 西医收入(万元)，1.68 - 2020-06-01 14:51:20,627
INFO - 4.1.5 医保目录外药品收入(万元)，1.56 - 2020-06-01 14:51:21,010
INFO - 4.1.6 药占比，34.52 - 2020-06-01 14:51:21,387
INFO - 4.2抗菌药物用药分析（2020-3-22,2020-3-22) - - - - - - - - - - - - - - - - - - - - - - - - - - - - - - - 2020-06-01 14:51:21,486
INFO - 4.2.1 抗菌药物药占比，0.27 - 2020-06-01 14:51:29,134
INFO - 4.2.2 门急诊抗菌药物均次费(元)，142 - 2020-06-01 14:51:29,614
INFO - 4.2.3 门诊患者抗菌药物使用率，27.16 - 2020-06-01 14:51:30,131
INFO - 4.2.4 急诊患者抗菌药物使用率，0 - 2020-06-01 14:51:30,696
INFO - 4.2.5 住院患者抗菌药物使用率，0 - 2020-06-01 14:51:31,169
INFO - 4.3注射输液用药分析（2020-3-22,2020-3-22) - - - - - - - - - - - - - - - - - - - - - - - - - - - - - - - 2020-06-01 14:51:31,275
INFO - 4.3.1 门急诊使用注射药物的百分比，0.35 - 2020-06-01 14:51:38,724
INFO - 4.3.2 门诊患者静脉输液使用率，27.16 - 2020-06-01 14:51:39,141
INFO - 4.3.3 住院患者抗菌药物使用率，0 - 2020-06-01 14:51:39,507
INFO - 4.3.4 住院患者静脉输液平均每床日使用袋（瓶）数，0.02 - 2020-06-01 14:51:39,856
INFO - 4.3.5 住院患者抗菌药物静脉输液占比，0 - 2020-06-01 14:51:40,205
ERROR - 4.3.6 急诊患者静脉输液使用率（0）, 页面上缺少% - 2020-06-01 14:51:40,581
INFO - -----------------------------------------------5，手术分析----------------------------------------------- - 2020-06-01 14:51:42,855
INFO - 5.1手术分析（2020-3-22) - - - - - - - - - - - - - - - - - - - - - - - - - - - - - - - 2020-06-01 14:51:42,855
INFO - 5.1.1 住院手术例数(例)，0 - 2020-06-01 14:51:50,152
INFO - 5.1.2 住院患者手术人次数(人次)，0 - 2020-06-01 14:51:50,528
INFO - 5.1.3 日间手术例数(例)，0 - 2020-06-01 14:51:50,906
INFO - 5.1.4 日间手术人次数(人次)，0 - 2020-06-01 14:51:51,298
INFO - 5.1.5 三四级手术占比(例)，0 - 2020-06-01 14:51:51,674
INFO - 5.1.6 麻醉总例数(例)，0 - 2020-06-01 14:51:52,062
ERROR - 5.1.7 手术例数科室分析
client(None)
server({})
SELECT deptName,sum(oneLevelSurgical+twoLevelSurgical+threeLevelSurgical+fourLevelSurgical) as number from bi_patient_surgical_dept WHERE surgicalDate = "2020-3-22" GROUP BY deptname ORDER BY number  DESC LIMIT 10
 - 2020-06-01 14:52:27,092
ERROR - 5.1.8 手术主刀医生排名
client(None)
server({})
SELECT doctorName,sum(oneLevelSurgical+twoLevelSurgical+threeLevelSurgical+fourLevelSurgical) as number from bi_patient_surgical_doctor WHERE surgicalDate = "2020-3-22" GROUP BY doctorName ORDER BY number DESC LIMIT 10
 - 2020-06-01 14:53:03,544
ERROR - 5.1.9 手术排名
client(None)
server({})
SELECT surgicalName,sum(surgicalNum) from bi_surgical_name_hospital WHERE surgicalLevel in (1,2,3,4) and surgicalDate = "2020-3-22" GROUP BY surgicalName ORDER BY sum(surgicalNum) DESC LIMIT 10
 - 2020-06-01 14:53:39,934
