INFO - 数据更新时间：2020-04-29 20:42:16 - 2020-04-30 16:15:25,745
INFO - ----------------------------------------------1，实时监控指标---------------------------------------------- - 2020-04-30 16:15:27,844
INFO - 1.1 今日运营分析（2020-04-29) - - - - - - - - - - - - - - - - - - - - - - - - - - - - - - - 2020-04-30 16:15:27,845
INFO - 1.1.1 医疗业务收入(万元)，0，昨日：0 - 2020-04-30 16:15:55,421
INFO - 1.1.2 药品收入(万元)，0，昨日：0 - 2020-04-30 16:15:55,774
INFO - 1.1.3 今日门急诊量(例)，0，昨日：0 - 2020-04-30 16:15:56,123
INFO - 1.1.4 今日门诊量(例)，0，昨日：0 - 2020-04-30 16:15:56,456
INFO - 1.1.5 今日急诊量(例)，0，昨日：0 - 2020-04-30 16:15:56,820
INFO - 1.1.6 今日门急诊收入(万元)，0，昨日：0 - 2020-04-30 16:15:57,214
INFO - 1.1.7 今日出院人数(例)，0，昨日：0 - 2020-04-30 16:15:57,577
INFO - 1.1.8 今日在院(例)，0，昨日：0 - 2020-04-30 16:15:57,933
INFO - 1.1.9 当前危重人数(例)，0，昨日：0 - 2020-04-30 16:15:58,305
INFO - 1.1.10 今日住院实收入(万元)，0，昨日：0 - 2020-04-30 16:15:58,656
INFO - -----------------------------------------------2，门诊分析----------------------------------------------- - 2020-04-30 16:16:03,002
INFO - 2.1 门诊业务（2020-03-22) - - - - - - - - - - - - - - - - - - - - - - - - - - - - - - - 2020-04-30 16:16:03,002
INFO - 2.1.1 门急诊人次(万人)，0.02 - 2020-04-30 16:16:10,045
INFO - 2.1.2 门诊人次(万人)，0.02 - 2020-04-30 16:16:10,221
INFO - 2.1.3 急诊人次(万人)，0 - 2020-04-30 16:16:10,396
INFO - 2.1.4 门急诊退号率，7.43% - 2020-04-30 16:16:10,554
INFO - 2.3 门诊处方（2020-03-22) - - - - - - - - - - - - - - - - - - - - - - - - - - - - - - - 2020-04-30 16:16:10,555
INFO - 2.3.1 门急诊处方数(张)，1159 - 2020-04-30 16:16:17,600
INFO - 2.3.2 门急诊抗生素处方数(张)，56 - 2020-04-30 16:16:17,787
INFO - 2.3.3 门急诊药品处方数(张)，173 - 2020-04-30 16:16:17,985
INFO - 2.3.4 门急诊大额处方数(张)，139 - 2020-04-30 16:16:18,164
INFO - 2.3.5 科室门急诊抗生素处方数分析，{'门诊药房(新院)': '45', '发热门诊药房': '11', '外科': '0', '骨科': '0', '发热门诊': '0', '放射科': '0', '心电图': '0', '检验科': '0', '一次性用品库': '0', '急诊内科': '0'} - 2020-04-30 16:16:29,499
INFO - 2.3.6 科室门急诊药品处方数分析，{'门诊药房(新院)': '157', '发热门诊药房': '16', '外科': '0', '骨科': '0', '发热门诊': '0', '放射科': '0', '心电图': '0', '检验科': '0', '一次性用品库': '0', '急诊内科': '0'} - 2020-04-30 16:16:29,525
INFO - 2.3.7 科室门急诊大额处方数分析，{'放射科': '65', '门诊药房(新院)': '56', '发热门诊药房': '8', '检验科': '5', '急诊骨科(新)': '3', '一次性用品库': '1', '急诊外科(新)': '1', '外科': '0', '骨科': '0', '发热门诊': '0'} - 2020-04-30 16:16:29,531
INFO - 门急诊抗生素处方率（4.83%） - 2020-04-30 16:16:29,536
INFO - 门急诊药品处方率（14.93%） - 2020-04-30 16:16:29,541
INFO - 门急诊大额处方率（11.99%） - 2020-04-30 16:16:29,551
INFO - 2.4 门诊收入（2020-03-22) - - - - - - - - - - - - - - - - - - - - - - - - - - - - - - - 2020-04-30 16:16:29,551
INFO - 数据更新时间：2020-04-29 20:46:32 - 2020-04-30 16:19:42,008
INFO - ----------------------------------------------1，实时监控指标---------------------------------------------- - 2020-04-30 16:19:44,107
INFO - 1.1 今日运营分析（2020-04-29) - - - - - - - - - - - - - - - - - - - - - - - - - - - - - - - 2020-04-30 16:19:44,109
INFO - 1.1.1 医疗业务收入(万元)，0，昨日：0 - 2020-04-30 16:20:11,778
INFO - 1.1.2 药品收入(万元)，0，昨日：0 - 2020-04-30 16:20:12,113
INFO - 1.1.3 今日门急诊量(例)，0，昨日：0 - 2020-04-30 16:20:12,464
INFO - 1.1.4 今日门诊量(例)，0，昨日：0 - 2020-04-30 16:20:12,832
INFO - 1.1.5 今日急诊量(例)，0，昨日：0 - 2020-04-30 16:20:13,200
INFO - 1.1.6 今日门急诊收入(万元)，0，昨日：0 - 2020-04-30 16:20:13,567
INFO - 1.1.7 今日出院人数(例)，0，昨日：0 - 2020-04-30 16:20:13,925
INFO - 1.1.8 今日在院(例)，0，昨日：0 - 2020-04-30 16:20:14,282
INFO - 1.1.9 当前危重人数(例)，0，昨日：0 - 2020-04-30 16:20:14,635
INFO - 1.1.10 今日住院实收入(万元)，0，昨日：0 - 2020-04-30 16:20:15,006
INFO - -----------------------------------------------2，门诊分析----------------------------------------------- - 2020-04-30 16:20:19,357
INFO - 2.1 门诊业务（2020-03-22) - - - - - - - - - - - - - - - - - - - - - - - - - - - - - - - 2020-04-30 16:20:19,364
INFO - 2.1.1 门急诊人次(万人)，0.02 - 2020-04-30 16:20:26,294
INFO - 2.1.2 门诊人次(万人)，0.02 - 2020-04-30 16:20:26,463
INFO - 2.1.3 急诊人次(万人)，0 - 2020-04-30 16:20:26,635
INFO - 2.1.4 门急诊退号率，7.43% - 2020-04-30 16:20:26,795
INFO - 2.3 门诊处方（2020-03-22) - - - - - - - - - - - - - - - - - - - - - - - - - - - - - - - 2020-04-30 16:20:26,798
INFO - 2.3.1 门急诊处方数(张)，1159 - 2020-04-30 16:20:33,828
INFO - 2.3.2 门急诊抗生素处方数(张)，56 - 2020-04-30 16:20:34,040
INFO - 2.3.3 门急诊药品处方数(张)，173 - 2020-04-30 16:20:34,229
INFO - 2.3.4 门急诊大额处方数(张)，139 - 2020-04-30 16:20:34,423
INFO - 2.3.5 科室门急诊抗生素处方数分析，{'门诊药房(新院)': '45', '发热门诊药房': '11', '外科': '0', '骨科': '0', '发热门诊': '0', '放射科': '0', '心电图': '0', '检验科': '0', '一次性用品库': '0', '急诊内科': '0'} - 2020-04-30 16:20:45,533
INFO - 2.3.6 科室门急诊药品处方数分析，{'门诊药房(新院)': '157', '发热门诊药房': '16', '外科': '0', '骨科': '0', '发热门诊': '0', '放射科': '0', '心电图': '0', '检验科': '0', '一次性用品库': '0', '急诊内科': '0'} - 2020-04-30 16:20:45,540
INFO - 2.3.7 科室门急诊大额处方数分析，{'放射科': '65', '门诊药房(新院)': '56', '发热门诊药房': '8', '检验科': '5', '急诊骨科(新)': '3', '一次性用品库': '1', '急诊外科(新)': '1', '外科': '0', '骨科': '0', '发热门诊': '0'} - 2020-04-30 16:20:45,555
INFO - 门急诊抗生素处方率（4.83%） - 2020-04-30 16:20:45,561
INFO - 门急诊药品处方率（14.93%） - 2020-04-30 16:20:45,574
INFO - 门急诊大额处方率（11.99%） - 2020-04-30 16:20:45,582
INFO - 2.4 门诊收入（2020-03-22) - - - - - - - - - - - - - - - - - - - - - - - - - - - - - - - 2020-04-30 16:20:45,585
INFO - 2.4.1 门急诊收入(万元)，5.56 - 2020-04-30 16:20:52,865
INFO - 2.4.2 门诊收入(万元)，5.56 - 2020-04-30 16:20:53,159
INFO - 2.4.3 急诊收入(万元)，0 - 2020-04-30 16:20:53,441
INFO - 2.4.4 门急诊均次费(元)，317.77 - 2020-04-30 16:20:53,717
INFO - 2.4.5 门急诊药品收入(万元)，2.28 - 2020-04-30 16:20:54,005
INFO - 2.4.6 门急诊药占比，41.06% - 2020-04-30 16:20:54,266
ERROR - 2.4.7 门急诊均次药品费用(元)，页面值（130.49），库值（150.23）
SELECT round((SELECT a.sum/b.sum from((SELECT sum(outPMedicateAccount) sum from bi_outpatient_yard where statisticsDate ="2020-03-22")a,(SELECT sum(outPCount) sum  from bi_outpatient_yard where statisticsDate ="2020-03-22")b)),2)
 - 2020-04-30 16:20:54,539
INFO - 2.4.8 门急诊收入科室排名，{'急诊内科': '27514.67', '急诊外科(新)': '13909.16', '急诊骨科(新)': '11803.06', '急诊儿科(新)': '1229.04', '急诊妇科': '1153', '中医儿科': '0', '发热门诊': '0'} - 2020-04-30 16:21:05,131
WARNING - 2.4.9 门急诊医疗收入构成分析, 未提供sql - 2020-04-30 16:21:05,134
INFO - -----------------------------------------------3，住院分析----------------------------------------------- - 2020-04-30 16:21:20,155
INFO - 3.1 住院业务（2020-03-22) - - - - - - - - - - - - - - - - - - - - - - - - - - - - - - - 2020-04-30 16:21:20,160
INFO - 3.1.1 入院人次，19 - 2020-04-30 16:21:27,125
INFO - 3.1.2 出院人次，18 - 2020-04-30 16:21:27,280
INFO - 3.1.3 出院平均住院日(日)，12.17 - 2020-04-30 16:21:27,444
INFO - 3.1.4 平均住院日科室情况，{'肿瘤科': '29.00', '内分泌科': '26.50', '急诊科': '20.50', '消化内科': '10.75', '妇产科': '5.50', '呼吸内科': '3.50', '神经内科': '3.00', '骨科': '0.00', '急诊内科': '0.00', '心内科': '0.00'} - 2020-04-30 16:21:39,040
INFO - 3.1.5 出院人次科室情况，{'心内科': '17', '呼吸内科': '13', '神经内科': '11', '外科': '11', '内分泌科': '9', '消化内科': '9', '肿瘤科': '5', '妇产科': '5', '骨科': '4', '肾内科': '4'} - 2020-04-30 16:21:50,666
INFO - 3.2 床位分析（2020-03-22) - - - - - - - - - - - - - - - - - - - - - - - - - - - - - - - 2020-04-30 16:21:50,668
INFO - 3.2.1 实际开放总床日数，1348 - 2020-04-30 16:21:58,101
INFO - 3.2.2 实际占用总床日数，88 - 2020-04-30 16:21:58,466
INFO - 3.2.3 出院者占用总床日数，219 - 2020-04-30 16:21:58,831
INFO - 3.2.4 平均开放床位数，1348 - 2020-04-30 16:21:59,196
INFO - 3.2.5 病床周转次数，0.01 - 2020-04-30 16:21:59,591
INFO - 3.2.6 床位使用率，6.53% - 2020-04-30 16:21:59,952
INFO - 3.2.7 平均每张床位工作日，0.16 - 2020-04-30 16:22:00,354
INFO - 3.2.8 病床工作日，0.07 - 2020-04-30 16:22:00,848
INFO - 3.2.9 出院患者平均住院日，12.17 - 2020-04-30 16:22:01,248
INFO - 3.3 住院收入（2020-03-22) - - - - - - - - - - - - - - - - - - - - - - - - - - - - - - - 2020-04-30 16:22:01,250
INFO - 3.3.1 医院总收入(万元)，5.63 - 2020-04-30 16:22:08,440
INFO - 3.3.2 住院总收入(万元)，0.07 - 2020-04-30 16:22:08,700
INFO - 3.3.3 住院均次费用(元)，7.44 - 2020-04-30 16:22:08,939
INFO - 3.3.4 住院药品收入(万元)，0.03 - 2020-04-30 16:22:09,183
INFO - 3.3.5 住院均次药品费用(元)，3.63 - 2020-04-30 16:22:09,426
INFO - 3.3.6 住院药占比，48.73% - 2020-04-30 16:22:09,672
INFO - 3.3.7 住院收入科室情况，{'外科': '692.05', '呼吸内科': '0', '肿瘤科': '0', '急诊内科': '0', '内分泌科': '0', '妇产科': '0', '肾内科': '0', '神经内科': '0', '心内科': '0', '骨科': '0'} - 2020-04-30 16:22:23,369
INFO - -----------------------------------------------4，药品分析----------------------------------------------- - 2020-04-30 16:22:27,752
INFO - 4.1 基本用药分析（2020-03-22) - - - - - - - - - - - - - - - - - - - - - - - - - - - - - - - 2020-04-30 16:22:27,755
INFO - 4.1.1 药品收入(万元)，2.32 - 2020-04-30 16:22:35,019
INFO - 4.1.2 中成药收入(万元)，0.64 - 2020-04-30 16:22:35,403
INFO - 4.1.3 中药饮片(万元)，0 - 2020-04-30 16:22:35,750
INFO - 4.1.4 西医收入(万元)，1.68 - 2020-04-30 16:22:36,108
INFO - 4.1.5 医保目录外药品收入(万元)，1.56 - 2020-04-30 16:22:36,457
INFO - 4.1.6 药占比，41.23% - 2020-04-30 16:22:37,043
INFO - 4.2 抗菌药物用药分析（2020-03-22) - - - - - - - - - - - - - - - - - - - - - - - - - - - - - - - 2020-04-30 16:22:37,044
INFO - 4.2.1 抗菌药物药占比，0.27% - 2020-04-30 16:22:44,498
INFO - 4.2.2 门急诊抗菌药物均次费(元)，142 - 2020-04-30 16:22:44,842
INFO - 4.2.3 门诊患者抗菌药物使用率，0.29% - 2020-04-30 16:22:45,194
INFO - 4.2.4 急诊患者抗菌药物使用率，0% - 2020-04-30 16:22:45,572
INFO - 4.2.5 住院患者抗菌药物使用率，0% - 2020-04-30 16:22:45,899
WARNING - 4.2.6 Ⅰ类切口手术患者预防使用抗菌药物使用率, 未提供SQL - 2020-04-30 16:22:45,901
INFO - 4.3 注射输液用药分析（2020-03-22) - - - - - - - - - - - - - - - - - - - - - - - - - - - - - - - 2020-04-30 16:22:45,901
INFO - 4.3.1 门急诊使用注射药物的百分比，0.38% - 2020-04-30 16:22:53,084
INFO - 4.3.2 门诊患者静脉输液使用率，0.29% - 2020-04-30 16:22:53,338
INFO - 4.3.3 住院患者抗菌药物使用率，0% - 2020-04-30 16:22:53,599
INFO - 4.3.4 住院患者静脉输液平均每床日使用袋（瓶）数，0.02 - 2020-04-30 16:22:53,830
INFO - 4.3.5 住院患者抗菌药物静脉输液占比，0% - 2020-04-30 16:22:54,097
ERROR - 4.3.6 急诊患者静脉输液使用率（0）, 页面上缺少% - 2020-04-30 16:22:54,330
INFO - -----------------------------------------------5，手术分析----------------------------------------------- - 2020-04-30 16:22:56,485
INFO - 5.1 手术分析（2019-09-09) - - - - - - - - - - - - - - - - - - - - - - - - - - - - - - - 2020-04-30 16:22:56,493
INFO - 5.1.1 住院手术例数(例)，9 - 2020-04-30 16:23:03,825
INFO - 5.1.2 住院患者手术人次数(人次)，9 - 2020-04-30 16:23:04,091
INFO - 5.1.3 日间手术例数(例)，0 - 2020-04-30 16:23:04,342
INFO - 5.1.4 日间手术人次数(人次)，0 - 2020-04-30 16:23:04,603
INFO - 5.1.5 三四级手术占比(例)，0% - 2020-04-30 16:23:04,855
INFO - 5.1.6 麻醉总例数(例)，6 - 2020-04-30 16:23:05,132
INFO - 5.1.7 手术例数科室分析，{'骨科': '2', '妇产科': '2', '眼科': '1', '外科': '1', '外科专家': '1'} - 2020-04-30 16:23:29,574
INFO - 5.1.8 手术主刀医生排名，{'崔**': '2', '高**': '2', '刘**': '1', '焦**': '1', '邱**': '1', '陈**': '1', '谈**': '1'} - 2020-04-30 16:23:48,786
INFO - 5.1.9 手术排名，{'剖宫产术.子宫下段横切口': '2', '左外踝骨折切开复位钢板螺丝钉内固定术': '2', '肛周脓肿切开引流术': '1', '皮脂腺囊肿切除术': '1', '痔切除术': '1', '右眼眼睑肿瘤切除术+送病理': '1', '肛瘘切除术': '1'} - 2020-04-30 16:24:14,469
INFO - 数据更新时间：2020-03-22 21:59:30 - 2020-04-30 17:32:39,000
INFO - ----------------------------------------------1，实时监控指标---------------------------------------------- - 2020-04-30 17:32:41,092
INFO - 1.1 今日运营分析（2020-03-22) - - - - - - - - - - - - - - - - - - - - - - - - - - - - - - - 2020-04-30 17:32:41,092
ERROR - 1.1.1 医疗业务收入(万元)，页面值（6.75），库值（5.63）
SELECT round((select (a.sum+b.sum)/10000 from(SELECT IFNULL(sum(inPAccount),0) sum  from bi_inpatient_yard where statisticsDate ="2020-03-22")a,(SELECT IFNULL(sum(outPAccount),0) sum FROM bi_outpatient_yard WHERE statisticsDate ="2020-03-22")b),2)
 - 2020-04-30 17:33:08,706
ERROR - 1.1.2 药品收入(万元)，页面值（2.62），库值（2.32）
select round((select (a.sum +b.sum)/10000 from(SELECT ifnull(sum(outPMedicateAccount),0) sum  from bi_outpatient_yard where statisticsDate ="2020-03-22")a,(SELECT IFNULL(sum(inPMedicateAccount),0) sum FROM bi_inpatient_yard WHERE statisticsDate ="2020-03-22")b),2)
 - 2020-04-30 17:33:09,095
INFO - 1.1.3 今日门急诊量(例)，152，昨日：0 - 2020-04-30 17:33:09,464
INFO - 1.1.4 今日门诊量(例)，152，昨日：0 - 2020-04-30 17:33:09,807
INFO - 1.1.5 今日急诊量(例)，0，昨日：0 - 2020-04-30 17:33:10,181
INFO - 1.1.6 今日门急诊收入(万元)，5.56，昨日：0 - 2020-04-30 17:33:10,541
INFO - 1.1.7 今日出院人数(例)，18，昨日：14 - 2020-04-30 17:33:10,892
INFO - 1.1.8 今日在院(例)，93，昨日：108 - 2020-04-30 17:33:11,257
INFO - 1.1.9 当前危重人数(例)，0，昨日：0 - 2020-04-30 17:33:11,625
INFO - 1.1.10 今日住院实收入(万元)，0.07，昨日：0.07 - 2020-04-30 17:33:11,986
INFO - -----------------------------------------------2，门诊分析----------------------------------------------- - 2020-04-30 17:33:18,976
INFO - 2.1 门诊业务（2020-03-22) - - - - - - - - - - - - - - - - - - - - - - - - - - - - - - - 2020-04-30 17:33:18,982
INFO - 2.1.1 门急诊人次(万人)，0.02 - 2020-04-30 17:33:25,991
INFO - 2.1.2 门诊人次(万人)，0.02 - 2020-04-30 17:33:26,177
INFO - 2.1.3 急诊人次(万人)，0 - 2020-04-30 17:33:26,343
INFO - 2.1.4 门急诊退号率，7.43% - 2020-04-30 17:33:26,506
INFO - 2.3 门诊处方（2020-03-22) - - - - - - - - - - - - - - - - - - - - - - - - - - - - - - - 2020-04-30 17:33:26,507
INFO - 2.3.1 门急诊处方数(张)，1159 - 2020-04-30 17:33:33,844
INFO - 2.3.2 门急诊抗生素处方数(张)，56 - 2020-04-30 17:33:34,032
INFO - 2.3.3 门急诊药品处方数(张)，173 - 2020-04-30 17:33:34,204
INFO - 2.3.4 门急诊大额处方数(张)，139 - 2020-04-30 17:33:34,382
INFO - 2.3.5 科室门急诊抗生素处方数分析，{'门诊药房(新院)': '45', '发热门诊药房': '11', '外科': '0', '骨科': '0', '发热门诊': '0', '放射科': '0', '心电图': '0', '检验科': '0', '一次性用品库': '0', '急诊内科': '0'} - 2020-04-30 17:33:45,534
INFO - 2.3.6 科室门急诊药品处方数分析，{'门诊药房(新院)': '157', '发热门诊药房': '16', '外科': '0', '骨科': '0', '发热门诊': '0', '放射科': '0', '心电图': '0', '检验科': '0', '一次性用品库': '0', '急诊内科': '0'} - 2020-04-30 17:33:45,539
INFO - 2.3.7 科室门急诊大额处方数分析，{'放射科': '65', '门诊药房(新院)': '56', '发热门诊药房': '8', '检验科': '5', '急诊骨科(新)': '3', '一次性用品库': '1', '急诊外科(新)': '1', '外科': '0', '骨科': '0', '发热门诊': '0'} - 2020-04-30 17:33:45,543
INFO - 门急诊抗生素处方率（4.83%） - 2020-04-30 17:33:45,550
INFO - 门急诊药品处方率（14.93%） - 2020-04-30 17:33:45,555
INFO - 门急诊大额处方率（11.99%） - 2020-04-30 17:33:45,561
INFO - 2.4 门诊收入（2020-03-22) - - - - - - - - - - - - - - - - - - - - - - - - - - - - - - - 2020-04-30 17:33:45,561
INFO - 2.4.1 门急诊收入(万元)，5.56 - 2020-04-30 17:33:53,020
INFO - 2.4.2 门诊收入(万元)，5.56 - 2020-04-30 17:33:53,396
INFO - 2.4.3 急诊收入(万元)，0 - 2020-04-30 17:33:53,734
INFO - 2.4.4 门急诊均次费(元)，317.77 - 2020-04-30 17:33:54,097
INFO - 2.4.5 门急诊药品收入(万元)，2.28 - 2020-04-30 17:33:54,433
INFO - 2.4.6 门急诊药占比，41.06% - 2020-04-30 17:33:54,772
ERROR - 2.4.7 门急诊均次药品费用(元)，页面值（130.49），库值（150.23）
SELECT round((SELECT a.sum/b.sum from((SELECT sum(outPMedicateAccount) sum from bi_outpatient_yard where statisticsDate ="2020-03-22")a,(SELECT sum(outPCount) sum  from bi_outpatient_yard where statisticsDate ="2020-03-22")b)),2)
 - 2020-04-30 17:33:55,137
INFO - 2.4.8 门急诊收入科室排名，{'急诊内科': '27514.67', '急诊外科(新)': '13909.16', '急诊骨科(新)': '11803.06', '急诊儿科(新)': '1229.04', '急诊妇科': '1153', '中医儿科': '0', '发热门诊': '0'} - 2020-04-30 17:34:06,528
WARNING - 2.4.9 门急诊医疗收入构成分析, 未提供sql - 2020-04-30 17:34:06,530
INFO - -----------------------------------------------3，住院分析----------------------------------------------- - 2020-04-30 17:34:18,921
INFO - 3.1 住院业务（2020-03-22) - - - - - - - - - - - - - - - - - - - - - - - - - - - - - - - 2020-04-30 17:34:18,925
INFO - 3.1.1 入院人次，19 - 2020-04-30 17:34:26,105
INFO - 3.1.2 出院人次，18 - 2020-04-30 17:34:26,245
INFO - 3.1.3 出院平均住院日(日)，12.17 - 2020-04-30 17:34:26,380
ERROR - 3.1.4 平均住院日科室情况
页面：{'肿瘤科': '29.00', '内分泌科': '26.50', '急诊科': '20.50', '消化内科': '10.75', '妇产科': '5.50', '呼吸内科': '3.50', '神经内科': '3.00', '骨科': '0.00', '急诊内科': '0.00', '心内科': '0.00'}
库值：{'肿瘤科': '29.00', '内分泌科': '26.50', '急诊科': '20.50', '消化内科': '10.75', '妇产科': '5.50', '呼吸内科': '3.50', '神经内科': '3.00', '心内科': '0.00', '肾内科': '0.00', '外科': '0.00'}
select deptname,round(AVG(avgInPDay),2)t from bi_inpatient_dept where statisticsDate="2020-03-22" GROUP BY deptname ORDER BY t DESC LIMIT 10
 - 2020-04-30 17:34:38,257
ERROR - 3.1.5 出院人次科室情况
页面：{'心内科': '17', '呼吸内科': '13', '神经内科': '11', '外科': '11', '内分泌科': '9', '消化内科': '9', '肿瘤科': '5', '妇产科': '5', '骨科': '4', '肾内科': '4'}
库值：{'心内科': '17', '呼吸内科': '13', '神经内科': '11', '外科': '11', '消化内科': '9', '内分泌科': '9', '肿瘤科': '5', '妇产科': '5', '肾内科': '4', '急诊科': '4'}
SELECT deptname,sum(inPCount) as t from bi_inpatient_dept where statisticsDate ="2020-03-22" GROUP BY deptname ORDER BY t DESC LIMIT 10
 - 2020-04-30 17:34:50,152
INFO - 3.2 床位分析（2020-03-22) - - - - - - - - - - - - - - - - - - - - - - - - - - - - - - - 2020-04-30 17:34:50,159
INFO - 3.2.1 实际开放总床日数，1348 - 2020-04-30 17:34:57,557
INFO - 3.2.2 实际占用总床日数，88 - 2020-04-30 17:34:57,884
INFO - 3.2.3 出院者占用总床日数，219 - 2020-04-30 17:34:58,214
INFO - 3.2.4 平均开放床位数，1348 - 2020-04-30 17:34:58,551
INFO - 3.2.5 病床周转次数，0.01 - 2020-04-30 17:34:58,894
INFO - 3.2.6 床位使用率，6.53% - 2020-04-30 17:34:59,236
INFO - 3.2.7 平均每张床位工作日，0.16 - 2020-04-30 17:34:59,563
INFO - 3.2.8 病床工作日，0.07 - 2020-04-30 17:34:59,889
INFO - 3.2.9 出院患者平均住院日，12.17 - 2020-04-30 17:35:00,240
INFO - 3.3 住院收入（2020-03-22) - - - - - - - - - - - - - - - - - - - - - - - - - - - - - - - 2020-04-30 17:35:00,242
INFO - 3.3.1 医院总收入(万元)，5.63 - 2020-04-30 17:35:07,504
INFO - 3.3.2 住院总收入(万元)，0.07 - 2020-04-30 17:35:07,731
INFO - 3.3.3 住院均次费用(元)，7.44 - 2020-04-30 17:35:07,958
INFO - 3.3.4 住院药品收入(万元)，0.03 - 2020-04-30 17:35:08,184
INFO - 3.3.5 住院均次药品费用(元)，3.63 - 2020-04-30 17:35:08,413
INFO - 3.3.6 住院药占比，48.73% - 2020-04-30 17:35:08,643
INFO - 3.3.7 住院收入科室情况，{'外科': '692.05', '妇产科': '0', '肾内科': '0', '神经内科': '0', '心内科': '0', '骨科': '0', '急诊科': '0', '消化内科': '0', '呼吸内科': '0', '肿瘤科': '0'} - 2020-04-30 17:35:21,651
INFO - -----------------------------------------------4，药品分析----------------------------------------------- - 2020-04-30 17:35:26,008
INFO - 4.1 基本用药分析（2020-03-22) - - - - - - - - - - - - - - - - - - - - - - - - - - - - - - - 2020-04-30 17:35:26,013
INFO - 4.1.1 药品收入(万元)，2.32 - 2020-04-30 17:35:33,234
INFO - 4.1.2 中成药收入(万元)，0.64 - 2020-04-30 17:35:33,504
INFO - 4.1.3 中药饮片(万元)，0 - 2020-04-30 17:35:33,762
INFO - 4.1.4 西医收入(万元)，1.68 - 2020-04-30 17:35:34,032
INFO - 4.1.5 医保目录外药品收入(万元)，1.56 - 2020-04-30 17:35:34,286
INFO - 4.1.6 药占比，41.23% - 2020-04-30 17:35:34,534
INFO - 4.2 抗菌药物用药分析（2020-03-22) - - - - - - - - - - - - - - - - - - - - - - - - - - - - - - - 2020-04-30 17:35:34,535
INFO - 4.2.1 抗菌药物药占比，0.27% - 2020-04-30 17:35:42,067
INFO - 4.2.2 门急诊抗菌药物均次费(元)，142 - 2020-04-30 17:35:42,408
INFO - 4.2.3 门诊患者抗菌药物使用率，0.29% - 2020-04-30 17:35:42,755
INFO - 4.2.4 急诊患者抗菌药物使用率，0% - 2020-04-30 17:35:43,114
INFO - 4.2.5 住院患者抗菌药物使用率，0% - 2020-04-30 17:35:43,449
WARNING - 4.2.6 Ⅰ类切口手术患者预防使用抗菌药物使用率, 未提供SQL - 2020-04-30 17:35:43,450
INFO - 4.3 注射输液用药分析（2020-03-22) - - - - - - - - - - - - - - - - - - - - - - - - - - - - - - - 2020-04-30 17:35:43,451
INFO - 4.3.1 门急诊使用注射药物的百分比，0.38% - 2020-04-30 17:35:50,559
INFO - 4.3.2 门诊患者静脉输液使用率，0.29% - 2020-04-30 17:35:50,821
INFO - 4.3.3 住院患者抗菌药物使用率，0% - 2020-04-30 17:35:51,078
INFO - 4.3.4 住院患者静脉输液平均每床日使用袋（瓶）数，0.02 - 2020-04-30 17:35:51,323
INFO - 4.3.5 住院患者抗菌药物静脉输液占比，0% - 2020-04-30 17:35:51,562
ERROR - 4.3.6 急诊患者静脉输液使用率（0）, 页面上缺少% - 2020-04-30 17:35:51,795
INFO - -----------------------------------------------5，手术分析----------------------------------------------- - 2020-04-30 17:35:54,018
INFO - 5.1 手术分析（2019-09-09) - - - - - - - - - - - - - - - - - - - - - - - - - - - - - - - 2020-04-30 17:35:54,022
INFO - 5.1.1 住院手术例数(例)，9 - 2020-04-30 17:36:01,297
INFO - 5.1.2 住院患者手术人次数(人次)，9 - 2020-04-30 17:36:01,555
INFO - 5.1.3 日间手术例数(例)，0 - 2020-04-30 17:36:01,806
INFO - 5.1.4 日间手术人次数(人次)，0 - 2020-04-30 17:36:02,083
INFO - 5.1.5 三四级手术占比(例)，0% - 2020-04-30 17:36:02,326
INFO - 5.1.6 麻醉总例数(例)，6 - 2020-04-30 17:36:02,567
INFO - 5.1.7 手术例数科室分析，{'妇产科': '2', '骨科': '2', '外科': '1', '外科专家': '1', '眼科': '1'} - 2020-04-30 17:36:25,197
INFO - 5.1.8 手术主刀医生排名，{'崔**': '2', '高**': '2', '焦**': '1', '邱**': '1', '陈**': '1', '谈**': '1', '刘**': '1'} - 2020-04-30 17:36:48,363
INFO - 5.1.9 手术排名，{'左外踝骨折切开复位钢板螺丝钉内固定术': '2', '剖宫产术.子宫下段横切口': '2', '皮脂腺囊肿切除术': '1', '痔切除术': '1', '右眼眼睑肿瘤切除术+送病理': '1', '肛瘘切除术': '1', '肛周脓肿切开引流术': '1'} - 2020-04-30 17:37:07,704
INFO - None - 2020-04-30 17:43:50,347
INFO - ----------------------------------------------1，实时监控指标---------------------------------------------- - 2020-04-30 17:44:00,672
INFO - 数据更新时间：2020-03-22 22:13:02 - 2020-04-30 17:46:11,583
INFO - ----------------------------------------------1，实时监控指标---------------------------------------------- - 2020-04-30 17:46:13,666
INFO - 1.1 今日运营分析（2020-03-22) - - - - - - - - - - - - - - - - - - - - - - - - - - - - - - - 2020-04-30 17:46:13,666
ERROR - 1.1.1 医疗业务收入(万元)，页面值（6.75），库值（5.63）
SELECT round((select (a.sum+b.sum)/10000 from(SELECT IFNULL(sum(inPAccount),0) sum  from bi_inpatient_yard where statisticsDate ="2020-03-22")a,(SELECT IFNULL(sum(outPAccount),0) sum FROM bi_outpatient_yard WHERE statisticsDate ="2020-03-22")b),2)
 - 2020-04-30 17:46:41,329
ERROR - 1.1.2 药品收入(万元)，页面值（2.62），库值（2.32）
select round((select (a.sum +b.sum)/10000 from(SELECT ifnull(sum(outPMedicateAccount),0) sum  from bi_outpatient_yard where statisticsDate ="2020-03-22")a,(SELECT IFNULL(sum(inPMedicateAccount),0) sum FROM bi_inpatient_yard WHERE statisticsDate ="2020-03-22")b),2)
 - 2020-04-30 17:46:41,722
INFO - 1.1.3 今日门急诊量(例)，152，昨日：0 - 2020-04-30 17:46:42,087
INFO - 1.1.4 今日门诊量(例)，152，昨日：0 - 2020-04-30 17:46:42,456
INFO - 1.1.5 今日急诊量(例)，0，昨日：0 - 2020-04-30 17:46:42,809
INFO - 1.1.6 今日门急诊收入(万元)，5.56，昨日：0 - 2020-04-30 17:46:43,202
INFO - 1.1.7 今日出院人数(例)，18，昨日：14 - 2020-04-30 17:46:43,549
INFO - 1.1.8 今日在院(例)，93，昨日：108 - 2020-04-30 17:46:43,897
INFO - 1.1.9 当前危重人数(例)，0，昨日：0 - 2020-04-30 17:46:44,271
INFO - 1.1.10 今日住院实收入(万元)，0.07，昨日：0.07 - 2020-04-30 17:46:44,624
INFO - -----------------------------------------------2，门诊分析----------------------------------------------- - 2020-04-30 17:46:51,785
INFO - 2.1 门诊业务（2020-03-22) - - - - - - - - - - - - - - - - - - - - - - - - - - - - - - - 2020-04-30 17:46:51,785
INFO - 2.1.1 门急诊人次(万人)，0.02 - 2020-04-30 17:46:58,697
INFO - 2.1.2 门诊人次(万人)，0.02 - 2020-04-30 17:46:58,860
INFO - 2.1.3 急诊人次(万人)，0 - 2020-04-30 17:46:59,035
INFO - 2.1.4 门急诊退号率，7.43% - 2020-04-30 17:46:59,218
INFO - 2.3 门诊处方（2020-03-22) - - - - - - - - - - - - - - - - - - - - - - - - - - - - - - - 2020-04-30 17:46:59,219
