INFO - 数据更新时间：2020-05-15 09:35:00 - 2020-05-15 09:35:08,792
INFO - ----------------------------------------------1，实时监控指标---------------------------------------------- - 2020-05-15 09:35:10,904
INFO - 1.1今日运营分析（) - - - - - - - - - - - - - - - - - - - - - - - - - - - - - - - 2020-05-15 09:35:10,904
INFO - 1.1.1 医疗业务收入(万元)，0，昨日：0 - 2020-05-15 09:35:15,639
INFO - 1.1.2 药品收入(万元)，0，昨日：0 - 2020-05-15 09:35:16,021
INFO - 1.1.3 今日门急诊量(例)，0，昨日：0 - 2020-05-15 09:35:16,392
INFO - 1.1.4 今日门诊量(例)，0，昨日：0 - 2020-05-15 09:35:16,764
INFO - 1.1.5 今日急诊量(例)，0，昨日：0 - 2020-05-15 09:35:17,152
INFO - 1.1.6 今日门急诊收入(万元)，0，昨日：0 - 2020-05-15 09:35:17,520
INFO - 1.1.7 今日出院人数(例)，0，昨日：0 - 2020-05-15 09:35:17,900
INFO - 1.1.8 今日在院(例)，0，昨日：0 - 2020-05-15 09:35:18,272
INFO - 1.1.9 当前危重人数(例)，0，昨日：0 - 2020-05-15 09:35:18,628
INFO - 1.1.10 今日住院实收入(万元)，0，昨日：0 - 2020-05-15 09:35:18,993
INFO - -----------------------------------------------2，门诊分析----------------------------------------------- - 2020-05-15 09:35:21,114
INFO - 2.1门诊业务（2020-3-22) - - - - - - - - - - - - - - - - - - - - - - - - - - - - - - - 2020-05-15 09:35:21,114
INFO - 2.1.1 门急诊人次(万人)，0.03 - 2020-05-15 09:35:28,109
INFO - 数据更新时间：2020-05-15 09:37:08 - 2020-05-15 09:37:16,959
INFO - -----------------------------------------------2，门诊分析----------------------------------------------- - 2020-05-15 09:37:19,066
INFO - 2.1门诊业务（2020-3-22) - - - - - - - - - - - - - - - - - - - - - - - - - - - - - - - 2020-05-15 09:37:19,066
INFO - 2.1.1 门急诊人次(万人)，0.03 - 2020-05-15 09:37:26,071
INFO - 数据更新时间：2020-05-15 09:39:51 - 2020-05-15 09:40:00,008
INFO - -----------------------------------------------2，门诊分析----------------------------------------------- - 2020-05-15 09:40:02,131
INFO - 2.1门诊业务（2020-3-22) - - - - - - - - - - - - - - - - - - - - - - - - - - - - - - - 2020-05-15 09:40:02,131
INFO - 2.1.1 门急诊人次(万人)，0.03 - 2020-05-15 09:40:09,146
ERROR - 2.1.1 门急诊人次(万人)页面值（0.03），库值（0.01）
select round((SELECT sum(outPCount)/10000 from bi_outpatient_yard where statisticsDate ="2019-3-22"),2)
 - 2020-05-15 09:40:09,370
INFO - 数据更新时间：2020-05-15 09:42:33 - 2020-05-15 09:42:41,493
INFO - -----------------------------------------------2，门诊分析----------------------------------------------- - 2020-05-15 09:42:43,593
INFO - 2.1门诊业务（2020-3-22) - - - - - - - - - - - - - - - - - - - - - - - - - - - - - - - 2020-05-15 09:42:43,593
INFO - 2.1.1 门急诊人次(万人)，0.03 - 2020-05-15 09:42:50,421
INFO - 2.1.1 门急诊人次(万人)，同期：0.01 - 2020-05-15 09:42:50,626
INFO - 数据更新时间：2020-05-15 10:03:03 - 2020-05-15 10:03:11,824
INFO - -----------------------------------------------2，门诊分析----------------------------------------------- - 2020-05-15 10:03:13,956
INFO - 2.1门诊业务（2020-3-22) - - - - - - - - - - - - - - - - - - - - - - - - - - - - - - - 2020-05-15 10:03:13,956
INFO - 2.1.1 门急诊人次(万人)，0.03 - 2020-05-15 10:03:20,891
INFO - 2.1.1 门急诊人次(万人)，同期：0.01 - 2020-05-15 10:03:21,100
INFO - 数据更新时间：2020-05-15 10:05:29 - 2020-05-15 10:05:37,950
INFO - -----------------------------------------------2，门诊分析----------------------------------------------- - 2020-05-15 10:05:40,058
INFO - 2.1门诊业务（2020-3-22) - - - - - - - - - - - - - - - - - - - - - - - - - - - - - - - 2020-05-15 10:05:40,058
INFO - 2.1.1 门急诊人次(万人)，0.03 - 2020-05-15 10:05:46,930
INFO - 2.1.1 门急诊人次(万人)，同期：0.01 - 2020-05-15 10:05:47,131
INFO - 数据更新时间：2020-05-15 10:26:38 - 2020-05-15 10:26:46,436
INFO - -----------------------------------------------2，门诊分析----------------------------------------------- - 2020-05-15 10:26:48,557
INFO - 2.1门诊业务（2020-3-22) - - - - - - - - - - - - - - - - - - - - - - - - - - - - - - - 2020-05-15 10:26:48,557
INFO - 2.1.1 门急诊人次(万人)，0.03 - 2020-05-15 10:26:55,642
INFO - 2.1.1 门急诊人次(万人)，同期：0.01 - 2020-05-15 10:26:55,853
INFO - 2.1.1 门急诊人次(万人)，同比：138.60% ↑ - 2020-05-15 10:26:56,047
INFO - 数据更新时间：2020-05-15 10:45:44 - 2020-05-15 10:45:52,252
INFO - -----------------------------------------------2，门诊分析----------------------------------------------- - 2020-05-15 10:45:54,370
INFO - 2.1门诊业务（2020-3-22) - - - - - - - - - - - - - - - - - - - - - - - - - - - - - - - 2020-05-15 10:45:54,370
INFO - 2.1.1 门急诊人次(万人)，0.03 - 2020-05-15 10:46:01,390
INFO - 2.1.1 门急诊人次(万人)，同期：0.01 - 2020-05-15 10:46:01,593
INFO - 数据更新时间：2020-05-15 10:47:00 - 2020-05-15 10:47:08,510
INFO - 数据更新时间：2020-05-15 10:47:37 - 2020-05-15 10:47:45,236
INFO - 数据更新时间：2020-05-15 10:58:12 - 2020-05-15 10:58:20,290
INFO - 数据更新时间：2020-05-15 11:03:22 - 2020-05-15 11:03:30,630
INFO - 数据更新时间：2020-05-15 11:05:59 - 2020-05-15 11:06:07,351
INFO - 数据更新时间：2020-03-22 11:40:34 - 2020-05-15 11:40:42,328
INFO - 数据更新时间：2020-03-22 12:01:53 - 2020-05-15 12:02:01,368
INFO - -----------------------------------------------2，门诊分析----------------------------------------------- - 2020-05-15 12:02:03,488
INFO - 2.1门诊业务（2020-3-22) - - - - - - - - - - - - - - - - - - - - - - - - - - - - - - - 2020-05-15 12:02:03,488
INFO - 2.1.1 门急诊人次(万人)，0.02 - 2020-05-15 12:02:10,453
INFO - 数据更新时间：2020-03-22 12:03:53 - 2020-05-15 12:04:02,090
INFO - 数据更新时间：2020-03-22 12:18:51 - 2020-05-15 12:18:59,382
INFO - 数据更新时间：2020-03-22 12:22:33 - 2020-05-15 12:22:41,360
INFO - 数据更新时间：2020-03-22 12:28:26 - 2020-05-15 12:28:34,903
INFO - 数据更新时间：2020-03-22 12:29:50 - 2020-05-15 12:29:58,528
INFO - 数据更新时间：2020-03-22 12:38:39 - 2020-05-15 12:38:48,022
INFO - 数据更新时间：2020-03-22 12:43:47 - 2020-05-15 12:43:56,035
INFO - 数据更新时间：2020-03-22 12:45:58 - 2020-05-15 12:46:07,048
INFO - 数据更新时间：2020-03-22 12:46:27 - 2020-05-15 12:46:35,310
INFO - 数据更新时间：2020-03-22 13:15:00 - 2020-05-15 13:15:08,899
INFO - -----------------------------------------------2，门诊分析----------------------------------------------- - 2020-05-15 13:15:11,009
INFO - 2.1门诊业务（2020-3-22) - - - - - - - - - - - - - - - - - - - - - - - - - - - - - - - 2020-05-15 13:15:11,009
INFO - 2.1.1 门急诊人次(万人)，0.02 - 2020-05-15 13:15:17,920
INFO - 2.1.1 门急诊人次(万人)，同期：0.01 - 2020-05-15 13:15:18,120
INFO - 2.1.1 门急诊人次(万人)，同比：42.11% ↑ - 2020-05-15 13:15:18,338
INFO - 数据更新时间：2020-03-22 13:19:52 - 2020-05-15 13:20:00,541
INFO - -----------------------------------------------2，门诊分析----------------------------------------------- - 2020-05-15 13:20:02,651
INFO - 2.1门诊业务（2020-3-22) - - - - - - - - - - - - - - - - - - - - - - - - - - - - - - - 2020-05-15 13:20:02,651
INFO - 2.1.1 门急诊人次(万人)，0.02 - 2020-05-15 13:20:09,679
INFO - 2.1.1 门急诊人次(万人)，同期：0.01 - 2020-05-15 13:20:09,896
INFO - 2.1.1 门急诊人次(万人)，同比：42.11% ↑ - 2020-05-15 13:20:10,103
INFO - 2.1.2 门诊人次(万人)，0.02 - 2020-05-15 13:20:10,306
INFO - 2.1.2 门诊人次(万人)，同期：0.01 - 2020-05-15 13:20:10,510
INFO - 2.1.2 门诊人次(万人)，同比：35.00% ↑ - 2020-05-15 13:20:10,715
INFO - 2.1.3 急诊人次(万人)，0 - 2020-05-15 13:20:10,935
INFO - 2.1.3 急诊人次(万人)，同期：0.01 - 2020-05-15 13:20:11,128
INFO - 2.1.3 急诊人次(万人)，同比：-100.00% ↓ - 2020-05-15 13:20:11,353
INFO - 2.1.4 门急诊退号率，7.43% - 2020-05-15 13:20:11,553
ERROR - 2.1.4 门急诊退号率，页面值（7.43%），库值（10.00%）
SELECT sum(backRegisterRatio) from bi_outpatient_yard where statisticsDate="2019-3-22"
 - 2020-05-15 13:20:11,764
INFO - 2.1.4 门急诊退号率，同比：-25.70% ↓ - 2020-05-15 13:20:11,980
INFO - 数据更新时间：2020-03-22 13:48:58 - 2020-05-15 13:49:06,730
INFO - -----------------------------------------------2，门诊分析----------------------------------------------- - 2020-05-15 13:49:08,878
INFO - 2.1门诊业务（2020-3-22) - - - - - - - - - - - - - - - - - - - - - - - - - - - - - - - 2020-05-15 13:49:08,878
INFO - 2.1.1 门急诊人次(万人)，0.02 - 2020-05-15 13:49:15,673
INFO - 2.1.1 门急诊人次(万人)，同期：0.01 - 2020-05-15 13:49:15,892
INFO - 2.1.1 门急诊人次(万人)，同比：42.11% ↑ - 2020-05-15 13:49:16,117
INFO - 2.1.2 门诊人次(万人)，0.02 - 2020-05-15 13:49:16,334
INFO - 2.1.2 门诊人次(万人)，同期：0.01 - 2020-05-15 13:49:16,548
INFO - 2.1.2 门诊人次(万人)，同比：35.00% ↑ - 2020-05-15 13:49:16,767
INFO - 2.1.3 急诊人次(万人)，0 - 2020-05-15 13:49:16,989
INFO - 2.1.3 急诊人次(万人)，同期：0.01 - 2020-05-15 13:49:17,202
INFO - 2.1.3 急诊人次(万人)，同比：-100.00% ↓ - 2020-05-15 13:49:17,416
INFO - 2.1.4 门急诊退号率，7.43% - 2020-05-15 13:49:17,626
ERROR - 2.1.4 门急诊退号率，页面值（7.43%），库值（10.00%）
SELECT sum(backRegisterRatio) from bi_outpatient_yard where statisticsDate="2019-3-22"
 - 2020-05-15 13:49:17,882
INFO - 2.1.4 门急诊退号率，同比：-25.70% ↓ - 2020-05-15 13:49:18,083
INFO - 数据更新时间：2020-03-22 13:52:44 - 2020-05-15 13:52:53,263
INFO - -----------------------------------------------2，门诊分析----------------------------------------------- - 2020-05-15 13:52:55,383
INFO - 2.1门诊业务（2020-3-22) - - - - - - - - - - - - - - - - - - - - - - - - - - - - - - - 2020-05-15 13:52:55,383
INFO - 2.1.1 门急诊人次(万人)，0.02 - 2020-05-15 13:53:02,400
INFO - 2.1.1 门急诊人次(万人)，同期：0.01 - 2020-05-15 13:53:02,606
INFO - 2.1.1 门急诊人次(万人)，同比：42.11% ↑ - 2020-05-15 13:53:02,829
INFO - 2.1.2 门诊人次(万人)，0.02 - 2020-05-15 13:53:03,037
INFO - 2.1.2 门诊人次(万人)，同期：0.01 - 2020-05-15 13:53:03,245
INFO - 2.1.2 门诊人次(万人)，同比：35.00% ↑ - 2020-05-15 13:53:03,460
INFO - 2.1.3 急诊人次(万人)，0 - 2020-05-15 13:53:03,663
INFO - 2.1.3 急诊人次(万人)，同期：0.01 - 2020-05-15 13:53:03,880
INFO - 2.1.3 急诊人次(万人)，同比：-100.00% ↓ - 2020-05-15 13:53:04,091
INFO - 2.1.4 门急诊退号率，7.43% - 2020-05-15 13:53:04,297
ERROR - 2.1.4 门急诊退号率，页面值（7.43%），库值（10.00%）
SELECT sum(backRegisterRatio) from bi_outpatient_yard where statisticsDate="2019-3-22"
 - 2020-05-15 13:53:04,520
INFO - 2.1.4 门急诊退号率，同比：-25.70% ↓ - 2020-05-15 13:53:04,716
INFO - 2.3门诊处方（2020-3-22) - - - - - - - - - - - - - - - - - - - - - - - - - - - - - - - 2020-05-15 13:53:04,764
INFO - 2.3.1 门急诊处方数(张)，1125 - 2020-05-15 13:53:12,033
INFO - 2.3.1 门急诊处方数(张)，39 - 2020-05-15 13:53:12,255
INFO - 数据更新时间：2020-03-22 13:55:14 - 2020-05-15 13:55:22,501
INFO - -----------------------------------------------2，门诊分析----------------------------------------------- - 2020-05-15 13:55:24,627
INFO - 2.1门诊业务（2020-3-22) - - - - - - - - - - - - - - - - - - - - - - - - - - - - - - - 2020-05-15 13:55:24,627
INFO - 2.1.1 门急诊人次(万人)，0.02 - 2020-05-15 13:55:31,559
INFO - 2.1.1 门急诊人次(万人)，同期：0.01 - 2020-05-15 13:55:31,773
INFO - 2.1.1 门急诊人次(万人)，同比：42.11% ↑ - 2020-05-15 13:55:31,985
INFO - 2.1.2 门诊人次(万人)，0.02 - 2020-05-15 13:55:32,209
INFO - 2.1.2 门诊人次(万人)，同期：0.01 - 2020-05-15 13:55:32,422
INFO - 2.1.2 门诊人次(万人)，同比：35.00% ↑ - 2020-05-15 13:55:32,638
INFO - 2.1.3 急诊人次(万人)，0 - 2020-05-15 13:55:32,848
INFO - 2.1.3 急诊人次(万人)，同期：0.01 - 2020-05-15 13:55:33,069
INFO - 2.1.3 急诊人次(万人)，同比：-100.00% ↓ - 2020-05-15 13:55:33,269
INFO - 2.1.4 门急诊退号率，7.43% - 2020-05-15 13:55:33,483
ERROR - 2.1.4 门急诊退号率，页面值（7.43%），库值（10.00%）
SELECT sum(backRegisterRatio) from bi_outpatient_yard where statisticsDate="2019-3-22"
 - 2020-05-15 13:55:33,706
INFO - 2.1.4 门急诊退号率，同比：-25.70% ↓ - 2020-05-15 13:55:33,936
INFO - 2.3门诊处方（2020-3-22) - - - - - - - - - - - - - - - - - - - - - - - - - - - - - - - 2020-05-15 13:55:33,984
INFO - 2.3.1 门急诊处方数(张)，1125 - 2020-05-15 13:55:41,187
INFO - 2.3.1 门急诊处方数(张)，39 - 2020-05-15 13:55:41,413
INFO - 2.3.1 门急诊处方数(张)，同比：2784.62% ↑ - 2020-05-15 13:55:41,652
INFO - 2.3.2 门急诊抗生素处方数(张)，54 - 2020-05-15 13:55:41,911
INFO - 2.3.2 门急诊抗生素处方数(张)，0 - 2020-05-15 13:55:42,151
INFO - 数据更新时间：2020-03-22 14:02:24 - 2020-05-15 14:02:33,219
INFO - -----------------------------------------------2，门诊分析----------------------------------------------- - 2020-05-15 14:02:35,336
INFO - 2.1门诊业务（2020-3-22) - - - - - - - - - - - - - - - - - - - - - - - - - - - - - - - 2020-05-15 14:02:35,336
INFO - 2.1.1 门急诊人次(万人)，0.02 - 2020-05-15 14:02:42,246
INFO - 2.1.1 门急诊人次(万人)，同期：0.01 - 2020-05-15 14:02:42,439
INFO - 2.1.1 门急诊人次(万人)，同比：42.11% ↑ - 2020-05-15 14:02:42,628
INFO - 2.1.2 门诊人次(万人)，0.02 - 2020-05-15 14:02:42,834
INFO - 2.1.2 门诊人次(万人)，同期：0.01 - 2020-05-15 14:02:43,023
INFO - 2.1.2 门诊人次(万人)，同比：35.00% ↑ - 2020-05-15 14:02:43,207
INFO - 2.1.3 急诊人次(万人)，0 - 2020-05-15 14:02:43,411
INFO - 2.1.3 急诊人次(万人)，同期：0.01 - 2020-05-15 14:02:43,607
INFO - 2.1.3 急诊人次(万人)，同比：-100.00% ↓ - 2020-05-15 14:02:43,808
INFO - 2.1.4 门急诊退号率，7.43% - 2020-05-15 14:02:44,007
ERROR - 2.1.4 门急诊退号率，页面值（7.43%），库值（10.00%）
SELECT sum(backRegisterRatio) from bi_outpatient_yard where statisticsDate="2019-3-22"
 - 2020-05-15 14:02:44,201
INFO - 2.1.4 门急诊退号率，同比：-25.70% ↓ - 2020-05-15 14:02:44,398
INFO - 2.3门诊处方（2020-3-22) - - - - - - - - - - - - - - - - - - - - - - - - - - - - - - - 2020-05-15 14:02:44,424
INFO - 2.3.1 门急诊处方数(张)，1125 - 2020-05-15 14:02:51,755
INFO - 2.3.1 门急诊处方数(张)，同期：39 - 2020-05-15 14:02:51,978
INFO - 2.3.1 门急诊处方数(张)，同比：2784.62% ↑ - 2020-05-15 14:02:52,195
INFO - 2.3.2 门急诊抗生素处方数(张)，54 - 2020-05-15 14:02:52,415
INFO - 2.3.2 门急诊抗生素处方数(张)，同期：0 - 2020-05-15 14:02:52,638
INFO - 数据更新时间：2020-03-22 14:03:22 - 2020-05-15 14:03:30,399
INFO - -----------------------------------------------2，门诊分析----------------------------------------------- - 2020-05-15 14:03:32,519
INFO - 2.1门诊业务（2020-3-22) - - - - - - - - - - - - - - - - - - - - - - - - - - - - - - - 2020-05-15 14:03:32,519
INFO - 2.1.1 门急诊人次(万人)，0.02 - 2020-05-15 14:03:39,487
INFO - 2.1.1 门急诊人次(万人)，同期：0.01 - 2020-05-15 14:03:39,723
INFO - 2.1.1 门急诊人次(万人)，同比：42.11% ↑ - 2020-05-15 14:03:39,952
INFO - 2.1.2 门诊人次(万人)，0.02 - 2020-05-15 14:03:40,168
INFO - 2.1.2 门诊人次(万人)，同期：0.01 - 2020-05-15 14:03:40,390
INFO - 2.1.2 门诊人次(万人)，同比：35.00% ↑ - 2020-05-15 14:03:40,628
INFO - 2.1.3 急诊人次(万人)，0 - 2020-05-15 14:03:40,847
INFO - 2.1.3 急诊人次(万人)，同期：0.01 - 2020-05-15 14:03:41,079
INFO - 2.1.3 急诊人次(万人)，同比：-100.00% ↓ - 2020-05-15 14:03:41,288
INFO - 2.1.4 门急诊退号率，7.43% - 2020-05-15 14:03:41,520
ERROR - 2.1.4 门急诊退号率，页面值（7.43%），库值（10.00%）
SELECT sum(backRegisterRatio) from bi_outpatient_yard where statisticsDate="2019-3-22"
 - 2020-05-15 14:03:41,737
INFO - 2.1.4 门急诊退号率，同比：-25.70% ↓ - 2020-05-15 14:03:41,948
INFO - 2.3门诊处方（2020-3-22) - - - - - - - - - - - - - - - - - - - - - - - - - - - - - - - 2020-05-15 14:03:41,996
INFO - 2.3.1 门急诊处方数(张)，1125 - 2020-05-15 14:03:49,116
INFO - 2.3.1 门急诊处方数(张)，同期：39 - 2020-05-15 14:03:49,378
INFO - 2.3.1 门急诊处方数(张)，同比：2784.62% ↑ - 2020-05-15 14:03:49,633
INFO - 2.3.2 门急诊抗生素处方数(张)，54 - 2020-05-15 14:03:49,882
INFO - 2.3.2 门急诊抗生素处方数(张)，同期：0 - 2020-05-15 14:03:50,118
INFO - 数据更新时间：2020-03-22 14:05:28 - 2020-05-15 14:05:36,833
INFO - -----------------------------------------------2，门诊分析----------------------------------------------- - 2020-05-15 14:05:38,980
INFO - 2.1门诊业务（2020-3-22) - - - - - - - - - - - - - - - - - - - - - - - - - - - - - - - 2020-05-15 14:05:38,980
INFO - 2.1.1 门急诊人次(万人)，0.02 - 2020-05-15 14:05:45,936
INFO - 2.1.1 门急诊人次(万人)，同期：0.01 - 2020-05-15 14:05:46,155
INFO - 2.1.1 门急诊人次(万人)，同比：42.11% ↑ - 2020-05-15 14:05:46,346
INFO - 2.1.2 门诊人次(万人)，0.02 - 2020-05-15 14:05:46,564
INFO - 2.1.2 门诊人次(万人)，同期：0.01 - 2020-05-15 14:05:46,780
INFO - 2.1.2 门诊人次(万人)，同比：35.00% ↑ - 2020-05-15 14:05:47,028
INFO - 2.1.3 急诊人次(万人)，0 - 2020-05-15 14:05:47,227
INFO - 2.1.3 急诊人次(万人)，同期：0.01 - 2020-05-15 14:05:47,448
INFO - 2.1.3 急诊人次(万人)，同比：-100.00% ↓ - 2020-05-15 14:05:47,658
INFO - 2.1.4 门急诊退号率，7.43% - 2020-05-15 14:05:47,867
ERROR - 2.1.4 门急诊退号率，页面值（7.43%），库值（10.00%）
SELECT sum(backRegisterRatio) from bi_outpatient_yard where statisticsDate="2019-3-22"
 - 2020-05-15 14:05:48,080
INFO - 2.1.4 门急诊退号率，同比：-25.70% ↓ - 2020-05-15 14:05:48,292
INFO - 2.3门诊处方（2020-3-22) - - - - - - - - - - - - - - - - - - - - - - - - - - - - - - - 2020-05-15 14:05:48,342
INFO - 2.3.1 门急诊处方数(张)，1125 - 2020-05-15 14:05:55,694
INFO - 2.3.1 门急诊处方数(张)，同期：39 - 2020-05-15 14:05:55,939
INFO - 2.3.1 门急诊处方数(张)，同比：2784.62% ↑ - 2020-05-15 14:05:56,186
INFO - 2.3.2 门急诊抗生素处方数(张)，54 - 2020-05-15 14:05:56,433
INFO - 2.3.2 门急诊抗生素处方数(张)，同期：0 - 2020-05-15 14:05:56,680
INFO - 数据更新时间：2020-03-22 14:07:01 - 2020-05-15 14:07:09,465
INFO - -----------------------------------------------2，门诊分析----------------------------------------------- - 2020-05-15 14:07:11,592
INFO - 2.1门诊业务（2020-3-22) - - - - - - - - - - - - - - - - - - - - - - - - - - - - - - - 2020-05-15 14:07:11,592
INFO - 2.1.1 门急诊人次(万人)，0.02 - 2020-05-15 14:07:18,576
INFO - 2.1.1 门急诊人次(万人)，同期：0.01 - 2020-05-15 14:07:18,800
INFO - 2.1.1 门急诊人次(万人)，同比：42.11% ↑ - 2020-05-15 14:07:19,050
INFO - 2.1.2 门诊人次(万人)，0.02 - 2020-05-15 14:07:19,264
INFO - 2.1.2 门诊人次(万人)，同期：0.01 - 2020-05-15 14:07:19,486
INFO - 2.1.2 门诊人次(万人)，同比：35.00% ↑ - 2020-05-15 14:07:19,717
INFO - 2.1.3 急诊人次(万人)，0 - 2020-05-15 14:07:19,946
INFO - 2.1.3 急诊人次(万人)，同期：0.01 - 2020-05-15 14:07:20,185
INFO - 2.1.3 急诊人次(万人)，同比：-100.00% ↓ - 2020-05-15 14:07:20,393
INFO - 2.1.4 门急诊退号率，7.43% - 2020-05-15 14:07:20,627
ERROR - 2.1.4 门急诊退号率，页面值（7.43%），库值（10.00%）
SELECT sum(backRegisterRatio) from bi_outpatient_yard where statisticsDate="2019-3-22"
 - 2020-05-15 14:07:20,859
INFO - 2.1.4 门急诊退号率，同比：-25.70% ↓ - 2020-05-15 14:07:21,066
INFO - 2.3门诊处方（2020-3-22) - - - - - - - - - - - - - - - - - - - - - - - - - - - - - - - 2020-05-15 14:07:21,117
INFO - 2.3.1 门急诊处方数(张)，1125 - 2020-05-15 14:07:28,432
INFO - 2.3.1 门急诊处方数(张)，同期：39 - 2020-05-15 14:07:28,673
INFO - 2.3.1 门急诊处方数(张)，同比：2784.62% ↑ - 2020-05-15 14:07:28,947
INFO - 2.3.2 门急诊抗生素处方数(张)，54 - 2020-05-15 14:07:29,197
INFO - 2.3.2 门急诊抗生素处方数(张)，同期：0 - 2020-05-15 14:07:29,431
INFO - 数据更新时间：2020-03-22 14:13:20 - 2020-05-15 14:13:29,178
INFO - -----------------------------------------------2，门诊分析----------------------------------------------- - 2020-05-15 14:13:31,305
INFO - 2.1门诊业务（2020-3-22) - - - - - - - - - - - - - - - - - - - - - - - - - - - - - - - 2020-05-15 14:13:31,305
INFO - 2.1.1 门急诊人次(万人)，0.02 - 2020-05-15 14:13:38,321
INFO - 2.1.1 门急诊人次(万人)，同期：0.01 - 2020-05-15 14:13:38,555
INFO - 2.1.1 门急诊人次(万人)，同比：42.11% ↑ - 2020-05-15 14:13:38,863
INFO - 2.1.2 门诊人次(万人)，0.02 - 2020-05-15 14:13:39,076
INFO - 2.1.2 门诊人次(万人)，同期：0.01 - 2020-05-15 14:13:39,383
INFO - 2.1.2 门诊人次(万人)，同比：35.00% ↑ - 2020-05-15 14:13:39,594
INFO - 2.1.3 急诊人次(万人)，0 - 2020-05-15 14:13:39,820
INFO - 2.1.3 急诊人次(万人)，同期：0.01 - 2020-05-15 14:13:40,039
INFO - 2.1.3 急诊人次(万人)，同比：-100.00% ↓ - 2020-05-15 14:13:40,255
INFO - 2.1.4 门急诊退号率，7.43% - 2020-05-15 14:13:40,481
ERROR - 2.1.4 门急诊退号率，页面值（7.43%），库值（10.00%）
SELECT sum(backRegisterRatio) from bi_outpatient_yard where statisticsDate="2019-3-22"
 - 2020-05-15 14:13:40,700
INFO - 2.1.4 门急诊退号率，同比：-25.70% ↓ - 2020-05-15 14:13:40,955
INFO - 2.3门诊处方（2020-3-22) - - - - - - - - - - - - - - - - - - - - - - - - - - - - - - - 2020-05-15 14:13:41,006
INFO - 2.3.1 门急诊处方数(张)，1125 - 2020-05-15 14:13:48,293
INFO - 2.3.1 门急诊处方数(张)，同期：39 - 2020-05-15 14:13:48,539
INFO - 2.3.1 门急诊处方数(张)，同比：2784.62% ↑ - 2020-05-15 14:13:48,786
INFO - 2.3.2 门急诊抗生素处方数(张)，54 - 2020-05-15 14:13:49,044
INFO - 2.3.2 门急诊抗生素处方数(张)，同期：0 - 2020-05-15 14:13:49,292
INFO - 数据更新时间：2020-03-22 14:19:00 - 2020-05-15 14:19:09,041
INFO - -----------------------------------------------2，门诊分析----------------------------------------------- - 2020-05-15 14:19:11,171
INFO - 2.1门诊业务（2020-3-22) - - - - - - - - - - - - - - - - - - - - - - - - - - - - - - - 2020-05-15 14:19:11,171
INFO - 2.1.1 门急诊人次(万人)，0.02 - 2020-05-15 14:19:18,072
INFO - 2.1.1 门急诊人次(万人)，同期：0.01 - 2020-05-15 14:19:18,290
INFO - 2.1.1 门急诊人次(万人)，同比：42.11% ↑ - 2020-05-15 14:19:18,525
INFO - 2.1.2 门诊人次(万人)，0.02 - 2020-05-15 14:19:18,742
INFO - 2.1.2 门诊人次(万人)，同期：0.01 - 2020-05-15 14:19:18,984
INFO - 2.1.2 门诊人次(万人)，同比：35.00% ↑ - 2020-05-15 14:19:19,213
INFO - 2.1.3 急诊人次(万人)，0 - 2020-05-15 14:19:19,421
INFO - 2.1.3 急诊人次(万人)，同期：0.01 - 2020-05-15 14:19:19,650
INFO - 2.1.3 急诊人次(万人)，同比：-100.00% ↓ - 2020-05-15 14:19:19,862
INFO - 2.1.4 门急诊退号率，7.43% - 2020-05-15 14:19:20,094
ERROR - 2.1.4 门急诊退号率，页面值（7.43%），库值（10.00%）
SELECT sum(backRegisterRatio) from bi_outpatient_yard where statisticsDate="2019-3-22"
 - 2020-05-15 14:19:20,345
INFO - 2.1.4 门急诊退号率，同比：-25.70% ↓ - 2020-05-15 14:19:20,555
INFO - 2.3门诊处方（2020-3-22) - - - - - - - - - - - - - - - - - - - - - - - - - - - - - - - 2020-05-15 14:19:20,605
INFO - 2.3.1 门急诊处方数(张)，1125 - 2020-05-15 14:19:27,932
INFO - 2.3.1 门急诊处方数(张)，同期：39 - 2020-05-15 14:19:28,190
INFO - 2.3.1 门急诊处方数(张)，同比：2784.62% ↑ - 2020-05-15 14:19:28,427
INFO - 2.3.2 门急诊抗生素处方数(张)，54 - 2020-05-15 14:19:28,663
INFO - 2.3.2 门急诊抗生素处方数(张)，同期：0 - 2020-05-15 14:19:28,913
INFO - 2.3.2 门急诊抗生素处方数(张)，同比：0.00% - - 2020-05-15 14:19:29,143
INFO - 2.3.3 门急诊药品处方数(张)，167 - 2020-05-15 14:19:29,376
INFO - 2.3.3 门急诊药品处方数(张)，同期：39 - 2020-05-15 14:19:29,628
INFO - 2.3.3 门急诊药品处方数(张)，同比：328.21% ↑ - 2020-05-15 14:19:29,867
INFO - 2.3.4 门急诊大额处方数(张)，1 - 2020-05-15 14:19:30,099
INFO - 2.3.4 门急诊大额处方数(张)，同期：27 - 2020-05-15 14:19:30,330
INFO - 2.3.4 门急诊大额处方数(张)，同比：-96.30% ↓ - 2020-05-15 14:19:30,581
INFO - 数据更新时间：2020-03-22 14:26:07 - 2020-05-15 14:26:15,851
INFO - -----------------------------------------------2，门诊分析----------------------------------------------- - 2020-05-15 14:26:18,000
INFO - 2.3 门诊处方/bi/outpatientAnalysis/outpatientPrescriptions（) - - - - - - - - - - - - - - - - - - - - - - - - - - - - - - - 2020-05-15 14:26:18,000
INFO - 数据更新时间：2020-03-22 14:27:24 - 2020-05-15 14:27:32,925
INFO - -----------------------------------------------2，门诊分析----------------------------------------------- - 2020-05-15 14:27:35,042
INFO - 2.3 门诊处方/bi/outpatientAnalysis/outpatientPrescriptions（) - - - - - - - - - - - - - - - - - - - - - - - - - - - - - - - 2020-05-15 14:27:37,043
INFO - 数据更新时间：2020-03-22 14:29:28 - 2020-05-15 14:29:36,966
INFO - -----------------------------------------------2，门诊分析----------------------------------------------- - 2020-05-15 14:29:39,092
INFO - 2.3门诊处方（2020-03-22) - - - - - - - - - - - - - - - - - - - - - - - - - - - - - - - 2020-05-15 14:29:41,092
INFO - 2.3.5 科室门急诊抗生素处方数分析，{'门诊药房(新院)': '43', '发热门诊药房': '11', '外科': '0', '骨科': '0', '发热门诊': '0', '放射科': '0', '心电图': '0', '检验科': '0', '一次性用品库': '0', '急诊内科': '0'} - 2020-05-15 14:29:58,834
INFO - 2.3.6 科室门急诊药品处方数分析，{'门诊药房(新院)': '151', '发热门诊药房': '16', '外科': '0', '骨科': '0', '发热门诊': '0', '放射科': '0', '心电图': '0', '检验科': '0', '一次性用品库': '0', '急诊内科': '0'} - 2020-05-15 14:29:58,839
INFO - 2.3.7 科室门急诊大额处方数分析，{'门诊药房(新院)': '1', '外科': '0', '骨科': '0', '发热门诊': '0', '放射科': '0', '心电图': '0', '发热门诊药房': '0', '检验科': '0', '一次性用品库': '0', '急诊内科': '0'} - 2020-05-15 14:29:58,843
ERROR - 门急诊抗生素处方率（4.8%）, 库值：4.80
SELECT round((SELECT a.sum/b.sum*100 from (SELECT sum(antibioticRecipe) sum from bi_hospital_recipe_day WHERE statisticsDate ="2020-03-22")a,(SELECT sum(quantity) sum from bi_hospital_recipe_day WHERE statisticsDate ="2020-03-22")b),2) 
 - 2020-05-15 14:29:58,848
INFO - 门急诊药品处方率（14.84%） - 2020-05-15 14:29:58,852
INFO - 门急诊大额处方率（0.09%） - 2020-05-15 14:29:58,857
INFO - 数据更新时间：2020-03-22 15:01:24 - 2020-05-15 15:01:32,990
INFO - -----------------------------------------------2，门诊分析----------------------------------------------- - 2020-05-15 15:01:35,097
INFO - 2.3门诊处方（2020-03-22) - - - - - - - - - - - - - - - - - - - - - - - - - - - - - - - 2020-05-15 15:01:37,097
INFO - 2.3.5 科室门急诊抗生素处方数分析，{'门诊药房(新院)': '43', '发热门诊药房': '11', '外科': '0', '骨科': '0', '发热门诊': '0', '放射科': '0', '心电图': '0', '检验科': '0', '一次性用品库': '0', '急诊内科': '0'} - 2020-05-15 15:01:54,259
INFO - 2.3.6 科室门急诊药品处方数分析，{'门诊药房(新院)': '151', '发热门诊药房': '16', '外科': '0', '骨科': '0', '发热门诊': '0', '放射科': '0', '心电图': '0', '检验科': '0', '一次性用品库': '0', '急诊内科': '0'} - 2020-05-15 15:01:54,263
INFO - 2.3.7 科室门急诊大额处方数分析，{'门诊药房(新院)': '1', '外科': '0', '骨科': '0', '发热门诊': '0', '放射科': '0', '心电图': '0', '发热门诊药房': '0', '检验科': '0', '一次性用品库': '0', '急诊内科': '0'} - 2020-05-15 15:01:54,267
ERROR - 门急诊抗生素处方率（4.8%）, 库值：4.80
SELECT round((SELECT a.sum/b.sum*100 from (SELECT sum(antibioticRecipe) sum from bi_hospital_recipe_day WHERE statisticsDate ="2020-03-22")a,(SELECT sum(quantity) sum from bi_hospital_recipe_day WHERE statisticsDate ="2020-03-22")b),2) 
 - 2020-05-15 15:01:54,274
INFO - 门急诊药品处方率（14.84%） - 2020-05-15 15:01:54,278
INFO - 门急诊大额处方率（0.09%） - 2020-05-15 15:01:54,283
INFO - 数据更新时间：2020-03-22 15:25:29 - 2020-05-15 15:25:38,271
INFO - -----------------------------------------------2，门诊分析----------------------------------------------- - 2020-05-15 15:25:40,392
INFO - 2.3门诊处方（2020-03-22) - - - - - - - - - - - - - - - - - - - - - - - - - - - - - - - 2020-05-15 15:25:42,392
ERROR - 2.3.5 科室门急诊抗生素处方数分析
页面：{'门诊药房(新院)': '43', '发热门诊药房': '11', '一次性用品库': '0', '急诊内科': '0', '急诊外科(新)': '0', '急诊骨科(新)': '0', '急诊儿科(新)': '0', '外科': '0', '骨科': '0', '发热门诊': '0'}
库值：{'门诊药房(新院)': '43', '发热门诊药房': '11', '外科': '0', '骨科': '0', '发热门诊': '0', '放射科': '0', '心电图': '0', '检验科': '0', '一次性用品库': '0', '急诊内科': '0'}
SELECT deptName,antibioticRecipe from bi_dept_recipe_day WHERE statisticsDate = "2020-03-22" ORDER BY antibioticRecipe DESC limit 10
 - 2020-05-15 15:25:59,924
ERROR - 2.3.6 科室门急诊药品处方数分析
页面：{'门诊药房(新院)': '151', '发热门诊药房': '16', '一次性用品库': '0', '急诊内科': '0', '急诊外科(新)': '0', '急诊骨科(新)': '0', '急诊儿科(新)': '0', '外科': '0', '骨科': '0', '发热门诊': '0'}
库值：{'门诊药房(新院)': '151', '发热门诊药房': '16', '外科': '0', '骨科': '0', '发热门诊': '0', '放射科': '0', '心电图': '0', '检验科': '0', '一次性用品库': '0', '急诊内科': '0'}
SELECT deptName,drugRecipe from bi_dept_recipe_day WHERE statisticsDate ="2020-03-22" ORDER BY antibioticRecipe DESC limit 10
 - 2020-05-15 15:25:59,929
ERROR - 2.3.7 科室门急诊大额处方数分析
页面：{'门诊药房(新院)': '1', '一次性用品库': '0', '急诊内科': '0', '急诊外科(新)': '0', '急诊骨科(新)': '0', '急诊儿科(新)': '0', '外科': '0', '骨科': '0', '发热门诊': '0', '放射科': '0'}
库值：{'门诊药房(新院)': '1', '外科': '0', '骨科': '0', '发热门诊': '0', '放射科': '0', '心电图': '0', '发热门诊药房': '0', '检验科': '0', '一次性用品库': '0', '急诊内科': '0'}
SELECT deptName,largeRecipe from bi_dept_recipe_day WHERE statisticsDate ="2020-03-22" order by largerecipe desc limit 10
 - 2020-05-15 15:25:59,933
ERROR - 门急诊抗生素处方率（4.8%）, 库值：4.80
SELECT round((SELECT a.sum/b.sum*100 from (SELECT sum(antibioticRecipe) sum from bi_hospital_recipe_day WHERE statisticsDate ="2020-03-22")a,(SELECT sum(quantity) sum from bi_hospital_recipe_day WHERE statisticsDate ="2020-03-22")b),2) 
 - 2020-05-15 15:25:59,939
INFO - 门急诊药品处方率（14.84%） - 2020-05-15 15:25:59,944
INFO - 门急诊大额处方率（0.09%） - 2020-05-15 15:25:59,948
INFO - 数据更新时间：2020-03-22 15:26:55 - 2020-05-15 15:27:04,073
INFO - -----------------------------------------------2，门诊分析----------------------------------------------- - 2020-05-15 15:27:06,182
INFO - 2.3门诊处方（2020-03-22) - - - - - - - - - - - - - - - - - - - - - - - - - - - - - - - 2020-05-15 15:27:08,182
ERROR - 2.3.5 科室门急诊抗生素处方数分析
页面：{'门诊药房(新院)': '43', '发热门诊药房': '11', '一次性用品库': '0', '急诊内科': '0', '急诊外科(新)': '0', '急诊骨科(新)': '0', '急诊儿科(新)': '0', '外科': '0', '骨科': '0', '发热门诊': '0'}
库值：{'门诊药房(新院)': '43', '发热门诊药房': '11', '外科': '0', '骨科': '0', '发热门诊': '0', '放射科': '0', '心电图': '0', '检验科': '0', '一次性用品库': '0', '急诊内科': '0'}
SELECT deptName,antibioticRecipe from bi_dept_recipe_day WHERE statisticsDate = "2020-03-22" ORDER BY antibioticRecipe DESC limit 10
 - 2020-05-15 15:27:25,698
ERROR - 2.3.6 科室门急诊药品处方数分析
页面：{'门诊药房(新院)': '151', '发热门诊药房': '16', '一次性用品库': '0', '急诊内科': '0', '急诊外科(新)': '0', '急诊骨科(新)': '0', '急诊儿科(新)': '0', '外科': '0', '骨科': '0', '发热门诊': '0'}
库值：{'门诊药房(新院)': '151', '发热门诊药房': '16', '外科': '0', '骨科': '0', '发热门诊': '0', '放射科': '0', '心电图': '0', '检验科': '0', '一次性用品库': '0', '急诊内科': '0'}
SELECT deptName,drugRecipe from bi_dept_recipe_day WHERE statisticsDate ="2020-03-22" ORDER BY antibioticRecipe DESC limit 10
 - 2020-05-15 15:27:25,703
ERROR - 2.3.7 科室门急诊大额处方数分析
页面：{'门诊药房(新院)': '1', '一次性用品库': '0', '急诊内科': '0', '急诊外科(新)': '0', '急诊骨科(新)': '0', '急诊儿科(新)': '0', '外科': '0', '骨科': '0', '发热门诊': '0', '放射科': '0'}
库值：{'门诊药房(新院)': '1', '外科': '0', '骨科': '0', '发热门诊': '0', '放射科': '0', '心电图': '0', '发热门诊药房': '0', '检验科': '0', '一次性用品库': '0', '急诊内科': '0'}
SELECT deptName,largeRecipe from bi_dept_recipe_day WHERE statisticsDate ="2020-03-22" order by largerecipe desc limit 10
 - 2020-05-15 15:27:25,708
ERROR - 门急诊抗生素处方率（4.8%）, 库值：4.80
SELECT round((SELECT a.sum/b.sum*100 from (SELECT sum(antibioticRecipe) sum from bi_hospital_recipe_day WHERE statisticsDate ="2020-03-22")a,(SELECT sum(quantity) sum from bi_hospital_recipe_day WHERE statisticsDate ="2020-03-22")b),2) 
 - 2020-05-15 15:27:25,714
INFO - 门急诊药品处方率（14.84%） - 2020-05-15 15:27:25,717
INFO - 门急诊大额处方率（0.09%） - 2020-05-15 15:27:25,722
INFO - 数据更新时间：2020-03-22 15:28:28 - 2020-05-15 15:28:37,173
INFO - -----------------------------------------------2，门诊分析----------------------------------------------- - 2020-05-15 15:28:39,272
INFO - 2.3门诊处方（2020-03-22) - - - - - - - - - - - - - - - - - - - - - - - - - - - - - - - 2020-05-15 15:28:41,273
ERROR - 2.3.5 科室门急诊抗生素处方数分析
页面：{'门诊药房(新院)': '43', '发热门诊药房': '11', '一次性用品库': '0', '急诊内科': '0', '急诊外科(新)': '0', '急诊骨科(新)': '0', '急诊儿科(新)': '0', '外科': '0', '骨科': '0', '发热门诊': '0'}
库值：{'门诊药房(新院)': '43', '发热门诊药房': '11', '外科': '0', '骨科': '0', '发热门诊': '0', '放射科': '0', '心电图': '0', '检验科': '0', '一次性用品库': '0', '急诊内科': '0'}
SELECT deptName,antibioticRecipe from bi_dept_recipe_day WHERE statisticsDate = "2020-03-22" ORDER BY antibioticRecipe DESC limit 10
 - 2020-05-15 15:28:58,560
ERROR - 2.3.6 科室门急诊药品处方数分析
页面：{'门诊药房(新院)': '151', '发热门诊药房': '16', '一次性用品库': '0', '急诊内科': '0', '急诊外科(新)': '0', '急诊骨科(新)': '0', '急诊儿科(新)': '0', '外科': '0', '骨科': '0', '发热门诊': '0'}
库值：{'门诊药房(新院)': '151', '发热门诊药房': '16', '外科': '0', '骨科': '0', '发热门诊': '0', '放射科': '0', '心电图': '0', '检验科': '0', '一次性用品库': '0', '急诊内科': '0'}
SELECT deptName,drugRecipe from bi_dept_recipe_day WHERE statisticsDate ="2020-03-22" ORDER BY antibioticRecipe DESC limit 10
 - 2020-05-15 15:28:58,565
ERROR - 2.3.7 科室门急诊大额处方数分析
页面：{'门诊药房(新院)': '1', '一次性用品库': '0', '急诊内科': '0', '急诊外科(新)': '0', '急诊骨科(新)': '0', '急诊儿科(新)': '0', '外科': '0', '骨科': '0', '发热门诊': '0', '放射科': '0'}
库值：{'门诊药房(新院)': '1', '外科': '0', '骨科': '0', '发热门诊': '0', '放射科': '0', '心电图': '0', '发热门诊药房': '0', '检验科': '0', '一次性用品库': '0', '急诊内科': '0'}
SELECT deptName,largeRecipe from bi_dept_recipe_day WHERE statisticsDate ="2020-03-22" order by largerecipe desc limit 10
 - 2020-05-15 15:28:58,570
ERROR - 门急诊抗生素处方率（4.8%）, 库值：4.80
SELECT round((SELECT a.sum/b.sum*100 from (SELECT sum(antibioticRecipe) sum from bi_hospital_recipe_day WHERE statisticsDate ="2020-03-22")a,(SELECT sum(quantity) sum from bi_hospital_recipe_day WHERE statisticsDate ="2020-03-22")b),2) 
 - 2020-05-15 15:28:58,574
INFO - 门急诊药品处方率（14.84%） - 2020-05-15 15:28:58,578
INFO - 门急诊大额处方率（0.09%） - 2020-05-15 15:28:58,583
INFO - 数据更新时间：2020-03-22 15:41:31 - 2020-05-15 15:41:39,764
INFO - -----------------------------------------------2，门诊分析----------------------------------------------- - 2020-05-15 15:41:41,919
INFO - 2.3门诊处方（2020-03-22) - - - - - - - - - - - - - - - - - - - - - - - - - - - - - - - 2020-05-15 15:41:43,944
INFO - 数据更新时间：2020-03-22 15:42:43 - 2020-05-15 15:42:52,001
INFO - -----------------------------------------------2，门诊分析----------------------------------------------- - 2020-05-15 15:42:54,121
INFO - 2.3门诊处方（2020-03-22) - - - - - - - - - - - - - - - - - - - - - - - - - - - - - - - 2020-05-15 15:42:56,122
INFO - 数据更新时间：2020-03-22 15:43:47 - 2020-05-15 15:43:55,503
INFO - -----------------------------------------------2，门诊分析----------------------------------------------- - 2020-05-15 15:43:57,650
INFO - 2.3门诊处方（2020-03-22) - - - - - - - - - - - - - - - - - - - - - - - - - - - - - - - 2020-05-15 15:43:59,653
ERROR - 2.3.5 科室门急诊抗生素处方数分析
页面：{'门诊药房(新院)': '43', '发热门诊药房': '11', '一次性用品库': '0', '急诊内科': '0', '急诊外科(新)': '0', '急诊骨科(新)': '0', '急诊儿科(新)': '0', '外科': '0', '骨科': '0', '发热门诊': '0'}
库值：{'门诊药房(新院)': '43', '发热门诊药房': '11', '外科': '0', '骨科': '0', '发热门诊': '0', '放射科': '0', '心电图': '0', '检验科': '0', '一次性用品库': '0', '急诊内科': '0'}
SELECT deptName,antibioticRecipe from bi_dept_recipe_day WHERE statisticsDate = "2020-03-22" ORDER BY antibioticRecipe DESC limit 10
 - 2020-05-15 15:44:17,053
ERROR - 2.3.6 科室门急诊药品处方数分析
页面：{'门诊药房(新院)': '151', '发热门诊药房': '16', '一次性用品库': '0', '急诊内科': '0', '急诊外科(新)': '0', '急诊骨科(新)': '0', '急诊儿科(新)': '0', '外科': '0', '骨科': '0', '发热门诊': '0'}
库值：{'门诊药房(新院)': '151', '发热门诊药房': '16', '外科': '0', '骨科': '0', '发热门诊': '0', '放射科': '0', '心电图': '0', '检验科': '0', '一次性用品库': '0', '急诊内科': '0'}
SELECT deptName,drugRecipe from bi_dept_recipe_day WHERE statisticsDate ="2020-03-22" ORDER BY antibioticRecipe DESC limit 10
 - 2020-05-15 15:44:25,375
ERROR - 2.3.7 科室门急诊大额处方数分析
页面：{'门诊药房(新院)': '1', '一次性用品库': '0', '急诊内科': '0', '急诊外科(新)': '0', '急诊骨科(新)': '0', '急诊儿科(新)': '0', '外科': '0', '骨科': '0', '发热门诊': '0', '放射科': '0'}
库值：{'门诊药房(新院)': '1', '外科': '0', '骨科': '0', '发热门诊': '0', '放射科': '0', '心电图': '0', '发热门诊药房': '0', '检验科': '0', '一次性用品库': '0', '急诊内科': '0'}
SELECT deptName,largeRecipe from bi_dept_recipe_day WHERE statisticsDate ="2020-03-22" order by largerecipe desc limit 10
 - 2020-05-15 15:44:33,317
INFO - 数据更新时间：2020-03-22 15:51:16 - 2020-05-15 15:51:24,504
INFO - -----------------------------------------------2，门诊分析----------------------------------------------- - 2020-05-15 15:51:26,737
INFO - 2.3门诊处方（2020-03-22) - - - - - - - - - - - - - - - - - - - - - - - - - - - - - - - 2020-05-15 15:51:28,738
ERROR - 2.3.5 科室门急诊抗生素处方数分析
页面：{'门诊药房(新院)': '43', '发热门诊药房': '11', '一次性用品库': '0', '急诊内科': '0', '急诊外科(新)': '0', '急诊骨科(新)': '0', '急诊儿科(新)': '0', '外科': '0', '骨科': '0', '发热门诊': '0'}
库值：{'门诊药房(新院)': '43', '发热门诊药房': '11', '外科': '0', '骨科': '0', '发热门诊': '0', '放射科': '0', '心电图': '0', '检验科': '0', '一次性用品库': '0', '急诊内科': '0'}
SELECT deptName,antibioticRecipe from bi_dept_recipe_day WHERE statisticsDate = "2020-03-22" ORDER BY antibioticRecipe DESC limit 10
 - 2020-05-15 15:51:46,321
ERROR - 2.3.6 科室门急诊药品处方数分析
页面：{'门诊药房(新院)': '151', '发热门诊药房': '16', '一次性用品库': '0', '急诊内科': '0', '急诊外科(新)': '0', '急诊骨科(新)': '0', '急诊儿科(新)': '0', '外科': '0', '骨科': '0', '发热门诊': '0'}
库值：{'门诊药房(新院)': '151', '发热门诊药房': '16', '外科': '0', '骨科': '0', '发热门诊': '0', '放射科': '0', '心电图': '0', '检验科': '0', '一次性用品库': '0', '急诊内科': '0'}
SELECT deptName,drugRecipe from bi_dept_recipe_day WHERE statisticsDate ="2020-03-22" ORDER BY antibioticRecipe DESC limit 10
 - 2020-05-15 15:51:54,336
ERROR - 2.3.7 科室门急诊大额处方数分析
页面：{'门诊药房(新院)': '1', '一次性用品库': '0', '急诊内科': '0', '急诊外科(新)': '0', '急诊骨科(新)': '0', '急诊儿科(新)': '0', '外科': '0', '骨科': '0', '发热门诊': '0', '放射科': '0'}
库值：{'门诊药房(新院)': '1', '外科': '0', '骨科': '0', '发热门诊': '0', '放射科': '0', '心电图': '0', '发热门诊药房': '0', '检验科': '0', '一次性用品库': '0', '急诊内科': '0'}
SELECT deptName,largeRecipe from bi_dept_recipe_day WHERE statisticsDate ="2020-03-22" order by largerecipe desc limit 10
 - 2020-05-15 15:52:02,206
ERROR - 门急诊抗生素处方率（4.8%）, 库值：4.80
SELECT round((SELECT a.sum/b.sum*100 from (SELECT sum(antibioticRecipe) sum from bi_hospital_recipe_day WHERE statisticsDate ="2020-03-22")a,(SELECT sum(quantity) sum from bi_hospital_recipe_day WHERE statisticsDate ="2020-03-22")b),2) 
 - 2020-05-15 15:52:10,318
INFO - 门急诊药品处方率（14.84%） - 2020-05-15 15:52:10,324
INFO - 门急诊大额处方率（0.09%） - 2020-05-15 15:52:10,328
INFO - 数据更新时间：2020-03-22 16:03:07 - 2020-05-15 16:03:16,072
INFO - -----------------------------------------------2，门诊分析----------------------------------------------- - 2020-05-15 16:03:18,198
INFO - 2.3门诊处方（2020-03-22) - - - - - - - - - - - - - - - - - - - - - - - - - - - - - - - 2020-05-15 16:03:20,199
ERROR - 2.3.5 科室门急诊抗生素处方数分析
页面：{'门诊药房(新院)': '43', '发热门诊药房': '11', '一次性用品库': '0', '急诊内科': '0', '急诊外科(新)': '0', '急诊骨科(新)': '0', '急诊儿科(新)': '0', '外科': '0', '骨科': '0', '发热门诊': '0'}
库值：{'门诊药房(新院)': '43', '发热门诊药房': '11', '外科': '0', '骨科': '0', '发热门诊': '0', '放射科': '0', '心电图': '0', '检验科': '0', '一次性用品库': '0', '急诊内科': '0'}
SELECT deptName,antibioticRecipe from bi_dept_recipe_day WHERE statisticsDate = "2020-03-22" ORDER BY antibioticRecipe DESC limit 10
 - 2020-05-15 16:03:38,002
ERROR - 2.3.6 科室门急诊药品处方数分析
页面：{'门诊药房(新院)': '151', '发热门诊药房': '16', '一次性用品库': '0', '急诊内科': '0', '急诊外科(新)': '0', '急诊骨科(新)': '0', '急诊儿科(新)': '0', '外科': '0', '骨科': '0', '发热门诊': '0'}
库值：{'门诊药房(新院)': '151', '发热门诊药房': '16', '外科': '0', '骨科': '0', '发热门诊': '0', '放射科': '0', '心电图': '0', '检验科': '0', '一次性用品库': '0', '急诊内科': '0'}
SELECT deptName,drugRecipe from bi_dept_recipe_day WHERE statisticsDate ="2020-03-22" ORDER BY antibioticRecipe DESC limit 10
 - 2020-05-15 16:03:46,296
ERROR - 2.3.7 科室门急诊大额处方数分析
页面：{'门诊药房(新院)': '1', '一次性用品库': '0', '急诊内科': '0', '急诊外科(新)': '0', '急诊骨科(新)': '0', '急诊儿科(新)': '0', '外科': '0', '骨科': '0', '发热门诊': '0', '放射科': '0'}
库值：{'门诊药房(新院)': '1', '外科': '0', '骨科': '0', '发热门诊': '0', '放射科': '0', '心电图': '0', '发热门诊药房': '0', '检验科': '0', '一次性用品库': '0', '急诊内科': '0'}
SELECT deptName,largeRecipe from bi_dept_recipe_day WHERE statisticsDate ="2020-03-22" order by largerecipe desc limit 10
 - 2020-05-15 16:03:54,330
INFO - 数据更新时间：2020-03-22 16:04:39 - 2020-05-15 16:04:47,253
INFO - -----------------------------------------------2，门诊分析----------------------------------------------- - 2020-05-15 16:04:49,572
INFO - 2.3门诊处方（2020-03-22) - - - - - - - - - - - - - - - - - - - - - - - - - - - - - - - 2020-05-15 16:04:51,572
ERROR - 2.3.5 科室门急诊抗生素处方数分析
页面：{'门诊药房(新院)': '43', '发热门诊药房': '11', '一次性用品库': '0', '急诊内科': '0', '急诊外科(新)': '0', '急诊骨科(新)': '0', '急诊儿科(新)': '0', '外科': '0', '骨科': '0', '发热门诊': '0'}
库值：{'门诊药房(新院)': '43', '发热门诊药房': '11', '外科': '0', '骨科': '0', '发热门诊': '0', '放射科': '0', '心电图': '0', '检验科': '0', '一次性用品库': '0', '急诊内科': '0'}
SELECT deptName,antibioticRecipe from bi_dept_recipe_day WHERE statisticsDate = "2020-03-22" ORDER BY antibioticRecipe DESC limit 10
 - 2020-05-15 16:05:09,052
ERROR - 2.3.6 科室门急诊药品处方数分析
页面：{'门诊药房(新院)': '151', '发热门诊药房': '16', '一次性用品库': '0', '急诊内科': '0', '急诊外科(新)': '0', '急诊骨科(新)': '0', '急诊儿科(新)': '0', '外科': '0', '骨科': '0', '发热门诊': '0'}
库值：{'门诊药房(新院)': '151', '发热门诊药房': '16', '外科': '0', '骨科': '0', '发热门诊': '0', '放射科': '0', '心电图': '0', '检验科': '0', '一次性用品库': '0', '急诊内科': '0'}
SELECT deptName,drugRecipe from bi_dept_recipe_day WHERE statisticsDate ="2020-03-22" ORDER BY antibioticRecipe DESC limit 10
 - 2020-05-15 16:05:17,734
ERROR - 2.3.7 科室门急诊大额处方数分析
页面：{'门诊药房(新院)': '1', '一次性用品库': '0', '急诊内科': '0', '急诊外科(新)': '0', '急诊骨科(新)': '0', '急诊儿科(新)': '0', '外科': '0', '骨科': '0', '发热门诊': '0', '放射科': '0'}
库值：{'门诊药房(新院)': '1', '外科': '0', '骨科': '0', '发热门诊': '0', '放射科': '0', '心电图': '0', '发热门诊药房': '0', '检验科': '0', '一次性用品库': '0', '急诊内科': '0'}
SELECT deptName,largeRecipe from bi_dept_recipe_day WHERE statisticsDate ="2020-03-22" order by largerecipe desc limit 10
 - 2020-05-15 16:05:25,452
ERROR - 门急诊抗生素处方率
页面：4.8%, 库值：4.80
SELECT round((SELECT a.sum/b.sum*100 from (SELECT sum(antibioticRecipe) sum from bi_hospital_recipe_day WHERE statisticsDate ="2020-03-22")a,(SELECT sum(quantity) sum from bi_hospital_recipe_day WHERE statisticsDate ="2020-03-22")b),2) 
 - 2020-05-15 16:05:36,060
INFO - 2.3.9 门急诊药品处方率，14.84% - 2020-05-15 16:05:44,635
INFO - 2.3.10 门急诊大额处方率，0.09% - 2020-05-15 16:05:52,455
INFO - 数据更新时间：2020-03-22 16:09:29 - 2020-05-15 16:09:38,013
INFO - -----------------------------------------------2，门诊分析----------------------------------------------- - 2020-05-15 16:09:40,133
INFO - 2.1门诊业务（2020-3-22) - - - - - - - - - - - - - - - - - - - - - - - - - - - - - - - 2020-05-15 16:09:40,133
INFO - 2.1.1 门急诊人次(万人)，0.02 - 2020-05-15 16:09:46,995
INFO - 2.1.1 门急诊人次(万人)，同期：0.01 - 2020-05-15 16:09:47,190
INFO - 2.1.1 门急诊人次(万人)，同比：42.11% ↑ - 2020-05-15 16:09:47,412
INFO - 2.1.2 门诊人次(万人)，0.02 - 2020-05-15 16:09:47,611
INFO - 2.1.2 门诊人次(万人)，同期：0.01 - 2020-05-15 16:09:47,804
INFO - 2.1.2 门诊人次(万人)，同比：35.00% ↑ - 2020-05-15 16:09:48,033
INFO - 2.1.3 急诊人次(万人)，0 - 2020-05-15 16:09:48,236
INFO - 2.1.3 急诊人次(万人)，同期：0.01 - 2020-05-15 16:09:48,449
INFO - 2.1.3 急诊人次(万人)，同比：-100.00% ↓ - 2020-05-15 16:09:48,663
INFO - 2.1.4 门急诊退号率，7.43% - 2020-05-15 16:09:48,947
ERROR - 2.1.4 门急诊退号率，页面值（7.43%），库值（10.00%）
SELECT sum(backRegisterRatio) from bi_outpatient_yard where statisticsDate="2019-3-22"
 - 2020-05-15 16:09:49,137
INFO - 2.1.4 门急诊退号率，同比：-25.70% ↓ - 2020-05-15 16:09:49,340
INFO - 2.3门诊处方（2020-3-22) - - - - - - - - - - - - - - - - - - - - - - - - - - - - - - - 2020-05-15 16:09:49,369
INFO - 数据更新时间：2020-03-22 16:10:13 - 2020-05-15 16:10:22,162
INFO - -----------------------------------------------2，门诊分析----------------------------------------------- - 2020-05-15 16:10:24,294
INFO - 2.1门诊业务（2020-3-22) - - - - - - - - - - - - - - - - - - - - - - - - - - - - - - - 2020-05-15 16:10:24,294
INFO - 2.1.1 门急诊人次(万人)，0.02 - 2020-05-15 16:10:31,266
INFO - 2.1.1 门急诊人次(万人)，同期：0.01 - 2020-05-15 16:10:31,502
INFO - 2.1.1 门急诊人次(万人)，同比：42.11% ↑ - 2020-05-15 16:10:31,737
INFO - 2.1.2 门诊人次(万人)，0.02 - 2020-05-15 16:10:31,985
INFO - 2.1.2 门诊人次(万人)，同期：0.01 - 2020-05-15 16:10:32,187
INFO - 2.1.2 门诊人次(万人)，同比：35.00% ↑ - 2020-05-15 16:10:32,427
INFO - 2.1.3 急诊人次(万人)，0 - 2020-05-15 16:10:32,635
INFO - 2.1.3 急诊人次(万人)，同期：0.01 - 2020-05-15 16:10:32,911
INFO - 2.1.3 急诊人次(万人)，同比：-100.00% ↓ - 2020-05-15 16:10:33,121
INFO - 2.1.4 门急诊退号率，7.43% - 2020-05-15 16:10:33,360
ERROR - 2.1.4 门急诊退号率，页面值（7.43%），库值（10.00%）
SELECT sum(backRegisterRatio) from bi_outpatient_yard where statisticsDate="2019-3-22"
 - 2020-05-15 16:10:33,599
INFO - 2.1.4 门急诊退号率，同比：-25.70% ↓ - 2020-05-15 16:10:33,842
INFO - 2.3门诊处方（2020-3-22) - - - - - - - - - - - - - - - - - - - - - - - - - - - - - - - 2020-05-15 16:10:33,918
INFO - 2.3.1 门急诊处方数(张)，1125 - 2020-05-15 16:10:41,215
INFO - 2.3.1 门急诊处方数(张)，同期：39 - 2020-05-15 16:10:41,465
INFO - 2.3.1 门急诊处方数(张)，同比：2784.62% ↑ - 2020-05-15 16:10:41,714
INFO - 2.3.2 门急诊抗生素处方数(张)，54 - 2020-05-15 16:10:41,963
INFO - 2.3.2 门急诊抗生素处方数(张)，同期：0 - 2020-05-15 16:10:42,207
INFO - 2.3.2 门急诊抗生素处方数(张)，同比：0.00% - - 2020-05-15 16:10:42,467
INFO - 2.3.3 门急诊药品处方数(张)，167 - 2020-05-15 16:10:42,734
INFO - 2.3.3 门急诊药品处方数(张)，同期：39 - 2020-05-15 16:10:43,052
INFO - 2.3.3 门急诊药品处方数(张)，同比：328.21% ↑ - 2020-05-15 16:10:43,280
INFO - 2.3.4 门急诊大额处方数(张)，1 - 2020-05-15 16:10:43,525
INFO - 2.3.4 门急诊大额处方数(张)，同期：27 - 2020-05-15 16:10:43,774
INFO - 2.3.4 门急诊大额处方数(张)，同比：-96.30% ↓ - 2020-05-15 16:10:44,044
ERROR - 2.3.5 科室门急诊抗生素处方数分析
页面：{'门诊药房(新院)': '43', '发热门诊药房': '11', '一次性用品库': '0', '急诊内科': '0', '急诊外科(新)': '0', '急诊骨科(新)': '0', '急诊儿科(新)': '0', '外科': '0', '骨科': '0', '发热门诊': '0'}
库值：{'门诊药房(新院)': '43', '发热门诊药房': '11', '外科': '0', '骨科': '0', '发热门诊': '0', '放射科': '0', '心电图': '0', '检验科': '0', '一次性用品库': '0', '急诊内科': '0'}
SELECT deptName,antibioticRecipe from bi_dept_recipe_day WHERE statisticsDate = "2020-3-22" ORDER BY antibioticRecipe DESC limit 10
 - 2020-05-15 16:10:56,419
INFO - 数据更新时间：2020-03-22 16:13:47 - 2020-05-15 16:13:55,996
INFO - -----------------------------------------------2，门诊分析----------------------------------------------- - 2020-05-15 16:13:58,129
INFO - 2.1门诊业务（2020-3-22) - - - - - - - - - - - - - - - - - - - - - - - - - - - - - - - 2020-05-15 16:13:58,129
INFO - 2.1.1 门急诊人次(万人)，0.02 - 2020-05-15 16:14:05,106
INFO - 2.1.1 门急诊人次(万人)，同期：0.01 - 2020-05-15 16:14:05,353
INFO - 2.1.1 门急诊人次(万人)，同比：42.11% ↑ - 2020-05-15 16:14:05,601
INFO - 2.1.2 门诊人次(万人)，0.02 - 2020-05-15 16:14:05,830
INFO - 2.1.2 门诊人次(万人)，同期：0.01 - 2020-05-15 16:14:06,073
INFO - 2.1.2 门诊人次(万人)，同比：35.00% ↑ - 2020-05-15 16:14:06,356
INFO - 2.1.3 急诊人次(万人)，0 - 2020-05-15 16:14:06,575
INFO - 2.1.3 急诊人次(万人)，同期：0.01 - 2020-05-15 16:14:06,813
INFO - 2.1.3 急诊人次(万人)，同比：-100.00% ↓ - 2020-05-15 16:14:07,058
INFO - 2.1.4 门急诊退号率，7.43% - 2020-05-15 16:14:07,292
ERROR - 2.1.4 门急诊退号率，页面值（7.43%），库值（10.00%）
SELECT sum(backRegisterRatio) from bi_outpatient_yard where statisticsDate="2019-3-22"
 - 2020-05-15 16:14:07,522
INFO - 2.1.4 门急诊退号率，同比：-25.70% ↓ - 2020-05-15 16:14:07,756
INFO - 2.3门诊处方（2020-3-22) - - - - - - - - - - - - - - - - - - - - - - - - - - - - - - - 2020-05-15 16:14:07,811
INFO - 2.3.1 门急诊处方数(张)，1125 - 2020-05-15 16:14:15,076
INFO - 2.3.1 门急诊处方数(张)，同期：39 - 2020-05-15 16:14:15,337
INFO - 2.3.1 门急诊处方数(张)，同比：2784.62% ↑ - 2020-05-15 16:14:15,592
INFO - 2.3.2 门急诊抗生素处方数(张)，54 - 2020-05-15 16:14:15,840
INFO - 2.3.2 门急诊抗生素处方数(张)，同期：0 - 2020-05-15 16:14:16,132
INFO - 2.3.2 门急诊抗生素处方数(张)，同比：0.00% - - 2020-05-15 16:14:16,378
INFO - 2.3.3 门急诊药品处方数(张)，167 - 2020-05-15 16:14:16,628
INFO - 2.3.3 门急诊药品处方数(张)，同期：39 - 2020-05-15 16:14:16,938
INFO - 2.3.3 门急诊药品处方数(张)，同比：328.21% ↑ - 2020-05-15 16:14:17,190
INFO - 2.3.4 门急诊大额处方数(张)，1 - 2020-05-15 16:14:17,439
INFO - 2.3.4 门急诊大额处方数(张)，同期：27 - 2020-05-15 16:14:17,705
INFO - 2.3.4 门急诊大额处方数(张)，同比：-96.30% ↓ - 2020-05-15 16:14:17,984
ERROR - 2.3.5 科室门急诊抗生素处方数分析
页面：{'门诊药房(新院)': '43', '发热门诊药房': '11', '一次性用品库': '0', '急诊内科': '0', '急诊外科(新)': '0', '急诊骨科(新)': '0', '急诊儿科(新)': '0', '外科': '0', '骨科': '0', '发热门诊': '0'}
库值：{'门诊药房(新院)': '43', '发热门诊药房': '11', '外科': '0', '骨科': '0', '发热门诊': '0', '放射科': '0', '心电图': '0', '检验科': '0', '一次性用品库': '0', '急诊内科': '0'}
SELECT deptName,antibioticRecipe from bi_dept_recipe_day WHERE statisticsDate = "2020-3-22" ORDER BY antibioticRecipe DESC limit 10
 - 2020-05-15 16:14:30,363
ERROR - 2.3.6 科室门急诊药品处方数分析
页面：{'门诊药房(新院)': '151', '发热门诊药房': '16', '一次性用品库': '0', '急诊内科': '0', '急诊外科(新)': '0', '急诊骨科(新)': '0', '急诊儿科(新)': '0', '外科': '0', '骨科': '0', '发热门诊': '0'}
库值：{'门诊药房(新院)': '151', '发热门诊药房': '16', '外科': '0', '骨科': '0', '发热门诊': '0', '放射科': '0', '心电图': '0', '检验科': '0', '一次性用品库': '0', '急诊内科': '0'}
SELECT deptName,drugRecipe from bi_dept_recipe_day WHERE statisticsDate ="2020-3-22" ORDER BY antibioticRecipe DESC limit 10
 - 2020-05-15 16:14:41,050
ERROR - 2.3.7 科室门急诊大额处方数分析
页面：{'门诊药房(新院)': '1', '一次性用品库': '0', '急诊内科': '0', '急诊外科(新)': '0', '急诊骨科(新)': '0', '急诊儿科(新)': '0', '外科': '0', '骨科': '0', '发热门诊': '0', '放射科': '0'}
库值：{'门诊药房(新院)': '1', '外科': '0', '骨科': '0', '发热门诊': '0', '放射科': '0', '心电图': '0', '发热门诊药房': '0', '检验科': '0', '一次性用品库': '0', '急诊内科': '0'}
SELECT deptName,largeRecipe from bi_dept_recipe_day WHERE statisticsDate ="2020-3-22" order by largerecipe desc limit 10
 - 2020-05-15 16:14:50,421
INFO - 数据更新时间：2020-03-22 16:21:12 - 2020-05-15 16:21:21,190
INFO - -----------------------------------------------2，门诊分析----------------------------------------------- - 2020-05-15 16:21:23,446
INFO - 2.1门诊业务（2020-3-22) - - - - - - - - - - - - - - - - - - - - - - - - - - - - - - - 2020-05-15 16:21:23,446
INFO - 2.1.1 门急诊人次(万人)，0.02 - 2020-05-15 16:21:30,473
INFO - 数据更新时间：2020-03-22 16:23:44 - 2020-05-15 16:23:52,618
INFO - -----------------------------------------------2，门诊分析----------------------------------------------- - 2020-05-15 16:23:54,760
INFO - 2.1门诊业务（2020-3-22) - - - - - - - - - - - - - - - - - - - - - - - - - - - - - - - 2020-05-15 16:23:54,760
INFO - 2.1.1 门急诊人次(万人)，0.02 - 2020-05-15 16:24:01,933
INFO - 2.1.1 门急诊人次(万人)，同期：0.01 - 2020-05-15 16:24:02,171
INFO - 2.1.1 门急诊人次(万人)，同比：42.11% ↑ - 2020-05-15 16:24:02,389
INFO - 2.1.2 门诊人次(万人)，0.02 - 2020-05-15 16:24:02,612
INFO - 2.1.2 门诊人次(万人)，同期：0.01 - 2020-05-15 16:24:02,846
INFO - 2.1.2 门诊人次(万人)，同比：35.00% ↑ - 2020-05-15 16:24:03,150
INFO - 2.1.3 急诊人次(万人)，0 - 2020-05-15 16:24:03,380
INFO - 2.1.3 急诊人次(万人)，同期：0.01 - 2020-05-15 16:24:03,612
INFO - 2.1.3 急诊人次(万人)，同比：-100.00% ↓ - 2020-05-15 16:24:03,826
INFO - 2.1.4 门急诊退号率，7.43% - 2020-05-15 16:24:04,146
ERROR - 2.1.4 门急诊退号率，页面值（7.43%），库值（10.00%）
SELECT sum(backRegisterRatio) from bi_outpatient_yard where statisticsDate="2019-3-22"
 - 2020-05-15 16:24:04,363
INFO - 2.1.4 门急诊退号率，同比：-25.70% ↓ - 2020-05-15 16:24:04,587
INFO - 2.3门诊处方（2020-3-22) - - - - - - - - - - - - - - - - - - - - - - - - - - - - - - - 2020-05-15 16:24:04,646
INFO - 2.3.1 门急诊处方数(张)，1125 - 2020-05-15 16:24:12,075
INFO - 2.3.1 门急诊处方数(张)，同期：39 - 2020-05-15 16:24:12,360
INFO - 2.3.1 门急诊处方数(张)，同比：2784.62% ↑ - 2020-05-15 16:24:12,660
INFO - 2.3.2 门急诊抗生素处方数(张)，54 - 2020-05-15 16:24:13,027
INFO - 2.3.2 门急诊抗生素处方数(张)，同期：0 - 2020-05-15 16:24:13,308
INFO - 2.3.2 门急诊抗生素处方数(张)，同比：0.00% - - 2020-05-15 16:24:13,610
INFO - 2.3.3 门急诊药品处方数(张)，167 - 2020-05-15 16:24:13,950
INFO - 2.3.3 门急诊药品处方数(张)，同期：39 - 2020-05-15 16:24:14,238
INFO - 2.3.3 门急诊药品处方数(张)，同比：328.21% ↑ - 2020-05-15 16:24:14,477
INFO - 2.3.4 门急诊大额处方数(张)，1 - 2020-05-15 16:24:14,728
INFO - 2.3.4 门急诊大额处方数(张)，同期：27 - 2020-05-15 16:24:15,016
INFO - 2.3.4 门急诊大额处方数(张)，同比：-96.30% ↓ - 2020-05-15 16:24:15,254
ERROR - 2.3.5 科室门急诊抗生素处方数分析
页面：{'门诊药房(新院)': '43', '发热门诊药房': '11', '一次性用品库': '0', '急诊内科': '0', '急诊外科(新)': '0', '急诊骨科(新)': '0', '急诊儿科(新)': '0', '外科': '0', '骨科': '0', '发热门诊': '0'}
库值：{'门诊药房(新院)': '43', '发热门诊药房': '11', '外科': '0', '骨科': '0', '发热门诊': '0', '放射科': '0', '心电图': '0', '检验科': '0', '一次性用品库': '0', '急诊内科': '0'}
SELECT deptName,antibioticRecipe from bi_dept_recipe_day WHERE statisticsDate = "2020-3-22" ORDER BY antibioticRecipe DESC limit 10
 - 2020-05-15 16:24:28,044
ERROR - 2.3.6 科室门急诊药品处方数分析
页面：{'门诊药房(新院)': '151', '发热门诊药房': '16', '一次性用品库': '0', '急诊内科': '0', '急诊外科(新)': '0', '急诊骨科(新)': '0', '急诊儿科(新)': '0', '外科': '0', '骨科': '0', '发热门诊': '0'}
库值：{'门诊药房(新院)': '151', '发热门诊药房': '16', '外科': '0', '骨科': '0', '发热门诊': '0', '放射科': '0', '心电图': '0', '检验科': '0', '一次性用品库': '0', '急诊内科': '0'}
SELECT deptName,drugRecipe from bi_dept_recipe_day WHERE statisticsDate ="2020-3-22" ORDER BY antibioticRecipe DESC limit 10
 - 2020-05-15 16:24:37,624
ERROR - 2.3.7 科室门急诊大额处方数分析
页面：{'门诊药房(新院)': '1', '一次性用品库': '0', '急诊内科': '0', '急诊外科(新)': '0', '急诊骨科(新)': '0', '急诊儿科(新)': '0', '外科': '0', '骨科': '0', '发热门诊': '0', '放射科': '0'}
库值：{'门诊药房(新院)': '1', '外科': '0', '骨科': '0', '发热门诊': '0', '放射科': '0', '心电图': '0', '发热门诊药房': '0', '检验科': '0', '一次性用品库': '0', '急诊内科': '0'}
SELECT deptName,largeRecipe from bi_dept_recipe_day WHERE statisticsDate ="2020-3-22" order by largerecipe desc limit 10
 - 2020-05-15 16:24:47,166
ERROR - 门急诊抗生素处方率
页面：4.8%, 库值：4.80

 - 2020-05-15 16:24:56,700
INFO - 2.3.9 门急诊药品处方率，14.84% - 2020-05-15 16:25:06,254
INFO - 2.3.10 门急诊大额处方率，0.09% - 2020-05-15 16:25:15,967
INFO - None - 2020-05-15 16:43:37,825
INFO - -----------------------------------------------2，门诊分析----------------------------------------------- - 2020-05-15 16:43:48,144
INFO - 2.1门诊业务（2020-3-22) - - - - - - - - - - - - - - - - - - - - - - - - - - - - - - - 2020-05-15 16:43:48,144
INFO - 数据更新时间：2020-05-15 16:44:25 - 2020-05-15 16:44:29,951
INFO - -----------------------------------------------2，门诊分析----------------------------------------------- - 2020-05-15 16:44:32,086
INFO - 2.1门诊业务（2020-3-22) - - - - - - - - - - - - - - - - - - - - - - - - - - - - - - - 2020-05-15 16:44:32,086
ERROR - 2.1.1 门急诊人次(万人)页面值（0），库值（0.02）
select round((SELECT sum(outPCount)/10000 from bi_outpatient_yard where statisticsDate ="2020-3-22"),2)
 - 2020-05-15 16:44:39,060
ERROR - 2.1.1 门急诊人次(万人)页面值（0），库值（0.01）
select round((SELECT sum(outPCount)/10000 from bi_outpatient_yard where statisticsDate ="2019-3-22"),2)
 - 2020-05-15 16:44:39,317
INFO - 数据更新时间：2020-03-22 16:50:31 - 2020-05-15 16:50:39,596
INFO - -----------------------------------------------2，门诊分析----------------------------------------------- - 2020-05-15 16:50:41,730
INFO - 2.1门诊业务（2020-3-22) - - - - - - - - - - - - - - - - - - - - - - - - - - - - - - - 2020-05-15 16:50:41,730
INFO - 2.1.1 门急诊人次(万人)，0.02 - 2020-05-15 16:50:48,650
INFO - 2.1.1 门急诊人次(万人)，同期：0.01 - 2020-05-15 16:50:48,919
INFO - 2.1.1 门急诊人次(万人)，同比：42.11% ↑ - 2020-05-15 16:50:49,193
INFO - 2.1.2 门诊人次(万人)，0.02 - 2020-05-15 16:50:49,449
INFO - 2.1.2 门诊人次(万人)，同期：0.01 - 2020-05-15 16:50:49,713
INFO - 2.1.2 门诊人次(万人)，同比：35.00% ↑ - 2020-05-15 16:50:49,979
INFO - 2.1.3 急诊人次(万人)，0 - 2020-05-15 16:50:50,236
INFO - 2.1.3 急诊人次(万人)，同期：0.01 - 2020-05-15 16:50:50,492
INFO - 2.1.3 急诊人次(万人)，同比：-100.00% ↓ - 2020-05-15 16:50:50,790
INFO - 2.1.4 门急诊退号率，7.43% - 2020-05-15 16:50:51,044
ERROR - 2.1.4 门急诊退号率，页面值（7.43%），库值（10.00%）
SELECT sum(backRegisterRatio) from bi_outpatient_yard where statisticsDate="2019-3-22"
 - 2020-05-15 16:50:51,302
INFO - 2.1.4 门急诊退号率，同比：-25.70% ↓ - 2020-05-15 16:50:51,559
INFO - 2.3门诊处方（2020-3-22) - - - - - - - - - - - - - - - - - - - - - - - - - - - - - - - 2020-05-15 16:50:51,644
INFO - 2.3.1 门急诊处方数(张)，1125 - 2020-05-15 16:50:58,951
INFO - 2.3.1 门急诊处方数(张)，同期：39 - 2020-05-15 16:50:59,223
INFO - 2.3.1 门急诊处方数(张)，同比：2784.62% ↑ - 2020-05-15 16:50:59,496
INFO - 2.3.2 门急诊抗生素处方数(张)，54 - 2020-05-15 16:50:59,768
INFO - 2.3.2 门急诊抗生素处方数(张)，同期：0 - 2020-05-15 16:51:00,058
INFO - 2.3.2 门急诊抗生素处方数(张)，同比：0.00% - - 2020-05-15 16:51:00,327
INFO - 2.3.3 门急诊药品处方数(张)，167 - 2020-05-15 16:51:00,609
INFO - 2.3.3 门急诊药品处方数(张)，同期：39 - 2020-05-15 16:51:00,885
INFO - 2.3.3 门急诊药品处方数(张)，同比：328.21% ↑ - 2020-05-15 16:51:01,154
INFO - 2.3.4 门急诊大额处方数(张)，1 - 2020-05-15 16:51:01,428
INFO - 2.3.4 门急诊大额处方数(张)，同期：27 - 2020-05-15 16:51:01,703
INFO - 2.3.4 门急诊大额处方数(张)，同比：-96.30% ↓ - 2020-05-15 16:51:01,969
ERROR - 2.3.5 科室门急诊抗生素处方数分析
页面：{'门诊药房(新院)': '43', '发热门诊药房': '11', '一次性用品库': '0', '急诊内科': '0', '急诊外科(新)': '0', '急诊骨科(新)': '0', '急诊儿科(新)': '0', '外科': '0', '骨科': '0', '发热门诊': '0'}
库值：{'门诊药房(新院)': '43', '发热门诊药房': '11', '外科': '0', '骨科': '0', '发热门诊': '0', '放射科': '0', '心电图': '0', '检验科': '0', '一次性用品库': '0', '急诊内科': '0'}
SELECT deptName,antibioticRecipe from bi_dept_recipe_day WHERE statisticsDate = "2020-3-22" ORDER BY antibioticRecipe DESC limit 10
 - 2020-05-15 16:51:13,045
ERROR - 2.3.6 科室门急诊药品处方数分析
页面：{'门诊药房(新院)': '151', '发热门诊药房': '16', '一次性用品库': '0', '急诊内科': '0', '急诊外科(新)': '0', '急诊骨科(新)': '0', '急诊儿科(新)': '0', '外科': '0', '骨科': '0', '发热门诊': '0'}
库值：{'门诊药房(新院)': '151', '发热门诊药房': '16', '外科': '0', '骨科': '0', '发热门诊': '0', '放射科': '0', '心电图': '0', '检验科': '0', '一次性用品库': '0', '急诊内科': '0'}
SELECT deptName,drugRecipe from bi_dept_recipe_day WHERE statisticsDate ="2020-3-22" ORDER BY antibioticRecipe DESC limit 10
 - 2020-05-15 16:51:22,734
ERROR - 2.3.7 科室门急诊大额处方数分析
页面：{'门诊药房(新院)': '1', '一次性用品库': '0', '急诊内科': '0', '急诊外科(新)': '0', '急诊骨科(新)': '0', '急诊儿科(新)': '0', '外科': '0', '骨科': '0', '发热门诊': '0', '放射科': '0'}
库值：{'门诊药房(新院)': '1', '外科': '0', '骨科': '0', '发热门诊': '0', '放射科': '0', '心电图': '0', '发热门诊药房': '0', '检验科': '0', '一次性用品库': '0', '急诊内科': '0'}
SELECT deptName,largeRecipe from bi_dept_recipe_day WHERE statisticsDate ="2020-3-22" order by largerecipe desc limit 10
 - 2020-05-15 16:51:32,418
ERROR - 门急诊抗生素处方率
页面：4.8%, 库值：4.80

 - 2020-05-15 16:51:41,251
INFO - 2.3.9 门急诊药品处方率，14.84% - 2020-05-15 16:51:51,093
INFO - 2.3.10 门急诊大额处方率，0.09% - 2020-05-15 16:52:02,752
INFO - 2.4门诊收入（2020-3-22) - - - - - - - - - - - - - - - - - - - - - - - - - - - - - - - 2020-05-15 16:52:02,836
INFO - 2.4.1 门急诊收入(万元)，6.65 - 2020-05-15 16:52:10,366
ERROR - 2.4.1 门急诊收入(万元)页面值（2），库值（2.00）
SELECT ROUND((SELECT sum(outPAccount)/10000 from bi_outpatient_yard where statisticsDate ="2019-3-22"),2)
 - 2020-05-15 16:52:10,804
INFO - 2.4.1 门急诊收入(万元)，同比：232.64% ↑ - 2020-05-15 16:52:11,229
INFO - 2.4.2 门诊收入(万元)，5.54 - 2020-05-15 16:52:11,636
ERROR - 2.4.2 门诊收入(万元)页面值（1），库值（1.00）
SELECT round(
(SELECT sum(outpatientAccount)/10000
from bi_outpatient_yard 
where statisticsDate ="2019-3-22"),2)
 - 2020-05-15 16:52:12,038
INFO - 2.4.2 门诊收入(万元)，同比：453.81% ↑ - 2020-05-15 16:52:12,459
INFO - 2.4.3 急诊收入(万元)，0 - 2020-05-15 16:52:12,835
ERROR - 2.4.3 急诊收入(万元)页面值（1），库值（1.00）
SELECT ROUND((SELECT sum(emergencyAccount)/10000 from bi_outpatient_yard where statisticsDate ="2019-3-22"),2)
 - 2020-05-15 16:52:13,224
INFO - 2.4.3 急诊收入(万元)，同比：-100.00% ↓ - 2020-05-15 16:52:13,606
INFO - 2.4.4 门急诊均次费(元)，380.16 - 2020-05-15 16:52:13,995
INFO - 2.4.4 门急诊均次费(元)，同期：133.33 - 2020-05-15 16:52:14,367
INFO - 2.4.4 门急诊均次费(元)，同比：185.12% ↑ - 2020-05-15 16:52:14,754
INFO - 2.4.5 门急诊药品收入(万元)，2.59 - 2020-05-15 16:52:15,111
ERROR - 2.4.5 门急诊药品收入(万元)页面值（0.2），库值（0.20）
SELECT round((SELECT sum(outPMedicateAccount)/10000 from bi_outpatient_yard where statisticsDate ="2019-3-22"),2)
 - 2020-05-15 16:52:15,475
INFO - 2.4.5 门急诊药品收入(万元)，同比：1195.11% ↑ - 2020-05-15 16:52:15,836
INFO - 2.4.6 门急诊药占比，38.93% - 2020-05-15 16:52:16,197
ERROR - 2.4.6 门急诊药占比，页面值（38.93%），库值（10.00%）
SELECT round((SELECT sum(outPMedicateRatio) from bi_outpatient_yard where statisticsDate ="2019-3-22"),2)
 - 2020-05-15 16:52:16,559
ERROR - 2.4.6 门急诊药占比，同比，页面值（289.30% ↑），库值（289.3）

 - 2020-05-15 16:52:16,921
INFO - 数据更新时间：2020-03-22 17:04:33 - 2020-05-15 17:04:41,598
INFO - -----------------------------------------------2，门诊分析----------------------------------------------- - 2020-05-15 17:04:43,719
INFO - 2.1门诊业务（2020-3-22) - - - - - - - - - - - - - - - - - - - - - - - - - - - - - - - 2020-05-15 17:04:43,719
INFO - 2.1.1 门急诊人次(万人)，0.02 - 2020-05-15 17:04:50,692
INFO - 2.1.1 门急诊人次(万人)，同期：0.01 - 2020-05-15 17:04:50,958
INFO - 2.1.1 门急诊人次(万人)，同比：42.11% ↑ - 2020-05-15 17:04:51,231
INFO - 2.1.2 门诊人次(万人)，0.02 - 2020-05-15 17:04:51,488
INFO - 2.1.2 门诊人次(万人)，同期：0.01 - 2020-05-15 17:04:51,753
INFO - 2.1.2 门诊人次(万人)，同比：35.00% ↑ - 2020-05-15 17:04:52,002
INFO - 2.1.3 急诊人次(万人)，0 - 2020-05-15 17:04:52,267
INFO - 2.1.3 急诊人次(万人)，同期：0.01 - 2020-05-15 17:04:52,517
INFO - 2.1.3 急诊人次(万人)，同比：-100.00% ↓ - 2020-05-15 17:04:52,822
INFO - 2.1.4 门急诊退号率，7.43% - 2020-05-15 17:04:53,049
ERROR - 2.1.4 门急诊退号率，页面值（7.43%），库值（10.00%）
SELECT sum(backRegisterRatio) from bi_outpatient_yard where statisticsDate="2019-3-22"
 - 2020-05-15 17:04:53,338
INFO - 2.1.4 门急诊退号率，同比：-25.70% ↓ - 2020-05-15 17:04:53,572
INFO - 2.3门诊处方（2020-3-22) - - - - - - - - - - - - - - - - - - - - - - - - - - - - - - - 2020-05-15 17:04:53,660
INFO - 2.3.1 门急诊处方数(张)，1125 - 2020-05-15 17:05:00,906
INFO - 2.3.1 门急诊处方数(张)，同期：39 - 2020-05-15 17:05:01,175
INFO - 2.3.1 门急诊处方数(张)，同比：2784.62% ↑ - 2020-05-15 17:05:01,465
INFO - 2.3.2 门急诊抗生素处方数(张)，54 - 2020-05-15 17:05:01,748
INFO - 2.3.2 门急诊抗生素处方数(张)，同期：0 - 2020-05-15 17:05:02,040
INFO - 2.3.2 门急诊抗生素处方数(张)，同比：0.00% - - 2020-05-15 17:05:02,306
INFO - 2.3.3 门急诊药品处方数(张)，167 - 2020-05-15 17:05:02,619
INFO - 2.3.3 门急诊药品处方数(张)，同期：39 - 2020-05-15 17:05:02,917
INFO - 2.3.3 门急诊药品处方数(张)，同比：328.21% ↑ - 2020-05-15 17:05:03,174
INFO - 2.3.4 门急诊大额处方数(张)，1 - 2020-05-15 17:05:03,445
INFO - 2.3.4 门急诊大额处方数(张)，同期：27 - 2020-05-15 17:05:03,728
INFO - 2.3.4 门急诊大额处方数(张)，同比：-96.30% ↓ - 2020-05-15 17:05:04,015
INFO - 2.3.5 科室门急诊抗生素处方数分析，{'门诊药房(新院)': '43', '发热门诊药房': '11', '外科': '0', '骨科': '0', '发热门诊': '0', '放射科': '0', '心电图': '0', '检验科': '0', '一次性用品库': '0', '急诊内科': '0'} - 2020-05-15 17:05:15,333
INFO - 2.3.6 科室门急诊药品处方数分析，{'门诊药房(新院)': '151', '发热门诊药房': '16', '外科': '0', '骨科': '0', '发热门诊': '0', '放射科': '0', '心电图': '0', '检验科': '0', '一次性用品库': '0', '急诊内科': '0'} - 2020-05-15 17:05:24,157
INFO - 2.3.7 科室门急诊大额处方数分析，{'门诊药房(新院)': '1', '外科': '0', '骨科': '0', '发热门诊': '0', '放射科': '0', '心电图': '0', '发热门诊药房': '0', '检验科': '0', '一次性用品库': '0', '急诊内科': '0'} - 2020-05-15 17:05:32,788
ERROR - 门急诊抗生素处方率
页面：4.8%, 库值：4.80

 - 2020-05-15 17:05:41,430
INFO - 2.3.9 门急诊药品处方率，14.84% - 2020-05-15 17:05:52,038
INFO - 2.3.10 门急诊大额处方率，0.09% - 2020-05-15 17:06:02,957
INFO - 2.4门诊收入（2020-3-22) - - - - - - - - - - - - - - - - - - - - - - - - - - - - - - - 2020-05-15 17:06:03,071
INFO - 2.4.1 门急诊收入(万元)，6.65 - 2020-05-15 17:06:10,651
ERROR - 2.4.1 门急诊收入(万元)页面值（2），库值（2.00）
SELECT ROUND((SELECT sum(outPAccount)/10000 from bi_outpatient_yard where statisticsDate ="2019-3-22"),2)
 - 2020-05-15 17:06:11,116
INFO - 2.4.1 门急诊收入(万元)，同比：232.64% ↑ - 2020-05-15 17:06:11,579
INFO - 2.4.2 门诊收入(万元)，5.54 - 2020-05-15 17:06:12,039
ERROR - 2.4.2 门诊收入(万元)页面值（1），库值（1.00）
SELECT round(
(SELECT sum(outpatientAccount)/10000
from bi_outpatient_yard 
where statisticsDate ="2019-3-22"),2)
 - 2020-05-15 17:06:12,528
INFO - 2.4.2 门诊收入(万元)，同比：453.81% ↑ - 2020-05-15 17:06:12,973
INFO - 2.4.3 急诊收入(万元)，0 - 2020-05-15 17:06:13,400
ERROR - 2.4.3 急诊收入(万元)页面值（1），库值（1.00）
SELECT ROUND((SELECT sum(emergencyAccount)/10000 from bi_outpatient_yard where statisticsDate ="2019-3-22"),2)
 - 2020-05-15 17:06:13,814
INFO - 2.4.3 急诊收入(万元)，同比：-100.00% ↓ - 2020-05-15 17:06:14,218
INFO - 2.4.4 门急诊均次费(元)，380.16 - 2020-05-15 17:06:14,634
INFO - 2.4.4 门急诊均次费(元)，同期：133.33 - 2020-05-15 17:06:15,061
INFO - 2.4.4 门急诊均次费(元)，同比：185.12% ↑ - 2020-05-15 17:06:15,420
INFO - 2.4.5 门急诊药品收入(万元)，2.59 - 2020-05-15 17:06:15,789
ERROR - 2.4.5 门急诊药品收入(万元)页面值（0.2），库值（0.20）
SELECT round((SELECT sum(outPMedicateAccount)/10000 from bi_outpatient_yard where statisticsDate ="2019-3-22"),2)
 - 2020-05-15 17:06:16,149
INFO - 2.4.5 门急诊药品收入(万元)，同比：1195.11% ↑ - 2020-05-15 17:06:16,488
INFO - 2.4.6 门急诊药占比，38.93% - 2020-05-15 17:06:16,850
ERROR - 2.4.6 门急诊药占比，页面值（38.93%），库值（10.00%）
SELECT round((SELECT sum(outPMedicateRatio) from bi_outpatient_yard where statisticsDate ="2019-3-22"),2)
 - 2020-05-15 17:06:17,197
ERROR - 2.4.6 门急诊药占比，同比，页面值（289.30% ↑），库值（289.3）

 - 2020-05-15 17:06:17,565
INFO - 2.4.7 门急诊均次药品费用(元)，148.01 - 2020-05-15 17:06:17,964
ERROR - 2.4.7 门急诊均次药品费用(元)页面值（100），库值（13.33）
SELECT round(
(SELECT sum(outPMedicateAccount/registerCount)
from bi_outpatient_yard 
where statisticsDate ="2019-3-22"),2)
 - 2020-05-15 17:06:18,347
ERROR - 2.4.7 门急诊均次药品费用(元)，同比，页面值（48.01% ↑），库值（1010.35）

 - 2020-05-15 17:06:18,716
INFO - 数据更新时间：2020-03-22 17:14:54 - 2020-05-15 17:15:03,370
INFO - 2.4 门诊收入/bi/outpatientAnalysis/outpatientIncome（) - - - - - - - - - - - - - - - - - - - - - - - - - - - - - - - 2020-05-15 17:15:03,370
INFO - 数据更新时间：2020-03-22 17:16:00 - 2020-05-15 17:16:08,802
INFO - -----------------------------------------------2，门诊分析----------------------------------------------- - 2020-05-15 17:16:10,930
INFO - 2.4 门诊收入/bi/outpatientAnalysis/outpatientIncome（) - - - - - - - - - - - - - - - - - - - - - - - - - - - - - - - 2020-05-15 17:16:10,930
INFO - 数据更新时间：2020-03-22 17:16:58 - 2020-05-15 17:17:07,420
INFO - -----------------------------------------------2，门诊分析----------------------------------------------- - 2020-05-15 17:17:09,530
INFO - 2.4门诊收入（2020-03-22) - - - - - - - - - - - - - - - - - - - - - - - - - - - - - - - 2020-05-15 17:17:09,530
INFO - 数据更新时间：2020-03-22 17:22:01 - 2020-05-15 17:22:10,370
INFO - -----------------------------------------------2，门诊分析----------------------------------------------- - 2020-05-15 17:22:12,465
INFO - 2.4门诊收入（2020-03-22) - - - - - - - - - - - - - - - - - - - - - - - - - - - - - - - 2020-05-15 17:22:12,465
INFO - 数据更新时间：2020-03-22 17:32:19 - 2020-05-15 17:32:28,154
INFO - -----------------------------------------------2，门诊分析----------------------------------------------- - 2020-05-15 17:32:30,270
INFO - 2.4门诊收入（2020-03-22) - - - - - - - - - - - - - - - - - - - - - - - - - - - - - - - 2020-05-15 17:32:30,270
INFO - 数据更新时间：2020-03-22 17:34:52 - 2020-05-15 17:35:01,296
INFO - -----------------------------------------------2，门诊分析----------------------------------------------- - 2020-05-15 17:35:03,401
INFO - 2.4门诊收入（2020-03-22) - - - - - - - - - - - - - - - - - - - - - - - - - - - - - - - 2020-05-15 17:35:03,401
INFO - 数据更新时间：2020-03-22 17:36:17 - 2020-05-15 17:36:25,774
INFO - -----------------------------------------------2，门诊分析----------------------------------------------- - 2020-05-15 17:36:27,897
INFO - 2.4门诊收入（2020-03-22) - - - - - - - - - - - - - - - - - - - - - - - - - - - - - - - 2020-05-15 17:36:27,897
INFO - 数据更新时间：2020-03-22 17:48:59 - 2020-05-15 17:49:07,727
INFO - -----------------------------------------------2，门诊分析----------------------------------------------- - 2020-05-15 17:49:09,840
INFO - 2.4门诊收入（2020-03-22) - - - - - - - - - - - - - - - - - - - - - - - - - - - - - - - 2020-05-15 17:49:09,840
INFO - 数据更新时间：2020-03-22 17:50:07 - 2020-05-15 17:50:16,311
INFO - -----------------------------------------------2，门诊分析----------------------------------------------- - 2020-05-15 17:50:18,455
INFO - 2.4门诊收入（2020-03-22) - - - - - - - - - - - - - - - - - - - - - - - - - - - - - - - 2020-05-15 17:50:18,455
INFO - 数据更新时间：2020-03-22 17:52:38 - 2020-05-15 17:52:46,537
INFO - -----------------------------------------------2，门诊分析----------------------------------------------- - 2020-05-15 17:52:48,650
INFO - 2.4门诊收入（2020-03-22) - - - - - - - - - - - - - - - - - - - - - - - - - - - - - - - 2020-05-15 17:52:48,650
INFO - 数据更新时间：2020-03-22 17:56:00 - 2020-05-15 17:56:08,878
INFO - -----------------------------------------------2，门诊分析----------------------------------------------- - 2020-05-15 17:56:10,981
INFO - 2.4门诊收入（2020-03-22) - - - - - - - - - - - - - - - - - - - - - - - - - - - - - - - 2020-05-15 17:56:10,981
INFO - 数据更新时间：2020-03-22 18:04:01 - 2020-05-15 18:04:09,818
INFO - -----------------------------------------------2，门诊分析----------------------------------------------- - 2020-05-15 18:04:11,962
INFO - 2.1门诊业务（2020-3-22) - - - - - - - - - - - - - - - - - - - - - - - - - - - - - - - 2020-05-15 18:04:11,962
INFO - 2.1.1 门急诊人次(万人)，0.02 - 2020-05-15 18:04:18,884
INFO - 2.1.1 门急诊人次(万人)，同期：0.01 - 2020-05-15 18:04:19,140
INFO - 2.1.1 门急诊人次(万人)，同比：42.11% ↑ - 2020-05-15 18:04:19,405
INFO - 2.1.2 门诊人次(万人)，0.02 - 2020-05-15 18:04:19,682
INFO - 2.1.2 门诊人次(万人)，同期：0.01 - 2020-05-15 18:04:19,961
INFO - 2.1.2 门诊人次(万人)，同比：35.00% ↑ - 2020-05-15 18:04:20,215
INFO - 2.1.3 急诊人次(万人)，0 - 2020-05-15 18:04:20,482
INFO - 2.1.3 急诊人次(万人)，同期：0.01 - 2020-05-15 18:04:20,777
INFO - 2.1.3 急诊人次(万人)，同比：-100.00% ↓ - 2020-05-15 18:04:21,053
INFO - 2.1.4 门急诊退号率，7.43% - 2020-05-15 18:04:21,299
ERROR - 2.1.4 门急诊退号率，页面值（7.43%），库值（10.00%）
SELECT sum(backRegisterRatio) from bi_outpatient_yard where statisticsDate="2019-3-22"
 - 2020-05-15 18:04:21,564
INFO - 2.1.4 门急诊退号率，同比：-25.70% ↓ - 2020-05-15 18:04:21,829
INFO - 2.3门诊处方（2020-3-22) - - - - - - - - - - - - - - - - - - - - - - - - - - - - - - - 2020-05-15 18:04:21,921
INFO - 2.3.1 门急诊处方数(张)，1125 - 2020-05-15 18:04:29,244
INFO - 2.3.1 门急诊处方数(张)，同期：39 - 2020-05-15 18:04:29,518
INFO - 2.3.1 门急诊处方数(张)，同比：2784.62% ↑ - 2020-05-15 18:04:29,793
INFO - 2.3.2 门急诊抗生素处方数(张)，54 - 2020-05-15 18:04:30,064
INFO - 2.3.2 门急诊抗生素处方数(张)，同期：0 - 2020-05-15 18:04:30,337
INFO - 2.3.2 门急诊抗生素处方数(张)，同比：0.00% - - 2020-05-15 18:04:30,600
INFO - 2.3.3 门急诊药品处方数(张)，167 - 2020-05-15 18:04:30,905
INFO - 2.3.3 门急诊药品处方数(张)，同期：39 - 2020-05-15 18:04:31,176
INFO - 2.3.3 门急诊药品处方数(张)，同比：328.21% ↑ - 2020-05-15 18:04:31,463
INFO - 2.3.4 门急诊大额处方数(张)，1 - 2020-05-15 18:04:31,737
INFO - 2.3.4 门急诊大额处方数(张)，同期：27 - 2020-05-15 18:04:32,025
INFO - 2.3.4 门急诊大额处方数(张)，同比：-96.30% ↓ - 2020-05-15 18:04:32,302
INFO - 2.3.5 科室门急诊抗生素处方数分析，{'门诊药房(新院)': '43', '发热门诊药房': '11', '外科': '0', '骨科': '0', '发热门诊': '0', '放射科': '0', '心电图': '0', '检验科': '0', '一次性用品库': '0', '急诊内科': '0'} - 2020-05-15 18:04:43,505
INFO - 2.3.6 科室门急诊药品处方数分析，{'门诊药房(新院)': '151', '发热门诊药房': '16', '外科': '0', '骨科': '0', '发热门诊': '0', '放射科': '0', '心电图': '0', '检验科': '0', '一次性用品库': '0', '急诊内科': '0'} - 2020-05-15 18:04:52,193
INFO - 2.3.7 科室门急诊大额处方数分析，{'门诊药房(新院)': '1', '外科': '0', '骨科': '0', '发热门诊': '0', '放射科': '0', '心电图': '0', '发热门诊药房': '0', '检验科': '0', '一次性用品库': '0', '急诊内科': '0'} - 2020-05-15 18:05:00,756
ERROR - 门急诊抗生素处方率
页面：4.8%, 库值：4.80

 - 2020-05-15 18:05:12,420
INFO - 2.3.9 门急诊药品处方率，14.84% - 2020-05-15 18:05:23,184
INFO - 2.3.10 门急诊大额处方率，0.09% - 2020-05-15 18:05:31,544
INFO - 2.4门诊收入（2020-3-22) - - - - - - - - - - - - - - - - - - - - - - - - - - - - - - - 2020-05-15 18:05:31,629
INFO - 2.4.1 门急诊收入(万元)，6.65 - 2020-05-15 18:05:39,137
ERROR - 2.4.1 门急诊收入(万元)页面值（2），库值（2.00）
SELECT ROUND((SELECT sum(outPAccount)/10000 from bi_outpatient_yard where statisticsDate ="2019-3-22"),2)
 - 2020-05-15 18:05:39,608
INFO - 2.4.1 门急诊收入(万元)，同比：232.64% ↑ - 2020-05-15 18:05:40,075
INFO - 2.4.2 门诊收入(万元)，5.54 - 2020-05-15 18:05:40,539
ERROR - 2.4.2 门诊收入(万元)页面值（1），库值（1.00）
SELECT round(
(SELECT sum(outpatientAccount)/10000
from bi_outpatient_yard 
where statisticsDate ="2019-3-22"),2)
 - 2020-05-15 18:05:41,010
INFO - 2.4.2 门诊收入(万元)，同比：453.81% ↑ - 2020-05-15 18:05:41,466
INFO - 2.4.3 急诊收入(万元)，0 - 2020-05-15 18:05:41,853
ERROR - 2.4.3 急诊收入(万元)页面值（1），库值（1.00）
SELECT ROUND((SELECT sum(emergencyAccount)/10000 from bi_outpatient_yard where statisticsDate ="2019-3-22"),2)
 - 2020-05-15 18:05:42,225
INFO - 2.4.3 急诊收入(万元)，同比：-100.00% ↓ - 2020-05-15 18:05:42,590
INFO - 2.4.4 门急诊均次费(元)，380.16 - 2020-05-15 18:05:42,975
INFO - 2.4.4 门急诊均次费(元)，同期：133.33 - 2020-05-15 18:05:43,348
INFO - 2.4.4 门急诊均次费(元)，同比：185.12% ↑ - 2020-05-15 18:05:43,730
INFO - 2.4.5 门急诊药品收入(万元)，2.59 - 2020-05-15 18:05:44,119
ERROR - 2.4.5 门急诊药品收入(万元)页面值（0.2），库值（0.20）
SELECT round((SELECT sum(outPMedicateAccount)/10000 from bi_outpatient_yard where statisticsDate ="2019-3-22"),2)
 - 2020-05-15 18:05:44,475
INFO - 2.4.5 门急诊药品收入(万元)，同比：1195.11% ↑ - 2020-05-15 18:05:44,840
INFO - 2.4.6 门急诊药占比，38.93% - 2020-05-15 18:05:45,198
ERROR - 2.4.6 门急诊药占比，页面值（38.93%），库值（10.00%）
SELECT round((SELECT sum(outPMedicateRatio) from bi_outpatient_yard where statisticsDate ="2019-3-22"),2)
 - 2020-05-15 18:05:45,539
ERROR - 2.4.6 门急诊药占比，同比，页面值（289.30% ↑），库值（289.3）

 - 2020-05-15 18:05:45,926
INFO - 2.4.7 门急诊均次药品费用(元)，148.01 - 2020-05-15 18:05:46,307
ERROR - 2.4.7 门急诊均次药品费用(元)页面值（100），库值（13.33）
SELECT round(
(SELECT sum(outPMedicateAccount/registerCount)
from bi_outpatient_yard 
where statisticsDate ="2019-3-22"),2)
 - 2020-05-15 18:05:46,702
ERROR - 2.4.7 门急诊均次药品费用(元)，同比，页面值（48.01% ↑），库值（1010.35）

 - 2020-05-15 18:05:47,073
ERROR - 2.4.8 门急诊收入科室排名
页面：{'急诊内科': '27457.67', '急诊外科(新)': '13833.16', '急诊骨科(新)': '11727.06', '发热门诊': '9429.25', '急诊儿科(新)': '2447.67', '急诊妇科': '1153', '中医儿科': '479.39', '门急诊均次费月趋势': '门急诊医疗收入构成分析', '手术收入': '100', '药品收入': '25902.26', '诊查收入': '0', '化验收入': '17850', '检查收入': '15538', '材料收入': '1637.93', '治疗收入': '2397', '挂号收入': '486', '手术材料收入': '0', '诊疗收入': '2670', '其他收入': '100', '工本收入': '100', '输血收入': '100', '输氧收入': '130'}
库值：{'急诊内科': '27457.67', '急诊外科(新)': '13833.16', '急诊骨科(新)': '11727.06', '发热门诊': '9429.25', '急诊儿科(新)': '2447.67', '急诊妇科': '1153', '中医儿科': '479.39'}
SELECT deptname,round(outPAccount,2) from bi_outpatient_dept where statisticsDate ="2020-3-22" GROUP BY deptname ORDER BY outpaccount DESC LIMIT 10
 - 2020-05-15 18:05:58,479
