[2026-02-24T16:49:32.290+0800] {local_task_job_runner.py:123} INFO - ::group::Pre task execution logs
[2026-02-24T16:49:32.303+0800] {taskinstance.py:2631} INFO - Dependencies all met for dep_context=non-requeueable deps ti=<TaskInstance: c_cdrd_DAG1.c_cdrd_TASK1 dataset_triggered__2026-02-24T08:49:24.079651+00:00 [queued]>
[2026-02-24T16:49:32.310+0800] {taskinstance.py:2631} INFO - Dependencies all met for dep_context=requeueable deps ti=<TaskInstance: c_cdrd_DAG1.c_cdrd_TASK1 dataset_triggered__2026-02-24T08:49:24.079651+00:00 [queued]>
[2026-02-24T16:49:32.311+0800] {taskinstance.py:2884} INFO - Starting attempt 1 of 1
[2026-02-24T16:49:32.324+0800] {taskinstance.py:2907} INFO - Executing <Task(PythonOperator): c_cdrd_TASK1> on 2026-02-24 08:49:24.079651+00:00
[2026-02-24T16:49:32.327+0800] {standard_task_runner.py:72} INFO - Started process 19253 to run task
[2026-02-24T16:49:32.335+0800] {standard_task_runner.py:104} INFO - Running: ['airflow', 'tasks', 'run', 'c_cdrd_DAG1', 'c_cdrd_TASK1', 'dataset_triggered__2026-02-24T08:49:24.079651+00:00', '--job-id', '302', '--raw', '--subdir', 'DAGS_FOLDER/tag_CDRD/cdrd_1p1n2t.py', '--cfg-path', '/var/folders/f7/4z7jtb213fs0mtgbw_0vs2600000gn/T/tmp5_nyg_1w']
[2026-02-24T16:49:32.340+0800] {standard_task_runner.py:105} INFO - Job 302: Subtask c_cdrd_TASK1
[2026-02-24T16:49:32.392+0800] {task_command.py:467} INFO - Running <TaskInstance: c_cdrd_DAG1.c_cdrd_TASK1 dataset_triggered__2026-02-24T08:49:24.079651+00:00 [running]> on host localhost-2.local
[2026-02-24T16:49:32.720+0800] {taskinstance.py:3157} INFO - Exporting env vars: AIRFLOW_CTX_DAG_OWNER='airflow' AIRFLOW_CTX_DAG_ID='c_cdrd_DAG1' AIRFLOW_CTX_TASK_ID='c_cdrd_TASK1' AIRFLOW_CTX_EXECUTION_DATE='2026-02-24T08:49:24.079651+00:00' AIRFLOW_CTX_TRY_NUMBER='1' AIRFLOW_CTX_DAG_RUN_ID='dataset_triggered__2026-02-24T08:49:24.079651+00:00'
[2026-02-24T16:49:32.726+0800] {taskinstance.py:740} INFO - ::endgroup::
[2026-02-24T16:49:32.757+0800] {logging_mixin.py:190} INFO - ✅ 成功从消费者 p_cdrd_all.p_cdrd_TASK 获取 XCom 值: [[6, '用户模块', None, '{1:"select count(*) from user where nick_name=\'李四\' and user_name=\'zhangsan\'"，"validation"：{"name":"张三",\'age\':\'20\',\'sex\':"1"}}', '新增用户.py'], [7, '系统模块', None, '{1:"select count(*) from user where nick_name=\'张三\' and user_name=\'zhangsan\'"，"validation"：{"name":"张三",\'age\':\'20\',\'sex\':"1"}}', '系统.py']]
[2026-02-24T16:49:32.758+0800] {logging_mixin.py:190} INFO - 用户模块
[2026-02-24T16:49:32.759+0800] {logging_mixin.py:190} INFO - 1111111111
[2026-02-24T16:49:33.212+0800] {logging_mixin.py:190} INFO - 系统模块
[2026-02-24T16:49:33.212+0800] {python.py:240} INFO - Done. Returned value was: None
[2026-02-24T16:49:33.227+0800] {taskinstance.py:349} INFO - ::group::Post task execution logs
[2026-02-24T16:49:33.228+0800] {taskinstance.py:361} INFO - Marking task as SUCCESS. dag_id=c_cdrd_DAG1, task_id=c_cdrd_TASK1, run_id=dataset_triggered__2026-02-24T08:49:24.079651+00:00, execution_date=20260224T084924, start_date=20260224T084932, end_date=20260224T084933
[2026-02-24T16:49:33.298+0800] {local_task_job_runner.py:266} INFO - Task exited with return code 0
[2026-02-24T16:49:33.319+0800] {taskinstance.py:3924} INFO - 0 downstream tasks scheduled from follow-on schedule check
[2026-02-24T16:49:33.320+0800] {local_task_job_runner.py:245} INFO - ::endgroup::
