[2026-02-15T17:11:12.005+0800] {local_task_job_runner.py:123} INFO - ::group::Pre task execution logs
[2026-02-15T17:11:12.018+0800] {taskinstance.py:2631} INFO - Dependencies all met for dep_context=non-requeueable deps ti=<TaskInstance: producer_order_sqlserver.sync_order_data manual__2026-02-15T09:11:05.621117+00:00 [queued]>
[2026-02-15T17:11:12.023+0800] {taskinstance.py:2631} INFO - Dependencies all met for dep_context=requeueable deps ti=<TaskInstance: producer_order_sqlserver.sync_order_data manual__2026-02-15T09:11:05.621117+00:00 [queued]>
[2026-02-15T17:11:12.024+0800] {taskinstance.py:2884} INFO - Starting attempt 1 of 1
[2026-02-15T17:11:12.039+0800] {taskinstance.py:2907} INFO - Executing <Task(PythonOperator): sync_order_data> on 2026-02-15 09:11:05.621117+00:00
[2026-02-15T17:11:12.042+0800] {standard_task_runner.py:72} INFO - Started process 4535 to run task
[2026-02-15T17:11:12.049+0800] {standard_task_runner.py:104} INFO - Running: ['airflow', 'tasks', 'run', 'producer_order_sqlserver', 'sync_order_data', 'manual__2026-02-15T09:11:05.621117+00:00', '--job-id', '140', '--raw', '--subdir', 'DAGS_FOLDER/producer_consumer /dataset_db_sqlserver.py', '--cfg-path', '/var/folders/f7/4z7jtb213fs0mtgbw_0vs2600000gn/T/tmpmya6q6bx']
[2026-02-15T17:11:12.053+0800] {standard_task_runner.py:105} INFO - Job 140: Subtask sync_order_data
[2026-02-15T17:11:12.290+0800] {task_command.py:467} INFO - Running <TaskInstance: producer_order_sqlserver.sync_order_data manual__2026-02-15T09:11:05.621117+00:00 [running]> on host localhost-2.local
[2026-02-15T17:11:12.357+0800] {taskinstance.py:3157} INFO - Exporting env vars: AIRFLOW_CTX_DAG_OWNER='data_team' AIRFLOW_CTX_DAG_ID='producer_order_sqlserver' AIRFLOW_CTX_TASK_ID='sync_order_data' AIRFLOW_CTX_EXECUTION_DATE='2026-02-15T09:11:05.621117+00:00' AIRFLOW_CTX_TRY_NUMBER='1' AIRFLOW_CTX_DAG_RUN_ID='manual__2026-02-15T09:11:05.621117+00:00'
[2026-02-15T17:11:12.358+0800] {taskinstance.py:740} INFO - ::endgroup::
[2026-02-15T17:11:12.381+0800] {logging_mixin.py:190} INFO - ==================================================
[2026-02-15T17:11:12.382+0800] {logging_mixin.py:190} INFO - 【生产者】开始执行同步订单数据任务
[2026-02-15T17:11:12.383+0800] {logging_mixin.py:190} INFO - ==================================================
[2026-02-15T17:11:12.383+0800] {logging_mixin.py:190} INFO - 【生产者】生成业务数据：{'order_id': 'OD20260215001', 'user_id': 'U10086', 'order_amount': 299.99, 'order_status': 'paid', 'pay_time': '2026-02-15 17:11:12'}
[2026-02-15T17:11:12.384+0800] {logging_mixin.py:190} INFO - 【生产者】上下文参数：run_id=manual__2026-02-15T09:11:05.621117+00:00, dag_id=producer_order_sqlserver, task_id=sync_order_data
[2026-02-15T17:11:12.384+0800] {logging_mixin.py:190} INFO - 【生产者】调用封装函数插入数据...
[2026-02-15T17:11:12.384+0800] {logging_mixin.py:190} INFO - 写入SQL Server失败：'MsSqlHook' object has no attribute 'connection'
[2026-02-15T17:11:12.385+0800] {logging_mixin.py:190} INFO - ❌ 任务执行失败：'MsSqlHook' object has no attribute 'connection'
[2026-02-15T17:11:12.385+0800] {taskinstance.py:3336} ERROR - Task failed with exception
Traceback (most recent call last):
  File "/Users/linghuchong/miniconda3/envs/py310/lib/python3.10/site-packages/airflow/models/taskinstance.py", line 776, in _execute_task
    result = _execute_callable(context=context, **execute_callable_kwargs)
  File "/Users/linghuchong/miniconda3/envs/py310/lib/python3.10/site-packages/airflow/models/taskinstance.py", line 742, in _execute_callable
    return ExecutionCallableRunner(
  File "/Users/linghuchong/miniconda3/envs/py310/lib/python3.10/site-packages/airflow/utils/operator_helpers.py", line 252, in run
    return self.func(*args, **kwargs)
  File "/Users/linghuchong/miniconda3/envs/py310/lib/python3.10/site-packages/airflow/models/baseoperator.py", line 424, in wrapper
    return func(self, *args, **kwargs)
  File "/Users/linghuchong/miniconda3/envs/py310/lib/python3.10/site-packages/airflow/operators/python.py", line 238, in execute
    return_value = self.execute_callable()
  File "/Users/linghuchong/miniconda3/envs/py310/lib/python3.10/site-packages/airflow/operators/python.py", line 256, in execute_callable
    return runner.run(*self.op_args, **self.op_kwargs)
  File "/Users/linghuchong/miniconda3/envs/py310/lib/python3.10/site-packages/airflow/utils/operator_helpers.py", line 252, in run
    return self.func(*args, **kwargs)
  File "/Users/linghuchong/Downloads/51/Python/project/instance/airflow284/dags/producer_consumer /dataset_db_sqlserver.py", line 123, in sync_order_data
    raise e
  File "/Users/linghuchong/Downloads/51/Python/project/instance/airflow284/dags/producer_consumer /dataset_db_sqlserver.py", line 117, in sync_order_data
    insert_producer_data(run_id, dag_id, task_id, order_data, conn_id="sqlserver_234_CHC")
  File "/Users/linghuchong/Downloads/51/Python/project/instance/airflow284/dags/producer_consumer /dataset_db_sqlserver.py", line 60, in insert_producer_data
    raise e  # 重新抛出异常以便任务能够正确失败
  File "/Users/linghuchong/Downloads/51/Python/project/instance/airflow284/dags/producer_consumer /dataset_db_sqlserver.py", line 56, in insert_producer_data
    mssql_hook.run(sql, parameters=parameters)
  File "/Users/linghuchong/miniconda3/envs/py310/lib/python3.10/site-packages/airflow/providers/common/sql/hooks/sql.py", line 397, in run
    with closing(self.get_conn()) as conn:
  File "/Users/linghuchong/miniconda3/envs/py310/lib/python3.10/site-packages/airflow/providers/microsoft/mssql/hooks/mssql.py", line 139, in get_conn
    conn = self.connection
AttributeError: 'MsSqlHook' object has no attribute 'connection'
[2026-02-15T17:11:12.397+0800] {taskinstance.py:1242} INFO - Marking task as FAILED. dag_id=producer_order_sqlserver, task_id=sync_order_data, run_id=manual__2026-02-15T09:11:05.621117+00:00, execution_date=20260215T091105, start_date=20260215T091112, end_date=20260215T091112
[2026-02-15T17:11:12.414+0800] {taskinstance.py:349} INFO - ::group::Post task execution logs
[2026-02-15T17:11:12.415+0800] {standard_task_runner.py:124} ERROR - Failed to execute job 140 for task sync_order_data ('MsSqlHook' object has no attribute 'connection'; 4535)
Traceback (most recent call last):
  File "/Users/linghuchong/miniconda3/envs/py310/lib/python3.10/site-packages/airflow/task/task_runner/standard_task_runner.py", line 117, in _start_by_fork
    ret = args.func(args, dag=self.dag)
  File "/Users/linghuchong/miniconda3/envs/py310/lib/python3.10/site-packages/airflow/cli/cli_config.py", line 49, in command
    return func(*args, **kwargs)
  File "/Users/linghuchong/miniconda3/envs/py310/lib/python3.10/site-packages/airflow/utils/cli.py", line 116, in wrapper
    return f(*args, **kwargs)
  File "/Users/linghuchong/miniconda3/envs/py310/lib/python3.10/site-packages/airflow/cli/commands/task_command.py", line 483, in task_run
    task_return_code = _run_task_by_selected_method(args, _dag, ti)
  File "/Users/linghuchong/miniconda3/envs/py310/lib/python3.10/site-packages/airflow/cli/commands/task_command.py", line 256, in _run_task_by_selected_method
    return _run_raw_task(args, ti)
  File "/Users/linghuchong/miniconda3/envs/py310/lib/python3.10/site-packages/airflow/cli/commands/task_command.py", line 341, in _run_raw_task
    return ti._run_raw_task(
  File "/Users/linghuchong/miniconda3/envs/py310/lib/python3.10/site-packages/airflow/utils/session.py", line 97, in wrapper
    return func(*args, session=session, **kwargs)
  File "/Users/linghuchong/miniconda3/envs/py310/lib/python3.10/site-packages/airflow/models/taskinstance.py", line 3029, in _run_raw_task
    return _run_raw_task(
  File "/Users/linghuchong/miniconda3/envs/py310/lib/python3.10/site-packages/airflow/models/taskinstance.py", line 282, in _run_raw_task
    TaskInstance._execute_task_with_callbacks(
  File "/Users/linghuchong/miniconda3/envs/py310/lib/python3.10/site-packages/airflow/models/taskinstance.py", line 3184, in _execute_task_with_callbacks
    result = self._execute_task(context, task_orig)
  File "/Users/linghuchong/miniconda3/envs/py310/lib/python3.10/site-packages/airflow/models/taskinstance.py", line 3208, in _execute_task
    return _execute_task(self, context, task_orig)
  File "/Users/linghuchong/miniconda3/envs/py310/lib/python3.10/site-packages/airflow/models/taskinstance.py", line 776, in _execute_task
    result = _execute_callable(context=context, **execute_callable_kwargs)
  File "/Users/linghuchong/miniconda3/envs/py310/lib/python3.10/site-packages/airflow/models/taskinstance.py", line 742, in _execute_callable
    return ExecutionCallableRunner(
  File "/Users/linghuchong/miniconda3/envs/py310/lib/python3.10/site-packages/airflow/utils/operator_helpers.py", line 252, in run
    return self.func(*args, **kwargs)
  File "/Users/linghuchong/miniconda3/envs/py310/lib/python3.10/site-packages/airflow/models/baseoperator.py", line 424, in wrapper
    return func(self, *args, **kwargs)
  File "/Users/linghuchong/miniconda3/envs/py310/lib/python3.10/site-packages/airflow/operators/python.py", line 238, in execute
    return_value = self.execute_callable()
  File "/Users/linghuchong/miniconda3/envs/py310/lib/python3.10/site-packages/airflow/operators/python.py", line 256, in execute_callable
    return runner.run(*self.op_args, **self.op_kwargs)
  File "/Users/linghuchong/miniconda3/envs/py310/lib/python3.10/site-packages/airflow/utils/operator_helpers.py", line 252, in run
    return self.func(*args, **kwargs)
  File "/Users/linghuchong/Downloads/51/Python/project/instance/airflow284/dags/producer_consumer /dataset_db_sqlserver.py", line 123, in sync_order_data
    raise e
  File "/Users/linghuchong/Downloads/51/Python/project/instance/airflow284/dags/producer_consumer /dataset_db_sqlserver.py", line 117, in sync_order_data
    insert_producer_data(run_id, dag_id, task_id, order_data, conn_id="sqlserver_234_CHC")
  File "/Users/linghuchong/Downloads/51/Python/project/instance/airflow284/dags/producer_consumer /dataset_db_sqlserver.py", line 60, in insert_producer_data
    raise e  # 重新抛出异常以便任务能够正确失败
  File "/Users/linghuchong/Downloads/51/Python/project/instance/airflow284/dags/producer_consumer /dataset_db_sqlserver.py", line 56, in insert_producer_data
    mssql_hook.run(sql, parameters=parameters)
  File "/Users/linghuchong/miniconda3/envs/py310/lib/python3.10/site-packages/airflow/providers/common/sql/hooks/sql.py", line 397, in run
    with closing(self.get_conn()) as conn:
  File "/Users/linghuchong/miniconda3/envs/py310/lib/python3.10/site-packages/airflow/providers/microsoft/mssql/hooks/mssql.py", line 139, in get_conn
    conn = self.connection
AttributeError: 'MsSqlHook' object has no attribute 'connection'
[2026-02-15T17:11:12.448+0800] {local_task_job_runner.py:266} INFO - Task exited with return code 1
[2026-02-15T17:11:12.583+0800] {taskinstance.py:3924} INFO - 0 downstream tasks scheduled from follow-on schedule check
[2026-02-15T17:11:12.584+0800] {local_task_job_runner.py:245} INFO - ::endgroup::
