[2026-02-28T21:52:13.214+0800] {local_task_job_runner.py:123} INFO - ::group::Pre task execution logs
[2026-02-28T21:52:13.233+0800] {taskinstance.py:2631} INFO - Dependencies all met for dep_context=non-requeueable deps ti=<TaskInstance: cdrd_并发.并行执行消费者 manual__2026-02-28T13:51:48.241376+00:00 [queued]>
[2026-02-28T21:52:13.242+0800] {taskinstance.py:2631} INFO - Dependencies all met for dep_context=requeueable deps ti=<TaskInstance: cdrd_并发.并行执行消费者 manual__2026-02-28T13:51:48.241376+00:00 [queued]>
[2026-02-28T21:52:13.242+0800] {taskinstance.py:2884} INFO - Starting attempt 1 of 1
[2026-02-28T21:52:13.255+0800] {taskinstance.py:2907} INFO - Executing <Task(PythonOperator): 并行执行消费者> on 2026-02-28 13:51:48.241376+00:00
[2026-02-28T21:52:13.259+0800] {standard_task_runner.py:72} INFO - Started process 6800 to run task
[2026-02-28T21:52:13.267+0800] {standard_task_runner.py:104} INFO - Running: ['airflow', 'tasks', 'run', 'cdrd_并发', '并行执行消费者', 'manual__2026-02-28T13:51:48.241376+00:00', '--job-id', '762', '--raw', '--subdir', 'DAGS_FOLDER/tag_CDRD/系统管理/角色管理/dag_并发.py', '--cfg-path', '/var/folders/f7/4z7jtb213fs0mtgbw_0vs2600000gn/T/tmp9vtmvth_']
[2026-02-28T21:52:13.271+0800] {standard_task_runner.py:105} INFO - Job 762: Subtask 并行执行消费者
[2026-02-28T21:52:13.323+0800] {task_command.py:467} INFO - Running <TaskInstance: cdrd_并发.并行执行消费者 manual__2026-02-28T13:51:48.241376+00:00 [running]> on host localhost-2.local
[2026-02-28T21:52:13.478+0800] {taskinstance.py:3157} INFO - Exporting env vars: AIRFLOW_CTX_DAG_OWNER='airflow' AIRFLOW_CTX_DAG_ID='cdrd_并发' AIRFLOW_CTX_TASK_ID='并行执行消费者' AIRFLOW_CTX_EXECUTION_DATE='2026-02-28T13:51:48.241376+00:00' AIRFLOW_CTX_TRY_NUMBER='1' AIRFLOW_CTX_DAG_RUN_ID='manual__2026-02-28T13:51:48.241376+00:00'
[2026-02-28T21:52:13.480+0800] {taskinstance.py:740} INFO - ::endgroup::
[2026-02-28T21:52:13.496+0800] {logging_mixin.py:190} INFO - ==================================================
[2026-02-28T21:52:13.497+0800] {logging_mixin.py:190} INFO - 【并行消费者】开始执行测试任务...
[2026-02-28T21:52:13.497+0800] {logging_mixin.py:190} INFO - ==================================================
[2026-02-28T21:52:13.503+0800] {logging_mixin.py:190} INFO - 从XCom获取到的测试用例数据: 3 条
[2026-02-28T21:52:13.504+0800] {logging_mixin.py:190} INFO - 发现 3 种不同的任务类型: ['编辑角色', '编辑222角色', '新增角色']
[2026-02-28T21:52:13.505+0800] {logging_mixin.py:190} INFO - 提交任务: 编辑角色
[2026-02-28T21:52:13.505+0800] {logging_mixin.py:190} INFO - ===================== 编辑角色 消费者开始执行 ====================
[2026-02-28T21:52:13.505+0800] {logging_mixin.py:190} INFO - 提交任务: 编辑222角色
[2026-02-28T21:52:13.506+0800] {logging_mixin.py:190} INFO - [编辑角色] 跳过不匹配的测试用例: 新增角色
[2026-02-28T21:52:13.507+0800] {logging_mixin.py:190} INFO - ===================== 编辑222角色 消费者开始执行 ====================
[2026-02-28T21:52:13.507+0800] {logging_mixin.py:190} INFO - 提交任务: 新增角色
[2026-02-28T21:52:13.508+0800] {logging_mixin.py:190} INFO - [编辑角色] 找到匹配的测试用例: 编辑角色
[2026-02-28T21:52:13.508+0800] {logging_mixin.py:190} INFO - [编辑222角色] 跳过不匹配的测试用例: 新增角色
[2026-02-28T21:52:13.509+0800] {logging_mixin.py:190} INFO - ===================== 新增角色 消费者开始执行 ====================
[2026-02-28T21:52:13.509+0800] {logging_mixin.py:190} INFO - 开始等待 3 个任务完成...
[2026-02-28T21:52:13.509+0800] {logging_mixin.py:190} INFO - [Consumer_0] 开始执行测试用例: 系统管理/角色管理/编辑角色.py
[2026-02-28T21:52:13.510+0800] {logging_mixin.py:190} INFO - [编辑222角色] 跳过不匹配的测试用例: 编辑角色
[2026-02-28T21:52:13.510+0800] {logging_mixin.py:190} INFO - [新增角色] 找到匹配的测试用例: 新增角色
[2026-02-28T21:52:13.511+0800] {logging_mixin.py:190} INFO - [线程 Consumer_0] 准备执行Playwright脚本: /Users/linghuchong/Downloads/51/Python/project/instance/zyjk/CDRD/web/系统管理/角色管理/编辑角色.py
[2026-02-28T21:52:13.512+0800] {logging_mixin.py:190} INFO - [编辑222角色] 找到匹配的测试用例: 编辑222角色
[2026-02-28T21:52:13.512+0800] {logging_mixin.py:190} INFO - [Consumer_2] 开始执行测试用例: 系统管理/角色管理/新增角色.py
[2026-02-28T21:52:13.513+0800] {logging_mixin.py:190} INFO - [Consumer_1] 开始执行测试用例: 系统管理/角色管理/编辑222角色.py
[2026-02-28T21:52:13.514+0800] {logging_mixin.py:190} INFO - [线程 Consumer_2] 准备执行Playwright脚本: /Users/linghuchong/Downloads/51/Python/project/instance/zyjk/CDRD/web/系统管理/角色管理/新增角色.py
[2026-02-28T21:52:13.516+0800] {logging_mixin.py:190} INFO - [线程 Consumer_1] 准备执行Playwright脚本: /Users/linghuchong/Downloads/51/Python/project/instance/zyjk/CDRD/web/系统管理/角色管理/编辑222角色.py
[2026-02-28T21:52:13.948+0800] {logging_mixin.py:190} INFO - 随机生成测试数据: [['张峰', '973813', '777781', '新疆维吾尔自治区北京县华龙重庆街p座 740108']]
[2026-02-28T21:52:13.949+0800] {logging_mixin.py:190} INFO - 随机生成测试数据: [['湖北省雷市安次周街b座 583027']]
[2026-02-28T21:52:13.949+0800] {logging_mixin.py:190} INFO - [线程 Consumer_0] ✅ 找到run_playwright函数，开始执行...
[2026-02-28T21:52:13.949+0800] {logging_mixin.py:190} INFO - [线程 Consumer_2] ✅ 找到run_playwright函数，开始执行...
[2026-02-28T21:52:13.950+0800] {logging_mixin.py:190} INFO - [线程 Consumer_1] ✅ 找到run_playwright函数，开始执行...
[2026-02-28T21:52:22.428+0800] {logging_mixin.py:190} INFO - 步骤[编辑角色]截图已保存：/Users/linghuchong/Downloads/51/Python/project/instance/zyjk/CDRD/web/系统管理/角色管理/screenshots/编辑角色/20260228_215222_编辑角色.png
[2026-02-28T21:52:22.514+0800] {logging_mixin.py:190} INFO - [线程 Consumer_1] ✅ Playwright执行完成，返回结果: {'remark': '湖北省雷市安次周街b座 583027'}
[2026-02-28T21:52:22.515+0800] {logging_mixin.py:190} INFO - [Consumer_1] Playwright执行结果: {'remark': '湖北省雷市安次周街b座 583027'}
[2026-02-28T21:52:22.516+0800] {logging_mixin.py:190} INFO - [Consumer_1] 正则替换结果: [{"k": "select count(*) as qty from sys_role where remark='湖北省雷市安次周街b座 583027'", "v": 1}]
[2026-02-28T21:52:22.517+0800] {logging_mixin.py:190} INFO - [Consumer_1] 解析后的验证数据: [{'k': "select count(*) as qty from sys_role where remark='湖北省雷市安次周街b座 583027'", 'v': 1}]
[2026-02-28T21:52:22.537+0800] {logging_mixin.py:190} INFO - [Consumer_1] ✅ 通过校验 {'k': "select count(*) as qty from sys_role where remark='湖北省雷市安次周街b座 583027'", 'v': 1}
[2026-02-28T21:52:22.898+0800] {logging_mixin.py:190} INFO - [线程 Consumer_0] ✅ Playwright执行完成，返回结果: {'role_name': '7566', 'remark': 'today'}
[2026-02-28T21:52:22.898+0800] {logging_mixin.py:190} INFO - [Consumer_0] Playwright执行结果: {'role_name': '7566', 'remark': 'today'}
[2026-02-28T21:52:22.899+0800] {logging_mixin.py:190} INFO - [Consumer_0] 正则替换结果: [{"k": "select count(*) as qty from sys_role where role_name='7566'", "v": 1}]
[2026-02-28T21:52:22.900+0800] {logging_mixin.py:190} INFO - [Consumer_0] 解析后的验证数据: [{'k': "select count(*) as qty from sys_role where role_name='7566'", 'v': 1}]
[2026-02-28T21:52:22.921+0800] {logging_mixin.py:190} INFO - [Consumer_0] ✅ 通过校验 {'k': "select count(*) as qty from sys_role where role_name='7566'", 'v': 1}
[2026-02-28T21:52:23.017+0800] {logging_mixin.py:190} INFO - [编辑角色] 跳过不匹配的测试用例: 编辑222角色
[2026-02-28T21:52:23.018+0800] {logging_mixin.py:190} INFO - ❌ 编辑角色 执行失败: 'NoneType' object is not subscriptable
[2026-02-28T21:52:23.018+0800] {logging_mixin.py:190} INFO - ❌ 编辑222角色 执行失败: 'NoneType' object is not subscriptable
[2026-02-28T21:52:23.293+0800] {logging_mixin.py:190} INFO - [线程 Consumer_2] ✅ Playwright执行完成，返回结果: {'role_name': '张峰', 'role_key': '973813', 'role_sort': '777781', 'remark': '新疆维吾尔自治区北京县华龙重庆街p座 740108'}
[2026-02-28T21:52:23.294+0800] {logging_mixin.py:190} INFO - [Consumer_2] Playwright执行结果: {'role_name': '张峰', 'role_key': '973813', 'role_sort': '777781', 'remark': '新疆维吾尔自治区北京县华龙重庆街p座 740108'}
[2026-02-28T21:52:23.294+0800] {logging_mixin.py:190} INFO - [Consumer_2] 正则替换结果: [{"k": "select count(*) as qty from sys_role where role_name='张峰'", "v": 1}]
[2026-02-28T21:52:23.295+0800] {logging_mixin.py:190} INFO - [Consumer_2] 解析后的验证数据: [{'k': "select count(*) as qty from sys_role where role_name='张峰'", 'v': 1}]
[2026-02-28T21:52:23.309+0800] {logging_mixin.py:190} INFO - [Consumer_2] ✅ 通过校验 {'k': "select count(*) as qty from sys_role where role_name='张峰'", 'v': 1}
[2026-02-28T21:52:23.381+0800] {logging_mixin.py:190} INFO - [新增角色] 跳过不匹配的测试用例: 编辑角色
[2026-02-28T21:52:23.382+0800] {logging_mixin.py:190} INFO - [新增角色] 跳过不匹配的测试用例: 编辑222角色
[2026-02-28T21:52:23.382+0800] {logging_mixin.py:190} INFO - ❌ 新增角色 执行失败: 'NoneType' object is not subscriptable
[2026-02-28T21:52:23.383+0800] {logging_mixin.py:190} INFO - ==================================================
[2026-02-28T21:52:23.384+0800] {logging_mixin.py:190} INFO - 【并行消费者】所有测试执行完成
[2026-02-28T21:52:23.384+0800] {logging_mixin.py:190} INFO - ==================================================
[2026-02-28T21:52:23.385+0800] {python.py:240} INFO - Done. Returned value was: None
[2026-02-28T21:52:23.401+0800] {taskinstance.py:349} INFO - ::group::Post task execution logs
[2026-02-28T21:52:23.402+0800] {taskinstance.py:361} INFO - Marking task as SUCCESS. dag_id=cdrd_并发, task_id=并行执行消费者, run_id=manual__2026-02-28T13:51:48.241376+00:00, execution_date=20260228T135148, start_date=20260228T135213, end_date=20260228T135223
[2026-02-28T21:52:23.457+0800] {local_task_job_runner.py:266} INFO - Task exited with return code 0
[2026-02-28T21:52:23.483+0800] {taskinstance.py:3924} INFO - 0 downstream tasks scheduled from follow-on schedule check
[2026-02-28T21:52:23.484+0800] {local_task_job_runner.py:245} INFO - ::endgroup::
