[2026-02-28T21:07:28.405+0800] {local_task_job_runner.py:123} INFO - ::group::Pre task execution logs
[2026-02-28T21:07:28.421+0800] {taskinstance.py:2631} INFO - Dependencies all met for dep_context=non-requeueable deps ti=<TaskInstance: cdrd_新增角色_编辑角色_并.并行执行消费者 manual__2026-02-28T13:07:07.491102+00:00 [queued]>
[2026-02-28T21:07:28.428+0800] {taskinstance.py:2631} INFO - Dependencies all met for dep_context=requeueable deps ti=<TaskInstance: cdrd_新增角色_编辑角色_并.并行执行消费者 manual__2026-02-28T13:07:07.491102+00:00 [queued]>
[2026-02-28T21:07:28.428+0800] {taskinstance.py:2884} INFO - Starting attempt 1 of 1
[2026-02-28T21:07:28.440+0800] {taskinstance.py:2907} INFO - Executing <Task(PythonOperator): 并行执行消费者> on 2026-02-28 13:07:07.491102+00:00
[2026-02-28T21:07:28.444+0800] {standard_task_runner.py:72} INFO - Started process 4773 to run task
[2026-02-28T21:07:28.450+0800] {standard_task_runner.py:104} INFO - Running: ['airflow', 'tasks', 'run', 'cdrd_新增角色_编辑角色_并', '并行执行消费者', 'manual__2026-02-28T13:07:07.491102+00:00', '--job-id', '735', '--raw', '--subdir', 'DAGS_FOLDER/tag_CDRD/系统管理/角色管理/dag_新增角色_编辑角色_并.py', '--cfg-path', '/var/folders/f7/4z7jtb213fs0mtgbw_0vs2600000gn/T/tmpwn_wv26j']
[2026-02-28T21:07:28.454+0800] {standard_task_runner.py:105} INFO - Job 735: Subtask 并行执行消费者
[2026-02-28T21:07:28.500+0800] {task_command.py:467} INFO - Running <TaskInstance: cdrd_新增角色_编辑角色_并.并行执行消费者 manual__2026-02-28T13:07:07.491102+00:00 [running]> on host localhost-2.local
[2026-02-28T21:07:28.572+0800] {taskinstance.py:3157} INFO - Exporting env vars: AIRFLOW_CTX_DAG_OWNER='airflow' AIRFLOW_CTX_DAG_ID='cdrd_新增角色_编辑角色_并' AIRFLOW_CTX_TASK_ID='并行执行消费者' AIRFLOW_CTX_EXECUTION_DATE='2026-02-28T13:07:07.491102+00:00' AIRFLOW_CTX_TRY_NUMBER='1' AIRFLOW_CTX_DAG_RUN_ID='manual__2026-02-28T13:07:07.491102+00:00'
[2026-02-28T21:07:28.573+0800] {taskinstance.py:740} INFO - ::endgroup::
[2026-02-28T21:07:28.589+0800] {logging_mixin.py:190} INFO - ==================================================
[2026-02-28T21:07:28.589+0800] {logging_mixin.py:190} INFO - 【并行消费者】开始同时执行新增角色和编辑角色测试...
[2026-02-28T21:07:28.590+0800] {logging_mixin.py:190} INFO - ==================================================
[2026-02-28T21:07:28.595+0800] {logging_mixin.py:190} INFO - 从XCom获取到的测试用例数据: 2 条
[2026-02-28T21:07:28.596+0800] {logging_mixin.py:190} INFO - ===================== 新增角色 消费者开始执行 ====================
[2026-02-28T21:07:28.596+0800] {logging_mixin.py:190} INFO - [新增角色] 找到测试用例: 新增角色
[2026-02-28T21:07:28.597+0800] {logging_mixin.py:190} INFO - [Consumer_0] 开始执行测试用例: 系统管理/角色管理/新增角色.py
[2026-02-28T21:07:28.597+0800] {logging_mixin.py:190} INFO - [线程 Consumer_0] 准备执行Playwright脚本: /Users/linghuchong/Downloads/51/Python/project/instance/zyjk/CDRD/web/系统管理/角色管理/新增角色.py
[2026-02-28T21:07:28.850+0800] {logging_mixin.py:190} INFO - 随机生成测试数据: [['逯辉', '239609', '586100', '贵州省太原市白云南京街T座 150053']]
[2026-02-28T21:07:28.850+0800] {logging_mixin.py:190} INFO - [线程 Consumer_0] ✅ 找到run_playwright函数，开始执行...
[2026-02-28T21:07:34.145+0800] {logging_mixin.py:190} INFO - [线程 Consumer_0] ✅ Playwright执行完成，返回结果: {'role_name': '逯辉', 'role_key': '239609', 'role_sort': '586100', 'remark': '贵州省太原市白云南京街T座 150053'}
[2026-02-28T21:07:34.146+0800] {logging_mixin.py:190} INFO - [Consumer_0] Playwright执行结果: {'role_name': '逯辉', 'role_key': '239609', 'role_sort': '586100', 'remark': '贵州省太原市白云南京街T座 150053'}
[2026-02-28T21:07:34.147+0800] {logging_mixin.py:190} INFO - [Consumer_0] 正则替换结果: [{"k": "select count(*) as qty from sys_role where role_name='逯辉'", "v": 1}]
[2026-02-28T21:07:34.147+0800] {logging_mixin.py:190} INFO - [Consumer_0] 解析后的验证数据: [{'k': "select count(*) as qty from sys_role where role_name='逯辉'", 'v': 1}]
[2026-02-28T21:07:34.157+0800] {logging_mixin.py:190} INFO - [Consumer_0] ✅ 通过校验 {'k': "select count(*) as qty from sys_role where role_name='逯辉'", 'v': 1}
[2026-02-28T21:07:34.202+0800] {logging_mixin.py:190} INFO - [Consumer_0] 正则替换结果: [["delete from sys_role where role_name='逯辉' and role_sort='586100'"]]
[2026-02-28T21:07:34.202+0800] {logging_mixin.py:190} INFO - [Consumer_0] 解析后的验证数据: [["delete from sys_role where role_name='逯辉' and role_sort='586100'"]]
[2026-02-28T21:07:34.213+0800] {logging_mixin.py:190} INFO - [Consumer_0] ✅ 后置操作 delete from sys_role where role_name='逯辉' and role_sort='586100'
[2026-02-28T21:07:34.248+0800] {logging_mixin.py:190} INFO - [新增角色] 跳过不匹配的测试用例: 编辑角色
[2026-02-28T21:07:34.248+0800] {logging_mixin.py:190} INFO - ===================== 新增角色 消费者执行完成 ====================
[2026-02-28T21:07:34.249+0800] {logging_mixin.py:190} INFO - ===================== 编辑角色 消费者开始执行 ====================
[2026-02-28T21:07:34.249+0800] {logging_mixin.py:190} INFO - [编辑角色] 跳过不匹配的测试用例: 新增角色
[2026-02-28T21:07:34.250+0800] {logging_mixin.py:190} INFO - [编辑角色] 找到测试用例: 编辑角色
[2026-02-28T21:07:34.250+0800] {logging_mixin.py:190} INFO - [Consumer_0] 开始执行测试用例: 系统管理/角色管理/编辑角色.py
[2026-02-28T21:07:34.251+0800] {logging_mixin.py:190} INFO - [线程 Consumer_0] 准备执行Playwright脚本: /Users/linghuchong/Downloads/51/Python/project/instance/zyjk/CDRD/web/系统管理/角色管理/编辑角色.py
[2026-02-28T21:07:34.294+0800] {logging_mixin.py:190} INFO - [线程 Consumer_0] ✅ 找到run_playwright函数，开始执行...
[2026-02-28T21:07:38.062+0800] {logging_mixin.py:190} INFO - [线程 Consumer_0] ❌ 执行失败: Target page, context or browser has been closed
[2026-02-28T21:07:38.063+0800] {logging_mixin.py:190} WARNING - Traceback (most recent call last):
[2026-02-28T21:07:38.064+0800] {logging_mixin.py:190} WARNING -   File "/Users/linghuchong/Downloads/51/Python/project/instance/airflow284/dags/tag_CDRD/系统管理/角色管理/dag_新增角色_编辑角色_并.py", line 224, in _execute_playwright_script
    result = module.run_playwright()
[2026-02-28T21:07:38.065+0800] {logging_mixin.py:190} WARNING -   File "/Users/linghuchong/Downloads/51/Python/project/instance/zyjk/CDRD/web/系统管理/角色管理/编辑角色.py", line 101, in run_playwright
    page.get_by_role("row", name="2025-08-06 16:40:18 编辑 删除").get_by_role("button").first.click()
[2026-02-28T21:07:38.065+0800] {logging_mixin.py:190} WARNING -   File "/Users/linghuchong/miniconda3/envs/py310/lib/python3.10/site-packages/playwright/sync_api/_generated.py", line 15784, in click
    self._sync(
[2026-02-28T21:07:38.066+0800] {logging_mixin.py:190} WARNING -   File "/Users/linghuchong/miniconda3/envs/py310/lib/python3.10/site-packages/playwright/_impl/_sync_base.py", line 115, in _sync
    return task.result()
[2026-02-28T21:07:38.067+0800] {logging_mixin.py:190} WARNING -   File "/Users/linghuchong/miniconda3/envs/py310/lib/python3.10/site-packages/playwright/_impl/_locator.py", line 159, in click
    return await self._frame.click(self._selector, strict=True, **params)
[2026-02-28T21:07:38.068+0800] {logging_mixin.py:190} WARNING -   File "/Users/linghuchong/miniconda3/envs/py310/lib/python3.10/site-packages/playwright/_impl/_frame.py", line 484, in click
    await self._channel.send("click", locals_to_params(locals()))
[2026-02-28T21:07:38.068+0800] {logging_mixin.py:190} WARNING -   File "/Users/linghuchong/miniconda3/envs/py310/lib/python3.10/site-packages/playwright/_impl/_connection.py", line 62, in send
    return await self._connection.wrap_api_call(
[2026-02-28T21:07:38.069+0800] {logging_mixin.py:190} WARNING -   File "/Users/linghuchong/miniconda3/envs/py310/lib/python3.10/site-packages/playwright/_impl/_connection.py", line 492, in wrap_api_call
    return await cb()
[2026-02-28T21:07:38.069+0800] {logging_mixin.py:190} WARNING -   File "/Users/linghuchong/miniconda3/envs/py310/lib/python3.10/site-packages/playwright/_impl/_connection.py", line 100, in inner_send
    result = next(iter(done)).result()
[2026-02-28T21:07:38.070+0800] {logging_mixin.py:190} WARNING - playwright._impl._errors.TargetClosedError: Target page, context or browser has been closed
[2026-02-28T21:07:38.070+0800] {logging_mixin.py:190} INFO - [Consumer_0] Playwright执行结果: None
[2026-02-28T21:07:38.071+0800] {logging_mixin.py:190} INFO - [Consumer_0] ❌ Playwright执行失败，测试用例失败
[2026-02-28T21:07:38.080+0800] {taskinstance.py:349} INFO - ::group::Post task execution logs
[2026-02-28T21:07:38.081+0800] {taskinstance.py:361} INFO - Marking task as SUCCESS. dag_id=cdrd_新增角色_编辑角色_并, task_id=并行执行消费者, run_id=manual__2026-02-28T13:07:07.491102+00:00, execution_date=20260228T130707, start_date=20260228T130728, end_date=20260228T130738
[2026-02-28T21:07:38.145+0800] {local_task_job_runner.py:266} INFO - Task exited with return code 0
[2026-02-28T21:07:38.167+0800] {taskinstance.py:3924} INFO - 0 downstream tasks scheduled from follow-on schedule check
[2026-02-28T21:07:38.168+0800] {local_task_job_runner.py:245} INFO - ::endgroup::
