[2026-03-06T09:17:49.217+0800] {processor.py:186} INFO - Started process (PID=1613) to work on /Users/linghuchong/Downloads/51/Python/project/instance/airflow284/dags/tag_data_warehouse/dw_order_sync.py
[2026-03-06T09:17:49.218+0800] {processor.py:914} INFO - Processing file /Users/linghuchong/Downloads/51/Python/project/instance/airflow284/dags/tag_data_warehouse/dw_order_sync.py for tasks to queue
[2026-03-06T09:17:49.219+0800] {logging_mixin.py:190} INFO - [2026-03-06T09:17:49.218+0800] {dagbag.py:588} INFO - Filling up the DagBag from /Users/linghuchong/Downloads/51/Python/project/instance/airflow284/dags/tag_data_warehouse/dw_order_sync.py
[2026-03-06T09:17:49.349+0800] {processor.py:925} INFO - DAG(s) 'dw_order_sync' retrieved from /Users/linghuchong/Downloads/51/Python/project/instance/airflow284/dags/tag_data_warehouse/dw_order_sync.py
[2026-03-06T09:17:49.366+0800] {logging_mixin.py:190} INFO - [2026-03-06T09:17:49.366+0800] {dag.py:3239} INFO - Sync 1 DAGs
[2026-03-06T09:17:49.385+0800] {logging_mixin.py:190} INFO - [2026-03-06T09:17:49.385+0800] {dag.py:4180} INFO - Setting next_dagrun for dw_order_sync to 2026-02-28 16:00:00+00:00, run_after=2026-03-31 16:00:00+00:00
[2026-03-06T09:17:49.402+0800] {processor.py:208} INFO - Processing /Users/linghuchong/Downloads/51/Python/project/instance/airflow284/dags/tag_data_warehouse/dw_order_sync.py took 187.327 seconds
[2026-03-06T09:20:52.833+0800] {processor.py:186} INFO - Started process (PID=1682) to work on /Users/linghuchong/Downloads/51/Python/project/instance/airflow284/dags/tag_data_warehouse/dw_order_sync.py
[2026-03-06T09:20:52.836+0800] {processor.py:914} INFO - Processing file /Users/linghuchong/Downloads/51/Python/project/instance/airflow284/dags/tag_data_warehouse/dw_order_sync.py for tasks to queue
[2026-03-06T09:20:52.837+0800] {logging_mixin.py:190} INFO - [2026-03-06T09:20:52.837+0800] {dagbag.py:588} INFO - Filling up the DagBag from /Users/linghuchong/Downloads/51/Python/project/instance/airflow284/dags/tag_data_warehouse/dw_order_sync.py
[2026-03-06T09:20:52.968+0800] {processor.py:925} INFO - DAG(s) 'dw_order_sync' retrieved from /Users/linghuchong/Downloads/51/Python/project/instance/airflow284/dags/tag_data_warehouse/dw_order_sync.py
[2026-03-06T09:20:52.984+0800] {logging_mixin.py:190} INFO - [2026-03-06T09:20:52.984+0800] {dag.py:3239} INFO - Sync 1 DAGs
[2026-03-06T09:20:53.007+0800] {logging_mixin.py:190} INFO - [2026-03-06T09:20:53.006+0800] {dag.py:4180} INFO - Setting next_dagrun for dw_order_sync to 2026-02-28 16:00:00+00:00, run_after=2026-03-31 16:00:00+00:00
[2026-03-06T09:20:53.026+0800] {processor.py:208} INFO - Processing /Users/linghuchong/Downloads/51/Python/project/instance/airflow284/dags/tag_data_warehouse/dw_order_sync.py took 195.786 seconds
[2026-03-06T09:26:53.999+0800] {processor.py:186} INFO - Started process (PID=1787) to work on /Users/linghuchong/Downloads/51/Python/project/instance/airflow284/dags/tag_data_warehouse/dw_order_sync.py
[2026-03-06T09:26:53.999+0800] {processor.py:914} INFO - Processing file /Users/linghuchong/Downloads/51/Python/project/instance/airflow284/dags/tag_data_warehouse/dw_order_sync.py for tasks to queue
[2026-03-06T09:26:54.001+0800] {logging_mixin.py:190} INFO - [2026-03-06T09:26:54.001+0800] {dagbag.py:588} INFO - Filling up the DagBag from /Users/linghuchong/Downloads/51/Python/project/instance/airflow284/dags/tag_data_warehouse/dw_order_sync.py
[2026-03-06T09:26:54.137+0800] {processor.py:925} INFO - DAG(s) 'dw_order_sync' retrieved from /Users/linghuchong/Downloads/51/Python/project/instance/airflow284/dags/tag_data_warehouse/dw_order_sync.py
[2026-03-06T09:26:54.153+0800] {logging_mixin.py:190} INFO - [2026-03-06T09:26:54.153+0800] {dag.py:3239} INFO - Sync 1 DAGs
[2026-03-06T09:26:54.172+0800] {logging_mixin.py:190} INFO - [2026-03-06T09:26:54.172+0800] {dag.py:4180} INFO - Setting next_dagrun for dw_order_sync to 2026-02-28 16:00:00+00:00, run_after=2026-03-31 16:00:00+00:00
[2026-03-06T09:26:54.193+0800] {processor.py:208} INFO - Processing /Users/linghuchong/Downloads/51/Python/project/instance/airflow284/dags/tag_data_warehouse/dw_order_sync.py took 196.857 seconds
[2026-03-06T09:31:12.548+0800] {processor.py:186} INFO - Started process (PID=1867) to work on /Users/linghuchong/Downloads/51/Python/project/instance/airflow284/dags/tag_data_warehouse/dw_order_sync.py
[2026-03-06T09:31:12.548+0800] {processor.py:914} INFO - Processing file /Users/linghuchong/Downloads/51/Python/project/instance/airflow284/dags/tag_data_warehouse/dw_order_sync.py for tasks to queue
[2026-03-06T09:31:12.549+0800] {logging_mixin.py:190} INFO - [2026-03-06T09:31:12.549+0800] {dagbag.py:588} INFO - Filling up the DagBag from /Users/linghuchong/Downloads/51/Python/project/instance/airflow284/dags/tag_data_warehouse/dw_order_sync.py
[2026-03-06T09:31:12.689+0800] {processor.py:925} INFO - DAG(s) 'dw_order_sync' retrieved from /Users/linghuchong/Downloads/51/Python/project/instance/airflow284/dags/tag_data_warehouse/dw_order_sync.py
[2026-03-06T09:31:12.704+0800] {logging_mixin.py:190} INFO - [2026-03-06T09:31:12.704+0800] {dag.py:3239} INFO - Sync 1 DAGs
[2026-03-06T09:31:12.726+0800] {logging_mixin.py:190} INFO - [2026-03-06T09:31:12.726+0800] {dag.py:4180} INFO - Setting next_dagrun for dw_order_sync to 2026-02-28 16:00:00+00:00, run_after=2026-03-31 16:00:00+00:00
[2026-03-06T09:31:12.748+0800] {processor.py:208} INFO - Processing /Users/linghuchong/Downloads/51/Python/project/instance/airflow284/dags/tag_data_warehouse/dw_order_sync.py took 202.774 seconds
[2026-03-06T09:34:13.934+0800] {processor.py:186} INFO - Started process (PID=1964) to work on /Users/linghuchong/Downloads/51/Python/project/instance/airflow284/dags/tag_data_warehouse/dw_order_sync.py
[2026-03-06T09:34:13.934+0800] {processor.py:914} INFO - Processing file /Users/linghuchong/Downloads/51/Python/project/instance/airflow284/dags/tag_data_warehouse/dw_order_sync.py for tasks to queue
[2026-03-06T09:34:13.935+0800] {logging_mixin.py:190} INFO - [2026-03-06T09:34:13.935+0800] {dagbag.py:588} INFO - Filling up the DagBag from /Users/linghuchong/Downloads/51/Python/project/instance/airflow284/dags/tag_data_warehouse/dw_order_sync.py
[2026-03-06T09:34:14.063+0800] {processor.py:925} INFO - DAG(s) 'dw_order_sync' retrieved from /Users/linghuchong/Downloads/51/Python/project/instance/airflow284/dags/tag_data_warehouse/dw_order_sync.py
[2026-03-06T09:34:14.077+0800] {logging_mixin.py:190} INFO - [2026-03-06T09:34:14.077+0800] {dag.py:3239} INFO - Sync 1 DAGs
[2026-03-06T09:34:14.096+0800] {logging_mixin.py:190} INFO - [2026-03-06T09:34:14.096+0800] {dag.py:4180} INFO - Setting next_dagrun for dw_order_sync to 2026-02-28 16:00:00+00:00, run_after=2026-03-31 16:00:00+00:00
[2026-03-06T09:34:14.115+0800] {processor.py:208} INFO - Processing /Users/linghuchong/Downloads/51/Python/project/instance/airflow284/dags/tag_data_warehouse/dw_order_sync.py took 183.929 seconds
[2026-03-06T09:38:59.452+0800] {processor.py:186} INFO - Started process (PID=2104) to work on /Users/linghuchong/Downloads/51/Python/project/instance/airflow284/dags/tag_data_warehouse/dw_order_sync.py
[2026-03-06T09:38:59.456+0800] {processor.py:914} INFO - Processing file /Users/linghuchong/Downloads/51/Python/project/instance/airflow284/dags/tag_data_warehouse/dw_order_sync.py for tasks to queue
[2026-03-06T09:38:59.458+0800] {logging_mixin.py:190} INFO - [2026-03-06T09:38:59.458+0800] {dagbag.py:588} INFO - Filling up the DagBag from /Users/linghuchong/Downloads/51/Python/project/instance/airflow284/dags/tag_data_warehouse/dw_order_sync.py
[2026-03-06T09:38:59.618+0800] {processor.py:925} INFO - DAG(s) 'dw_order_sync' retrieved from /Users/linghuchong/Downloads/51/Python/project/instance/airflow284/dags/tag_data_warehouse/dw_order_sync.py
[2026-03-06T09:38:59.635+0800] {logging_mixin.py:190} INFO - [2026-03-06T09:38:59.635+0800] {dag.py:3239} INFO - Sync 1 DAGs
[2026-03-06T09:38:59.656+0800] {logging_mixin.py:190} INFO - [2026-03-06T09:38:59.655+0800] {dag.py:4180} INFO - Setting next_dagrun for dw_order_sync to 2026-02-28 16:00:00+00:00, run_after=2026-03-31 16:00:00+00:00
[2026-03-06T09:38:59.677+0800] {processor.py:208} INFO - Processing /Users/linghuchong/Downloads/51/Python/project/instance/airflow284/dags/tag_data_warehouse/dw_order_sync.py took 231.745 seconds
[2026-03-06T09:42:01.641+0800] {processor.py:186} INFO - Started process (PID=2250) to work on /Users/linghuchong/Downloads/51/Python/project/instance/airflow284/dags/tag_data_warehouse/dw_order_sync.py
[2026-03-06T09:42:01.643+0800] {processor.py:914} INFO - Processing file /Users/linghuchong/Downloads/51/Python/project/instance/airflow284/dags/tag_data_warehouse/dw_order_sync.py for tasks to queue
[2026-03-06T09:42:01.644+0800] {logging_mixin.py:190} INFO - [2026-03-06T09:42:01.644+0800] {dagbag.py:588} INFO - Filling up the DagBag from /Users/linghuchong/Downloads/51/Python/project/instance/airflow284/dags/tag_data_warehouse/dw_order_sync.py
[2026-03-06T09:42:01.771+0800] {processor.py:925} INFO - DAG(s) 'dw_order_sync' retrieved from /Users/linghuchong/Downloads/51/Python/project/instance/airflow284/dags/tag_data_warehouse/dw_order_sync.py
[2026-03-06T09:42:01.786+0800] {logging_mixin.py:190} INFO - [2026-03-06T09:42:01.785+0800] {dag.py:3239} INFO - Sync 1 DAGs
[2026-03-06T09:42:01.804+0800] {logging_mixin.py:190} INFO - [2026-03-06T09:42:01.804+0800] {dag.py:4180} INFO - Setting next_dagrun for dw_order_sync to 2026-02-28 16:00:00+00:00, run_after=2026-03-31 16:00:00+00:00
[2026-03-06T09:42:01.824+0800] {processor.py:208} INFO - Processing /Users/linghuchong/Downloads/51/Python/project/instance/airflow284/dags/tag_data_warehouse/dw_order_sync.py took 185.962 seconds
[2026-03-06T09:44:57.351+0800] {processor.py:186} INFO - Started process (PID=2362) to work on /Users/linghuchong/Downloads/51/Python/project/instance/airflow284/dags/tag_data_warehouse/dw_order_sync.py
[2026-03-06T09:44:57.352+0800] {processor.py:914} INFO - Processing file /Users/linghuchong/Downloads/51/Python/project/instance/airflow284/dags/tag_data_warehouse/dw_order_sync.py for tasks to queue
[2026-03-06T09:44:57.353+0800] {logging_mixin.py:190} INFO - [2026-03-06T09:44:57.353+0800] {dagbag.py:588} INFO - Filling up the DagBag from /Users/linghuchong/Downloads/51/Python/project/instance/airflow284/dags/tag_data_warehouse/dw_order_sync.py
[2026-03-06T09:44:57.486+0800] {processor.py:925} INFO - DAG(s) 'dw_order_sync' retrieved from /Users/linghuchong/Downloads/51/Python/project/instance/airflow284/dags/tag_data_warehouse/dw_order_sync.py
[2026-03-06T09:44:57.501+0800] {logging_mixin.py:190} INFO - [2026-03-06T09:44:57.501+0800] {dag.py:3239} INFO - Sync 1 DAGs
[2026-03-06T09:44:57.521+0800] {logging_mixin.py:190} INFO - [2026-03-06T09:44:57.521+0800] {dag.py:4180} INFO - Setting next_dagrun for dw_order_sync to 2026-02-28 16:00:00+00:00, run_after=2026-03-31 16:00:00+00:00
[2026-03-06T09:44:57.537+0800] {processor.py:208} INFO - Processing /Users/linghuchong/Downloads/51/Python/project/instance/airflow284/dags/tag_data_warehouse/dw_order_sync.py took 188.438 seconds
[2026-03-06T09:47:50.565+0800] {processor.py:186} INFO - Started process (PID=2431) to work on /Users/linghuchong/Downloads/51/Python/project/instance/airflow284/dags/tag_data_warehouse/dw_order_sync.py
[2026-03-06T09:47:50.566+0800] {processor.py:914} INFO - Processing file /Users/linghuchong/Downloads/51/Python/project/instance/airflow284/dags/tag_data_warehouse/dw_order_sync.py for tasks to queue
[2026-03-06T09:47:50.567+0800] {logging_mixin.py:190} INFO - [2026-03-06T09:47:50.567+0800] {dagbag.py:588} INFO - Filling up the DagBag from /Users/linghuchong/Downloads/51/Python/project/instance/airflow284/dags/tag_data_warehouse/dw_order_sync.py
[2026-03-06T09:47:50.695+0800] {processor.py:925} INFO - DAG(s) 'dw_order_sync' retrieved from /Users/linghuchong/Downloads/51/Python/project/instance/airflow284/dags/tag_data_warehouse/dw_order_sync.py
[2026-03-06T09:47:50.710+0800] {logging_mixin.py:190} INFO - [2026-03-06T09:47:50.710+0800] {dag.py:3239} INFO - Sync 1 DAGs
[2026-03-06T09:47:50.730+0800] {logging_mixin.py:190} INFO - [2026-03-06T09:47:50.730+0800] {dag.py:4180} INFO - Setting next_dagrun for dw_order_sync to 2026-02-28 16:00:00+00:00, run_after=2026-03-31 16:00:00+00:00
[2026-03-06T09:47:50.752+0800] {processor.py:208} INFO - Processing /Users/linghuchong/Downloads/51/Python/project/instance/airflow284/dags/tag_data_warehouse/dw_order_sync.py took 189.265 seconds
[2026-03-06T09:50:43.742+0800] {processor.py:186} INFO - Started process (PID=2493) to work on /Users/linghuchong/Downloads/51/Python/project/instance/airflow284/dags/tag_data_warehouse/dw_order_sync.py
[2026-03-06T09:50:43.743+0800] {processor.py:914} INFO - Processing file /Users/linghuchong/Downloads/51/Python/project/instance/airflow284/dags/tag_data_warehouse/dw_order_sync.py for tasks to queue
[2026-03-06T09:50:43.744+0800] {logging_mixin.py:190} INFO - [2026-03-06T09:50:43.744+0800] {dagbag.py:588} INFO - Filling up the DagBag from /Users/linghuchong/Downloads/51/Python/project/instance/airflow284/dags/tag_data_warehouse/dw_order_sync.py
[2026-03-06T09:50:43.875+0800] {processor.py:925} INFO - DAG(s) 'dw_order_sync' retrieved from /Users/linghuchong/Downloads/51/Python/project/instance/airflow284/dags/tag_data_warehouse/dw_order_sync.py
[2026-03-06T09:50:43.889+0800] {logging_mixin.py:190} INFO - [2026-03-06T09:50:43.889+0800] {dag.py:3239} INFO - Sync 1 DAGs
[2026-03-06T09:50:43.909+0800] {logging_mixin.py:190} INFO - [2026-03-06T09:50:43.908+0800] {dag.py:4180} INFO - Setting next_dagrun for dw_order_sync to 2026-02-28 16:00:00+00:00, run_after=2026-03-31 16:00:00+00:00
[2026-03-06T09:50:43.928+0800] {processor.py:208} INFO - Processing /Users/linghuchong/Downloads/51/Python/project/instance/airflow284/dags/tag_data_warehouse/dw_order_sync.py took 188.920 seconds
[2026-03-06T09:53:46.470+0800] {processor.py:186} INFO - Started process (PID=2578) to work on /Users/linghuchong/Downloads/51/Python/project/instance/airflow284/dags/tag_data_warehouse/dw_order_sync.py
[2026-03-06T09:53:46.473+0800] {processor.py:914} INFO - Processing file /Users/linghuchong/Downloads/51/Python/project/instance/airflow284/dags/tag_data_warehouse/dw_order_sync.py for tasks to queue
[2026-03-06T09:53:46.474+0800] {logging_mixin.py:190} INFO - [2026-03-06T09:53:46.474+0800] {dagbag.py:588} INFO - Filling up the DagBag from /Users/linghuchong/Downloads/51/Python/project/instance/airflow284/dags/tag_data_warehouse/dw_order_sync.py
[2026-03-06T09:53:46.601+0800] {processor.py:925} INFO - DAG(s) 'dw_order_sync' retrieved from /Users/linghuchong/Downloads/51/Python/project/instance/airflow284/dags/tag_data_warehouse/dw_order_sync.py
[2026-03-06T09:53:46.615+0800] {logging_mixin.py:190} INFO - [2026-03-06T09:53:46.615+0800] {dag.py:3239} INFO - Sync 1 DAGs
[2026-03-06T09:53:46.635+0800] {logging_mixin.py:190} INFO - [2026-03-06T09:53:46.634+0800] {dag.py:4180} INFO - Setting next_dagrun for dw_order_sync to 2026-02-28 16:00:00+00:00, run_after=2026-03-31 16:00:00+00:00
[2026-03-06T09:53:46.654+0800] {processor.py:208} INFO - Processing /Users/linghuchong/Downloads/51/Python/project/instance/airflow284/dags/tag_data_warehouse/dw_order_sync.py took 186.630 seconds
[2026-03-06T09:57:28.417+0800] {processor.py:186} INFO - Started process (PID=3001) to work on /Users/linghuchong/Downloads/51/Python/project/instance/airflow284/dags/tag_data_warehouse/dw_order_sync.py
[2026-03-06T09:57:28.418+0800] {processor.py:914} INFO - Processing file /Users/linghuchong/Downloads/51/Python/project/instance/airflow284/dags/tag_data_warehouse/dw_order_sync.py for tasks to queue
[2026-03-06T09:57:28.419+0800] {logging_mixin.py:190} INFO - [2026-03-06T09:57:28.419+0800] {dagbag.py:588} INFO - Filling up the DagBag from /Users/linghuchong/Downloads/51/Python/project/instance/airflow284/dags/tag_data_warehouse/dw_order_sync.py
[2026-03-06T09:57:28.564+0800] {processor.py:925} INFO - DAG(s) 'dw_order_sync' retrieved from /Users/linghuchong/Downloads/51/Python/project/instance/airflow284/dags/tag_data_warehouse/dw_order_sync.py
[2026-03-06T09:57:28.581+0800] {logging_mixin.py:190} INFO - [2026-03-06T09:57:28.581+0800] {dag.py:3239} INFO - Sync 1 DAGs
[2026-03-06T09:57:28.605+0800] {logging_mixin.py:190} INFO - [2026-03-06T09:57:28.605+0800] {dag.py:4180} INFO - Setting next_dagrun for dw_order_sync to 2026-02-28 16:00:00+00:00, run_after=2026-03-31 16:00:00+00:00
[2026-03-06T09:57:28.623+0800] {processor.py:208} INFO - Processing /Users/linghuchong/Downloads/51/Python/project/instance/airflow284/dags/tag_data_warehouse/dw_order_sync.py took 208.527 seconds
[2026-03-06T10:00:36.769+0800] {processor.py:186} INFO - Started process (PID=3156) to work on /Users/linghuchong/Downloads/51/Python/project/instance/airflow284/dags/tag_data_warehouse/dw_order_sync.py
[2026-03-06T10:00:36.771+0800] {processor.py:914} INFO - Processing file /Users/linghuchong/Downloads/51/Python/project/instance/airflow284/dags/tag_data_warehouse/dw_order_sync.py for tasks to queue
[2026-03-06T10:00:36.772+0800] {logging_mixin.py:190} INFO - [2026-03-06T10:00:36.772+0800] {dagbag.py:588} INFO - Filling up the DagBag from /Users/linghuchong/Downloads/51/Python/project/instance/airflow284/dags/tag_data_warehouse/dw_order_sync.py
[2026-03-06T10:00:36.900+0800] {processor.py:925} INFO - DAG(s) 'dw_order_sync' retrieved from /Users/linghuchong/Downloads/51/Python/project/instance/airflow284/dags/tag_data_warehouse/dw_order_sync.py
[2026-03-06T10:00:36.916+0800] {logging_mixin.py:190} INFO - [2026-03-06T10:00:36.916+0800] {dag.py:3239} INFO - Sync 1 DAGs
[2026-03-06T10:00:36.936+0800] {logging_mixin.py:190} INFO - [2026-03-06T10:00:36.936+0800] {dag.py:4180} INFO - Setting next_dagrun for dw_order_sync to 2026-02-28 16:00:00+00:00, run_after=2026-03-31 16:00:00+00:00
[2026-03-06T10:00:36.955+0800] {processor.py:208} INFO - Processing /Users/linghuchong/Downloads/51/Python/project/instance/airflow284/dags/tag_data_warehouse/dw_order_sync.py took 189.140 seconds
[2026-03-06T10:03:43.163+0800] {processor.py:186} INFO - Started process (PID=3465) to work on /Users/linghuchong/Downloads/51/Python/project/instance/airflow284/dags/tag_data_warehouse/dw_order_sync.py
[2026-03-06T10:03:43.164+0800] {processor.py:914} INFO - Processing file /Users/linghuchong/Downloads/51/Python/project/instance/airflow284/dags/tag_data_warehouse/dw_order_sync.py for tasks to queue
[2026-03-06T10:03:43.165+0800] {logging_mixin.py:190} INFO - [2026-03-06T10:03:43.164+0800] {dagbag.py:588} INFO - Filling up the DagBag from /Users/linghuchong/Downloads/51/Python/project/instance/airflow284/dags/tag_data_warehouse/dw_order_sync.py
[2026-03-06T10:03:43.305+0800] {processor.py:925} INFO - DAG(s) 'dw_order_sync' retrieved from /Users/linghuchong/Downloads/51/Python/project/instance/airflow284/dags/tag_data_warehouse/dw_order_sync.py
[2026-03-06T10:03:43.321+0800] {logging_mixin.py:190} INFO - [2026-03-06T10:03:43.321+0800] {dag.py:3239} INFO - Sync 1 DAGs
[2026-03-06T10:03:43.342+0800] {logging_mixin.py:190} INFO - [2026-03-06T10:03:43.342+0800] {dag.py:4180} INFO - Setting next_dagrun for dw_order_sync to 2026-02-28 16:00:00+00:00, run_after=2026-03-31 16:00:00+00:00
[2026-03-06T10:03:43.361+0800] {processor.py:208} INFO - Processing /Users/linghuchong/Downloads/51/Python/project/instance/airflow284/dags/tag_data_warehouse/dw_order_sync.py took 200.992 seconds
[2026-03-06T10:06:44.555+0800] {processor.py:186} INFO - Started process (PID=3626) to work on /Users/linghuchong/Downloads/51/Python/project/instance/airflow284/dags/tag_data_warehouse/dw_order_sync.py
[2026-03-06T10:06:44.556+0800] {processor.py:914} INFO - Processing file /Users/linghuchong/Downloads/51/Python/project/instance/airflow284/dags/tag_data_warehouse/dw_order_sync.py for tasks to queue
[2026-03-06T10:06:44.557+0800] {logging_mixin.py:190} INFO - [2026-03-06T10:06:44.557+0800] {dagbag.py:588} INFO - Filling up the DagBag from /Users/linghuchong/Downloads/51/Python/project/instance/airflow284/dags/tag_data_warehouse/dw_order_sync.py
[2026-03-06T10:06:44.690+0800] {processor.py:925} INFO - DAG(s) 'dw_order_sync' retrieved from /Users/linghuchong/Downloads/51/Python/project/instance/airflow284/dags/tag_data_warehouse/dw_order_sync.py
[2026-03-06T10:06:44.705+0800] {logging_mixin.py:190} INFO - [2026-03-06T10:06:44.705+0800] {dag.py:3239} INFO - Sync 1 DAGs
[2026-03-06T10:06:44.727+0800] {logging_mixin.py:190} INFO - [2026-03-06T10:06:44.727+0800] {dag.py:4180} INFO - Setting next_dagrun for dw_order_sync to 2026-02-28 16:00:00+00:00, run_after=2026-03-31 16:00:00+00:00
[2026-03-06T10:06:44.744+0800] {processor.py:208} INFO - Processing /Users/linghuchong/Downloads/51/Python/project/instance/airflow284/dags/tag_data_warehouse/dw_order_sync.py took 191.924 seconds
[2026-03-06T10:09:49.107+0800] {processor.py:186} INFO - Started process (PID=3750) to work on /Users/linghuchong/Downloads/51/Python/project/instance/airflow284/dags/tag_data_warehouse/dw_order_sync.py
[2026-03-06T10:09:49.107+0800] {processor.py:914} INFO - Processing file /Users/linghuchong/Downloads/51/Python/project/instance/airflow284/dags/tag_data_warehouse/dw_order_sync.py for tasks to queue
[2026-03-06T10:09:49.108+0800] {logging_mixin.py:190} INFO - [2026-03-06T10:09:49.108+0800] {dagbag.py:588} INFO - Filling up the DagBag from /Users/linghuchong/Downloads/51/Python/project/instance/airflow284/dags/tag_data_warehouse/dw_order_sync.py
[2026-03-06T10:09:49.244+0800] {processor.py:925} INFO - DAG(s) 'dw_order_sync' retrieved from /Users/linghuchong/Downloads/51/Python/project/instance/airflow284/dags/tag_data_warehouse/dw_order_sync.py
[2026-03-06T10:09:49.265+0800] {logging_mixin.py:190} INFO - [2026-03-06T10:09:49.265+0800] {dag.py:3239} INFO - Sync 1 DAGs
[2026-03-06T10:09:49.285+0800] {logging_mixin.py:190} INFO - [2026-03-06T10:09:49.284+0800] {dag.py:4180} INFO - Setting next_dagrun for dw_order_sync to 2026-02-28 16:00:00+00:00, run_after=2026-03-31 16:00:00+00:00
[2026-03-06T10:09:49.302+0800] {processor.py:208} INFO - Processing /Users/linghuchong/Downloads/51/Python/project/instance/airflow284/dags/tag_data_warehouse/dw_order_sync.py took 198.573 seconds
[2026-03-06T10:12:53.184+0800] {processor.py:186} INFO - Started process (PID=3823) to work on /Users/linghuchong/Downloads/51/Python/project/instance/airflow284/dags/tag_data_warehouse/dw_order_sync.py
[2026-03-06T10:12:53.185+0800] {processor.py:914} INFO - Processing file /Users/linghuchong/Downloads/51/Python/project/instance/airflow284/dags/tag_data_warehouse/dw_order_sync.py for tasks to queue
[2026-03-06T10:12:53.186+0800] {logging_mixin.py:190} INFO - [2026-03-06T10:12:53.186+0800] {dagbag.py:588} INFO - Filling up the DagBag from /Users/linghuchong/Downloads/51/Python/project/instance/airflow284/dags/tag_data_warehouse/dw_order_sync.py
[2026-03-06T10:12:53.320+0800] {processor.py:925} INFO - DAG(s) 'dw_order_sync' retrieved from /Users/linghuchong/Downloads/51/Python/project/instance/airflow284/dags/tag_data_warehouse/dw_order_sync.py
[2026-03-06T10:12:53.335+0800] {logging_mixin.py:190} INFO - [2026-03-06T10:12:53.335+0800] {dag.py:3239} INFO - Sync 1 DAGs
[2026-03-06T10:12:53.355+0800] {logging_mixin.py:190} INFO - [2026-03-06T10:12:53.355+0800] {dag.py:4180} INFO - Setting next_dagrun for dw_order_sync to 2026-02-28 16:00:00+00:00, run_after=2026-03-31 16:00:00+00:00
[2026-03-06T10:12:53.373+0800] {processor.py:208} INFO - Processing /Users/linghuchong/Downloads/51/Python/project/instance/airflow284/dags/tag_data_warehouse/dw_order_sync.py took 191.242 seconds
[2026-03-06T10:15:48.927+0800] {processor.py:186} INFO - Started process (PID=3913) to work on /Users/linghuchong/Downloads/51/Python/project/instance/airflow284/dags/tag_data_warehouse/dw_order_sync.py
[2026-03-06T10:15:48.928+0800] {processor.py:914} INFO - Processing file /Users/linghuchong/Downloads/51/Python/project/instance/airflow284/dags/tag_data_warehouse/dw_order_sync.py for tasks to queue
[2026-03-06T10:15:48.928+0800] {logging_mixin.py:190} INFO - [2026-03-06T10:15:48.928+0800] {dagbag.py:588} INFO - Filling up the DagBag from /Users/linghuchong/Downloads/51/Python/project/instance/airflow284/dags/tag_data_warehouse/dw_order_sync.py
[2026-03-06T10:15:49.056+0800] {processor.py:925} INFO - DAG(s) 'dw_order_sync' retrieved from /Users/linghuchong/Downloads/51/Python/project/instance/airflow284/dags/tag_data_warehouse/dw_order_sync.py
[2026-03-06T10:15:49.071+0800] {logging_mixin.py:190} INFO - [2026-03-06T10:15:49.071+0800] {dag.py:3239} INFO - Sync 1 DAGs
[2026-03-06T10:15:49.091+0800] {logging_mixin.py:190} INFO - [2026-03-06T10:15:49.090+0800] {dag.py:4180} INFO - Setting next_dagrun for dw_order_sync to 2026-02-28 16:00:00+00:00, run_after=2026-03-31 16:00:00+00:00
[2026-03-06T10:15:49.110+0800] {processor.py:208} INFO - Processing /Users/linghuchong/Downloads/51/Python/project/instance/airflow284/dags/tag_data_warehouse/dw_order_sync.py took 185.438 seconds
[2026-03-06T10:18:42.574+0800] {processor.py:186} INFO - Started process (PID=3994) to work on /Users/linghuchong/Downloads/51/Python/project/instance/airflow284/dags/tag_data_warehouse/dw_order_sync.py
[2026-03-06T10:18:42.575+0800] {processor.py:914} INFO - Processing file /Users/linghuchong/Downloads/51/Python/project/instance/airflow284/dags/tag_data_warehouse/dw_order_sync.py for tasks to queue
[2026-03-06T10:18:42.576+0800] {logging_mixin.py:190} INFO - [2026-03-06T10:18:42.576+0800] {dagbag.py:588} INFO - Filling up the DagBag from /Users/linghuchong/Downloads/51/Python/project/instance/airflow284/dags/tag_data_warehouse/dw_order_sync.py
[2026-03-06T10:18:42.712+0800] {processor.py:925} INFO - DAG(s) 'dw_order_sync' retrieved from /Users/linghuchong/Downloads/51/Python/project/instance/airflow284/dags/tag_data_warehouse/dw_order_sync.py
[2026-03-06T10:18:42.727+0800] {logging_mixin.py:190} INFO - [2026-03-06T10:18:42.727+0800] {dag.py:3239} INFO - Sync 1 DAGs
[2026-03-06T10:18:42.747+0800] {logging_mixin.py:190} INFO - [2026-03-06T10:18:42.747+0800] {dag.py:4180} INFO - Setting next_dagrun for dw_order_sync to 2026-02-28 16:00:00+00:00, run_after=2026-03-31 16:00:00+00:00
[2026-03-06T10:18:42.766+0800] {processor.py:208} INFO - Processing /Users/linghuchong/Downloads/51/Python/project/instance/airflow284/dags/tag_data_warehouse/dw_order_sync.py took 195.142 seconds
[2026-03-06T10:21:43.310+0800] {processor.py:186} INFO - Started process (PID=4061) to work on /Users/linghuchong/Downloads/51/Python/project/instance/airflow284/dags/tag_data_warehouse/dw_order_sync.py
[2026-03-06T10:21:43.311+0800] {processor.py:914} INFO - Processing file /Users/linghuchong/Downloads/51/Python/project/instance/airflow284/dags/tag_data_warehouse/dw_order_sync.py for tasks to queue
[2026-03-06T10:21:43.312+0800] {logging_mixin.py:190} INFO - [2026-03-06T10:21:43.312+0800] {dagbag.py:588} INFO - Filling up the DagBag from /Users/linghuchong/Downloads/51/Python/project/instance/airflow284/dags/tag_data_warehouse/dw_order_sync.py
[2026-03-06T10:21:43.445+0800] {processor.py:925} INFO - DAG(s) 'dw_order_sync' retrieved from /Users/linghuchong/Downloads/51/Python/project/instance/airflow284/dags/tag_data_warehouse/dw_order_sync.py
[2026-03-06T10:21:43.461+0800] {logging_mixin.py:190} INFO - [2026-03-06T10:21:43.460+0800] {dag.py:3239} INFO - Sync 1 DAGs
[2026-03-06T10:21:43.480+0800] {logging_mixin.py:190} INFO - [2026-03-06T10:21:43.480+0800] {dag.py:4180} INFO - Setting next_dagrun for dw_order_sync to 2026-02-28 16:00:00+00:00, run_after=2026-03-31 16:00:00+00:00
[2026-03-06T10:21:43.498+0800] {processor.py:208} INFO - Processing /Users/linghuchong/Downloads/51/Python/project/instance/airflow284/dags/tag_data_warehouse/dw_order_sync.py took 190.685 seconds
[2026-03-06T10:24:46.064+0800] {processor.py:186} INFO - Started process (PID=4137) to work on /Users/linghuchong/Downloads/51/Python/project/instance/airflow284/dags/tag_data_warehouse/dw_order_sync.py
[2026-03-06T10:24:46.065+0800] {processor.py:914} INFO - Processing file /Users/linghuchong/Downloads/51/Python/project/instance/airflow284/dags/tag_data_warehouse/dw_order_sync.py for tasks to queue
[2026-03-06T10:24:46.066+0800] {logging_mixin.py:190} INFO - [2026-03-06T10:24:46.066+0800] {dagbag.py:588} INFO - Filling up the DagBag from /Users/linghuchong/Downloads/51/Python/project/instance/airflow284/dags/tag_data_warehouse/dw_order_sync.py
[2026-03-06T10:24:46.206+0800] {processor.py:925} INFO - DAG(s) 'dw_order_sync' retrieved from /Users/linghuchong/Downloads/51/Python/project/instance/airflow284/dags/tag_data_warehouse/dw_order_sync.py
[2026-03-06T10:24:46.221+0800] {logging_mixin.py:190} INFO - [2026-03-06T10:24:46.221+0800] {dag.py:3239} INFO - Sync 1 DAGs
[2026-03-06T10:24:46.243+0800] {logging_mixin.py:190} INFO - [2026-03-06T10:24:46.243+0800] {dag.py:4180} INFO - Setting next_dagrun for dw_order_sync to 2026-02-28 16:00:00+00:00, run_after=2026-03-31 16:00:00+00:00
[2026-03-06T10:24:46.262+0800] {processor.py:208} INFO - Processing /Users/linghuchong/Downloads/51/Python/project/instance/airflow284/dags/tag_data_warehouse/dw_order_sync.py took 200.859 seconds
[2026-03-06T10:27:43.639+0800] {processor.py:186} INFO - Started process (PID=4223) to work on /Users/linghuchong/Downloads/51/Python/project/instance/airflow284/dags/tag_data_warehouse/dw_order_sync.py
[2026-03-06T10:27:43.640+0800] {processor.py:914} INFO - Processing file /Users/linghuchong/Downloads/51/Python/project/instance/airflow284/dags/tag_data_warehouse/dw_order_sync.py for tasks to queue
[2026-03-06T10:27:43.641+0800] {logging_mixin.py:190} INFO - [2026-03-06T10:27:43.641+0800] {dagbag.py:588} INFO - Filling up the DagBag from /Users/linghuchong/Downloads/51/Python/project/instance/airflow284/dags/tag_data_warehouse/dw_order_sync.py
[2026-03-06T10:27:43.772+0800] {processor.py:925} INFO - DAG(s) 'dw_order_sync' retrieved from /Users/linghuchong/Downloads/51/Python/project/instance/airflow284/dags/tag_data_warehouse/dw_order_sync.py
[2026-03-06T10:27:43.787+0800] {logging_mixin.py:190} INFO - [2026-03-06T10:27:43.787+0800] {dag.py:3239} INFO - Sync 1 DAGs
[2026-03-06T10:27:43.807+0800] {logging_mixin.py:190} INFO - [2026-03-06T10:27:43.807+0800] {dag.py:4180} INFO - Setting next_dagrun for dw_order_sync to 2026-02-28 16:00:00+00:00, run_after=2026-03-31 16:00:00+00:00
[2026-03-06T10:27:43.827+0800] {processor.py:208} INFO - Processing /Users/linghuchong/Downloads/51/Python/project/instance/airflow284/dags/tag_data_warehouse/dw_order_sync.py took 190.890 seconds
[2026-03-06T10:30:43.068+0800] {processor.py:186} INFO - Started process (PID=4291) to work on /Users/linghuchong/Downloads/51/Python/project/instance/airflow284/dags/tag_data_warehouse/dw_order_sync.py
[2026-03-06T10:30:43.069+0800] {processor.py:914} INFO - Processing file /Users/linghuchong/Downloads/51/Python/project/instance/airflow284/dags/tag_data_warehouse/dw_order_sync.py for tasks to queue
[2026-03-06T10:30:43.070+0800] {logging_mixin.py:190} INFO - [2026-03-06T10:30:43.070+0800] {dagbag.py:588} INFO - Filling up the DagBag from /Users/linghuchong/Downloads/51/Python/project/instance/airflow284/dags/tag_data_warehouse/dw_order_sync.py
[2026-03-06T10:30:43.207+0800] {processor.py:925} INFO - DAG(s) 'dw_order_sync' retrieved from /Users/linghuchong/Downloads/51/Python/project/instance/airflow284/dags/tag_data_warehouse/dw_order_sync.py
[2026-03-06T10:30:43.222+0800] {logging_mixin.py:190} INFO - [2026-03-06T10:30:43.222+0800] {dag.py:3239} INFO - Sync 1 DAGs
[2026-03-06T10:30:43.243+0800] {logging_mixin.py:190} INFO - [2026-03-06T10:30:43.243+0800] {dag.py:4180} INFO - Setting next_dagrun for dw_order_sync to 2026-02-28 16:00:00+00:00, run_after=2026-03-31 16:00:00+00:00
[2026-03-06T10:30:43.263+0800] {processor.py:208} INFO - Processing /Users/linghuchong/Downloads/51/Python/project/instance/airflow284/dags/tag_data_warehouse/dw_order_sync.py took 198.224 seconds
[2026-03-06T10:33:52.388+0800] {processor.py:186} INFO - Started process (PID=4448) to work on /Users/linghuchong/Downloads/51/Python/project/instance/airflow284/dags/tag_data_warehouse/dw_order_sync.py
[2026-03-06T10:33:52.389+0800] {processor.py:914} INFO - Processing file /Users/linghuchong/Downloads/51/Python/project/instance/airflow284/dags/tag_data_warehouse/dw_order_sync.py for tasks to queue
[2026-03-06T10:33:52.390+0800] {logging_mixin.py:190} INFO - [2026-03-06T10:33:52.389+0800] {dagbag.py:588} INFO - Filling up the DagBag from /Users/linghuchong/Downloads/51/Python/project/instance/airflow284/dags/tag_data_warehouse/dw_order_sync.py
[2026-03-06T10:33:52.571+0800] {processor.py:925} INFO - DAG(s) 'dw_order_sync' retrieved from /Users/linghuchong/Downloads/51/Python/project/instance/airflow284/dags/tag_data_warehouse/dw_order_sync.py
[2026-03-06T10:33:52.586+0800] {logging_mixin.py:190} INFO - [2026-03-06T10:33:52.586+0800] {dag.py:3239} INFO - Sync 1 DAGs
[2026-03-06T10:33:52.605+0800] {logging_mixin.py:190} INFO - [2026-03-06T10:33:52.605+0800] {dag.py:4180} INFO - Setting next_dagrun for dw_order_sync to 2026-02-28 16:00:00+00:00, run_after=2026-03-31 16:00:00+00:00
[2026-03-06T10:33:52.624+0800] {processor.py:208} INFO - Processing /Users/linghuchong/Downloads/51/Python/project/instance/airflow284/dags/tag_data_warehouse/dw_order_sync.py took 238.485 seconds
[2026-03-06T10:36:52.495+0800] {processor.py:186} INFO - Started process (PID=4644) to work on /Users/linghuchong/Downloads/51/Python/project/instance/airflow284/dags/tag_data_warehouse/dw_order_sync.py
[2026-03-06T10:36:52.496+0800] {processor.py:914} INFO - Processing file /Users/linghuchong/Downloads/51/Python/project/instance/airflow284/dags/tag_data_warehouse/dw_order_sync.py for tasks to queue
[2026-03-06T10:36:52.497+0800] {logging_mixin.py:190} INFO - [2026-03-06T10:36:52.497+0800] {dagbag.py:588} INFO - Filling up the DagBag from /Users/linghuchong/Downloads/51/Python/project/instance/airflow284/dags/tag_data_warehouse/dw_order_sync.py
[2026-03-06T10:36:52.629+0800] {processor.py:925} INFO - DAG(s) 'dw_order_sync' retrieved from /Users/linghuchong/Downloads/51/Python/project/instance/airflow284/dags/tag_data_warehouse/dw_order_sync.py
[2026-03-06T10:36:52.646+0800] {logging_mixin.py:190} INFO - [2026-03-06T10:36:52.645+0800] {dag.py:3239} INFO - Sync 1 DAGs
[2026-03-06T10:36:52.667+0800] {logging_mixin.py:190} INFO - [2026-03-06T10:36:52.667+0800] {dag.py:4180} INFO - Setting next_dagrun for dw_order_sync to 2026-02-28 16:00:00+00:00, run_after=2026-03-31 16:00:00+00:00
[2026-03-06T10:36:52.686+0800] {processor.py:208} INFO - Processing /Users/linghuchong/Downloads/51/Python/project/instance/airflow284/dags/tag_data_warehouse/dw_order_sync.py took 193.160 seconds
[2026-03-06T10:39:53.497+0800] {processor.py:186} INFO - Started process (PID=4747) to work on /Users/linghuchong/Downloads/51/Python/project/instance/airflow284/dags/tag_data_warehouse/dw_order_sync.py
[2026-03-06T10:39:53.497+0800] {processor.py:914} INFO - Processing file /Users/linghuchong/Downloads/51/Python/project/instance/airflow284/dags/tag_data_warehouse/dw_order_sync.py for tasks to queue
[2026-03-06T10:39:53.498+0800] {logging_mixin.py:190} INFO - [2026-03-06T10:39:53.498+0800] {dagbag.py:588} INFO - Filling up the DagBag from /Users/linghuchong/Downloads/51/Python/project/instance/airflow284/dags/tag_data_warehouse/dw_order_sync.py
[2026-03-06T10:39:53.627+0800] {processor.py:925} INFO - DAG(s) 'dw_order_sync' retrieved from /Users/linghuchong/Downloads/51/Python/project/instance/airflow284/dags/tag_data_warehouse/dw_order_sync.py
[2026-03-06T10:39:53.642+0800] {logging_mixin.py:190} INFO - [2026-03-06T10:39:53.642+0800] {dag.py:3239} INFO - Sync 1 DAGs
[2026-03-06T10:39:53.663+0800] {logging_mixin.py:190} INFO - [2026-03-06T10:39:53.663+0800] {dag.py:4180} INFO - Setting next_dagrun for dw_order_sync to 2026-02-28 16:00:00+00:00, run_after=2026-03-31 16:00:00+00:00
[2026-03-06T10:39:53.682+0800] {processor.py:208} INFO - Processing /Users/linghuchong/Downloads/51/Python/project/instance/airflow284/dags/tag_data_warehouse/dw_order_sync.py took 188.068 seconds
[2026-03-06T10:42:53.619+0800] {processor.py:186} INFO - Started process (PID=4827) to work on /Users/linghuchong/Downloads/51/Python/project/instance/airflow284/dags/tag_data_warehouse/dw_order_sync.py
[2026-03-06T10:42:53.620+0800] {processor.py:914} INFO - Processing file /Users/linghuchong/Downloads/51/Python/project/instance/airflow284/dags/tag_data_warehouse/dw_order_sync.py for tasks to queue
[2026-03-06T10:42:53.621+0800] {logging_mixin.py:190} INFO - [2026-03-06T10:42:53.621+0800] {dagbag.py:588} INFO - Filling up the DagBag from /Users/linghuchong/Downloads/51/Python/project/instance/airflow284/dags/tag_data_warehouse/dw_order_sync.py
[2026-03-06T10:42:53.755+0800] {processor.py:925} INFO - DAG(s) 'dw_order_sync' retrieved from /Users/linghuchong/Downloads/51/Python/project/instance/airflow284/dags/tag_data_warehouse/dw_order_sync.py
[2026-03-06T10:42:53.771+0800] {logging_mixin.py:190} INFO - [2026-03-06T10:42:53.770+0800] {dag.py:3239} INFO - Sync 1 DAGs
[2026-03-06T10:42:53.791+0800] {logging_mixin.py:190} INFO - [2026-03-06T10:42:53.791+0800] {dag.py:4180} INFO - Setting next_dagrun for dw_order_sync to 2026-02-28 16:00:00+00:00, run_after=2026-03-31 16:00:00+00:00
[2026-03-06T10:42:53.811+0800] {processor.py:208} INFO - Processing /Users/linghuchong/Downloads/51/Python/project/instance/airflow284/dags/tag_data_warehouse/dw_order_sync.py took 194.704 seconds
[2026-03-06T10:45:55.723+0800] {processor.py:186} INFO - Started process (PID=4914) to work on /Users/linghuchong/Downloads/51/Python/project/instance/airflow284/dags/tag_data_warehouse/dw_order_sync.py
[2026-03-06T10:45:55.724+0800] {processor.py:914} INFO - Processing file /Users/linghuchong/Downloads/51/Python/project/instance/airflow284/dags/tag_data_warehouse/dw_order_sync.py for tasks to queue
[2026-03-06T10:45:55.725+0800] {logging_mixin.py:190} INFO - [2026-03-06T10:45:55.725+0800] {dagbag.py:588} INFO - Filling up the DagBag from /Users/linghuchong/Downloads/51/Python/project/instance/airflow284/dags/tag_data_warehouse/dw_order_sync.py
[2026-03-06T10:45:55.856+0800] {processor.py:925} INFO - DAG(s) 'dw_order_sync' retrieved from /Users/linghuchong/Downloads/51/Python/project/instance/airflow284/dags/tag_data_warehouse/dw_order_sync.py
[2026-03-06T10:45:55.872+0800] {logging_mixin.py:190} INFO - [2026-03-06T10:45:55.872+0800] {dag.py:3239} INFO - Sync 1 DAGs
[2026-03-06T10:45:55.894+0800] {logging_mixin.py:190} INFO - [2026-03-06T10:45:55.894+0800] {dag.py:4180} INFO - Setting next_dagrun for dw_order_sync to 2026-02-28 16:00:00+00:00, run_after=2026-03-31 16:00:00+00:00
[2026-03-06T10:45:55.915+0800] {processor.py:208} INFO - Processing /Users/linghuchong/Downloads/51/Python/project/instance/airflow284/dags/tag_data_warehouse/dw_order_sync.py took 194.560 seconds
[2026-03-06T10:49:02.581+0800] {processor.py:186} INFO - Started process (PID=4986) to work on /Users/linghuchong/Downloads/51/Python/project/instance/airflow284/dags/tag_data_warehouse/dw_order_sync.py
[2026-03-06T10:49:02.582+0800] {processor.py:914} INFO - Processing file /Users/linghuchong/Downloads/51/Python/project/instance/airflow284/dags/tag_data_warehouse/dw_order_sync.py for tasks to queue
[2026-03-06T10:49:02.583+0800] {logging_mixin.py:190} INFO - [2026-03-06T10:49:02.583+0800] {dagbag.py:588} INFO - Filling up the DagBag from /Users/linghuchong/Downloads/51/Python/project/instance/airflow284/dags/tag_data_warehouse/dw_order_sync.py
[2026-03-06T10:49:02.713+0800] {processor.py:925} INFO - DAG(s) 'dw_order_sync' retrieved from /Users/linghuchong/Downloads/51/Python/project/instance/airflow284/dags/tag_data_warehouse/dw_order_sync.py
[2026-03-06T10:49:02.727+0800] {logging_mixin.py:190} INFO - [2026-03-06T10:49:02.727+0800] {dag.py:3239} INFO - Sync 1 DAGs
[2026-03-06T10:49:02.748+0800] {logging_mixin.py:190} INFO - [2026-03-06T10:49:02.748+0800] {dag.py:4180} INFO - Setting next_dagrun for dw_order_sync to 2026-02-28 16:00:00+00:00, run_after=2026-03-31 16:00:00+00:00
[2026-03-06T10:49:02.767+0800] {processor.py:208} INFO - Processing /Users/linghuchong/Downloads/51/Python/project/instance/airflow284/dags/tag_data_warehouse/dw_order_sync.py took 188.816 seconds
[2026-03-06T10:52:02.690+0800] {processor.py:186} INFO - Started process (PID=5064) to work on /Users/linghuchong/Downloads/51/Python/project/instance/airflow284/dags/tag_data_warehouse/dw_order_sync.py
[2026-03-06T10:52:02.691+0800] {processor.py:914} INFO - Processing file /Users/linghuchong/Downloads/51/Python/project/instance/airflow284/dags/tag_data_warehouse/dw_order_sync.py for tasks to queue
[2026-03-06T10:52:02.692+0800] {logging_mixin.py:190} INFO - [2026-03-06T10:52:02.692+0800] {dagbag.py:588} INFO - Filling up the DagBag from /Users/linghuchong/Downloads/51/Python/project/instance/airflow284/dags/tag_data_warehouse/dw_order_sync.py
[2026-03-06T10:52:02.825+0800] {processor.py:925} INFO - DAG(s) 'dw_order_sync' retrieved from /Users/linghuchong/Downloads/51/Python/project/instance/airflow284/dags/tag_data_warehouse/dw_order_sync.py
[2026-03-06T10:52:02.840+0800] {logging_mixin.py:190} INFO - [2026-03-06T10:52:02.840+0800] {dag.py:3239} INFO - Sync 1 DAGs
[2026-03-06T10:52:02.862+0800] {logging_mixin.py:190} INFO - [2026-03-06T10:52:02.862+0800] {dag.py:4180} INFO - Setting next_dagrun for dw_order_sync to 2026-02-28 16:00:00+00:00, run_after=2026-03-31 16:00:00+00:00
[2026-03-06T10:52:02.882+0800] {processor.py:208} INFO - Processing /Users/linghuchong/Downloads/51/Python/project/instance/airflow284/dags/tag_data_warehouse/dw_order_sync.py took 193.968 seconds
[2026-03-06T10:55:09.175+0800] {processor.py:186} INFO - Started process (PID=5225) to work on /Users/linghuchong/Downloads/51/Python/project/instance/airflow284/dags/tag_data_warehouse/dw_order_sync.py
[2026-03-06T10:55:09.176+0800] {processor.py:914} INFO - Processing file /Users/linghuchong/Downloads/51/Python/project/instance/airflow284/dags/tag_data_warehouse/dw_order_sync.py for tasks to queue
[2026-03-06T10:55:09.177+0800] {logging_mixin.py:190} INFO - [2026-03-06T10:55:09.176+0800] {dagbag.py:588} INFO - Filling up the DagBag from /Users/linghuchong/Downloads/51/Python/project/instance/airflow284/dags/tag_data_warehouse/dw_order_sync.py
[2026-03-06T10:55:09.306+0800] {processor.py:925} INFO - DAG(s) 'dw_order_sync' retrieved from /Users/linghuchong/Downloads/51/Python/project/instance/airflow284/dags/tag_data_warehouse/dw_order_sync.py
[2026-03-06T10:55:09.320+0800] {logging_mixin.py:190} INFO - [2026-03-06T10:55:09.320+0800] {dag.py:3239} INFO - Sync 1 DAGs
[2026-03-06T10:55:09.340+0800] {logging_mixin.py:190} INFO - [2026-03-06T10:55:09.340+0800] {dag.py:4180} INFO - Setting next_dagrun for dw_order_sync to 2026-02-28 16:00:00+00:00, run_after=2026-03-31 16:00:00+00:00
[2026-03-06T10:55:09.361+0800] {processor.py:208} INFO - Processing /Users/linghuchong/Downloads/51/Python/project/instance/airflow284/dags/tag_data_warehouse/dw_order_sync.py took 189.072 seconds
[2026-03-06T10:58:04.439+0800] {processor.py:186} INFO - Started process (PID=5313) to work on /Users/linghuchong/Downloads/51/Python/project/instance/airflow284/dags/tag_data_warehouse/dw_order_sync.py
[2026-03-06T10:58:04.440+0800] {processor.py:914} INFO - Processing file /Users/linghuchong/Downloads/51/Python/project/instance/airflow284/dags/tag_data_warehouse/dw_order_sync.py for tasks to queue
[2026-03-06T10:58:04.441+0800] {logging_mixin.py:190} INFO - [2026-03-06T10:58:04.441+0800] {dagbag.py:588} INFO - Filling up the DagBag from /Users/linghuchong/Downloads/51/Python/project/instance/airflow284/dags/tag_data_warehouse/dw_order_sync.py
[2026-03-06T10:58:04.566+0800] {processor.py:925} INFO - DAG(s) 'dw_order_sync' retrieved from /Users/linghuchong/Downloads/51/Python/project/instance/airflow284/dags/tag_data_warehouse/dw_order_sync.py
[2026-03-06T10:58:04.580+0800] {logging_mixin.py:190} INFO - [2026-03-06T10:58:04.580+0800] {dag.py:3239} INFO - Sync 1 DAGs
[2026-03-06T10:58:04.600+0800] {logging_mixin.py:190} INFO - [2026-03-06T10:58:04.600+0800] {dag.py:4180} INFO - Setting next_dagrun for dw_order_sync to 2026-02-28 16:00:00+00:00, run_after=2026-03-31 16:00:00+00:00
[2026-03-06T10:58:04.620+0800] {processor.py:208} INFO - Processing /Users/linghuchong/Downloads/51/Python/project/instance/airflow284/dags/tag_data_warehouse/dw_order_sync.py took 183.520 seconds
[2026-03-06T11:01:04.849+0800] {processor.py:186} INFO - Started process (PID=5381) to work on /Users/linghuchong/Downloads/51/Python/project/instance/airflow284/dags/tag_data_warehouse/dw_order_sync.py
[2026-03-06T11:01:04.850+0800] {processor.py:914} INFO - Processing file /Users/linghuchong/Downloads/51/Python/project/instance/airflow284/dags/tag_data_warehouse/dw_order_sync.py for tasks to queue
[2026-03-06T11:01:04.851+0800] {logging_mixin.py:190} INFO - [2026-03-06T11:01:04.851+0800] {dagbag.py:588} INFO - Filling up the DagBag from /Users/linghuchong/Downloads/51/Python/project/instance/airflow284/dags/tag_data_warehouse/dw_order_sync.py
[2026-03-06T11:01:04.988+0800] {processor.py:925} INFO - DAG(s) 'dw_order_sync' retrieved from /Users/linghuchong/Downloads/51/Python/project/instance/airflow284/dags/tag_data_warehouse/dw_order_sync.py
[2026-03-06T11:01:05.002+0800] {logging_mixin.py:190} INFO - [2026-03-06T11:01:05.002+0800] {dag.py:3239} INFO - Sync 1 DAGs
[2026-03-06T11:01:05.024+0800] {logging_mixin.py:190} INFO - [2026-03-06T11:01:05.024+0800] {dag.py:4180} INFO - Setting next_dagrun for dw_order_sync to 2026-02-28 16:00:00+00:00, run_after=2026-03-31 16:00:00+00:00
[2026-03-06T11:01:05.047+0800] {processor.py:208} INFO - Processing /Users/linghuchong/Downloads/51/Python/project/instance/airflow284/dags/tag_data_warehouse/dw_order_sync.py took 201.066 seconds
[2026-03-06T11:04:03.266+0800] {processor.py:186} INFO - Started process (PID=5481) to work on /Users/linghuchong/Downloads/51/Python/project/instance/airflow284/dags/tag_data_warehouse/dw_order_sync.py
[2026-03-06T11:04:03.267+0800] {processor.py:914} INFO - Processing file /Users/linghuchong/Downloads/51/Python/project/instance/airflow284/dags/tag_data_warehouse/dw_order_sync.py for tasks to queue
[2026-03-06T11:04:03.267+0800] {logging_mixin.py:190} INFO - [2026-03-06T11:04:03.267+0800] {dagbag.py:588} INFO - Filling up the DagBag from /Users/linghuchong/Downloads/51/Python/project/instance/airflow284/dags/tag_data_warehouse/dw_order_sync.py
[2026-03-06T11:04:03.394+0800] {processor.py:925} INFO - DAG(s) 'dw_order_sync' retrieved from /Users/linghuchong/Downloads/51/Python/project/instance/airflow284/dags/tag_data_warehouse/dw_order_sync.py
[2026-03-06T11:04:03.408+0800] {logging_mixin.py:190} INFO - [2026-03-06T11:04:03.408+0800] {dag.py:3239} INFO - Sync 1 DAGs
[2026-03-06T11:04:03.427+0800] {logging_mixin.py:190} INFO - [2026-03-06T11:04:03.427+0800] {dag.py:4180} INFO - Setting next_dagrun for dw_order_sync to 2026-02-28 16:00:00+00:00, run_after=2026-03-31 16:00:00+00:00
[2026-03-06T11:04:03.446+0800] {processor.py:208} INFO - Processing /Users/linghuchong/Downloads/51/Python/project/instance/airflow284/dags/tag_data_warehouse/dw_order_sync.py took 182.993 seconds
[2026-03-06T11:06:59.104+0800] {processor.py:186} INFO - Started process (PID=5556) to work on /Users/linghuchong/Downloads/51/Python/project/instance/airflow284/dags/tag_data_warehouse/dw_order_sync.py
[2026-03-06T11:06:59.105+0800] {processor.py:914} INFO - Processing file /Users/linghuchong/Downloads/51/Python/project/instance/airflow284/dags/tag_data_warehouse/dw_order_sync.py for tasks to queue
[2026-03-06T11:06:59.106+0800] {logging_mixin.py:190} INFO - [2026-03-06T11:06:59.106+0800] {dagbag.py:588} INFO - Filling up the DagBag from /Users/linghuchong/Downloads/51/Python/project/instance/airflow284/dags/tag_data_warehouse/dw_order_sync.py
[2026-03-06T11:06:59.233+0800] {processor.py:925} INFO - DAG(s) 'dw_order_sync' retrieved from /Users/linghuchong/Downloads/51/Python/project/instance/airflow284/dags/tag_data_warehouse/dw_order_sync.py
[2026-03-06T11:06:59.249+0800] {logging_mixin.py:190} INFO - [2026-03-06T11:06:59.248+0800] {dag.py:3239} INFO - Sync 1 DAGs
[2026-03-06T11:06:59.270+0800] {logging_mixin.py:190} INFO - [2026-03-06T11:06:59.270+0800] {dag.py:4180} INFO - Setting next_dagrun for dw_order_sync to 2026-02-28 16:00:00+00:00, run_after=2026-03-31 16:00:00+00:00
[2026-03-06T11:06:59.288+0800] {processor.py:208} INFO - Processing /Users/linghuchong/Downloads/51/Python/project/instance/airflow284/dags/tag_data_warehouse/dw_order_sync.py took 187.001 seconds
[2026-03-06T11:10:03.404+0800] {processor.py:186} INFO - Started process (PID=5621) to work on /Users/linghuchong/Downloads/51/Python/project/instance/airflow284/dags/tag_data_warehouse/dw_order_sync.py
[2026-03-06T11:10:03.405+0800] {processor.py:914} INFO - Processing file /Users/linghuchong/Downloads/51/Python/project/instance/airflow284/dags/tag_data_warehouse/dw_order_sync.py for tasks to queue
[2026-03-06T11:10:03.406+0800] {logging_mixin.py:190} INFO - [2026-03-06T11:10:03.406+0800] {dagbag.py:588} INFO - Filling up the DagBag from /Users/linghuchong/Downloads/51/Python/project/instance/airflow284/dags/tag_data_warehouse/dw_order_sync.py
[2026-03-06T11:10:03.536+0800] {processor.py:925} INFO - DAG(s) 'dw_order_sync' retrieved from /Users/linghuchong/Downloads/51/Python/project/instance/airflow284/dags/tag_data_warehouse/dw_order_sync.py
[2026-03-06T11:10:03.550+0800] {logging_mixin.py:190} INFO - [2026-03-06T11:10:03.550+0800] {dag.py:3239} INFO - Sync 1 DAGs
[2026-03-06T11:10:03.570+0800] {logging_mixin.py:190} INFO - [2026-03-06T11:10:03.569+0800] {dag.py:4180} INFO - Setting next_dagrun for dw_order_sync to 2026-02-28 16:00:00+00:00, run_after=2026-03-31 16:00:00+00:00
[2026-03-06T11:10:03.588+0800] {processor.py:208} INFO - Processing /Users/linghuchong/Downloads/51/Python/project/instance/airflow284/dags/tag_data_warehouse/dw_order_sync.py took 186.364 seconds
[2026-03-06T11:13:09.480+0800] {processor.py:186} INFO - Started process (PID=5705) to work on /Users/linghuchong/Downloads/51/Python/project/instance/airflow284/dags/tag_data_warehouse/dw_order_sync.py
[2026-03-06T11:13:09.480+0800] {processor.py:914} INFO - Processing file /Users/linghuchong/Downloads/51/Python/project/instance/airflow284/dags/tag_data_warehouse/dw_order_sync.py for tasks to queue
[2026-03-06T11:13:09.481+0800] {logging_mixin.py:190} INFO - [2026-03-06T11:13:09.481+0800] {dagbag.py:588} INFO - Filling up the DagBag from /Users/linghuchong/Downloads/51/Python/project/instance/airflow284/dags/tag_data_warehouse/dw_order_sync.py
[2026-03-06T11:13:09.613+0800] {processor.py:925} INFO - DAG(s) 'dw_order_sync' retrieved from /Users/linghuchong/Downloads/51/Python/project/instance/airflow284/dags/tag_data_warehouse/dw_order_sync.py
[2026-03-06T11:13:09.629+0800] {logging_mixin.py:190} INFO - [2026-03-06T11:13:09.628+0800] {dag.py:3239} INFO - Sync 1 DAGs
[2026-03-06T11:13:09.649+0800] {logging_mixin.py:190} INFO - [2026-03-06T11:13:09.649+0800] {dag.py:4180} INFO - Setting next_dagrun for dw_order_sync to 2026-02-28 16:00:00+00:00, run_after=2026-03-31 16:00:00+00:00
[2026-03-06T11:13:09.669+0800] {processor.py:208} INFO - Processing /Users/linghuchong/Downloads/51/Python/project/instance/airflow284/dags/tag_data_warehouse/dw_order_sync.py took 192.498 seconds
[2026-03-06T11:16:05.636+0800] {processor.py:186} INFO - Started process (PID=5774) to work on /Users/linghuchong/Downloads/51/Python/project/instance/airflow284/dags/tag_data_warehouse/dw_order_sync.py
[2026-03-06T11:16:05.637+0800] {processor.py:914} INFO - Processing file /Users/linghuchong/Downloads/51/Python/project/instance/airflow284/dags/tag_data_warehouse/dw_order_sync.py for tasks to queue
[2026-03-06T11:16:05.638+0800] {logging_mixin.py:190} INFO - [2026-03-06T11:16:05.638+0800] {dagbag.py:588} INFO - Filling up the DagBag from /Users/linghuchong/Downloads/51/Python/project/instance/airflow284/dags/tag_data_warehouse/dw_order_sync.py
[2026-03-06T11:16:05.773+0800] {processor.py:925} INFO - DAG(s) 'dw_order_sync' retrieved from /Users/linghuchong/Downloads/51/Python/project/instance/airflow284/dags/tag_data_warehouse/dw_order_sync.py
[2026-03-06T11:16:05.790+0800] {logging_mixin.py:190} INFO - [2026-03-06T11:16:05.789+0800] {dag.py:3239} INFO - Sync 1 DAGs
[2026-03-06T11:16:05.812+0800] {logging_mixin.py:190} INFO - [2026-03-06T11:16:05.812+0800] {dag.py:4180} INFO - Setting next_dagrun for dw_order_sync to 2026-02-28 16:00:00+00:00, run_after=2026-03-31 16:00:00+00:00
[2026-03-06T11:16:05.832+0800] {processor.py:208} INFO - Processing /Users/linghuchong/Downloads/51/Python/project/instance/airflow284/dags/tag_data_warehouse/dw_order_sync.py took 198.937 seconds
[2026-03-06T11:19:02.086+0800] {processor.py:186} INFO - Started process (PID=5849) to work on /Users/linghuchong/Downloads/51/Python/project/instance/airflow284/dags/tag_data_warehouse/dw_order_sync.py
[2026-03-06T11:19:02.087+0800] {processor.py:914} INFO - Processing file /Users/linghuchong/Downloads/51/Python/project/instance/airflow284/dags/tag_data_warehouse/dw_order_sync.py for tasks to queue
[2026-03-06T11:19:02.088+0800] {logging_mixin.py:190} INFO - [2026-03-06T11:19:02.087+0800] {dagbag.py:588} INFO - Filling up the DagBag from /Users/linghuchong/Downloads/51/Python/project/instance/airflow284/dags/tag_data_warehouse/dw_order_sync.py
[2026-03-06T11:19:02.214+0800] {processor.py:925} INFO - DAG(s) 'dw_order_sync' retrieved from /Users/linghuchong/Downloads/51/Python/project/instance/airflow284/dags/tag_data_warehouse/dw_order_sync.py
[2026-03-06T11:19:02.229+0800] {logging_mixin.py:190} INFO - [2026-03-06T11:19:02.229+0800] {dag.py:3239} INFO - Sync 1 DAGs
[2026-03-06T11:19:02.249+0800] {logging_mixin.py:190} INFO - [2026-03-06T11:19:02.248+0800] {dag.py:4180} INFO - Setting next_dagrun for dw_order_sync to 2026-02-28 16:00:00+00:00, run_after=2026-03-31 16:00:00+00:00
[2026-03-06T11:19:02.269+0800] {processor.py:208} INFO - Processing /Users/linghuchong/Downloads/51/Python/project/instance/airflow284/dags/tag_data_warehouse/dw_order_sync.py took 185.785 seconds
[2026-03-06T11:22:01.333+0800] {processor.py:186} INFO - Started process (PID=5925) to work on /Users/linghuchong/Downloads/51/Python/project/instance/airflow284/dags/tag_data_warehouse/dw_order_sync.py
[2026-03-06T11:22:01.334+0800] {processor.py:914} INFO - Processing file /Users/linghuchong/Downloads/51/Python/project/instance/airflow284/dags/tag_data_warehouse/dw_order_sync.py for tasks to queue
[2026-03-06T11:22:01.335+0800] {logging_mixin.py:190} INFO - [2026-03-06T11:22:01.335+0800] {dagbag.py:588} INFO - Filling up the DagBag from /Users/linghuchong/Downloads/51/Python/project/instance/airflow284/dags/tag_data_warehouse/dw_order_sync.py
[2026-03-06T11:22:01.468+0800] {processor.py:925} INFO - DAG(s) 'dw_order_sync' retrieved from /Users/linghuchong/Downloads/51/Python/project/instance/airflow284/dags/tag_data_warehouse/dw_order_sync.py
[2026-03-06T11:22:01.482+0800] {logging_mixin.py:190} INFO - [2026-03-06T11:22:01.482+0800] {dag.py:3239} INFO - Sync 1 DAGs
[2026-03-06T11:22:01.502+0800] {logging_mixin.py:190} INFO - [2026-03-06T11:22:01.502+0800] {dag.py:4180} INFO - Setting next_dagrun for dw_order_sync to 2026-02-28 16:00:00+00:00, run_after=2026-03-31 16:00:00+00:00
[2026-03-06T11:22:01.522+0800] {processor.py:208} INFO - Processing /Users/linghuchong/Downloads/51/Python/project/instance/airflow284/dags/tag_data_warehouse/dw_order_sync.py took 191.053 seconds
[2026-03-06T11:24:59.714+0800] {processor.py:186} INFO - Started process (PID=5989) to work on /Users/linghuchong/Downloads/51/Python/project/instance/airflow284/dags/tag_data_warehouse/dw_order_sync.py
[2026-03-06T11:24:59.715+0800] {processor.py:914} INFO - Processing file /Users/linghuchong/Downloads/51/Python/project/instance/airflow284/dags/tag_data_warehouse/dw_order_sync.py for tasks to queue
[2026-03-06T11:24:59.716+0800] {logging_mixin.py:190} INFO - [2026-03-06T11:24:59.716+0800] {dagbag.py:588} INFO - Filling up the DagBag from /Users/linghuchong/Downloads/51/Python/project/instance/airflow284/dags/tag_data_warehouse/dw_order_sync.py
[2026-03-06T11:24:59.842+0800] {processor.py:925} INFO - DAG(s) 'dw_order_sync' retrieved from /Users/linghuchong/Downloads/51/Python/project/instance/airflow284/dags/tag_data_warehouse/dw_order_sync.py
[2026-03-06T11:24:59.856+0800] {logging_mixin.py:190} INFO - [2026-03-06T11:24:59.856+0800] {dag.py:3239} INFO - Sync 1 DAGs
[2026-03-06T11:24:59.875+0800] {logging_mixin.py:190} INFO - [2026-03-06T11:24:59.875+0800] {dag.py:4180} INFO - Setting next_dagrun for dw_order_sync to 2026-02-28 16:00:00+00:00, run_after=2026-03-31 16:00:00+00:00
[2026-03-06T11:24:59.894+0800] {processor.py:208} INFO - Processing /Users/linghuchong/Downloads/51/Python/project/instance/airflow284/dags/tag_data_warehouse/dw_order_sync.py took 182.078 seconds
[2026-03-06T11:27:58.348+0800] {processor.py:186} INFO - Started process (PID=6067) to work on /Users/linghuchong/Downloads/51/Python/project/instance/airflow284/dags/tag_data_warehouse/dw_order_sync.py
[2026-03-06T11:27:58.349+0800] {processor.py:914} INFO - Processing file /Users/linghuchong/Downloads/51/Python/project/instance/airflow284/dags/tag_data_warehouse/dw_order_sync.py for tasks to queue
[2026-03-06T11:27:58.350+0800] {logging_mixin.py:190} INFO - [2026-03-06T11:27:58.350+0800] {dagbag.py:588} INFO - Filling up the DagBag from /Users/linghuchong/Downloads/51/Python/project/instance/airflow284/dags/tag_data_warehouse/dw_order_sync.py
[2026-03-06T11:27:58.479+0800] {processor.py:925} INFO - DAG(s) 'dw_order_sync' retrieved from /Users/linghuchong/Downloads/51/Python/project/instance/airflow284/dags/tag_data_warehouse/dw_order_sync.py
[2026-03-06T11:27:58.495+0800] {logging_mixin.py:190} INFO - [2026-03-06T11:27:58.494+0800] {dag.py:3239} INFO - Sync 1 DAGs
[2026-03-06T11:27:58.515+0800] {logging_mixin.py:190} INFO - [2026-03-06T11:27:58.515+0800] {dag.py:4180} INFO - Setting next_dagrun for dw_order_sync to 2026-02-28 16:00:00+00:00, run_after=2026-03-31 16:00:00+00:00
[2026-03-06T11:27:58.535+0800] {processor.py:208} INFO - Processing /Users/linghuchong/Downloads/51/Python/project/instance/airflow284/dags/tag_data_warehouse/dw_order_sync.py took 190.521 seconds
[2026-03-06T11:30:54.410+0800] {processor.py:186} INFO - Started process (PID=6135) to work on /Users/linghuchong/Downloads/51/Python/project/instance/airflow284/dags/tag_data_warehouse/dw_order_sync.py
[2026-03-06T11:30:54.411+0800] {processor.py:914} INFO - Processing file /Users/linghuchong/Downloads/51/Python/project/instance/airflow284/dags/tag_data_warehouse/dw_order_sync.py for tasks to queue
[2026-03-06T11:30:54.412+0800] {logging_mixin.py:190} INFO - [2026-03-06T11:30:54.412+0800] {dagbag.py:588} INFO - Filling up the DagBag from /Users/linghuchong/Downloads/51/Python/project/instance/airflow284/dags/tag_data_warehouse/dw_order_sync.py
[2026-03-06T11:30:54.541+0800] {processor.py:925} INFO - DAG(s) 'dw_order_sync' retrieved from /Users/linghuchong/Downloads/51/Python/project/instance/airflow284/dags/tag_data_warehouse/dw_order_sync.py
[2026-03-06T11:30:54.557+0800] {logging_mixin.py:190} INFO - [2026-03-06T11:30:54.557+0800] {dag.py:3239} INFO - Sync 1 DAGs
[2026-03-06T11:30:54.577+0800] {logging_mixin.py:190} INFO - [2026-03-06T11:30:54.577+0800] {dag.py:4180} INFO - Setting next_dagrun for dw_order_sync to 2026-02-28 16:00:00+00:00, run_after=2026-03-31 16:00:00+00:00
[2026-03-06T11:30:54.596+0800] {processor.py:208} INFO - Processing /Users/linghuchong/Downloads/51/Python/project/instance/airflow284/dags/tag_data_warehouse/dw_order_sync.py took 188.906 seconds
[2026-03-06T11:33:53.380+0800] {processor.py:186} INFO - Started process (PID=6205) to work on /Users/linghuchong/Downloads/51/Python/project/instance/airflow284/dags/tag_data_warehouse/dw_order_sync.py
[2026-03-06T11:33:53.381+0800] {processor.py:914} INFO - Processing file /Users/linghuchong/Downloads/51/Python/project/instance/airflow284/dags/tag_data_warehouse/dw_order_sync.py for tasks to queue
[2026-03-06T11:33:53.382+0800] {logging_mixin.py:190} INFO - [2026-03-06T11:33:53.382+0800] {dagbag.py:588} INFO - Filling up the DagBag from /Users/linghuchong/Downloads/51/Python/project/instance/airflow284/dags/tag_data_warehouse/dw_order_sync.py
[2026-03-06T11:33:53.510+0800] {processor.py:925} INFO - DAG(s) 'dw_order_sync' retrieved from /Users/linghuchong/Downloads/51/Python/project/instance/airflow284/dags/tag_data_warehouse/dw_order_sync.py
[2026-03-06T11:33:53.526+0800] {logging_mixin.py:190} INFO - [2026-03-06T11:33:53.525+0800] {dag.py:3239} INFO - Sync 1 DAGs
[2026-03-06T11:33:53.546+0800] {logging_mixin.py:190} INFO - [2026-03-06T11:33:53.546+0800] {dag.py:4180} INFO - Setting next_dagrun for dw_order_sync to 2026-02-28 16:00:00+00:00, run_after=2026-03-31 16:00:00+00:00
[2026-03-06T11:33:53.565+0800] {processor.py:208} INFO - Processing /Users/linghuchong/Downloads/51/Python/project/instance/airflow284/dags/tag_data_warehouse/dw_order_sync.py took 187.722 seconds
[2026-03-06T11:36:53.128+0800] {processor.py:186} INFO - Started process (PID=6289) to work on /Users/linghuchong/Downloads/51/Python/project/instance/airflow284/dags/tag_data_warehouse/dw_order_sync.py
[2026-03-06T11:36:53.129+0800] {processor.py:914} INFO - Processing file /Users/linghuchong/Downloads/51/Python/project/instance/airflow284/dags/tag_data_warehouse/dw_order_sync.py for tasks to queue
[2026-03-06T11:36:53.130+0800] {logging_mixin.py:190} INFO - [2026-03-06T11:36:53.130+0800] {dagbag.py:588} INFO - Filling up the DagBag from /Users/linghuchong/Downloads/51/Python/project/instance/airflow284/dags/tag_data_warehouse/dw_order_sync.py
[2026-03-06T11:36:53.260+0800] {processor.py:925} INFO - DAG(s) 'dw_order_sync' retrieved from /Users/linghuchong/Downloads/51/Python/project/instance/airflow284/dags/tag_data_warehouse/dw_order_sync.py
[2026-03-06T11:36:53.275+0800] {logging_mixin.py:190} INFO - [2026-03-06T11:36:53.275+0800] {dag.py:3239} INFO - Sync 1 DAGs
[2026-03-06T11:36:53.294+0800] {logging_mixin.py:190} INFO - [2026-03-06T11:36:53.294+0800] {dag.py:4180} INFO - Setting next_dagrun for dw_order_sync to 2026-02-28 16:00:00+00:00, run_after=2026-03-31 16:00:00+00:00
[2026-03-06T11:36:53.313+0800] {processor.py:208} INFO - Processing /Users/linghuchong/Downloads/51/Python/project/instance/airflow284/dags/tag_data_warehouse/dw_order_sync.py took 187.299 seconds
[2026-03-06T11:39:50.844+0800] {processor.py:186} INFO - Started process (PID=6360) to work on /Users/linghuchong/Downloads/51/Python/project/instance/airflow284/dags/tag_data_warehouse/dw_order_sync.py
[2026-03-06T11:39:50.845+0800] {processor.py:914} INFO - Processing file /Users/linghuchong/Downloads/51/Python/project/instance/airflow284/dags/tag_data_warehouse/dw_order_sync.py for tasks to queue
[2026-03-06T11:39:50.846+0800] {logging_mixin.py:190} INFO - [2026-03-06T11:39:50.845+0800] {dagbag.py:588} INFO - Filling up the DagBag from /Users/linghuchong/Downloads/51/Python/project/instance/airflow284/dags/tag_data_warehouse/dw_order_sync.py
[2026-03-06T11:39:50.973+0800] {processor.py:925} INFO - DAG(s) 'dw_order_sync' retrieved from /Users/linghuchong/Downloads/51/Python/project/instance/airflow284/dags/tag_data_warehouse/dw_order_sync.py
[2026-03-06T11:39:50.988+0800] {logging_mixin.py:190} INFO - [2026-03-06T11:39:50.987+0800] {dag.py:3239} INFO - Sync 1 DAGs
[2026-03-06T11:39:51.010+0800] {logging_mixin.py:190} INFO - [2026-03-06T11:39:51.009+0800] {dag.py:4180} INFO - Setting next_dagrun for dw_order_sync to 2026-02-28 16:00:00+00:00, run_after=2026-03-31 16:00:00+00:00
[2026-03-06T11:39:51.029+0800] {processor.py:208} INFO - Processing /Users/linghuchong/Downloads/51/Python/project/instance/airflow284/dags/tag_data_warehouse/dw_order_sync.py took 188.225 seconds
[2026-03-06T11:42:49.758+0800] {processor.py:186} INFO - Started process (PID=6434) to work on /Users/linghuchong/Downloads/51/Python/project/instance/airflow284/dags/tag_data_warehouse/dw_order_sync.py
[2026-03-06T11:42:49.758+0800] {processor.py:914} INFO - Processing file /Users/linghuchong/Downloads/51/Python/project/instance/airflow284/dags/tag_data_warehouse/dw_order_sync.py for tasks to queue
[2026-03-06T11:42:49.759+0800] {logging_mixin.py:190} INFO - [2026-03-06T11:42:49.759+0800] {dagbag.py:588} INFO - Filling up the DagBag from /Users/linghuchong/Downloads/51/Python/project/instance/airflow284/dags/tag_data_warehouse/dw_order_sync.py
[2026-03-06T11:42:49.889+0800] {processor.py:925} INFO - DAG(s) 'dw_order_sync' retrieved from /Users/linghuchong/Downloads/51/Python/project/instance/airflow284/dags/tag_data_warehouse/dw_order_sync.py
[2026-03-06T11:42:49.904+0800] {logging_mixin.py:190} INFO - [2026-03-06T11:42:49.904+0800] {dag.py:3239} INFO - Sync 1 DAGs
[2026-03-06T11:42:49.924+0800] {logging_mixin.py:190} INFO - [2026-03-06T11:42:49.923+0800] {dag.py:4180} INFO - Setting next_dagrun for dw_order_sync to 2026-02-28 16:00:00+00:00, run_after=2026-03-31 16:00:00+00:00
[2026-03-06T11:42:49.941+0800] {processor.py:208} INFO - Processing /Users/linghuchong/Downloads/51/Python/project/instance/airflow284/dags/tag_data_warehouse/dw_order_sync.py took 186.604 seconds
[2026-03-06T11:45:43.075+0800] {processor.py:186} INFO - Started process (PID=6500) to work on /Users/linghuchong/Downloads/51/Python/project/instance/airflow284/dags/tag_data_warehouse/dw_order_sync.py
[2026-03-06T11:45:43.075+0800] {processor.py:914} INFO - Processing file /Users/linghuchong/Downloads/51/Python/project/instance/airflow284/dags/tag_data_warehouse/dw_order_sync.py for tasks to queue
[2026-03-06T11:45:43.076+0800] {logging_mixin.py:190} INFO - [2026-03-06T11:45:43.076+0800] {dagbag.py:588} INFO - Filling up the DagBag from /Users/linghuchong/Downloads/51/Python/project/instance/airflow284/dags/tag_data_warehouse/dw_order_sync.py
[2026-03-06T11:45:43.203+0800] {processor.py:925} INFO - DAG(s) 'dw_order_sync' retrieved from /Users/linghuchong/Downloads/51/Python/project/instance/airflow284/dags/tag_data_warehouse/dw_order_sync.py
[2026-03-06T11:45:43.218+0800] {logging_mixin.py:190} INFO - [2026-03-06T11:45:43.218+0800] {dag.py:3239} INFO - Sync 1 DAGs
[2026-03-06T11:45:43.238+0800] {logging_mixin.py:190} INFO - [2026-03-06T11:45:43.238+0800] {dag.py:4180} INFO - Setting next_dagrun for dw_order_sync to 2026-02-28 16:00:00+00:00, run_after=2026-03-31 16:00:00+00:00
[2026-03-06T11:45:43.258+0800] {processor.py:208} INFO - Processing /Users/linghuchong/Downloads/51/Python/project/instance/airflow284/dags/tag_data_warehouse/dw_order_sync.py took 185.763 seconds
[2026-03-06T11:48:40.474+0800] {processor.py:186} INFO - Started process (PID=6570) to work on /Users/linghuchong/Downloads/51/Python/project/instance/airflow284/dags/tag_data_warehouse/dw_order_sync.py
[2026-03-06T11:48:40.474+0800] {processor.py:914} INFO - Processing file /Users/linghuchong/Downloads/51/Python/project/instance/airflow284/dags/tag_data_warehouse/dw_order_sync.py for tasks to queue
[2026-03-06T11:48:40.475+0800] {logging_mixin.py:190} INFO - [2026-03-06T11:48:40.475+0800] {dagbag.py:588} INFO - Filling up the DagBag from /Users/linghuchong/Downloads/51/Python/project/instance/airflow284/dags/tag_data_warehouse/dw_order_sync.py
[2026-03-06T11:48:40.607+0800] {processor.py:925} INFO - DAG(s) 'dw_order_sync' retrieved from /Users/linghuchong/Downloads/51/Python/project/instance/airflow284/dags/tag_data_warehouse/dw_order_sync.py
[2026-03-06T11:48:40.623+0800] {logging_mixin.py:190} INFO - [2026-03-06T11:48:40.623+0800] {dag.py:3239} INFO - Sync 1 DAGs
[2026-03-06T11:48:40.644+0800] {logging_mixin.py:190} INFO - [2026-03-06T11:48:40.643+0800] {dag.py:4180} INFO - Setting next_dagrun for dw_order_sync to 2026-02-28 16:00:00+00:00, run_after=2026-03-31 16:00:00+00:00
[2026-03-06T11:48:40.664+0800] {processor.py:208} INFO - Processing /Users/linghuchong/Downloads/51/Python/project/instance/airflow284/dags/tag_data_warehouse/dw_order_sync.py took 193.258 seconds
[2026-03-06T11:51:38.649+0800] {processor.py:186} INFO - Started process (PID=6636) to work on /Users/linghuchong/Downloads/51/Python/project/instance/airflow284/dags/tag_data_warehouse/dw_order_sync.py
[2026-03-06T11:51:38.650+0800] {processor.py:914} INFO - Processing file /Users/linghuchong/Downloads/51/Python/project/instance/airflow284/dags/tag_data_warehouse/dw_order_sync.py for tasks to queue
[2026-03-06T11:51:38.651+0800] {logging_mixin.py:190} INFO - [2026-03-06T11:51:38.651+0800] {dagbag.py:588} INFO - Filling up the DagBag from /Users/linghuchong/Downloads/51/Python/project/instance/airflow284/dags/tag_data_warehouse/dw_order_sync.py
[2026-03-06T11:51:38.780+0800] {processor.py:925} INFO - DAG(s) 'dw_order_sync' retrieved from /Users/linghuchong/Downloads/51/Python/project/instance/airflow284/dags/tag_data_warehouse/dw_order_sync.py
[2026-03-06T11:51:38.795+0800] {logging_mixin.py:190} INFO - [2026-03-06T11:51:38.795+0800] {dag.py:3239} INFO - Sync 1 DAGs
[2026-03-06T11:51:38.816+0800] {logging_mixin.py:190} INFO - [2026-03-06T11:51:38.815+0800] {dag.py:4180} INFO - Setting next_dagrun for dw_order_sync to 2026-02-28 16:00:00+00:00, run_after=2026-03-31 16:00:00+00:00
[2026-03-06T11:51:38.834+0800] {processor.py:208} INFO - Processing /Users/linghuchong/Downloads/51/Python/project/instance/airflow284/dags/tag_data_warehouse/dw_order_sync.py took 188.018 seconds
[2026-03-06T11:54:36.321+0800] {processor.py:186} INFO - Started process (PID=6696) to work on /Users/linghuchong/Downloads/51/Python/project/instance/airflow284/dags/tag_data_warehouse/dw_order_sync.py
[2026-03-06T11:54:36.322+0800] {processor.py:914} INFO - Processing file /Users/linghuchong/Downloads/51/Python/project/instance/airflow284/dags/tag_data_warehouse/dw_order_sync.py for tasks to queue
[2026-03-06T11:54:36.323+0800] {logging_mixin.py:190} INFO - [2026-03-06T11:54:36.322+0800] {dagbag.py:588} INFO - Filling up the DagBag from /Users/linghuchong/Downloads/51/Python/project/instance/airflow284/dags/tag_data_warehouse/dw_order_sync.py
[2026-03-06T11:54:36.452+0800] {processor.py:925} INFO - DAG(s) 'dw_order_sync' retrieved from /Users/linghuchong/Downloads/51/Python/project/instance/airflow284/dags/tag_data_warehouse/dw_order_sync.py
[2026-03-06T11:54:36.467+0800] {logging_mixin.py:190} INFO - [2026-03-06T11:54:36.466+0800] {dag.py:3239} INFO - Sync 1 DAGs
[2026-03-06T11:54:36.486+0800] {logging_mixin.py:190} INFO - [2026-03-06T11:54:36.486+0800] {dag.py:4180} INFO - Setting next_dagrun for dw_order_sync to 2026-02-28 16:00:00+00:00, run_after=2026-03-31 16:00:00+00:00
[2026-03-06T11:54:36.507+0800] {processor.py:208} INFO - Processing /Users/linghuchong/Downloads/51/Python/project/instance/airflow284/dags/tag_data_warehouse/dw_order_sync.py took 188.772 seconds
[2026-03-06T11:57:32.517+0800] {processor.py:186} INFO - Started process (PID=6770) to work on /Users/linghuchong/Downloads/51/Python/project/instance/airflow284/dags/tag_data_warehouse/dw_order_sync.py
[2026-03-06T11:57:32.518+0800] {processor.py:914} INFO - Processing file /Users/linghuchong/Downloads/51/Python/project/instance/airflow284/dags/tag_data_warehouse/dw_order_sync.py for tasks to queue
[2026-03-06T11:57:32.519+0800] {logging_mixin.py:190} INFO - [2026-03-06T11:57:32.519+0800] {dagbag.py:588} INFO - Filling up the DagBag from /Users/linghuchong/Downloads/51/Python/project/instance/airflow284/dags/tag_data_warehouse/dw_order_sync.py
[2026-03-06T11:57:32.649+0800] {processor.py:925} INFO - DAG(s) 'dw_order_sync' retrieved from /Users/linghuchong/Downloads/51/Python/project/instance/airflow284/dags/tag_data_warehouse/dw_order_sync.py
[2026-03-06T11:57:32.664+0800] {logging_mixin.py:190} INFO - [2026-03-06T11:57:32.663+0800] {dag.py:3239} INFO - Sync 1 DAGs
[2026-03-06T11:57:32.683+0800] {logging_mixin.py:190} INFO - [2026-03-06T11:57:32.682+0800] {dag.py:4180} INFO - Setting next_dagrun for dw_order_sync to 2026-02-28 16:00:00+00:00, run_after=2026-03-31 16:00:00+00:00
[2026-03-06T11:57:32.702+0800] {processor.py:208} INFO - Processing /Users/linghuchong/Downloads/51/Python/project/instance/airflow284/dags/tag_data_warehouse/dw_order_sync.py took 187.305 seconds
[2026-03-06T12:00:30.305+0800] {processor.py:186} INFO - Started process (PID=6851) to work on /Users/linghuchong/Downloads/51/Python/project/instance/airflow284/dags/tag_data_warehouse/dw_order_sync.py
[2026-03-06T12:00:30.306+0800] {processor.py:914} INFO - Processing file /Users/linghuchong/Downloads/51/Python/project/instance/airflow284/dags/tag_data_warehouse/dw_order_sync.py for tasks to queue
[2026-03-06T12:00:30.306+0800] {logging_mixin.py:190} INFO - [2026-03-06T12:00:30.306+0800] {dagbag.py:588} INFO - Filling up the DagBag from /Users/linghuchong/Downloads/51/Python/project/instance/airflow284/dags/tag_data_warehouse/dw_order_sync.py
[2026-03-06T12:00:30.499+0800] {processor.py:925} INFO - DAG(s) 'dw_order_sync' retrieved from /Users/linghuchong/Downloads/51/Python/project/instance/airflow284/dags/tag_data_warehouse/dw_order_sync.py
[2026-03-06T12:00:30.513+0800] {logging_mixin.py:190} INFO - [2026-03-06T12:00:30.513+0800] {dag.py:3239} INFO - Sync 1 DAGs
[2026-03-06T12:00:30.533+0800] {logging_mixin.py:190} INFO - [2026-03-06T12:00:30.532+0800] {dag.py:4180} INFO - Setting next_dagrun for dw_order_sync to 2026-02-28 16:00:00+00:00, run_after=2026-03-31 16:00:00+00:00
[2026-03-06T12:00:30.551+0800] {processor.py:208} INFO - Processing /Users/linghuchong/Downloads/51/Python/project/instance/airflow284/dags/tag_data_warehouse/dw_order_sync.py took 249.716 seconds
[2026-03-06T12:03:27.752+0800] {processor.py:186} INFO - Started process (PID=6965) to work on /Users/linghuchong/Downloads/51/Python/project/instance/airflow284/dags/tag_data_warehouse/dw_order_sync.py
[2026-03-06T12:03:27.752+0800] {processor.py:914} INFO - Processing file /Users/linghuchong/Downloads/51/Python/project/instance/airflow284/dags/tag_data_warehouse/dw_order_sync.py for tasks to queue
[2026-03-06T12:03:27.753+0800] {logging_mixin.py:190} INFO - [2026-03-06T12:03:27.753+0800] {dagbag.py:588} INFO - Filling up the DagBag from /Users/linghuchong/Downloads/51/Python/project/instance/airflow284/dags/tag_data_warehouse/dw_order_sync.py
[2026-03-06T12:03:27.997+0800] {processor.py:925} INFO - DAG(s) 'dw_order_sync' retrieved from /Users/linghuchong/Downloads/51/Python/project/instance/airflow284/dags/tag_data_warehouse/dw_order_sync.py
[2026-03-06T12:03:28.045+0800] {logging_mixin.py:190} INFO - [2026-03-06T12:03:28.024+0800] {dag.py:3239} INFO - Sync 1 DAGs
[2026-03-06T12:03:28.109+0800] {logging_mixin.py:190} INFO - [2026-03-06T12:03:28.109+0800] {dag.py:4180} INFO - Setting next_dagrun for dw_order_sync to 2026-02-28 16:00:00+00:00, run_after=2026-03-31 16:00:00+00:00
[2026-03-06T12:03:28.137+0800] {processor.py:208} INFO - Processing /Users/linghuchong/Downloads/51/Python/project/instance/airflow284/dags/tag_data_warehouse/dw_order_sync.py took 387.816 seconds
[2026-03-06T12:06:23.928+0800] {processor.py:186} INFO - Started process (PID=7145) to work on /Users/linghuchong/Downloads/51/Python/project/instance/airflow284/dags/tag_data_warehouse/dw_order_sync.py
[2026-03-06T12:06:23.929+0800] {processor.py:914} INFO - Processing file /Users/linghuchong/Downloads/51/Python/project/instance/airflow284/dags/tag_data_warehouse/dw_order_sync.py for tasks to queue
[2026-03-06T12:06:23.930+0800] {logging_mixin.py:190} INFO - [2026-03-06T12:06:23.930+0800] {dagbag.py:588} INFO - Filling up the DagBag from /Users/linghuchong/Downloads/51/Python/project/instance/airflow284/dags/tag_data_warehouse/dw_order_sync.py
[2026-03-06T12:06:24.060+0800] {processor.py:925} INFO - DAG(s) 'dw_order_sync' retrieved from /Users/linghuchong/Downloads/51/Python/project/instance/airflow284/dags/tag_data_warehouse/dw_order_sync.py
[2026-03-06T12:06:24.074+0800] {logging_mixin.py:190} INFO - [2026-03-06T12:06:24.074+0800] {dag.py:3239} INFO - Sync 1 DAGs
[2026-03-06T12:06:24.093+0800] {logging_mixin.py:190} INFO - [2026-03-06T12:06:24.093+0800] {dag.py:4180} INFO - Setting next_dagrun for dw_order_sync to 2026-02-28 16:00:00+00:00, run_after=2026-03-31 16:00:00+00:00
[2026-03-06T12:06:24.111+0800] {processor.py:208} INFO - Processing /Users/linghuchong/Downloads/51/Python/project/instance/airflow284/dags/tag_data_warehouse/dw_order_sync.py took 185.331 seconds
[2026-03-06T13:04:05.922+0800] {processor.py:186} INFO - Started process (PID=7327) to work on /Users/linghuchong/Downloads/51/Python/project/instance/airflow284/dags/tag_data_warehouse/dw_order_sync.py
[2026-03-06T13:04:05.923+0800] {processor.py:914} INFO - Processing file /Users/linghuchong/Downloads/51/Python/project/instance/airflow284/dags/tag_data_warehouse/dw_order_sync.py for tasks to queue
[2026-03-06T13:04:05.923+0800] {logging_mixin.py:190} INFO - [2026-03-06T13:04:05.923+0800] {dagbag.py:588} INFO - Filling up the DagBag from /Users/linghuchong/Downloads/51/Python/project/instance/airflow284/dags/tag_data_warehouse/dw_order_sync.py
[2026-03-06T13:04:06.062+0800] {processor.py:925} INFO - DAG(s) 'dw_order_sync' retrieved from /Users/linghuchong/Downloads/51/Python/project/instance/airflow284/dags/tag_data_warehouse/dw_order_sync.py
[2026-03-06T13:04:06.078+0800] {logging_mixin.py:190} INFO - [2026-03-06T13:04:06.078+0800] {dag.py:3239} INFO - Sync 1 DAGs
[2026-03-06T13:04:06.100+0800] {logging_mixin.py:190} INFO - [2026-03-06T13:04:06.099+0800] {dag.py:4180} INFO - Setting next_dagrun for dw_order_sync to 2026-02-28 16:00:00+00:00, run_after=2026-03-31 16:00:00+00:00
[2026-03-06T13:04:06.117+0800] {processor.py:208} INFO - Processing /Users/linghuchong/Downloads/51/Python/project/instance/airflow284/dags/tag_data_warehouse/dw_order_sync.py took 197.858 seconds
[2026-03-06T13:07:17.302+0800] {processor.py:186} INFO - Started process (PID=7445) to work on /Users/linghuchong/Downloads/51/Python/project/instance/airflow284/dags/tag_data_warehouse/dw_order_sync.py
[2026-03-06T13:07:17.302+0800] {processor.py:914} INFO - Processing file /Users/linghuchong/Downloads/51/Python/project/instance/airflow284/dags/tag_data_warehouse/dw_order_sync.py for tasks to queue
[2026-03-06T13:07:17.303+0800] {logging_mixin.py:190} INFO - [2026-03-06T13:07:17.303+0800] {dagbag.py:588} INFO - Filling up the DagBag from /Users/linghuchong/Downloads/51/Python/project/instance/airflow284/dags/tag_data_warehouse/dw_order_sync.py
[2026-03-06T13:07:17.433+0800] {processor.py:925} INFO - DAG(s) 'dw_order_sync' retrieved from /Users/linghuchong/Downloads/51/Python/project/instance/airflow284/dags/tag_data_warehouse/dw_order_sync.py
[2026-03-06T13:07:17.447+0800] {logging_mixin.py:190} INFO - [2026-03-06T13:07:17.447+0800] {dag.py:3239} INFO - Sync 1 DAGs
[2026-03-06T13:07:17.466+0800] {logging_mixin.py:190} INFO - [2026-03-06T13:07:17.466+0800] {dag.py:4180} INFO - Setting next_dagrun for dw_order_sync to 2026-02-28 16:00:00+00:00, run_after=2026-03-31 16:00:00+00:00
[2026-03-06T13:07:17.486+0800] {processor.py:208} INFO - Processing /Users/linghuchong/Downloads/51/Python/project/instance/airflow284/dags/tag_data_warehouse/dw_order_sync.py took 187.234 seconds
[2026-03-06T13:10:17.856+0800] {processor.py:186} INFO - Started process (PID=7538) to work on /Users/linghuchong/Downloads/51/Python/project/instance/airflow284/dags/tag_data_warehouse/dw_order_sync.py
[2026-03-06T13:10:17.858+0800] {processor.py:914} INFO - Processing file /Users/linghuchong/Downloads/51/Python/project/instance/airflow284/dags/tag_data_warehouse/dw_order_sync.py for tasks to queue
[2026-03-06T13:10:17.860+0800] {logging_mixin.py:190} INFO - [2026-03-06T13:10:17.860+0800] {dagbag.py:588} INFO - Filling up the DagBag from /Users/linghuchong/Downloads/51/Python/project/instance/airflow284/dags/tag_data_warehouse/dw_order_sync.py
[2026-03-06T13:10:17.993+0800] {processor.py:925} INFO - DAG(s) 'dw_order_sync' retrieved from /Users/linghuchong/Downloads/51/Python/project/instance/airflow284/dags/tag_data_warehouse/dw_order_sync.py
[2026-03-06T13:10:18.009+0800] {logging_mixin.py:190} INFO - [2026-03-06T13:10:18.009+0800] {dag.py:3239} INFO - Sync 1 DAGs
[2026-03-06T13:10:18.030+0800] {logging_mixin.py:190} INFO - [2026-03-06T13:10:18.029+0800] {dag.py:4180} INFO - Setting next_dagrun for dw_order_sync to 2026-02-28 16:00:00+00:00, run_after=2026-03-31 16:00:00+00:00
[2026-03-06T13:10:18.049+0800] {processor.py:208} INFO - Processing /Users/linghuchong/Downloads/51/Python/project/instance/airflow284/dags/tag_data_warehouse/dw_order_sync.py took 196.016 seconds
