[2026-02-28T10:12:30.561+0800] {local_task_job_runner.py:123} INFO - ::group::Pre task execution logs
[2026-02-28T10:12:30.579+0800] {taskinstance.py:2631} INFO - Dependencies all met for dep_context=non-requeueable deps ti=<TaskInstance: cdrd_新增用户.新增用户 manual__2026-02-28T02:12:11.393059+00:00 [queued]>
[2026-02-28T10:12:30.587+0800] {taskinstance.py:2631} INFO - Dependencies all met for dep_context=requeueable deps ti=<TaskInstance: cdrd_新增用户.新增用户 manual__2026-02-28T02:12:11.393059+00:00 [queued]>
[2026-02-28T10:12:30.588+0800] {taskinstance.py:2884} INFO - Starting attempt 1 of 1
[2026-02-28T10:12:30.602+0800] {taskinstance.py:2907} INFO - Executing <Task(PythonOperator): 新增用户> on 2026-02-28 02:12:11.393059+00:00
[2026-02-28T10:12:30.605+0800] {standard_task_runner.py:72} INFO - Started process 5205 to run task
[2026-02-28T10:12:30.613+0800] {standard_task_runner.py:104} INFO - Running: ['airflow', 'tasks', 'run', 'cdrd_新增用户', '新增用户', 'manual__2026-02-28T02:12:11.393059+00:00', '--job-id', '599', '--raw', '--subdir', 'DAGS_FOLDER/tag_CDRD/系统管理/用户管理/dag_新增用户.py', '--cfg-path', '/var/folders/f7/4z7jtb213fs0mtgbw_0vs2600000gn/T/tmpm8khvdki']
[2026-02-28T10:12:30.617+0800] {standard_task_runner.py:105} INFO - Job 599: Subtask 新增用户
[2026-02-28T10:12:30.668+0800] {task_command.py:467} INFO - Running <TaskInstance: cdrd_新增用户.新增用户 manual__2026-02-28T02:12:11.393059+00:00 [running]> on host localhost-2.local
[2026-02-28T10:12:30.754+0800] {taskinstance.py:3157} INFO - Exporting env vars: AIRFLOW_CTX_DAG_OWNER='airflow' AIRFLOW_CTX_DAG_ID='cdrd_新增用户' AIRFLOW_CTX_TASK_ID='新增用户' AIRFLOW_CTX_EXECUTION_DATE='2026-02-28T02:12:11.393059+00:00' AIRFLOW_CTX_TRY_NUMBER='1' AIRFLOW_CTX_DAG_RUN_ID='manual__2026-02-28T02:12:11.393059+00:00'
[2026-02-28T10:12:30.755+0800] {taskinstance.py:740} INFO - ::endgroup::
[2026-02-28T10:12:30.777+0800] {logging_mixin.py:190} INFO - ==================================================
[2026-02-28T10:12:30.777+0800] {logging_mixin.py:190} INFO - 【消费者1】开始执行系统管理-用户管理测试用例...
[2026-02-28T10:12:30.778+0800] {logging_mixin.py:190} INFO - ==================================================
[2026-02-28T10:12:30.784+0800] {logging_mixin.py:190} INFO - 从XCom获取到的测试用例数据: 3 条
[2026-02-28T10:12:30.785+0800] {logging_mixin.py:190} INFO - 执行路径: 系统管理/用户管理/新增用户_截屏_录屏.py
[2026-02-28T10:12:30.785+0800] {logging_mixin.py:190} INFO - 开始执行测试用例: 系统管理/用户管理/新增用户_截屏_录屏.py
[2026-02-28T10:12:30.786+0800] {logging_mixin.py:190} INFO - 准备执行Playwright脚本: /Users/linghuchong/Downloads/51/Python/project/instance/zyjk/CDRD/web/系统管理/用户管理/新增用户_截屏_录屏.py
[2026-02-28T10:12:31.156+0800] {logging_mixin.py:190} INFO - 随机生成测试数据: [['王志强', '15082751626', 'dqian@example.org', '777196', '694404']]
[2026-02-28T10:12:31.157+0800] {logging_mixin.py:190} INFO - ✅ 找到run_playwright函数，开始执行...
[2026-02-28T10:12:40.090+0800] {logging_mixin.py:190} INFO - 默认视频路径: /Users/linghuchong/Downloads/51/Python/project/instance/zyjk/CDRD/web/系统管理/用户管理/videos/edf9dbcfd13fa4e6940aa36663eb066d.webm
[2026-02-28T10:12:40.674+0800] {logging_mixin.py:190} INFO - 录屏文件已重命名为: /Users/linghuchong/Downloads/51/Python/project/instance/zyjk/CDRD/web/系统管理/用户管理/videos/用户管理_新增用户_20260228_101231.webm
[2026-02-28T10:12:40.690+0800] {logging_mixin.py:190} INFO - ✅ Playwright执行完成，返回结果: {'nick_name': '王志强', 'phonenumber': '15082751626', 'email': 'dqian@example.org', 'user_name': '777196', 'job_num': '694404'}
[2026-02-28T10:12:40.691+0800] {logging_mixin.py:190} INFO - Playwright执行结果: {'nick_name': '王志强', 'phonenumber': '15082751626', 'email': 'dqian@example.org', 'user_name': '777196', 'job_num': '694404'}
[2026-02-28T10:12:40.691+0800] {logging_mixin.py:190} INFO - 正则替换结果: [{"k": "select count(*) as qty from sys_user where job_num='694404'", "v": 1},{"k": "select count(*) as qty from sys_user where user_name='777196'", "v": 2}]
[2026-02-28T10:12:40.692+0800] {logging_mixin.py:190} INFO - 解析后的验证数据: [{'k': "select count(*) as qty from sys_user where job_num='694404'", 'v': 1}, {'k': "select count(*) as qty from sys_user where user_name='777196'", 'v': 2}]
[2026-02-28T10:12:40.700+0800] {logging_mixin.py:190} INFO - ❌ 断言失败
[2026-02-28T10:12:40.790+0800] {logging_mixin.py:190} INFO - ❌ 断言失败
[2026-02-28T10:12:40.896+0800] {logging_mixin.py:190} INFO - 跳过不匹配的测试脚本: 模块=系统管理, 子模块=角色管理, 脚本=新增角色.py
[2026-02-28T10:12:40.897+0800] {logging_mixin.py:190} INFO - 跳过不匹配的测试脚本: 模块=系统管理, 子模块=并发管理, 脚本={['系统管理','角色管理']:并发.py}
[2026-02-28T10:12:40.897+0800] {python.py:240} INFO - Done. Returned value was: None
[2026-02-28T10:12:40.906+0800] {taskinstance.py:349} INFO - ::group::Post task execution logs
[2026-02-28T10:12:40.907+0800] {taskinstance.py:361} INFO - Marking task as SUCCESS. dag_id=cdrd_新增用户, task_id=新增用户, run_id=manual__2026-02-28T02:12:11.393059+00:00, execution_date=20260228T021211, start_date=20260228T021230, end_date=20260228T021240
[2026-02-28T10:12:40.971+0800] {local_task_job_runner.py:266} INFO - Task exited with return code 0
[2026-02-28T10:12:41.003+0800] {taskinstance.py:3924} INFO - 1 downstream tasks scheduled from follow-on schedule check
[2026-02-28T10:12:41.007+0800] {local_task_job_runner.py:245} INFO - ::endgroup::
