[2026-02-28T20:50:03.006+0800] {local_task_job_runner.py:123} INFO - ::group::Pre task execution logs
[2026-02-28T20:50:03.025+0800] {taskinstance.py:2631} INFO - Dependencies all met for dep_context=non-requeueable deps ti=<TaskInstance: cdrd_新增角色_编辑角色_并.并行执行消费者 manual__2026-02-28T12:49:43.498646+00:00 [queued]>
[2026-02-28T20:50:03.034+0800] {taskinstance.py:2631} INFO - Dependencies all met for dep_context=requeueable deps ti=<TaskInstance: cdrd_新增角色_编辑角色_并.并行执行消费者 manual__2026-02-28T12:49:43.498646+00:00 [queued]>
[2026-02-28T20:50:03.034+0800] {taskinstance.py:2884} INFO - Starting attempt 1 of 1
[2026-02-28T20:50:03.046+0800] {taskinstance.py:2907} INFO - Executing <Task(PythonOperator): 并行执行消费者> on 2026-02-28 12:49:43.498646+00:00
[2026-02-28T20:50:03.050+0800] {standard_task_runner.py:72} INFO - Started process 3894 to run task
[2026-02-28T20:50:03.057+0800] {standard_task_runner.py:104} INFO - Running: ['airflow', 'tasks', 'run', 'cdrd_新增角色_编辑角色_并', '并行执行消费者', 'manual__2026-02-28T12:49:43.498646+00:00', '--job-id', '720', '--raw', '--subdir', 'DAGS_FOLDER/tag_CDRD/系统管理/角色管理/dag_新增角色_编辑角色_并.py', '--cfg-path', '/var/folders/f7/4z7jtb213fs0mtgbw_0vs2600000gn/T/tmpm9m8c8sa']
[2026-02-28T20:50:03.062+0800] {standard_task_runner.py:105} INFO - Job 720: Subtask 并行执行消费者
[2026-02-28T20:50:03.110+0800] {task_command.py:467} INFO - Running <TaskInstance: cdrd_新增角色_编辑角色_并.并行执行消费者 manual__2026-02-28T12:49:43.498646+00:00 [running]> on host localhost-2.local
[2026-02-28T20:50:03.190+0800] {taskinstance.py:3157} INFO - Exporting env vars: AIRFLOW_CTX_DAG_OWNER='airflow' AIRFLOW_CTX_DAG_ID='cdrd_新增角色_编辑角色_并' AIRFLOW_CTX_TASK_ID='并行执行消费者' AIRFLOW_CTX_EXECUTION_DATE='2026-02-28T12:49:43.498646+00:00' AIRFLOW_CTX_TRY_NUMBER='1' AIRFLOW_CTX_DAG_RUN_ID='manual__2026-02-28T12:49:43.498646+00:00'
[2026-02-28T20:50:03.192+0800] {taskinstance.py:740} INFO - ::endgroup::
[2026-02-28T20:50:03.209+0800] {logging_mixin.py:190} INFO - ==================================================
[2026-02-28T20:50:03.210+0800] {logging_mixin.py:190} INFO - 【并行消费者】开始同时执行新增角色和编辑角色测试...
[2026-02-28T20:50:03.210+0800] {logging_mixin.py:190} INFO - ==================================================
[2026-02-28T20:50:03.217+0800] {logging_mixin.py:190} INFO - 从XCom获取到的测试用例数据: 2 条
[2026-02-28T20:50:03.218+0800] {logging_mixin.py:190} INFO - ===================== 新增角色 消费者开始执行 ====================
[2026-02-28T20:50:03.219+0800] {logging_mixin.py:190} INFO - ===================== 编辑角色 消费者开始执行 ====================
[2026-02-28T20:50:03.219+0800] {logging_mixin.py:190} INFO - [Consumer_0] 开始执行测试用例: 系统管理/角色管理/新增角色.py
[2026-02-28T20:50:03.219+0800] {logging_mixin.py:190} INFO - [Consumer_1] 开始执行测试用例: 系统管理/角色管理/新增角色.py
[2026-02-28T20:50:03.220+0800] {logging_mixin.py:190} INFO - [线程 Consumer_0] 准备执行Playwright脚本: /Users/linghuchong/Downloads/51/Python/project/instance/zyjk/CDRD/web/系统管理/角色管理/新增角色.py
[2026-02-28T20:50:03.220+0800] {logging_mixin.py:190} INFO - [线程 Consumer_1] 准备执行Playwright脚本: /Users/linghuchong/Downloads/51/Python/project/instance/zyjk/CDRD/web/系统管理/角色管理/新增角色.py
[2026-02-28T20:50:03.603+0800] {logging_mixin.py:190} INFO - 随机生成测试数据: [['曾淑珍', '763966', '915499', '香港特别行政区宁德市徐汇长春路T座 539322']]
[2026-02-28T20:50:03.603+0800] {logging_mixin.py:190} INFO - 随机生成测试数据: [['王淑珍', '975734', '549645', '上海市北京县璧山余街b座 223344']]
[2026-02-28T20:50:03.604+0800] {logging_mixin.py:190} INFO - [线程 Consumer_1] ✅ 找到run_playwright函数，开始执行...
[2026-02-28T20:50:03.605+0800] {logging_mixin.py:190} INFO - [线程 Consumer_0] ✅ 找到run_playwright函数，开始执行...
[2026-02-28T20:50:10.836+0800] {logging_mixin.py:190} INFO - [线程 Consumer_1] ✅ Playwright执行完成，返回结果: {'role_name': '曾淑珍', 'role_key': '763966', 'role_sort': '915499', 'remark': '香港特别行政区宁德市徐汇长春路T座 539322'}
[2026-02-28T20:50:10.838+0800] {logging_mixin.py:190} INFO - [Consumer_1] Playwright执行结果: {'role_name': '曾淑珍', 'role_key': '763966', 'role_sort': '915499', 'remark': '香港特别行政区宁德市徐汇长春路T座 539322'}
[2026-02-28T20:50:10.838+0800] {logging_mixin.py:190} INFO - [Consumer_1] 正则替换结果: [{"k": "select count(*) as qty from sys_role where role_name='曾淑珍'", "v": 1}]
[2026-02-28T20:50:10.839+0800] {logging_mixin.py:190} INFO - [Consumer_1] 解析后的验证数据: [{'k': "select count(*) as qty from sys_role where role_name='曾淑珍'", 'v': 1}]
[2026-02-28T20:50:10.848+0800] {logging_mixin.py:190} INFO - [Consumer_1] ✅ 通过校验 {'k': "select count(*) as qty from sys_role where role_name='曾淑珍'", 'v': 1}
[2026-02-28T20:50:10.894+0800] {logging_mixin.py:190} INFO - [Consumer_1] 正则替换结果: [["delete from sys_role where role_name='曾淑珍' and role_sort='915499'"]]
[2026-02-28T20:50:10.895+0800] {logging_mixin.py:190} INFO - [Consumer_1] 解析后的验证数据: [["delete from sys_role where role_name='曾淑珍' and role_sort='915499'"]]
[2026-02-28T20:50:10.912+0800] {logging_mixin.py:190} INFO - [Consumer_1] ✅ 后置操作 delete from sys_role where role_name='曾淑珍' and role_sort='915499'
[2026-02-28T20:50:10.962+0800] {logging_mixin.py:190} INFO - [Consumer_1] 开始执行测试用例: 系统管理/角色管理/编辑角色.py
[2026-02-28T20:50:10.963+0800] {logging_mixin.py:190} INFO - [线程 Consumer_1] 准备执行Playwright脚本: /Users/linghuchong/Downloads/51/Python/project/instance/zyjk/CDRD/web/系统管理/角色管理/编辑角色.py
[2026-02-28T20:50:11.011+0800] {logging_mixin.py:190} INFO - [线程 Consumer_1] ✅ 找到run_playwright函数，开始执行...
[2026-02-28T20:50:14.358+0800] {logging_mixin.py:190} INFO - [线程 Consumer_1] ❌ 执行失败: Target page, context or browser has been closed
[2026-02-28T20:50:14.359+0800] {logging_mixin.py:190} WARNING - Traceback (most recent call last):
[2026-02-28T20:50:14.359+0800] {logging_mixin.py:190} WARNING -   File "/Users/linghuchong/Downloads/51/Python/project/instance/airflow284/dags/tag_CDRD/系统管理/角色管理/dag_新增角色_编辑角色_并.py", line 224, in _execute_playwright_script
    result = module.run_playwright()
[2026-02-28T20:50:14.360+0800] {logging_mixin.py:190} WARNING -   File "/Users/linghuchong/Downloads/51/Python/project/instance/zyjk/CDRD/web/系统管理/角色管理/编辑角色.py", line 99, in run_playwright
    page.get_by_text("系统管理").click()
[2026-02-28T20:50:14.361+0800] {logging_mixin.py:190} WARNING -   File "/Users/linghuchong/miniconda3/envs/py310/lib/python3.10/site-packages/playwright/sync_api/_generated.py", line 15784, in click
    self._sync(
[2026-02-28T20:50:14.361+0800] {logging_mixin.py:190} WARNING -   File "/Users/linghuchong/miniconda3/envs/py310/lib/python3.10/site-packages/playwright/_impl/_sync_base.py", line 115, in _sync
    return task.result()
[2026-02-28T20:50:14.362+0800] {logging_mixin.py:190} WARNING -   File "/Users/linghuchong/miniconda3/envs/py310/lib/python3.10/site-packages/playwright/_impl/_locator.py", line 159, in click
    return await self._frame.click(self._selector, strict=True, **params)
[2026-02-28T20:50:14.362+0800] {logging_mixin.py:190} WARNING -   File "/Users/linghuchong/miniconda3/envs/py310/lib/python3.10/site-packages/playwright/_impl/_frame.py", line 484, in click
    await self._channel.send("click", locals_to_params(locals()))
[2026-02-28T20:50:14.363+0800] {logging_mixin.py:190} WARNING -   File "/Users/linghuchong/miniconda3/envs/py310/lib/python3.10/site-packages/playwright/_impl/_connection.py", line 62, in send
    return await self._connection.wrap_api_call(
[2026-02-28T20:50:14.363+0800] {logging_mixin.py:190} WARNING -   File "/Users/linghuchong/miniconda3/envs/py310/lib/python3.10/site-packages/playwright/_impl/_connection.py", line 492, in wrap_api_call
    return await cb()
[2026-02-28T20:50:14.364+0800] {logging_mixin.py:190} WARNING -   File "/Users/linghuchong/miniconda3/envs/py310/lib/python3.10/site-packages/playwright/_impl/_connection.py", line 100, in inner_send
    result = next(iter(done)).result()
[2026-02-28T20:50:14.364+0800] {logging_mixin.py:190} WARNING - playwright._impl._errors.TargetClosedError: Target page, context or browser has been closed
[2026-02-28T20:50:14.365+0800] {logging_mixin.py:190} INFO - [Consumer_1] Playwright执行结果: None
[2026-02-28T20:50:14.365+0800] {logging_mixin.py:190} INFO - [Consumer_1] ❌ Playwright执行失败，测试用例失败
[2026-02-28T20:50:15.607+0800] {logging_mixin.py:190} INFO - [线程 Consumer_0] ❌ 执行失败: Target page, context or browser has been closed
[2026-02-28T20:50:15.608+0800] {logging_mixin.py:190} WARNING - Traceback (most recent call last):
[2026-02-28T20:50:15.608+0800] {logging_mixin.py:190} WARNING -   File "/Users/linghuchong/Downloads/51/Python/project/instance/airflow284/dags/tag_CDRD/系统管理/角色管理/dag_新增角色_编辑角色_并.py", line 224, in _execute_playwright_script
    result = module.run_playwright()
[2026-02-28T20:50:15.609+0800] {logging_mixin.py:190} WARNING -   File "/Users/linghuchong/Downloads/51/Python/project/instance/zyjk/CDRD/web/系统管理/角色管理/新增角色.py", line 100, in run_playwright
    page.get_by_text("系统管理").click()
[2026-02-28T20:50:15.609+0800] {logging_mixin.py:190} WARNING -   File "/Users/linghuchong/miniconda3/envs/py310/lib/python3.10/site-packages/playwright/sync_api/_generated.py", line 15784, in click
    self._sync(
[2026-02-28T20:50:15.610+0800] {logging_mixin.py:190} WARNING -   File "/Users/linghuchong/miniconda3/envs/py310/lib/python3.10/site-packages/playwright/_impl/_sync_base.py", line 115, in _sync
    return task.result()
[2026-02-28T20:50:15.610+0800] {logging_mixin.py:190} WARNING -   File "/Users/linghuchong/miniconda3/envs/py310/lib/python3.10/site-packages/playwright/_impl/_locator.py", line 159, in click
    return await self._frame.click(self._selector, strict=True, **params)
[2026-02-28T20:50:15.611+0800] {logging_mixin.py:190} WARNING -   File "/Users/linghuchong/miniconda3/envs/py310/lib/python3.10/site-packages/playwright/_impl/_frame.py", line 484, in click
    await self._channel.send("click", locals_to_params(locals()))
[2026-02-28T20:50:15.611+0800] {logging_mixin.py:190} WARNING -   File "/Users/linghuchong/miniconda3/envs/py310/lib/python3.10/site-packages/playwright/_impl/_connection.py", line 62, in send
    return await self._connection.wrap_api_call(
[2026-02-28T20:50:15.612+0800] {logging_mixin.py:190} WARNING -   File "/Users/linghuchong/miniconda3/envs/py310/lib/python3.10/site-packages/playwright/_impl/_connection.py", line 492, in wrap_api_call
    return await cb()
[2026-02-28T20:50:15.612+0800] {logging_mixin.py:190} WARNING -   File "/Users/linghuchong/miniconda3/envs/py310/lib/python3.10/site-packages/playwright/_impl/_connection.py", line 100, in inner_send
    result = next(iter(done)).result()
[2026-02-28T20:50:15.613+0800] {logging_mixin.py:190} WARNING - playwright._impl._errors.TargetClosedError: Target page, context or browser has been closed
[2026-02-28T20:50:15.613+0800] {logging_mixin.py:190} INFO - [Consumer_0] Playwright执行结果: None
[2026-02-28T20:50:15.613+0800] {logging_mixin.py:190} INFO - [Consumer_0] ❌ Playwright执行失败，测试用例失败
[2026-02-28T20:50:15.624+0800] {taskinstance.py:349} INFO - ::group::Post task execution logs
[2026-02-28T20:50:15.625+0800] {taskinstance.py:361} INFO - Marking task as SUCCESS. dag_id=cdrd_新增角色_编辑角色_并, task_id=并行执行消费者, run_id=manual__2026-02-28T12:49:43.498646+00:00, execution_date=20260228T124943, start_date=20260228T125003, end_date=20260228T125015
[2026-02-28T20:50:15.694+0800] {local_task_job_runner.py:266} INFO - Task exited with return code 0
[2026-02-28T20:50:15.716+0800] {taskinstance.py:3924} INFO - 0 downstream tasks scheduled from follow-on schedule check
[2026-02-28T20:50:15.717+0800] {local_task_job_runner.py:245} INFO - ::endgroup::
