[2026-02-11T12:15:55.540+0800] {processor.py:161} INFO - Started process (PID=8087) to work on /Users/linghuchong/miniconda3/envs/py310/lib/python3.10/site-packages/airflow/example_dags/plugins/workday.py
[2026-02-11T12:15:55.541+0800] {processor.py:830} INFO - Processing file /Users/linghuchong/miniconda3/envs/py310/lib/python3.10/site-packages/airflow/example_dags/plugins/workday.py for tasks to queue
[2026-02-11T12:15:55.542+0800] {logging_mixin.py:188} INFO - [2026-02-11T12:15:55.542+0800] {dagbag.py:540} INFO - Filling up the DagBag from /Users/linghuchong/miniconda3/envs/py310/lib/python3.10/site-packages/airflow/example_dags/plugins/workday.py
[2026-02-11T12:15:56.815+0800] {processor.py:842} WARNING - No viable dags retrieved from /Users/linghuchong/miniconda3/envs/py310/lib/python3.10/site-packages/airflow/example_dags/plugins/workday.py
[2026-02-11T12:15:56.909+0800] {processor.py:183} INFO - Processing /Users/linghuchong/miniconda3/envs/py310/lib/python3.10/site-packages/airflow/example_dags/plugins/workday.py took 1.369 seconds
[2026-02-11T12:20:30.162+0800] {processor.py:161} INFO - Started process (PID=8271) to work on /Users/linghuchong/miniconda3/envs/py310/lib/python3.10/site-packages/airflow/example_dags/plugins/workday.py
[2026-02-11T12:20:30.165+0800] {processor.py:830} INFO - Processing file /Users/linghuchong/miniconda3/envs/py310/lib/python3.10/site-packages/airflow/example_dags/plugins/workday.py for tasks to queue
[2026-02-11T12:20:30.167+0800] {logging_mixin.py:188} INFO - [2026-02-11T12:20:30.166+0800] {dagbag.py:540} INFO - Filling up the DagBag from /Users/linghuchong/miniconda3/envs/py310/lib/python3.10/site-packages/airflow/example_dags/plugins/workday.py
[2026-02-11T12:20:31.226+0800] {processor.py:842} WARNING - No viable dags retrieved from /Users/linghuchong/miniconda3/envs/py310/lib/python3.10/site-packages/airflow/example_dags/plugins/workday.py
[2026-02-11T12:20:31.317+0800] {processor.py:183} INFO - Processing /Users/linghuchong/miniconda3/envs/py310/lib/python3.10/site-packages/airflow/example_dags/plugins/workday.py took 1.156 seconds
[2026-02-11T12:23:17.204+0800] {processor.py:161} INFO - Started process (PID=8390) to work on /Users/linghuchong/miniconda3/envs/py310/lib/python3.10/site-packages/airflow/example_dags/plugins/workday.py
[2026-02-11T12:23:17.207+0800] {processor.py:830} INFO - Processing file /Users/linghuchong/miniconda3/envs/py310/lib/python3.10/site-packages/airflow/example_dags/plugins/workday.py for tasks to queue
[2026-02-11T12:23:17.208+0800] {logging_mixin.py:188} INFO - [2026-02-11T12:23:17.208+0800] {dagbag.py:540} INFO - Filling up the DagBag from /Users/linghuchong/miniconda3/envs/py310/lib/python3.10/site-packages/airflow/example_dags/plugins/workday.py
[2026-02-11T12:23:18.256+0800] {processor.py:842} WARNING - No viable dags retrieved from /Users/linghuchong/miniconda3/envs/py310/lib/python3.10/site-packages/airflow/example_dags/plugins/workday.py
[2026-02-11T12:23:18.342+0800] {processor.py:183} INFO - Processing /Users/linghuchong/miniconda3/envs/py310/lib/python3.10/site-packages/airflow/example_dags/plugins/workday.py took 1.139 seconds
[2026-02-11T12:25:55.541+0800] {processor.py:161} INFO - Started process (PID=8450) to work on /Users/linghuchong/miniconda3/envs/py310/lib/python3.10/site-packages/airflow/example_dags/plugins/workday.py
[2026-02-11T12:25:55.541+0800] {processor.py:830} INFO - Processing file /Users/linghuchong/miniconda3/envs/py310/lib/python3.10/site-packages/airflow/example_dags/plugins/workday.py for tasks to queue
[2026-02-11T12:25:55.542+0800] {logging_mixin.py:188} INFO - [2026-02-11T12:25:55.542+0800] {dagbag.py:540} INFO - Filling up the DagBag from /Users/linghuchong/miniconda3/envs/py310/lib/python3.10/site-packages/airflow/example_dags/plugins/workday.py
[2026-02-11T12:25:56.744+0800] {processor.py:842} WARNING - No viable dags retrieved from /Users/linghuchong/miniconda3/envs/py310/lib/python3.10/site-packages/airflow/example_dags/plugins/workday.py
[2026-02-11T12:25:56.853+0800] {processor.py:183} INFO - Processing /Users/linghuchong/miniconda3/envs/py310/lib/python3.10/site-packages/airflow/example_dags/plugins/workday.py took 1.314 seconds
[2026-02-11T12:28:23.084+0800] {processor.py:161} INFO - Started process (PID=8514) to work on /Users/linghuchong/miniconda3/envs/py310/lib/python3.10/site-packages/airflow/example_dags/plugins/workday.py
[2026-02-11T12:28:23.087+0800] {processor.py:830} INFO - Processing file /Users/linghuchong/miniconda3/envs/py310/lib/python3.10/site-packages/airflow/example_dags/plugins/workday.py for tasks to queue
[2026-02-11T12:28:23.088+0800] {logging_mixin.py:188} INFO - [2026-02-11T12:28:23.088+0800] {dagbag.py:540} INFO - Filling up the DagBag from /Users/linghuchong/miniconda3/envs/py310/lib/python3.10/site-packages/airflow/example_dags/plugins/workday.py
[2026-02-11T12:28:24.120+0800] {processor.py:842} WARNING - No viable dags retrieved from /Users/linghuchong/miniconda3/envs/py310/lib/python3.10/site-packages/airflow/example_dags/plugins/workday.py
[2026-02-11T12:28:24.210+0800] {processor.py:183} INFO - Processing /Users/linghuchong/miniconda3/envs/py310/lib/python3.10/site-packages/airflow/example_dags/plugins/workday.py took 1.127 seconds
[2026-02-11T13:09:24.230+0800] {processor.py:161} INFO - Started process (PID=8629) to work on /Users/linghuchong/miniconda3/envs/py310/lib/python3.10/site-packages/airflow/example_dags/plugins/workday.py
[2026-02-11T13:09:24.231+0800] {processor.py:830} INFO - Processing file /Users/linghuchong/miniconda3/envs/py310/lib/python3.10/site-packages/airflow/example_dags/plugins/workday.py for tasks to queue
[2026-02-11T13:09:24.232+0800] {logging_mixin.py:188} INFO - [2026-02-11T13:09:24.232+0800] {dagbag.py:540} INFO - Filling up the DagBag from /Users/linghuchong/miniconda3/envs/py310/lib/python3.10/site-packages/airflow/example_dags/plugins/workday.py
[2026-02-11T13:09:25.197+0800] {processor.py:842} WARNING - No viable dags retrieved from /Users/linghuchong/miniconda3/envs/py310/lib/python3.10/site-packages/airflow/example_dags/plugins/workday.py
[2026-02-11T13:09:25.294+0800] {processor.py:183} INFO - Processing /Users/linghuchong/miniconda3/envs/py310/lib/python3.10/site-packages/airflow/example_dags/plugins/workday.py took 1.065 seconds
[2026-02-11T13:12:08.496+0800] {processor.py:161} INFO - Started process (PID=8695) to work on /Users/linghuchong/miniconda3/envs/py310/lib/python3.10/site-packages/airflow/example_dags/plugins/workday.py
[2026-02-11T13:12:08.498+0800] {processor.py:830} INFO - Processing file /Users/linghuchong/miniconda3/envs/py310/lib/python3.10/site-packages/airflow/example_dags/plugins/workday.py for tasks to queue
[2026-02-11T13:12:08.499+0800] {logging_mixin.py:188} INFO - [2026-02-11T13:12:08.499+0800] {dagbag.py:540} INFO - Filling up the DagBag from /Users/linghuchong/miniconda3/envs/py310/lib/python3.10/site-packages/airflow/example_dags/plugins/workday.py
[2026-02-11T13:12:09.829+0800] {processor.py:842} WARNING - No viable dags retrieved from /Users/linghuchong/miniconda3/envs/py310/lib/python3.10/site-packages/airflow/example_dags/plugins/workday.py
[2026-02-11T13:12:09.928+0800] {processor.py:183} INFO - Processing /Users/linghuchong/miniconda3/envs/py310/lib/python3.10/site-packages/airflow/example_dags/plugins/workday.py took 1.434 seconds
[2026-02-11T13:18:56.059+0800] {processor.py:161} INFO - Started process (PID=9048) to work on /Users/linghuchong/miniconda3/envs/py310/lib/python3.10/site-packages/airflow/example_dags/plugins/workday.py
[2026-02-11T13:18:56.062+0800] {processor.py:830} INFO - Processing file /Users/linghuchong/miniconda3/envs/py310/lib/python3.10/site-packages/airflow/example_dags/plugins/workday.py for tasks to queue
[2026-02-11T13:18:56.063+0800] {logging_mixin.py:188} INFO - [2026-02-11T13:18:56.062+0800] {dagbag.py:540} INFO - Filling up the DagBag from /Users/linghuchong/miniconda3/envs/py310/lib/python3.10/site-packages/airflow/example_dags/plugins/workday.py
[2026-02-11T13:18:57.212+0800] {processor.py:842} WARNING - No viable dags retrieved from /Users/linghuchong/miniconda3/envs/py310/lib/python3.10/site-packages/airflow/example_dags/plugins/workday.py
[2026-02-11T13:18:57.320+0800] {processor.py:183} INFO - Processing /Users/linghuchong/miniconda3/envs/py310/lib/python3.10/site-packages/airflow/example_dags/plugins/workday.py took 1.262 seconds
[2026-02-11T13:22:52.446+0800] {processor.py:161} INFO - Started process (PID=9194) to work on /Users/linghuchong/miniconda3/envs/py310/lib/python3.10/site-packages/airflow/example_dags/plugins/workday.py
[2026-02-11T13:22:52.449+0800] {processor.py:830} INFO - Processing file /Users/linghuchong/miniconda3/envs/py310/lib/python3.10/site-packages/airflow/example_dags/plugins/workday.py for tasks to queue
[2026-02-11T13:22:52.450+0800] {logging_mixin.py:188} INFO - [2026-02-11T13:22:52.450+0800] {dagbag.py:540} INFO - Filling up the DagBag from /Users/linghuchong/miniconda3/envs/py310/lib/python3.10/site-packages/airflow/example_dags/plugins/workday.py
[2026-02-11T13:22:53.526+0800] {processor.py:842} WARNING - No viable dags retrieved from /Users/linghuchong/miniconda3/envs/py310/lib/python3.10/site-packages/airflow/example_dags/plugins/workday.py
[2026-02-11T13:22:53.628+0800] {processor.py:183} INFO - Processing /Users/linghuchong/miniconda3/envs/py310/lib/python3.10/site-packages/airflow/example_dags/plugins/workday.py took 1.182 seconds
[2026-02-11T13:25:38.097+0800] {processor.py:161} INFO - Started process (PID=9298) to work on /Users/linghuchong/miniconda3/envs/py310/lib/python3.10/site-packages/airflow/example_dags/plugins/workday.py
[2026-02-11T13:25:38.098+0800] {processor.py:830} INFO - Processing file /Users/linghuchong/miniconda3/envs/py310/lib/python3.10/site-packages/airflow/example_dags/plugins/workday.py for tasks to queue
[2026-02-11T13:25:38.099+0800] {logging_mixin.py:188} INFO - [2026-02-11T13:25:38.099+0800] {dagbag.py:540} INFO - Filling up the DagBag from /Users/linghuchong/miniconda3/envs/py310/lib/python3.10/site-packages/airflow/example_dags/plugins/workday.py
[2026-02-11T13:25:39.392+0800] {processor.py:842} WARNING - No viable dags retrieved from /Users/linghuchong/miniconda3/envs/py310/lib/python3.10/site-packages/airflow/example_dags/plugins/workday.py
[2026-02-11T13:25:39.554+0800] {processor.py:183} INFO - Processing /Users/linghuchong/miniconda3/envs/py310/lib/python3.10/site-packages/airflow/example_dags/plugins/workday.py took 1.458 seconds
[2026-02-11T13:28:28.597+0800] {processor.py:161} INFO - Started process (PID=9362) to work on /Users/linghuchong/miniconda3/envs/py310/lib/python3.10/site-packages/airflow/example_dags/plugins/workday.py
[2026-02-11T13:28:28.598+0800] {processor.py:830} INFO - Processing file /Users/linghuchong/miniconda3/envs/py310/lib/python3.10/site-packages/airflow/example_dags/plugins/workday.py for tasks to queue
[2026-02-11T13:28:28.599+0800] {logging_mixin.py:188} INFO - [2026-02-11T13:28:28.599+0800] {dagbag.py:540} INFO - Filling up the DagBag from /Users/linghuchong/miniconda3/envs/py310/lib/python3.10/site-packages/airflow/example_dags/plugins/workday.py
[2026-02-11T13:28:29.734+0800] {processor.py:842} WARNING - No viable dags retrieved from /Users/linghuchong/miniconda3/envs/py310/lib/python3.10/site-packages/airflow/example_dags/plugins/workday.py
[2026-02-11T13:28:29.839+0800] {processor.py:183} INFO - Processing /Users/linghuchong/miniconda3/envs/py310/lib/python3.10/site-packages/airflow/example_dags/plugins/workday.py took 1.243 seconds
[2026-02-11T13:31:20.929+0800] {processor.py:161} INFO - Started process (PID=9462) to work on /Users/linghuchong/miniconda3/envs/py310/lib/python3.10/site-packages/airflow/example_dags/plugins/workday.py
[2026-02-11T13:31:20.932+0800] {processor.py:830} INFO - Processing file /Users/linghuchong/miniconda3/envs/py310/lib/python3.10/site-packages/airflow/example_dags/plugins/workday.py for tasks to queue
[2026-02-11T13:31:20.933+0800] {logging_mixin.py:188} INFO - [2026-02-11T13:31:20.933+0800] {dagbag.py:540} INFO - Filling up the DagBag from /Users/linghuchong/miniconda3/envs/py310/lib/python3.10/site-packages/airflow/example_dags/plugins/workday.py
[2026-02-11T13:31:22.041+0800] {processor.py:842} WARNING - No viable dags retrieved from /Users/linghuchong/miniconda3/envs/py310/lib/python3.10/site-packages/airflow/example_dags/plugins/workday.py
[2026-02-11T13:31:22.138+0800] {processor.py:183} INFO - Processing /Users/linghuchong/miniconda3/envs/py310/lib/python3.10/site-packages/airflow/example_dags/plugins/workday.py took 1.210 seconds
[2026-02-11T13:34:21.410+0800] {processor.py:161} INFO - Started process (PID=9572) to work on /Users/linghuchong/miniconda3/envs/py310/lib/python3.10/site-packages/airflow/example_dags/plugins/workday.py
[2026-02-11T13:34:21.413+0800] {processor.py:830} INFO - Processing file /Users/linghuchong/miniconda3/envs/py310/lib/python3.10/site-packages/airflow/example_dags/plugins/workday.py for tasks to queue
[2026-02-11T13:34:21.414+0800] {logging_mixin.py:188} INFO - [2026-02-11T13:34:21.414+0800] {dagbag.py:540} INFO - Filling up the DagBag from /Users/linghuchong/miniconda3/envs/py310/lib/python3.10/site-packages/airflow/example_dags/plugins/workday.py
[2026-02-11T13:34:22.558+0800] {processor.py:842} WARNING - No viable dags retrieved from /Users/linghuchong/miniconda3/envs/py310/lib/python3.10/site-packages/airflow/example_dags/plugins/workday.py
[2026-02-11T13:34:22.658+0800] {processor.py:183} INFO - Processing /Users/linghuchong/miniconda3/envs/py310/lib/python3.10/site-packages/airflow/example_dags/plugins/workday.py took 1.249 seconds
[2026-02-11T16:15:42.670+0800] {processor.py:161} INFO - Started process (PID=14212) to work on /Users/linghuchong/miniconda3/envs/py310/lib/python3.10/site-packages/airflow/example_dags/plugins/workday.py
[2026-02-11T16:15:42.671+0800] {processor.py:830} INFO - Processing file /Users/linghuchong/miniconda3/envs/py310/lib/python3.10/site-packages/airflow/example_dags/plugins/workday.py for tasks to queue
[2026-02-11T16:15:42.672+0800] {logging_mixin.py:188} INFO - [2026-02-11T16:15:42.672+0800] {dagbag.py:540} INFO - Filling up the DagBag from /Users/linghuchong/miniconda3/envs/py310/lib/python3.10/site-packages/airflow/example_dags/plugins/workday.py
[2026-02-11T16:15:43.412+0800] {processor.py:842} WARNING - No viable dags retrieved from /Users/linghuchong/miniconda3/envs/py310/lib/python3.10/site-packages/airflow/example_dags/plugins/workday.py
[2026-02-11T16:15:43.529+0800] {processor.py:183} INFO - Processing /Users/linghuchong/miniconda3/envs/py310/lib/python3.10/site-packages/airflow/example_dags/plugins/workday.py took 0.860 seconds
[2026-02-11T16:23:04.716+0800] {processor.py:161} INFO - Started process (PID=14628) to work on /Users/linghuchong/miniconda3/envs/py310/lib/python3.10/site-packages/airflow/example_dags/plugins/workday.py
[2026-02-11T16:23:04.719+0800] {processor.py:830} INFO - Processing file /Users/linghuchong/miniconda3/envs/py310/lib/python3.10/site-packages/airflow/example_dags/plugins/workday.py for tasks to queue
[2026-02-11T16:23:04.720+0800] {logging_mixin.py:188} INFO - [2026-02-11T16:23:04.720+0800] {dagbag.py:540} INFO - Filling up the DagBag from /Users/linghuchong/miniconda3/envs/py310/lib/python3.10/site-packages/airflow/example_dags/plugins/workday.py
[2026-02-11T16:23:05.380+0800] {processor.py:842} WARNING - No viable dags retrieved from /Users/linghuchong/miniconda3/envs/py310/lib/python3.10/site-packages/airflow/example_dags/plugins/workday.py
[2026-02-11T16:23:05.478+0800] {processor.py:183} INFO - Processing /Users/linghuchong/miniconda3/envs/py310/lib/python3.10/site-packages/airflow/example_dags/plugins/workday.py took 0.763 seconds
[2026-02-11T16:26:33.976+0800] {processor.py:161} INFO - Started process (PID=14817) to work on /Users/linghuchong/miniconda3/envs/py310/lib/python3.10/site-packages/airflow/example_dags/plugins/workday.py
[2026-02-11T16:26:33.978+0800] {processor.py:830} INFO - Processing file /Users/linghuchong/miniconda3/envs/py310/lib/python3.10/site-packages/airflow/example_dags/plugins/workday.py for tasks to queue
[2026-02-11T16:26:33.979+0800] {logging_mixin.py:188} INFO - [2026-02-11T16:26:33.979+0800] {dagbag.py:540} INFO - Filling up the DagBag from /Users/linghuchong/miniconda3/envs/py310/lib/python3.10/site-packages/airflow/example_dags/plugins/workday.py
[2026-02-11T16:26:35.271+0800] {processor.py:842} WARNING - No viable dags retrieved from /Users/linghuchong/miniconda3/envs/py310/lib/python3.10/site-packages/airflow/example_dags/plugins/workday.py
[2026-02-11T16:26:35.372+0800] {processor.py:183} INFO - Processing /Users/linghuchong/miniconda3/envs/py310/lib/python3.10/site-packages/airflow/example_dags/plugins/workday.py took 1.400 seconds
[2026-02-11T16:29:47.355+0800] {processor.py:161} INFO - Started process (PID=14930) to work on /Users/linghuchong/miniconda3/envs/py310/lib/python3.10/site-packages/airflow/example_dags/plugins/workday.py
[2026-02-11T16:29:47.357+0800] {processor.py:830} INFO - Processing file /Users/linghuchong/miniconda3/envs/py310/lib/python3.10/site-packages/airflow/example_dags/plugins/workday.py for tasks to queue
[2026-02-11T16:29:47.358+0800] {logging_mixin.py:188} INFO - [2026-02-11T16:29:47.358+0800] {dagbag.py:540} INFO - Filling up the DagBag from /Users/linghuchong/miniconda3/envs/py310/lib/python3.10/site-packages/airflow/example_dags/plugins/workday.py
[2026-02-11T16:29:48.443+0800] {processor.py:842} WARNING - No viable dags retrieved from /Users/linghuchong/miniconda3/envs/py310/lib/python3.10/site-packages/airflow/example_dags/plugins/workday.py
[2026-02-11T16:29:48.549+0800] {processor.py:183} INFO - Processing /Users/linghuchong/miniconda3/envs/py310/lib/python3.10/site-packages/airflow/example_dags/plugins/workday.py took 1.195 seconds
[2026-02-11T16:33:05.406+0800] {processor.py:161} INFO - Started process (PID=15261) to work on /Users/linghuchong/miniconda3/envs/py310/lib/python3.10/site-packages/airflow/example_dags/plugins/workday.py
[2026-02-11T16:33:05.409+0800] {processor.py:830} INFO - Processing file /Users/linghuchong/miniconda3/envs/py310/lib/python3.10/site-packages/airflow/example_dags/plugins/workday.py for tasks to queue
[2026-02-11T16:33:05.410+0800] {logging_mixin.py:188} INFO - [2026-02-11T16:33:05.410+0800] {dagbag.py:540} INFO - Filling up the DagBag from /Users/linghuchong/miniconda3/envs/py310/lib/python3.10/site-packages/airflow/example_dags/plugins/workday.py
[2026-02-11T16:33:06.542+0800] {processor.py:842} WARNING - No viable dags retrieved from /Users/linghuchong/miniconda3/envs/py310/lib/python3.10/site-packages/airflow/example_dags/plugins/workday.py
[2026-02-11T16:33:06.667+0800] {processor.py:183} INFO - Processing /Users/linghuchong/miniconda3/envs/py310/lib/python3.10/site-packages/airflow/example_dags/plugins/workday.py took 1.262 seconds
[2026-02-11T16:36:18.748+0800] {processor.py:161} INFO - Started process (PID=15420) to work on /Users/linghuchong/miniconda3/envs/py310/lib/python3.10/site-packages/airflow/example_dags/plugins/workday.py
[2026-02-11T16:36:18.749+0800] {processor.py:830} INFO - Processing file /Users/linghuchong/miniconda3/envs/py310/lib/python3.10/site-packages/airflow/example_dags/plugins/workday.py for tasks to queue
[2026-02-11T16:36:18.750+0800] {logging_mixin.py:188} INFO - [2026-02-11T16:36:18.750+0800] {dagbag.py:540} INFO - Filling up the DagBag from /Users/linghuchong/miniconda3/envs/py310/lib/python3.10/site-packages/airflow/example_dags/plugins/workday.py
[2026-02-11T16:36:19.788+0800] {processor.py:842} WARNING - No viable dags retrieved from /Users/linghuchong/miniconda3/envs/py310/lib/python3.10/site-packages/airflow/example_dags/plugins/workday.py
[2026-02-11T16:36:19.885+0800] {processor.py:183} INFO - Processing /Users/linghuchong/miniconda3/envs/py310/lib/python3.10/site-packages/airflow/example_dags/plugins/workday.py took 1.138 seconds
[2026-02-11T16:39:16.391+0800] {processor.py:161} INFO - Started process (PID=15619) to work on /Users/linghuchong/miniconda3/envs/py310/lib/python3.10/site-packages/airflow/example_dags/plugins/workday.py
[2026-02-11T16:39:16.394+0800] {processor.py:830} INFO - Processing file /Users/linghuchong/miniconda3/envs/py310/lib/python3.10/site-packages/airflow/example_dags/plugins/workday.py for tasks to queue
[2026-02-11T16:39:16.395+0800] {logging_mixin.py:188} INFO - [2026-02-11T16:39:16.394+0800] {dagbag.py:540} INFO - Filling up the DagBag from /Users/linghuchong/miniconda3/envs/py310/lib/python3.10/site-packages/airflow/example_dags/plugins/workday.py
[2026-02-11T16:39:17.481+0800] {processor.py:842} WARNING - No viable dags retrieved from /Users/linghuchong/miniconda3/envs/py310/lib/python3.10/site-packages/airflow/example_dags/plugins/workday.py
[2026-02-11T16:39:17.574+0800] {processor.py:183} INFO - Processing /Users/linghuchong/miniconda3/envs/py310/lib/python3.10/site-packages/airflow/example_dags/plugins/workday.py took 1.185 seconds
[2026-02-11T16:42:16.174+0800] {processor.py:161} INFO - Started process (PID=15900) to work on /Users/linghuchong/miniconda3/envs/py310/lib/python3.10/site-packages/airflow/example_dags/plugins/workday.py
[2026-02-11T16:42:16.177+0800] {processor.py:830} INFO - Processing file /Users/linghuchong/miniconda3/envs/py310/lib/python3.10/site-packages/airflow/example_dags/plugins/workday.py for tasks to queue
[2026-02-11T16:42:16.178+0800] {logging_mixin.py:188} INFO - [2026-02-11T16:42:16.178+0800] {dagbag.py:540} INFO - Filling up the DagBag from /Users/linghuchong/miniconda3/envs/py310/lib/python3.10/site-packages/airflow/example_dags/plugins/workday.py
[2026-02-11T16:42:17.199+0800] {processor.py:842} WARNING - No viable dags retrieved from /Users/linghuchong/miniconda3/envs/py310/lib/python3.10/site-packages/airflow/example_dags/plugins/workday.py
[2026-02-11T16:42:17.314+0800] {processor.py:183} INFO - Processing /Users/linghuchong/miniconda3/envs/py310/lib/python3.10/site-packages/airflow/example_dags/plugins/workday.py took 1.140 seconds
[2026-02-11T16:45:21.471+0800] {processor.py:161} INFO - Started process (PID=16063) to work on /Users/linghuchong/miniconda3/envs/py310/lib/python3.10/site-packages/airflow/example_dags/plugins/workday.py
[2026-02-11T16:45:21.472+0800] {processor.py:830} INFO - Processing file /Users/linghuchong/miniconda3/envs/py310/lib/python3.10/site-packages/airflow/example_dags/plugins/workday.py for tasks to queue
[2026-02-11T16:45:21.473+0800] {logging_mixin.py:188} INFO - [2026-02-11T16:45:21.472+0800] {dagbag.py:540} INFO - Filling up the DagBag from /Users/linghuchong/miniconda3/envs/py310/lib/python3.10/site-packages/airflow/example_dags/plugins/workday.py
[2026-02-11T16:45:22.462+0800] {processor.py:842} WARNING - No viable dags retrieved from /Users/linghuchong/miniconda3/envs/py310/lib/python3.10/site-packages/airflow/example_dags/plugins/workday.py
[2026-02-11T16:45:22.563+0800] {processor.py:183} INFO - Processing /Users/linghuchong/miniconda3/envs/py310/lib/python3.10/site-packages/airflow/example_dags/plugins/workday.py took 1.093 seconds
[2026-02-11T16:48:39.263+0800] {processor.py:161} INFO - Started process (PID=16240) to work on /Users/linghuchong/miniconda3/envs/py310/lib/python3.10/site-packages/airflow/example_dags/plugins/workday.py
[2026-02-11T16:48:39.266+0800] {processor.py:830} INFO - Processing file /Users/linghuchong/miniconda3/envs/py310/lib/python3.10/site-packages/airflow/example_dags/plugins/workday.py for tasks to queue
[2026-02-11T16:48:39.267+0800] {logging_mixin.py:188} INFO - [2026-02-11T16:48:39.267+0800] {dagbag.py:540} INFO - Filling up the DagBag from /Users/linghuchong/miniconda3/envs/py310/lib/python3.10/site-packages/airflow/example_dags/plugins/workday.py
[2026-02-11T16:48:40.241+0800] {processor.py:842} WARNING - No viable dags retrieved from /Users/linghuchong/miniconda3/envs/py310/lib/python3.10/site-packages/airflow/example_dags/plugins/workday.py
[2026-02-11T16:48:40.345+0800] {processor.py:183} INFO - Processing /Users/linghuchong/miniconda3/envs/py310/lib/python3.10/site-packages/airflow/example_dags/plugins/workday.py took 1.083 seconds
[2026-02-11T16:52:12.044+0800] {processor.py:161} INFO - Started process (PID=16418) to work on /Users/linghuchong/miniconda3/envs/py310/lib/python3.10/site-packages/airflow/example_dags/plugins/workday.py
[2026-02-11T16:52:12.047+0800] {processor.py:830} INFO - Processing file /Users/linghuchong/miniconda3/envs/py310/lib/python3.10/site-packages/airflow/example_dags/plugins/workday.py for tasks to queue
[2026-02-11T16:52:12.048+0800] {logging_mixin.py:188} INFO - [2026-02-11T16:52:12.048+0800] {dagbag.py:540} INFO - Filling up the DagBag from /Users/linghuchong/miniconda3/envs/py310/lib/python3.10/site-packages/airflow/example_dags/plugins/workday.py
[2026-02-11T16:52:12.969+0800] {processor.py:842} WARNING - No viable dags retrieved from /Users/linghuchong/miniconda3/envs/py310/lib/python3.10/site-packages/airflow/example_dags/plugins/workday.py
[2026-02-11T16:52:13.071+0800] {processor.py:183} INFO - Processing /Users/linghuchong/miniconda3/envs/py310/lib/python3.10/site-packages/airflow/example_dags/plugins/workday.py took 1.028 seconds
[2026-02-11T16:55:27.506+0800] {processor.py:161} INFO - Started process (PID=16565) to work on /Users/linghuchong/miniconda3/envs/py310/lib/python3.10/site-packages/airflow/example_dags/plugins/workday.py
[2026-02-11T16:55:27.507+0800] {processor.py:830} INFO - Processing file /Users/linghuchong/miniconda3/envs/py310/lib/python3.10/site-packages/airflow/example_dags/plugins/workday.py for tasks to queue
[2026-02-11T16:55:27.508+0800] {logging_mixin.py:188} INFO - [2026-02-11T16:55:27.508+0800] {dagbag.py:540} INFO - Filling up the DagBag from /Users/linghuchong/miniconda3/envs/py310/lib/python3.10/site-packages/airflow/example_dags/plugins/workday.py
[2026-02-11T16:55:28.227+0800] {processor.py:842} WARNING - No viable dags retrieved from /Users/linghuchong/miniconda3/envs/py310/lib/python3.10/site-packages/airflow/example_dags/plugins/workday.py
[2026-02-11T16:55:28.364+0800] {processor.py:183} INFO - Processing /Users/linghuchong/miniconda3/envs/py310/lib/python3.10/site-packages/airflow/example_dags/plugins/workday.py took 0.858 seconds
[2026-02-11T16:58:43.412+0800] {processor.py:161} INFO - Started process (PID=16662) to work on /Users/linghuchong/miniconda3/envs/py310/lib/python3.10/site-packages/airflow/example_dags/plugins/workday.py
[2026-02-11T16:58:43.414+0800] {processor.py:830} INFO - Processing file /Users/linghuchong/miniconda3/envs/py310/lib/python3.10/site-packages/airflow/example_dags/plugins/workday.py for tasks to queue
[2026-02-11T16:58:43.417+0800] {logging_mixin.py:188} INFO - [2026-02-11T16:58:43.416+0800] {dagbag.py:540} INFO - Filling up the DagBag from /Users/linghuchong/miniconda3/envs/py310/lib/python3.10/site-packages/airflow/example_dags/plugins/workday.py
[2026-02-11T16:58:44.556+0800] {processor.py:842} WARNING - No viable dags retrieved from /Users/linghuchong/miniconda3/envs/py310/lib/python3.10/site-packages/airflow/example_dags/plugins/workday.py
[2026-02-11T16:58:44.663+0800] {processor.py:183} INFO - Processing /Users/linghuchong/miniconda3/envs/py310/lib/python3.10/site-packages/airflow/example_dags/plugins/workday.py took 1.252 seconds
[2026-02-11T17:02:29.418+0800] {processor.py:161} INFO - Started process (PID=16839) to work on /Users/linghuchong/miniconda3/envs/py310/lib/python3.10/site-packages/airflow/example_dags/plugins/workday.py
[2026-02-11T17:02:29.421+0800] {processor.py:830} INFO - Processing file /Users/linghuchong/miniconda3/envs/py310/lib/python3.10/site-packages/airflow/example_dags/plugins/workday.py for tasks to queue
[2026-02-11T17:02:29.423+0800] {logging_mixin.py:188} INFO - [2026-02-11T17:02:29.422+0800] {dagbag.py:540} INFO - Filling up the DagBag from /Users/linghuchong/miniconda3/envs/py310/lib/python3.10/site-packages/airflow/example_dags/plugins/workday.py
[2026-02-11T17:02:30.825+0800] {processor.py:842} WARNING - No viable dags retrieved from /Users/linghuchong/miniconda3/envs/py310/lib/python3.10/site-packages/airflow/example_dags/plugins/workday.py
[2026-02-11T17:02:30.951+0800] {processor.py:183} INFO - Processing /Users/linghuchong/miniconda3/envs/py310/lib/python3.10/site-packages/airflow/example_dags/plugins/workday.py took 1.534 seconds
[2026-02-11T17:05:53.546+0800] {processor.py:161} INFO - Started process (PID=16951) to work on /Users/linghuchong/miniconda3/envs/py310/lib/python3.10/site-packages/airflow/example_dags/plugins/workday.py
[2026-02-11T17:05:53.547+0800] {processor.py:830} INFO - Processing file /Users/linghuchong/miniconda3/envs/py310/lib/python3.10/site-packages/airflow/example_dags/plugins/workday.py for tasks to queue
[2026-02-11T17:05:53.548+0800] {logging_mixin.py:188} INFO - [2026-02-11T17:05:53.548+0800] {dagbag.py:540} INFO - Filling up the DagBag from /Users/linghuchong/miniconda3/envs/py310/lib/python3.10/site-packages/airflow/example_dags/plugins/workday.py
[2026-02-11T17:05:54.743+0800] {processor.py:842} WARNING - No viable dags retrieved from /Users/linghuchong/miniconda3/envs/py310/lib/python3.10/site-packages/airflow/example_dags/plugins/workday.py
[2026-02-11T17:05:54.846+0800] {processor.py:183} INFO - Processing /Users/linghuchong/miniconda3/envs/py310/lib/python3.10/site-packages/airflow/example_dags/plugins/workday.py took 1.301 seconds
[2026-02-11T17:14:32.356+0800] {processor.py:161} INFO - Started process (PID=17684) to work on /Users/linghuchong/miniconda3/envs/py310/lib/python3.10/site-packages/airflow/example_dags/plugins/workday.py
[2026-02-11T17:14:32.359+0800] {processor.py:830} INFO - Processing file /Users/linghuchong/miniconda3/envs/py310/lib/python3.10/site-packages/airflow/example_dags/plugins/workday.py for tasks to queue
[2026-02-11T17:14:32.360+0800] {logging_mixin.py:188} INFO - [2026-02-11T17:14:32.360+0800] {dagbag.py:540} INFO - Filling up the DagBag from /Users/linghuchong/miniconda3/envs/py310/lib/python3.10/site-packages/airflow/example_dags/plugins/workday.py
[2026-02-11T17:14:33.104+0800] {processor.py:842} WARNING - No viable dags retrieved from /Users/linghuchong/miniconda3/envs/py310/lib/python3.10/site-packages/airflow/example_dags/plugins/workday.py
[2026-02-11T17:14:33.201+0800] {processor.py:183} INFO - Processing /Users/linghuchong/miniconda3/envs/py310/lib/python3.10/site-packages/airflow/example_dags/plugins/workday.py took 0.845 seconds
[2026-02-11T17:18:14.672+0800] {processor.py:161} INFO - Started process (PID=17829) to work on /Users/linghuchong/miniconda3/envs/py310/lib/python3.10/site-packages/airflow/example_dags/plugins/workday.py
[2026-02-11T17:18:14.675+0800] {processor.py:830} INFO - Processing file /Users/linghuchong/miniconda3/envs/py310/lib/python3.10/site-packages/airflow/example_dags/plugins/workday.py for tasks to queue
[2026-02-11T17:18:14.676+0800] {logging_mixin.py:188} INFO - [2026-02-11T17:18:14.676+0800] {dagbag.py:540} INFO - Filling up the DagBag from /Users/linghuchong/miniconda3/envs/py310/lib/python3.10/site-packages/airflow/example_dags/plugins/workday.py
[2026-02-11T17:18:15.442+0800] {processor.py:842} WARNING - No viable dags retrieved from /Users/linghuchong/miniconda3/envs/py310/lib/python3.10/site-packages/airflow/example_dags/plugins/workday.py
[2026-02-11T17:18:15.536+0800] {processor.py:183} INFO - Processing /Users/linghuchong/miniconda3/envs/py310/lib/python3.10/site-packages/airflow/example_dags/plugins/workday.py took 0.865 seconds
[2026-02-11T17:21:00.163+0800] {processor.py:161} INFO - Started process (PID=17899) to work on /Users/linghuchong/miniconda3/envs/py310/lib/python3.10/site-packages/airflow/example_dags/plugins/workday.py
[2026-02-11T17:21:00.166+0800] {processor.py:830} INFO - Processing file /Users/linghuchong/miniconda3/envs/py310/lib/python3.10/site-packages/airflow/example_dags/plugins/workday.py for tasks to queue
[2026-02-11T17:21:00.167+0800] {logging_mixin.py:188} INFO - [2026-02-11T17:21:00.167+0800] {dagbag.py:540} INFO - Filling up the DagBag from /Users/linghuchong/miniconda3/envs/py310/lib/python3.10/site-packages/airflow/example_dags/plugins/workday.py
[2026-02-11T17:21:00.913+0800] {processor.py:842} WARNING - No viable dags retrieved from /Users/linghuchong/miniconda3/envs/py310/lib/python3.10/site-packages/airflow/example_dags/plugins/workday.py
[2026-02-11T17:21:01.007+0800] {processor.py:183} INFO - Processing /Users/linghuchong/miniconda3/envs/py310/lib/python3.10/site-packages/airflow/example_dags/plugins/workday.py took 0.845 seconds
[2026-02-11T17:23:44.713+0800] {processor.py:161} INFO - Started process (PID=18004) to work on /Users/linghuchong/miniconda3/envs/py310/lib/python3.10/site-packages/airflow/example_dags/plugins/workday.py
[2026-02-11T17:23:44.716+0800] {processor.py:830} INFO - Processing file /Users/linghuchong/miniconda3/envs/py310/lib/python3.10/site-packages/airflow/example_dags/plugins/workday.py for tasks to queue
[2026-02-11T17:23:44.717+0800] {logging_mixin.py:188} INFO - [2026-02-11T17:23:44.716+0800] {dagbag.py:540} INFO - Filling up the DagBag from /Users/linghuchong/miniconda3/envs/py310/lib/python3.10/site-packages/airflow/example_dags/plugins/workday.py
[2026-02-11T17:23:45.492+0800] {processor.py:842} WARNING - No viable dags retrieved from /Users/linghuchong/miniconda3/envs/py310/lib/python3.10/site-packages/airflow/example_dags/plugins/workday.py
[2026-02-11T17:23:45.582+0800] {processor.py:183} INFO - Processing /Users/linghuchong/miniconda3/envs/py310/lib/python3.10/site-packages/airflow/example_dags/plugins/workday.py took 0.871 seconds
[2026-02-11T17:26:25.494+0800] {processor.py:161} INFO - Started process (PID=18078) to work on /Users/linghuchong/miniconda3/envs/py310/lib/python3.10/site-packages/airflow/example_dags/plugins/workday.py
[2026-02-11T17:26:25.496+0800] {processor.py:830} INFO - Processing file /Users/linghuchong/miniconda3/envs/py310/lib/python3.10/site-packages/airflow/example_dags/plugins/workday.py for tasks to queue
[2026-02-11T17:26:25.498+0800] {logging_mixin.py:188} INFO - [2026-02-11T17:26:25.497+0800] {dagbag.py:540} INFO - Filling up the DagBag from /Users/linghuchong/miniconda3/envs/py310/lib/python3.10/site-packages/airflow/example_dags/plugins/workday.py
[2026-02-11T17:26:26.328+0800] {processor.py:842} WARNING - No viable dags retrieved from /Users/linghuchong/miniconda3/envs/py310/lib/python3.10/site-packages/airflow/example_dags/plugins/workday.py
[2026-02-11T17:26:26.421+0800] {processor.py:183} INFO - Processing /Users/linghuchong/miniconda3/envs/py310/lib/python3.10/site-packages/airflow/example_dags/plugins/workday.py took 0.928 seconds
[2026-02-11T17:29:10.964+0800] {processor.py:161} INFO - Started process (PID=18183) to work on /Users/linghuchong/miniconda3/envs/py310/lib/python3.10/site-packages/airflow/example_dags/plugins/workday.py
[2026-02-11T17:29:10.967+0800] {processor.py:830} INFO - Processing file /Users/linghuchong/miniconda3/envs/py310/lib/python3.10/site-packages/airflow/example_dags/plugins/workday.py for tasks to queue
[2026-02-11T17:29:10.969+0800] {logging_mixin.py:188} INFO - [2026-02-11T17:29:10.968+0800] {dagbag.py:540} INFO - Filling up the DagBag from /Users/linghuchong/miniconda3/envs/py310/lib/python3.10/site-packages/airflow/example_dags/plugins/workday.py
[2026-02-11T17:29:11.709+0800] {processor.py:842} WARNING - No viable dags retrieved from /Users/linghuchong/miniconda3/envs/py310/lib/python3.10/site-packages/airflow/example_dags/plugins/workday.py
[2026-02-11T17:29:11.800+0800] {processor.py:183} INFO - Processing /Users/linghuchong/miniconda3/envs/py310/lib/python3.10/site-packages/airflow/example_dags/plugins/workday.py took 0.837 seconds
[2026-02-11T17:32:11.679+0800] {processor.py:161} INFO - Started process (PID=18284) to work on /Users/linghuchong/miniconda3/envs/py310/lib/python3.10/site-packages/airflow/example_dags/plugins/workday.py
[2026-02-11T17:32:11.682+0800] {processor.py:830} INFO - Processing file /Users/linghuchong/miniconda3/envs/py310/lib/python3.10/site-packages/airflow/example_dags/plugins/workday.py for tasks to queue
[2026-02-11T17:32:11.683+0800] {logging_mixin.py:188} INFO - [2026-02-11T17:32:11.683+0800] {dagbag.py:540} INFO - Filling up the DagBag from /Users/linghuchong/miniconda3/envs/py310/lib/python3.10/site-packages/airflow/example_dags/plugins/workday.py
[2026-02-11T17:32:12.473+0800] {processor.py:842} WARNING - No viable dags retrieved from /Users/linghuchong/miniconda3/envs/py310/lib/python3.10/site-packages/airflow/example_dags/plugins/workday.py
[2026-02-11T17:32:12.577+0800] {processor.py:183} INFO - Processing /Users/linghuchong/miniconda3/envs/py310/lib/python3.10/site-packages/airflow/example_dags/plugins/workday.py took 0.899 seconds
[2026-02-11T17:35:13.661+0800] {processor.py:161} INFO - Started process (PID=18396) to work on /Users/linghuchong/miniconda3/envs/py310/lib/python3.10/site-packages/airflow/example_dags/plugins/workday.py
[2026-02-11T17:35:13.664+0800] {processor.py:830} INFO - Processing file /Users/linghuchong/miniconda3/envs/py310/lib/python3.10/site-packages/airflow/example_dags/plugins/workday.py for tasks to queue
[2026-02-11T17:35:13.665+0800] {logging_mixin.py:188} INFO - [2026-02-11T17:35:13.665+0800] {dagbag.py:540} INFO - Filling up the DagBag from /Users/linghuchong/miniconda3/envs/py310/lib/python3.10/site-packages/airflow/example_dags/plugins/workday.py
[2026-02-11T17:35:14.465+0800] {processor.py:842} WARNING - No viable dags retrieved from /Users/linghuchong/miniconda3/envs/py310/lib/python3.10/site-packages/airflow/example_dags/plugins/workday.py
[2026-02-11T17:35:14.566+0800] {processor.py:183} INFO - Processing /Users/linghuchong/miniconda3/envs/py310/lib/python3.10/site-packages/airflow/example_dags/plugins/workday.py took 0.906 seconds
[2026-02-11T17:38:18.019+0800] {processor.py:161} INFO - Started process (PID=18607) to work on /Users/linghuchong/miniconda3/envs/py310/lib/python3.10/site-packages/airflow/example_dags/plugins/workday.py
[2026-02-11T17:38:18.022+0800] {processor.py:830} INFO - Processing file /Users/linghuchong/miniconda3/envs/py310/lib/python3.10/site-packages/airflow/example_dags/plugins/workday.py for tasks to queue
[2026-02-11T17:38:18.023+0800] {logging_mixin.py:188} INFO - [2026-02-11T17:38:18.022+0800] {dagbag.py:540} INFO - Filling up the DagBag from /Users/linghuchong/miniconda3/envs/py310/lib/python3.10/site-packages/airflow/example_dags/plugins/workday.py
[2026-02-11T17:38:19.043+0800] {processor.py:842} WARNING - No viable dags retrieved from /Users/linghuchong/miniconda3/envs/py310/lib/python3.10/site-packages/airflow/example_dags/plugins/workday.py
[2026-02-11T17:38:19.139+0800] {processor.py:183} INFO - Processing /Users/linghuchong/miniconda3/envs/py310/lib/python3.10/site-packages/airflow/example_dags/plugins/workday.py took 1.122 seconds
[2026-02-11T17:41:26.176+0800] {processor.py:161} INFO - Started process (PID=18933) to work on /Users/linghuchong/miniconda3/envs/py310/lib/python3.10/site-packages/airflow/example_dags/plugins/workday.py
[2026-02-11T17:41:26.177+0800] {processor.py:830} INFO - Processing file /Users/linghuchong/miniconda3/envs/py310/lib/python3.10/site-packages/airflow/example_dags/plugins/workday.py for tasks to queue
[2026-02-11T17:41:26.178+0800] {logging_mixin.py:188} INFO - [2026-02-11T17:41:26.178+0800] {dagbag.py:540} INFO - Filling up the DagBag from /Users/linghuchong/miniconda3/envs/py310/lib/python3.10/site-packages/airflow/example_dags/plugins/workday.py
[2026-02-11T17:41:27.215+0800] {processor.py:842} WARNING - No viable dags retrieved from /Users/linghuchong/miniconda3/envs/py310/lib/python3.10/site-packages/airflow/example_dags/plugins/workday.py
[2026-02-11T17:41:27.317+0800] {processor.py:183} INFO - Processing /Users/linghuchong/miniconda3/envs/py310/lib/python3.10/site-packages/airflow/example_dags/plugins/workday.py took 1.142 seconds
[2026-02-11T17:44:33.672+0800] {processor.py:161} INFO - Started process (PID=19499) to work on /Users/linghuchong/miniconda3/envs/py310/lib/python3.10/site-packages/airflow/example_dags/plugins/workday.py
[2026-02-11T17:44:33.673+0800] {processor.py:830} INFO - Processing file /Users/linghuchong/miniconda3/envs/py310/lib/python3.10/site-packages/airflow/example_dags/plugins/workday.py for tasks to queue
[2026-02-11T17:44:33.674+0800] {logging_mixin.py:188} INFO - [2026-02-11T17:44:33.674+0800] {dagbag.py:540} INFO - Filling up the DagBag from /Users/linghuchong/miniconda3/envs/py310/lib/python3.10/site-packages/airflow/example_dags/plugins/workday.py
[2026-02-11T17:44:34.751+0800] {processor.py:842} WARNING - No viable dags retrieved from /Users/linghuchong/miniconda3/envs/py310/lib/python3.10/site-packages/airflow/example_dags/plugins/workday.py
[2026-02-11T17:44:34.850+0800] {processor.py:183} INFO - Processing /Users/linghuchong/miniconda3/envs/py310/lib/python3.10/site-packages/airflow/example_dags/plugins/workday.py took 1.179 seconds
[2026-02-11T17:47:40.026+0800] {processor.py:161} INFO - Started process (PID=19754) to work on /Users/linghuchong/miniconda3/envs/py310/lib/python3.10/site-packages/airflow/example_dags/plugins/workday.py
[2026-02-11T17:47:40.030+0800] {processor.py:830} INFO - Processing file /Users/linghuchong/miniconda3/envs/py310/lib/python3.10/site-packages/airflow/example_dags/plugins/workday.py for tasks to queue
[2026-02-11T17:47:40.031+0800] {logging_mixin.py:188} INFO - [2026-02-11T17:47:40.031+0800] {dagbag.py:540} INFO - Filling up the DagBag from /Users/linghuchong/miniconda3/envs/py310/lib/python3.10/site-packages/airflow/example_dags/plugins/workday.py
[2026-02-11T17:47:41.017+0800] {processor.py:842} WARNING - No viable dags retrieved from /Users/linghuchong/miniconda3/envs/py310/lib/python3.10/site-packages/airflow/example_dags/plugins/workday.py
[2026-02-11T17:47:41.116+0800] {processor.py:183} INFO - Processing /Users/linghuchong/miniconda3/envs/py310/lib/python3.10/site-packages/airflow/example_dags/plugins/workday.py took 1.090 seconds
[2026-02-11T17:50:43.703+0800] {processor.py:161} INFO - Started process (PID=19857) to work on /Users/linghuchong/miniconda3/envs/py310/lib/python3.10/site-packages/airflow/example_dags/plugins/workday.py
[2026-02-11T17:50:43.705+0800] {processor.py:830} INFO - Processing file /Users/linghuchong/miniconda3/envs/py310/lib/python3.10/site-packages/airflow/example_dags/plugins/workday.py for tasks to queue
[2026-02-11T17:50:43.706+0800] {logging_mixin.py:188} INFO - [2026-02-11T17:50:43.706+0800] {dagbag.py:540} INFO - Filling up the DagBag from /Users/linghuchong/miniconda3/envs/py310/lib/python3.10/site-packages/airflow/example_dags/plugins/workday.py
[2026-02-11T17:50:44.732+0800] {processor.py:842} WARNING - No viable dags retrieved from /Users/linghuchong/miniconda3/envs/py310/lib/python3.10/site-packages/airflow/example_dags/plugins/workday.py
[2026-02-11T17:50:44.841+0800] {processor.py:183} INFO - Processing /Users/linghuchong/miniconda3/envs/py310/lib/python3.10/site-packages/airflow/example_dags/plugins/workday.py took 1.139 seconds
[2026-02-11T17:53:50.148+0800] {processor.py:161} INFO - Started process (PID=19984) to work on /Users/linghuchong/miniconda3/envs/py310/lib/python3.10/site-packages/airflow/example_dags/plugins/workday.py
[2026-02-11T17:53:50.149+0800] {processor.py:830} INFO - Processing file /Users/linghuchong/miniconda3/envs/py310/lib/python3.10/site-packages/airflow/example_dags/plugins/workday.py for tasks to queue
[2026-02-11T17:53:50.150+0800] {logging_mixin.py:188} INFO - [2026-02-11T17:53:50.150+0800] {dagbag.py:540} INFO - Filling up the DagBag from /Users/linghuchong/miniconda3/envs/py310/lib/python3.10/site-packages/airflow/example_dags/plugins/workday.py
[2026-02-11T17:53:51.155+0800] {processor.py:842} WARNING - No viable dags retrieved from /Users/linghuchong/miniconda3/envs/py310/lib/python3.10/site-packages/airflow/example_dags/plugins/workday.py
[2026-02-11T17:53:51.254+0800] {processor.py:183} INFO - Processing /Users/linghuchong/miniconda3/envs/py310/lib/python3.10/site-packages/airflow/example_dags/plugins/workday.py took 1.106 seconds
[2026-02-11T17:56:55.801+0800] {processor.py:161} INFO - Started process (PID=20083) to work on /Users/linghuchong/miniconda3/envs/py310/lib/python3.10/site-packages/airflow/example_dags/plugins/workday.py
[2026-02-11T17:56:55.802+0800] {processor.py:830} INFO - Processing file /Users/linghuchong/miniconda3/envs/py310/lib/python3.10/site-packages/airflow/example_dags/plugins/workday.py for tasks to queue
[2026-02-11T17:56:55.803+0800] {logging_mixin.py:188} INFO - [2026-02-11T17:56:55.803+0800] {dagbag.py:540} INFO - Filling up the DagBag from /Users/linghuchong/miniconda3/envs/py310/lib/python3.10/site-packages/airflow/example_dags/plugins/workday.py
[2026-02-11T17:56:57.046+0800] {processor.py:842} WARNING - No viable dags retrieved from /Users/linghuchong/miniconda3/envs/py310/lib/python3.10/site-packages/airflow/example_dags/plugins/workday.py
[2026-02-11T17:56:57.156+0800] {processor.py:183} INFO - Processing /Users/linghuchong/miniconda3/envs/py310/lib/python3.10/site-packages/airflow/example_dags/plugins/workday.py took 1.356 seconds
[2026-02-11T18:00:06.071+0800] {processor.py:161} INFO - Started process (PID=20253) to work on /Users/linghuchong/miniconda3/envs/py310/lib/python3.10/site-packages/airflow/example_dags/plugins/workday.py
[2026-02-11T18:00:06.072+0800] {processor.py:830} INFO - Processing file /Users/linghuchong/miniconda3/envs/py310/lib/python3.10/site-packages/airflow/example_dags/plugins/workday.py for tasks to queue
[2026-02-11T18:00:06.074+0800] {logging_mixin.py:188} INFO - [2026-02-11T18:00:06.073+0800] {dagbag.py:540} INFO - Filling up the DagBag from /Users/linghuchong/miniconda3/envs/py310/lib/python3.10/site-packages/airflow/example_dags/plugins/workday.py
[2026-02-11T18:00:07.382+0800] {processor.py:842} WARNING - No viable dags retrieved from /Users/linghuchong/miniconda3/envs/py310/lib/python3.10/site-packages/airflow/example_dags/plugins/workday.py
[2026-02-11T18:00:07.515+0800] {processor.py:183} INFO - Processing /Users/linghuchong/miniconda3/envs/py310/lib/python3.10/site-packages/airflow/example_dags/plugins/workday.py took 1.445 seconds
