[2026-02-13T11:01:00.756+0800] {local_task_job_runner.py:123} INFO - ::group::Pre task execution logs
[2026-02-13T11:01:00.771+0800] {taskinstance.py:2631} INFO - Dependencies all met for dep_context=non-requeueable deps ti=<TaskInstance: producer_dw_order_sync.sync_order_data manual__2026-02-13T03:00:56.955760+00:00 [queued]>
[2026-02-13T11:01:00.777+0800] {taskinstance.py:2631} INFO - Dependencies all met for dep_context=requeueable deps ti=<TaskInstance: producer_dw_order_sync.sync_order_data manual__2026-02-13T03:00:56.955760+00:00 [queued]>
[2026-02-13T11:01:00.777+0800] {taskinstance.py:2884} INFO - Starting attempt 1 of 1
[2026-02-13T11:01:00.790+0800] {taskinstance.py:2907} INFO - Executing <Task(PythonOperator): sync_order_data> on 2026-02-13 03:00:56.955760+00:00
[2026-02-13T11:01:00.793+0800] {standard_task_runner.py:72} INFO - Started process 6637 to run task
[2026-02-13T11:01:00.802+0800] {standard_task_runner.py:104} INFO - Running: ['airflow', 'tasks', 'run', 'producer_dw_order_sync', 'sync_order_data', 'manual__2026-02-13T03:00:56.955760+00:00', '--job-id', '42', '--raw', '--subdir', 'DAGS_FOLDER/dataset_demo.py', '--cfg-path', '/var/folders/f7/4z7jtb213fs0mtgbw_0vs2600000gn/T/tmp1e3i8m53']
[2026-02-13T11:01:00.807+0800] {standard_task_runner.py:105} INFO - Job 42: Subtask sync_order_data
[2026-02-13T11:01:01.060+0800] {task_command.py:467} INFO - Running <TaskInstance: producer_dw_order_sync.sync_order_data manual__2026-02-13T03:00:56.955760+00:00 [running]> on host localhost-2.local
[2026-02-13T11:01:01.127+0800] {taskinstance.py:3157} INFO - Exporting env vars: AIRFLOW_CTX_DAG_OWNER='airflow' AIRFLOW_CTX_DAG_ID='producer_dw_order_sync' AIRFLOW_CTX_TASK_ID='sync_order_data' AIRFLOW_CTX_EXECUTION_DATE='2026-02-13T03:00:56.955760+00:00' AIRFLOW_CTX_TRY_NUMBER='1' AIRFLOW_CTX_DAG_RUN_ID='manual__2026-02-13T03:00:56.955760+00:00'
[2026-02-13T11:01:01.128+0800] {taskinstance.py:740} INFO - ::endgroup::
[2026-02-13T11:01:01.148+0800] {logging_mixin.py:190} INFO - 开始同步订单数据...
[2026-02-13T11:01:01.148+0800] {logging_mixin.py:190} INFO - 订单数据同步完成！已更新 dw_order 表
[2026-02-13T11:01:01.156+0800] {base.py:84} INFO - Retrieving connection 'mysql_234_crm'
[2026-02-13T11:01:01.157+0800] {logging_mixin.py:190} INFO - ❌ MySQL 操作失败: No module named 'MySQLdb'
[2026-02-13T11:01:01.157+0800] {taskinstance.py:3336} ERROR - Task failed with exception
Traceback (most recent call last):
  File "/Users/linghuchong/miniconda3/envs/py310/lib/python3.10/site-packages/airflow/models/taskinstance.py", line 776, in _execute_task
    result = _execute_callable(context=context, **execute_callable_kwargs)
  File "/Users/linghuchong/miniconda3/envs/py310/lib/python3.10/site-packages/airflow/models/taskinstance.py", line 742, in _execute_callable
    return ExecutionCallableRunner(
  File "/Users/linghuchong/miniconda3/envs/py310/lib/python3.10/site-packages/airflow/utils/operator_helpers.py", line 252, in run
    return self.func(*args, **kwargs)
  File "/Users/linghuchong/miniconda3/envs/py310/lib/python3.10/site-packages/airflow/models/baseoperator.py", line 424, in wrapper
    return func(self, *args, **kwargs)
  File "/Users/linghuchong/miniconda3/envs/py310/lib/python3.10/site-packages/airflow/operators/python.py", line 238, in execute
    return_value = self.execute_callable()
  File "/Users/linghuchong/miniconda3/envs/py310/lib/python3.10/site-packages/airflow/operators/python.py", line 256, in execute_callable
    return runner.run(*self.op_args, **self.op_kwargs)
  File "/Users/linghuchong/miniconda3/envs/py310/lib/python3.10/site-packages/airflow/utils/operator_helpers.py", line 252, in run
    return self.func(*args, **kwargs)
  File "/Users/linghuchong/Downloads/51/Python/project/instance/airflow284/dags/dataset_demo.py", line 37, in sync_order_data
    result = mysql_hook.get_first(test_sql)
  File "/Users/linghuchong/miniconda3/envs/py310/lib/python3.10/site-packages/airflow/providers/common/sql/hooks/sql.py", line 276, in get_first
    return self.run(sql=sql, parameters=parameters, handler=fetch_one_handler)
  File "/Users/linghuchong/miniconda3/envs/py310/lib/python3.10/site-packages/airflow/providers/common/sql/hooks/sql.py", line 397, in run
    with closing(self.get_conn()) as conn:
  File "/Users/linghuchong/miniconda3/envs/py310/lib/python3.10/site-packages/airflow/providers/mysql/hooks/mysql.py", line 192, in get_conn
    import MySQLdb
ModuleNotFoundError: No module named 'MySQLdb'
[2026-02-13T11:01:01.167+0800] {taskinstance.py:1242} INFO - Marking task as FAILED. dag_id=producer_dw_order_sync, task_id=sync_order_data, run_id=manual__2026-02-13T03:00:56.955760+00:00, execution_date=20260213T030056, start_date=20260213T030100, end_date=20260213T030101
[2026-02-13T11:01:01.184+0800] {taskinstance.py:349} INFO - ::group::Post task execution logs
[2026-02-13T11:01:01.185+0800] {standard_task_runner.py:124} ERROR - Failed to execute job 42 for task sync_order_data (No module named 'MySQLdb'; 6637)
Traceback (most recent call last):
  File "/Users/linghuchong/miniconda3/envs/py310/lib/python3.10/site-packages/airflow/task/task_runner/standard_task_runner.py", line 117, in _start_by_fork
    ret = args.func(args, dag=self.dag)
  File "/Users/linghuchong/miniconda3/envs/py310/lib/python3.10/site-packages/airflow/cli/cli_config.py", line 49, in command
    return func(*args, **kwargs)
  File "/Users/linghuchong/miniconda3/envs/py310/lib/python3.10/site-packages/airflow/utils/cli.py", line 116, in wrapper
    return f(*args, **kwargs)
  File "/Users/linghuchong/miniconda3/envs/py310/lib/python3.10/site-packages/airflow/cli/commands/task_command.py", line 483, in task_run
    task_return_code = _run_task_by_selected_method(args, _dag, ti)
  File "/Users/linghuchong/miniconda3/envs/py310/lib/python3.10/site-packages/airflow/cli/commands/task_command.py", line 256, in _run_task_by_selected_method
    return _run_raw_task(args, ti)
  File "/Users/linghuchong/miniconda3/envs/py310/lib/python3.10/site-packages/airflow/cli/commands/task_command.py", line 341, in _run_raw_task
    return ti._run_raw_task(
  File "/Users/linghuchong/miniconda3/envs/py310/lib/python3.10/site-packages/airflow/utils/session.py", line 97, in wrapper
    return func(*args, session=session, **kwargs)
  File "/Users/linghuchong/miniconda3/envs/py310/lib/python3.10/site-packages/airflow/models/taskinstance.py", line 3029, in _run_raw_task
    return _run_raw_task(
  File "/Users/linghuchong/miniconda3/envs/py310/lib/python3.10/site-packages/airflow/models/taskinstance.py", line 282, in _run_raw_task
    TaskInstance._execute_task_with_callbacks(
  File "/Users/linghuchong/miniconda3/envs/py310/lib/python3.10/site-packages/airflow/models/taskinstance.py", line 3184, in _execute_task_with_callbacks
    result = self._execute_task(context, task_orig)
  File "/Users/linghuchong/miniconda3/envs/py310/lib/python3.10/site-packages/airflow/models/taskinstance.py", line 3208, in _execute_task
    return _execute_task(self, context, task_orig)
  File "/Users/linghuchong/miniconda3/envs/py310/lib/python3.10/site-packages/airflow/models/taskinstance.py", line 776, in _execute_task
    result = _execute_callable(context=context, **execute_callable_kwargs)
  File "/Users/linghuchong/miniconda3/envs/py310/lib/python3.10/site-packages/airflow/models/taskinstance.py", line 742, in _execute_callable
    return ExecutionCallableRunner(
  File "/Users/linghuchong/miniconda3/envs/py310/lib/python3.10/site-packages/airflow/utils/operator_helpers.py", line 252, in run
    return self.func(*args, **kwargs)
  File "/Users/linghuchong/miniconda3/envs/py310/lib/python3.10/site-packages/airflow/models/baseoperator.py", line 424, in wrapper
    return func(self, *args, **kwargs)
  File "/Users/linghuchong/miniconda3/envs/py310/lib/python3.10/site-packages/airflow/operators/python.py", line 238, in execute
    return_value = self.execute_callable()
  File "/Users/linghuchong/miniconda3/envs/py310/lib/python3.10/site-packages/airflow/operators/python.py", line 256, in execute_callable
    return runner.run(*self.op_args, **self.op_kwargs)
  File "/Users/linghuchong/miniconda3/envs/py310/lib/python3.10/site-packages/airflow/utils/operator_helpers.py", line 252, in run
    return self.func(*args, **kwargs)
  File "/Users/linghuchong/Downloads/51/Python/project/instance/airflow284/dags/dataset_demo.py", line 37, in sync_order_data
    result = mysql_hook.get_first(test_sql)
  File "/Users/linghuchong/miniconda3/envs/py310/lib/python3.10/site-packages/airflow/providers/common/sql/hooks/sql.py", line 276, in get_first
    return self.run(sql=sql, parameters=parameters, handler=fetch_one_handler)
  File "/Users/linghuchong/miniconda3/envs/py310/lib/python3.10/site-packages/airflow/providers/common/sql/hooks/sql.py", line 397, in run
    with closing(self.get_conn()) as conn:
  File "/Users/linghuchong/miniconda3/envs/py310/lib/python3.10/site-packages/airflow/providers/mysql/hooks/mysql.py", line 192, in get_conn
    import MySQLdb
ModuleNotFoundError: No module named 'MySQLdb'
[2026-02-13T11:01:01.204+0800] {local_task_job_runner.py:266} INFO - Task exited with return code 1
[2026-02-13T11:01:01.222+0800] {taskinstance.py:3924} INFO - 0 downstream tasks scheduled from follow-on schedule check
[2026-02-13T11:01:01.223+0800] {local_task_job_runner.py:245} INFO - ::endgroup::
