[2026-03-06T16:01:13.103+0800] {processor.py:186} INFO - Started process (PID=18816) to work on /Users/linghuchong/Downloads/51/Python/project/instance/airflow284/dags/tag_CDRD/report/dag_report.py
[2026-03-06T16:01:13.104+0800] {processor.py:914} INFO - Processing file /Users/linghuchong/Downloads/51/Python/project/instance/airflow284/dags/tag_CDRD/report/dag_report.py for tasks to queue
[2026-03-06T16:01:13.105+0800] {logging_mixin.py:190} INFO - [2026-03-06T16:01:13.105+0800] {dagbag.py:588} INFO - Filling up the DagBag from /Users/linghuchong/Downloads/51/Python/project/instance/airflow284/dags/tag_CDRD/report/dag_report.py
[2026-03-06T16:01:13.131+0800] {processor.py:925} INFO - DAG(s) 'dag_with_professional_test_report' retrieved from /Users/linghuchong/Downloads/51/Python/project/instance/airflow284/dags/tag_CDRD/report/dag_report.py
[2026-03-06T16:01:13.242+0800] {logging_mixin.py:190} INFO - [2026-03-06T16:01:13.242+0800] {dag.py:3239} INFO - Sync 1 DAGs
[2026-03-06T16:01:13.263+0800] {logging_mixin.py:190} INFO - [2026-03-06T16:01:13.263+0800] {dag.py:4180} INFO - Setting next_dagrun for dag_with_professional_test_report to 2026-03-05 00:00:00+00:00, run_after=2026-03-06 00:00:00+00:00
[2026-03-06T16:01:13.281+0800] {processor.py:208} INFO - Processing /Users/linghuchong/Downloads/51/Python/project/instance/airflow284/dags/tag_CDRD/report/dag_report.py took 180.613 seconds
[2026-03-06T16:02:42.950+0800] {processor.py:186} INFO - Started process (PID=18955) to work on /Users/linghuchong/Downloads/51/Python/project/instance/airflow284/dags/tag_CDRD/report/dag_report.py
[2026-03-06T16:02:42.950+0800] {processor.py:914} INFO - Processing file /Users/linghuchong/Downloads/51/Python/project/instance/airflow284/dags/tag_CDRD/report/dag_report.py for tasks to queue
[2026-03-06T16:02:42.951+0800] {logging_mixin.py:190} INFO - [2026-03-06T16:02:42.951+0800] {dagbag.py:588} INFO - Filling up the DagBag from /Users/linghuchong/Downloads/51/Python/project/instance/airflow284/dags/tag_CDRD/report/dag_report.py
[2026-03-06T16:02:42.976+0800] {processor.py:925} INFO - DAG(s) 'dag_with_professional_test_report' retrieved from /Users/linghuchong/Downloads/51/Python/project/instance/airflow284/dags/tag_CDRD/report/dag_report.py
[2026-03-06T16:02:43.097+0800] {logging_mixin.py:190} INFO - [2026-03-06T16:02:43.097+0800] {dag.py:3239} INFO - Sync 1 DAGs
[2026-03-06T16:02:43.120+0800] {logging_mixin.py:190} INFO - [2026-03-06T16:02:43.120+0800] {dag.py:4180} INFO - Setting next_dagrun for dag_with_professional_test_report to 2026-03-05 00:00:00+00:00, run_after=2026-03-06 00:00:00+00:00
[2026-03-06T16:02:43.138+0800] {processor.py:208} INFO - Processing /Users/linghuchong/Downloads/51/Python/project/instance/airflow284/dags/tag_CDRD/report/dag_report.py took 191.022 seconds
[2026-03-06T16:04:16.649+0800] {processor.py:186} INFO - Started process (PID=19219) to work on /Users/linghuchong/Downloads/51/Python/project/instance/airflow284/dags/tag_CDRD/report/dag_report.py
[2026-03-06T16:04:16.650+0800] {processor.py:914} INFO - Processing file /Users/linghuchong/Downloads/51/Python/project/instance/airflow284/dags/tag_CDRD/report/dag_report.py for tasks to queue
[2026-03-06T16:04:16.651+0800] {logging_mixin.py:190} INFO - [2026-03-06T16:04:16.651+0800] {dagbag.py:588} INFO - Filling up the DagBag from /Users/linghuchong/Downloads/51/Python/project/instance/airflow284/dags/tag_CDRD/report/dag_report.py
[2026-03-06T16:04:16.678+0800] {processor.py:925} INFO - DAG(s) 'dag_with_professional_test_report' retrieved from /Users/linghuchong/Downloads/51/Python/project/instance/airflow284/dags/tag_CDRD/report/dag_report.py
[2026-03-06T16:04:16.803+0800] {logging_mixin.py:190} INFO - [2026-03-06T16:04:16.803+0800] {dag.py:3239} INFO - Sync 1 DAGs
[2026-03-06T16:04:16.825+0800] {logging_mixin.py:190} INFO - [2026-03-06T16:04:16.825+0800] {dag.py:4180} INFO - Setting next_dagrun for dag_with_professional_test_report to 2026-03-05 00:00:00+00:00, run_after=2026-03-06 00:00:00+00:00
[2026-03-06T16:04:16.844+0800] {processor.py:208} INFO - Processing /Users/linghuchong/Downloads/51/Python/project/instance/airflow284/dags/tag_CDRD/report/dag_report.py took 197.923 seconds
<<<<<<< Updated upstream
[2026-03-06T16:05:50.241+0800] {processor.py:186} INFO - Started process (PID=19510) to work on /Users/linghuchong/Downloads/51/Python/project/instance/airflow284/dags/tag_CDRD/report/dag_report.py
[2026-03-06T16:05:50.243+0800] {processor.py:914} INFO - Processing file /Users/linghuchong/Downloads/51/Python/project/instance/airflow284/dags/tag_CDRD/report/dag_report.py for tasks to queue
[2026-03-06T16:05:50.245+0800] {logging_mixin.py:190} INFO - [2026-03-06T16:05:50.245+0800] {dagbag.py:588} INFO - Filling up the DagBag from /Users/linghuchong/Downloads/51/Python/project/instance/airflow284/dags/tag_CDRD/report/dag_report.py
[2026-03-06T16:05:50.273+0800] {processor.py:925} INFO - DAG(s) 'dag_with_professional_test_report' retrieved from /Users/linghuchong/Downloads/51/Python/project/instance/airflow284/dags/tag_CDRD/report/dag_report.py
[2026-03-06T16:05:50.375+0800] {logging_mixin.py:190} INFO - [2026-03-06T16:05:50.375+0800] {dag.py:3239} INFO - Sync 1 DAGs
[2026-03-06T16:05:50.395+0800] {logging_mixin.py:190} INFO - [2026-03-06T16:05:50.395+0800] {dag.py:4180} INFO - Setting next_dagrun for dag_with_professional_test_report to 2026-03-05 00:00:00+00:00, run_after=2026-03-06 00:00:00+00:00
[2026-03-06T16:05:50.413+0800] {processor.py:208} INFO - Processing /Users/linghuchong/Downloads/51/Python/project/instance/airflow284/dags/tag_CDRD/report/dag_report.py took 174.488 seconds
[2026-03-06T16:07:21.088+0800] {processor.py:186} INFO - Started process (PID=19643) to work on /Users/linghuchong/Downloads/51/Python/project/instance/airflow284/dags/tag_CDRD/report/dag_report.py
[2026-03-06T16:07:21.088+0800] {processor.py:914} INFO - Processing file /Users/linghuchong/Downloads/51/Python/project/instance/airflow284/dags/tag_CDRD/report/dag_report.py for tasks to queue
[2026-03-06T16:07:21.089+0800] {logging_mixin.py:190} INFO - [2026-03-06T16:07:21.089+0800] {dagbag.py:588} INFO - Filling up the DagBag from /Users/linghuchong/Downloads/51/Python/project/instance/airflow284/dags/tag_CDRD/report/dag_report.py
[2026-03-06T16:07:21.112+0800] {processor.py:925} INFO - DAG(s) 'dag_with_professional_test_report' retrieved from /Users/linghuchong/Downloads/51/Python/project/instance/airflow284/dags/tag_CDRD/report/dag_report.py
[2026-03-06T16:07:21.212+0800] {logging_mixin.py:190} INFO - [2026-03-06T16:07:21.212+0800] {dag.py:3239} INFO - Sync 1 DAGs
[2026-03-06T16:07:21.232+0800] {logging_mixin.py:190} INFO - [2026-03-06T16:07:21.231+0800] {dag.py:4180} INFO - Setting next_dagrun for dag_with_professional_test_report to 2026-03-05 00:00:00+00:00, run_after=2026-03-06 00:00:00+00:00
[2026-03-06T16:07:21.252+0800] {processor.py:208} INFO - Processing /Users/linghuchong/Downloads/51/Python/project/instance/airflow284/dags/tag_CDRD/report/dag_report.py took 167.101 seconds
[2026-03-06T16:08:47.642+0800] {processor.py:186} INFO - Started process (PID=19767) to work on /Users/linghuchong/Downloads/51/Python/project/instance/airflow284/dags/tag_CDRD/report/dag_report.py
[2026-03-06T16:08:47.643+0800] {processor.py:914} INFO - Processing file /Users/linghuchong/Downloads/51/Python/project/instance/airflow284/dags/tag_CDRD/report/dag_report.py for tasks to queue
[2026-03-06T16:08:47.644+0800] {logging_mixin.py:190} INFO - [2026-03-06T16:08:47.643+0800] {dagbag.py:588} INFO - Filling up the DagBag from /Users/linghuchong/Downloads/51/Python/project/instance/airflow284/dags/tag_CDRD/report/dag_report.py
[2026-03-06T16:08:47.667+0800] {processor.py:925} INFO - DAG(s) 'dag_with_professional_test_report' retrieved from /Users/linghuchong/Downloads/51/Python/project/instance/airflow284/dags/tag_CDRD/report/dag_report.py
[2026-03-06T16:08:47.769+0800] {logging_mixin.py:190} INFO - [2026-03-06T16:08:47.769+0800] {dag.py:3239} INFO - Sync 1 DAGs
[2026-03-06T16:08:47.787+0800] {logging_mixin.py:190} INFO - [2026-03-06T16:08:47.787+0800] {dag.py:4180} INFO - Setting next_dagrun for dag_with_professional_test_report to 2026-03-05 00:00:00+00:00, run_after=2026-03-06 00:00:00+00:00
[2026-03-06T16:08:47.803+0800] {processor.py:208} INFO - Processing /Users/linghuchong/Downloads/51/Python/project/instance/airflow284/dags/tag_CDRD/report/dag_report.py took 163.709 seconds
[2026-03-06T16:10:12.572+0800] {processor.py:186} INFO - Started process (PID=19891) to work on /Users/linghuchong/Downloads/51/Python/project/instance/airflow284/dags/tag_CDRD/report/dag_report.py
[2026-03-06T16:10:12.573+0800] {processor.py:914} INFO - Processing file /Users/linghuchong/Downloads/51/Python/project/instance/airflow284/dags/tag_CDRD/report/dag_report.py for tasks to queue
[2026-03-06T16:10:12.574+0800] {logging_mixin.py:190} INFO - [2026-03-06T16:10:12.573+0800] {dagbag.py:588} INFO - Filling up the DagBag from /Users/linghuchong/Downloads/51/Python/project/instance/airflow284/dags/tag_CDRD/report/dag_report.py
[2026-03-06T16:10:12.595+0800] {processor.py:925} INFO - DAG(s) 'dag_with_professional_test_report' retrieved from /Users/linghuchong/Downloads/51/Python/project/instance/airflow284/dags/tag_CDRD/report/dag_report.py
[2026-03-06T16:10:12.697+0800] {logging_mixin.py:190} INFO - [2026-03-06T16:10:12.696+0800] {dag.py:3239} INFO - Sync 1 DAGs
[2026-03-06T16:10:12.715+0800] {logging_mixin.py:190} INFO - [2026-03-06T16:10:12.715+0800] {dag.py:4180} INFO - Setting next_dagrun for dag_with_professional_test_report to 2026-03-05 00:00:00+00:00, run_after=2026-03-06 00:00:00+00:00
[2026-03-06T16:10:12.735+0800] {processor.py:208} INFO - Processing /Users/linghuchong/Downloads/51/Python/project/instance/airflow284/dags/tag_CDRD/report/dag_report.py took 165.438 seconds
[2026-03-06T16:11:38.550+0800] {processor.py:186} INFO - Started process (PID=20019) to work on /Users/linghuchong/Downloads/51/Python/project/instance/airflow284/dags/tag_CDRD/report/dag_report.py
[2026-03-06T16:11:38.551+0800] {processor.py:914} INFO - Processing file /Users/linghuchong/Downloads/51/Python/project/instance/airflow284/dags/tag_CDRD/report/dag_report.py for tasks to queue
[2026-03-06T16:11:38.552+0800] {logging_mixin.py:190} INFO - [2026-03-06T16:11:38.552+0800] {dagbag.py:588} INFO - Filling up the DagBag from /Users/linghuchong/Downloads/51/Python/project/instance/airflow284/dags/tag_CDRD/report/dag_report.py
[2026-03-06T16:11:38.574+0800] {processor.py:925} INFO - DAG(s) 'dag_with_professional_test_report' retrieved from /Users/linghuchong/Downloads/51/Python/project/instance/airflow284/dags/tag_CDRD/report/dag_report.py
[2026-03-06T16:11:38.672+0800] {logging_mixin.py:190} INFO - [2026-03-06T16:11:38.672+0800] {dag.py:3239} INFO - Sync 1 DAGs
[2026-03-06T16:11:38.690+0800] {logging_mixin.py:190} INFO - [2026-03-06T16:11:38.689+0800] {dag.py:4180} INFO - Setting next_dagrun for dag_with_professional_test_report to 2026-03-05 00:00:00+00:00, run_after=2026-03-06 00:00:00+00:00
[2026-03-06T16:11:38.708+0800] {processor.py:208} INFO - Processing /Users/linghuchong/Downloads/51/Python/project/instance/airflow284/dags/tag_CDRD/report/dag_report.py took 159.817 seconds
[2026-03-06T16:13:02.930+0800] {processor.py:186} INFO - Started process (PID=20154) to work on /Users/linghuchong/Downloads/51/Python/project/instance/airflow284/dags/tag_CDRD/report/dag_report.py
[2026-03-06T16:13:02.931+0800] {processor.py:914} INFO - Processing file /Users/linghuchong/Downloads/51/Python/project/instance/airflow284/dags/tag_CDRD/report/dag_report.py for tasks to queue
[2026-03-06T16:13:02.932+0800] {logging_mixin.py:190} INFO - [2026-03-06T16:13:02.932+0800] {dagbag.py:588} INFO - Filling up the DagBag from /Users/linghuchong/Downloads/51/Python/project/instance/airflow284/dags/tag_CDRD/report/dag_report.py
[2026-03-06T16:13:02.953+0800] {processor.py:925} INFO - DAG(s) 'dag_with_professional_test_report' retrieved from /Users/linghuchong/Downloads/51/Python/project/instance/airflow284/dags/tag_CDRD/report/dag_report.py
[2026-03-06T16:13:03.055+0800] {logging_mixin.py:190} INFO - [2026-03-06T16:13:03.055+0800] {dag.py:3239} INFO - Sync 1 DAGs
[2026-03-06T16:13:03.072+0800] {logging_mixin.py:190} INFO - [2026-03-06T16:13:03.072+0800] {dag.py:4180} INFO - Setting next_dagrun for dag_with_professional_test_report to 2026-03-05 00:00:00+00:00, run_after=2026-03-06 00:00:00+00:00
[2026-03-06T16:13:03.091+0800] {processor.py:208} INFO - Processing /Users/linghuchong/Downloads/51/Python/project/instance/airflow284/dags/tag_CDRD/report/dag_report.py took 163.396 seconds
[2026-03-06T16:14:28.845+0800] {processor.py:186} INFO - Started process (PID=20285) to work on /Users/linghuchong/Downloads/51/Python/project/instance/airflow284/dags/tag_CDRD/report/dag_report.py
[2026-03-06T16:14:28.846+0800] {processor.py:914} INFO - Processing file /Users/linghuchong/Downloads/51/Python/project/instance/airflow284/dags/tag_CDRD/report/dag_report.py for tasks to queue
[2026-03-06T16:14:28.847+0800] {logging_mixin.py:190} INFO - [2026-03-06T16:14:28.847+0800] {dagbag.py:588} INFO - Filling up the DagBag from /Users/linghuchong/Downloads/51/Python/project/instance/airflow284/dags/tag_CDRD/report/dag_report.py
[2026-03-06T16:14:28.870+0800] {processor.py:925} INFO - DAG(s) 'dag_with_professional_test_report' retrieved from /Users/linghuchong/Downloads/51/Python/project/instance/airflow284/dags/tag_CDRD/report/dag_report.py
[2026-03-06T16:14:28.978+0800] {logging_mixin.py:190} INFO - [2026-03-06T16:14:28.978+0800] {dag.py:3239} INFO - Sync 1 DAGs
[2026-03-06T16:14:28.996+0800] {logging_mixin.py:190} INFO - [2026-03-06T16:14:28.996+0800] {dag.py:4180} INFO - Setting next_dagrun for dag_with_professional_test_report to 2026-03-05 00:00:00+00:00, run_after=2026-03-06 00:00:00+00:00
[2026-03-06T16:14:29.015+0800] {processor.py:208} INFO - Processing /Users/linghuchong/Downloads/51/Python/project/instance/airflow284/dags/tag_CDRD/report/dag_report.py took 172.329 seconds
[2026-03-06T16:15:56.444+0800] {processor.py:186} INFO - Started process (PID=20684) to work on /Users/linghuchong/Downloads/51/Python/project/instance/airflow284/dags/tag_CDRD/report/dag_report.py
[2026-03-06T16:15:56.445+0800] {processor.py:914} INFO - Processing file /Users/linghuchong/Downloads/51/Python/project/instance/airflow284/dags/tag_CDRD/report/dag_report.py for tasks to queue
[2026-03-06T16:15:56.446+0800] {logging_mixin.py:190} INFO - [2026-03-06T16:15:56.446+0800] {dagbag.py:588} INFO - Filling up the DagBag from /Users/linghuchong/Downloads/51/Python/project/instance/airflow284/dags/tag_CDRD/report/dag_report.py
[2026-03-06T16:15:56.468+0800] {processor.py:925} INFO - DAG(s) 'dag_with_professional_test_report' retrieved from /Users/linghuchong/Downloads/51/Python/project/instance/airflow284/dags/tag_CDRD/report/dag_report.py
[2026-03-06T16:15:56.570+0800] {logging_mixin.py:190} INFO - [2026-03-06T16:15:56.569+0800] {dag.py:3239} INFO - Sync 1 DAGs
[2026-03-06T16:15:56.587+0800] {logging_mixin.py:190} INFO - [2026-03-06T16:15:56.587+0800] {dag.py:4180} INFO - Setting next_dagrun for dag_with_professional_test_report to 2026-03-05 00:00:00+00:00, run_after=2026-03-06 00:00:00+00:00
[2026-03-06T16:15:56.605+0800] {processor.py:208} INFO - Processing /Users/linghuchong/Downloads/51/Python/project/instance/airflow284/dags/tag_CDRD/report/dag_report.py took 163.238 seconds
[2026-03-06T16:17:26.472+0800] {processor.py:186} INFO - Started process (PID=20849) to work on /Users/linghuchong/Downloads/51/Python/project/instance/airflow284/dags/tag_CDRD/report/dag_report.py
[2026-03-06T16:17:26.473+0800] {processor.py:914} INFO - Processing file /Users/linghuchong/Downloads/51/Python/project/instance/airflow284/dags/tag_CDRD/report/dag_report.py for tasks to queue
[2026-03-06T16:17:26.474+0800] {logging_mixin.py:190} INFO - [2026-03-06T16:17:26.473+0800] {dagbag.py:588} INFO - Filling up the DagBag from /Users/linghuchong/Downloads/51/Python/project/instance/airflow284/dags/tag_CDRD/report/dag_report.py
[2026-03-06T16:17:26.496+0800] {processor.py:925} INFO - DAG(s) 'dag_with_professional_test_report' retrieved from /Users/linghuchong/Downloads/51/Python/project/instance/airflow284/dags/tag_CDRD/report/dag_report.py
[2026-03-06T16:17:26.594+0800] {logging_mixin.py:190} INFO - [2026-03-06T16:17:26.594+0800] {dag.py:3239} INFO - Sync 1 DAGs
[2026-03-06T16:17:26.611+0800] {logging_mixin.py:190} INFO - [2026-03-06T16:17:26.611+0800] {dag.py:4180} INFO - Setting next_dagrun for dag_with_professional_test_report to 2026-03-05 00:00:00+00:00, run_after=2026-03-06 00:00:00+00:00
[2026-03-06T16:17:26.630+0800] {processor.py:208} INFO - Processing /Users/linghuchong/Downloads/51/Python/project/instance/airflow284/dags/tag_CDRD/report/dag_report.py took 160.247 seconds
[2026-03-06T16:18:52.817+0800] {processor.py:186} INFO - Started process (PID=20980) to work on /Users/linghuchong/Downloads/51/Python/project/instance/airflow284/dags/tag_CDRD/report/dag_report.py
[2026-03-06T16:18:52.817+0800] {processor.py:914} INFO - Processing file /Users/linghuchong/Downloads/51/Python/project/instance/airflow284/dags/tag_CDRD/report/dag_report.py for tasks to queue
[2026-03-06T16:18:52.818+0800] {logging_mixin.py:190} INFO - [2026-03-06T16:18:52.818+0800] {dagbag.py:588} INFO - Filling up the DagBag from /Users/linghuchong/Downloads/51/Python/project/instance/airflow284/dags/tag_CDRD/report/dag_report.py
[2026-03-06T16:18:52.840+0800] {processor.py:925} INFO - DAG(s) 'dag_with_professional_test_report' retrieved from /Users/linghuchong/Downloads/51/Python/project/instance/airflow284/dags/tag_CDRD/report/dag_report.py
[2026-03-06T16:18:52.936+0800] {logging_mixin.py:190} INFO - [2026-03-06T16:18:52.936+0800] {dag.py:3239} INFO - Sync 1 DAGs
[2026-03-06T16:18:52.953+0800] {logging_mixin.py:190} INFO - [2026-03-06T16:18:52.953+0800] {dag.py:4180} INFO - Setting next_dagrun for dag_with_professional_test_report to 2026-03-05 00:00:00+00:00, run_after=2026-03-06 00:00:00+00:00
[2026-03-06T16:18:52.971+0800] {processor.py:208} INFO - Processing /Users/linghuchong/Downloads/51/Python/project/instance/airflow284/dags/tag_CDRD/report/dag_report.py took 156.867 seconds
[2026-03-06T16:20:19.890+0800] {processor.py:186} INFO - Started process (PID=21116) to work on /Users/linghuchong/Downloads/51/Python/project/instance/airflow284/dags/tag_CDRD/report/dag_report.py
[2026-03-06T16:20:19.890+0800] {processor.py:914} INFO - Processing file /Users/linghuchong/Downloads/51/Python/project/instance/airflow284/dags/tag_CDRD/report/dag_report.py for tasks to queue
[2026-03-06T16:20:19.891+0800] {logging_mixin.py:190} INFO - [2026-03-06T16:20:19.891+0800] {dagbag.py:588} INFO - Filling up the DagBag from /Users/linghuchong/Downloads/51/Python/project/instance/airflow284/dags/tag_CDRD/report/dag_report.py
[2026-03-06T16:20:19.913+0800] {processor.py:925} INFO - DAG(s) 'dag_with_professional_test_report' retrieved from /Users/linghuchong/Downloads/51/Python/project/instance/airflow284/dags/tag_CDRD/report/dag_report.py
[2026-03-06T16:20:20.028+0800] {logging_mixin.py:190} INFO - [2026-03-06T16:20:20.028+0800] {dag.py:3239} INFO - Sync 1 DAGs
[2026-03-06T16:20:20.047+0800] {logging_mixin.py:190} INFO - [2026-03-06T16:20:20.047+0800] {dag.py:4180} INFO - Setting next_dagrun for dag_with_professional_test_report to 2026-03-05 00:00:00+00:00, run_after=2026-03-06 00:00:00+00:00
[2026-03-06T16:20:20.068+0800] {processor.py:208} INFO - Processing /Users/linghuchong/Downloads/51/Python/project/instance/airflow284/dags/tag_CDRD/report/dag_report.py took 180.795 seconds
[2026-03-06T16:21:44.547+0800] {processor.py:186} INFO - Started process (PID=21255) to work on /Users/linghuchong/Downloads/51/Python/project/instance/airflow284/dags/tag_CDRD/report/dag_report.py
[2026-03-06T16:21:44.548+0800] {processor.py:914} INFO - Processing file /Users/linghuchong/Downloads/51/Python/project/instance/airflow284/dags/tag_CDRD/report/dag_report.py for tasks to queue
[2026-03-06T16:21:44.549+0800] {logging_mixin.py:190} INFO - [2026-03-06T16:21:44.548+0800] {dagbag.py:588} INFO - Filling up the DagBag from /Users/linghuchong/Downloads/51/Python/project/instance/airflow284/dags/tag_CDRD/report/dag_report.py
[2026-03-06T16:21:44.571+0800] {processor.py:925} INFO - DAG(s) 'dag_with_professional_test_report' retrieved from /Users/linghuchong/Downloads/51/Python/project/instance/airflow284/dags/tag_CDRD/report/dag_report.py
[2026-03-06T16:21:44.676+0800] {logging_mixin.py:190} INFO - [2026-03-06T16:21:44.676+0800] {dag.py:3239} INFO - Sync 1 DAGs
[2026-03-06T16:21:44.694+0800] {logging_mixin.py:190} INFO - [2026-03-06T16:21:44.693+0800] {dag.py:4180} INFO - Setting next_dagrun for dag_with_professional_test_report to 2026-03-05 00:00:00+00:00, run_after=2026-03-06 00:00:00+00:00
[2026-03-06T16:21:44.714+0800] {processor.py:208} INFO - Processing /Users/linghuchong/Downloads/51/Python/project/instance/airflow284/dags/tag_CDRD/report/dag_report.py took 169.193 seconds
[2026-03-06T16:23:08.862+0800] {processor.py:186} INFO - Started process (PID=21392) to work on /Users/linghuchong/Downloads/51/Python/project/instance/airflow284/dags/tag_CDRD/report/dag_report.py
[2026-03-06T16:23:08.863+0800] {processor.py:914} INFO - Processing file /Users/linghuchong/Downloads/51/Python/project/instance/airflow284/dags/tag_CDRD/report/dag_report.py for tasks to queue
[2026-03-06T16:23:08.863+0800] {logging_mixin.py:190} INFO - [2026-03-06T16:23:08.863+0800] {dagbag.py:588} INFO - Filling up the DagBag from /Users/linghuchong/Downloads/51/Python/project/instance/airflow284/dags/tag_CDRD/report/dag_report.py
[2026-03-06T16:23:08.886+0800] {processor.py:925} INFO - DAG(s) 'dag_with_professional_test_report' retrieved from /Users/linghuchong/Downloads/51/Python/project/instance/airflow284/dags/tag_CDRD/report/dag_report.py
[2026-03-06T16:23:08.982+0800] {logging_mixin.py:190} INFO - [2026-03-06T16:23:08.982+0800] {dag.py:3239} INFO - Sync 1 DAGs
[2026-03-06T16:23:09.002+0800] {logging_mixin.py:190} INFO - [2026-03-06T16:23:09.002+0800] {dag.py:4180} INFO - Setting next_dagrun for dag_with_professional_test_report to 2026-03-05 00:00:00+00:00, run_after=2026-03-06 00:00:00+00:00
[2026-03-06T16:23:09.020+0800] {processor.py:208} INFO - Processing /Users/linghuchong/Downloads/51/Python/project/instance/airflow284/dags/tag_CDRD/report/dag_report.py took 160.860 seconds
[2026-03-06T16:24:32.997+0800] {processor.py:186} INFO - Started process (PID=21529) to work on /Users/linghuchong/Downloads/51/Python/project/instance/airflow284/dags/tag_CDRD/report/dag_report.py
[2026-03-06T16:24:32.998+0800] {processor.py:914} INFO - Processing file /Users/linghuchong/Downloads/51/Python/project/instance/airflow284/dags/tag_CDRD/report/dag_report.py for tasks to queue
[2026-03-06T16:24:32.999+0800] {logging_mixin.py:190} INFO - [2026-03-06T16:24:32.998+0800] {dagbag.py:588} INFO - Filling up the DagBag from /Users/linghuchong/Downloads/51/Python/project/instance/airflow284/dags/tag_CDRD/report/dag_report.py
[2026-03-06T16:24:33.023+0800] {processor.py:925} INFO - DAG(s) 'dag_with_professional_test_report' retrieved from /Users/linghuchong/Downloads/51/Python/project/instance/airflow284/dags/tag_CDRD/report/dag_report.py
[2026-03-06T16:24:33.125+0800] {logging_mixin.py:190} INFO - [2026-03-06T16:24:33.125+0800] {dag.py:3239} INFO - Sync 1 DAGs
[2026-03-06T16:24:33.143+0800] {logging_mixin.py:190} INFO - [2026-03-06T16:24:33.142+0800] {dag.py:4180} INFO - Setting next_dagrun for dag_with_professional_test_report to 2026-03-05 00:00:00+00:00, run_after=2026-03-06 00:00:00+00:00
[2026-03-06T16:24:33.160+0800] {processor.py:208} INFO - Processing /Users/linghuchong/Downloads/51/Python/project/instance/airflow284/dags/tag_CDRD/report/dag_report.py took 165.973 seconds
[2026-03-06T16:25:57.310+0800] {processor.py:186} INFO - Started process (PID=21660) to work on /Users/linghuchong/Downloads/51/Python/project/instance/airflow284/dags/tag_CDRD/report/dag_report.py
[2026-03-06T16:25:57.311+0800] {processor.py:914} INFO - Processing file /Users/linghuchong/Downloads/51/Python/project/instance/airflow284/dags/tag_CDRD/report/dag_report.py for tasks to queue
[2026-03-06T16:25:57.313+0800] {logging_mixin.py:190} INFO - [2026-03-06T16:25:57.312+0800] {dagbag.py:588} INFO - Filling up the DagBag from /Users/linghuchong/Downloads/51/Python/project/instance/airflow284/dags/tag_CDRD/report/dag_report.py
[2026-03-06T16:25:57.335+0800] {processor.py:925} INFO - DAG(s) 'dag_with_professional_test_report' retrieved from /Users/linghuchong/Downloads/51/Python/project/instance/airflow284/dags/tag_CDRD/report/dag_report.py
[2026-03-06T16:25:57.441+0800] {logging_mixin.py:190} INFO - [2026-03-06T16:25:57.440+0800] {dag.py:3239} INFO - Sync 1 DAGs
[2026-03-06T16:25:57.458+0800] {logging_mixin.py:190} INFO - [2026-03-06T16:25:57.458+0800] {dag.py:4180} INFO - Setting next_dagrun for dag_with_professional_test_report to 2026-03-05 00:00:00+00:00, run_after=2026-03-06 00:00:00+00:00
[2026-03-06T16:25:57.478+0800] {processor.py:208} INFO - Processing /Users/linghuchong/Downloads/51/Python/project/instance/airflow284/dags/tag_CDRD/report/dag_report.py took 171.409 seconds
[2026-03-06T16:27:22.904+0800] {processor.py:186} INFO - Started process (PID=21790) to work on /Users/linghuchong/Downloads/51/Python/project/instance/airflow284/dags/tag_CDRD/report/dag_report.py
[2026-03-06T16:27:22.905+0800] {processor.py:914} INFO - Processing file /Users/linghuchong/Downloads/51/Python/project/instance/airflow284/dags/tag_CDRD/report/dag_report.py for tasks to queue
[2026-03-06T16:27:22.906+0800] {logging_mixin.py:190} INFO - [2026-03-06T16:27:22.906+0800] {dagbag.py:588} INFO - Filling up the DagBag from /Users/linghuchong/Downloads/51/Python/project/instance/airflow284/dags/tag_CDRD/report/dag_report.py
[2026-03-06T16:27:22.928+0800] {processor.py:925} INFO - DAG(s) 'dag_with_professional_test_report' retrieved from /Users/linghuchong/Downloads/51/Python/project/instance/airflow284/dags/tag_CDRD/report/dag_report.py
[2026-03-06T16:27:23.036+0800] {logging_mixin.py:190} INFO - [2026-03-06T16:27:23.036+0800] {dag.py:3239} INFO - Sync 1 DAGs
[2026-03-06T16:27:23.056+0800] {logging_mixin.py:190} INFO - [2026-03-06T16:27:23.056+0800] {dag.py:4180} INFO - Setting next_dagrun for dag_with_professional_test_report to 2026-03-05 00:00:00+00:00, run_after=2026-03-06 00:00:00+00:00
[2026-03-06T16:27:23.075+0800] {processor.py:208} INFO - Processing /Users/linghuchong/Downloads/51/Python/project/instance/airflow284/dags/tag_CDRD/report/dag_report.py took 173.475 seconds
[2026-03-06T16:28:48.742+0800] {processor.py:186} INFO - Started process (PID=21914) to work on /Users/linghuchong/Downloads/51/Python/project/instance/airflow284/dags/tag_CDRD/report/dag_report.py
[2026-03-06T16:28:48.743+0800] {processor.py:914} INFO - Processing file /Users/linghuchong/Downloads/51/Python/project/instance/airflow284/dags/tag_CDRD/report/dag_report.py for tasks to queue
[2026-03-06T16:28:48.744+0800] {logging_mixin.py:190} INFO - [2026-03-06T16:28:48.743+0800] {dagbag.py:588} INFO - Filling up the DagBag from /Users/linghuchong/Downloads/51/Python/project/instance/airflow284/dags/tag_CDRD/report/dag_report.py
[2026-03-06T16:28:48.767+0800] {processor.py:925} INFO - DAG(s) 'dag_with_professional_test_report' retrieved from /Users/linghuchong/Downloads/51/Python/project/instance/airflow284/dags/tag_CDRD/report/dag_report.py
[2026-03-06T16:28:48.871+0800] {logging_mixin.py:190} INFO - [2026-03-06T16:28:48.871+0800] {dag.py:3239} INFO - Sync 1 DAGs
[2026-03-06T16:28:48.894+0800] {logging_mixin.py:190} INFO - [2026-03-06T16:28:48.893+0800] {dag.py:4180} INFO - Setting next_dagrun for dag_with_professional_test_report to 2026-03-05 00:00:00+00:00, run_after=2026-03-06 00:00:00+00:00
[2026-03-06T16:28:48.911+0800] {processor.py:208} INFO - Processing /Users/linghuchong/Downloads/51/Python/project/instance/airflow284/dags/tag_CDRD/report/dag_report.py took 171.871 seconds
[2026-03-06T16:30:12.675+0800] {processor.py:186} INFO - Started process (PID=22049) to work on /Users/linghuchong/Downloads/51/Python/project/instance/airflow284/dags/tag_CDRD/report/dag_report.py
[2026-03-06T16:30:12.676+0800] {processor.py:914} INFO - Processing file /Users/linghuchong/Downloads/51/Python/project/instance/airflow284/dags/tag_CDRD/report/dag_report.py for tasks to queue
[2026-03-06T16:30:12.677+0800] {logging_mixin.py:190} INFO - [2026-03-06T16:30:12.676+0800] {dagbag.py:588} INFO - Filling up the DagBag from /Users/linghuchong/Downloads/51/Python/project/instance/airflow284/dags/tag_CDRD/report/dag_report.py
[2026-03-06T16:30:12.698+0800] {processor.py:925} INFO - DAG(s) 'dag_with_professional_test_report' retrieved from /Users/linghuchong/Downloads/51/Python/project/instance/airflow284/dags/tag_CDRD/report/dag_report.py
[2026-03-06T16:30:12.798+0800] {logging_mixin.py:190} INFO - [2026-03-06T16:30:12.797+0800] {dag.py:3239} INFO - Sync 1 DAGs
[2026-03-06T16:30:12.817+0800] {logging_mixin.py:190} INFO - [2026-03-06T16:30:12.817+0800] {dag.py:4180} INFO - Setting next_dagrun for dag_with_professional_test_report to 2026-03-05 00:00:00+00:00, run_after=2026-03-06 00:00:00+00:00
[2026-03-06T16:30:12.836+0800] {processor.py:208} INFO - Processing /Users/linghuchong/Downloads/51/Python/project/instance/airflow284/dags/tag_CDRD/report/dag_report.py took 163.673 seconds
[2026-03-06T16:31:39.594+0800] {processor.py:186} INFO - Started process (PID=22189) to work on /Users/linghuchong/Downloads/51/Python/project/instance/airflow284/dags/tag_CDRD/report/dag_report.py
[2026-03-06T16:31:39.595+0800] {processor.py:914} INFO - Processing file /Users/linghuchong/Downloads/51/Python/project/instance/airflow284/dags/tag_CDRD/report/dag_report.py for tasks to queue
[2026-03-06T16:31:39.596+0800] {logging_mixin.py:190} INFO - [2026-03-06T16:31:39.595+0800] {dagbag.py:588} INFO - Filling up the DagBag from /Users/linghuchong/Downloads/51/Python/project/instance/airflow284/dags/tag_CDRD/report/dag_report.py
[2026-03-06T16:31:39.618+0800] {processor.py:925} INFO - DAG(s) 'dag_with_professional_test_report' retrieved from /Users/linghuchong/Downloads/51/Python/project/instance/airflow284/dags/tag_CDRD/report/dag_report.py
[2026-03-06T16:31:39.719+0800] {logging_mixin.py:190} INFO - [2026-03-06T16:31:39.719+0800] {dag.py:3239} INFO - Sync 1 DAGs
[2026-03-06T16:31:39.737+0800] {logging_mixin.py:190} INFO - [2026-03-06T16:31:39.736+0800] {dag.py:4180} INFO - Setting next_dagrun for dag_with_professional_test_report to 2026-03-05 00:00:00+00:00, run_after=2026-03-06 00:00:00+00:00
[2026-03-06T16:31:39.757+0800] {processor.py:208} INFO - Processing /Users/linghuchong/Downloads/51/Python/project/instance/airflow284/dags/tag_CDRD/report/dag_report.py took 165.911 seconds
[2026-03-06T16:33:05.202+0800] {processor.py:186} INFO - Started process (PID=22318) to work on /Users/linghuchong/Downloads/51/Python/project/instance/airflow284/dags/tag_CDRD/report/dag_report.py
[2026-03-06T16:33:05.203+0800] {processor.py:914} INFO - Processing file /Users/linghuchong/Downloads/51/Python/project/instance/airflow284/dags/tag_CDRD/report/dag_report.py for tasks to queue
[2026-03-06T16:33:05.204+0800] {logging_mixin.py:190} INFO - [2026-03-06T16:33:05.204+0800] {dagbag.py:588} INFO - Filling up the DagBag from /Users/linghuchong/Downloads/51/Python/project/instance/airflow284/dags/tag_CDRD/report/dag_report.py
[2026-03-06T16:33:05.227+0800] {processor.py:925} INFO - DAG(s) 'dag_with_professional_test_report' retrieved from /Users/linghuchong/Downloads/51/Python/project/instance/airflow284/dags/tag_CDRD/report/dag_report.py
[2026-03-06T16:33:05.327+0800] {logging_mixin.py:190} INFO - [2026-03-06T16:33:05.327+0800] {dag.py:3239} INFO - Sync 1 DAGs
[2026-03-06T16:33:05.345+0800] {logging_mixin.py:190} INFO - [2026-03-06T16:33:05.345+0800] {dag.py:4180} INFO - Setting next_dagrun for dag_with_professional_test_report to 2026-03-05 00:00:00+00:00, run_after=2026-03-06 00:00:00+00:00
[2026-03-06T16:33:05.366+0800] {processor.py:208} INFO - Processing /Users/linghuchong/Downloads/51/Python/project/instance/airflow284/dags/tag_CDRD/report/dag_report.py took 166.259 seconds
[2026-03-06T16:34:31.760+0800] {processor.py:186} INFO - Started process (PID=22464) to work on /Users/linghuchong/Downloads/51/Python/project/instance/airflow284/dags/tag_CDRD/report/dag_report.py
[2026-03-06T16:34:31.761+0800] {processor.py:914} INFO - Processing file /Users/linghuchong/Downloads/51/Python/project/instance/airflow284/dags/tag_CDRD/report/dag_report.py for tasks to queue
[2026-03-06T16:34:31.762+0800] {logging_mixin.py:190} INFO - [2026-03-06T16:34:31.762+0800] {dagbag.py:588} INFO - Filling up the DagBag from /Users/linghuchong/Downloads/51/Python/project/instance/airflow284/dags/tag_CDRD/report/dag_report.py
[2026-03-06T16:34:31.783+0800] {processor.py:925} INFO - DAG(s) 'dag_with_professional_test_report' retrieved from /Users/linghuchong/Downloads/51/Python/project/instance/airflow284/dags/tag_CDRD/report/dag_report.py
[2026-03-06T16:34:31.887+0800] {logging_mixin.py:190} INFO - [2026-03-06T16:34:31.886+0800] {dag.py:3239} INFO - Sync 1 DAGs
[2026-03-06T16:34:31.906+0800] {logging_mixin.py:190} INFO - [2026-03-06T16:34:31.906+0800] {dag.py:4180} INFO - Setting next_dagrun for dag_with_professional_test_report to 2026-03-05 00:00:00+00:00, run_after=2026-03-06 00:00:00+00:00
[2026-03-06T16:34:31.927+0800] {processor.py:208} INFO - Processing /Users/linghuchong/Downloads/51/Python/project/instance/airflow284/dags/tag_CDRD/report/dag_report.py took 169.669 seconds
[2026-03-06T16:36:03.114+0800] {processor.py:186} INFO - Started process (PID=22638) to work on /Users/linghuchong/Downloads/51/Python/project/instance/airflow284/dags/tag_CDRD/report/dag_report.py
[2026-03-06T16:36:03.115+0800] {processor.py:914} INFO - Processing file /Users/linghuchong/Downloads/51/Python/project/instance/airflow284/dags/tag_CDRD/report/dag_report.py for tasks to queue
[2026-03-06T16:36:03.116+0800] {logging_mixin.py:190} INFO - [2026-03-06T16:36:03.116+0800] {dagbag.py:588} INFO - Filling up the DagBag from /Users/linghuchong/Downloads/51/Python/project/instance/airflow284/dags/tag_CDRD/report/dag_report.py
[2026-03-06T16:36:03.140+0800] {processor.py:925} INFO - DAG(s) 'dag_with_professional_test_report' retrieved from /Users/linghuchong/Downloads/51/Python/project/instance/airflow284/dags/tag_CDRD/report/dag_report.py
[2026-03-06T16:36:03.250+0800] {logging_mixin.py:190} INFO - [2026-03-06T16:36:03.250+0800] {dag.py:3239} INFO - Sync 1 DAGs
[2026-03-06T16:36:03.272+0800] {logging_mixin.py:190} INFO - [2026-03-06T16:36:03.272+0800] {dag.py:4180} INFO - Setting next_dagrun for dag_with_professional_test_report to 2026-03-05 00:00:00+00:00, run_after=2026-03-06 00:00:00+00:00
[2026-03-06T16:36:03.291+0800] {processor.py:208} INFO - Processing /Users/linghuchong/Downloads/51/Python/project/instance/airflow284/dags/tag_CDRD/report/dag_report.py took 179.271 seconds
=======
[2026-03-06T16:42:18.590+0800] {processor.py:186} INFO - Started process (PID=23813) to work on /Users/linghuchong/Downloads/51/Python/project/instance/airflow284/dags/tag_CDRD/report/dag_report.py
[2026-03-06T16:42:18.593+0800] {processor.py:914} INFO - Processing file /Users/linghuchong/Downloads/51/Python/project/instance/airflow284/dags/tag_CDRD/report/dag_report.py for tasks to queue
[2026-03-06T16:42:18.594+0800] {logging_mixin.py:190} INFO - [2026-03-06T16:42:18.594+0800] {dagbag.py:588} INFO - Filling up the DagBag from /Users/linghuchong/Downloads/51/Python/project/instance/airflow284/dags/tag_CDRD/report/dag_report.py
[2026-03-06T16:42:18.621+0800] {processor.py:925} INFO - DAG(s) 'dag_with_professional_test_report' retrieved from /Users/linghuchong/Downloads/51/Python/project/instance/airflow284/dags/tag_CDRD/report/dag_report.py
[2026-03-06T16:42:18.807+0800] {logging_mixin.py:190} INFO - [2026-03-06T16:42:18.807+0800] {dag.py:3239} INFO - Sync 1 DAGs
[2026-03-06T16:42:18.825+0800] {logging_mixin.py:190} INFO - [2026-03-06T16:42:18.824+0800] {dag.py:4180} INFO - Setting next_dagrun for dag_with_professional_test_report to 2026-03-05 00:00:00+00:00, run_after=2026-03-06 00:00:00+00:00
[2026-03-06T16:42:18.846+0800] {processor.py:208} INFO - Processing /Users/linghuchong/Downloads/51/Python/project/instance/airflow284/dags/tag_CDRD/report/dag_report.py took 259.665 seconds
[2026-03-06T16:43:55.251+0800] {processor.py:186} INFO - Started process (PID=23971) to work on /Users/linghuchong/Downloads/51/Python/project/instance/airflow284/dags/tag_CDRD/report/dag_report.py
[2026-03-06T16:43:55.254+0800] {processor.py:914} INFO - Processing file /Users/linghuchong/Downloads/51/Python/project/instance/airflow284/dags/tag_CDRD/report/dag_report.py for tasks to queue
[2026-03-06T16:43:55.255+0800] {logging_mixin.py:190} INFO - [2026-03-06T16:43:55.255+0800] {dagbag.py:588} INFO - Filling up the DagBag from /Users/linghuchong/Downloads/51/Python/project/instance/airflow284/dags/tag_CDRD/report/dag_report.py
[2026-03-06T16:43:55.279+0800] {processor.py:925} INFO - DAG(s) 'dag_with_professional_test_report' retrieved from /Users/linghuchong/Downloads/51/Python/project/instance/airflow284/dags/tag_CDRD/report/dag_report.py
[2026-03-06T16:43:55.391+0800] {logging_mixin.py:190} INFO - [2026-03-06T16:43:55.391+0800] {dag.py:3239} INFO - Sync 1 DAGs
[2026-03-06T16:43:55.412+0800] {logging_mixin.py:190} INFO - [2026-03-06T16:43:55.412+0800] {dag.py:4180} INFO - Setting next_dagrun for dag_with_professional_test_report to 2026-03-05 00:00:00+00:00, run_after=2026-03-06 00:00:00+00:00
[2026-03-06T16:43:55.430+0800] {processor.py:208} INFO - Processing /Users/linghuchong/Downloads/51/Python/project/instance/airflow284/dags/tag_CDRD/report/dag_report.py took 181.019 seconds
[2026-03-06T16:45:30.719+0800] {processor.py:186} INFO - Started process (PID=24131) to work on /Users/linghuchong/Downloads/51/Python/project/instance/airflow284/dags/tag_CDRD/report/dag_report.py
[2026-03-06T16:45:30.721+0800] {processor.py:914} INFO - Processing file /Users/linghuchong/Downloads/51/Python/project/instance/airflow284/dags/tag_CDRD/report/dag_report.py for tasks to queue
[2026-03-06T16:45:30.722+0800] {logging_mixin.py:190} INFO - [2026-03-06T16:45:30.722+0800] {dagbag.py:588} INFO - Filling up the DagBag from /Users/linghuchong/Downloads/51/Python/project/instance/airflow284/dags/tag_CDRD/report/dag_report.py
[2026-03-06T16:45:30.748+0800] {processor.py:925} INFO - DAG(s) 'dag_with_professional_test_report' retrieved from /Users/linghuchong/Downloads/51/Python/project/instance/airflow284/dags/tag_CDRD/report/dag_report.py
[2026-03-06T16:45:30.869+0800] {logging_mixin.py:190} INFO - [2026-03-06T16:45:30.868+0800] {dag.py:3239} INFO - Sync 1 DAGs
[2026-03-06T16:45:30.892+0800] {logging_mixin.py:190} INFO - [2026-03-06T16:45:30.892+0800] {dag.py:4180} INFO - Setting next_dagrun for dag_with_professional_test_report to 2026-03-05 00:00:00+00:00, run_after=2026-03-06 00:00:00+00:00
[2026-03-06T16:45:30.912+0800] {processor.py:208} INFO - Processing /Users/linghuchong/Downloads/51/Python/project/instance/airflow284/dags/tag_CDRD/report/dag_report.py took 196.052 seconds
[2026-03-06T16:47:06.516+0800] {processor.py:186} INFO - Started process (PID=24420) to work on /Users/linghuchong/Downloads/51/Python/project/instance/airflow284/dags/tag_CDRD/report/dag_report.py
[2026-03-06T16:47:06.517+0800] {processor.py:914} INFO - Processing file /Users/linghuchong/Downloads/51/Python/project/instance/airflow284/dags/tag_CDRD/report/dag_report.py for tasks to queue
[2026-03-06T16:47:06.518+0800] {logging_mixin.py:190} INFO - [2026-03-06T16:47:06.518+0800] {dagbag.py:588} INFO - Filling up the DagBag from /Users/linghuchong/Downloads/51/Python/project/instance/airflow284/dags/tag_CDRD/report/dag_report.py
[2026-03-06T16:47:06.549+0800] {processor.py:925} INFO - DAG(s) 'dag_with_professional_test_report' retrieved from /Users/linghuchong/Downloads/51/Python/project/instance/airflow284/dags/tag_CDRD/report/dag_report.py
[2026-03-06T16:47:06.690+0800] {logging_mixin.py:190} INFO - [2026-03-06T16:47:06.689+0800] {dag.py:3239} INFO - Sync 1 DAGs
[2026-03-06T16:47:06.713+0800] {logging_mixin.py:190} INFO - [2026-03-06T16:47:06.712+0800] {dag.py:4180} INFO - Setting next_dagrun for dag_with_professional_test_report to 2026-03-05 00:00:00+00:00, run_after=2026-03-06 00:00:00+00:00
[2026-03-06T16:47:06.733+0800] {processor.py:208} INFO - Processing /Users/linghuchong/Downloads/51/Python/project/instance/airflow284/dags/tag_CDRD/report/dag_report.py took 220.494 seconds
>>>>>>> Stashed changes
