[2026-02-11T13:18:42.614+0800] {processor.py:161} INFO - Started process (PID=9036) to work on /Users/linghuchong/Downloads/51/Python/project/instance/airflow/dags/config.py
[2026-02-11T13:18:42.615+0800] {processor.py:830} INFO - Processing file /Users/linghuchong/Downloads/51/Python/project/instance/airflow/dags/config.py for tasks to queue
[2026-02-11T13:18:42.616+0800] {logging_mixin.py:188} INFO - [2026-02-11T13:18:42.616+0800] {dagbag.py:540} INFO - Filling up the DagBag from /Users/linghuchong/Downloads/51/Python/project/instance/airflow/dags/config.py
[2026-02-11T13:18:42.716+0800] {processor.py:842} WARNING - No viable dags retrieved from /Users/linghuchong/Downloads/51/Python/project/instance/airflow/dags/config.py
[2026-02-11T13:18:42.903+0800] {processor.py:183} INFO - Processing /Users/linghuchong/Downloads/51/Python/project/instance/airflow/dags/config.py took 0.290 seconds
[2026-02-11T13:22:40.699+0800] {processor.py:161} INFO - Started process (PID=9188) to work on /Users/linghuchong/Downloads/51/Python/project/instance/airflow/dags/config.py
[2026-02-11T13:22:40.700+0800] {processor.py:830} INFO - Processing file /Users/linghuchong/Downloads/51/Python/project/instance/airflow/dags/config.py for tasks to queue
[2026-02-11T13:22:40.701+0800] {logging_mixin.py:188} INFO - [2026-02-11T13:22:40.701+0800] {dagbag.py:540} INFO - Filling up the DagBag from /Users/linghuchong/Downloads/51/Python/project/instance/airflow/dags/config.py
[2026-02-11T13:22:40.708+0800] {processor.py:842} WARNING - No viable dags retrieved from /Users/linghuchong/Downloads/51/Python/project/instance/airflow/dags/config.py
[2026-02-11T13:22:40.843+0800] {processor.py:183} INFO - Processing /Users/linghuchong/Downloads/51/Python/project/instance/airflow/dags/config.py took 0.145 seconds
[2026-02-11T13:25:25.717+0800] {processor.py:161} INFO - Started process (PID=9290) to work on /Users/linghuchong/Downloads/51/Python/project/instance/airflow/dags/config.py
[2026-02-11T13:25:25.718+0800] {processor.py:830} INFO - Processing file /Users/linghuchong/Downloads/51/Python/project/instance/airflow/dags/config.py for tasks to queue
[2026-02-11T13:25:25.719+0800] {logging_mixin.py:188} INFO - [2026-02-11T13:25:25.719+0800] {dagbag.py:540} INFO - Filling up the DagBag from /Users/linghuchong/Downloads/51/Python/project/instance/airflow/dags/config.py
[2026-02-11T13:25:25.725+0800] {processor.py:842} WARNING - No viable dags retrieved from /Users/linghuchong/Downloads/51/Python/project/instance/airflow/dags/config.py
[2026-02-11T13:25:25.832+0800] {processor.py:183} INFO - Processing /Users/linghuchong/Downloads/51/Python/project/instance/airflow/dags/config.py took 0.116 seconds
[2026-02-11T13:28:16.383+0800] {processor.py:161} INFO - Started process (PID=9357) to work on /Users/linghuchong/Downloads/51/Python/project/instance/airflow/dags/config.py
[2026-02-11T13:28:16.386+0800] {processor.py:830} INFO - Processing file /Users/linghuchong/Downloads/51/Python/project/instance/airflow/dags/config.py for tasks to queue
[2026-02-11T13:28:16.387+0800] {logging_mixin.py:188} INFO - [2026-02-11T13:28:16.386+0800] {dagbag.py:540} INFO - Filling up the DagBag from /Users/linghuchong/Downloads/51/Python/project/instance/airflow/dags/config.py
[2026-02-11T13:28:16.394+0800] {processor.py:842} WARNING - No viable dags retrieved from /Users/linghuchong/Downloads/51/Python/project/instance/airflow/dags/config.py
[2026-02-11T13:28:16.515+0800] {processor.py:183} INFO - Processing /Users/linghuchong/Downloads/51/Python/project/instance/airflow/dags/config.py took 0.133 seconds
[2026-02-11T13:31:09.712+0800] {processor.py:161} INFO - Started process (PID=9454) to work on /Users/linghuchong/Downloads/51/Python/project/instance/airflow/dags/config.py
[2026-02-11T13:31:09.715+0800] {processor.py:830} INFO - Processing file /Users/linghuchong/Downloads/51/Python/project/instance/airflow/dags/config.py for tasks to queue
[2026-02-11T13:31:09.716+0800] {logging_mixin.py:188} INFO - [2026-02-11T13:31:09.715+0800] {dagbag.py:540} INFO - Filling up the DagBag from /Users/linghuchong/Downloads/51/Python/project/instance/airflow/dags/config.py
[2026-02-11T13:31:09.722+0800] {processor.py:842} WARNING - No viable dags retrieved from /Users/linghuchong/Downloads/51/Python/project/instance/airflow/dags/config.py
[2026-02-11T13:31:09.826+0800] {processor.py:183} INFO - Processing /Users/linghuchong/Downloads/51/Python/project/instance/airflow/dags/config.py took 0.115 seconds
[2026-02-11T13:34:13.712+0800] {processor.py:161} INFO - Started process (PID=9564) to work on /Users/linghuchong/Downloads/51/Python/project/instance/airflow/dags/config.py
[2026-02-11T13:34:13.715+0800] {processor.py:830} INFO - Processing file /Users/linghuchong/Downloads/51/Python/project/instance/airflow/dags/config.py for tasks to queue
[2026-02-11T13:34:13.716+0800] {logging_mixin.py:188} INFO - [2026-02-11T13:34:13.716+0800] {dagbag.py:540} INFO - Filling up the DagBag from /Users/linghuchong/Downloads/51/Python/project/instance/airflow/dags/config.py
[2026-02-11T13:34:13.723+0800] {processor.py:842} WARNING - No viable dags retrieved from /Users/linghuchong/Downloads/51/Python/project/instance/airflow/dags/config.py
[2026-02-11T13:34:13.830+0800] {processor.py:183} INFO - Processing /Users/linghuchong/Downloads/51/Python/project/instance/airflow/dags/config.py took 0.118 seconds
[2026-02-11T16:22:36.581+0800] {processor.py:161} INFO - Started process (PID=14601) to work on /Users/linghuchong/Downloads/51/Python/project/instance/airflow/dags/config.py
[2026-02-11T16:22:36.583+0800] {processor.py:830} INFO - Processing file /Users/linghuchong/Downloads/51/Python/project/instance/airflow/dags/config.py for tasks to queue
[2026-02-11T16:22:36.584+0800] {logging_mixin.py:188} INFO - [2026-02-11T16:22:36.583+0800] {dagbag.py:540} INFO - Filling up the DagBag from /Users/linghuchong/Downloads/51/Python/project/instance/airflow/dags/config.py
[2026-02-11T16:22:36.590+0800] {processor.py:842} WARNING - No viable dags retrieved from /Users/linghuchong/Downloads/51/Python/project/instance/airflow/dags/config.py
[2026-02-11T16:22:36.691+0800] {processor.py:183} INFO - Processing /Users/linghuchong/Downloads/51/Python/project/instance/airflow/dags/config.py took 0.110 seconds
[2026-02-11T16:29:26.485+0800] {processor.py:161} INFO - Started process (PID=14913) to work on /Users/linghuchong/Downloads/51/Python/project/instance/airflow/dags/config.py
[2026-02-11T16:29:26.488+0800] {processor.py:830} INFO - Processing file /Users/linghuchong/Downloads/51/Python/project/instance/airflow/dags/config.py for tasks to queue
[2026-02-11T16:29:26.489+0800] {logging_mixin.py:188} INFO - [2026-02-11T16:29:26.489+0800] {dagbag.py:540} INFO - Filling up the DagBag from /Users/linghuchong/Downloads/51/Python/project/instance/airflow/dags/config.py
[2026-02-11T16:29:26.495+0800] {processor.py:842} WARNING - No viable dags retrieved from /Users/linghuchong/Downloads/51/Python/project/instance/airflow/dags/config.py
[2026-02-11T16:29:26.592+0800] {processor.py:183} INFO - Processing /Users/linghuchong/Downloads/51/Python/project/instance/airflow/dags/config.py took 0.107 seconds
[2026-02-11T16:35:59.423+0800] {processor.py:161} INFO - Started process (PID=15399) to work on /Users/linghuchong/Downloads/51/Python/project/instance/airflow/dags/config.py
[2026-02-11T16:35:59.426+0800] {processor.py:830} INFO - Processing file /Users/linghuchong/Downloads/51/Python/project/instance/airflow/dags/config.py for tasks to queue
[2026-02-11T16:35:59.427+0800] {logging_mixin.py:188} INFO - [2026-02-11T16:35:59.427+0800] {dagbag.py:540} INFO - Filling up the DagBag from /Users/linghuchong/Downloads/51/Python/project/instance/airflow/dags/config.py
[2026-02-11T16:35:59.433+0800] {processor.py:842} WARNING - No viable dags retrieved from /Users/linghuchong/Downloads/51/Python/project/instance/airflow/dags/config.py
[2026-02-11T16:35:59.528+0800] {processor.py:183} INFO - Processing /Users/linghuchong/Downloads/51/Python/project/instance/airflow/dags/config.py took 0.106 seconds
[2026-02-11T16:41:54.882+0800] {processor.py:161} INFO - Started process (PID=15887) to work on /Users/linghuchong/Downloads/51/Python/project/instance/airflow/dags/config.py
[2026-02-11T16:41:54.889+0800] {processor.py:830} INFO - Processing file /Users/linghuchong/Downloads/51/Python/project/instance/airflow/dags/config.py for tasks to queue
[2026-02-11T16:41:54.894+0800] {logging_mixin.py:188} INFO - [2026-02-11T16:41:54.893+0800] {dagbag.py:540} INFO - Filling up the DagBag from /Users/linghuchong/Downloads/51/Python/project/instance/airflow/dags/config.py
[2026-02-11T16:41:54.911+0800] {processor.py:842} WARNING - No viable dags retrieved from /Users/linghuchong/Downloads/51/Python/project/instance/airflow/dags/config.py
[2026-02-11T16:41:55.031+0800] {processor.py:183} INFO - Processing /Users/linghuchong/Downloads/51/Python/project/instance/airflow/dags/config.py took 0.150 seconds
[2026-02-11T16:48:18.893+0800] {processor.py:161} INFO - Started process (PID=16208) to work on /Users/linghuchong/Downloads/51/Python/project/instance/airflow/dags/config.py
[2026-02-11T16:48:18.896+0800] {processor.py:830} INFO - Processing file /Users/linghuchong/Downloads/51/Python/project/instance/airflow/dags/config.py for tasks to queue
[2026-02-11T16:48:18.897+0800] {logging_mixin.py:188} INFO - [2026-02-11T16:48:18.897+0800] {dagbag.py:540} INFO - Filling up the DagBag from /Users/linghuchong/Downloads/51/Python/project/instance/airflow/dags/config.py
[2026-02-11T16:48:18.903+0800] {processor.py:842} WARNING - No viable dags retrieved from /Users/linghuchong/Downloads/51/Python/project/instance/airflow/dags/config.py
[2026-02-11T16:48:19.010+0800] {processor.py:183} INFO - Processing /Users/linghuchong/Downloads/51/Python/project/instance/airflow/dags/config.py took 0.117 seconds
[2026-02-11T16:55:07.672+0800] {processor.py:161} INFO - Started process (PID=16548) to work on /Users/linghuchong/Downloads/51/Python/project/instance/airflow/dags/config.py
[2026-02-11T16:55:07.675+0800] {processor.py:830} INFO - Processing file /Users/linghuchong/Downloads/51/Python/project/instance/airflow/dags/config.py for tasks to queue
[2026-02-11T16:55:07.676+0800] {logging_mixin.py:188} INFO - [2026-02-11T16:55:07.675+0800] {dagbag.py:540} INFO - Filling up the DagBag from /Users/linghuchong/Downloads/51/Python/project/instance/airflow/dags/config.py
[2026-02-11T16:55:07.681+0800] {processor.py:842} WARNING - No viable dags retrieved from /Users/linghuchong/Downloads/51/Python/project/instance/airflow/dags/config.py
[2026-02-11T16:55:07.780+0800] {processor.py:183} INFO - Processing /Users/linghuchong/Downloads/51/Python/project/instance/airflow/dags/config.py took 0.109 seconds
[2026-02-11T17:01:56.257+0800] {processor.py:161} INFO - Started process (PID=16798) to work on /Users/linghuchong/Downloads/51/Python/project/instance/airflow/dags/config.py
[2026-02-11T17:01:56.258+0800] {processor.py:830} INFO - Processing file /Users/linghuchong/Downloads/51/Python/project/instance/airflow/dags/config.py for tasks to queue
[2026-02-11T17:01:56.259+0800] {logging_mixin.py:188} INFO - [2026-02-11T17:01:56.259+0800] {dagbag.py:540} INFO - Filling up the DagBag from /Users/linghuchong/Downloads/51/Python/project/instance/airflow/dags/config.py
[2026-02-11T17:01:56.268+0800] {processor.py:842} WARNING - No viable dags retrieved from /Users/linghuchong/Downloads/51/Python/project/instance/airflow/dags/config.py
[2026-02-11T17:01:56.426+0800] {processor.py:183} INFO - Processing /Users/linghuchong/Downloads/51/Python/project/instance/airflow/dags/config.py took 0.171 seconds
[2026-02-11T17:17:56.025+0800] {processor.py:161} INFO - Started process (PID=17820) to work on /Users/linghuchong/Downloads/51/Python/project/instance/airflow/dags/config.py
[2026-02-11T17:17:56.027+0800] {processor.py:830} INFO - Processing file /Users/linghuchong/Downloads/51/Python/project/instance/airflow/dags/config.py for tasks to queue
[2026-02-11T17:17:56.028+0800] {logging_mixin.py:188} INFO - [2026-02-11T17:17:56.028+0800] {dagbag.py:540} INFO - Filling up the DagBag from /Users/linghuchong/Downloads/51/Python/project/instance/airflow/dags/config.py
[2026-02-11T17:17:56.035+0800] {processor.py:842} WARNING - No viable dags retrieved from /Users/linghuchong/Downloads/51/Python/project/instance/airflow/dags/config.py
[2026-02-11T17:17:56.128+0800] {processor.py:183} INFO - Processing /Users/linghuchong/Downloads/51/Python/project/instance/airflow/dags/config.py took 0.104 seconds
[2026-02-11T17:23:27.187+0800] {processor.py:161} INFO - Started process (PID=17989) to work on /Users/linghuchong/Downloads/51/Python/project/instance/airflow/dags/config.py
[2026-02-11T17:23:27.188+0800] {processor.py:830} INFO - Processing file /Users/linghuchong/Downloads/51/Python/project/instance/airflow/dags/config.py for tasks to queue
[2026-02-11T17:23:27.188+0800] {logging_mixin.py:188} INFO - [2026-02-11T17:23:27.188+0800] {dagbag.py:540} INFO - Filling up the DagBag from /Users/linghuchong/Downloads/51/Python/project/instance/airflow/dags/config.py
[2026-02-11T17:23:27.193+0800] {processor.py:842} WARNING - No viable dags retrieved from /Users/linghuchong/Downloads/51/Python/project/instance/airflow/dags/config.py
[2026-02-11T17:23:27.283+0800] {processor.py:183} INFO - Processing /Users/linghuchong/Downloads/51/Python/project/instance/airflow/dags/config.py took 0.097 seconds
[2026-02-11T17:28:53.350+0800] {processor.py:161} INFO - Started process (PID=18167) to work on /Users/linghuchong/Downloads/51/Python/project/instance/airflow/dags/config.py
[2026-02-11T17:28:53.353+0800] {processor.py:830} INFO - Processing file /Users/linghuchong/Downloads/51/Python/project/instance/airflow/dags/config.py for tasks to queue
[2026-02-11T17:28:53.354+0800] {logging_mixin.py:188} INFO - [2026-02-11T17:28:53.354+0800] {dagbag.py:540} INFO - Filling up the DagBag from /Users/linghuchong/Downloads/51/Python/project/instance/airflow/dags/config.py
[2026-02-11T17:28:53.360+0800] {processor.py:842} WARNING - No viable dags retrieved from /Users/linghuchong/Downloads/51/Python/project/instance/airflow/dags/config.py
[2026-02-11T17:28:53.454+0800] {processor.py:183} INFO - Processing /Users/linghuchong/Downloads/51/Python/project/instance/airflow/dags/config.py took 0.105 seconds
[2026-02-11T17:34:53.948+0800] {processor.py:161} INFO - Started process (PID=18387) to work on /Users/linghuchong/Downloads/51/Python/project/instance/airflow/dags/config.py
[2026-02-11T17:34:53.951+0800] {processor.py:830} INFO - Processing file /Users/linghuchong/Downloads/51/Python/project/instance/airflow/dags/config.py for tasks to queue
[2026-02-11T17:34:53.951+0800] {logging_mixin.py:188} INFO - [2026-02-11T17:34:53.951+0800] {dagbag.py:540} INFO - Filling up the DagBag from /Users/linghuchong/Downloads/51/Python/project/instance/airflow/dags/config.py
[2026-02-11T17:34:53.957+0800] {processor.py:842} WARNING - No viable dags retrieved from /Users/linghuchong/Downloads/51/Python/project/instance/airflow/dags/config.py
[2026-02-11T17:34:54.061+0800] {processor.py:183} INFO - Processing /Users/linghuchong/Downloads/51/Python/project/instance/airflow/dags/config.py took 0.114 seconds
[2026-02-11T17:41:06.226+0800] {processor.py:161} INFO - Started process (PID=18918) to work on /Users/linghuchong/Downloads/51/Python/project/instance/airflow/dags/config.py
[2026-02-11T17:41:06.228+0800] {processor.py:830} INFO - Processing file /Users/linghuchong/Downloads/51/Python/project/instance/airflow/dags/config.py for tasks to queue
[2026-02-11T17:41:06.229+0800] {logging_mixin.py:188} INFO - [2026-02-11T17:41:06.229+0800] {dagbag.py:540} INFO - Filling up the DagBag from /Users/linghuchong/Downloads/51/Python/project/instance/airflow/dags/config.py
[2026-02-11T17:41:06.235+0800] {processor.py:842} WARNING - No viable dags retrieved from /Users/linghuchong/Downloads/51/Python/project/instance/airflow/dags/config.py
[2026-02-11T17:41:06.388+0800] {processor.py:183} INFO - Processing /Users/linghuchong/Downloads/51/Python/project/instance/airflow/dags/config.py took 0.162 seconds
[2026-02-11T17:47:19.091+0800] {processor.py:161} INFO - Started process (PID=19715) to work on /Users/linghuchong/Downloads/51/Python/project/instance/airflow/dags/config.py
[2026-02-11T17:47:19.094+0800] {processor.py:830} INFO - Processing file /Users/linghuchong/Downloads/51/Python/project/instance/airflow/dags/config.py for tasks to queue
[2026-02-11T17:47:19.096+0800] {logging_mixin.py:188} INFO - [2026-02-11T17:47:19.095+0800] {dagbag.py:540} INFO - Filling up the DagBag from /Users/linghuchong/Downloads/51/Python/project/instance/airflow/dags/config.py
[2026-02-11T17:47:19.103+0800] {processor.py:842} WARNING - No viable dags retrieved from /Users/linghuchong/Downloads/51/Python/project/instance/airflow/dags/config.py
[2026-02-11T17:47:19.204+0800] {processor.py:183} INFO - Processing /Users/linghuchong/Downloads/51/Python/project/instance/airflow/dags/config.py took 0.114 seconds
[2026-02-11T17:53:29.981+0800] {processor.py:161} INFO - Started process (PID=19955) to work on /Users/linghuchong/Downloads/51/Python/project/instance/airflow/dags/config.py
[2026-02-11T17:53:29.984+0800] {processor.py:830} INFO - Processing file /Users/linghuchong/Downloads/51/Python/project/instance/airflow/dags/config.py for tasks to queue
[2026-02-11T17:53:29.985+0800] {logging_mixin.py:188} INFO - [2026-02-11T17:53:29.985+0800] {dagbag.py:540} INFO - Filling up the DagBag from /Users/linghuchong/Downloads/51/Python/project/instance/airflow/dags/config.py
[2026-02-11T17:53:29.991+0800] {processor.py:842} WARNING - No viable dags retrieved from /Users/linghuchong/Downloads/51/Python/project/instance/airflow/dags/config.py
[2026-02-11T17:53:30.098+0800] {processor.py:183} INFO - Processing /Users/linghuchong/Downloads/51/Python/project/instance/airflow/dags/config.py took 0.117 seconds
[2026-02-11T17:59:45.047+0800] {processor.py:161} INFO - Started process (PID=20213) to work on /Users/linghuchong/Downloads/51/Python/project/instance/airflow/dags/config.py
[2026-02-11T17:59:45.048+0800] {processor.py:830} INFO - Processing file /Users/linghuchong/Downloads/51/Python/project/instance/airflow/dags/config.py for tasks to queue
[2026-02-11T17:59:45.049+0800] {logging_mixin.py:188} INFO - [2026-02-11T17:59:45.049+0800] {dagbag.py:540} INFO - Filling up the DagBag from /Users/linghuchong/Downloads/51/Python/project/instance/airflow/dags/config.py
[2026-02-11T17:59:45.056+0800] {processor.py:842} WARNING - No viable dags retrieved from /Users/linghuchong/Downloads/51/Python/project/instance/airflow/dags/config.py
[2026-02-11T17:59:45.160+0800] {processor.py:183} INFO - Processing /Users/linghuchong/Downloads/51/Python/project/instance/airflow/dags/config.py took 0.114 seconds
