[2026-02-13T11:36:08.765+0800] {local_task_job_runner.py:123} INFO - ::group::Pre task execution logs
[2026-02-13T11:36:08.780+0800] {taskinstance.py:2631} INFO - Dependencies all met for dep_context=non-requeueable deps ti=<TaskInstance: consumer_dw_order_clean.clean_order_data dataset_triggered__2026-02-13T03:36:04.836355+00:00 [queued]>
[2026-02-13T11:36:08.786+0800] {taskinstance.py:2631} INFO - Dependencies all met for dep_context=requeueable deps ti=<TaskInstance: consumer_dw_order_clean.clean_order_data dataset_triggered__2026-02-13T03:36:04.836355+00:00 [queued]>
[2026-02-13T11:36:08.786+0800] {taskinstance.py:2884} INFO - Starting attempt 1 of 1
[2026-02-13T11:36:08.892+0800] {taskinstance.py:2907} INFO - Executing <Task(PythonOperator): clean_order_data> on 2026-02-13 03:36:04.836355+00:00
[2026-02-13T11:36:08.895+0800] {standard_task_runner.py:72} INFO - Started process 7374 to run task
[2026-02-13T11:36:08.903+0800] {standard_task_runner.py:104} INFO - Running: ['airflow', 'tasks', 'run', 'consumer_dw_order_clean', 'clean_order_data', 'dataset_triggered__2026-02-13T03:36:04.836355+00:00', '--job-id', '50', '--raw', '--subdir', 'DAGS_FOLDER/dataset_demo.py', '--cfg-path', '/var/folders/f7/4z7jtb213fs0mtgbw_0vs2600000gn/T/tmp0bxtbkv8']
[2026-02-13T11:36:08.908+0800] {standard_task_runner.py:105} INFO - Job 50: Subtask clean_order_data
[2026-02-13T11:36:08.956+0800] {task_command.py:467} INFO - Running <TaskInstance: consumer_dw_order_clean.clean_order_data dataset_triggered__2026-02-13T03:36:04.836355+00:00 [running]> on host localhost-2.local
[2026-02-13T11:36:09.050+0800] {taskinstance.py:3157} INFO - Exporting env vars: AIRFLOW_CTX_DAG_OWNER='airflow' AIRFLOW_CTX_DAG_ID='consumer_dw_order_clean' AIRFLOW_CTX_TASK_ID='clean_order_data' AIRFLOW_CTX_EXECUTION_DATE='2026-02-13T03:36:04.836355+00:00' AIRFLOW_CTX_TRY_NUMBER='1' AIRFLOW_CTX_DAG_RUN_ID='dataset_triggered__2026-02-13T03:36:04.836355+00:00'
[2026-02-13T11:36:09.059+0800] {taskinstance.py:740} INFO - ::endgroup::
[2026-02-13T11:36:09.089+0800] {logging_mixin.py:190} INFO - 检测到订单数据更新，开始清洗...
[2026-02-13T11:36:09.091+0800] {logging_mixin.py:190} INFO - 订单数据清洗完成！
[2026-02-13T11:36:09.105+0800] {logging_mixin.py:190} INFO - 从 XCom 获取的结果: None
[2026-02-13T11:36:09.109+0800] {python.py:240} INFO - Done. Returned value was: None
[2026-02-13T11:36:09.132+0800] {taskinstance.py:349} INFO - ::group::Post task execution logs
[2026-02-13T11:36:09.135+0800] {taskinstance.py:361} INFO - Marking task as SUCCESS. dag_id=consumer_dw_order_clean, task_id=clean_order_data, run_id=dataset_triggered__2026-02-13T03:36:04.836355+00:00, execution_date=20260213T033604, start_date=20260213T033608, end_date=20260213T033609
[2026-02-13T11:36:09.174+0800] {local_task_job_runner.py:266} INFO - Task exited with return code 0
[2026-02-13T11:36:09.201+0800] {taskinstance.py:3924} INFO - 0 downstream tasks scheduled from follow-on schedule check
[2026-02-13T11:36:09.203+0800] {local_task_job_runner.py:245} INFO - ::endgroup::
