[2026-02-27T13:31:27.003+0800] {local_task_job_runner.py:123} INFO - ::group::Pre task execution logs
[2026-02-27T13:31:27.026+0800] {taskinstance.py:2631} INFO - Dependencies all met for dep_context=non-requeueable deps ti=<TaskInstance: cdrd_主控测试流程.调试信息收集 manual__2026-02-27T05:27:33.151070+00:00 [queued]>
[2026-02-27T13:31:27.038+0800] {taskinstance.py:2631} INFO - Dependencies all met for dep_context=requeueable deps ti=<TaskInstance: cdrd_主控测试流程.调试信息收集 manual__2026-02-27T05:27:33.151070+00:00 [queued]>
[2026-02-27T13:31:27.039+0800] {taskinstance.py:2884} INFO - Starting attempt 1 of 2
[2026-02-27T13:31:27.057+0800] {taskinstance.py:2907} INFO - Executing <Task(PythonOperator): 调试信息收集> on 2026-02-27 05:27:33.151070+00:00
[2026-02-27T13:31:27.061+0800] {standard_task_runner.py:72} INFO - Started process 12278 to run task
[2026-02-27T13:31:27.069+0800] {standard_task_runner.py:104} INFO - Running: ['airflow', 'tasks', 'run', 'cdrd_主控测试流程', '调试信息收集', 'manual__2026-02-27T05:27:33.151070+00:00', '--job-id', '489', '--raw', '--subdir', 'DAGS_FOLDER/tag_CDRD/cdrd_主控测试流程.py', '--cfg-path', '/var/folders/f7/4z7jtb213fs0mtgbw_0vs2600000gn/T/tmp7dz25soi']
[2026-02-27T13:31:27.074+0800] {standard_task_runner.py:105} INFO - Job 489: Subtask 调试信息收集
[2026-02-27T13:31:27.126+0800] {task_command.py:467} INFO - Running <TaskInstance: cdrd_主控测试流程.调试信息收集 manual__2026-02-27T05:27:33.151070+00:00 [running]> on host localhost-2.local
[2026-02-27T13:31:27.430+0800] {taskinstance.py:3157} INFO - Exporting env vars: AIRFLOW_CTX_DAG_OWNER='airflow' AIRFLOW_CTX_DAG_ID='cdrd_主控测试流程' AIRFLOW_CTX_TASK_ID='调试信息收集' AIRFLOW_CTX_EXECUTION_DATE='2026-02-27T05:27:33.151070+00:00' AIRFLOW_CTX_TRY_NUMBER='1' AIRFLOW_CTX_DAG_RUN_ID='manual__2026-02-27T05:27:33.151070+00:00'
[2026-02-27T13:31:27.432+0800] {taskinstance.py:740} INFO - ::endgroup::
[2026-02-27T13:31:27.456+0800] {logging_mixin.py:190} INFO - ==================================================
[2026-02-27T13:31:27.457+0800] {logging_mixin.py:190} INFO - 【调试信息】开始收集执行环境信息...
[2026-02-27T13:31:27.457+0800] {logging_mixin.py:190} INFO - ==================================================
[2026-02-27T13:31:27.457+0800] {logging_mixin.py:190} INFO - Execution Date: 2026-02-27 05:27:33.151070+00:00
[2026-02-27T13:31:27.458+0800] {logging_mixin.py:190} INFO - Run ID: manual__2026-02-27T05:27:33.151070+00:00
[2026-02-27T13:31:27.459+0800] {logging_mixin.py:190} INFO - DAG Run ID: manual__2026-02-27T05:27:33.151070+00:00
[2026-02-27T13:31:27.460+0800] {logging_mixin.py:190} INFO - ✅ 调试信息收集完成
[2026-02-27T13:31:27.460+0800] {python.py:240} INFO - Done. Returned value was: {'execution_date': '2026-02-27 05:27:33.151070+00:00', 'run_id': 'manual__2026-02-27T05:27:33.151070+00:00', 'status': 'debug_completed'}
[2026-02-27T13:31:27.485+0800] {taskinstance.py:349} INFO - ::group::Post task execution logs
[2026-02-27T13:31:27.486+0800] {taskinstance.py:361} INFO - Marking task as SUCCESS. dag_id=cdrd_主控测试流程, task_id=调试信息收集, run_id=manual__2026-02-27T05:27:33.151070+00:00, execution_date=20260227T052733, start_date=20260227T053127, end_date=20260227T053127
[2026-02-27T13:31:27.550+0800] {local_task_job_runner.py:266} INFO - Task exited with return code 0
[2026-02-27T13:31:27.594+0800] {taskinstance.py:3924} INFO - 1 downstream tasks scheduled from follow-on schedule check
[2026-02-27T13:31:27.597+0800] {local_task_job_runner.py:245} INFO - ::endgroup::
