[2026-02-28T20:44:16.672+0800] {local_task_job_runner.py:123} INFO - ::group::Pre task execution logs
[2026-02-28T20:44:16.688+0800] {taskinstance.py:2631} INFO - Dependencies all met for dep_context=non-requeueable deps ti=<TaskInstance: cdrd_新增角色_编辑角色_并.并行执行消费者 manual__2026-02-28T12:43:54.229530+00:00 [queued]>
[2026-02-28T20:44:16.695+0800] {taskinstance.py:2631} INFO - Dependencies all met for dep_context=requeueable deps ti=<TaskInstance: cdrd_新增角色_编辑角色_并.并行执行消费者 manual__2026-02-28T12:43:54.229530+00:00 [queued]>
[2026-02-28T20:44:16.696+0800] {taskinstance.py:2884} INFO - Starting attempt 1 of 1
[2026-02-28T20:44:16.707+0800] {taskinstance.py:2907} INFO - Executing <Task(PythonOperator): 并行执行消费者> on 2026-02-28 12:43:54.229530+00:00
[2026-02-28T20:44:16.711+0800] {standard_task_runner.py:72} INFO - Started process 3638 to run task
[2026-02-28T20:44:16.717+0800] {standard_task_runner.py:104} INFO - Running: ['airflow', 'tasks', 'run', 'cdrd_新增角色_编辑角色_并', '并行执行消费者', 'manual__2026-02-28T12:43:54.229530+00:00', '--job-id', '717', '--raw', '--subdir', 'DAGS_FOLDER/tag_CDRD/系统管理/角色管理/dag_新增角色_编辑角色_并.py', '--cfg-path', '/var/folders/f7/4z7jtb213fs0mtgbw_0vs2600000gn/T/tmpf3ic9pbm']
[2026-02-28T20:44:16.721+0800] {standard_task_runner.py:105} INFO - Job 717: Subtask 并行执行消费者
[2026-02-28T20:44:16.766+0800] {task_command.py:467} INFO - Running <TaskInstance: cdrd_新增角色_编辑角色_并.并行执行消费者 manual__2026-02-28T12:43:54.229530+00:00 [running]> on host localhost-2.local
[2026-02-28T20:44:16.841+0800] {taskinstance.py:3157} INFO - Exporting env vars: AIRFLOW_CTX_DAG_OWNER='airflow' AIRFLOW_CTX_DAG_ID='cdrd_新增角色_编辑角色_并' AIRFLOW_CTX_TASK_ID='并行执行消费者' AIRFLOW_CTX_EXECUTION_DATE='2026-02-28T12:43:54.229530+00:00' AIRFLOW_CTX_TRY_NUMBER='1' AIRFLOW_CTX_DAG_RUN_ID='manual__2026-02-28T12:43:54.229530+00:00'
[2026-02-28T20:44:16.842+0800] {taskinstance.py:740} INFO - ::endgroup::
[2026-02-28T20:44:16.858+0800] {logging_mixin.py:190} INFO - ==================================================
[2026-02-28T20:44:16.859+0800] {logging_mixin.py:190} INFO - 【并行消费者】开始同时执行新增角色和编辑角色测试...
[2026-02-28T20:44:16.859+0800] {logging_mixin.py:190} INFO - ==================================================
[2026-02-28T20:44:16.864+0800] {logging_mixin.py:190} INFO - 从XCom获取到的测试用例数据: 2 条
[2026-02-28T20:44:16.865+0800] {logging_mixin.py:190} INFO - ===================== 新增角色 消费者开始执行 ====================
[2026-02-28T20:44:16.866+0800] {logging_mixin.py:190} INFO - ===================== 编辑角色 消费者开始执行 ====================
[2026-02-28T20:44:16.866+0800] {logging_mixin.py:190} INFO - [Consumer_0] 开始执行测试用例: 系统管理/角色管理/新增角色.py
[2026-02-28T20:44:16.867+0800] {logging_mixin.py:190} INFO - [Consumer_1] 开始执行测试用例: 系统管理/角色管理/新增角色.py
[2026-02-28T20:44:16.867+0800] {logging_mixin.py:190} INFO - [线程 Consumer_0] 准备执行Playwright脚本: /Users/linghuchong/Downloads/51/Python/project/instance/zyjk/CDRD/web/系统管理/角色管理/新增角色.py
[2026-02-28T20:44:16.868+0800] {logging_mixin.py:190} INFO - [线程 Consumer_1] 准备执行Playwright脚本: /Users/linghuchong/Downloads/51/Python/project/instance/zyjk/CDRD/web/系统管理/角色管理/新增角色.py
[2026-02-28T20:44:17.288+0800] {logging_mixin.py:190} INFO - 随机生成测试数据: [['王楠', '309481', '575024', '陕西省潮州市崇文郑州路U座 169253']]
[2026-02-28T20:44:17.289+0800] {logging_mixin.py:190} INFO - [线程 Consumer_0] ✅ 找到run_playwright函数，开始执行...
[2026-02-28T20:44:17.309+0800] {logging_mixin.py:190} INFO - 随机生成测试数据: [['傅玉兰', '242938', '992064', '青海省杰县城北嘉禾街e座 499968']]
[2026-02-28T20:44:17.310+0800] {logging_mixin.py:190} INFO - [线程 Consumer_1] ✅ 找到run_playwright函数，开始执行...
[2026-02-28T20:44:24.482+0800] {logging_mixin.py:190} INFO - [线程 Consumer_0] ✅ Playwright执行完成，返回结果: {'role_name': '王楠', 'role_key': '309481', 'role_sort': '575024', 'remark': '陕西省潮州市崇文郑州路U座 169253'}
[2026-02-28T20:44:24.483+0800] {logging_mixin.py:190} INFO - [Consumer_0] Playwright执行结果: {'role_name': '王楠', 'role_key': '309481', 'role_sort': '575024', 'remark': '陕西省潮州市崇文郑州路U座 169253'}
[2026-02-28T20:44:24.484+0800] {logging_mixin.py:190} INFO - [Consumer_0] 正则替换结果: [{"k": "select count(*) as qty from sys_role where role_name='王楠'", "v": 1}]
[2026-02-28T20:44:24.485+0800] {logging_mixin.py:190} INFO - [Consumer_0] 解析后的验证数据: [{'k': "select count(*) as qty from sys_role where role_name='王楠'", 'v': 1}]
[2026-02-28T20:44:24.496+0800] {logging_mixin.py:190} INFO - [Consumer_0] ✅ 通过校验 {'k': "select count(*) as qty from sys_role where role_name='王楠'", 'v': 1}
[2026-02-28T20:44:24.546+0800] {logging_mixin.py:190} INFO - [Consumer_0] 正则替换结果: [["delete from sys_role where role_name='王楠' and role_sort='575024'"]]
[2026-02-28T20:44:24.547+0800] {logging_mixin.py:190} INFO - [Consumer_0] 解析后的验证数据: [["delete from sys_role where role_name='王楠' and role_sort='575024'"]]
[2026-02-28T20:44:24.559+0800] {logging_mixin.py:190} INFO - [Consumer_0] ✅ 后置操作 delete from sys_role where role_name='王楠' and role_sort='575024'
[2026-02-28T20:44:24.612+0800] {logging_mixin.py:190} INFO - [Consumer_0] 开始执行测试用例: 系统管理/角色管理/编辑角色.py
[2026-02-28T20:44:24.612+0800] {logging_mixin.py:190} INFO - [线程 Consumer_0] 准备执行Playwright脚本: /Users/linghuchong/Downloads/51/Python/project/instance/zyjk/CDRD/web/系统管理/角色管理/编辑角色.py
[2026-02-28T20:44:24.659+0800] {logging_mixin.py:190} INFO - [线程 Consumer_0] ✅ 找到run_playwright函数，开始执行...
[2026-02-28T20:44:25.245+0800] {logging_mixin.py:190} INFO - [线程 Consumer_1] ❌ 执行失败: Target page, context or browser has been closed
[2026-02-28T20:44:25.246+0800] {logging_mixin.py:190} WARNING - Traceback (most recent call last):
[2026-02-28T20:44:25.246+0800] {logging_mixin.py:190} WARNING -   File "/Users/linghuchong/Downloads/51/Python/project/instance/airflow284/dags/tag_CDRD/系统管理/角色管理/dag_新增角色_编辑角色_并.py", line 224, in _execute_playwright_script
    result = module.run_playwright()
[2026-02-28T20:44:25.247+0800] {logging_mixin.py:190} WARNING -   File "/Users/linghuchong/Downloads/51/Python/project/instance/zyjk/CDRD/web/系统管理/角色管理/新增角色.py", line 100, in run_playwright
    page.get_by_text("系统管理").click()
[2026-02-28T20:44:25.247+0800] {logging_mixin.py:190} WARNING -   File "/Users/linghuchong/miniconda3/envs/py310/lib/python3.10/site-packages/playwright/sync_api/_generated.py", line 15784, in click
    self._sync(
[2026-02-28T20:44:25.248+0800] {logging_mixin.py:190} WARNING -   File "/Users/linghuchong/miniconda3/envs/py310/lib/python3.10/site-packages/playwright/_impl/_sync_base.py", line 115, in _sync
    return task.result()
[2026-02-28T20:44:25.248+0800] {logging_mixin.py:190} WARNING -   File "/Users/linghuchong/miniconda3/envs/py310/lib/python3.10/site-packages/playwright/_impl/_locator.py", line 159, in click
    return await self._frame.click(self._selector, strict=True, **params)
[2026-02-28T20:44:25.249+0800] {logging_mixin.py:190} WARNING -   File "/Users/linghuchong/miniconda3/envs/py310/lib/python3.10/site-packages/playwright/_impl/_frame.py", line 484, in click
    await self._channel.send("click", locals_to_params(locals()))
[2026-02-28T20:44:25.250+0800] {logging_mixin.py:190} WARNING -   File "/Users/linghuchong/miniconda3/envs/py310/lib/python3.10/site-packages/playwright/_impl/_connection.py", line 62, in send
    return await self._connection.wrap_api_call(
[2026-02-28T20:44:25.250+0800] {logging_mixin.py:190} WARNING -   File "/Users/linghuchong/miniconda3/envs/py310/lib/python3.10/site-packages/playwright/_impl/_connection.py", line 492, in wrap_api_call
    return await cb()
[2026-02-28T20:44:25.251+0800] {logging_mixin.py:190} WARNING -   File "/Users/linghuchong/miniconda3/envs/py310/lib/python3.10/site-packages/playwright/_impl/_connection.py", line 100, in inner_send
    result = next(iter(done)).result()
[2026-02-28T20:44:25.251+0800] {logging_mixin.py:190} WARNING - playwright._impl._errors.TargetClosedError: Target page, context or browser has been closed
[2026-02-28T20:44:25.251+0800] {logging_mixin.py:190} INFO - [Consumer_1] Playwright执行结果: None
[2026-02-28T20:44:25.252+0800] {logging_mixin.py:190} INFO - [Consumer_1] ❌ Playwright执行失败，测试用例失败
[2026-02-28T20:44:27.648+0800] {logging_mixin.py:190} INFO - [线程 Consumer_0] ❌ 执行失败: Target page, context or browser has been closed
[2026-02-28T20:44:27.648+0800] {logging_mixin.py:190} WARNING - Traceback (most recent call last):
[2026-02-28T20:44:27.649+0800] {logging_mixin.py:190} WARNING -   File "/Users/linghuchong/Downloads/51/Python/project/instance/airflow284/dags/tag_CDRD/系统管理/角色管理/dag_新增角色_编辑角色_并.py", line 224, in _execute_playwright_script
    result = module.run_playwright()
[2026-02-28T20:44:27.650+0800] {logging_mixin.py:190} WARNING -   File "/Users/linghuchong/Downloads/51/Python/project/instance/zyjk/CDRD/web/系统管理/角色管理/编辑角色.py", line 99, in run_playwright
    page.get_by_text("系统管理").click()
[2026-02-28T20:44:27.650+0800] {logging_mixin.py:190} WARNING -   File "/Users/linghuchong/miniconda3/envs/py310/lib/python3.10/site-packages/playwright/sync_api/_generated.py", line 15784, in click
    self._sync(
[2026-02-28T20:44:27.651+0800] {logging_mixin.py:190} WARNING -   File "/Users/linghuchong/miniconda3/envs/py310/lib/python3.10/site-packages/playwright/_impl/_sync_base.py", line 115, in _sync
    return task.result()
[2026-02-28T20:44:27.651+0800] {logging_mixin.py:190} WARNING -   File "/Users/linghuchong/miniconda3/envs/py310/lib/python3.10/site-packages/playwright/_impl/_locator.py", line 159, in click
    return await self._frame.click(self._selector, strict=True, **params)
[2026-02-28T20:44:27.652+0800] {logging_mixin.py:190} WARNING -   File "/Users/linghuchong/miniconda3/envs/py310/lib/python3.10/site-packages/playwright/_impl/_frame.py", line 484, in click
    await self._channel.send("click", locals_to_params(locals()))
[2026-02-28T20:44:27.652+0800] {logging_mixin.py:190} WARNING -   File "/Users/linghuchong/miniconda3/envs/py310/lib/python3.10/site-packages/playwright/_impl/_connection.py", line 62, in send
    return await self._connection.wrap_api_call(
[2026-02-28T20:44:27.653+0800] {logging_mixin.py:190} WARNING -   File "/Users/linghuchong/miniconda3/envs/py310/lib/python3.10/site-packages/playwright/_impl/_connection.py", line 492, in wrap_api_call
    return await cb()
[2026-02-28T20:44:27.653+0800] {logging_mixin.py:190} WARNING -   File "/Users/linghuchong/miniconda3/envs/py310/lib/python3.10/site-packages/playwright/_impl/_connection.py", line 100, in inner_send
    result = next(iter(done)).result()
[2026-02-28T20:44:27.653+0800] {logging_mixin.py:190} WARNING - playwright._impl._errors.TargetClosedError: Target page, context or browser has been closed
[2026-02-28T20:44:27.654+0800] {logging_mixin.py:190} INFO - [Consumer_0] Playwright执行结果: None
[2026-02-28T20:44:27.654+0800] {logging_mixin.py:190} INFO - [Consumer_0] ❌ Playwright执行失败，测试用例失败
[2026-02-28T20:44:27.663+0800] {taskinstance.py:349} INFO - ::group::Post task execution logs
[2026-02-28T20:44:27.664+0800] {taskinstance.py:361} INFO - Marking task as SUCCESS. dag_id=cdrd_新增角色_编辑角色_并, task_id=并行执行消费者, run_id=manual__2026-02-28T12:43:54.229530+00:00, execution_date=20260228T124354, start_date=20260228T124416, end_date=20260228T124427
[2026-02-28T20:44:27.704+0800] {local_task_job_runner.py:266} INFO - Task exited with return code 0
[2026-02-28T20:44:27.724+0800] {taskinstance.py:3924} INFO - 0 downstream tasks scheduled from follow-on schedule check
[2026-02-28T20:44:27.724+0800] {local_task_job_runner.py:245} INFO - ::endgroup::
