[2026-02-13T22:14:02.122+0800] {local_task_job_runner.py:123} INFO - ::group::Pre task execution logs
[2026-02-13T22:14:02.134+0800] {taskinstance.py:2631} INFO - Dependencies all met for dep_context=non-requeueable deps ti=<TaskInstance: producer_dagRun_sync.producer_dagRun_read_data manual__2026-02-13T14:13:57.660372+00:00 [queued]>
[2026-02-13T22:14:02.139+0800] {taskinstance.py:2631} INFO - Dependencies all met for dep_context=requeueable deps ti=<TaskInstance: producer_dagRun_sync.producer_dagRun_read_data manual__2026-02-13T14:13:57.660372+00:00 [queued]>
[2026-02-13T22:14:02.139+0800] {taskinstance.py:2884} INFO - Starting attempt 1 of 1
[2026-02-13T22:14:02.151+0800] {taskinstance.py:2907} INFO - Executing <Task(PythonOperator): producer_dagRun_read_data> on 2026-02-13 14:13:57.660372+00:00
[2026-02-13T22:14:02.154+0800] {standard_task_runner.py:72} INFO - Started process 7044 to run task
[2026-02-13T22:14:02.160+0800] {standard_task_runner.py:104} INFO - Running: ['airflow', 'tasks', 'run', 'producer_dagRun_sync', 'producer_dagRun_read_data', 'manual__2026-02-13T14:13:57.660372+00:00', '--job-id', '89', '--raw', '--subdir', 'DAGS_FOLDER/producer_consumer /dataset_dagRun.py', '--cfg-path', '/var/folders/f7/4z7jtb213fs0mtgbw_0vs2600000gn/T/tmppm79i7js']
[2026-02-13T22:14:02.164+0800] {standard_task_runner.py:105} INFO - Job 89: Subtask producer_dagRun_read_data
[2026-02-13T22:14:02.206+0800] {task_command.py:467} INFO - Running <TaskInstance: producer_dagRun_sync.producer_dagRun_read_data manual__2026-02-13T14:13:57.660372+00:00 [running]> on host localhost-2.local
[2026-02-13T22:14:02.432+0800] {taskinstance.py:3157} INFO - Exporting env vars: AIRFLOW_CTX_DAG_OWNER='airflow' AIRFLOW_CTX_DAG_ID='producer_dagRun_sync' AIRFLOW_CTX_TASK_ID='producer_dagRun_read_data' AIRFLOW_CTX_EXECUTION_DATE='2026-02-13T14:13:57.660372+00:00' AIRFLOW_CTX_TRY_NUMBER='1' AIRFLOW_CTX_DAG_RUN_ID='manual__2026-02-13T14:13:57.660372+00:00'
[2026-02-13T22:14:02.434+0800] {taskinstance.py:740} INFO - ::endgroup::
[2026-02-13T22:14:02.447+0800] {logging_mixin.py:190} INFO - 开始同步订单数据...
[2026-02-13T22:14:02.448+0800] {logging_mixin.py:190} INFO - 订单数据同步完成！已更新 dw_order 表
[2026-02-13T22:14:02.448+0800] {logging_mixin.py:190} INFO - ✅ MySQL 连接成功！测试查询结果: ('64',)
[2026-02-13T22:14:02.449+0800] {python.py:240} INFO - Done. Returned value was: ('64',)
[2026-02-13T22:14:02.466+0800] {taskinstance.py:349} INFO - ::group::Post task execution logs
[2026-02-13T22:14:02.467+0800] {taskinstance.py:361} INFO - Marking task as SUCCESS. dag_id=producer_dagRun_sync, task_id=producer_dagRun_read_data, run_id=manual__2026-02-13T14:13:57.660372+00:00, execution_date=20260213T141357, start_date=20260213T141402, end_date=20260213T141402
[2026-02-13T22:14:02.517+0800] {local_task_job_runner.py:266} INFO - Task exited with return code 0
[2026-02-13T22:14:02.534+0800] {taskinstance.py:3924} INFO - 0 downstream tasks scheduled from follow-on schedule check
[2026-02-13T22:14:02.534+0800] {local_task_job_runner.py:245} INFO - ::endgroup::
