2025-03-19 17:28:41,464 - ERROR - 失败 =>{'operate': '查看', 'option': {'活动地点': '招远金都百货'}}
2025-03-19 17:29:22,216 - INFO - {'operate': '查看', 'option': {'主讲人': '李涛'}}
2025-03-19 17:36:28,703 - INFO - {'operate': '新增', 'data': {'活动时间': [2025, 1, 3], '活动地点': '上海', '活动形式': '开展咨询活动', '活动主题': '普法宣传', '活动人数': '12', '组织者': '白嫖', '主讲人': '阿依达', '主讲人单位': '上海白月光公司', '职称': '专家', '接受健康教育人员类别': '妇女', '健康教育资源发放种类': '音像资料', '健康教育资源发放数量': '12', '活动内容': '宣传教育', '活动总结评价': '良好', '存档资料类型': [['图片', '签到表'], ['/Users/linghuchong/Desktop/16.jpg', '/Users/linghuchong/Desktop/17.jpg']], '填表人': 'test1', '负责人': 'jh', '填表时间': [2025, 3, 4]}}
2025-03-19 17:43:43,363 - INFO - {'operate': '查看', 'option': {'主讲人': '李涛'}}
2025-03-19 17:43:55,807 - ERROR - 失败 =>{'operate': '编辑', 'data': {'活动时间': [2025, 1, 3], '活动地点': '上海', '活动形式': '开展咨询活动', '活动主题': '普法宣传', '活动人数': '12', '组织者': '白嫖', '主讲人': '阿依达', '主讲人单位': '上海白月光公司', '职称': '专家', '接受健康教育人员类别': '妇女', '健康教育资源发放种类': '音像资料', '健康教育资源发放数量': '12', '活动内容': '宣传教育', '活动总结评价': '良好', '存档资料类型': [['图片', '签到表'], ['/Users/linghuchong/Desktop/16.jpg', '/Users/linghuchong/Desktop/17.jpg']], '填表人': 'test1', '负责人': 'jh', '填表时间': [2025, 3, 4]}}
2025-03-19 17:44:58,868 - INFO - {'operate': '查看', 'option': {'主讲人': '阿依达'}}
2025-03-19 17:45:11,307 - ERROR - 失败 =>{'operate': '编辑', 'data': {'活动时间': [2025, 1, 3], '活动地点': '上海', '活动形式': '开展咨询活动', '活动主题': '普法宣传', '活动人数': '12', '组织者': '白嫖', '主讲人': '阿依达', '主讲人单位': '上海白月光公司', '职称': '专家', '接受健康教育人员类别': '妇女', '健康教育资源发放种类': '音像资料', '健康教育资源发放数量': '12', '活动内容': '宣传教育', '活动总结评价': '良好', '存档资料类型': [['图片', '签到表'], ['/Users/linghuchong/Desktop/16.jpg', '/Users/linghuchong/Desktop/17.jpg']], '填表人': 'test1', '负责人': 'jh', '填表时间': [2025, 3, 4]}}
2025-03-19 17:45:55,403 - INFO - {'operate': '查看', 'option': {'主讲人': '阿依达'}}
2025-03-19 17:46:22,274 - ERROR - 失败 =>{'operate': '编辑', 'data': {'活动时间': [2025, 1, 3], '活动地点': '上海', '活动形式': '开展咨询活动', '活动主题': '普法宣传', '活动人数': '12', '组织者': '白嫖', '主讲人': '阿依达', '主讲人单位': '上海白月光公司', '职称': '专家', '接受健康教育人员类别': '妇女', '健康教育资源发放种类': '音像资料', '健康教育资源发放数量': '12', '活动内容': '宣传教育', '活动总结评价': '良好', '存档资料类型': [['图片', '签到表'], ['/Users/linghuchong/Desktop/16.jpg', '/Users/linghuchong/Desktop/17.jpg']], '填表人': 'test1', '负责人': 'jh', '填表时间': [2025, 3, 4]}}
2025-03-19 17:47:46,902 - INFO - {'operate': '查看', 'option': {'主讲人': '阿依达'}}
2025-03-19 17:47:49,157 - ERROR - 失败 =>{'operate': '编辑', 'data': {'存档资料类型': [['印刷', '其他资料'], ['/Users/linghuchong/Desktop/16.jpg', '/Users/linghuchong/Desktop/17.jpg']], '填表人': 'test1', '负责人': 'jh', '填表时间': [2025, 3, 4]}}
2025-03-19 17:51:28,201 - INFO - {'operate': '查看', 'option': {'主讲人': '阿依达'}}
2025-03-19 17:51:30,447 - ERROR - 失败 =>{'operate': '编辑', 'data': {'存档资料类型': [['印刷', '其他资料'], ['/Users/linghuchong/Desktop/16.jpg', '/Users/linghuchong/Desktop/17.jpg']], '填表人': 'test1', '负责人': 'jh', '填表时间': [2025, 3, 4]}}
2025-03-19 17:54:03,482 - INFO - {'operate': '查看', 'option': {'主讲人': '阿依达'}}
2025-03-19 17:54:05,730 - ERROR - 失败 =>{'operate': '编辑', 'data': {'存档资料类型': [['印刷', '其他资料'], ['/Users/linghuchong/Desktop/16.jpg', '/Users/linghuchong/Desktop/17.jpg']], '填表人': 'test1', '负责人': 'jh', '填表时间': [2025, 3, 4]}}
2025-03-19 17:57:12,234 - INFO - {'operate': '查看', 'option': {'主讲人': '阿依达'}}
2025-03-19 17:57:14,476 - ERROR - 失败 =>{'operate': '编辑', 'data': {'存档资料类型': [['印刷', '其他资料'], ['/Users/linghuchong/Desktop/16.jpg', '/Users/linghuchong/Desktop/17.jpg']], '填表人': 'test1', '负责人': 'jh', '填表时间': [2025, 3, 4]}}
2025-03-19 17:58:56,380 - INFO - {'operate': '查看', 'option': {'主讲人': '阿依达'}}
2025-03-19 17:58:58,643 - ERROR - 失败 =>{'operate': '编辑', 'data': {'存档资料类型': [['印刷', '其他资料'], ['/Users/linghuchong/Desktop/16.jpg', '/Users/linghuchong/Desktop/17.jpg']], '填表人': 'test1', '负责人': 'jh', '填表时间': [2025, 3, 4]}}
2025-03-19 18:00:04,536 - INFO - {'operate': '查看', 'option': {'主讲人': '阿依达'}}
2025-03-19 18:00:06,803 - ERROR - 失败 =>{'operate': '编辑', 'data': {'存档资料类型': [['印刷', '其他资料'], ['/Users/linghuchong/Desktop/16.jpg', '/Users/linghuchong/Desktop/17.jpg']], '填表人': 'test1', '负责人': 'jh', '填表时间': [2025, 3, 4]}}
2025-03-19 18:00:41,158 - INFO - {'operate': '查看', 'option': {'主讲人': '阿依达'}}
2025-03-19 18:00:43,454 - ERROR - 失败 =>{'operate': '编辑', 'data': {'存档资料类型': [['印刷', '其他资料'], ['/Users/linghuchong/Desktop/16.jpg', '/Users/linghuchong/Desktop/17.jpg']], '填表人': 'test1', '负责人': 'jh', '填表时间': [2025, 3, 4]}}
2025-03-19 18:01:44,956 - INFO - {'operate': '查看', 'option': {'主讲人': '阿依达'}}
2025-03-19 18:01:53,549 - ERROR - 失败 =>{'operate': '编辑', 'data': {'存档资料类型': [['印刷', '其他资料'], ['/Users/linghuchong/Desktop/16.jpg', '/Users/linghuchong/Desktop/17.jpg']], '填表人': 'test1', '负责人': 'jh', '填表时间': [2025, 3, 4]}}
2025-03-20 08:58:40,896 - INFO - {'operate': '查看', 'option': {'主讲人': '阿依达'}}
2025-03-20 08:58:53,957 - INFO - {'operate': '编辑', 'data': {'填表人': 'test1', '负责人': 'jh', '填表时间': [2025, 3, 4]}}
2025-03-20 09:09:40,811 - INFO - {'operate': '查看', 'option': {'主讲人': '阿依达'}}
2025-03-20 09:09:53,873 - INFO - {'operate': '编辑', 'data': {'填表人': 'test1', '负责人': 'jh', '填表时间': [2025, 3, 4]}}
2025-03-20 09:15:06,717 - INFO - {'operate': '查看', 'option': {'主讲人': '阿依达'}}
2025-03-20 09:15:19,803 - INFO - {'operate': '编辑', 'data': {'填表人': 'test1', '负责人': 'jh', '填表时间': [2025, 3, 4]}}
2025-03-20 09:16:42,130 - INFO - {'operate': '查看', 'option': {'主讲人': '阿依达'}}
2025-03-20 09:17:12,460 - INFO - Received signal: SIGINT
2025-03-20 09:17:12,461 - INFO - Program is terminating...
2025-03-20 09:17:21,076 - WARNING - Retrying (Retry(total=2, connect=None, read=None, redirect=None, status=None)) after connection broken by 'NewConnectionError('<urllib3.connection.HTTPConnection object at 0x7fa9c4b1a710>: Failed to establish a new connection: [Errno 61] Connection refused')': /session/0bab2a634ffd0611a1ef17521a057aee/element/f.0E93A6952301D58A31C62924BFCD82C1.d.1D280FC4235E632AA9F0556937079532.e.584/element
2025-03-20 09:17:21,080 - WARNING - Retrying (Retry(total=1, connect=None, read=None, redirect=None, status=None)) after connection broken by 'NewConnectionError('<urllib3.connection.HTTPConnection object at 0x7fa9c4b716c0>: Failed to establish a new connection: [Errno 61] Connection refused')': /session/0bab2a634ffd0611a1ef17521a057aee/element/f.0E93A6952301D58A31C62924BFCD82C1.d.1D280FC4235E632AA9F0556937079532.e.584/element
2025-03-20 09:17:21,085 - WARNING - Retrying (Retry(total=0, connect=None, read=None, redirect=None, status=None)) after connection broken by 'NewConnectionError('<urllib3.connection.HTTPConnection object at 0x7fa9c4b71db0>: Failed to establish a new connection: [Errno 61] Connection refused')': /session/0bab2a634ffd0611a1ef17521a057aee/element/f.0E93A6952301D58A31C62924BFCD82C1.d.1D280FC4235E632AA9F0556937079532.e.584/element
2025-03-20 09:17:21,094 - WARNING - Retrying (Retry(total=2, connect=None, read=None, redirect=None, status=None)) after connection broken by 'NewConnectionError('<urllib3.connection.HTTPConnection object at 0x7fa9c4b72020>: Failed to establish a new connection: [Errno 61] Connection refused')': /session/0bab2a634ffd0611a1ef17521a057aee/element/f.0E93A6952301D58A31C62924BFCD82C1.d.1D280FC4235E632AA9F0556937079532.e.584/element
2025-03-20 09:17:21,099 - WARNING - Retrying (Retry(total=1, connect=None, read=None, redirect=None, status=None)) after connection broken by 'NewConnectionError('<urllib3.connection.HTTPConnection object at 0x7fa9c4b72260>: Failed to establish a new connection: [Errno 61] Connection refused')': /session/0bab2a634ffd0611a1ef17521a057aee/element/f.0E93A6952301D58A31C62924BFCD82C1.d.1D280FC4235E632AA9F0556937079532.e.584/element
2025-03-20 09:17:21,102 - WARNING - Retrying (Retry(total=0, connect=None, read=None, redirect=None, status=None)) after connection broken by 'NewConnectionError('<urllib3.connection.HTTPConnection object at 0x7fa9c4b72560>: Failed to establish a new connection: [Errno 61] Connection refused')': /session/0bab2a634ffd0611a1ef17521a057aee/element/f.0E93A6952301D58A31C62924BFCD82C1.d.1D280FC4235E632AA9F0556937079532.e.584/element
2025-03-20 09:17:21,109 - WARNING - Retrying (Retry(total=2, connect=None, read=None, redirect=None, status=None)) after connection broken by 'NewConnectionError('<urllib3.connection.HTTPConnection object at 0x7fa9c4b72770>: Failed to establish a new connection: [Errno 61] Connection refused')': /session/0bab2a634ffd0611a1ef17521a057aee/element/f.0E93A6952301D58A31C62924BFCD82C1.d.1D280FC4235E632AA9F0556937079532.e.584/element
2025-03-20 09:17:21,114 - WARNING - Retrying (Retry(total=1, connect=None, read=None, redirect=None, status=None)) after connection broken by 'NewConnectionError('<urllib3.connection.HTTPConnection object at 0x7fa9c4b729e0>: Failed to establish a new connection: [Errno 61] Connection refused')': /session/0bab2a634ffd0611a1ef17521a057aee/element/f.0E93A6952301D58A31C62924BFCD82C1.d.1D280FC4235E632AA9F0556937079532.e.584/element
2025-03-20 09:17:21,117 - WARNING - Retrying (Retry(total=0, connect=None, read=None, redirect=None, status=None)) after connection broken by 'NewConnectionError('<urllib3.connection.HTTPConnection object at 0x7fa9c4b72b90>: Failed to establish a new connection: [Errno 61] Connection refused')': /session/0bab2a634ffd0611a1ef17521a057aee/element/f.0E93A6952301D58A31C62924BFCD82C1.d.1D280FC4235E632AA9F0556937079532.e.584/element
2025-03-20 09:17:21,124 - WARNING - Retrying (Retry(total=2, connect=None, read=None, redirect=None, status=None)) after connection broken by 'NewConnectionError('<urllib3.connection.HTTPConnection object at 0x7fa9c4b72e00>: Failed to establish a new connection: [Errno 61] Connection refused')': /session/0bab2a634ffd0611a1ef17521a057aee/element/f.0E93A6952301D58A31C62924BFCD82C1.d.1D280FC4235E632AA9F0556937079532.e.584/element
2025-03-20 09:17:21,131 - WARNING - Retrying (Retry(total=1, connect=None, read=None, redirect=None, status=None)) after connection broken by 'NewConnectionError('<urllib3.connection.HTTPConnection object at 0x7fa9c4b73070>: Failed to establish a new connection: [Errno 61] Connection refused')': /session/0bab2a634ffd0611a1ef17521a057aee/element/f.0E93A6952301D58A31C62924BFCD82C1.d.1D280FC4235E632AA9F0556937079532.e.584/element
2025-03-20 09:17:21,134 - WARNING - Retrying (Retry(total=0, connect=None, read=None, redirect=None, status=None)) after connection broken by 'NewConnectionError('<urllib3.connection.HTTPConnection object at 0x7fa9c4b73220>: Failed to establish a new connection: [Errno 61] Connection refused')': /session/0bab2a634ffd0611a1ef17521a057aee/element/f.0E93A6952301D58A31C62924BFCD82C1.d.1D280FC4235E632AA9F0556937079532.e.584/element
2025-03-20 09:17:21,144 - WARNING - Retrying (Retry(total=2, connect=None, read=None, redirect=None, status=None)) after connection broken by 'NewConnectionError('<urllib3.connection.HTTPConnection object at 0x7fa9c4b73490>: Failed to establish a new connection: [Errno 61] Connection refused')': /session/0bab2a634ffd0611a1ef17521a057aee/element/f.0E93A6952301D58A31C62924BFCD82C1.d.1D280FC4235E632AA9F0556937079532.e.584/element
2025-03-20 09:17:21,152 - WARNING - Retrying (Retry(total=1, connect=None, read=None, redirect=None, status=None)) after connection broken by 'NewConnectionError('<urllib3.connection.HTTPConnection object at 0x7fa9c4b73700>: Failed to establish a new connection: [Errno 61] Connection refused')': /session/0bab2a634ffd0611a1ef17521a057aee/element/f.0E93A6952301D58A31C62924BFCD82C1.d.1D280FC4235E632AA9F0556937079532.e.584/element
2025-03-20 09:17:21,154 - WARNING - Retrying (Retry(total=0, connect=None, read=None, redirect=None, status=None)) after connection broken by 'NewConnectionError('<urllib3.connection.HTTPConnection object at 0x7fa9c4b738b0>: Failed to establish a new connection: [Errno 61] Connection refused')': /session/0bab2a634ffd0611a1ef17521a057aee/element/f.0E93A6952301D58A31C62924BFCD82C1.d.1D280FC4235E632AA9F0556937079532.e.584/element
2025-03-20 09:17:21,158 - ERROR - 失败 =>{'operate': '编辑', 'data': {'存档资料类型': [['印刷', '其他资料'], ['/Users/linghuchong/Desktop/16.jpg', '/Users/linghuchong/Desktop/17.jpg']], '填表人': 'test1', '负责人': 'jh', '填表时间': [2025, 3, 4]}}
2025-03-20 09:20:31,361 - INFO - {'operate': '查看', 'option': {'主讲人': '阿依达'}}
2025-03-20 09:20:39,947 - ERROR - 失败 =>{'operate': '编辑', 'data': {'存档资料类型': [['印刷', '其他资料'], ['/Users/linghuchong/Desktop/16.jpg', '/Users/linghuchong/Desktop/17.jpg']], '填表人': 'test1', '负责人': 'jh', '填表时间': [2025, 3, 4]}}
2025-03-20 09:21:33,571 - INFO - {'operate': '查看', 'option': {'主讲人': '阿依达'}}
2025-03-20 09:23:12,849 - INFO - Received signal: SIGINT
2025-03-20 09:23:12,849 - INFO - Program is terminating...
2025-03-20 09:23:52,517 - INFO - {'operate': '查看', 'option': {'主讲人': '阿依达'}}
2025-03-20 09:24:56,273 - INFO - {'operate': '编辑', 'data': {'存档资料类型': [['印刷', '其他资料'], ['/Users/linghuchong/Desktop/16.jpg', '/Users/linghuchong/Desktop/17.jpg']], '填表人': 'test1', '负责人': 'jh', '填表时间': [2025, 3, 4]}}
2025-03-20 09:34:29,733 - INFO - {'operate': '查看', 'option': {'主讲人': '阿依达'}}
2025-03-20 09:34:38,936 - ERROR - 失败 =>{'operate': '编辑', 'data': {'存档资料类型': [['印刷', '其他资料'], ['/Users/linghuchong/Desktop/16.jpg', '/Users/linghuchong/Desktop/17.jpg']], '填表人': 'test1', '负责人': 'jh', '填表时间': [2025, 3, 4]}}
2025-03-20 09:37:57,266 - INFO - {'operate': '查看', 'option': {'主讲人': '阿依达'}}
2025-03-20 09:38:06,471 - ERROR - 失败 =>{'operate': '编辑', 'data': {'存档资料类型': [['印刷', '其他资料'], ['/Users/linghuchong/Desktop/16.jpg', '/Users/linghuchong/Desktop/17.jpg']], '填表人': 'test1', '负责人': 'jh', '填表时间': [2025, 3, 4]}}
2025-03-20 09:39:49,828 - INFO - {'operate': '查看', 'option': {'主讲人': '阿依达'}}
2025-03-20 09:40:59,549 - ERROR - 失败 =>{'operate': '编辑', 'data': {'存档资料类型': [['印刷', '其他资料'], ['/Users/linghuchong/Desktop/16.jpg', '/Users/linghuchong/Desktop/17.jpg']], '填表人': 'test1', '负责人': 'jh', '填表时间': [2025, 3, 4]}}
2025-03-20 09:42:30,715 - INFO - {'operate': '查看', 'option': {'主讲人': '阿依达'}}
2025-03-20 09:43:37,356 - INFO - {'operate': '编辑', 'data': {'存档资料类型': [['印刷', '其他资料'], ['/Users/linghuchong/Desktop/16.jpg', '/Users/linghuchong/Desktop/17.jpg']], '填表人': 'test1', '负责人': 'jh', '填表时间': [2025, 3, 4]}}
2025-03-20 09:46:26,602 - INFO - {'operate': '查看', 'option': {'主讲人': '阿依达'}}
2025-03-20 09:47:21,694 - INFO - {'operate': '编辑', 'data': {'存档资料类型': [['印刷', '其他资料'], ['/Users/linghuchong/Desktop/16.jpg', '/Users/linghuchong/Desktop/17.jpg']], '填表人': 'test1', '负责人': 'jh', '填表时间': [2025, 3, 4]}}
