2025-03-12 16:52:03,528 - INFO - 查询 => {'姓名': '胡成', '身份证号': '110101195901015999', '上次随访日期': [[2025, 1, 1], [2025, 3, 2]], '管理机构': '招远市卫健局', '是否仅查询机构': '是', '档案状态': '在档', '登记时年龄': [2, 5], '登记日期': [[2025, 2, 2], [2025, 2, 4]], '管理状态': '未结案', '患者类型': '初治', '痰菌情况': '未查痰', '停止治疗原因': '丢失', '随访提醒分类': '常规管理', '随访日期': [[2025, 4, 1], [2025, 4, 2]]}
2025-03-12 16:54:31,012 - ERROR - 查询 => 登记时年龄: [2, 5]
2025-03-12 16:55:14,967 - INFO - 查询 => {'姓名': '胡成', '身份证号': '110101195901015999', '上次随访日期': [[2025, 1, 1], [2025, 3, 2]], '管理机构': '招远市卫健局', '是否仅查询机构': '是', '档案状态': '在档', '登记时年龄': [2, 5], '登记日期': [[2025, 2, 2], [2025, 2, 4]], '管理状态': '未结案', '患者类型': '初治', '痰菌情况': '未查痰', '停止治疗原因': '丢失', '随访提醒分类': '常规管理', '随访日期': [[2025, 4, 1], [2025, 4, 2]]}
2025-03-12 16:58:36,415 - INFO - 查询 => {'姓名': '胡成', '身份证号': '110101195901015999', '上次随访日期': [[2025, 1, 1], [2025, 3, 2]], '管理机构': '招远市卫健局', '是否仅查询机构': '是', '档案状态': '在档', '登记时年龄': [2, 5], '登记日期': [[2025, 2, 2], [2025, 2, 4]], '管理状态': '未结案', '患者类型': '初治', '痰菌情况': '未查痰', '停止治疗原因': '丢失', '随访提醒分类': '常规管理', '随访日期': [[2025, 4, 1], [2025, 4, 2]]}
2025-03-12 16:59:06,408 - INFO - 查询 => {'姓名': '老人'}
2025-03-12 17:00:43,373 - INFO - 查询 => {'姓名': '阳'}
2025-03-12 17:00:48,007 - ERROR - 失败 =>{'operate': '访视记录', 'option': {'联系电话': '13717727272'}}
2025-03-12 17:12:22,065 - INFO - 查询 => {'姓名': '阳'}
2025-03-12 17:12:28,864 - INFO - {'operate': '访视记录', 'option': {'联系电话': '13717727272'}}
2025-03-12 17:23:37,972 - INFO - 查询 => {'姓名': '阳'}
2025-03-12 17:23:44,723 - INFO - {'operate': '访视记录', 'option': {'联系电话': '13717727272'}}
2025-03-12 17:26:53,947 - INFO - 查询 => {'姓名': '阳'}
2025-03-12 17:27:00,756 - INFO - {'operate': '访视记录', 'option': {'联系电话': '13717727272'}}
2025-03-12 17:35:57,191 - INFO - 查询 => {'姓名': '阳'}
2025-03-12 17:36:04,024 - INFO - {'operate': '访视记录', 'option': {'联系电话': '13717727272'}}
2025-03-12 17:36:19,024 - ERROR - 失败 =>{'operate': '编辑', 'data': {'随访日期': [2025, 1, 2], '随访方式': '家庭', '患者类型': '复治', '痰菌情况': '阴性', '耐药情况': '未检测', '症状及体征': ['咳嗽咳痰', {'其他': '123'}], '用药': {'化疗方案': '12', '用法': '间歇', '药品剂型': '注射剂'}, '督导人员选择': {'其他': '555'}, '家庭居住环境': {'单独的居室': '有', '通风情况': '差'}, '生活方式评估': {'吸烟': [1, 3], '饮酒': [4, 6]}, '健康教育及培训': {'取药地点、时间': ['上海家里', [2025, 3, 4]], '服药记录卡的填写': '未掌握', '服药方法及药品存放': '未掌握', '肺结核治疗疗程': '未掌握', '不规律服药危害': '未掌握', '服药后不良反应及处理': '未掌握', '治疗期间复诊查痰': '未掌握', '外出期间如何坚持服药': '未掌握', '生活习惯及注意事项': '未掌握', '密切接触者检查': '未掌握'}, '下次随访日期': [2025, 3, 5], '随访医生': '金浩1', '患者（家属）签字': 'zhanzhang'}}
2025-03-13 08:36:22,127 - INFO - 查询 => {'姓名': '阳'}
2025-03-13 08:36:28,979 - INFO - {'operate': '访视记录', 'option': {'联系电话': '13717727272'}}
2025-03-13 08:36:42,152 - ERROR - 失败 =>{'operate': '历次随访之新增随访', 'data': {'随访日期': [2025, 1, 2], '治疗月序': '12', '督导人员选择': '其他', '随访方式': '家庭', '症状及体征': ['咳嗽咳痰', {'其他': '123'}], '生活方式评估': {'吸烟': [1, 3], '饮酒': [4, 6]}, '用药': {'化疗方案': '12', '用法': '间歇', '药品剂型': '注射剂', '漏服药次数': '12'}, '药物不良反应': {'有': '123'}, '并发症或合并症': {'有': '12333'}, '转诊': {'有': 'ddd'}, '原因': '343', '2周内随访,随访结果': 'ggg', '处理意见': '退热贴', '是否停止治疗': '是', '停止治疗及原因': {'出现停止治疗时间': [2025, 1, 2], '停止治疗原因': '完成疗程'}, '全程管理情况': {'应访视患者': '3', '实际访视': '4', '患者在疗程,应服药': '5', '实际服药': '66', '评估医生签名': '金浩1'}, '下次随访日期': [2025, 3, 5], '随访医生签名': '1', '患者（家属）签字': 'zhanzhang'}}
2025-03-13 08:52:16,840 - INFO - 查询 => {'姓名': '阳'}
2025-03-13 08:52:23,712 - INFO - {'operate': '访视记录', 'option': {'联系电话': '13717727272'}}
2025-03-13 08:52:38,112 - ERROR - 失败 =>{'operate': '历次随访之新增随访', 'data': {'随访日期': [2025, 1, 2], '治疗月序': '12', '督导人员选择': '其他', '随访方式': '家庭', '症状及体征': ['咳嗽咳痰', {'其他': '123'}], '生活方式评估': {'吸烟': [1, 3], '饮酒': [4, 6]}, '用药': {'化疗方案': '12', '用法': '间歇', '药品剂型': '注射剂', '漏服药次数': '12'}, '药物不良反应': {'有': '123'}, '并发症或合并症': {'有': '12333'}, '转诊': {'转诊': '有', '机构及科别': '阿里机构', '原因': '343', '2周内随访,随访结果': 'ggg'}, '处理意见': '退热贴', '是否停止治疗': '是', '停止治疗及原因': {'出现停止治疗时间': [2025, 1, 2], '停止治疗原因': '完成疗程'}, '全程管理情况': {'应访视患者': '3', '实际访视': '4', '患者在疗程,应服药': '5', '实际服药': '66', '评估医生签名': '金浩1'}, '下次随访日期': [2025, 3, 5], '随访医生签名': '1', '患者（家属）签字': 'zhanzhang'}}
2025-03-13 08:55:43,376 - INFO - 查询 => {'姓名': '阳'}
2025-03-13 08:55:50,177 - INFO - {'operate': '访视记录', 'option': {'联系电话': '13717727272'}}
2025-03-13 08:56:05,699 - ERROR - 失败 =>{'operate': '历次随访之新增随访', 'data': {'随访日期': [2025, 1, 2], '治疗月序': '12', '督导人员选择': '其他', '随访方式': '家庭', '症状及体征': ['咳嗽咳痰', {'其他': '123'}], '生活方式评估': {'吸烟': [1, 3], '饮酒': [4, 6]}, '用药': {'化疗方案': '12', '用法': '间歇', '药品剂型': '注射剂', '漏服药次数': '12'}, '药物不良反应': {'有': '123'}, '并发症或合并症': {'有': '12333'}, '转诊': {'转诊': '有', '机构及科别': '阿里机构', '原因': '343', '2周内随访,随访结果': 'ggg'}, '处理意见': '退热贴', '是否停止治疗': '是', '停止治疗及原因': {'出现停止治疗时间': [2025, 1, 2], '停止治疗原因': '完成疗程'}, '全程管理情况': {'应访视患者': '3', '实际访视': '4', '患者在疗程,应服药': '5', '实际服药': '66', '评估医生签名': '金浩1'}, '下次随访日期': [2025, 3, 5], '随访医生签名': '1', '患者（家属）签字': 'zhanzhang'}}
2025-03-13 08:58:09,276 - INFO - 查询 => {'姓名': '阳'}
2025-03-13 08:58:16,084 - INFO - {'operate': '访视记录', 'option': {'联系电话': '13717727272'}}
2025-03-13 08:58:29,156 - ERROR - 失败 =>{'operate': '历次随访之新增随访', 'data': {'随访日期': [2025, 1, 2], '治疗月序': '5', '督导人员选择': '其他', '随访方式': '家庭', '症状及体征': ['咳嗽咳痰', {'其他': '123'}], '生活方式评估': {'吸烟': [1, 3], '饮酒': [4, 6]}, '用药': {'化疗方案': '12', '用法': '间歇', '药品剂型': '注射剂', '漏服药次数': '12'}, '药物不良反应': {'有': '123'}, '并发症或合并症': {'有': '12333'}, '转诊': {'转诊': '有', '机构及科别': '阿里机构', '原因': '343', '2周内随访,随访结果': 'ggg'}, '处理意见': '退热贴', '是否停止治疗': '是', '停止治疗及原因': {'出现停止治疗时间': [2025, 1, 2], '停止治疗原因': '完成疗程'}, '全程管理情况': {'应访视患者': '3', '实际访视': '4', '患者在疗程,应服药': '5', '实际服药': '66', '评估医生签名': '金浩1'}, '下次随访日期': [2025, 3, 5], '随访医生签名': '1', '患者（家属）签字': 'zhanzhang'}}
2025-03-13 09:01:15,023 - INFO - 查询 => {'姓名': '阳'}
2025-03-13 09:01:21,827 - INFO - {'operate': '访视记录', 'option': {'联系电话': '13717727272'}}
2025-03-13 09:01:44,994 - ERROR - 失败 =>{'operate': '历次随访之新增随访', 'data': {'随访日期': [2025, 1, 2], '治疗月序': '5', '督导人员选择': '其他', '随访方式': '家庭', '症状及体征': ['咳嗽咳痰', {'其他': '123'}], '生活方式评估': {'吸烟': [1, 3], '饮酒': [4, 6]}, '用药': {'化疗方案': '12', '用法': '间歇', '药品剂型': '注射剂', '漏服药次数': '12'}, '药物不良反应': {'有': '123'}, '并发症或合并症': {'有': '12333'}, '转诊': {'转诊': '有', '机构及科别': '阿里机构', '原因': '343', '2周内随访,随访结果': 'ggg'}, '处理意见': '退热贴', '是否停止治疗': '是', '停止治疗及原因': {'出现停止治疗时间': [2025, 1, 2], '停止治疗原因': '完成疗程'}, '全程管理情况': {'应访视患者': '3', '实际访视': '4', '患者在疗程,应服药': '5', '实际服药': '66', '评估医生签名': '金浩1'}, '下次随访日期': [2025, 3, 5], '随访医生签名': '1', '患者（家属）签字': 'zhanzhang'}}
2025-03-13 09:08:40,463 - INFO - 查询 => {'姓名': '阳'}
2025-03-13 09:08:47,238 - INFO - {'operate': '访视记录', 'option': {'联系电话': '13717727272'}}
2025-03-13 09:09:12,995 - ERROR - 失败 =>{'operate': '历次随访之新增随访', 'data': {'随访日期': [2025, 1, 2], '治疗月序': '5', '督导人员选择': '其他', '随访方式': '家庭', '症状及体征': ['咳嗽咳痰', {'其他': '123'}], '生活方式评估': {'吸烟': [1, 3], '饮酒': [4, 6]}, '用药': {'化疗方案': '12', '用法': '间歇', '药品剂型': '注射剂', '漏服药次数': '12'}, '药物不良反应': {'有': '123'}, '并发症或合并症': {'有': '12333'}, '转诊': {'转诊': '有', '机构及科别': '阿里机构', '原因': '343', '2周内随访,随访结果': 'ggg'}, '处理意见': '退热贴', '是否停止治疗': '是', '停止治疗及原因': {'出现停止治疗时间': [2025, 1, 2], '停止治疗原因': '完成疗程'}, '全程管理情况': {'应访视患者': '3', '实际访视': '4', '患者在疗程,应服药': '5', '实际服药': '66', '评估医生签名': '金浩1'}, '下次随访日期': [2025, 3, 5], '随访医生签名': '1', '患者（家属）签字': 'zhanzhang'}}
2025-03-13 09:12:36,287 - INFO - 查询 => {'姓名': '阳'}
2025-03-13 09:12:43,091 - INFO - {'operate': '访视记录', 'option': {'联系电话': '13717727272'}}
2025-03-13 09:13:11,308 - ERROR - 失败 =>{'operate': '历次随访之新增随访', 'data': {'随访日期': [2025, 1, 2], '治疗月序': '5', '督导人员选择': '其他', '随访方式': '家庭', '症状及体征': ['咳嗽咳痰', {'其他': '123'}], '生活方式评估': {'吸烟': [1, 3], '饮酒': [4, 6]}, '用药': {'化疗方案': '12', '用法': '间歇', '药品剂型': '注射剂', '漏服药次数': '12'}, '药物不良反应': {'有': '123'}, '并发症或合并症': {'有': '12333'}, '转诊': {'转诊': '有', '机构及科别': '阿里机构', '原因': '343', '2周内随访,随访结果': 'ggg'}, '处理意见': '退热贴', '是否停止治疗': '是', '停止治疗及原因': {'出现停止治疗时间': [2025, 1, 2], '停止治疗原因': '完成疗程'}, '全程管理情况': {'应访视患者': '3', '实际访视': '4', '患者在疗程,应服药': '5', '实际服药': '66', '评估医生签名': '金浩1'}, '下次随访日期': [2025, 3, 5], '随访医生签名': '1', '患者（家属）签字': 'zhanzhang'}}
2025-03-13 09:14:35,868 - INFO - 查询 => {'姓名': '阳'}
2025-03-13 09:14:42,676 - INFO - {'operate': '访视记录', 'option': {'联系电话': '13717727272'}}
2025-03-13 09:15:14,766 - INFO - {'operate': '历次随访之新增随访', 'data': {'随访日期': [2025, 1, 2], '治疗月序': '5', '督导人员选择': '其他', '随访方式': '家庭', '症状及体征': ['咳嗽咳痰', {'其他': '123'}], '生活方式评估': {'吸烟': [1, 3], '饮酒': [4, 6]}, '用药': {'化疗方案': '12', '用法': '间歇', '药品剂型': '注射剂', '漏服药次数': '12'}, '药物不良反应': {'有': '123'}, '并发症或合并症': {'有': '12333'}, '转诊': {'转诊': '有', '机构及科别': '阿里机构', '原因': '343', '2周内随访,随访结果': 'ggg'}, '处理意见': '退热贴', '是否停止治疗': '是', '停止治疗及原因': {'出现停止治疗时间': [2025, 1, 2], '停止治疗原因': '完成疗程'}, '全程管理情况': {'应访视患者': '3', '实际访视': '4', '患者在疗程,应服药': '5', '实际服药': '66', '评估医生签名': '金浩1'}, '下次随访日期': [2025, 3, 5], '随访医生签名': '1', '患者（家属）签字': 'zhanzhang'}}
2025-03-13 09:26:44,137 - INFO - 查询 => {'姓名': '阳'}
2025-03-13 09:26:50,944 - INFO - {'operate': '访视记录', 'option': {'联系电话': '13717727272'}}
2025-03-13 09:27:20,787 - ERROR - 失败 =>{'operate': '历次随访之新增随访', 'data': {'随访日期': [2025, 1, 2], '治疗月序': '5', '督导人员选择': '其他', '随访方式': '家庭', '症状及体征': ['咳嗽咳痰', {'其他': '123'}], '生活方式评估': {'吸烟': [1, 3], '饮酒': [4, 6]}, '用药': {'化疗方案': '12', '用法': '间歇', '药品剂型': '注射剂', '漏服药次数': '12'}, '药物不良反应': {'有': '123'}, '并发症或合并症': {'有': '12333'}, '转诊': {'转诊': '有', '机构及科别': '阿里机构', '原因': '343', '2周内随访,随访结果': 'ggg'}, '处理意见': '退热贴', '是否停止治疗': '是', '停止治疗及原因': {'出现停止治疗时间': [2025, 1, 2], '停止治疗原因': '完成疗程'}, '全程管理情况': {'应访视患者': '3', '实际访视': '4', '患者在疗程,应服药': '5', '实际服药': '66', '评估医生签名': '金浩1'}, '下次随访日期': [2025, 3, 5], '随访医生签名': '1', '患者（家属）签字': 'zhanzhang'}}
2025-03-13 09:28:15,898 - INFO - 查询 => {'姓名': '阳'}
2025-03-13 09:28:22,694 - INFO - {'operate': '访视记录', 'option': {'联系电话': '13717727272'}}
2025-03-13 09:28:52,521 - ERROR - 失败 =>{'operate': '历次随访之新增随访', 'data': {'随访日期': [2025, 1, 2], '治疗月序': '5', '督导人员选择': '其他', '随访方式': '家庭', '症状及体征': ['咳嗽咳痰', {'其他': '123'}], '生活方式评估': {'吸烟': [1, 3], '饮酒': [4, 6]}, '用药': {'化疗方案': '12', '用法': '间歇', '药品剂型': '注射剂', '漏服药次数': '12'}, '药物不良反应': {'有': '123'}, '并发症或合并症': {'有': '12333'}, '转诊': {'转诊': '有', '机构及科别': '阿里机构', '原因': '343', '2周内随访,随访结果': 'ggg'}, '处理意见': '退热贴', '是否停止治疗': '是', '停止治疗及原因': {'出现停止治疗时间': [2025, 1, 2], '停止治疗原因': '完成疗程'}, '全程管理情况': {'应访视患者': '3', '实际访视': '4', '患者在疗程,应服药': '5', '实际服药': '66', '评估医生签名': '金浩1'}, '下次随访日期': [2025, 3, 5], '随访医生签名': '1', '患者（家属）签字': 'zhanzhang'}}
2025-03-13 09:33:03,033 - INFO - 查询 => {'姓名': '阳'}
2025-03-13 09:33:09,828 - INFO - {'operate': '访视记录', 'option': {'联系电话': '13717727272'}}
2025-03-13 09:33:39,689 - ERROR - 失败 =>{'operate': '历次随访之新增随访', 'data': {'随访日期': [2025, 1, 2], '治疗月序': '5', '督导人员选择': '其他', '随访方式': '家庭', '症状及体征': ['咳嗽咳痰', {'其他': '123'}], '生活方式评估': {'吸烟': [1, 3], '饮酒': [4, 6]}, '用药': {'化疗方案': '12', '用法': '间歇', '药品剂型': '注射剂', '漏服药次数': '12'}, '药物不良反应': {'有': '123'}, '并发症或合并症': {'有': '12333'}, '转诊': {'转诊': '有', '机构及科别': '阿里机构', '原因': '343', '2周内随访,随访结果': 'ggg'}, '处理意见': '退热贴', '是否停止治疗': '是', '停止治疗及原因': {'出现停止治疗时间': [2025, 1, 2], '停止治疗原因': '完成疗程'}, '全程管理情况': {'应访视患者': '3', '实际访视': '4', '患者在疗程,应服药': '5', '实际服药': '66', '评估医生签名': '金浩1'}, '下次随访日期': [2025, 3, 5], '随访医生签名': '1', '患者（家属）签字': 'zhanzhang'}}
2025-03-13 09:35:18,457 - INFO - 查询 => {'姓名': '阳'}
2025-03-13 09:35:25,274 - INFO - {'operate': '访视记录', 'option': {'联系电话': '13717727272'}}
2025-03-13 09:35:55,171 - INFO - {'operate': '历次随访之新增随访', 'data': {'随访日期': [2025, 1, 2], '治疗月序': '5', '督导人员选择': '其他', '随访方式': '家庭', '症状及体征': ['咳嗽咳痰', {'其他': '123'}], '生活方式评估': {'吸烟': [1, 3], '饮酒': [4, 6]}, '用药': {'化疗方案': '12', '用法': '间歇', '药品剂型': '注射剂', '漏服药次数': '12'}, '药物不良反应': {'有': '123'}, '并发症或合并症': {'有': '12333'}, '转诊': {'转诊': '有', '机构及科别': '阿里机构', '原因': '343', '2周内随访,随访结果': 'ggg'}, '处理意见': '退热贴', '是否停止治疗': '是', '停止治疗及原因': {'出现停止治疗时间': [2025, 1, 2], '停止治疗原因': '完成疗程'}, '全程管理情况': {'应访视患者': '3', '实际访视': '4', '患者在疗程,应服药': '5', '实际服药': '66', '评估医生签名': '金浩1'}, '下次随访日期': [2025, 3, 5], '随访医生签名': '1', '患者（家属）签字': 'zhanzhang'}}
2025-03-13 09:36:56,801 - INFO - 查询 => {'姓名': '阳'}
2025-03-13 09:37:03,607 - INFO - {'operate': '访视记录', 'option': {'联系电话': '13717727272'}}
2025-03-13 09:37:44,042 - ERROR - 失败 =>{'operate': '历次随访之新增随访', 'data': {'随访日期': [2025, 1, 2], '治疗月序': '5', '督导人员选择': '其他', '随访方式': '家庭', '症状及体征': ['咳嗽咳痰', {'其他': '123'}], '生活方式评估': {'吸烟': [1, 3], '饮酒': [4, 6]}, '用药': {'化疗方案': '12', '用法': '间歇', '药品剂型': '注射剂', '漏服药次数': '12'}, '药物不良反应': {'有': '123'}, '并发症或合并症': {'有': '12333'}, '转诊': {'转诊': '有', '机构及科别': '阿里机构', '原因': '343', '2周内随访,随访结果': 'ggg'}, '处理意见': '退热贴', '是否停止治疗': '是', '停止治疗及原因': {'出现停止治疗时间': [2025, 1, 2], '停止治疗原因': '完成疗程'}, '全程管理情况': {'应访视患者': '3', '实际访视': '4', '患者在疗程,应服药': '5', '实际服药': '66', '评估医生签名': '金浩1'}, '下次随访日期': [2025, 3, 5], '随访医生签名': '1', '患者（家属）签字': 'zhanzhang'}}
2025-03-13 09:40:51,426 - INFO - 查询 => {'姓名': '阳'}
2025-03-13 09:40:58,294 - INFO - {'operate': '访视记录', 'option': {'联系电话': '13717727272'}}
2025-03-13 09:41:41,958 - INFO - {'operate': '历次随访之新增随访', 'data': {'随访日期': [2025, 1, 2], '治疗月序': '5', '督导人员选择': '其他', '随访方式': '家庭', '症状及体征': ['咳嗽咳痰', {'其他': '123'}], '生活方式评估': {'吸烟': [1, 3], '饮酒': [4, 6]}, '用药': {'化疗方案': '12', '用法': '间歇', '药品剂型': '注射剂', '漏服药次数': '12'}, '药物不良反应': {'有': '123'}, '并发症或合并症': {'有': '12333'}, '转诊': {'转诊': '有', '机构及科别': '阿里机构', '原因': '343', '2周内随访,随访结果': 'ggg'}, '处理意见': '退热贴', '是否停止治疗': '是', '停止治疗及原因': {'出现停止治疗时间': [2025, 1, 2], '停止治疗原因': '完成疗程'}, '全程管理情况': {'应访视患者': '3', '实际访视': '4', '患者在疗程,应服药': '5', '实际服药': '66', '评估医生签名': '金浩1'}, '下次随访日期': [2025, 3, 5], '随访医生签名': '1', '患者（家属）签字': 'zhanzhang'}}
2025-03-13 09:43:00,244 - INFO - 查询 => {'姓名': '阳'}
2025-03-13 09:43:07,057 - INFO - {'operate': '访视记录', 'option': {'联系电话': '13717727272'}}
2025-03-13 09:43:56,766 - INFO - {'operate': '历次随访之新增随访', 'data': {'随访日期': [2025, 1, 2], '治疗月序': '5', '督导人员选择': '其他', '随访方式': '家庭', '症状及体征': ['咳嗽咳痰', {'其他': '123'}], '生活方式评估': {'吸烟': [1, 3], '饮酒': [4, 6]}, '用药': {'化疗方案': '12', '用法': '间歇', '药品剂型': '注射剂', '漏服药次数': '12'}, '药物不良反应': {'有': '123'}, '并发症或合并症': {'有': '12333'}, '转诊': {'转诊': '有', '机构及科别': '阿里机构', '原因': '343', '2周内随访,随访结果': 'ggg'}, '处理意见': '退热贴', '是否停止治疗': '是', '停止治疗及原因': {'出现停止治疗时间': [2025, 1, 2], '停止治疗原因': '完成疗程'}, '全程管理情况': {'应访视患者': '3', '实际访视': '4', '患者在疗程,应服药': '5', '实际服药': '66', '评估医生签名': '金浩1'}, '下次随访日期': [2025, 3, 5], '随访医生签名': '1', '患者（家属）签字': 'zhanzhang'}}
2025-03-13 10:03:32,307 - INFO - 查询 => {'姓名': '阳'}
2025-03-13 10:03:36,823 - ERROR - 失败 =>{'operate': '访视记录', 'option': {'联系电话': '13717727272'}}
2025-03-13 10:03:47,086 - ERROR - 失败 =>{'operate': '历次随访之新增随访', 'data': {'随访日期': [2025, 1, 2], '治疗月序': '5', '督导人员选择': '其他', '随访方式': '家庭', '症状及体征': ['咳嗽咳痰', {'其他': '123'}], '生活方式评估': {'吸烟': [1, 3], '饮酒': [4, 6]}, '用药': {'化疗方案': '12', '用法': '间歇', '药品剂型': '注射剂', '漏服药次数': '12'}, '药物不良反应': {'有': '123'}, '并发症或合并症': {'有': '12333'}, '转诊': {'转诊': '有', '机构及科别': '阿里机构', '原因': '343', '2周内随访,随访结果': 'ggg'}, '处理意见': '退热贴', '是否停止治疗': '是', '停止治疗及原因': {'出现停止治疗时间': [2025, 1, 2], '停止治疗原因': '完成疗程'}, '全程管理情况': {'应访视患者': '3', '实际访视': '4', '患者在疗程,应服药': '5', '实际服药': '66', '评估医生签名': '金浩1'}, '下次随访日期': [2025, 3, 5], '随访医生签名': '1', '患者（家属）签字': 'zhanzhang'}}
2025-03-13 10:04:23,828 - INFO - 查询 => {'姓名': '阳'}
2025-03-13 10:04:30,480 - INFO - {'operate': '访视记录', 'option': {'联系电话': '13818887226'}}
2025-03-13 10:05:20,126 - INFO - {'operate': '历次随访之新增随访', 'data': {'随访日期': [2025, 1, 2], '治疗月序': '5', '督导人员选择': '其他', '随访方式': '家庭', '症状及体征': ['咳嗽咳痰', {'其他': '123'}], '生活方式评估': {'吸烟': [1, 3], '饮酒': [4, 6]}, '用药': {'化疗方案': '12', '用法': '间歇', '药品剂型': '注射剂', '漏服药次数': '12'}, '药物不良反应': {'有': '123'}, '并发症或合并症': {'有': '12333'}, '转诊': {'转诊': '有', '机构及科别': '阿里机构', '原因': '343', '2周内随访,随访结果': 'ggg'}, '处理意见': '退热贴', '是否停止治疗': '是', '停止治疗及原因': {'出现停止治疗时间': [2025, 1, 2], '停止治疗原因': '完成疗程'}, '全程管理情况': {'应访视患者': '3', '实际访视': '4', '患者在疗程,应服药': '5', '实际服药': '66', '评估医生签名': '金浩1'}, '下次随访日期': [2025, 3, 5], '随访医生签名': '1', '患者（家属）签字': 'zhanzhang'}}
2025-03-13 10:13:25,496 - INFO - 查询 => {'姓名': '测试-自动1'}
2025-03-13 10:13:32,184 - INFO - {'operate': '访视记录', 'option': {'姓名': '测试-自动1'}}
2025-03-13 10:14:21,647 - INFO - {'operate': '历次随访之新增随访', 'data': {'随访日期': [2025, 1, 6], '治疗月序': '5', '督导人员选择': '其他', '随访方式': '家庭', '症状及体征': ['咳嗽咳痰', {'其他': '123'}], '生活方式评估': {'吸烟': [1, 3], '饮酒': [4, 6]}, '用药': {'化疗方案': '12', '用法': '间歇', '药品剂型': '注射剂', '漏服药次数': '12'}, '药物不良反应': {'有': '123'}, '并发症或合并症': {'有': '12333'}, '转诊': {'转诊': '有', '机构及科别': '阿里机构', '原因': '343', '2周内随访,随访结果': 'ggg'}, '处理意见': '退热贴', '是否停止治疗': '是', '停止治疗及原因': {'出现停止治疗时间': [2025, 1, 2], '停止治疗原因': '完成疗程'}, '全程管理情况': {'应访视患者': '3', '实际访视': '4', '患者在疗程,应服药': '5', '实际服药': '66', '评估医生签名': '金浩1'}, '下次随访日期': [2025, 3, 5], '随访医生签名': '1', '患者（家属）签字': 'zhanzhang'}}
2025-03-13 10:15:27,729 - INFO - 查询 => {'姓名': '测试-自动1'}
2025-03-13 10:15:27,732 - ERROR - 失败 =>{'operate': '访视记录', 'option': {'姓名': '测试-自动1'}}
2025-03-13 10:15:27,734 - ERROR - 失败 =>{'operate': '历次随访之新增随访', 'data': {'随访日期': [2025, 1, 6], '治疗月序': '5', '督导人员选择': '其他', '随访方式': '家庭', '症状及体征': ['咳嗽咳痰', {'其他': '123'}], '生活方式评估': {'吸烟': [1, 3], '饮酒': [4, 6]}, '用药': {'化疗方案': '12', '用法': '间歇', '药品剂型': '注射剂', '漏服药次数': '12'}, '药物不良反应': {'有': '123'}, '并发症或合并症': {'有': '12333'}, '转诊': {'转诊': '有', '机构及科别': '阿里机构', '原因': '343', '2周内随访,随访结果': 'ggg'}, '处理意见': '退热贴', '是否停止治疗': '是', '停止治疗及原因': {'出现停止治疗时间': [2025, 1, 2], '停止治疗原因': '完成疗程'}, '全程管理情况': {'应访视患者': '3', '实际访视': '4', '患者在疗程,应服药': '5', '实际服药': '66', '评估医生签名': '金浩1'}, '下次随访日期': [2025, 3, 5], '随访医生签名': '1', '患者（家属）签字': 'zhanzhang'}}
2025-03-13 10:15:48,861 - INFO - 查询 => {'姓名': '测试-自动1'}
2025-03-13 10:15:53,234 - ERROR - 失败 =>{'operate': '访视记录', 'option': {'姓名': '测试-自动1'}}
2025-03-13 10:16:03,508 - ERROR - 失败 =>{'operate': '历次随访之新增随访', 'data': {'随访日期': [2025, 1, 6], '治疗月序': '5', '督导人员选择': '其他', '随访方式': '家庭', '症状及体征': ['咳嗽咳痰', {'其他': '123'}], '生活方式评估': {'吸烟': [1, 3], '饮酒': [4, 6]}, '用药': {'化疗方案': '12', '用法': '间歇', '药品剂型': '注射剂', '漏服药次数': '12'}, '药物不良反应': {'有': '123'}, '并发症或合并症': {'有': '12333'}, '转诊': {'转诊': '有', '机构及科别': '阿里机构', '原因': '343', '2周内随访,随访结果': 'ggg'}, '处理意见': '退热贴', '是否停止治疗': '是', '停止治疗及原因': {'出现停止治疗时间': [2025, 1, 2], '停止治疗原因': '完成疗程'}, '全程管理情况': {'应访视患者': '3', '实际访视': '4', '患者在疗程,应服药': '5', '实际服药': '66', '评估医生签名': '金浩1'}, '下次随访日期': [2025, 3, 5], '随访医生签名': '1', '患者（家属）签字': 'zhanzhang'}}
2025-03-13 10:17:22,207 - INFO - 查询 => {'姓名': '测试11'}
2025-03-13 10:17:28,867 - INFO - {'operate': '访视记录', 'option': {'姓名': '测试11'}}
2025-03-13 10:18:04,346 - INFO - {'operate': '历次随访之新增随访', 'data': {'随访日期': [2025, 1, 8], '治疗月序': '5', '督导人员选择': '其他', '随访方式': '家庭', '症状及体征': ['咳嗽咳痰', {'其他': '123'}], '生活方式评估': {'吸烟': [1, 3], '饮酒': [4, 6]}, '用药': {'化疗方案': '12', '用法': '间歇', '药品剂型': '注射剂', '漏服药次数': '12'}, '药物不良反应': {'有': '123'}, '并发症或合并症': {'有': '12333'}, '转诊': {'转诊': '有', '机构及科别': '阿里机构', '原因': '343', '2周内随访,随访结果': 'ggg'}, '处理意见': '退热贴', '是否停止治疗': '否', '停止治疗及原因': {'出现停止治疗时间': [2025, 1, 2], '停止治疗原因': '完成疗程'}, '全程管理情况': {'应访视患者': '3', '实际访视': '4', '患者在疗程,应服药': '5', '实际服药': '66', '评估医生签名': '金浩1'}, '下次随访日期': [2025, 3, 5], '随访医生签名': '1', '患者（家属）签字': 'zhanzhang'}}
2025-03-13 10:20:16,857 - INFO - 查询 => {'姓名': '测试11'}
2025-03-13 10:20:23,509 - INFO - {'operate': '访视记录', 'option': {'姓名': '测试11'}}
2025-03-13 10:21:05,709 - INFO - {'operate': '历次随访之新增随访', 'data': {'随访日期': [2025, 1, 8], '治疗月序': '5', '督导人员选择': '其他', '随访方式': '家庭', '症状及体征': ['咳嗽咳痰', {'其他': '123'}], '生活方式评估': {'吸烟': [1, 3], '饮酒': [4, 6]}, '用药': {'化疗方案': '12', '用法': '间歇', '药品剂型': '注射剂', '漏服药次数': '12'}, '药物不良反应': {'有': '123'}, '并发症或合并症': {'有': '12333'}, '转诊': {'转诊': '有', '机构及科别': '阿里机构', '原因': '343', '2周内随访,随访结果': 'ggg'}, '处理意见': '退热贴', '是否停止治疗': '否', '停止治疗及原因': {'出现停止治疗时间': [2025, 1, 2], '停止治疗原因': '完成疗程'}, '全程管理情况': {'应访视患者': '3', '实际访视': '4', '患者在疗程,应服药': '5', '实际服药': '66', '评估医生签名': '金浩1'}, '下次随访时间': [2025, 3, 5], '随访医生签名': '1', '患者（家属）签字': 'zhanzhang'}}
2025-03-13 10:30:09,724 - INFO - 查询 => {'姓名': '测试11'}
2025-03-13 10:30:16,366 - INFO - {'operate': '访视记录', 'option': {'姓名': '测试11'}}
2025-03-13 10:30:26,730 - ERROR - 失败 =>{'operate': '历次随访之结案', 'data': {'结案原因：': {'其他': '123'}}}
2025-03-13 10:31:00,704 - INFO - 查询 => {'姓名': '测试11'}
2025-03-13 10:31:07,350 - INFO - {'operate': '访视记录', 'option': {'姓名': '测试11'}}
2025-03-13 10:31:15,070 - INFO - {'operate': '历次随访之结案', 'data': {'结案原因：': {'其他': '123'}}}
2025-03-13 10:31:46,463 - INFO - 查询 => {'姓名': '测试11'}
2025-03-13 10:31:54,154 - INFO - {'operate': '访视记录', 'option': {'姓名': '测试11'}}
2025-03-13 10:31:59,694 - INFO - {'operate': '历次随访之结案', 'data': {'结案原因：': {'其他': '123'}}}
2025-03-13 10:53:31,932 - INFO - 查询 => {'姓名': '测试11'}
2025-03-13 10:53:38,594 - INFO - {'operate': '访视记录', 'option': {'姓名': '测试11'}}
2025-03-13 10:53:38,594 - INFO - {'operate': '入户随访之删除', 'data': {}}
2025-03-13 10:55:00,238 - INFO - 查询 => {'姓名': '测试11'}
2025-03-13 10:55:06,884 - INFO - {'operate': '访视记录', 'option': {'姓名': '测试11'}}
2025-03-13 10:55:06,884 - INFO - {'operate': '入户随访之删除', 'data': {}}
2025-03-13 10:56:50,640 - INFO - 查询 => {'姓名': '测试11'}
2025-03-13 10:56:57,292 - INFO - {'operate': '访视记录', 'option': {'姓名': '测试11'}}
2025-03-13 10:57:10,624 - ERROR - 失败 =>{'operate': '入户随访之删除', 'data': {}}
2025-03-13 10:58:27,519 - INFO - 查询 => {'姓名': '测试11'}
2025-03-13 10:58:34,185 - INFO - {'operate': '访视记录', 'option': {'姓名': '测试11'}}
2025-03-13 10:58:38,518 - INFO - {'operate': '入户随访之删除', 'data': {}}
