2025-02-11 13:30:40,538 - INFO - 查询 => {'管理机构': ['招远市卫健局'], '档案状态': '在档', '姓名': '胡成', '年龄': [12, 14], '身份证号': '370685202402190640', '联系电话': '13815102030', '既往疾病史': ['脑卒中', '高血压'], '现住址': ['泉山街道', '花园社区居民委员会', '123']}
2025-02-11 13:42:56,788 - INFO - 查询 => {'身份证号': '341226199708114773'}
2025-02-11 13:43:01,102 - ERROR - [{'姓名': 'szz'}, '专项登记']失败！
2025-02-11 13:43:11,404 - ERROR - [{' 居住地址 ': ['上海市', '市辖区', '虹口区', '广中路街道', '商业一村居委会', '多媒体100号'], ' 确诊日期 ': [2024, 7, 1], ' 是否终止管理 ': '是', '终止管理日期': [1900, 2, 5], '终止管理原因': 'nono', '建卡时间': [2025, 2, 2], '建卡医生': '卫生院'}, '编辑']失败！
2025-02-11 13:45:04,638 - INFO - 查询 => {'身份证号': '341226199708114773'}
2025-02-11 13:45:11,065 - INFO - 点击[{'姓名': 'szz'}, '专项登记']
2025-02-11 13:45:21,184 - ERROR - [{' 居住地址 ': ['上海市', '市辖区', '虹口区', '广中路街道', '商业一村居委会', '多媒体100号'], ' 确诊日期 ': [2024, 7, 1], ' 是否终止管理 ': '是', '终止管理日期': [1900, 2, 5], '终止管理原因': 'nono', '建卡时间': [2025, 2, 2], '建卡医生': '卫生院'}, '编辑']失败！
2025-02-11 13:50:36,069 - INFO - 查询 => {'身份证号': '341226199708114773'}
2025-02-11 13:50:42,493 - INFO - 点击[{'姓名': 'szz'}, '专项登记']
2025-02-11 13:50:52,773 - ERROR - [{' 居住地址 ': ['上海市', '市辖区', '虹口区', '广中路街道', '商业一村居委会', '多媒体100号'], ' 确诊日期 ': [2024, 7, 1], ' 是否终止管理 ': '是', '终止管理日期': [1900, 2, 5], '终止管理原因': 'nono', '建卡时间': [2025, 2, 2], '建卡医生': '卫生院'}, '编辑']失败！
2025-02-11 13:52:52,746 - INFO - 查询 => {'身份证号': '341226199708114773'}
2025-02-11 13:52:59,204 - INFO - 点击[{'姓名': 'szz'}, '专项登记']
2025-02-11 13:53:12,408 - ERROR - [{' 居住地址 ': ['上海市', '市辖区', '虹口区', '广中路街道', '商业一村居委会', '多媒体100号'], ' 确诊日期 ': [2024, 7, 1], ' 是否终止管理 ': '是', '终止管理日期': [1900, 2, 5], '终止管理原因': 'nono', '建卡时间': [2025, 2, 2], '建卡医生': '卫生院'}, '编辑']失败！
2025-02-11 13:59:03,199 - INFO - 查询 => {'身份证号': '341226199708114773'}
2025-02-11 13:59:09,641 - INFO - 点击[{'姓名': 'szz'}, '专项登记']
2025-02-11 13:59:35,913 - ERROR - [{' 居住地址 ': ['上海市', '市辖区', '虹口区', '广中路街道', '商业一村居委会', '多媒体100号'], ' 确诊日期 ': [2024, 7, 1], ' 是否终止管理 ': '是', '终止管理日期': [1900, 2, 5], '终止管理原因': 'nono', '建卡时间': [2025, 2, 2], '建卡医生': '卫生院'}, '编辑']失败！
2025-02-11 14:01:18,220 - INFO - 查询 => {'身份证号': '341226199708114773'}
2025-02-11 14:01:24,708 - INFO - 点击[{'姓名': 'szz'}, '专项登记']
2025-02-11 14:02:19,317 - ERROR - [{' 居住地址 ': ['上海市', '市辖区', '虹口区', '广中路街道', '商业一村居委会', '多媒体100号'], ' 确诊日期 ': [2024, 7, 1], ' 是否终止管理 ': '是', '终止管理日期': [1900, 2, 5], '终止管理原因': 'nono', '建卡时间': [2025, 2, 2], '建卡医生': '卫生院'}, '编辑']失败！
2025-02-11 14:02:41,122 - INFO - 查询 => {'身份证号': '341226199708114773'}
2025-02-11 14:02:47,555 - INFO - 点击[{'姓名': 'szz'}, '专项登记']
2025-02-11 14:03:33,818 - INFO - 点击[{' 居住地址 ': ['上海市', '市辖区', '虹口区', '广中路街道', '商业一村居委会', '多媒体100号'], ' 确诊日期 ': [2024, 7, 1], ' 是否终止管理 ': '是', '终止管理日期': [2025, 2, 5], '终止管理原因': 'nono', '建卡时间': [2025, 2, 2], '建卡医生': '卫生院'}, '编辑']
2025-02-11 14:04:46,587 - INFO - 查询 => {'身份证号': '341226199708114773'}
2025-02-11 14:04:53,046 - INFO - 点击[{'姓名': 'szz'}, '专项登记']
2025-02-11 14:05:40,652 - INFO - 点击[{' 居住地址 ': ['上海市', '市辖区', '虹口区', '广中路街道', '商业一村居委会', '多媒体100号'], ' 确诊日期 ': [2024, 7, 1], ' 是否终止管理 ': '是', '终止管理日期': [2025, 2, 5], '终止管理原因': 'nono', '建卡时间': [2025, 2, 2], '建卡医生': '卫生院'}, '编辑']
2025-02-18 09:14:45,229 - INFO - 查询 => {'身份证号': '341226199708114773'}
2025-02-18 09:14:51,647 - INFO - 点击[{'姓名': 'szz'}, '专项登记']
2025-02-18 09:14:55,777 - ERROR - [{' 居住地址 ': ['上海市', '市辖区', '虹口区', '广中路街道', '商业一村居委会', '多媒体100号'], ' 确诊日期 ': [2024, 7, 1], ' 是否终止管理 ': '是', '终止管理日期': [2025, 2, 5], '终止管理原因': 'nono', '建卡时间': [2025, 2, 2], '建卡医生': '卫生院'}, '编辑']失败！
2025-02-18 09:23:47,385 - INFO - 查询 => {'身份证号': '341226199708114773'}
2025-02-18 09:23:53,840 - ERROR - {'operate': '专项登记', 'option': {'身份证号': '341226199708114773'}}失败！
2025-02-18 09:24:40,836 - INFO - 点击{'operate': '专项登记', 'index': {'operate2': '编辑'}, 'value': {' 居住地址 ': ['上海市', '市辖区', '虹口区', '广中路街道', '商业一村居委会', '多媒体100号'], ' 确诊日期 ': [2024, 7, 1], ' 是否终止管理 ': '是', '终止管理日期': [2025, 2, 5], '终止管理原因': 'nono', '建卡时间': [2025, 2, 2], '建卡医生': '卫生院'}}
2025-02-18 09:28:29,478 - INFO - 查询 => {'身份证号': '341226199708114773'}
2025-02-18 09:28:33,785 - ERROR - {'operate': '专项登记', 'option': {'身份证号': '341226199708114773'}}失败！
2025-02-18 09:28:44,108 - ERROR - {'operate': '专项登记', 'index': {'operate2': '编辑'}, 'value': {' 居住地址 ': ['上海市', '市辖区', '虹口区', '广中路街道', '商业一村居委会', '多媒体100号'], ' 确诊日期 ': [2024, 7, 1], ' 是否终止管理 ': '是', '终止管理日期': [2025, 2, 5], '终止管理原因': 'nono', '建卡时间': [2025, 2, 2], '建卡医生': '卫生院'}}失败！
2025-03-04 10:53:25,997 - INFO - 查询 => {'身份证号': '341226199708114773'}
2025-03-04 10:53:25,998 - ERROR - {'operate': '专项登记', 'option': {'身份证号': '341226199708114773'}}失败！
2025-03-04 10:53:36,273 - ERROR - {'operate': '专项登记', 'index': {'operate2': '编辑'}, 'value': {' 居住地址 ': ['上海市', '市辖区', '虹口区', '广中路街道', '商业一村居委会', '多媒体100号'], ' 确诊日期 ': [2024, 7, 1], ' 是否终止管理 ': '是', '终止管理日期': [2025, 2, 5], '终止管理原因': 'nono', '建卡时间': [2025, 2, 2], '建卡医生': '卫生院'}}失败！
2025-03-04 13:24:03,080 - INFO - 查询 => {'身份证号': '340203202407017263'}
2025-03-04 13:24:09,496 - INFO - 点击{'operate': '专项登记', 'option': {'身份证号': '340203202407017263'}}
2025-03-04 13:24:11,657 - INFO - 点击{'operate': '专项登记', 'data': {' 居住地址 ': ['上海市', '市辖区', '虹口区', '广中路街道', '商业一村居委会', '多媒体100号'], ' 确诊日期 ': [2024, 7, 1], ' 是否终止管理 ': '是', '终止管理日期': [2025, 2, 5], '终止管理原因': 'nono', '建卡时间': [2025, 2, 2], '建卡医生': '卫生院'}}
2025-03-04 13:26:12,925 - INFO - 查询 => {'身份证号': '340203202407017263'}
2025-03-04 13:26:19,350 - INFO - 点击{'operate': '专项登记', 'option': {'身份证号': '340203202407017263'}}
2025-03-04 13:26:27,608 - ERROR - {'operate': '专项登记', 'data': {' 居住地址 ': ['上海市', '市辖区', '虹口区', '广中路街道', '商业一村居委会', '多媒体100号'], ' 确诊日期 ': [2024, 7, 1], ' 是否终止管理 ': '是', '终止管理日期': [2025, 2, 5], '终止管理原因': 'nono', '建卡时间': [2025, 2, 2], '建卡医生': '卫生院'}}失败！
