[2026-02-28T21:07:14.206+0800] {local_task_job_runner.py:123} INFO - ::group::Pre task execution logs
[2026-02-28T21:07:14.220+0800] {taskinstance.py:2631} INFO - Dependencies all met for dep_context=non-requeueable deps ti=<TaskInstance: cdrd_新增角色_编辑角色_并.收尾工作 manual__2026-02-28T13:07:07.491102+00:00 [queued]>
[2026-02-28T21:07:14.227+0800] {taskinstance.py:2631} INFO - Dependencies all met for dep_context=requeueable deps ti=<TaskInstance: cdrd_新增角色_编辑角色_并.收尾工作 manual__2026-02-28T13:07:07.491102+00:00 [queued]>
[2026-02-28T21:07:14.227+0800] {taskinstance.py:2884} INFO - Starting attempt 1 of 1
[2026-02-28T21:07:14.239+0800] {taskinstance.py:2907} INFO - Executing <Task(PythonOperator): 收尾工作> on 2026-02-28 13:07:07.491102+00:00
[2026-02-28T21:07:14.243+0800] {standard_task_runner.py:72} INFO - Started process 4764 to run task
[2026-02-28T21:07:14.250+0800] {standard_task_runner.py:104} INFO - Running: ['airflow', 'tasks', 'run', 'cdrd_新增角色_编辑角色_并', '收尾工作', 'manual__2026-02-28T13:07:07.491102+00:00', '--job-id', '733', '--raw', '--subdir', 'DAGS_FOLDER/tag_CDRD/系统管理/角色管理/dag_新增角色_编辑角色_并.py', '--cfg-path', '/var/folders/f7/4z7jtb213fs0mtgbw_0vs2600000gn/T/tmp8oshr30s']
[2026-02-28T21:07:14.254+0800] {standard_task_runner.py:105} INFO - Job 733: Subtask 收尾工作
[2026-02-28T21:07:14.301+0800] {task_command.py:467} INFO - Running <TaskInstance: cdrd_新增角色_编辑角色_并.收尾工作 manual__2026-02-28T13:07:07.491102+00:00 [running]> on host localhost-2.local
[2026-02-28T21:07:14.379+0800] {taskinstance.py:3157} INFO - Exporting env vars: AIRFLOW_CTX_DAG_OWNER='airflow' AIRFLOW_CTX_DAG_ID='cdrd_新增角色_编辑角色_并' AIRFLOW_CTX_TASK_ID='收尾工作' AIRFLOW_CTX_EXECUTION_DATE='2026-02-28T13:07:07.491102+00:00' AIRFLOW_CTX_TRY_NUMBER='1' AIRFLOW_CTX_DAG_RUN_ID='manual__2026-02-28T13:07:07.491102+00:00'
[2026-02-28T21:07:14.381+0800] {taskinstance.py:740} INFO - ::endgroup::
[2026-02-28T21:07:14.398+0800] {logging_mixin.py:190} INFO - ==================================================
[2026-02-28T21:07:14.399+0800] {logging_mixin.py:190} INFO - 【收尾工作】开始汇总测试结果...
[2026-02-28T21:07:14.399+0800] {logging_mixin.py:190} INFO - ==================================================
[2026-02-28T21:07:14.405+0800] {logging_mixin.py:190} INFO - 消费者结果: None
[2026-02-28T21:07:14.486+0800] {logging_mixin.py:190} INFO - ==================================================
[2026-02-28T21:07:14.486+0800] {logging_mixin.py:190} INFO - 【收尾工作】测试执行汇总 - 总计:0,通过:0,失败:0
[2026-02-28T21:07:14.487+0800] {logging_mixin.py:190} INFO - ==================================================
[2026-02-28T21:07:14.488+0800] {python.py:240} INFO - Done. Returned value was: {'summary': '总计:0,通过:0,失败:0', 'total_tests': 0, 'total_success': 0, 'total_fail': 0, 'execution_time': '2026-02-28 21:07:14', 'detailed_results': None}
[2026-02-28T21:07:14.503+0800] {taskinstance.py:349} INFO - ::group::Post task execution logs
[2026-02-28T21:07:14.504+0800] {taskinstance.py:361} INFO - Marking task as SUCCESS. dag_id=cdrd_新增角色_编辑角色_并, task_id=收尾工作, run_id=manual__2026-02-28T13:07:07.491102+00:00, execution_date=20260228T130707, start_date=20260228T130714, end_date=20260228T130714
[2026-02-28T21:07:14.563+0800] {local_task_job_runner.py:266} INFO - Task exited with return code 0
[2026-02-28T21:07:14.592+0800] {taskinstance.py:3924} INFO - 0 downstream tasks scheduled from follow-on schedule check
[2026-02-28T21:07:14.593+0800] {local_task_job_runner.py:245} INFO - ::endgroup::
