[2026-02-15T16:23:09.262+0800] {local_task_job_runner.py:123} INFO - ::group::Pre task execution logs
[2026-02-15T16:23:09.275+0800] {taskinstance.py:2631} INFO - Dependencies all met for dep_context=non-requeueable deps ti=<TaskInstance: producer_order_mysql.sync_order_data manual__2026-02-15T08:23:03.595532+00:00 [queued]>
[2026-02-15T16:23:09.281+0800] {taskinstance.py:2631} INFO - Dependencies all met for dep_context=requeueable deps ti=<TaskInstance: producer_order_mysql.sync_order_data manual__2026-02-15T08:23:03.595532+00:00 [queued]>
[2026-02-15T16:23:09.281+0800] {taskinstance.py:2884} INFO - Starting attempt 1 of 1
[2026-02-15T16:23:09.397+0800] {taskinstance.py:2907} INFO - Executing <Task(PythonOperator): sync_order_data> on 2026-02-15 08:23:03.595532+00:00
[2026-02-15T16:23:09.400+0800] {standard_task_runner.py:72} INFO - Started process 2490 to run task
[2026-02-15T16:23:09.406+0800] {standard_task_runner.py:104} INFO - Running: ['airflow', 'tasks', 'run', 'producer_order_mysql', 'sync_order_data', 'manual__2026-02-15T08:23:03.595532+00:00', '--job-id', '128', '--raw', '--subdir', 'DAGS_FOLDER/producer_consumer /dataset_db2.py', '--cfg-path', '/var/folders/f7/4z7jtb213fs0mtgbw_0vs2600000gn/T/tmpw29eozf2']
[2026-02-15T16:23:09.410+0800] {standard_task_runner.py:105} INFO - Job 128: Subtask sync_order_data
[2026-02-15T16:23:09.451+0800] {task_command.py:467} INFO - Running <TaskInstance: producer_order_mysql.sync_order_data manual__2026-02-15T08:23:03.595532+00:00 [running]> on host localhost-2.local
[2026-02-15T16:23:09.521+0800] {taskinstance.py:3157} INFO - Exporting env vars: AIRFLOW_CTX_DAG_OWNER='data_team' AIRFLOW_CTX_DAG_ID='producer_order_mysql' AIRFLOW_CTX_TASK_ID='sync_order_data' AIRFLOW_CTX_EXECUTION_DATE='2026-02-15T08:23:03.595532+00:00' AIRFLOW_CTX_TRY_NUMBER='1' AIRFLOW_CTX_DAG_RUN_ID='manual__2026-02-15T08:23:03.595532+00:00'
[2026-02-15T16:23:09.523+0800] {taskinstance.py:740} INFO - ::endgroup::
[2026-02-15T16:23:09.538+0800] {logging_mixin.py:190} INFO - ==================================================
[2026-02-15T16:23:09.539+0800] {logging_mixin.py:190} INFO - 【生产者】开始执行同步订单数据任务
[2026-02-15T16:23:09.539+0800] {logging_mixin.py:190} INFO - ==================================================
[2026-02-15T16:23:09.540+0800] {logging_mixin.py:190} INFO - 【生产者】生成业务数据：{'order_id': 'OD20260215001', 'user_id': 'U10086', 'order_amount': 299.99, 'order_status': 'paid', 'pay_time': '2026-02-15 16:23:09'}
[2026-02-15T16:23:09.540+0800] {logging_mixin.py:190} INFO - 【生产者】上下文参数：run_id=manual__2026-02-15T08:23:03.595532+00:00, dag_id=producer_order_mysql, task_id=sync_order_data
[2026-02-15T16:23:09.541+0800] {logging_mixin.py:190} INFO - 【生产者】调用封装函数插入数据...
[2026-02-15T16:23:09.546+0800] {base.py:84} INFO - Retrieving connection 'mysql_234_crm'
[2026-02-15T16:23:09.600+0800] {sql.py:457} INFO - Running statement: 
        INSERT INTO airflow_producer_data (run_id, dag_id, task_id, result)
        VALUES (%s, %s, %s, %s)
        ON DUPLICATE KEY UPDATE 
            result = %s, 
            update_time = CURRENT_TIMESTAMP
        , parameters: ('manual__2026-02-15T08:23:03.595532+00:00', 'producer_order_mysql', 'sync_order_data', '{"order_id": "OD20260215001", "user_id": "U10086", "order_amount": 299.99, "order_status": "paid", "pay_time": "2026-02-15 16:23:09"}', '{"order_id": "OD20260215001", "user_id": "U10086", "order_amount": 299.99, "order_status": "paid", "pay_time": "2026-02-15 16:23:09"}')
[2026-02-15T16:23:09.621+0800] {sql.py:466} INFO - Rows affected: 1
[2026-02-15T16:23:09.633+0800] {logging_mixin.py:190} INFO - 生产者数据已写入MySQL：run_id=manual__2026-02-15T08:23:03.595532+00:00, result={'order_id': 'OD20260215001', 'user_id': 'U10086', 'order_amount': 299.99, 'order_status': 'paid', 'pay_time': '2026-02-15 16:23:09'}
[2026-02-15T16:23:09.634+0800] {logging_mixin.py:190} INFO - ✅ 数据成功写入airflow_producer_data表！
[2026-02-15T16:23:09.634+0800] {logging_mixin.py:190} INFO - ==================================================
[2026-02-15T16:23:09.635+0800] {logging_mixin.py:190} INFO - 【生产者】任务执行完成
[2026-02-15T16:23:09.636+0800] {logging_mixin.py:190} INFO - ==================================================
[2026-02-15T16:23:09.636+0800] {python.py:240} INFO - Done. Returned value was: {'order_id': 'OD20260215001', 'user_id': 'U10086', 'order_amount': 299.99, 'order_status': 'paid', 'pay_time': '2026-02-15 16:23:09'}
[2026-02-15T16:23:09.660+0800] {taskinstance.py:349} INFO - ::group::Post task execution logs
[2026-02-15T16:23:09.661+0800] {taskinstance.py:361} INFO - Marking task as SUCCESS. dag_id=producer_order_mysql, task_id=sync_order_data, run_id=manual__2026-02-15T08:23:03.595532+00:00, execution_date=20260215T082303, start_date=20260215T082309, end_date=20260215T082309
[2026-02-15T16:23:09.725+0800] {local_task_job_runner.py:266} INFO - Task exited with return code 0
[2026-02-15T16:23:09.744+0800] {taskinstance.py:3924} INFO - 0 downstream tasks scheduled from follow-on schedule check
[2026-02-15T16:23:09.745+0800] {local_task_job_runner.py:245} INFO - ::endgroup::
