[2026-02-12T10:47:50.833+0800] {processor.py:161} INFO - Started process (PID=2306) to work on /Users/linghuchong/miniconda3/envs/py310/lib/python3.10/site-packages/airflow/example_dags/example_branch_day_of_week_operator.py
[2026-02-12T10:47:50.834+0800] {processor.py:830} INFO - Processing file /Users/linghuchong/miniconda3/envs/py310/lib/python3.10/site-packages/airflow/example_dags/example_branch_day_of_week_operator.py for tasks to queue
[2026-02-12T10:47:50.835+0800] {logging_mixin.py:188} INFO - [2026-02-12T10:47:50.835+0800] {dagbag.py:540} INFO - Filling up the DagBag from /Users/linghuchong/miniconda3/envs/py310/lib/python3.10/site-packages/airflow/example_dags/example_branch_day_of_week_operator.py
[2026-02-12T10:47:50.845+0800] {processor.py:840} INFO - DAG(s) 'example_weekday_branch_operator' retrieved from /Users/linghuchong/miniconda3/envs/py310/lib/python3.10/site-packages/airflow/example_dags/example_branch_day_of_week_operator.py
[2026-02-12T10:47:50.967+0800] {logging_mixin.py:188} INFO - [2026-02-12T10:47:50.966+0800] {dag.py:3047} INFO - Sync 1 DAGs
[2026-02-12T10:47:50.985+0800] {logging_mixin.py:188} INFO - [2026-02-12T10:47:50.985+0800] {dag.py:3834} INFO - Setting next_dagrun for example_weekday_branch_operator to 2026-02-11 00:00:00+00:00, run_after=2026-02-12 00:00:00+00:00
[2026-02-12T10:47:51.007+0800] {processor.py:183} INFO - Processing /Users/linghuchong/miniconda3/envs/py310/lib/python3.10/site-packages/airflow/example_dags/example_branch_day_of_week_operator.py took 0.174 seconds
[2026-02-12T10:53:20.820+0800] {processor.py:161} INFO - Started process (PID=2465) to work on /Users/linghuchong/miniconda3/envs/py310/lib/python3.10/site-packages/airflow/example_dags/example_branch_day_of_week_operator.py
[2026-02-12T10:53:20.821+0800] {processor.py:830} INFO - Processing file /Users/linghuchong/miniconda3/envs/py310/lib/python3.10/site-packages/airflow/example_dags/example_branch_day_of_week_operator.py for tasks to queue
[2026-02-12T10:53:20.822+0800] {logging_mixin.py:188} INFO - [2026-02-12T10:53:20.822+0800] {dagbag.py:540} INFO - Filling up the DagBag from /Users/linghuchong/miniconda3/envs/py310/lib/python3.10/site-packages/airflow/example_dags/example_branch_day_of_week_operator.py
[2026-02-12T10:53:20.834+0800] {processor.py:840} INFO - DAG(s) 'example_weekday_branch_operator' retrieved from /Users/linghuchong/miniconda3/envs/py310/lib/python3.10/site-packages/airflow/example_dags/example_branch_day_of_week_operator.py
[2026-02-12T10:53:20.985+0800] {logging_mixin.py:188} INFO - [2026-02-12T10:53:20.985+0800] {dag.py:3047} INFO - Sync 1 DAGs
[2026-02-12T10:53:21.006+0800] {logging_mixin.py:188} INFO - [2026-02-12T10:53:21.005+0800] {dag.py:3834} INFO - Setting next_dagrun for example_weekday_branch_operator to 2026-02-11 00:00:00+00:00, run_after=2026-02-12 00:00:00+00:00
[2026-02-12T10:53:21.026+0800] {processor.py:183} INFO - Processing /Users/linghuchong/miniconda3/envs/py310/lib/python3.10/site-packages/airflow/example_dags/example_branch_day_of_week_operator.py took 0.207 seconds
[2026-02-12T11:06:43.748+0800] {processor.py:161} INFO - Started process (PID=2695) to work on /Users/linghuchong/miniconda3/envs/py310/lib/python3.10/site-packages/airflow/example_dags/example_branch_day_of_week_operator.py
[2026-02-12T11:06:43.751+0800] {processor.py:830} INFO - Processing file /Users/linghuchong/miniconda3/envs/py310/lib/python3.10/site-packages/airflow/example_dags/example_branch_day_of_week_operator.py for tasks to queue
[2026-02-12T11:06:43.752+0800] {logging_mixin.py:188} INFO - [2026-02-12T11:06:43.752+0800] {dagbag.py:540} INFO - Filling up the DagBag from /Users/linghuchong/miniconda3/envs/py310/lib/python3.10/site-packages/airflow/example_dags/example_branch_day_of_week_operator.py
[2026-02-12T11:06:43.762+0800] {processor.py:840} INFO - DAG(s) 'example_weekday_branch_operator' retrieved from /Users/linghuchong/miniconda3/envs/py310/lib/python3.10/site-packages/airflow/example_dags/example_branch_day_of_week_operator.py
[2026-02-12T11:06:43.896+0800] {logging_mixin.py:188} INFO - [2026-02-12T11:06:43.895+0800] {dag.py:3047} INFO - Sync 1 DAGs
[2026-02-12T11:06:43.917+0800] {logging_mixin.py:188} INFO - [2026-02-12T11:06:43.917+0800] {dag.py:3834} INFO - Setting next_dagrun for example_weekday_branch_operator to 2026-02-11 00:00:00+00:00, run_after=2026-02-12 00:00:00+00:00
[2026-02-12T11:06:43.939+0800] {processor.py:183} INFO - Processing /Users/linghuchong/miniconda3/envs/py310/lib/python3.10/site-packages/airflow/example_dags/example_branch_day_of_week_operator.py took 0.192 seconds
[2026-02-12T11:12:11.848+0800] {processor.py:161} INFO - Started process (PID=2950) to work on /Users/linghuchong/miniconda3/envs/py310/lib/python3.10/site-packages/airflow/example_dags/example_branch_day_of_week_operator.py
[2026-02-12T11:12:11.851+0800] {processor.py:830} INFO - Processing file /Users/linghuchong/miniconda3/envs/py310/lib/python3.10/site-packages/airflow/example_dags/example_branch_day_of_week_operator.py for tasks to queue
[2026-02-12T11:12:11.852+0800] {logging_mixin.py:188} INFO - [2026-02-12T11:12:11.852+0800] {dagbag.py:540} INFO - Filling up the DagBag from /Users/linghuchong/miniconda3/envs/py310/lib/python3.10/site-packages/airflow/example_dags/example_branch_day_of_week_operator.py
[2026-02-12T11:12:11.863+0800] {processor.py:840} INFO - DAG(s) 'example_weekday_branch_operator' retrieved from /Users/linghuchong/miniconda3/envs/py310/lib/python3.10/site-packages/airflow/example_dags/example_branch_day_of_week_operator.py
[2026-02-12T11:12:11.978+0800] {logging_mixin.py:188} INFO - [2026-02-12T11:12:11.978+0800] {dag.py:3047} INFO - Sync 1 DAGs
[2026-02-12T11:12:11.995+0800] {logging_mixin.py:188} INFO - [2026-02-12T11:12:11.995+0800] {dag.py:3834} INFO - Setting next_dagrun for example_weekday_branch_operator to 2026-02-11 00:00:00+00:00, run_after=2026-02-12 00:00:00+00:00
[2026-02-12T11:12:12.016+0800] {processor.py:183} INFO - Processing /Users/linghuchong/miniconda3/envs/py310/lib/python3.10/site-packages/airflow/example_dags/example_branch_day_of_week_operator.py took 0.169 seconds
