[2026-02-12T10:41:54.256+0800] {processor.py:161} INFO - Started process (PID=2089) to work on /Users/linghuchong/miniconda3/envs/py310/lib/python3.10/site-packages/airflow/example_dags/example_xcomargs.py
[2026-02-12T10:41:54.257+0800] {processor.py:830} INFO - Processing file /Users/linghuchong/miniconda3/envs/py310/lib/python3.10/site-packages/airflow/example_dags/example_xcomargs.py for tasks to queue
[2026-02-12T10:41:54.258+0800] {logging_mixin.py:188} INFO - [2026-02-12T10:41:54.258+0800] {dagbag.py:540} INFO - Filling up the DagBag from /Users/linghuchong/miniconda3/envs/py310/lib/python3.10/site-packages/airflow/example_dags/example_xcomargs.py
[2026-02-12T10:41:54.299+0800] {processor.py:840} INFO - DAG(s) 'example_xcom_args_with_operators', 'example_xcom_args' retrieved from /Users/linghuchong/miniconda3/envs/py310/lib/python3.10/site-packages/airflow/example_dags/example_xcomargs.py
[2026-02-12T10:41:54.430+0800] {logging_mixin.py:188} INFO - [2026-02-12T10:41:54.430+0800] {dag.py:3047} INFO - Sync 2 DAGs
[2026-02-12T10:41:54.440+0800] {logging_mixin.py:188} INFO - [2026-02-12T10:41:54.440+0800] {dag.py:3834} INFO - Setting next_dagrun for example_xcom_args to None, run_after=None
[2026-02-12T10:41:54.444+0800] {logging_mixin.py:188} INFO - [2026-02-12T10:41:54.444+0800] {dag.py:3834} INFO - Setting next_dagrun for example_xcom_args_with_operators to None, run_after=None
[2026-02-12T10:41:54.462+0800] {processor.py:183} INFO - Processing /Users/linghuchong/miniconda3/envs/py310/lib/python3.10/site-packages/airflow/example_dags/example_xcomargs.py took 0.207 seconds
[2026-02-12T10:43:46.920+0800] {processor.py:161} INFO - Started process (PID=2162) to work on /Users/linghuchong/miniconda3/envs/py310/lib/python3.10/site-packages/airflow/example_dags/example_xcomargs.py
[2026-02-12T10:43:46.923+0800] {processor.py:830} INFO - Processing file /Users/linghuchong/miniconda3/envs/py310/lib/python3.10/site-packages/airflow/example_dags/example_xcomargs.py for tasks to queue
[2026-02-12T10:43:46.924+0800] {logging_mixin.py:188} INFO - [2026-02-12T10:43:46.923+0800] {dagbag.py:540} INFO - Filling up the DagBag from /Users/linghuchong/miniconda3/envs/py310/lib/python3.10/site-packages/airflow/example_dags/example_xcomargs.py
[2026-02-12T10:43:46.956+0800] {processor.py:840} INFO - DAG(s) 'example_xcom_args', 'example_xcom_args_with_operators' retrieved from /Users/linghuchong/miniconda3/envs/py310/lib/python3.10/site-packages/airflow/example_dags/example_xcomargs.py
[2026-02-12T10:43:47.066+0800] {logging_mixin.py:188} INFO - [2026-02-12T10:43:47.066+0800] {dag.py:3047} INFO - Sync 2 DAGs
[2026-02-12T10:43:47.075+0800] {logging_mixin.py:188} INFO - [2026-02-12T10:43:47.074+0800] {dag.py:3834} INFO - Setting next_dagrun for example_xcom_args to None, run_after=None
[2026-02-12T10:43:47.077+0800] {logging_mixin.py:188} INFO - [2026-02-12T10:43:47.077+0800] {dag.py:3834} INFO - Setting next_dagrun for example_xcom_args_with_operators to None, run_after=None
[2026-02-12T10:43:47.098+0800] {processor.py:183} INFO - Processing /Users/linghuchong/miniconda3/envs/py310/lib/python3.10/site-packages/airflow/example_dags/example_xcomargs.py took 0.179 seconds
[2026-02-12T10:45:35.128+0800] {processor.py:161} INFO - Started process (PID=2245) to work on /Users/linghuchong/miniconda3/envs/py310/lib/python3.10/site-packages/airflow/example_dags/example_xcomargs.py
[2026-02-12T10:45:35.131+0800] {processor.py:830} INFO - Processing file /Users/linghuchong/miniconda3/envs/py310/lib/python3.10/site-packages/airflow/example_dags/example_xcomargs.py for tasks to queue
[2026-02-12T10:45:35.132+0800] {logging_mixin.py:188} INFO - [2026-02-12T10:45:35.131+0800] {dagbag.py:540} INFO - Filling up the DagBag from /Users/linghuchong/miniconda3/envs/py310/lib/python3.10/site-packages/airflow/example_dags/example_xcomargs.py
[2026-02-12T10:45:35.170+0800] {processor.py:840} INFO - DAG(s) 'example_xcom_args', 'example_xcom_args_with_operators' retrieved from /Users/linghuchong/miniconda3/envs/py310/lib/python3.10/site-packages/airflow/example_dags/example_xcomargs.py
[2026-02-12T10:45:35.294+0800] {logging_mixin.py:188} INFO - [2026-02-12T10:45:35.294+0800] {dag.py:3047} INFO - Sync 2 DAGs
[2026-02-12T10:45:35.304+0800] {logging_mixin.py:188} INFO - [2026-02-12T10:45:35.303+0800] {dag.py:3834} INFO - Setting next_dagrun for example_xcom_args to None, run_after=None
[2026-02-12T10:45:35.307+0800] {logging_mixin.py:188} INFO - [2026-02-12T10:45:35.306+0800] {dag.py:3834} INFO - Setting next_dagrun for example_xcom_args_with_operators to None, run_after=None
[2026-02-12T10:45:35.326+0800] {processor.py:183} INFO - Processing /Users/linghuchong/miniconda3/envs/py310/lib/python3.10/site-packages/airflow/example_dags/example_xcomargs.py took 0.199 seconds
[2026-02-12T10:48:56.058+0800] {processor.py:161} INFO - Started process (PID=2345) to work on /Users/linghuchong/miniconda3/envs/py310/lib/python3.10/site-packages/airflow/example_dags/example_xcomargs.py
[2026-02-12T10:48:56.061+0800] {processor.py:830} INFO - Processing file /Users/linghuchong/miniconda3/envs/py310/lib/python3.10/site-packages/airflow/example_dags/example_xcomargs.py for tasks to queue
[2026-02-12T10:48:56.063+0800] {logging_mixin.py:188} INFO - [2026-02-12T10:48:56.062+0800] {dagbag.py:540} INFO - Filling up the DagBag from /Users/linghuchong/miniconda3/envs/py310/lib/python3.10/site-packages/airflow/example_dags/example_xcomargs.py
[2026-02-12T10:48:56.102+0800] {processor.py:840} INFO - DAG(s) 'example_xcom_args', 'example_xcom_args_with_operators' retrieved from /Users/linghuchong/miniconda3/envs/py310/lib/python3.10/site-packages/airflow/example_dags/example_xcomargs.py
[2026-02-12T10:48:56.231+0800] {logging_mixin.py:188} INFO - [2026-02-12T10:48:56.230+0800] {dag.py:3047} INFO - Sync 2 DAGs
[2026-02-12T10:48:56.241+0800] {logging_mixin.py:188} INFO - [2026-02-12T10:48:56.241+0800] {dag.py:3834} INFO - Setting next_dagrun for example_xcom_args to None, run_after=None
[2026-02-12T10:48:56.244+0800] {logging_mixin.py:188} INFO - [2026-02-12T10:48:56.244+0800] {dag.py:3834} INFO - Setting next_dagrun for example_xcom_args_with_operators to None, run_after=None
[2026-02-12T10:48:56.268+0800] {processor.py:183} INFO - Processing /Users/linghuchong/miniconda3/envs/py310/lib/python3.10/site-packages/airflow/example_dags/example_xcomargs.py took 0.211 seconds
[2026-02-12T10:51:43.217+0800] {processor.py:161} INFO - Started process (PID=2415) to work on /Users/linghuchong/miniconda3/envs/py310/lib/python3.10/site-packages/airflow/example_dags/example_xcomargs.py
[2026-02-12T10:51:43.217+0800] {processor.py:830} INFO - Processing file /Users/linghuchong/miniconda3/envs/py310/lib/python3.10/site-packages/airflow/example_dags/example_xcomargs.py for tasks to queue
[2026-02-12T10:51:43.218+0800] {logging_mixin.py:188} INFO - [2026-02-12T10:51:43.218+0800] {dagbag.py:540} INFO - Filling up the DagBag from /Users/linghuchong/miniconda3/envs/py310/lib/python3.10/site-packages/airflow/example_dags/example_xcomargs.py
[2026-02-12T10:51:43.252+0800] {processor.py:840} INFO - DAG(s) 'example_xcom_args', 'example_xcom_args_with_operators' retrieved from /Users/linghuchong/miniconda3/envs/py310/lib/python3.10/site-packages/airflow/example_dags/example_xcomargs.py
[2026-02-12T10:51:43.367+0800] {logging_mixin.py:188} INFO - [2026-02-12T10:51:43.366+0800] {dag.py:3047} INFO - Sync 2 DAGs
[2026-02-12T10:51:43.376+0800] {logging_mixin.py:188} INFO - [2026-02-12T10:51:43.376+0800] {dag.py:3834} INFO - Setting next_dagrun for example_xcom_args to None, run_after=None
[2026-02-12T10:51:43.379+0800] {logging_mixin.py:188} INFO - [2026-02-12T10:51:43.379+0800] {dag.py:3834} INFO - Setting next_dagrun for example_xcom_args_with_operators to None, run_after=None
[2026-02-12T10:51:43.398+0800] {processor.py:183} INFO - Processing /Users/linghuchong/miniconda3/envs/py310/lib/python3.10/site-packages/airflow/example_dags/example_xcomargs.py took 0.182 seconds
[2026-02-12T10:54:23.139+0800] {processor.py:161} INFO - Started process (PID=2491) to work on /Users/linghuchong/miniconda3/envs/py310/lib/python3.10/site-packages/airflow/example_dags/example_xcomargs.py
[2026-02-12T10:54:23.140+0800] {processor.py:830} INFO - Processing file /Users/linghuchong/miniconda3/envs/py310/lib/python3.10/site-packages/airflow/example_dags/example_xcomargs.py for tasks to queue
[2026-02-12T10:54:23.141+0800] {logging_mixin.py:188} INFO - [2026-02-12T10:54:23.141+0800] {dagbag.py:540} INFO - Filling up the DagBag from /Users/linghuchong/miniconda3/envs/py310/lib/python3.10/site-packages/airflow/example_dags/example_xcomargs.py
[2026-02-12T10:54:23.174+0800] {processor.py:840} INFO - DAG(s) 'example_xcom_args_with_operators', 'example_xcom_args' retrieved from /Users/linghuchong/miniconda3/envs/py310/lib/python3.10/site-packages/airflow/example_dags/example_xcomargs.py
[2026-02-12T10:54:23.282+0800] {logging_mixin.py:188} INFO - [2026-02-12T10:54:23.282+0800] {dag.py:3047} INFO - Sync 2 DAGs
[2026-02-12T10:54:23.291+0800] {logging_mixin.py:188} INFO - [2026-02-12T10:54:23.291+0800] {dag.py:3834} INFO - Setting next_dagrun for example_xcom_args to None, run_after=None
[2026-02-12T10:54:23.294+0800] {logging_mixin.py:188} INFO - [2026-02-12T10:54:23.294+0800] {dag.py:3834} INFO - Setting next_dagrun for example_xcom_args_with_operators to None, run_after=None
[2026-02-12T10:54:23.312+0800] {processor.py:183} INFO - Processing /Users/linghuchong/miniconda3/envs/py310/lib/python3.10/site-packages/airflow/example_dags/example_xcomargs.py took 0.173 seconds
[2026-02-12T11:04:47.808+0800] {processor.py:161} INFO - Started process (PID=2628) to work on /Users/linghuchong/miniconda3/envs/py310/lib/python3.10/site-packages/airflow/example_dags/example_xcomargs.py
[2026-02-12T11:04:47.808+0800] {processor.py:830} INFO - Processing file /Users/linghuchong/miniconda3/envs/py310/lib/python3.10/site-packages/airflow/example_dags/example_xcomargs.py for tasks to queue
[2026-02-12T11:04:47.809+0800] {logging_mixin.py:188} INFO - [2026-02-12T11:04:47.809+0800] {dagbag.py:540} INFO - Filling up the DagBag from /Users/linghuchong/miniconda3/envs/py310/lib/python3.10/site-packages/airflow/example_dags/example_xcomargs.py
[2026-02-12T11:04:47.844+0800] {processor.py:840} INFO - DAG(s) 'example_xcom_args', 'example_xcom_args_with_operators' retrieved from /Users/linghuchong/miniconda3/envs/py310/lib/python3.10/site-packages/airflow/example_dags/example_xcomargs.py
[2026-02-12T11:04:47.983+0800] {logging_mixin.py:188} INFO - [2026-02-12T11:04:47.983+0800] {dag.py:3047} INFO - Sync 2 DAGs
[2026-02-12T11:04:47.994+0800] {logging_mixin.py:188} INFO - [2026-02-12T11:04:47.994+0800] {dag.py:3834} INFO - Setting next_dagrun for example_xcom_args to None, run_after=None
[2026-02-12T11:04:47.997+0800] {logging_mixin.py:188} INFO - [2026-02-12T11:04:47.997+0800] {dag.py:3834} INFO - Setting next_dagrun for example_xcom_args_with_operators to None, run_after=None
[2026-02-12T11:04:48.016+0800] {processor.py:183} INFO - Processing /Users/linghuchong/miniconda3/envs/py310/lib/python3.10/site-packages/airflow/example_dags/example_xcomargs.py took 0.210 seconds
[2026-02-12T11:07:47.833+0800] {processor.py:161} INFO - Started process (PID=2764) to work on /Users/linghuchong/miniconda3/envs/py310/lib/python3.10/site-packages/airflow/example_dags/example_xcomargs.py
[2026-02-12T11:07:47.834+0800] {processor.py:830} INFO - Processing file /Users/linghuchong/miniconda3/envs/py310/lib/python3.10/site-packages/airflow/example_dags/example_xcomargs.py for tasks to queue
[2026-02-12T11:07:47.835+0800] {logging_mixin.py:188} INFO - [2026-02-12T11:07:47.835+0800] {dagbag.py:540} INFO - Filling up the DagBag from /Users/linghuchong/miniconda3/envs/py310/lib/python3.10/site-packages/airflow/example_dags/example_xcomargs.py
[2026-02-12T11:07:47.870+0800] {processor.py:840} INFO - DAG(s) 'example_xcom_args', 'example_xcom_args_with_operators' retrieved from /Users/linghuchong/miniconda3/envs/py310/lib/python3.10/site-packages/airflow/example_dags/example_xcomargs.py
[2026-02-12T11:07:47.987+0800] {logging_mixin.py:188} INFO - [2026-02-12T11:07:47.986+0800] {dag.py:3047} INFO - Sync 2 DAGs
[2026-02-12T11:07:47.996+0800] {logging_mixin.py:188} INFO - [2026-02-12T11:07:47.996+0800] {dag.py:3834} INFO - Setting next_dagrun for example_xcom_args to None, run_after=None
[2026-02-12T11:07:47.999+0800] {logging_mixin.py:188} INFO - [2026-02-12T11:07:47.999+0800] {dag.py:3834} INFO - Setting next_dagrun for example_xcom_args_with_operators to None, run_after=None
[2026-02-12T11:07:48.016+0800] {processor.py:183} INFO - Processing /Users/linghuchong/miniconda3/envs/py310/lib/python3.10/site-packages/airflow/example_dags/example_xcomargs.py took 0.184 seconds
[2026-02-12T11:10:33.031+0800] {processor.py:161} INFO - Started process (PID=2897) to work on /Users/linghuchong/miniconda3/envs/py310/lib/python3.10/site-packages/airflow/example_dags/example_xcomargs.py
[2026-02-12T11:10:33.033+0800] {processor.py:830} INFO - Processing file /Users/linghuchong/miniconda3/envs/py310/lib/python3.10/site-packages/airflow/example_dags/example_xcomargs.py for tasks to queue
[2026-02-12T11:10:33.034+0800] {logging_mixin.py:188} INFO - [2026-02-12T11:10:33.034+0800] {dagbag.py:540} INFO - Filling up the DagBag from /Users/linghuchong/miniconda3/envs/py310/lib/python3.10/site-packages/airflow/example_dags/example_xcomargs.py
[2026-02-12T11:10:33.073+0800] {processor.py:840} INFO - DAG(s) 'example_xcom_args', 'example_xcom_args_with_operators' retrieved from /Users/linghuchong/miniconda3/envs/py310/lib/python3.10/site-packages/airflow/example_dags/example_xcomargs.py
[2026-02-12T11:10:33.195+0800] {logging_mixin.py:188} INFO - [2026-02-12T11:10:33.194+0800] {dag.py:3047} INFO - Sync 2 DAGs
[2026-02-12T11:10:33.204+0800] {logging_mixin.py:188} INFO - [2026-02-12T11:10:33.204+0800] {dag.py:3834} INFO - Setting next_dagrun for example_xcom_args to None, run_after=None
[2026-02-12T11:10:33.207+0800] {logging_mixin.py:188} INFO - [2026-02-12T11:10:33.207+0800] {dag.py:3834} INFO - Setting next_dagrun for example_xcom_args_with_operators to None, run_after=None
[2026-02-12T11:10:33.224+0800] {processor.py:183} INFO - Processing /Users/linghuchong/miniconda3/envs/py310/lib/python3.10/site-packages/airflow/example_dags/example_xcomargs.py took 0.195 seconds
[2026-02-12T11:13:10.146+0800] {processor.py:161} INFO - Started process (PID=2974) to work on /Users/linghuchong/miniconda3/envs/py310/lib/python3.10/site-packages/airflow/example_dags/example_xcomargs.py
[2026-02-12T11:13:10.147+0800] {processor.py:830} INFO - Processing file /Users/linghuchong/miniconda3/envs/py310/lib/python3.10/site-packages/airflow/example_dags/example_xcomargs.py for tasks to queue
[2026-02-12T11:13:10.147+0800] {logging_mixin.py:188} INFO - [2026-02-12T11:13:10.147+0800] {dagbag.py:540} INFO - Filling up the DagBag from /Users/linghuchong/miniconda3/envs/py310/lib/python3.10/site-packages/airflow/example_dags/example_xcomargs.py
[2026-02-12T11:13:10.182+0800] {processor.py:840} INFO - DAG(s) 'example_xcom_args_with_operators', 'example_xcom_args' retrieved from /Users/linghuchong/miniconda3/envs/py310/lib/python3.10/site-packages/airflow/example_dags/example_xcomargs.py
[2026-02-12T11:13:10.294+0800] {logging_mixin.py:188} INFO - [2026-02-12T11:13:10.294+0800] {dag.py:3047} INFO - Sync 2 DAGs
[2026-02-12T11:13:10.304+0800] {logging_mixin.py:188} INFO - [2026-02-12T11:13:10.304+0800] {dag.py:3834} INFO - Setting next_dagrun for example_xcom_args to None, run_after=None
[2026-02-12T11:13:10.307+0800] {logging_mixin.py:188} INFO - [2026-02-12T11:13:10.307+0800] {dag.py:3834} INFO - Setting next_dagrun for example_xcom_args_with_operators to None, run_after=None
[2026-02-12T11:13:10.326+0800] {processor.py:183} INFO - Processing /Users/linghuchong/miniconda3/envs/py310/lib/python3.10/site-packages/airflow/example_dags/example_xcomargs.py took 0.181 seconds
[2026-02-12T11:15:54.179+0800] {processor.py:161} INFO - Started process (PID=3233) to work on /Users/linghuchong/miniconda3/envs/py310/lib/python3.10/site-packages/airflow/example_dags/example_xcomargs.py
[2026-02-12T11:15:54.180+0800] {processor.py:830} INFO - Processing file /Users/linghuchong/miniconda3/envs/py310/lib/python3.10/site-packages/airflow/example_dags/example_xcomargs.py for tasks to queue
[2026-02-12T11:15:54.181+0800] {logging_mixin.py:188} INFO - [2026-02-12T11:15:54.181+0800] {dagbag.py:540} INFO - Filling up the DagBag from /Users/linghuchong/miniconda3/envs/py310/lib/python3.10/site-packages/airflow/example_dags/example_xcomargs.py
[2026-02-12T11:15:54.216+0800] {processor.py:840} INFO - DAG(s) 'example_xcom_args', 'example_xcom_args_with_operators' retrieved from /Users/linghuchong/miniconda3/envs/py310/lib/python3.10/site-packages/airflow/example_dags/example_xcomargs.py
[2026-02-12T11:15:54.331+0800] {logging_mixin.py:188} INFO - [2026-02-12T11:15:54.331+0800] {dag.py:3047} INFO - Sync 2 DAGs
[2026-02-12T11:15:54.340+0800] {logging_mixin.py:188} INFO - [2026-02-12T11:15:54.340+0800] {dag.py:3834} INFO - Setting next_dagrun for example_xcom_args to None, run_after=None
[2026-02-12T11:15:54.343+0800] {logging_mixin.py:188} INFO - [2026-02-12T11:15:54.343+0800] {dag.py:3834} INFO - Setting next_dagrun for example_xcom_args_with_operators to None, run_after=None
[2026-02-12T11:15:54.361+0800] {processor.py:183} INFO - Processing /Users/linghuchong/miniconda3/envs/py310/lib/python3.10/site-packages/airflow/example_dags/example_xcomargs.py took 0.183 seconds
[2026-02-12T11:18:45.402+0800] {processor.py:161} INFO - Started process (PID=3441) to work on /Users/linghuchong/miniconda3/envs/py310/lib/python3.10/site-packages/airflow/example_dags/example_xcomargs.py
[2026-02-12T11:18:45.403+0800] {processor.py:830} INFO - Processing file /Users/linghuchong/miniconda3/envs/py310/lib/python3.10/site-packages/airflow/example_dags/example_xcomargs.py for tasks to queue
[2026-02-12T11:18:45.404+0800] {logging_mixin.py:188} INFO - [2026-02-12T11:18:45.403+0800] {dagbag.py:540} INFO - Filling up the DagBag from /Users/linghuchong/miniconda3/envs/py310/lib/python3.10/site-packages/airflow/example_dags/example_xcomargs.py
[2026-02-12T11:18:45.439+0800] {processor.py:840} INFO - DAG(s) 'example_xcom_args_with_operators', 'example_xcom_args' retrieved from /Users/linghuchong/miniconda3/envs/py310/lib/python3.10/site-packages/airflow/example_dags/example_xcomargs.py
[2026-02-12T11:18:45.460+0800] {logging_mixin.py:188} INFO - [2026-02-12T11:18:45.460+0800] {dag.py:3047} INFO - Sync 2 DAGs
[2026-02-12T11:18:45.547+0800] {logging_mixin.py:188} INFO - [2026-02-12T11:18:45.547+0800] {dag.py:3834} INFO - Setting next_dagrun for example_xcom_args to None, run_after=None
[2026-02-12T11:18:45.550+0800] {logging_mixin.py:188} INFO - [2026-02-12T11:18:45.550+0800] {dag.py:3834} INFO - Setting next_dagrun for example_xcom_args_with_operators to None, run_after=None
[2026-02-12T11:18:45.570+0800] {processor.py:183} INFO - Processing /Users/linghuchong/miniconda3/envs/py310/lib/python3.10/site-packages/airflow/example_dags/example_xcomargs.py took 0.169 seconds
[2026-02-12T11:21:36.471+0800] {processor.py:161} INFO - Started process (PID=3510) to work on /Users/linghuchong/miniconda3/envs/py310/lib/python3.10/site-packages/airflow/example_dags/example_xcomargs.py
[2026-02-12T11:21:36.472+0800] {processor.py:830} INFO - Processing file /Users/linghuchong/miniconda3/envs/py310/lib/python3.10/site-packages/airflow/example_dags/example_xcomargs.py for tasks to queue
[2026-02-12T11:21:36.473+0800] {logging_mixin.py:188} INFO - [2026-02-12T11:21:36.472+0800] {dagbag.py:540} INFO - Filling up the DagBag from /Users/linghuchong/miniconda3/envs/py310/lib/python3.10/site-packages/airflow/example_dags/example_xcomargs.py
[2026-02-12T11:21:36.513+0800] {processor.py:840} INFO - DAG(s) 'example_xcom_args', 'example_xcom_args_with_operators' retrieved from /Users/linghuchong/miniconda3/envs/py310/lib/python3.10/site-packages/airflow/example_dags/example_xcomargs.py
[2026-02-12T11:21:36.748+0800] {logging_mixin.py:188} INFO - [2026-02-12T11:21:36.747+0800] {dag.py:3047} INFO - Sync 2 DAGs
[2026-02-12T11:21:36.758+0800] {logging_mixin.py:188} INFO - [2026-02-12T11:21:36.757+0800] {dag.py:3834} INFO - Setting next_dagrun for example_xcom_args to None, run_after=None
[2026-02-12T11:21:36.761+0800] {logging_mixin.py:188} INFO - [2026-02-12T11:21:36.760+0800] {dag.py:3834} INFO - Setting next_dagrun for example_xcom_args_with_operators to None, run_after=None
[2026-02-12T11:21:36.782+0800] {processor.py:183} INFO - Processing /Users/linghuchong/miniconda3/envs/py310/lib/python3.10/site-packages/airflow/example_dags/example_xcomargs.py took 0.312 seconds
[2026-02-12T11:24:19.676+0800] {processor.py:161} INFO - Started process (PID=3591) to work on /Users/linghuchong/miniconda3/envs/py310/lib/python3.10/site-packages/airflow/example_dags/example_xcomargs.py
[2026-02-12T11:24:19.676+0800] {processor.py:830} INFO - Processing file /Users/linghuchong/miniconda3/envs/py310/lib/python3.10/site-packages/airflow/example_dags/example_xcomargs.py for tasks to queue
[2026-02-12T11:24:19.677+0800] {logging_mixin.py:188} INFO - [2026-02-12T11:24:19.677+0800] {dagbag.py:540} INFO - Filling up the DagBag from /Users/linghuchong/miniconda3/envs/py310/lib/python3.10/site-packages/airflow/example_dags/example_xcomargs.py
[2026-02-12T11:24:19.712+0800] {processor.py:840} INFO - DAG(s) 'example_xcom_args_with_operators', 'example_xcom_args' retrieved from /Users/linghuchong/miniconda3/envs/py310/lib/python3.10/site-packages/airflow/example_dags/example_xcomargs.py
[2026-02-12T11:24:19.823+0800] {logging_mixin.py:188} INFO - [2026-02-12T11:24:19.823+0800] {dag.py:3047} INFO - Sync 2 DAGs
[2026-02-12T11:24:19.832+0800] {logging_mixin.py:188} INFO - [2026-02-12T11:24:19.831+0800] {dag.py:3834} INFO - Setting next_dagrun for example_xcom_args to None, run_after=None
[2026-02-12T11:24:19.835+0800] {logging_mixin.py:188} INFO - [2026-02-12T11:24:19.834+0800] {dag.py:3834} INFO - Setting next_dagrun for example_xcom_args_with_operators to None, run_after=None
[2026-02-12T11:24:19.853+0800] {processor.py:183} INFO - Processing /Users/linghuchong/miniconda3/envs/py310/lib/python3.10/site-packages/airflow/example_dags/example_xcomargs.py took 0.178 seconds
[2026-02-12T11:26:57.450+0800] {processor.py:161} INFO - Started process (PID=3752) to work on /Users/linghuchong/miniconda3/envs/py310/lib/python3.10/site-packages/airflow/example_dags/example_xcomargs.py
[2026-02-12T11:26:57.451+0800] {processor.py:830} INFO - Processing file /Users/linghuchong/miniconda3/envs/py310/lib/python3.10/site-packages/airflow/example_dags/example_xcomargs.py for tasks to queue
[2026-02-12T11:26:57.452+0800] {logging_mixin.py:188} INFO - [2026-02-12T11:26:57.452+0800] {dagbag.py:540} INFO - Filling up the DagBag from /Users/linghuchong/miniconda3/envs/py310/lib/python3.10/site-packages/airflow/example_dags/example_xcomargs.py
[2026-02-12T11:26:57.488+0800] {processor.py:840} INFO - DAG(s) 'example_xcom_args', 'example_xcom_args_with_operators' retrieved from /Users/linghuchong/miniconda3/envs/py310/lib/python3.10/site-packages/airflow/example_dags/example_xcomargs.py
[2026-02-12T11:26:57.605+0800] {logging_mixin.py:188} INFO - [2026-02-12T11:26:57.605+0800] {dag.py:3047} INFO - Sync 2 DAGs
[2026-02-12T11:26:57.615+0800] {logging_mixin.py:188} INFO - [2026-02-12T11:26:57.614+0800] {dag.py:3834} INFO - Setting next_dagrun for example_xcom_args to None, run_after=None
[2026-02-12T11:26:57.618+0800] {logging_mixin.py:188} INFO - [2026-02-12T11:26:57.617+0800] {dag.py:3834} INFO - Setting next_dagrun for example_xcom_args_with_operators to None, run_after=None
[2026-02-12T11:26:57.637+0800] {processor.py:183} INFO - Processing /Users/linghuchong/miniconda3/envs/py310/lib/python3.10/site-packages/airflow/example_dags/example_xcomargs.py took 0.187 seconds
[2026-02-12T11:29:36.622+0800] {processor.py:161} INFO - Started process (PID=3811) to work on /Users/linghuchong/miniconda3/envs/py310/lib/python3.10/site-packages/airflow/example_dags/example_xcomargs.py
[2026-02-12T11:29:36.623+0800] {processor.py:830} INFO - Processing file /Users/linghuchong/miniconda3/envs/py310/lib/python3.10/site-packages/airflow/example_dags/example_xcomargs.py for tasks to queue
[2026-02-12T11:29:36.623+0800] {logging_mixin.py:188} INFO - [2026-02-12T11:29:36.623+0800] {dagbag.py:540} INFO - Filling up the DagBag from /Users/linghuchong/miniconda3/envs/py310/lib/python3.10/site-packages/airflow/example_dags/example_xcomargs.py
[2026-02-12T11:29:36.664+0800] {processor.py:840} INFO - DAG(s) 'example_xcom_args_with_operators', 'example_xcom_args' retrieved from /Users/linghuchong/miniconda3/envs/py310/lib/python3.10/site-packages/airflow/example_dags/example_xcomargs.py
[2026-02-12T11:29:36.788+0800] {logging_mixin.py:188} INFO - [2026-02-12T11:29:36.788+0800] {dag.py:3047} INFO - Sync 2 DAGs
[2026-02-12T11:29:36.798+0800] {logging_mixin.py:188} INFO - [2026-02-12T11:29:36.798+0800] {dag.py:3834} INFO - Setting next_dagrun for example_xcom_args to None, run_after=None
[2026-02-12T11:29:36.801+0800] {logging_mixin.py:188} INFO - [2026-02-12T11:29:36.801+0800] {dag.py:3834} INFO - Setting next_dagrun for example_xcom_args_with_operators to None, run_after=None
[2026-02-12T11:29:36.820+0800] {processor.py:183} INFO - Processing /Users/linghuchong/miniconda3/envs/py310/lib/python3.10/site-packages/airflow/example_dags/example_xcomargs.py took 0.199 seconds
[2026-02-12T11:32:24.641+0800] {processor.py:161} INFO - Started process (PID=3903) to work on /Users/linghuchong/miniconda3/envs/py310/lib/python3.10/site-packages/airflow/example_dags/example_xcomargs.py
[2026-02-12T11:32:24.643+0800] {processor.py:830} INFO - Processing file /Users/linghuchong/miniconda3/envs/py310/lib/python3.10/site-packages/airflow/example_dags/example_xcomargs.py for tasks to queue
[2026-02-12T11:32:24.645+0800] {logging_mixin.py:188} INFO - [2026-02-12T11:32:24.644+0800] {dagbag.py:540} INFO - Filling up the DagBag from /Users/linghuchong/miniconda3/envs/py310/lib/python3.10/site-packages/airflow/example_dags/example_xcomargs.py
[2026-02-12T11:32:24.680+0800] {processor.py:840} INFO - DAG(s) 'example_xcom_args_with_operators', 'example_xcom_args' retrieved from /Users/linghuchong/miniconda3/envs/py310/lib/python3.10/site-packages/airflow/example_dags/example_xcomargs.py
[2026-02-12T11:32:24.794+0800] {logging_mixin.py:188} INFO - [2026-02-12T11:32:24.793+0800] {dag.py:3047} INFO - Sync 2 DAGs
[2026-02-12T11:32:24.803+0800] {logging_mixin.py:188} INFO - [2026-02-12T11:32:24.803+0800] {dag.py:3834} INFO - Setting next_dagrun for example_xcom_args to None, run_after=None
[2026-02-12T11:32:24.806+0800] {logging_mixin.py:188} INFO - [2026-02-12T11:32:24.806+0800] {dag.py:3834} INFO - Setting next_dagrun for example_xcom_args_with_operators to None, run_after=None
[2026-02-12T11:32:24.825+0800] {processor.py:183} INFO - Processing /Users/linghuchong/miniconda3/envs/py310/lib/python3.10/site-packages/airflow/example_dags/example_xcomargs.py took 0.185 seconds
[2026-02-12T11:35:22.184+0800] {processor.py:161} INFO - Started process (PID=4064) to work on /Users/linghuchong/miniconda3/envs/py310/lib/python3.10/site-packages/airflow/example_dags/example_xcomargs.py
[2026-02-12T11:35:22.187+0800] {processor.py:830} INFO - Processing file /Users/linghuchong/miniconda3/envs/py310/lib/python3.10/site-packages/airflow/example_dags/example_xcomargs.py for tasks to queue
[2026-02-12T11:35:22.188+0800] {logging_mixin.py:188} INFO - [2026-02-12T11:35:22.187+0800] {dagbag.py:540} INFO - Filling up the DagBag from /Users/linghuchong/miniconda3/envs/py310/lib/python3.10/site-packages/airflow/example_dags/example_xcomargs.py
[2026-02-12T11:35:22.226+0800] {processor.py:840} INFO - DAG(s) 'example_xcom_args_with_operators', 'example_xcom_args' retrieved from /Users/linghuchong/miniconda3/envs/py310/lib/python3.10/site-packages/airflow/example_dags/example_xcomargs.py
[2026-02-12T11:35:22.342+0800] {logging_mixin.py:188} INFO - [2026-02-12T11:35:22.341+0800] {dag.py:3047} INFO - Sync 2 DAGs
[2026-02-12T11:35:22.351+0800] {logging_mixin.py:188} INFO - [2026-02-12T11:35:22.351+0800] {dag.py:3834} INFO - Setting next_dagrun for example_xcom_args to None, run_after=None
[2026-02-12T11:35:22.354+0800] {logging_mixin.py:188} INFO - [2026-02-12T11:35:22.354+0800] {dag.py:3834} INFO - Setting next_dagrun for example_xcom_args_with_operators to None, run_after=None
[2026-02-12T11:35:22.375+0800] {processor.py:183} INFO - Processing /Users/linghuchong/miniconda3/envs/py310/lib/python3.10/site-packages/airflow/example_dags/example_xcomargs.py took 0.192 seconds
[2026-02-12T11:38:20.495+0800] {processor.py:161} INFO - Started process (PID=4276) to work on /Users/linghuchong/miniconda3/envs/py310/lib/python3.10/site-packages/airflow/example_dags/example_xcomargs.py
[2026-02-12T11:38:20.497+0800] {processor.py:830} INFO - Processing file /Users/linghuchong/miniconda3/envs/py310/lib/python3.10/site-packages/airflow/example_dags/example_xcomargs.py for tasks to queue
[2026-02-12T11:38:20.498+0800] {logging_mixin.py:188} INFO - [2026-02-12T11:38:20.498+0800] {dagbag.py:540} INFO - Filling up the DagBag from /Users/linghuchong/miniconda3/envs/py310/lib/python3.10/site-packages/airflow/example_dags/example_xcomargs.py
[2026-02-12T11:38:20.551+0800] {processor.py:840} INFO - DAG(s) 'example_xcom_args', 'example_xcom_args_with_operators' retrieved from /Users/linghuchong/miniconda3/envs/py310/lib/python3.10/site-packages/airflow/example_dags/example_xcomargs.py
[2026-02-12T11:38:20.666+0800] {logging_mixin.py:188} INFO - [2026-02-12T11:38:20.666+0800] {dag.py:3047} INFO - Sync 2 DAGs
[2026-02-12T11:38:20.675+0800] {logging_mixin.py:188} INFO - [2026-02-12T11:38:20.675+0800] {dag.py:3834} INFO - Setting next_dagrun for example_xcom_args to None, run_after=None
[2026-02-12T11:38:20.678+0800] {logging_mixin.py:188} INFO - [2026-02-12T11:38:20.678+0800] {dag.py:3834} INFO - Setting next_dagrun for example_xcom_args_with_operators to None, run_after=None
[2026-02-12T11:38:20.700+0800] {processor.py:183} INFO - Processing /Users/linghuchong/miniconda3/envs/py310/lib/python3.10/site-packages/airflow/example_dags/example_xcomargs.py took 0.206 seconds
[2026-02-12T11:43:07.738+0800] {processor.py:161} INFO - Started process (PID=4543) to work on /Users/linghuchong/miniconda3/envs/py310/lib/python3.10/site-packages/airflow/example_dags/example_xcomargs.py
[2026-02-12T11:43:07.741+0800] {processor.py:830} INFO - Processing file /Users/linghuchong/miniconda3/envs/py310/lib/python3.10/site-packages/airflow/example_dags/example_xcomargs.py for tasks to queue
[2026-02-12T11:43:07.742+0800] {logging_mixin.py:188} INFO - [2026-02-12T11:43:07.741+0800] {dagbag.py:540} INFO - Filling up the DagBag from /Users/linghuchong/miniconda3/envs/py310/lib/python3.10/site-packages/airflow/example_dags/example_xcomargs.py
[2026-02-12T11:43:07.778+0800] {processor.py:840} INFO - DAG(s) 'example_xcom_args_with_operators', 'example_xcom_args' retrieved from /Users/linghuchong/miniconda3/envs/py310/lib/python3.10/site-packages/airflow/example_dags/example_xcomargs.py
[2026-02-12T11:43:07.975+0800] {logging_mixin.py:188} INFO - [2026-02-12T11:43:07.975+0800] {dag.py:3047} INFO - Sync 2 DAGs
[2026-02-12T11:43:07.984+0800] {logging_mixin.py:188} INFO - [2026-02-12T11:43:07.983+0800] {dag.py:3834} INFO - Setting next_dagrun for example_xcom_args to None, run_after=None
[2026-02-12T11:43:07.986+0800] {logging_mixin.py:188} INFO - [2026-02-12T11:43:07.986+0800] {dag.py:3834} INFO - Setting next_dagrun for example_xcom_args_with_operators to None, run_after=None
[2026-02-12T11:43:08.006+0800] {processor.py:183} INFO - Processing /Users/linghuchong/miniconda3/envs/py310/lib/python3.10/site-packages/airflow/example_dags/example_xcomargs.py took 0.269 seconds
[2026-02-12T11:46:02.854+0800] {processor.py:161} INFO - Started process (PID=4651) to work on /Users/linghuchong/miniconda3/envs/py310/lib/python3.10/site-packages/airflow/example_dags/example_xcomargs.py
[2026-02-12T11:46:02.857+0800] {processor.py:830} INFO - Processing file /Users/linghuchong/miniconda3/envs/py310/lib/python3.10/site-packages/airflow/example_dags/example_xcomargs.py for tasks to queue
[2026-02-12T11:46:02.858+0800] {logging_mixin.py:188} INFO - [2026-02-12T11:46:02.858+0800] {dagbag.py:540} INFO - Filling up the DagBag from /Users/linghuchong/miniconda3/envs/py310/lib/python3.10/site-packages/airflow/example_dags/example_xcomargs.py
[2026-02-12T11:46:02.892+0800] {processor.py:840} INFO - DAG(s) 'example_xcom_args_with_operators', 'example_xcom_args' retrieved from /Users/linghuchong/miniconda3/envs/py310/lib/python3.10/site-packages/airflow/example_dags/example_xcomargs.py
[2026-02-12T11:46:03.004+0800] {logging_mixin.py:188} INFO - [2026-02-12T11:46:03.003+0800] {dag.py:3047} INFO - Sync 2 DAGs
[2026-02-12T11:46:03.013+0800] {logging_mixin.py:188} INFO - [2026-02-12T11:46:03.013+0800] {dag.py:3834} INFO - Setting next_dagrun for example_xcom_args to None, run_after=None
[2026-02-12T11:46:03.017+0800] {logging_mixin.py:188} INFO - [2026-02-12T11:46:03.016+0800] {dag.py:3834} INFO - Setting next_dagrun for example_xcom_args_with_operators to None, run_after=None
[2026-02-12T11:46:03.036+0800] {processor.py:183} INFO - Processing /Users/linghuchong/miniconda3/envs/py310/lib/python3.10/site-packages/airflow/example_dags/example_xcomargs.py took 0.183 seconds
[2026-02-12T11:48:51.343+0800] {processor.py:161} INFO - Started process (PID=4712) to work on /Users/linghuchong/miniconda3/envs/py310/lib/python3.10/site-packages/airflow/example_dags/example_xcomargs.py
[2026-02-12T11:48:51.345+0800] {processor.py:830} INFO - Processing file /Users/linghuchong/miniconda3/envs/py310/lib/python3.10/site-packages/airflow/example_dags/example_xcomargs.py for tasks to queue
[2026-02-12T11:48:51.346+0800] {logging_mixin.py:188} INFO - [2026-02-12T11:48:51.346+0800] {dagbag.py:540} INFO - Filling up the DagBag from /Users/linghuchong/miniconda3/envs/py310/lib/python3.10/site-packages/airflow/example_dags/example_xcomargs.py
[2026-02-12T11:48:51.395+0800] {processor.py:840} INFO - DAG(s) 'example_xcom_args', 'example_xcom_args_with_operators' retrieved from /Users/linghuchong/miniconda3/envs/py310/lib/python3.10/site-packages/airflow/example_dags/example_xcomargs.py
[2026-02-12T11:48:51.551+0800] {logging_mixin.py:188} INFO - [2026-02-12T11:48:51.550+0800] {dag.py:3047} INFO - Sync 2 DAGs
[2026-02-12T11:48:51.561+0800] {logging_mixin.py:188} INFO - [2026-02-12T11:48:51.561+0800] {dag.py:3834} INFO - Setting next_dagrun for example_xcom_args to None, run_after=None
[2026-02-12T11:48:51.565+0800] {logging_mixin.py:188} INFO - [2026-02-12T11:48:51.565+0800] {dag.py:3834} INFO - Setting next_dagrun for example_xcom_args_with_operators to None, run_after=None
[2026-02-12T11:48:51.591+0800] {processor.py:183} INFO - Processing /Users/linghuchong/miniconda3/envs/py310/lib/python3.10/site-packages/airflow/example_dags/example_xcomargs.py took 0.249 seconds
[2026-02-12T11:51:38.127+0800] {processor.py:161} INFO - Started process (PID=4773) to work on /Users/linghuchong/miniconda3/envs/py310/lib/python3.10/site-packages/airflow/example_dags/example_xcomargs.py
[2026-02-12T11:51:38.128+0800] {processor.py:830} INFO - Processing file /Users/linghuchong/miniconda3/envs/py310/lib/python3.10/site-packages/airflow/example_dags/example_xcomargs.py for tasks to queue
[2026-02-12T11:51:38.129+0800] {logging_mixin.py:188} INFO - [2026-02-12T11:51:38.128+0800] {dagbag.py:540} INFO - Filling up the DagBag from /Users/linghuchong/miniconda3/envs/py310/lib/python3.10/site-packages/airflow/example_dags/example_xcomargs.py
[2026-02-12T11:51:38.162+0800] {processor.py:840} INFO - DAG(s) 'example_xcom_args', 'example_xcom_args_with_operators' retrieved from /Users/linghuchong/miniconda3/envs/py310/lib/python3.10/site-packages/airflow/example_dags/example_xcomargs.py
[2026-02-12T11:51:38.278+0800] {logging_mixin.py:188} INFO - [2026-02-12T11:51:38.278+0800] {dag.py:3047} INFO - Sync 2 DAGs
[2026-02-12T11:51:38.287+0800] {logging_mixin.py:188} INFO - [2026-02-12T11:51:38.287+0800] {dag.py:3834} INFO - Setting next_dagrun for example_xcom_args to None, run_after=None
[2026-02-12T11:51:38.290+0800] {logging_mixin.py:188} INFO - [2026-02-12T11:51:38.290+0800] {dag.py:3834} INFO - Setting next_dagrun for example_xcom_args_with_operators to None, run_after=None
[2026-02-12T11:51:38.312+0800] {processor.py:183} INFO - Processing /Users/linghuchong/miniconda3/envs/py310/lib/python3.10/site-packages/airflow/example_dags/example_xcomargs.py took 0.186 seconds
