[2026-02-12T10:46:58.561+0800] {processor.py:161} INFO - Started process (PID=2284) to work on /Users/linghuchong/miniconda3/envs/py310/lib/python3.10/site-packages/airflow/example_dags/example_local_kubernetes_executor.py
[2026-02-12T10:46:58.562+0800] {processor.py:830} INFO - Processing file /Users/linghuchong/miniconda3/envs/py310/lib/python3.10/site-packages/airflow/example_dags/example_local_kubernetes_executor.py for tasks to queue
[2026-02-12T10:46:58.563+0800] {logging_mixin.py:188} INFO - [2026-02-12T10:46:58.563+0800] {dagbag.py:540} INFO - Filling up the DagBag from /Users/linghuchong/miniconda3/envs/py310/lib/python3.10/site-packages/airflow/example_dags/example_local_kubernetes_executor.py
[2026-02-12T10:46:58.597+0800] {processor.py:840} INFO - DAG(s) 'example_local_kubernetes_executor' retrieved from /Users/linghuchong/miniconda3/envs/py310/lib/python3.10/site-packages/airflow/example_dags/example_local_kubernetes_executor.py
[2026-02-12T10:46:58.710+0800] {logging_mixin.py:188} INFO - [2026-02-12T10:46:58.710+0800] {dag.py:3047} INFO - Sync 1 DAGs
[2026-02-12T10:46:58.721+0800] {logging_mixin.py:188} INFO - [2026-02-12T10:46:58.721+0800] {dag.py:3834} INFO - Setting next_dagrun for example_local_kubernetes_executor to None, run_after=None
[2026-02-12T10:46:58.741+0800] {processor.py:183} INFO - Processing /Users/linghuchong/miniconda3/envs/py310/lib/python3.10/site-packages/airflow/example_dags/example_local_kubernetes_executor.py took 0.180 seconds
[2026-02-12T10:50:21.449+0800] {processor.py:161} INFO - Started process (PID=2385) to work on /Users/linghuchong/miniconda3/envs/py310/lib/python3.10/site-packages/airflow/example_dags/example_local_kubernetes_executor.py
[2026-02-12T10:50:21.452+0800] {processor.py:830} INFO - Processing file /Users/linghuchong/miniconda3/envs/py310/lib/python3.10/site-packages/airflow/example_dags/example_local_kubernetes_executor.py for tasks to queue
[2026-02-12T10:50:21.453+0800] {logging_mixin.py:188} INFO - [2026-02-12T10:50:21.453+0800] {dagbag.py:540} INFO - Filling up the DagBag from /Users/linghuchong/miniconda3/envs/py310/lib/python3.10/site-packages/airflow/example_dags/example_local_kubernetes_executor.py
[2026-02-12T10:50:21.486+0800] {processor.py:840} INFO - DAG(s) 'example_local_kubernetes_executor' retrieved from /Users/linghuchong/miniconda3/envs/py310/lib/python3.10/site-packages/airflow/example_dags/example_local_kubernetes_executor.py
[2026-02-12T10:50:21.596+0800] {logging_mixin.py:188} INFO - [2026-02-12T10:50:21.596+0800] {dag.py:3047} INFO - Sync 1 DAGs
[2026-02-12T10:50:21.605+0800] {logging_mixin.py:188} INFO - [2026-02-12T10:50:21.605+0800] {dag.py:3834} INFO - Setting next_dagrun for example_local_kubernetes_executor to None, run_after=None
[2026-02-12T10:50:21.625+0800] {processor.py:183} INFO - Processing /Users/linghuchong/miniconda3/envs/py310/lib/python3.10/site-packages/airflow/example_dags/example_local_kubernetes_executor.py took 0.177 seconds
[2026-02-12T10:53:02.077+0800] {processor.py:161} INFO - Started process (PID=2454) to work on /Users/linghuchong/miniconda3/envs/py310/lib/python3.10/site-packages/airflow/example_dags/example_local_kubernetes_executor.py
[2026-02-12T10:53:02.078+0800] {processor.py:830} INFO - Processing file /Users/linghuchong/miniconda3/envs/py310/lib/python3.10/site-packages/airflow/example_dags/example_local_kubernetes_executor.py for tasks to queue
[2026-02-12T10:53:02.079+0800] {logging_mixin.py:188} INFO - [2026-02-12T10:53:02.078+0800] {dagbag.py:540} INFO - Filling up the DagBag from /Users/linghuchong/miniconda3/envs/py310/lib/python3.10/site-packages/airflow/example_dags/example_local_kubernetes_executor.py
[2026-02-12T10:53:02.113+0800] {processor.py:840} INFO - DAG(s) 'example_local_kubernetes_executor' retrieved from /Users/linghuchong/miniconda3/envs/py310/lib/python3.10/site-packages/airflow/example_dags/example_local_kubernetes_executor.py
[2026-02-12T10:53:02.228+0800] {logging_mixin.py:188} INFO - [2026-02-12T10:53:02.228+0800] {dag.py:3047} INFO - Sync 1 DAGs
[2026-02-12T10:53:02.237+0800] {logging_mixin.py:188} INFO - [2026-02-12T10:53:02.237+0800] {dag.py:3834} INFO - Setting next_dagrun for example_local_kubernetes_executor to None, run_after=None
[2026-02-12T10:53:02.258+0800] {processor.py:183} INFO - Processing /Users/linghuchong/miniconda3/envs/py310/lib/python3.10/site-packages/airflow/example_dags/example_local_kubernetes_executor.py took 0.182 seconds
[2026-02-12T10:55:58.720+0800] {processor.py:161} INFO - Started process (PID=2525) to work on /Users/linghuchong/miniconda3/envs/py310/lib/python3.10/site-packages/airflow/example_dags/example_local_kubernetes_executor.py
[2026-02-12T10:55:58.721+0800] {processor.py:830} INFO - Processing file /Users/linghuchong/miniconda3/envs/py310/lib/python3.10/site-packages/airflow/example_dags/example_local_kubernetes_executor.py for tasks to queue
[2026-02-12T10:55:58.722+0800] {logging_mixin.py:188} INFO - [2026-02-12T10:55:58.722+0800] {dagbag.py:540} INFO - Filling up the DagBag from /Users/linghuchong/miniconda3/envs/py310/lib/python3.10/site-packages/airflow/example_dags/example_local_kubernetes_executor.py
[2026-02-12T10:55:58.753+0800] {processor.py:840} INFO - DAG(s) 'example_local_kubernetes_executor' retrieved from /Users/linghuchong/miniconda3/envs/py310/lib/python3.10/site-packages/airflow/example_dags/example_local_kubernetes_executor.py
[2026-02-12T10:55:58.859+0800] {logging_mixin.py:188} INFO - [2026-02-12T10:55:58.859+0800] {dag.py:3047} INFO - Sync 1 DAGs
[2026-02-12T10:55:58.868+0800] {logging_mixin.py:188} INFO - [2026-02-12T10:55:58.867+0800] {dag.py:3834} INFO - Setting next_dagrun for example_local_kubernetes_executor to None, run_after=None
[2026-02-12T10:55:58.885+0800] {processor.py:183} INFO - Processing /Users/linghuchong/miniconda3/envs/py310/lib/python3.10/site-packages/airflow/example_dags/example_local_kubernetes_executor.py took 0.166 seconds
[2026-02-12T11:06:15.372+0800] {processor.py:161} INFO - Started process (PID=2677) to work on /Users/linghuchong/miniconda3/envs/py310/lib/python3.10/site-packages/airflow/example_dags/example_local_kubernetes_executor.py
[2026-02-12T11:06:15.375+0800] {processor.py:830} INFO - Processing file /Users/linghuchong/miniconda3/envs/py310/lib/python3.10/site-packages/airflow/example_dags/example_local_kubernetes_executor.py for tasks to queue
[2026-02-12T11:06:15.376+0800] {logging_mixin.py:188} INFO - [2026-02-12T11:06:15.376+0800] {dagbag.py:540} INFO - Filling up the DagBag from /Users/linghuchong/miniconda3/envs/py310/lib/python3.10/site-packages/airflow/example_dags/example_local_kubernetes_executor.py
[2026-02-12T11:06:15.420+0800] {processor.py:840} INFO - DAG(s) 'example_local_kubernetes_executor' retrieved from /Users/linghuchong/miniconda3/envs/py310/lib/python3.10/site-packages/airflow/example_dags/example_local_kubernetes_executor.py
[2026-02-12T11:06:15.552+0800] {logging_mixin.py:188} INFO - [2026-02-12T11:06:15.552+0800] {dag.py:3047} INFO - Sync 1 DAGs
[2026-02-12T11:06:15.563+0800] {logging_mixin.py:188} INFO - [2026-02-12T11:06:15.562+0800] {dag.py:3834} INFO - Setting next_dagrun for example_local_kubernetes_executor to None, run_after=None
[2026-02-12T11:06:15.588+0800] {processor.py:183} INFO - Processing /Users/linghuchong/miniconda3/envs/py310/lib/python3.10/site-packages/airflow/example_dags/example_local_kubernetes_executor.py took 0.217 seconds
[2026-02-12T11:09:11.812+0800] {processor.py:161} INFO - Started process (PID=2852) to work on /Users/linghuchong/miniconda3/envs/py310/lib/python3.10/site-packages/airflow/example_dags/example_local_kubernetes_executor.py
[2026-02-12T11:09:11.815+0800] {processor.py:830} INFO - Processing file /Users/linghuchong/miniconda3/envs/py310/lib/python3.10/site-packages/airflow/example_dags/example_local_kubernetes_executor.py for tasks to queue
[2026-02-12T11:09:11.816+0800] {logging_mixin.py:188} INFO - [2026-02-12T11:09:11.816+0800] {dagbag.py:540} INFO - Filling up the DagBag from /Users/linghuchong/miniconda3/envs/py310/lib/python3.10/site-packages/airflow/example_dags/example_local_kubernetes_executor.py
[2026-02-12T11:09:11.849+0800] {processor.py:840} INFO - DAG(s) 'example_local_kubernetes_executor' retrieved from /Users/linghuchong/miniconda3/envs/py310/lib/python3.10/site-packages/airflow/example_dags/example_local_kubernetes_executor.py
[2026-02-12T11:09:11.956+0800] {logging_mixin.py:188} INFO - [2026-02-12T11:09:11.956+0800] {dag.py:3047} INFO - Sync 1 DAGs
[2026-02-12T11:09:11.965+0800] {logging_mixin.py:188} INFO - [2026-02-12T11:09:11.964+0800] {dag.py:3834} INFO - Setting next_dagrun for example_local_kubernetes_executor to None, run_after=None
[2026-02-12T11:09:11.985+0800] {processor.py:183} INFO - Processing /Users/linghuchong/miniconda3/envs/py310/lib/python3.10/site-packages/airflow/example_dags/example_local_kubernetes_executor.py took 0.174 seconds
[2026-02-12T11:11:53.821+0800] {processor.py:161} INFO - Started process (PID=2941) to work on /Users/linghuchong/miniconda3/envs/py310/lib/python3.10/site-packages/airflow/example_dags/example_local_kubernetes_executor.py
[2026-02-12T11:11:53.822+0800] {processor.py:830} INFO - Processing file /Users/linghuchong/miniconda3/envs/py310/lib/python3.10/site-packages/airflow/example_dags/example_local_kubernetes_executor.py for tasks to queue
[2026-02-12T11:11:53.823+0800] {logging_mixin.py:188} INFO - [2026-02-12T11:11:53.823+0800] {dagbag.py:540} INFO - Filling up the DagBag from /Users/linghuchong/miniconda3/envs/py310/lib/python3.10/site-packages/airflow/example_dags/example_local_kubernetes_executor.py
[2026-02-12T11:11:53.863+0800] {processor.py:840} INFO - DAG(s) 'example_local_kubernetes_executor' retrieved from /Users/linghuchong/miniconda3/envs/py310/lib/python3.10/site-packages/airflow/example_dags/example_local_kubernetes_executor.py
[2026-02-12T11:11:53.971+0800] {logging_mixin.py:188} INFO - [2026-02-12T11:11:53.970+0800] {dag.py:3047} INFO - Sync 1 DAGs
[2026-02-12T11:11:53.979+0800] {logging_mixin.py:188} INFO - [2026-02-12T11:11:53.979+0800] {dag.py:3834} INFO - Setting next_dagrun for example_local_kubernetes_executor to None, run_after=None
[2026-02-12T11:11:54.000+0800] {processor.py:183} INFO - Processing /Users/linghuchong/miniconda3/envs/py310/lib/python3.10/site-packages/airflow/example_dags/example_local_kubernetes_executor.py took 0.180 seconds
[2026-02-12T11:14:32.752+0800] {processor.py:161} INFO - Started process (PID=3005) to work on /Users/linghuchong/miniconda3/envs/py310/lib/python3.10/site-packages/airflow/example_dags/example_local_kubernetes_executor.py
[2026-02-12T11:14:32.753+0800] {processor.py:830} INFO - Processing file /Users/linghuchong/miniconda3/envs/py310/lib/python3.10/site-packages/airflow/example_dags/example_local_kubernetes_executor.py for tasks to queue
[2026-02-12T11:14:32.754+0800] {logging_mixin.py:188} INFO - [2026-02-12T11:14:32.754+0800] {dagbag.py:540} INFO - Filling up the DagBag from /Users/linghuchong/miniconda3/envs/py310/lib/python3.10/site-packages/airflow/example_dags/example_local_kubernetes_executor.py
[2026-02-12T11:14:32.796+0800] {processor.py:840} INFO - DAG(s) 'example_local_kubernetes_executor' retrieved from /Users/linghuchong/miniconda3/envs/py310/lib/python3.10/site-packages/airflow/example_dags/example_local_kubernetes_executor.py
[2026-02-12T11:14:32.934+0800] {logging_mixin.py:188} INFO - [2026-02-12T11:14:32.934+0800] {dag.py:3047} INFO - Sync 1 DAGs
[2026-02-12T11:14:32.945+0800] {logging_mixin.py:188} INFO - [2026-02-12T11:14:32.945+0800] {dag.py:3834} INFO - Setting next_dagrun for example_local_kubernetes_executor to None, run_after=None
[2026-02-12T11:14:32.969+0800] {processor.py:183} INFO - Processing /Users/linghuchong/miniconda3/envs/py310/lib/python3.10/site-packages/airflow/example_dags/example_local_kubernetes_executor.py took 0.217 seconds
[2026-02-12T11:17:14.143+0800] {processor.py:161} INFO - Started process (PID=3289) to work on /Users/linghuchong/miniconda3/envs/py310/lib/python3.10/site-packages/airflow/example_dags/example_local_kubernetes_executor.py
[2026-02-12T11:17:14.144+0800] {processor.py:830} INFO - Processing file /Users/linghuchong/miniconda3/envs/py310/lib/python3.10/site-packages/airflow/example_dags/example_local_kubernetes_executor.py for tasks to queue
[2026-02-12T11:17:14.144+0800] {logging_mixin.py:188} INFO - [2026-02-12T11:17:14.144+0800] {dagbag.py:540} INFO - Filling up the DagBag from /Users/linghuchong/miniconda3/envs/py310/lib/python3.10/site-packages/airflow/example_dags/example_local_kubernetes_executor.py
[2026-02-12T11:17:14.179+0800] {processor.py:840} INFO - DAG(s) 'example_local_kubernetes_executor' retrieved from /Users/linghuchong/miniconda3/envs/py310/lib/python3.10/site-packages/airflow/example_dags/example_local_kubernetes_executor.py
[2026-02-12T11:17:14.291+0800] {logging_mixin.py:188} INFO - [2026-02-12T11:17:14.290+0800] {dag.py:3047} INFO - Sync 1 DAGs
[2026-02-12T11:17:14.299+0800] {logging_mixin.py:188} INFO - [2026-02-12T11:17:14.299+0800] {dag.py:3834} INFO - Setting next_dagrun for example_local_kubernetes_executor to None, run_after=None
[2026-02-12T11:17:14.321+0800] {processor.py:183} INFO - Processing /Users/linghuchong/miniconda3/envs/py310/lib/python3.10/site-packages/airflow/example_dags/example_local_kubernetes_executor.py took 0.179 seconds
[2026-02-12T11:20:05.295+0800] {processor.py:161} INFO - Started process (PID=3473) to work on /Users/linghuchong/miniconda3/envs/py310/lib/python3.10/site-packages/airflow/example_dags/example_local_kubernetes_executor.py
[2026-02-12T11:20:05.295+0800] {processor.py:830} INFO - Processing file /Users/linghuchong/miniconda3/envs/py310/lib/python3.10/site-packages/airflow/example_dags/example_local_kubernetes_executor.py for tasks to queue
[2026-02-12T11:20:05.296+0800] {logging_mixin.py:188} INFO - [2026-02-12T11:20:05.296+0800] {dagbag.py:540} INFO - Filling up the DagBag from /Users/linghuchong/miniconda3/envs/py310/lib/python3.10/site-packages/airflow/example_dags/example_local_kubernetes_executor.py
[2026-02-12T11:20:05.331+0800] {processor.py:840} INFO - DAG(s) 'example_local_kubernetes_executor' retrieved from /Users/linghuchong/miniconda3/envs/py310/lib/python3.10/site-packages/airflow/example_dags/example_local_kubernetes_executor.py
[2026-02-12T11:20:05.526+0800] {logging_mixin.py:188} INFO - [2026-02-12T11:20:05.525+0800] {dag.py:3047} INFO - Sync 1 DAGs
[2026-02-12T11:20:05.536+0800] {logging_mixin.py:188} INFO - [2026-02-12T11:20:05.535+0800] {dag.py:3834} INFO - Setting next_dagrun for example_local_kubernetes_executor to None, run_after=None
[2026-02-12T11:20:05.565+0800] {processor.py:183} INFO - Processing /Users/linghuchong/miniconda3/envs/py310/lib/python3.10/site-packages/airflow/example_dags/example_local_kubernetes_executor.py took 0.271 seconds
[2026-02-12T11:22:57.555+0800] {processor.py:161} INFO - Started process (PID=3544) to work on /Users/linghuchong/miniconda3/envs/py310/lib/python3.10/site-packages/airflow/example_dags/example_local_kubernetes_executor.py
[2026-02-12T11:22:57.556+0800] {processor.py:830} INFO - Processing file /Users/linghuchong/miniconda3/envs/py310/lib/python3.10/site-packages/airflow/example_dags/example_local_kubernetes_executor.py for tasks to queue
[2026-02-12T11:22:57.557+0800] {logging_mixin.py:188} INFO - [2026-02-12T11:22:57.557+0800] {dagbag.py:540} INFO - Filling up the DagBag from /Users/linghuchong/miniconda3/envs/py310/lib/python3.10/site-packages/airflow/example_dags/example_local_kubernetes_executor.py
[2026-02-12T11:22:57.595+0800] {processor.py:840} INFO - DAG(s) 'example_local_kubernetes_executor' retrieved from /Users/linghuchong/miniconda3/envs/py310/lib/python3.10/site-packages/airflow/example_dags/example_local_kubernetes_executor.py
[2026-02-12T11:22:57.720+0800] {logging_mixin.py:188} INFO - [2026-02-12T11:22:57.720+0800] {dag.py:3047} INFO - Sync 1 DAGs
[2026-02-12T11:22:57.730+0800] {logging_mixin.py:188} INFO - [2026-02-12T11:22:57.729+0800] {dag.py:3834} INFO - Setting next_dagrun for example_local_kubernetes_executor to None, run_after=None
[2026-02-12T11:22:57.749+0800] {processor.py:183} INFO - Processing /Users/linghuchong/miniconda3/envs/py310/lib/python3.10/site-packages/airflow/example_dags/example_local_kubernetes_executor.py took 0.195 seconds
[2026-02-12T11:25:38.620+0800] {processor.py:161} INFO - Started process (PID=3622) to work on /Users/linghuchong/miniconda3/envs/py310/lib/python3.10/site-packages/airflow/example_dags/example_local_kubernetes_executor.py
[2026-02-12T11:25:38.621+0800] {processor.py:830} INFO - Processing file /Users/linghuchong/miniconda3/envs/py310/lib/python3.10/site-packages/airflow/example_dags/example_local_kubernetes_executor.py for tasks to queue
[2026-02-12T11:25:38.622+0800] {logging_mixin.py:188} INFO - [2026-02-12T11:25:38.621+0800] {dagbag.py:540} INFO - Filling up the DagBag from /Users/linghuchong/miniconda3/envs/py310/lib/python3.10/site-packages/airflow/example_dags/example_local_kubernetes_executor.py
[2026-02-12T11:25:38.656+0800] {processor.py:840} INFO - DAG(s) 'example_local_kubernetes_executor' retrieved from /Users/linghuchong/miniconda3/envs/py310/lib/python3.10/site-packages/airflow/example_dags/example_local_kubernetes_executor.py
[2026-02-12T11:25:38.773+0800] {logging_mixin.py:188} INFO - [2026-02-12T11:25:38.773+0800] {dag.py:3047} INFO - Sync 1 DAGs
[2026-02-12T11:25:38.783+0800] {logging_mixin.py:188} INFO - [2026-02-12T11:25:38.782+0800] {dag.py:3834} INFO - Setting next_dagrun for example_local_kubernetes_executor to None, run_after=None
[2026-02-12T11:25:38.803+0800] {processor.py:183} INFO - Processing /Users/linghuchong/miniconda3/envs/py310/lib/python3.10/site-packages/airflow/example_dags/example_local_kubernetes_executor.py took 0.185 seconds
[2026-02-12T11:28:19.019+0800] {processor.py:161} INFO - Started process (PID=3782) to work on /Users/linghuchong/miniconda3/envs/py310/lib/python3.10/site-packages/airflow/example_dags/example_local_kubernetes_executor.py
[2026-02-12T11:28:19.019+0800] {processor.py:830} INFO - Processing file /Users/linghuchong/miniconda3/envs/py310/lib/python3.10/site-packages/airflow/example_dags/example_local_kubernetes_executor.py for tasks to queue
[2026-02-12T11:28:19.020+0800] {logging_mixin.py:188} INFO - [2026-02-12T11:28:19.020+0800] {dagbag.py:540} INFO - Filling up the DagBag from /Users/linghuchong/miniconda3/envs/py310/lib/python3.10/site-packages/airflow/example_dags/example_local_kubernetes_executor.py
[2026-02-12T11:28:19.053+0800] {processor.py:840} INFO - DAG(s) 'example_local_kubernetes_executor' retrieved from /Users/linghuchong/miniconda3/envs/py310/lib/python3.10/site-packages/airflow/example_dags/example_local_kubernetes_executor.py
[2026-02-12T11:28:19.160+0800] {logging_mixin.py:188} INFO - [2026-02-12T11:28:19.160+0800] {dag.py:3047} INFO - Sync 1 DAGs
[2026-02-12T11:28:19.169+0800] {logging_mixin.py:188} INFO - [2026-02-12T11:28:19.168+0800] {dag.py:3834} INFO - Setting next_dagrun for example_local_kubernetes_executor to None, run_after=None
[2026-02-12T11:28:19.190+0800] {processor.py:183} INFO - Processing /Users/linghuchong/miniconda3/envs/py310/lib/python3.10/site-packages/airflow/example_dags/example_local_kubernetes_executor.py took 0.172 seconds
[2026-02-12T11:30:59.214+0800] {processor.py:161} INFO - Started process (PID=3850) to work on /Users/linghuchong/miniconda3/envs/py310/lib/python3.10/site-packages/airflow/example_dags/example_local_kubernetes_executor.py
[2026-02-12T11:30:59.215+0800] {processor.py:830} INFO - Processing file /Users/linghuchong/miniconda3/envs/py310/lib/python3.10/site-packages/airflow/example_dags/example_local_kubernetes_executor.py for tasks to queue
[2026-02-12T11:30:59.216+0800] {logging_mixin.py:188} INFO - [2026-02-12T11:30:59.216+0800] {dagbag.py:540} INFO - Filling up the DagBag from /Users/linghuchong/miniconda3/envs/py310/lib/python3.10/site-packages/airflow/example_dags/example_local_kubernetes_executor.py
[2026-02-12T11:30:59.254+0800] {processor.py:840} INFO - DAG(s) 'example_local_kubernetes_executor' retrieved from /Users/linghuchong/miniconda3/envs/py310/lib/python3.10/site-packages/airflow/example_dags/example_local_kubernetes_executor.py
[2026-02-12T11:30:59.390+0800] {logging_mixin.py:188} INFO - [2026-02-12T11:30:59.390+0800] {dag.py:3047} INFO - Sync 1 DAGs
[2026-02-12T11:30:59.404+0800] {logging_mixin.py:188} INFO - [2026-02-12T11:30:59.404+0800] {dag.py:3834} INFO - Setting next_dagrun for example_local_kubernetes_executor to None, run_after=None
[2026-02-12T11:30:59.428+0800] {processor.py:183} INFO - Processing /Users/linghuchong/miniconda3/envs/py310/lib/python3.10/site-packages/airflow/example_dags/example_local_kubernetes_executor.py took 0.215 seconds
[2026-02-12T11:33:52.514+0800] {processor.py:161} INFO - Started process (PID=3951) to work on /Users/linghuchong/miniconda3/envs/py310/lib/python3.10/site-packages/airflow/example_dags/example_local_kubernetes_executor.py
[2026-02-12T11:33:52.515+0800] {processor.py:830} INFO - Processing file /Users/linghuchong/miniconda3/envs/py310/lib/python3.10/site-packages/airflow/example_dags/example_local_kubernetes_executor.py for tasks to queue
[2026-02-12T11:33:52.516+0800] {logging_mixin.py:188} INFO - [2026-02-12T11:33:52.516+0800] {dagbag.py:540} INFO - Filling up the DagBag from /Users/linghuchong/miniconda3/envs/py310/lib/python3.10/site-packages/airflow/example_dags/example_local_kubernetes_executor.py
[2026-02-12T11:33:52.547+0800] {processor.py:840} INFO - DAG(s) 'example_local_kubernetes_executor' retrieved from /Users/linghuchong/miniconda3/envs/py310/lib/python3.10/site-packages/airflow/example_dags/example_local_kubernetes_executor.py
[2026-02-12T11:33:52.659+0800] {logging_mixin.py:188} INFO - [2026-02-12T11:33:52.659+0800] {dag.py:3047} INFO - Sync 1 DAGs
[2026-02-12T11:33:52.668+0800] {logging_mixin.py:188} INFO - [2026-02-12T11:33:52.668+0800] {dag.py:3834} INFO - Setting next_dagrun for example_local_kubernetes_executor to None, run_after=None
[2026-02-12T11:33:52.690+0800] {processor.py:183} INFO - Processing /Users/linghuchong/miniconda3/envs/py310/lib/python3.10/site-packages/airflow/example_dags/example_local_kubernetes_executor.py took 0.177 seconds
[2026-02-12T11:36:48.995+0800] {processor.py:161} INFO - Started process (PID=4142) to work on /Users/linghuchong/miniconda3/envs/py310/lib/python3.10/site-packages/airflow/example_dags/example_local_kubernetes_executor.py
[2026-02-12T11:36:48.996+0800] {processor.py:830} INFO - Processing file /Users/linghuchong/miniconda3/envs/py310/lib/python3.10/site-packages/airflow/example_dags/example_local_kubernetes_executor.py for tasks to queue
[2026-02-12T11:36:48.997+0800] {logging_mixin.py:188} INFO - [2026-02-12T11:36:48.997+0800] {dagbag.py:540} INFO - Filling up the DagBag from /Users/linghuchong/miniconda3/envs/py310/lib/python3.10/site-packages/airflow/example_dags/example_local_kubernetes_executor.py
[2026-02-12T11:36:49.037+0800] {processor.py:840} INFO - DAG(s) 'example_local_kubernetes_executor' retrieved from /Users/linghuchong/miniconda3/envs/py310/lib/python3.10/site-packages/airflow/example_dags/example_local_kubernetes_executor.py
[2026-02-12T11:36:49.160+0800] {logging_mixin.py:188} INFO - [2026-02-12T11:36:49.160+0800] {dag.py:3047} INFO - Sync 1 DAGs
[2026-02-12T11:36:49.171+0800] {logging_mixin.py:188} INFO - [2026-02-12T11:36:49.171+0800] {dag.py:3834} INFO - Setting next_dagrun for example_local_kubernetes_executor to None, run_after=None
[2026-02-12T11:36:49.195+0800] {processor.py:183} INFO - Processing /Users/linghuchong/miniconda3/envs/py310/lib/python3.10/site-packages/airflow/example_dags/example_local_kubernetes_executor.py took 0.201 seconds
[2026-02-12T11:39:41.536+0800] {processor.py:161} INFO - Started process (PID=4356) to work on /Users/linghuchong/miniconda3/envs/py310/lib/python3.10/site-packages/airflow/example_dags/example_local_kubernetes_executor.py
[2026-02-12T11:39:41.538+0800] {processor.py:830} INFO - Processing file /Users/linghuchong/miniconda3/envs/py310/lib/python3.10/site-packages/airflow/example_dags/example_local_kubernetes_executor.py for tasks to queue
[2026-02-12T11:39:41.539+0800] {logging_mixin.py:188} INFO - [2026-02-12T11:39:41.538+0800] {dagbag.py:540} INFO - Filling up the DagBag from /Users/linghuchong/miniconda3/envs/py310/lib/python3.10/site-packages/airflow/example_dags/example_local_kubernetes_executor.py
[2026-02-12T11:39:41.583+0800] {processor.py:840} INFO - DAG(s) 'example_local_kubernetes_executor' retrieved from /Users/linghuchong/miniconda3/envs/py310/lib/python3.10/site-packages/airflow/example_dags/example_local_kubernetes_executor.py
[2026-02-12T11:39:41.605+0800] {logging_mixin.py:188} INFO - [2026-02-12T11:39:41.604+0800] {dag.py:3047} INFO - Sync 1 DAGs
[2026-02-12T11:39:41.703+0800] {logging_mixin.py:188} INFO - [2026-02-12T11:39:41.703+0800] {dag.py:3834} INFO - Setting next_dagrun for example_local_kubernetes_executor to None, run_after=None
[2026-02-12T11:39:41.725+0800] {processor.py:183} INFO - Processing /Users/linghuchong/miniconda3/envs/py310/lib/python3.10/site-packages/airflow/example_dags/example_local_kubernetes_executor.py took 0.190 seconds
[2026-02-12T11:44:33.192+0800] {processor.py:161} INFO - Started process (PID=4574) to work on /Users/linghuchong/miniconda3/envs/py310/lib/python3.10/site-packages/airflow/example_dags/example_local_kubernetes_executor.py
[2026-02-12T11:44:33.194+0800] {processor.py:830} INFO - Processing file /Users/linghuchong/miniconda3/envs/py310/lib/python3.10/site-packages/airflow/example_dags/example_local_kubernetes_executor.py for tasks to queue
[2026-02-12T11:44:33.195+0800] {logging_mixin.py:188} INFO - [2026-02-12T11:44:33.195+0800] {dagbag.py:540} INFO - Filling up the DagBag from /Users/linghuchong/miniconda3/envs/py310/lib/python3.10/site-packages/airflow/example_dags/example_local_kubernetes_executor.py
[2026-02-12T11:44:33.246+0800] {processor.py:840} INFO - DAG(s) 'example_local_kubernetes_executor' retrieved from /Users/linghuchong/miniconda3/envs/py310/lib/python3.10/site-packages/airflow/example_dags/example_local_kubernetes_executor.py
[2026-02-12T11:44:33.514+0800] {logging_mixin.py:188} INFO - [2026-02-12T11:44:33.514+0800] {dag.py:3047} INFO - Sync 1 DAGs
[2026-02-12T11:44:33.524+0800] {logging_mixin.py:188} INFO - [2026-02-12T11:44:33.524+0800] {dag.py:3834} INFO - Setting next_dagrun for example_local_kubernetes_executor to None, run_after=None
[2026-02-12T11:44:33.543+0800] {processor.py:183} INFO - Processing /Users/linghuchong/miniconda3/envs/py310/lib/python3.10/site-packages/airflow/example_dags/example_local_kubernetes_executor.py took 0.352 seconds
[2026-02-12T11:47:21.514+0800] {processor.py:161} INFO - Started process (PID=4683) to work on /Users/linghuchong/miniconda3/envs/py310/lib/python3.10/site-packages/airflow/example_dags/example_local_kubernetes_executor.py
[2026-02-12T11:47:21.517+0800] {processor.py:830} INFO - Processing file /Users/linghuchong/miniconda3/envs/py310/lib/python3.10/site-packages/airflow/example_dags/example_local_kubernetes_executor.py for tasks to queue
[2026-02-12T11:47:21.518+0800] {logging_mixin.py:188} INFO - [2026-02-12T11:47:21.518+0800] {dagbag.py:540} INFO - Filling up the DagBag from /Users/linghuchong/miniconda3/envs/py310/lib/python3.10/site-packages/airflow/example_dags/example_local_kubernetes_executor.py
[2026-02-12T11:47:21.550+0800] {processor.py:840} INFO - DAG(s) 'example_local_kubernetes_executor' retrieved from /Users/linghuchong/miniconda3/envs/py310/lib/python3.10/site-packages/airflow/example_dags/example_local_kubernetes_executor.py
[2026-02-12T11:47:21.690+0800] {logging_mixin.py:188} INFO - [2026-02-12T11:47:21.689+0800] {dag.py:3047} INFO - Sync 1 DAGs
[2026-02-12T11:47:21.699+0800] {logging_mixin.py:188} INFO - [2026-02-12T11:47:21.699+0800] {dag.py:3834} INFO - Setting next_dagrun for example_local_kubernetes_executor to None, run_after=None
[2026-02-12T11:47:21.722+0800] {processor.py:183} INFO - Processing /Users/linghuchong/miniconda3/envs/py310/lib/python3.10/site-packages/airflow/example_dags/example_local_kubernetes_executor.py took 0.209 seconds
[2026-02-12T11:50:14.016+0800] {processor.py:161} INFO - Started process (PID=4744) to work on /Users/linghuchong/miniconda3/envs/py310/lib/python3.10/site-packages/airflow/example_dags/example_local_kubernetes_executor.py
[2026-02-12T11:50:14.017+0800] {processor.py:830} INFO - Processing file /Users/linghuchong/miniconda3/envs/py310/lib/python3.10/site-packages/airflow/example_dags/example_local_kubernetes_executor.py for tasks to queue
[2026-02-12T11:50:14.017+0800] {logging_mixin.py:188} INFO - [2026-02-12T11:50:14.017+0800] {dagbag.py:540} INFO - Filling up the DagBag from /Users/linghuchong/miniconda3/envs/py310/lib/python3.10/site-packages/airflow/example_dags/example_local_kubernetes_executor.py
[2026-02-12T11:50:14.054+0800] {processor.py:840} INFO - DAG(s) 'example_local_kubernetes_executor' retrieved from /Users/linghuchong/miniconda3/envs/py310/lib/python3.10/site-packages/airflow/example_dags/example_local_kubernetes_executor.py
[2026-02-12T11:50:14.178+0800] {logging_mixin.py:188} INFO - [2026-02-12T11:50:14.178+0800] {dag.py:3047} INFO - Sync 1 DAGs
[2026-02-12T11:50:14.189+0800] {logging_mixin.py:188} INFO - [2026-02-12T11:50:14.188+0800] {dag.py:3834} INFO - Setting next_dagrun for example_local_kubernetes_executor to None, run_after=None
[2026-02-12T11:50:14.210+0800] {processor.py:183} INFO - Processing /Users/linghuchong/miniconda3/envs/py310/lib/python3.10/site-packages/airflow/example_dags/example_local_kubernetes_executor.py took 0.195 seconds
[2026-02-12T11:52:55.572+0800] {processor.py:161} INFO - Started process (PID=4799) to work on /Users/linghuchong/miniconda3/envs/py310/lib/python3.10/site-packages/airflow/example_dags/example_local_kubernetes_executor.py
[2026-02-12T11:52:55.572+0800] {processor.py:830} INFO - Processing file /Users/linghuchong/miniconda3/envs/py310/lib/python3.10/site-packages/airflow/example_dags/example_local_kubernetes_executor.py for tasks to queue
[2026-02-12T11:52:55.573+0800] {logging_mixin.py:188} INFO - [2026-02-12T11:52:55.573+0800] {dagbag.py:540} INFO - Filling up the DagBag from /Users/linghuchong/miniconda3/envs/py310/lib/python3.10/site-packages/airflow/example_dags/example_local_kubernetes_executor.py
[2026-02-12T11:52:55.607+0800] {processor.py:840} INFO - DAG(s) 'example_local_kubernetes_executor' retrieved from /Users/linghuchong/miniconda3/envs/py310/lib/python3.10/site-packages/airflow/example_dags/example_local_kubernetes_executor.py
[2026-02-12T11:52:55.730+0800] {logging_mixin.py:188} INFO - [2026-02-12T11:52:55.730+0800] {dag.py:3047} INFO - Sync 1 DAGs
[2026-02-12T11:52:55.742+0800] {logging_mixin.py:188} INFO - [2026-02-12T11:52:55.742+0800] {dag.py:3834} INFO - Setting next_dagrun for example_local_kubernetes_executor to None, run_after=None
[2026-02-12T11:52:55.767+0800] {processor.py:183} INFO - Processing /Users/linghuchong/miniconda3/envs/py310/lib/python3.10/site-packages/airflow/example_dags/example_local_kubernetes_executor.py took 0.196 seconds
