[2026-02-12T10:47:24.074+0800] {processor.py:161} INFO - Started process (PID=2298) to work on /Users/linghuchong/miniconda3/envs/py310/lib/python3.10/site-packages/airflow/example_dags/example_datasets.py
[2026-02-12T10:47:24.075+0800] {processor.py:830} INFO - Processing file /Users/linghuchong/miniconda3/envs/py310/lib/python3.10/site-packages/airflow/example_dags/example_datasets.py for tasks to queue
[2026-02-12T10:47:24.076+0800] {logging_mixin.py:188} INFO - [2026-02-12T10:47:24.076+0800] {dagbag.py:540} INFO - Filling up the DagBag from /Users/linghuchong/miniconda3/envs/py310/lib/python3.10/site-packages/airflow/example_dags/example_datasets.py
[2026-02-12T10:47:24.087+0800] {processor.py:840} INFO - DAG(s) 'dataset_consumes_1_never_scheduled', 'dataset_consumes_1', 'dataset_consumes_unknown_never_scheduled', 'dataset_produces_1', 'dataset_consumes_1_and_2', 'dataset_produces_2' retrieved from /Users/linghuchong/miniconda3/envs/py310/lib/python3.10/site-packages/airflow/example_dags/example_datasets.py
[2026-02-12T10:47:24.225+0800] {logging_mixin.py:188} INFO - [2026-02-12T10:47:24.224+0800] {dag.py:3047} INFO - Sync 6 DAGs
[2026-02-12T10:47:24.243+0800] {logging_mixin.py:188} INFO - [2026-02-12T10:47:24.242+0800] {dag.py:3834} INFO - Setting next_dagrun for dataset_consumes_1 to None, run_after=None
[2026-02-12T10:47:24.245+0800] {logging_mixin.py:188} INFO - [2026-02-12T10:47:24.245+0800] {dag.py:3834} INFO - Setting next_dagrun for dataset_consumes_1_and_2 to None, run_after=None
[2026-02-12T10:47:24.246+0800] {logging_mixin.py:188} INFO - [2026-02-12T10:47:24.246+0800] {dag.py:3834} INFO - Setting next_dagrun for dataset_consumes_1_never_scheduled to None, run_after=None
[2026-02-12T10:47:24.247+0800] {logging_mixin.py:188} INFO - [2026-02-12T10:47:24.247+0800] {dag.py:3834} INFO - Setting next_dagrun for dataset_consumes_unknown_never_scheduled to None, run_after=None
[2026-02-12T10:47:24.249+0800] {logging_mixin.py:188} INFO - [2026-02-12T10:47:24.249+0800] {dag.py:3834} INFO - Setting next_dagrun for dataset_produces_1 to 2026-02-11 00:00:00+00:00, run_after=2026-02-12 00:00:00+00:00
[2026-02-12T10:47:24.250+0800] {logging_mixin.py:188} INFO - [2026-02-12T10:47:24.250+0800] {dag.py:3834} INFO - Setting next_dagrun for dataset_produces_2 to None, run_after=None
[2026-02-12T10:47:24.276+0800] {processor.py:183} INFO - Processing /Users/linghuchong/miniconda3/envs/py310/lib/python3.10/site-packages/airflow/example_dags/example_datasets.py took 0.203 seconds
[2026-02-12T10:50:46.632+0800] {processor.py:161} INFO - Started process (PID=2394) to work on /Users/linghuchong/miniconda3/envs/py310/lib/python3.10/site-packages/airflow/example_dags/example_datasets.py
[2026-02-12T10:50:46.635+0800] {processor.py:830} INFO - Processing file /Users/linghuchong/miniconda3/envs/py310/lib/python3.10/site-packages/airflow/example_dags/example_datasets.py for tasks to queue
[2026-02-12T10:50:46.636+0800] {logging_mixin.py:188} INFO - [2026-02-12T10:50:46.636+0800] {dagbag.py:540} INFO - Filling up the DagBag from /Users/linghuchong/miniconda3/envs/py310/lib/python3.10/site-packages/airflow/example_dags/example_datasets.py
[2026-02-12T10:50:46.647+0800] {processor.py:840} INFO - DAG(s) 'dataset_consumes_unknown_never_scheduled', 'dataset_produces_2', 'dataset_produces_1', 'dataset_consumes_1_and_2', 'dataset_consumes_1', 'dataset_consumes_1_never_scheduled' retrieved from /Users/linghuchong/miniconda3/envs/py310/lib/python3.10/site-packages/airflow/example_dags/example_datasets.py
[2026-02-12T10:50:46.776+0800] {logging_mixin.py:188} INFO - [2026-02-12T10:50:46.776+0800] {dag.py:3047} INFO - Sync 6 DAGs
[2026-02-12T10:50:46.795+0800] {logging_mixin.py:188} INFO - [2026-02-12T10:50:46.794+0800] {dag.py:3834} INFO - Setting next_dagrun for dataset_consumes_1 to None, run_after=None
[2026-02-12T10:50:46.798+0800] {logging_mixin.py:188} INFO - [2026-02-12T10:50:46.797+0800] {dag.py:3834} INFO - Setting next_dagrun for dataset_consumes_1_and_2 to None, run_after=None
[2026-02-12T10:50:46.800+0800] {logging_mixin.py:188} INFO - [2026-02-12T10:50:46.800+0800] {dag.py:3834} INFO - Setting next_dagrun for dataset_consumes_1_never_scheduled to None, run_after=None
[2026-02-12T10:50:46.802+0800] {logging_mixin.py:188} INFO - [2026-02-12T10:50:46.801+0800] {dag.py:3834} INFO - Setting next_dagrun for dataset_consumes_unknown_never_scheduled to None, run_after=None
[2026-02-12T10:50:46.804+0800] {logging_mixin.py:188} INFO - [2026-02-12T10:50:46.804+0800] {dag.py:3834} INFO - Setting next_dagrun for dataset_produces_1 to 2026-02-11 00:00:00+00:00, run_after=2026-02-12 00:00:00+00:00
[2026-02-12T10:50:46.805+0800] {logging_mixin.py:188} INFO - [2026-02-12T10:50:46.805+0800] {dag.py:3834} INFO - Setting next_dagrun for dataset_produces_2 to None, run_after=None
[2026-02-12T10:50:46.832+0800] {processor.py:183} INFO - Processing /Users/linghuchong/miniconda3/envs/py310/lib/python3.10/site-packages/airflow/example_dags/example_datasets.py took 0.200 seconds
[2026-02-12T11:03:43.059+0800] {processor.py:161} INFO - Started process (PID=2575) to work on /Users/linghuchong/miniconda3/envs/py310/lib/python3.10/site-packages/airflow/example_dags/example_datasets.py
[2026-02-12T11:03:43.062+0800] {processor.py:830} INFO - Processing file /Users/linghuchong/miniconda3/envs/py310/lib/python3.10/site-packages/airflow/example_dags/example_datasets.py for tasks to queue
[2026-02-12T11:03:43.063+0800] {logging_mixin.py:188} INFO - [2026-02-12T11:03:43.062+0800] {dagbag.py:540} INFO - Filling up the DagBag from /Users/linghuchong/miniconda3/envs/py310/lib/python3.10/site-packages/airflow/example_dags/example_datasets.py
[2026-02-12T11:03:43.074+0800] {processor.py:840} INFO - DAG(s) 'dataset_consumes_1', 'dataset_consumes_1_never_scheduled', 'dataset_produces_1', 'dataset_produces_2', 'dataset_consumes_unknown_never_scheduled', 'dataset_consumes_1_and_2' retrieved from /Users/linghuchong/miniconda3/envs/py310/lib/python3.10/site-packages/airflow/example_dags/example_datasets.py
[2026-02-12T11:03:43.218+0800] {logging_mixin.py:188} INFO - [2026-02-12T11:03:43.217+0800] {dag.py:3047} INFO - Sync 6 DAGs
[2026-02-12T11:03:43.239+0800] {logging_mixin.py:188} INFO - [2026-02-12T11:03:43.239+0800] {dag.py:3834} INFO - Setting next_dagrun for dataset_consumes_1 to None, run_after=None
[2026-02-12T11:03:43.243+0800] {logging_mixin.py:188} INFO - [2026-02-12T11:03:43.243+0800] {dag.py:3834} INFO - Setting next_dagrun for dataset_consumes_1_and_2 to None, run_after=None
[2026-02-12T11:03:43.244+0800] {logging_mixin.py:188} INFO - [2026-02-12T11:03:43.244+0800] {dag.py:3834} INFO - Setting next_dagrun for dataset_consumes_1_never_scheduled to None, run_after=None
[2026-02-12T11:03:43.245+0800] {logging_mixin.py:188} INFO - [2026-02-12T11:03:43.245+0800] {dag.py:3834} INFO - Setting next_dagrun for dataset_consumes_unknown_never_scheduled to None, run_after=None
[2026-02-12T11:03:43.247+0800] {logging_mixin.py:188} INFO - [2026-02-12T11:03:43.247+0800] {dag.py:3834} INFO - Setting next_dagrun for dataset_produces_1 to 2026-02-11 00:00:00+00:00, run_after=2026-02-12 00:00:00+00:00
[2026-02-12T11:03:43.248+0800] {logging_mixin.py:188} INFO - [2026-02-12T11:03:43.248+0800] {dag.py:3834} INFO - Setting next_dagrun for dataset_produces_2 to None, run_after=None
[2026-02-12T11:03:43.277+0800] {processor.py:183} INFO - Processing /Users/linghuchong/miniconda3/envs/py310/lib/python3.10/site-packages/airflow/example_dags/example_datasets.py took 0.219 seconds
[2026-02-12T11:09:33.301+0800] {processor.py:161} INFO - Started process (PID=2864) to work on /Users/linghuchong/miniconda3/envs/py310/lib/python3.10/site-packages/airflow/example_dags/example_datasets.py
[2026-02-12T11:09:33.302+0800] {processor.py:830} INFO - Processing file /Users/linghuchong/miniconda3/envs/py310/lib/python3.10/site-packages/airflow/example_dags/example_datasets.py for tasks to queue
[2026-02-12T11:09:33.303+0800] {logging_mixin.py:188} INFO - [2026-02-12T11:09:33.303+0800] {dagbag.py:540} INFO - Filling up the DagBag from /Users/linghuchong/miniconda3/envs/py310/lib/python3.10/site-packages/airflow/example_dags/example_datasets.py
[2026-02-12T11:09:33.313+0800] {processor.py:840} INFO - DAG(s) 'dataset_consumes_unknown_never_scheduled', 'dataset_consumes_1', 'dataset_produces_1', 'dataset_produces_2', 'dataset_consumes_1_never_scheduled', 'dataset_consumes_1_and_2' retrieved from /Users/linghuchong/miniconda3/envs/py310/lib/python3.10/site-packages/airflow/example_dags/example_datasets.py
[2026-02-12T11:09:33.433+0800] {logging_mixin.py:188} INFO - [2026-02-12T11:09:33.433+0800] {dag.py:3047} INFO - Sync 6 DAGs
[2026-02-12T11:09:33.449+0800] {logging_mixin.py:188} INFO - [2026-02-12T11:09:33.449+0800] {dag.py:3834} INFO - Setting next_dagrun for dataset_consumes_1 to None, run_after=None
[2026-02-12T11:09:33.452+0800] {logging_mixin.py:188} INFO - [2026-02-12T11:09:33.451+0800] {dag.py:3834} INFO - Setting next_dagrun for dataset_consumes_1_and_2 to None, run_after=None
[2026-02-12T11:09:33.452+0800] {logging_mixin.py:188} INFO - [2026-02-12T11:09:33.452+0800] {dag.py:3834} INFO - Setting next_dagrun for dataset_consumes_1_never_scheduled to None, run_after=None
[2026-02-12T11:09:33.453+0800] {logging_mixin.py:188} INFO - [2026-02-12T11:09:33.453+0800] {dag.py:3834} INFO - Setting next_dagrun for dataset_consumes_unknown_never_scheduled to None, run_after=None
[2026-02-12T11:09:33.455+0800] {logging_mixin.py:188} INFO - [2026-02-12T11:09:33.455+0800] {dag.py:3834} INFO - Setting next_dagrun for dataset_produces_1 to 2026-02-11 00:00:00+00:00, run_after=2026-02-12 00:00:00+00:00
[2026-02-12T11:09:33.456+0800] {logging_mixin.py:188} INFO - [2026-02-12T11:09:33.456+0800] {dag.py:3834} INFO - Setting next_dagrun for dataset_produces_2 to None, run_after=None
[2026-02-12T11:09:33.483+0800] {processor.py:183} INFO - Processing /Users/linghuchong/miniconda3/envs/py310/lib/python3.10/site-packages/airflow/example_dags/example_datasets.py took 0.183 seconds
[2026-02-12T11:14:54.278+0800] {processor.py:161} INFO - Started process (PID=3015) to work on /Users/linghuchong/miniconda3/envs/py310/lib/python3.10/site-packages/airflow/example_dags/example_datasets.py
[2026-02-12T11:14:54.281+0800] {processor.py:830} INFO - Processing file /Users/linghuchong/miniconda3/envs/py310/lib/python3.10/site-packages/airflow/example_dags/example_datasets.py for tasks to queue
[2026-02-12T11:14:54.282+0800] {logging_mixin.py:188} INFO - [2026-02-12T11:14:54.282+0800] {dagbag.py:540} INFO - Filling up the DagBag from /Users/linghuchong/miniconda3/envs/py310/lib/python3.10/site-packages/airflow/example_dags/example_datasets.py
[2026-02-12T11:14:54.294+0800] {processor.py:840} INFO - DAG(s) 'dataset_consumes_1', 'dataset_consumes_unknown_never_scheduled', 'dataset_consumes_1_and_2', 'dataset_produces_1', 'dataset_produces_2', 'dataset_consumes_1_never_scheduled' retrieved from /Users/linghuchong/miniconda3/envs/py310/lib/python3.10/site-packages/airflow/example_dags/example_datasets.py
[2026-02-12T11:14:54.429+0800] {logging_mixin.py:188} INFO - [2026-02-12T11:14:54.429+0800] {dag.py:3047} INFO - Sync 6 DAGs
[2026-02-12T11:14:54.447+0800] {logging_mixin.py:188} INFO - [2026-02-12T11:14:54.447+0800] {dag.py:3834} INFO - Setting next_dagrun for dataset_consumes_1 to None, run_after=None
[2026-02-12T11:14:54.451+0800] {logging_mixin.py:188} INFO - [2026-02-12T11:14:54.451+0800] {dag.py:3834} INFO - Setting next_dagrun for dataset_consumes_1_and_2 to None, run_after=None
[2026-02-12T11:14:54.452+0800] {logging_mixin.py:188} INFO - [2026-02-12T11:14:54.452+0800] {dag.py:3834} INFO - Setting next_dagrun for dataset_consumes_1_never_scheduled to None, run_after=None
[2026-02-12T11:14:54.453+0800] {logging_mixin.py:188} INFO - [2026-02-12T11:14:54.453+0800] {dag.py:3834} INFO - Setting next_dagrun for dataset_consumes_unknown_never_scheduled to None, run_after=None
[2026-02-12T11:14:54.455+0800] {logging_mixin.py:188} INFO - [2026-02-12T11:14:54.455+0800] {dag.py:3834} INFO - Setting next_dagrun for dataset_produces_1 to 2026-02-11 00:00:00+00:00, run_after=2026-02-12 00:00:00+00:00
[2026-02-12T11:14:54.456+0800] {logging_mixin.py:188} INFO - [2026-02-12T11:14:54.456+0800] {dag.py:3834} INFO - Setting next_dagrun for dataset_produces_2 to None, run_after=None
[2026-02-12T11:14:54.486+0800] {processor.py:183} INFO - Processing /Users/linghuchong/miniconda3/envs/py310/lib/python3.10/site-packages/airflow/example_dags/example_datasets.py took 0.209 seconds
[2026-02-12T11:20:31.912+0800] {processor.py:161} INFO - Started process (PID=3486) to work on /Users/linghuchong/miniconda3/envs/py310/lib/python3.10/site-packages/airflow/example_dags/example_datasets.py
[2026-02-12T11:20:31.914+0800] {processor.py:830} INFO - Processing file /Users/linghuchong/miniconda3/envs/py310/lib/python3.10/site-packages/airflow/example_dags/example_datasets.py for tasks to queue
[2026-02-12T11:20:31.915+0800] {logging_mixin.py:188} INFO - [2026-02-12T11:20:31.915+0800] {dagbag.py:540} INFO - Filling up the DagBag from /Users/linghuchong/miniconda3/envs/py310/lib/python3.10/site-packages/airflow/example_dags/example_datasets.py
[2026-02-12T11:20:31.931+0800] {processor.py:840} INFO - DAG(s) 'dataset_consumes_unknown_never_scheduled', 'dataset_consumes_1', 'dataset_produces_1', 'dataset_consumes_1_and_2', 'dataset_consumes_1_never_scheduled', 'dataset_produces_2' retrieved from /Users/linghuchong/miniconda3/envs/py310/lib/python3.10/site-packages/airflow/example_dags/example_datasets.py
[2026-02-12T11:20:32.177+0800] {logging_mixin.py:188} INFO - [2026-02-12T11:20:32.177+0800] {dag.py:3047} INFO - Sync 6 DAGs
[2026-02-12T11:20:32.196+0800] {logging_mixin.py:188} INFO - [2026-02-12T11:20:32.196+0800] {dag.py:3834} INFO - Setting next_dagrun for dataset_consumes_1 to None, run_after=None
[2026-02-12T11:20:32.199+0800] {logging_mixin.py:188} INFO - [2026-02-12T11:20:32.198+0800] {dag.py:3834} INFO - Setting next_dagrun for dataset_consumes_1_and_2 to None, run_after=None
[2026-02-12T11:20:32.200+0800] {logging_mixin.py:188} INFO - [2026-02-12T11:20:32.200+0800] {dag.py:3834} INFO - Setting next_dagrun for dataset_consumes_1_never_scheduled to None, run_after=None
[2026-02-12T11:20:32.201+0800] {logging_mixin.py:188} INFO - [2026-02-12T11:20:32.201+0800] {dag.py:3834} INFO - Setting next_dagrun for dataset_consumes_unknown_never_scheduled to None, run_after=None
[2026-02-12T11:20:32.203+0800] {logging_mixin.py:188} INFO - [2026-02-12T11:20:32.203+0800] {dag.py:3834} INFO - Setting next_dagrun for dataset_produces_1 to 2026-02-11 00:00:00+00:00, run_after=2026-02-12 00:00:00+00:00
[2026-02-12T11:20:32.205+0800] {logging_mixin.py:188} INFO - [2026-02-12T11:20:32.204+0800] {dag.py:3834} INFO - Setting next_dagrun for dataset_produces_2 to None, run_after=None
[2026-02-12T11:20:32.235+0800] {processor.py:183} INFO - Processing /Users/linghuchong/miniconda3/envs/py310/lib/python3.10/site-packages/airflow/example_dags/example_datasets.py took 0.324 seconds
[2026-02-12T11:25:59.908+0800] {processor.py:161} INFO - Started process (PID=3642) to work on /Users/linghuchong/miniconda3/envs/py310/lib/python3.10/site-packages/airflow/example_dags/example_datasets.py
[2026-02-12T11:25:59.908+0800] {processor.py:830} INFO - Processing file /Users/linghuchong/miniconda3/envs/py310/lib/python3.10/site-packages/airflow/example_dags/example_datasets.py for tasks to queue
[2026-02-12T11:25:59.909+0800] {logging_mixin.py:188} INFO - [2026-02-12T11:25:59.909+0800] {dagbag.py:540} INFO - Filling up the DagBag from /Users/linghuchong/miniconda3/envs/py310/lib/python3.10/site-packages/airflow/example_dags/example_datasets.py
[2026-02-12T11:25:59.922+0800] {processor.py:840} INFO - DAG(s) 'dataset_consumes_1', 'dataset_consumes_1_never_scheduled', 'dataset_produces_1', 'dataset_consumes_1_and_2', 'dataset_produces_2', 'dataset_consumes_unknown_never_scheduled' retrieved from /Users/linghuchong/miniconda3/envs/py310/lib/python3.10/site-packages/airflow/example_dags/example_datasets.py
[2026-02-12T11:26:00.055+0800] {logging_mixin.py:188} INFO - [2026-02-12T11:26:00.055+0800] {dag.py:3047} INFO - Sync 6 DAGs
[2026-02-12T11:26:00.072+0800] {logging_mixin.py:188} INFO - [2026-02-12T11:26:00.072+0800] {dag.py:3834} INFO - Setting next_dagrun for dataset_consumes_1 to None, run_after=None
[2026-02-12T11:26:00.076+0800] {logging_mixin.py:188} INFO - [2026-02-12T11:26:00.076+0800] {dag.py:3834} INFO - Setting next_dagrun for dataset_consumes_1_and_2 to None, run_after=None
[2026-02-12T11:26:00.077+0800] {logging_mixin.py:188} INFO - [2026-02-12T11:26:00.077+0800] {dag.py:3834} INFO - Setting next_dagrun for dataset_consumes_1_never_scheduled to None, run_after=None
[2026-02-12T11:26:00.079+0800] {logging_mixin.py:188} INFO - [2026-02-12T11:26:00.078+0800] {dag.py:3834} INFO - Setting next_dagrun for dataset_consumes_unknown_never_scheduled to None, run_after=None
[2026-02-12T11:26:00.081+0800] {logging_mixin.py:188} INFO - [2026-02-12T11:26:00.081+0800] {dag.py:3834} INFO - Setting next_dagrun for dataset_produces_1 to 2026-02-11 00:00:00+00:00, run_after=2026-02-12 00:00:00+00:00
[2026-02-12T11:26:00.083+0800] {logging_mixin.py:188} INFO - [2026-02-12T11:26:00.082+0800] {dag.py:3834} INFO - Setting next_dagrun for dataset_produces_2 to None, run_after=None
[2026-02-12T11:26:00.109+0800] {processor.py:183} INFO - Processing /Users/linghuchong/miniconda3/envs/py310/lib/python3.10/site-packages/airflow/example_dags/example_datasets.py took 0.202 seconds
[2026-02-12T11:31:22.216+0800] {processor.py:161} INFO - Started process (PID=3877) to work on /Users/linghuchong/miniconda3/envs/py310/lib/python3.10/site-packages/airflow/example_dags/example_datasets.py
[2026-02-12T11:31:22.219+0800] {processor.py:830} INFO - Processing file /Users/linghuchong/miniconda3/envs/py310/lib/python3.10/site-packages/airflow/example_dags/example_datasets.py for tasks to queue
[2026-02-12T11:31:22.220+0800] {logging_mixin.py:188} INFO - [2026-02-12T11:31:22.219+0800] {dagbag.py:540} INFO - Filling up the DagBag from /Users/linghuchong/miniconda3/envs/py310/lib/python3.10/site-packages/airflow/example_dags/example_datasets.py
[2026-02-12T11:31:22.232+0800] {processor.py:840} INFO - DAG(s) 'dataset_produces_2', 'dataset_produces_1', 'dataset_consumes_1_and_2', 'dataset_consumes_1', 'dataset_consumes_1_never_scheduled', 'dataset_consumes_unknown_never_scheduled' retrieved from /Users/linghuchong/miniconda3/envs/py310/lib/python3.10/site-packages/airflow/example_dags/example_datasets.py
[2026-02-12T11:31:22.373+0800] {logging_mixin.py:188} INFO - [2026-02-12T11:31:22.372+0800] {dag.py:3047} INFO - Sync 6 DAGs
[2026-02-12T11:31:22.392+0800] {logging_mixin.py:188} INFO - [2026-02-12T11:31:22.391+0800] {dag.py:3834} INFO - Setting next_dagrun for dataset_consumes_1 to None, run_after=None
[2026-02-12T11:31:22.396+0800] {logging_mixin.py:188} INFO - [2026-02-12T11:31:22.396+0800] {dag.py:3834} INFO - Setting next_dagrun for dataset_consumes_1_and_2 to None, run_after=None
[2026-02-12T11:31:22.397+0800] {logging_mixin.py:188} INFO - [2026-02-12T11:31:22.397+0800] {dag.py:3834} INFO - Setting next_dagrun for dataset_consumes_1_never_scheduled to None, run_after=None
[2026-02-12T11:31:22.398+0800] {logging_mixin.py:188} INFO - [2026-02-12T11:31:22.398+0800] {dag.py:3834} INFO - Setting next_dagrun for dataset_consumes_unknown_never_scheduled to None, run_after=None
[2026-02-12T11:31:22.401+0800] {logging_mixin.py:188} INFO - [2026-02-12T11:31:22.401+0800] {dag.py:3834} INFO - Setting next_dagrun for dataset_produces_1 to 2026-02-11 00:00:00+00:00, run_after=2026-02-12 00:00:00+00:00
[2026-02-12T11:31:22.402+0800] {logging_mixin.py:188} INFO - [2026-02-12T11:31:22.402+0800] {dag.py:3834} INFO - Setting next_dagrun for dataset_produces_2 to None, run_after=None
[2026-02-12T11:31:22.434+0800] {processor.py:183} INFO - Processing /Users/linghuchong/miniconda3/envs/py310/lib/python3.10/site-packages/airflow/example_dags/example_datasets.py took 0.220 seconds
[2026-02-12T11:37:16.543+0800] {processor.py:161} INFO - Started process (PID=4193) to work on /Users/linghuchong/miniconda3/envs/py310/lib/python3.10/site-packages/airflow/example_dags/example_datasets.py
[2026-02-12T11:37:16.544+0800] {processor.py:830} INFO - Processing file /Users/linghuchong/miniconda3/envs/py310/lib/python3.10/site-packages/airflow/example_dags/example_datasets.py for tasks to queue
[2026-02-12T11:37:16.545+0800] {logging_mixin.py:188} INFO - [2026-02-12T11:37:16.545+0800] {dagbag.py:540} INFO - Filling up the DagBag from /Users/linghuchong/miniconda3/envs/py310/lib/python3.10/site-packages/airflow/example_dags/example_datasets.py
[2026-02-12T11:37:16.557+0800] {processor.py:840} INFO - DAG(s) 'dataset_consumes_1_never_scheduled', 'dataset_produces_2', 'dataset_produces_1', 'dataset_consumes_1', 'dataset_consumes_unknown_never_scheduled', 'dataset_consumes_1_and_2' retrieved from /Users/linghuchong/miniconda3/envs/py310/lib/python3.10/site-packages/airflow/example_dags/example_datasets.py
[2026-02-12T11:37:16.691+0800] {logging_mixin.py:188} INFO - [2026-02-12T11:37:16.691+0800] {dag.py:3047} INFO - Sync 6 DAGs
[2026-02-12T11:37:16.707+0800] {logging_mixin.py:188} INFO - [2026-02-12T11:37:16.707+0800] {dag.py:3834} INFO - Setting next_dagrun for dataset_consumes_1 to None, run_after=None
[2026-02-12T11:37:16.710+0800] {logging_mixin.py:188} INFO - [2026-02-12T11:37:16.710+0800] {dag.py:3834} INFO - Setting next_dagrun for dataset_consumes_1_and_2 to None, run_after=None
[2026-02-12T11:37:16.711+0800] {logging_mixin.py:188} INFO - [2026-02-12T11:37:16.711+0800] {dag.py:3834} INFO - Setting next_dagrun for dataset_consumes_1_never_scheduled to None, run_after=None
[2026-02-12T11:37:16.712+0800] {logging_mixin.py:188} INFO - [2026-02-12T11:37:16.711+0800] {dag.py:3834} INFO - Setting next_dagrun for dataset_consumes_unknown_never_scheduled to None, run_after=None
[2026-02-12T11:37:16.714+0800] {logging_mixin.py:188} INFO - [2026-02-12T11:37:16.714+0800] {dag.py:3834} INFO - Setting next_dagrun for dataset_produces_1 to 2026-02-11 00:00:00+00:00, run_after=2026-02-12 00:00:00+00:00
[2026-02-12T11:37:16.715+0800] {logging_mixin.py:188} INFO - [2026-02-12T11:37:16.715+0800] {dag.py:3834} INFO - Setting next_dagrun for dataset_produces_2 to None, run_after=None
[2026-02-12T11:37:16.739+0800] {processor.py:183} INFO - Processing /Users/linghuchong/miniconda3/envs/py310/lib/python3.10/site-packages/airflow/example_dags/example_datasets.py took 0.196 seconds
[2026-02-12T11:45:00.015+0800] {processor.py:161} INFO - Started process (PID=4594) to work on /Users/linghuchong/miniconda3/envs/py310/lib/python3.10/site-packages/airflow/example_dags/example_datasets.py
[2026-02-12T11:45:00.018+0800] {processor.py:830} INFO - Processing file /Users/linghuchong/miniconda3/envs/py310/lib/python3.10/site-packages/airflow/example_dags/example_datasets.py for tasks to queue
[2026-02-12T11:45:00.019+0800] {logging_mixin.py:188} INFO - [2026-02-12T11:45:00.019+0800] {dagbag.py:540} INFO - Filling up the DagBag from /Users/linghuchong/miniconda3/envs/py310/lib/python3.10/site-packages/airflow/example_dags/example_datasets.py
[2026-02-12T11:45:00.031+0800] {processor.py:840} INFO - DAG(s) 'dataset_consumes_unknown_never_scheduled', 'dataset_produces_1', 'dataset_consumes_1_never_scheduled', 'dataset_consumes_1_and_2', 'dataset_produces_2', 'dataset_consumes_1' retrieved from /Users/linghuchong/miniconda3/envs/py310/lib/python3.10/site-packages/airflow/example_dags/example_datasets.py
[2026-02-12T11:45:00.265+0800] {logging_mixin.py:188} INFO - [2026-02-12T11:45:00.264+0800] {dag.py:3047} INFO - Sync 6 DAGs
[2026-02-12T11:45:00.282+0800] {logging_mixin.py:188} INFO - [2026-02-12T11:45:00.282+0800] {dag.py:3834} INFO - Setting next_dagrun for dataset_consumes_1 to None, run_after=None
[2026-02-12T11:45:00.284+0800] {logging_mixin.py:188} INFO - [2026-02-12T11:45:00.284+0800] {dag.py:3834} INFO - Setting next_dagrun for dataset_consumes_1_and_2 to None, run_after=None
[2026-02-12T11:45:00.285+0800] {logging_mixin.py:188} INFO - [2026-02-12T11:45:00.285+0800] {dag.py:3834} INFO - Setting next_dagrun for dataset_consumes_1_never_scheduled to None, run_after=None
[2026-02-12T11:45:00.286+0800] {logging_mixin.py:188} INFO - [2026-02-12T11:45:00.286+0800] {dag.py:3834} INFO - Setting next_dagrun for dataset_consumes_unknown_never_scheduled to None, run_after=None
[2026-02-12T11:45:00.288+0800] {logging_mixin.py:188} INFO - [2026-02-12T11:45:00.288+0800] {dag.py:3834} INFO - Setting next_dagrun for dataset_produces_1 to 2026-02-11 00:00:00+00:00, run_after=2026-02-12 00:00:00+00:00
[2026-02-12T11:45:00.289+0800] {logging_mixin.py:188} INFO - [2026-02-12T11:45:00.289+0800] {dag.py:3834} INFO - Setting next_dagrun for dataset_produces_2 to None, run_after=None
[2026-02-12T11:45:00.317+0800] {processor.py:183} INFO - Processing /Users/linghuchong/miniconda3/envs/py310/lib/python3.10/site-packages/airflow/example_dags/example_datasets.py took 0.303 seconds
[2026-02-12T11:50:37.175+0800] {processor.py:161} INFO - Started process (PID=4750) to work on /Users/linghuchong/miniconda3/envs/py310/lib/python3.10/site-packages/airflow/example_dags/example_datasets.py
[2026-02-12T11:50:37.175+0800] {processor.py:830} INFO - Processing file /Users/linghuchong/miniconda3/envs/py310/lib/python3.10/site-packages/airflow/example_dags/example_datasets.py for tasks to queue
[2026-02-12T11:50:37.176+0800] {logging_mixin.py:188} INFO - [2026-02-12T11:50:37.176+0800] {dagbag.py:540} INFO - Filling up the DagBag from /Users/linghuchong/miniconda3/envs/py310/lib/python3.10/site-packages/airflow/example_dags/example_datasets.py
[2026-02-12T11:50:37.186+0800] {processor.py:840} INFO - DAG(s) 'dataset_produces_1', 'dataset_consumes_1_and_2', 'dataset_consumes_unknown_never_scheduled', 'dataset_consumes_1', 'dataset_produces_2', 'dataset_consumes_1_never_scheduled' retrieved from /Users/linghuchong/miniconda3/envs/py310/lib/python3.10/site-packages/airflow/example_dags/example_datasets.py
[2026-02-12T11:50:37.309+0800] {logging_mixin.py:188} INFO - [2026-02-12T11:50:37.308+0800] {dag.py:3047} INFO - Sync 6 DAGs
[2026-02-12T11:50:37.325+0800] {logging_mixin.py:188} INFO - [2026-02-12T11:50:37.325+0800] {dag.py:3834} INFO - Setting next_dagrun for dataset_consumes_1 to None, run_after=None
[2026-02-12T11:50:37.328+0800] {logging_mixin.py:188} INFO - [2026-02-12T11:50:37.328+0800] {dag.py:3834} INFO - Setting next_dagrun for dataset_consumes_1_and_2 to None, run_after=None
[2026-02-12T11:50:37.329+0800] {logging_mixin.py:188} INFO - [2026-02-12T11:50:37.329+0800] {dag.py:3834} INFO - Setting next_dagrun for dataset_consumes_1_never_scheduled to None, run_after=None
[2026-02-12T11:50:37.330+0800] {logging_mixin.py:188} INFO - [2026-02-12T11:50:37.330+0800] {dag.py:3834} INFO - Setting next_dagrun for dataset_consumes_unknown_never_scheduled to None, run_after=None
[2026-02-12T11:50:37.332+0800] {logging_mixin.py:188} INFO - [2026-02-12T11:50:37.332+0800] {dag.py:3834} INFO - Setting next_dagrun for dataset_produces_1 to 2026-02-11 00:00:00+00:00, run_after=2026-02-12 00:00:00+00:00
[2026-02-12T11:50:37.333+0800] {logging_mixin.py:188} INFO - [2026-02-12T11:50:37.333+0800] {dag.py:3834} INFO - Setting next_dagrun for dataset_produces_2 to None, run_after=None
[2026-02-12T11:50:37.360+0800] {processor.py:183} INFO - Processing /Users/linghuchong/miniconda3/envs/py310/lib/python3.10/site-packages/airflow/example_dags/example_datasets.py took 0.186 seconds
