[2026-02-12T10:42:22.439+0800] {processor.py:161} INFO - Started process (PID=2113) to work on /Users/linghuchong/miniconda3/envs/py310/lib/python3.10/site-packages/airflow/example_dags/example_subdag_operator.py
[2026-02-12T10:42:22.440+0800] {processor.py:830} INFO - Processing file /Users/linghuchong/miniconda3/envs/py310/lib/python3.10/site-packages/airflow/example_dags/example_subdag_operator.py for tasks to queue
[2026-02-12T10:42:22.441+0800] {logging_mixin.py:188} INFO - [2026-02-12T10:42:22.441+0800] {dagbag.py:540} INFO - Filling up the DagBag from /Users/linghuchong/miniconda3/envs/py310/lib/python3.10/site-packages/airflow/example_dags/example_subdag_operator.py
[2026-02-12T10:42:22.570+0800] {processor.py:840} INFO - DAG(s) 'example_subdag_operator.section-1', 'example_subdag_operator.section-2', 'example_subdag_operator' retrieved from /Users/linghuchong/miniconda3/envs/py310/lib/python3.10/site-packages/airflow/example_dags/example_subdag_operator.py
[2026-02-12T10:42:22.662+0800] {logging_mixin.py:188} INFO - [2026-02-12T10:42:22.662+0800] {dag.py:3047} INFO - Sync 3 DAGs
[2026-02-12T10:42:22.681+0800] {logging_mixin.py:188} INFO - [2026-02-12T10:42:22.681+0800] {dag.py:3834} INFO - Setting next_dagrun for example_subdag_operator to 2022-01-01 00:00:00+00:00, run_after=2022-01-01 00:00:00+00:00
[2026-02-12T10:42:22.684+0800] {logging_mixin.py:188} INFO - [2026-02-12T10:42:22.684+0800] {dag.py:3834} INFO - Setting next_dagrun for example_subdag_operator.section-1 to None, run_after=None
[2026-02-12T10:42:22.686+0800] {logging_mixin.py:188} INFO - [2026-02-12T10:42:22.685+0800] {dag.py:3834} INFO - Setting next_dagrun for example_subdag_operator.section-2 to None, run_after=None
[2026-02-12T10:42:22.691+0800] {logging_mixin.py:188} INFO - [2026-02-12T10:42:22.691+0800] {dag.py:3047} INFO - Sync 2 DAGs
[2026-02-12T10:42:22.694+0800] {logging_mixin.py:188} INFO - [2026-02-12T10:42:22.694+0800] {dag.py:3834} INFO - Setting next_dagrun for example_subdag_operator.section-1 to None, run_after=None
[2026-02-12T10:42:22.695+0800] {logging_mixin.py:188} INFO - [2026-02-12T10:42:22.695+0800] {dag.py:3834} INFO - Setting next_dagrun for example_subdag_operator.section-2 to None, run_after=None
[2026-02-12T10:42:22.706+0800] {processor.py:183} INFO - Processing /Users/linghuchong/miniconda3/envs/py310/lib/python3.10/site-packages/airflow/example_dags/example_subdag_operator.py took 0.268 seconds
[2026-02-12T10:46:01.926+0800] {processor.py:161} INFO - Started process (PID=2254) to work on /Users/linghuchong/miniconda3/envs/py310/lib/python3.10/site-packages/airflow/example_dags/example_subdag_operator.py
[2026-02-12T10:46:01.929+0800] {processor.py:830} INFO - Processing file /Users/linghuchong/miniconda3/envs/py310/lib/python3.10/site-packages/airflow/example_dags/example_subdag_operator.py for tasks to queue
[2026-02-12T10:46:01.929+0800] {logging_mixin.py:188} INFO - [2026-02-12T10:46:01.929+0800] {dagbag.py:540} INFO - Filling up the DagBag from /Users/linghuchong/miniconda3/envs/py310/lib/python3.10/site-packages/airflow/example_dags/example_subdag_operator.py
[2026-02-12T10:46:02.031+0800] {processor.py:840} INFO - DAG(s) 'example_subdag_operator.section-1', 'example_subdag_operator.section-2', 'example_subdag_operator' retrieved from /Users/linghuchong/miniconda3/envs/py310/lib/python3.10/site-packages/airflow/example_dags/example_subdag_operator.py
[2026-02-12T10:46:02.111+0800] {logging_mixin.py:188} INFO - [2026-02-12T10:46:02.110+0800] {dag.py:3047} INFO - Sync 3 DAGs
[2026-02-12T10:46:02.127+0800] {logging_mixin.py:188} INFO - [2026-02-12T10:46:02.127+0800] {dag.py:3834} INFO - Setting next_dagrun for example_subdag_operator to 2022-01-01 00:00:00+00:00, run_after=2022-01-01 00:00:00+00:00
[2026-02-12T10:46:02.130+0800] {logging_mixin.py:188} INFO - [2026-02-12T10:46:02.130+0800] {dag.py:3834} INFO - Setting next_dagrun for example_subdag_operator.section-1 to None, run_after=None
[2026-02-12T10:46:02.131+0800] {logging_mixin.py:188} INFO - [2026-02-12T10:46:02.131+0800] {dag.py:3834} INFO - Setting next_dagrun for example_subdag_operator.section-2 to None, run_after=None
[2026-02-12T10:46:02.136+0800] {logging_mixin.py:188} INFO - [2026-02-12T10:46:02.136+0800] {dag.py:3047} INFO - Sync 2 DAGs
[2026-02-12T10:46:02.140+0800] {logging_mixin.py:188} INFO - [2026-02-12T10:46:02.140+0800] {dag.py:3834} INFO - Setting next_dagrun for example_subdag_operator.section-1 to None, run_after=None
[2026-02-12T10:46:02.140+0800] {logging_mixin.py:188} INFO - [2026-02-12T10:46:02.140+0800] {dag.py:3834} INFO - Setting next_dagrun for example_subdag_operator.section-2 to None, run_after=None
[2026-02-12T10:46:02.154+0800] {processor.py:183} INFO - Processing /Users/linghuchong/miniconda3/envs/py310/lib/python3.10/site-packages/airflow/example_dags/example_subdag_operator.py took 0.228 seconds
[2026-02-12T10:49:22.992+0800] {processor.py:161} INFO - Started process (PID=2365) to work on /Users/linghuchong/miniconda3/envs/py310/lib/python3.10/site-packages/airflow/example_dags/example_subdag_operator.py
[2026-02-12T10:49:22.993+0800] {processor.py:830} INFO - Processing file /Users/linghuchong/miniconda3/envs/py310/lib/python3.10/site-packages/airflow/example_dags/example_subdag_operator.py for tasks to queue
[2026-02-12T10:49:22.994+0800] {logging_mixin.py:188} INFO - [2026-02-12T10:49:22.994+0800] {dagbag.py:540} INFO - Filling up the DagBag from /Users/linghuchong/miniconda3/envs/py310/lib/python3.10/site-packages/airflow/example_dags/example_subdag_operator.py
[2026-02-12T10:49:23.108+0800] {processor.py:840} INFO - DAG(s) 'example_subdag_operator.section-1', 'example_subdag_operator.section-2', 'example_subdag_operator' retrieved from /Users/linghuchong/miniconda3/envs/py310/lib/python3.10/site-packages/airflow/example_dags/example_subdag_operator.py
[2026-02-12T10:49:23.199+0800] {logging_mixin.py:188} INFO - [2026-02-12T10:49:23.198+0800] {dag.py:3047} INFO - Sync 3 DAGs
[2026-02-12T10:49:23.219+0800] {logging_mixin.py:188} INFO - [2026-02-12T10:49:23.218+0800] {dag.py:3834} INFO - Setting next_dagrun for example_subdag_operator to 2022-01-01 00:00:00+00:00, run_after=2022-01-01 00:00:00+00:00
[2026-02-12T10:49:23.222+0800] {logging_mixin.py:188} INFO - [2026-02-12T10:49:23.221+0800] {dag.py:3834} INFO - Setting next_dagrun for example_subdag_operator.section-1 to None, run_after=None
[2026-02-12T10:49:23.222+0800] {logging_mixin.py:188} INFO - [2026-02-12T10:49:23.222+0800] {dag.py:3834} INFO - Setting next_dagrun for example_subdag_operator.section-2 to None, run_after=None
[2026-02-12T10:49:23.228+0800] {logging_mixin.py:188} INFO - [2026-02-12T10:49:23.228+0800] {dag.py:3047} INFO - Sync 2 DAGs
[2026-02-12T10:49:23.231+0800] {logging_mixin.py:188} INFO - [2026-02-12T10:49:23.231+0800] {dag.py:3834} INFO - Setting next_dagrun for example_subdag_operator.section-1 to None, run_after=None
[2026-02-12T10:49:23.232+0800] {logging_mixin.py:188} INFO - [2026-02-12T10:49:23.232+0800] {dag.py:3834} INFO - Setting next_dagrun for example_subdag_operator.section-2 to None, run_after=None
[2026-02-12T10:49:23.243+0800] {processor.py:183} INFO - Processing /Users/linghuchong/miniconda3/envs/py310/lib/python3.10/site-packages/airflow/example_dags/example_subdag_operator.py took 0.252 seconds
[2026-02-12T10:52:10.525+0800] {processor.py:161} INFO - Started process (PID=2437) to work on /Users/linghuchong/miniconda3/envs/py310/lib/python3.10/site-packages/airflow/example_dags/example_subdag_operator.py
[2026-02-12T10:52:10.527+0800] {processor.py:830} INFO - Processing file /Users/linghuchong/miniconda3/envs/py310/lib/python3.10/site-packages/airflow/example_dags/example_subdag_operator.py for tasks to queue
[2026-02-12T10:52:10.528+0800] {logging_mixin.py:188} INFO - [2026-02-12T10:52:10.527+0800] {dagbag.py:540} INFO - Filling up the DagBag from /Users/linghuchong/miniconda3/envs/py310/lib/python3.10/site-packages/airflow/example_dags/example_subdag_operator.py
[2026-02-12T10:52:10.625+0800] {processor.py:840} INFO - DAG(s) 'example_subdag_operator.section-1', 'example_subdag_operator.section-2', 'example_subdag_operator' retrieved from /Users/linghuchong/miniconda3/envs/py310/lib/python3.10/site-packages/airflow/example_dags/example_subdag_operator.py
[2026-02-12T10:52:10.700+0800] {logging_mixin.py:188} INFO - [2026-02-12T10:52:10.699+0800] {dag.py:3047} INFO - Sync 3 DAGs
[2026-02-12T10:52:10.716+0800] {logging_mixin.py:188} INFO - [2026-02-12T10:52:10.715+0800] {dag.py:3834} INFO - Setting next_dagrun for example_subdag_operator to 2022-01-01 00:00:00+00:00, run_after=2022-01-01 00:00:00+00:00
[2026-02-12T10:52:10.719+0800] {logging_mixin.py:188} INFO - [2026-02-12T10:52:10.719+0800] {dag.py:3834} INFO - Setting next_dagrun for example_subdag_operator.section-1 to None, run_after=None
[2026-02-12T10:52:10.720+0800] {logging_mixin.py:188} INFO - [2026-02-12T10:52:10.720+0800] {dag.py:3834} INFO - Setting next_dagrun for example_subdag_operator.section-2 to None, run_after=None
[2026-02-12T10:52:10.725+0800] {logging_mixin.py:188} INFO - [2026-02-12T10:52:10.725+0800] {dag.py:3047} INFO - Sync 2 DAGs
[2026-02-12T10:52:10.728+0800] {logging_mixin.py:188} INFO - [2026-02-12T10:52:10.728+0800] {dag.py:3834} INFO - Setting next_dagrun for example_subdag_operator.section-1 to None, run_after=None
[2026-02-12T10:52:10.728+0800] {logging_mixin.py:188} INFO - [2026-02-12T10:52:10.728+0800] {dag.py:3834} INFO - Setting next_dagrun for example_subdag_operator.section-2 to None, run_after=None
[2026-02-12T10:52:10.744+0800] {processor.py:183} INFO - Processing /Users/linghuchong/miniconda3/envs/py310/lib/python3.10/site-packages/airflow/example_dags/example_subdag_operator.py took 0.219 seconds
[2026-02-12T10:54:49.112+0800] {processor.py:161} INFO - Started process (PID=2502) to work on /Users/linghuchong/miniconda3/envs/py310/lib/python3.10/site-packages/airflow/example_dags/example_subdag_operator.py
[2026-02-12T10:54:49.113+0800] {processor.py:830} INFO - Processing file /Users/linghuchong/miniconda3/envs/py310/lib/python3.10/site-packages/airflow/example_dags/example_subdag_operator.py for tasks to queue
[2026-02-12T10:54:49.114+0800] {logging_mixin.py:188} INFO - [2026-02-12T10:54:49.114+0800] {dagbag.py:540} INFO - Filling up the DagBag from /Users/linghuchong/miniconda3/envs/py310/lib/python3.10/site-packages/airflow/example_dags/example_subdag_operator.py
[2026-02-12T10:54:49.215+0800] {processor.py:840} INFO - DAG(s) 'example_subdag_operator.section-1', 'example_subdag_operator.section-2', 'example_subdag_operator' retrieved from /Users/linghuchong/miniconda3/envs/py310/lib/python3.10/site-packages/airflow/example_dags/example_subdag_operator.py
[2026-02-12T10:54:49.293+0800] {logging_mixin.py:188} INFO - [2026-02-12T10:54:49.293+0800] {dag.py:3047} INFO - Sync 3 DAGs
[2026-02-12T10:54:49.310+0800] {logging_mixin.py:188} INFO - [2026-02-12T10:54:49.309+0800] {dag.py:3834} INFO - Setting next_dagrun for example_subdag_operator to 2022-01-01 00:00:00+00:00, run_after=2022-01-01 00:00:00+00:00
[2026-02-12T10:54:49.313+0800] {logging_mixin.py:188} INFO - [2026-02-12T10:54:49.312+0800] {dag.py:3834} INFO - Setting next_dagrun for example_subdag_operator.section-1 to None, run_after=None
[2026-02-12T10:54:49.313+0800] {logging_mixin.py:188} INFO - [2026-02-12T10:54:49.313+0800] {dag.py:3834} INFO - Setting next_dagrun for example_subdag_operator.section-2 to None, run_after=None
[2026-02-12T10:54:49.318+0800] {logging_mixin.py:188} INFO - [2026-02-12T10:54:49.318+0800] {dag.py:3047} INFO - Sync 2 DAGs
[2026-02-12T10:54:49.322+0800] {logging_mixin.py:188} INFO - [2026-02-12T10:54:49.322+0800] {dag.py:3834} INFO - Setting next_dagrun for example_subdag_operator.section-1 to None, run_after=None
[2026-02-12T10:54:49.322+0800] {logging_mixin.py:188} INFO - [2026-02-12T10:54:49.322+0800] {dag.py:3834} INFO - Setting next_dagrun for example_subdag_operator.section-2 to None, run_after=None
[2026-02-12T10:54:49.336+0800] {processor.py:183} INFO - Processing /Users/linghuchong/miniconda3/envs/py310/lib/python3.10/site-packages/airflow/example_dags/example_subdag_operator.py took 0.225 seconds
[2026-02-12T11:05:14.942+0800] {processor.py:161} INFO - Started process (PID=2646) to work on /Users/linghuchong/miniconda3/envs/py310/lib/python3.10/site-packages/airflow/example_dags/example_subdag_operator.py
[2026-02-12T11:05:14.943+0800] {processor.py:830} INFO - Processing file /Users/linghuchong/miniconda3/envs/py310/lib/python3.10/site-packages/airflow/example_dags/example_subdag_operator.py for tasks to queue
[2026-02-12T11:05:14.944+0800] {logging_mixin.py:188} INFO - [2026-02-12T11:05:14.944+0800] {dagbag.py:540} INFO - Filling up the DagBag from /Users/linghuchong/miniconda3/envs/py310/lib/python3.10/site-packages/airflow/example_dags/example_subdag_operator.py
[2026-02-12T11:05:15.049+0800] {processor.py:840} INFO - DAG(s) 'example_subdag_operator.section-1', 'example_subdag_operator.section-2', 'example_subdag_operator' retrieved from /Users/linghuchong/miniconda3/envs/py310/lib/python3.10/site-packages/airflow/example_dags/example_subdag_operator.py
[2026-02-12T11:05:15.158+0800] {logging_mixin.py:188} INFO - [2026-02-12T11:05:15.158+0800] {dag.py:3047} INFO - Sync 3 DAGs
[2026-02-12T11:05:15.180+0800] {logging_mixin.py:188} INFO - [2026-02-12T11:05:15.180+0800] {dag.py:3834} INFO - Setting next_dagrun for example_subdag_operator to 2022-01-01 00:00:00+00:00, run_after=2022-01-01 00:00:00+00:00
[2026-02-12T11:05:15.183+0800] {logging_mixin.py:188} INFO - [2026-02-12T11:05:15.183+0800] {dag.py:3834} INFO - Setting next_dagrun for example_subdag_operator.section-1 to None, run_after=None
[2026-02-12T11:05:15.184+0800] {logging_mixin.py:188} INFO - [2026-02-12T11:05:15.184+0800] {dag.py:3834} INFO - Setting next_dagrun for example_subdag_operator.section-2 to None, run_after=None
[2026-02-12T11:05:15.189+0800] {logging_mixin.py:188} INFO - [2026-02-12T11:05:15.189+0800] {dag.py:3047} INFO - Sync 2 DAGs
[2026-02-12T11:05:15.194+0800] {logging_mixin.py:188} INFO - [2026-02-12T11:05:15.193+0800] {dag.py:3834} INFO - Setting next_dagrun for example_subdag_operator.section-1 to None, run_after=None
[2026-02-12T11:05:15.194+0800] {logging_mixin.py:188} INFO - [2026-02-12T11:05:15.194+0800] {dag.py:3834} INFO - Setting next_dagrun for example_subdag_operator.section-2 to None, run_after=None
[2026-02-12T11:05:15.207+0800] {processor.py:183} INFO - Processing /Users/linghuchong/miniconda3/envs/py310/lib/python3.10/site-packages/airflow/example_dags/example_subdag_operator.py took 0.266 seconds
[2026-02-12T11:08:13.368+0800] {processor.py:161} INFO - Started process (PID=2797) to work on /Users/linghuchong/miniconda3/envs/py310/lib/python3.10/site-packages/airflow/example_dags/example_subdag_operator.py
[2026-02-12T11:08:13.369+0800] {processor.py:830} INFO - Processing file /Users/linghuchong/miniconda3/envs/py310/lib/python3.10/site-packages/airflow/example_dags/example_subdag_operator.py for tasks to queue
[2026-02-12T11:08:14.614+0800] {logging_mixin.py:188} INFO - [2026-02-12T11:08:14.613+0800] {dagbag.py:540} INFO - Filling up the DagBag from /Users/linghuchong/miniconda3/envs/py310/lib/python3.10/site-packages/airflow/example_dags/example_subdag_operator.py
[2026-02-12T11:08:15.062+0800] {processor.py:840} INFO - DAG(s) 'example_subdag_operator.section-1', 'example_subdag_operator.section-2', 'example_subdag_operator' retrieved from /Users/linghuchong/miniconda3/envs/py310/lib/python3.10/site-packages/airflow/example_dags/example_subdag_operator.py
[2026-02-12T11:08:15.139+0800] {logging_mixin.py:188} INFO - [2026-02-12T11:08:15.139+0800] {dag.py:3047} INFO - Sync 3 DAGs
[2026-02-12T11:08:15.155+0800] {logging_mixin.py:188} INFO - [2026-02-12T11:08:15.155+0800] {dag.py:3834} INFO - Setting next_dagrun for example_subdag_operator to 2022-01-01 00:00:00+00:00, run_after=2022-01-01 00:00:00+00:00
[2026-02-12T11:08:15.158+0800] {logging_mixin.py:188} INFO - [2026-02-12T11:08:15.158+0800] {dag.py:3834} INFO - Setting next_dagrun for example_subdag_operator.section-1 to None, run_after=None
[2026-02-12T11:08:15.159+0800] {logging_mixin.py:188} INFO - [2026-02-12T11:08:15.159+0800] {dag.py:3834} INFO - Setting next_dagrun for example_subdag_operator.section-2 to None, run_after=None
[2026-02-12T11:08:15.165+0800] {logging_mixin.py:188} INFO - [2026-02-12T11:08:15.164+0800] {dag.py:3047} INFO - Sync 2 DAGs
[2026-02-12T11:08:15.168+0800] {logging_mixin.py:188} INFO - [2026-02-12T11:08:15.168+0800] {dag.py:3834} INFO - Setting next_dagrun for example_subdag_operator.section-1 to None, run_after=None
[2026-02-12T11:08:15.169+0800] {logging_mixin.py:188} INFO - [2026-02-12T11:08:15.169+0800] {dag.py:3834} INFO - Setting next_dagrun for example_subdag_operator.section-2 to None, run_after=None
[2026-02-12T11:08:15.183+0800] {processor.py:183} INFO - Processing /Users/linghuchong/miniconda3/envs/py310/lib/python3.10/site-packages/airflow/example_dags/example_subdag_operator.py took 1.817 seconds
[2026-02-12T11:10:57.576+0800] {processor.py:161} INFO - Started process (PID=2913) to work on /Users/linghuchong/miniconda3/envs/py310/lib/python3.10/site-packages/airflow/example_dags/example_subdag_operator.py
[2026-02-12T11:10:57.576+0800] {processor.py:830} INFO - Processing file /Users/linghuchong/miniconda3/envs/py310/lib/python3.10/site-packages/airflow/example_dags/example_subdag_operator.py for tasks to queue
[2026-02-12T11:10:57.577+0800] {logging_mixin.py:188} INFO - [2026-02-12T11:10:57.577+0800] {dagbag.py:540} INFO - Filling up the DagBag from /Users/linghuchong/miniconda3/envs/py310/lib/python3.10/site-packages/airflow/example_dags/example_subdag_operator.py
[2026-02-12T11:10:57.675+0800] {processor.py:840} INFO - DAG(s) 'example_subdag_operator.section-1', 'example_subdag_operator.section-2', 'example_subdag_operator' retrieved from /Users/linghuchong/miniconda3/envs/py310/lib/python3.10/site-packages/airflow/example_dags/example_subdag_operator.py
[2026-02-12T11:10:57.757+0800] {logging_mixin.py:188} INFO - [2026-02-12T11:10:57.757+0800] {dag.py:3047} INFO - Sync 3 DAGs
[2026-02-12T11:10:57.776+0800] {logging_mixin.py:188} INFO - [2026-02-12T11:10:57.776+0800] {dag.py:3834} INFO - Setting next_dagrun for example_subdag_operator to 2022-01-01 00:00:00+00:00, run_after=2022-01-01 00:00:00+00:00
[2026-02-12T11:10:57.780+0800] {logging_mixin.py:188} INFO - [2026-02-12T11:10:57.779+0800] {dag.py:3834} INFO - Setting next_dagrun for example_subdag_operator.section-1 to None, run_after=None
[2026-02-12T11:10:57.782+0800] {logging_mixin.py:188} INFO - [2026-02-12T11:10:57.781+0800] {dag.py:3834} INFO - Setting next_dagrun for example_subdag_operator.section-2 to None, run_after=None
[2026-02-12T11:10:57.788+0800] {logging_mixin.py:188} INFO - [2026-02-12T11:10:57.788+0800] {dag.py:3047} INFO - Sync 2 DAGs
[2026-02-12T11:10:57.792+0800] {logging_mixin.py:188} INFO - [2026-02-12T11:10:57.792+0800] {dag.py:3834} INFO - Setting next_dagrun for example_subdag_operator.section-1 to None, run_after=None
[2026-02-12T11:10:57.792+0800] {logging_mixin.py:188} INFO - [2026-02-12T11:10:57.792+0800] {dag.py:3834} INFO - Setting next_dagrun for example_subdag_operator.section-2 to None, run_after=None
[2026-02-12T11:10:57.804+0800] {processor.py:183} INFO - Processing /Users/linghuchong/miniconda3/envs/py310/lib/python3.10/site-packages/airflow/example_dags/example_subdag_operator.py took 0.229 seconds
[2026-02-12T11:13:35.382+0800] {processor.py:161} INFO - Started process (PID=2981) to work on /Users/linghuchong/miniconda3/envs/py310/lib/python3.10/site-packages/airflow/example_dags/example_subdag_operator.py
[2026-02-12T11:13:35.385+0800] {processor.py:830} INFO - Processing file /Users/linghuchong/miniconda3/envs/py310/lib/python3.10/site-packages/airflow/example_dags/example_subdag_operator.py for tasks to queue
[2026-02-12T11:13:35.386+0800] {logging_mixin.py:188} INFO - [2026-02-12T11:13:35.386+0800] {dagbag.py:540} INFO - Filling up the DagBag from /Users/linghuchong/miniconda3/envs/py310/lib/python3.10/site-packages/airflow/example_dags/example_subdag_operator.py
[2026-02-12T11:13:35.495+0800] {processor.py:840} INFO - DAG(s) 'example_subdag_operator.section-1', 'example_subdag_operator.section-2', 'example_subdag_operator' retrieved from /Users/linghuchong/miniconda3/envs/py310/lib/python3.10/site-packages/airflow/example_dags/example_subdag_operator.py
[2026-02-12T11:13:35.575+0800] {logging_mixin.py:188} INFO - [2026-02-12T11:13:35.575+0800] {dag.py:3047} INFO - Sync 3 DAGs
[2026-02-12T11:13:35.591+0800] {logging_mixin.py:188} INFO - [2026-02-12T11:13:35.590+0800] {dag.py:3834} INFO - Setting next_dagrun for example_subdag_operator to 2022-01-01 00:00:00+00:00, run_after=2022-01-01 00:00:00+00:00
[2026-02-12T11:13:35.593+0800] {logging_mixin.py:188} INFO - [2026-02-12T11:13:35.593+0800] {dag.py:3834} INFO - Setting next_dagrun for example_subdag_operator.section-1 to None, run_after=None
[2026-02-12T11:13:35.594+0800] {logging_mixin.py:188} INFO - [2026-02-12T11:13:35.594+0800] {dag.py:3834} INFO - Setting next_dagrun for example_subdag_operator.section-2 to None, run_after=None
[2026-02-12T11:13:35.599+0800] {logging_mixin.py:188} INFO - [2026-02-12T11:13:35.599+0800] {dag.py:3047} INFO - Sync 2 DAGs
[2026-02-12T11:13:35.603+0800] {logging_mixin.py:188} INFO - [2026-02-12T11:13:35.603+0800] {dag.py:3834} INFO - Setting next_dagrun for example_subdag_operator.section-1 to None, run_after=None
[2026-02-12T11:13:35.603+0800] {logging_mixin.py:188} INFO - [2026-02-12T11:13:35.603+0800] {dag.py:3834} INFO - Setting next_dagrun for example_subdag_operator.section-2 to None, run_after=None
[2026-02-12T11:13:35.618+0800] {processor.py:183} INFO - Processing /Users/linghuchong/miniconda3/envs/py310/lib/python3.10/site-packages/airflow/example_dags/example_subdag_operator.py took 0.237 seconds
[2026-02-12T11:16:19.015+0800] {processor.py:161} INFO - Started process (PID=3252) to work on /Users/linghuchong/miniconda3/envs/py310/lib/python3.10/site-packages/airflow/example_dags/example_subdag_operator.py
[2026-02-12T11:16:19.016+0800] {processor.py:830} INFO - Processing file /Users/linghuchong/miniconda3/envs/py310/lib/python3.10/site-packages/airflow/example_dags/example_subdag_operator.py for tasks to queue
[2026-02-12T11:16:19.017+0800] {logging_mixin.py:188} INFO - [2026-02-12T11:16:19.017+0800] {dagbag.py:540} INFO - Filling up the DagBag from /Users/linghuchong/miniconda3/envs/py310/lib/python3.10/site-packages/airflow/example_dags/example_subdag_operator.py
[2026-02-12T11:16:19.117+0800] {processor.py:840} INFO - DAG(s) 'example_subdag_operator.section-1', 'example_subdag_operator.section-2', 'example_subdag_operator' retrieved from /Users/linghuchong/miniconda3/envs/py310/lib/python3.10/site-packages/airflow/example_dags/example_subdag_operator.py
[2026-02-12T11:16:19.193+0800] {logging_mixin.py:188} INFO - [2026-02-12T11:16:19.193+0800] {dag.py:3047} INFO - Sync 3 DAGs
[2026-02-12T11:16:19.209+0800] {logging_mixin.py:188} INFO - [2026-02-12T11:16:19.209+0800] {dag.py:3834} INFO - Setting next_dagrun for example_subdag_operator to 2022-01-01 00:00:00+00:00, run_after=2022-01-01 00:00:00+00:00
[2026-02-12T11:16:19.212+0800] {logging_mixin.py:188} INFO - [2026-02-12T11:16:19.212+0800] {dag.py:3834} INFO - Setting next_dagrun for example_subdag_operator.section-1 to None, run_after=None
[2026-02-12T11:16:19.213+0800] {logging_mixin.py:188} INFO - [2026-02-12T11:16:19.213+0800] {dag.py:3834} INFO - Setting next_dagrun for example_subdag_operator.section-2 to None, run_after=None
[2026-02-12T11:16:19.218+0800] {logging_mixin.py:188} INFO - [2026-02-12T11:16:19.218+0800] {dag.py:3047} INFO - Sync 2 DAGs
[2026-02-12T11:16:19.222+0800] {logging_mixin.py:188} INFO - [2026-02-12T11:16:19.222+0800] {dag.py:3834} INFO - Setting next_dagrun for example_subdag_operator.section-1 to None, run_after=None
[2026-02-12T11:16:19.222+0800] {logging_mixin.py:188} INFO - [2026-02-12T11:16:19.222+0800] {dag.py:3834} INFO - Setting next_dagrun for example_subdag_operator.section-2 to None, run_after=None
[2026-02-12T11:16:19.233+0800] {processor.py:183} INFO - Processing /Users/linghuchong/miniconda3/envs/py310/lib/python3.10/site-packages/airflow/example_dags/example_subdag_operator.py took 0.220 seconds
[2026-02-12T11:19:11.694+0800] {processor.py:161} INFO - Started process (PID=3453) to work on /Users/linghuchong/miniconda3/envs/py310/lib/python3.10/site-packages/airflow/example_dags/example_subdag_operator.py
[2026-02-12T11:19:11.695+0800] {processor.py:830} INFO - Processing file /Users/linghuchong/miniconda3/envs/py310/lib/python3.10/site-packages/airflow/example_dags/example_subdag_operator.py for tasks to queue
[2026-02-12T11:19:11.696+0800] {logging_mixin.py:188} INFO - [2026-02-12T11:19:11.695+0800] {dagbag.py:540} INFO - Filling up the DagBag from /Users/linghuchong/miniconda3/envs/py310/lib/python3.10/site-packages/airflow/example_dags/example_subdag_operator.py
[2026-02-12T11:19:11.836+0800] {processor.py:840} INFO - DAG(s) 'example_subdag_operator.section-1', 'example_subdag_operator.section-2', 'example_subdag_operator' retrieved from /Users/linghuchong/miniconda3/envs/py310/lib/python3.10/site-packages/airflow/example_dags/example_subdag_operator.py
[2026-02-12T11:19:12.055+0800] {logging_mixin.py:188} INFO - [2026-02-12T11:19:12.054+0800] {dag.py:3047} INFO - Sync 3 DAGs
[2026-02-12T11:19:12.074+0800] {logging_mixin.py:188} INFO - [2026-02-12T11:19:12.074+0800] {dag.py:3834} INFO - Setting next_dagrun for example_subdag_operator to 2022-01-01 00:00:00+00:00, run_after=2022-01-01 00:00:00+00:00
[2026-02-12T11:19:12.077+0800] {logging_mixin.py:188} INFO - [2026-02-12T11:19:12.076+0800] {dag.py:3834} INFO - Setting next_dagrun for example_subdag_operator.section-1 to None, run_after=None
[2026-02-12T11:19:12.078+0800] {logging_mixin.py:188} INFO - [2026-02-12T11:19:12.077+0800] {dag.py:3834} INFO - Setting next_dagrun for example_subdag_operator.section-2 to None, run_after=None
[2026-02-12T11:19:12.085+0800] {logging_mixin.py:188} INFO - [2026-02-12T11:19:12.085+0800] {dag.py:3047} INFO - Sync 2 DAGs
[2026-02-12T11:19:12.089+0800] {logging_mixin.py:188} INFO - [2026-02-12T11:19:12.089+0800] {dag.py:3834} INFO - Setting next_dagrun for example_subdag_operator.section-1 to None, run_after=None
[2026-02-12T11:19:12.090+0800] {logging_mixin.py:188} INFO - [2026-02-12T11:19:12.090+0800] {dag.py:3834} INFO - Setting next_dagrun for example_subdag_operator.section-2 to None, run_after=None
[2026-02-12T11:19:12.114+0800] {processor.py:183} INFO - Processing /Users/linghuchong/miniconda3/envs/py310/lib/python3.10/site-packages/airflow/example_dags/example_subdag_operator.py took 0.421 seconds
[2026-02-12T11:22:03.819+0800] {processor.py:161} INFO - Started process (PID=3521) to work on /Users/linghuchong/miniconda3/envs/py310/lib/python3.10/site-packages/airflow/example_dags/example_subdag_operator.py
[2026-02-12T11:22:03.820+0800] {processor.py:830} INFO - Processing file /Users/linghuchong/miniconda3/envs/py310/lib/python3.10/site-packages/airflow/example_dags/example_subdag_operator.py for tasks to queue
[2026-02-12T11:22:03.821+0800] {logging_mixin.py:188} INFO - [2026-02-12T11:22:03.821+0800] {dagbag.py:540} INFO - Filling up the DagBag from /Users/linghuchong/miniconda3/envs/py310/lib/python3.10/site-packages/airflow/example_dags/example_subdag_operator.py
[2026-02-12T11:22:03.926+0800] {processor.py:840} INFO - DAG(s) 'example_subdag_operator.section-1', 'example_subdag_operator.section-2', 'example_subdag_operator' retrieved from /Users/linghuchong/miniconda3/envs/py310/lib/python3.10/site-packages/airflow/example_dags/example_subdag_operator.py
[2026-02-12T11:22:04.010+0800] {logging_mixin.py:188} INFO - [2026-02-12T11:22:04.010+0800] {dag.py:3047} INFO - Sync 3 DAGs
[2026-02-12T11:22:04.028+0800] {logging_mixin.py:188} INFO - [2026-02-12T11:22:04.028+0800] {dag.py:3834} INFO - Setting next_dagrun for example_subdag_operator to 2022-01-01 00:00:00+00:00, run_after=2022-01-01 00:00:00+00:00
[2026-02-12T11:22:04.031+0800] {logging_mixin.py:188} INFO - [2026-02-12T11:22:04.031+0800] {dag.py:3834} INFO - Setting next_dagrun for example_subdag_operator.section-1 to None, run_after=None
[2026-02-12T11:22:04.032+0800] {logging_mixin.py:188} INFO - [2026-02-12T11:22:04.032+0800] {dag.py:3834} INFO - Setting next_dagrun for example_subdag_operator.section-2 to None, run_after=None
[2026-02-12T11:22:04.039+0800] {logging_mixin.py:188} INFO - [2026-02-12T11:22:04.039+0800] {dag.py:3047} INFO - Sync 2 DAGs
[2026-02-12T11:22:04.043+0800] {logging_mixin.py:188} INFO - [2026-02-12T11:22:04.042+0800] {dag.py:3834} INFO - Setting next_dagrun for example_subdag_operator.section-1 to None, run_after=None
[2026-02-12T11:22:04.043+0800] {logging_mixin.py:188} INFO - [2026-02-12T11:22:04.043+0800] {dag.py:3834} INFO - Setting next_dagrun for example_subdag_operator.section-2 to None, run_after=None
[2026-02-12T11:22:04.057+0800] {processor.py:183} INFO - Processing /Users/linghuchong/miniconda3/envs/py310/lib/python3.10/site-packages/airflow/example_dags/example_subdag_operator.py took 0.239 seconds
[2026-02-12T11:24:45.040+0800] {processor.py:161} INFO - Started process (PID=3601) to work on /Users/linghuchong/miniconda3/envs/py310/lib/python3.10/site-packages/airflow/example_dags/example_subdag_operator.py
[2026-02-12T11:24:45.041+0800] {processor.py:830} INFO - Processing file /Users/linghuchong/miniconda3/envs/py310/lib/python3.10/site-packages/airflow/example_dags/example_subdag_operator.py for tasks to queue
[2026-02-12T11:24:45.042+0800] {logging_mixin.py:188} INFO - [2026-02-12T11:24:45.042+0800] {dagbag.py:540} INFO - Filling up the DagBag from /Users/linghuchong/miniconda3/envs/py310/lib/python3.10/site-packages/airflow/example_dags/example_subdag_operator.py
[2026-02-12T11:24:45.148+0800] {processor.py:840} INFO - DAG(s) 'example_subdag_operator.section-1', 'example_subdag_operator.section-2', 'example_subdag_operator' retrieved from /Users/linghuchong/miniconda3/envs/py310/lib/python3.10/site-packages/airflow/example_dags/example_subdag_operator.py
[2026-02-12T11:24:45.228+0800] {logging_mixin.py:188} INFO - [2026-02-12T11:24:45.228+0800] {dag.py:3047} INFO - Sync 3 DAGs
[2026-02-12T11:24:45.244+0800] {logging_mixin.py:188} INFO - [2026-02-12T11:24:45.244+0800] {dag.py:3834} INFO - Setting next_dagrun for example_subdag_operator to 2022-01-01 00:00:00+00:00, run_after=2022-01-01 00:00:00+00:00
[2026-02-12T11:24:45.247+0800] {logging_mixin.py:188} INFO - [2026-02-12T11:24:45.247+0800] {dag.py:3834} INFO - Setting next_dagrun for example_subdag_operator.section-1 to None, run_after=None
[2026-02-12T11:24:45.248+0800] {logging_mixin.py:188} INFO - [2026-02-12T11:24:45.248+0800] {dag.py:3834} INFO - Setting next_dagrun for example_subdag_operator.section-2 to None, run_after=None
[2026-02-12T11:24:45.253+0800] {logging_mixin.py:188} INFO - [2026-02-12T11:24:45.253+0800] {dag.py:3047} INFO - Sync 2 DAGs
[2026-02-12T11:24:45.257+0800] {logging_mixin.py:188} INFO - [2026-02-12T11:24:45.256+0800] {dag.py:3834} INFO - Setting next_dagrun for example_subdag_operator.section-1 to None, run_after=None
[2026-02-12T11:24:45.257+0800] {logging_mixin.py:188} INFO - [2026-02-12T11:24:45.257+0800] {dag.py:3834} INFO - Setting next_dagrun for example_subdag_operator.section-2 to None, run_after=None
[2026-02-12T11:24:45.269+0800] {processor.py:183} INFO - Processing /Users/linghuchong/miniconda3/envs/py310/lib/python3.10/site-packages/airflow/example_dags/example_subdag_operator.py took 0.230 seconds
[2026-02-12T11:27:22.803+0800] {processor.py:161} INFO - Started process (PID=3763) to work on /Users/linghuchong/miniconda3/envs/py310/lib/python3.10/site-packages/airflow/example_dags/example_subdag_operator.py
[2026-02-12T11:27:22.804+0800] {processor.py:830} INFO - Processing file /Users/linghuchong/miniconda3/envs/py310/lib/python3.10/site-packages/airflow/example_dags/example_subdag_operator.py for tasks to queue
[2026-02-12T11:27:22.805+0800] {logging_mixin.py:188} INFO - [2026-02-12T11:27:22.804+0800] {dagbag.py:540} INFO - Filling up the DagBag from /Users/linghuchong/miniconda3/envs/py310/lib/python3.10/site-packages/airflow/example_dags/example_subdag_operator.py
[2026-02-12T11:27:22.904+0800] {processor.py:840} INFO - DAG(s) 'example_subdag_operator.section-1', 'example_subdag_operator.section-2', 'example_subdag_operator' retrieved from /Users/linghuchong/miniconda3/envs/py310/lib/python3.10/site-packages/airflow/example_dags/example_subdag_operator.py
[2026-02-12T11:27:22.990+0800] {logging_mixin.py:188} INFO - [2026-02-12T11:27:22.990+0800] {dag.py:3047} INFO - Sync 3 DAGs
[2026-02-12T11:27:23.009+0800] {logging_mixin.py:188} INFO - [2026-02-12T11:27:23.008+0800] {dag.py:3834} INFO - Setting next_dagrun for example_subdag_operator to 2022-01-01 00:00:00+00:00, run_after=2022-01-01 00:00:00+00:00
[2026-02-12T11:27:23.012+0800] {logging_mixin.py:188} INFO - [2026-02-12T11:27:23.012+0800] {dag.py:3834} INFO - Setting next_dagrun for example_subdag_operator.section-1 to None, run_after=None
[2026-02-12T11:27:23.013+0800] {logging_mixin.py:188} INFO - [2026-02-12T11:27:23.013+0800] {dag.py:3834} INFO - Setting next_dagrun for example_subdag_operator.section-2 to None, run_after=None
[2026-02-12T11:27:23.018+0800] {logging_mixin.py:188} INFO - [2026-02-12T11:27:23.018+0800] {dag.py:3047} INFO - Sync 2 DAGs
[2026-02-12T11:27:23.022+0800] {logging_mixin.py:188} INFO - [2026-02-12T11:27:23.022+0800] {dag.py:3834} INFO - Setting next_dagrun for example_subdag_operator.section-1 to None, run_after=None
[2026-02-12T11:27:23.023+0800] {logging_mixin.py:188} INFO - [2026-02-12T11:27:23.022+0800] {dag.py:3834} INFO - Setting next_dagrun for example_subdag_operator.section-2 to None, run_after=None
[2026-02-12T11:27:23.033+0800] {processor.py:183} INFO - Processing /Users/linghuchong/miniconda3/envs/py310/lib/python3.10/site-packages/airflow/example_dags/example_subdag_operator.py took 0.231 seconds
[2026-02-12T11:30:01.634+0800] {processor.py:161} INFO - Started process (PID=3820) to work on /Users/linghuchong/miniconda3/envs/py310/lib/python3.10/site-packages/airflow/example_dags/example_subdag_operator.py
[2026-02-12T11:30:01.635+0800] {processor.py:830} INFO - Processing file /Users/linghuchong/miniconda3/envs/py310/lib/python3.10/site-packages/airflow/example_dags/example_subdag_operator.py for tasks to queue
[2026-02-12T11:30:01.636+0800] {logging_mixin.py:188} INFO - [2026-02-12T11:30:01.636+0800] {dagbag.py:540} INFO - Filling up the DagBag from /Users/linghuchong/miniconda3/envs/py310/lib/python3.10/site-packages/airflow/example_dags/example_subdag_operator.py
[2026-02-12T11:30:01.734+0800] {processor.py:840} INFO - DAG(s) 'example_subdag_operator.section-1', 'example_subdag_operator.section-2', 'example_subdag_operator' retrieved from /Users/linghuchong/miniconda3/envs/py310/lib/python3.10/site-packages/airflow/example_dags/example_subdag_operator.py
[2026-02-12T11:30:01.808+0800] {logging_mixin.py:188} INFO - [2026-02-12T11:30:01.808+0800] {dag.py:3047} INFO - Sync 3 DAGs
[2026-02-12T11:30:01.824+0800] {logging_mixin.py:188} INFO - [2026-02-12T11:30:01.824+0800] {dag.py:3834} INFO - Setting next_dagrun for example_subdag_operator to 2022-01-01 00:00:00+00:00, run_after=2022-01-01 00:00:00+00:00
[2026-02-12T11:30:01.827+0800] {logging_mixin.py:188} INFO - [2026-02-12T11:30:01.826+0800] {dag.py:3834} INFO - Setting next_dagrun for example_subdag_operator.section-1 to None, run_after=None
[2026-02-12T11:30:01.828+0800] {logging_mixin.py:188} INFO - [2026-02-12T11:30:01.827+0800] {dag.py:3834} INFO - Setting next_dagrun for example_subdag_operator.section-2 to None, run_after=None
[2026-02-12T11:30:01.832+0800] {logging_mixin.py:188} INFO - [2026-02-12T11:30:01.832+0800] {dag.py:3047} INFO - Sync 2 DAGs
[2026-02-12T11:30:01.836+0800] {logging_mixin.py:188} INFO - [2026-02-12T11:30:01.836+0800] {dag.py:3834} INFO - Setting next_dagrun for example_subdag_operator.section-1 to None, run_after=None
[2026-02-12T11:30:01.836+0800] {logging_mixin.py:188} INFO - [2026-02-12T11:30:01.836+0800] {dag.py:3834} INFO - Setting next_dagrun for example_subdag_operator.section-2 to None, run_after=None
[2026-02-12T11:30:01.850+0800] {processor.py:183} INFO - Processing /Users/linghuchong/miniconda3/envs/py310/lib/python3.10/site-packages/airflow/example_dags/example_subdag_operator.py took 0.216 seconds
[2026-02-12T11:32:51.967+0800] {processor.py:161} INFO - Started process (PID=3913) to work on /Users/linghuchong/miniconda3/envs/py310/lib/python3.10/site-packages/airflow/example_dags/example_subdag_operator.py
[2026-02-12T11:32:51.968+0800] {processor.py:830} INFO - Processing file /Users/linghuchong/miniconda3/envs/py310/lib/python3.10/site-packages/airflow/example_dags/example_subdag_operator.py for tasks to queue
[2026-02-12T11:32:51.969+0800] {logging_mixin.py:188} INFO - [2026-02-12T11:32:51.969+0800] {dagbag.py:540} INFO - Filling up the DagBag from /Users/linghuchong/miniconda3/envs/py310/lib/python3.10/site-packages/airflow/example_dags/example_subdag_operator.py
[2026-02-12T11:32:52.089+0800] {processor.py:840} INFO - DAG(s) 'example_subdag_operator.section-1', 'example_subdag_operator.section-2', 'example_subdag_operator' retrieved from /Users/linghuchong/miniconda3/envs/py310/lib/python3.10/site-packages/airflow/example_dags/example_subdag_operator.py
[2026-02-12T11:32:52.177+0800] {logging_mixin.py:188} INFO - [2026-02-12T11:32:52.176+0800] {dag.py:3047} INFO - Sync 3 DAGs
[2026-02-12T11:32:52.204+0800] {logging_mixin.py:188} INFO - [2026-02-12T11:32:52.204+0800] {dag.py:3834} INFO - Setting next_dagrun for example_subdag_operator to 2022-01-01 00:00:00+00:00, run_after=2022-01-01 00:00:00+00:00
[2026-02-12T11:32:52.208+0800] {logging_mixin.py:188} INFO - [2026-02-12T11:32:52.207+0800] {dag.py:3834} INFO - Setting next_dagrun for example_subdag_operator.section-1 to None, run_after=None
[2026-02-12T11:32:52.209+0800] {logging_mixin.py:188} INFO - [2026-02-12T11:32:52.209+0800] {dag.py:3834} INFO - Setting next_dagrun for example_subdag_operator.section-2 to None, run_after=None
[2026-02-12T11:32:52.215+0800] {logging_mixin.py:188} INFO - [2026-02-12T11:32:52.214+0800] {dag.py:3047} INFO - Sync 2 DAGs
[2026-02-12T11:32:52.219+0800] {logging_mixin.py:188} INFO - [2026-02-12T11:32:52.219+0800] {dag.py:3834} INFO - Setting next_dagrun for example_subdag_operator.section-1 to None, run_after=None
[2026-02-12T11:32:52.219+0800] {logging_mixin.py:188} INFO - [2026-02-12T11:32:52.219+0800] {dag.py:3834} INFO - Setting next_dagrun for example_subdag_operator.section-2 to None, run_after=None
[2026-02-12T11:32:52.234+0800] {processor.py:183} INFO - Processing /Users/linghuchong/miniconda3/envs/py310/lib/python3.10/site-packages/airflow/example_dags/example_subdag_operator.py took 0.268 seconds
[2026-02-12T11:35:49.281+0800] {processor.py:161} INFO - Started process (PID=4077) to work on /Users/linghuchong/miniconda3/envs/py310/lib/python3.10/site-packages/airflow/example_dags/example_subdag_operator.py
[2026-02-12T11:35:49.283+0800] {processor.py:830} INFO - Processing file /Users/linghuchong/miniconda3/envs/py310/lib/python3.10/site-packages/airflow/example_dags/example_subdag_operator.py for tasks to queue
[2026-02-12T11:35:49.285+0800] {logging_mixin.py:188} INFO - [2026-02-12T11:35:49.284+0800] {dagbag.py:540} INFO - Filling up the DagBag from /Users/linghuchong/miniconda3/envs/py310/lib/python3.10/site-packages/airflow/example_dags/example_subdag_operator.py
[2026-02-12T11:35:49.386+0800] {processor.py:840} INFO - DAG(s) 'example_subdag_operator.section-1', 'example_subdag_operator.section-2', 'example_subdag_operator' retrieved from /Users/linghuchong/miniconda3/envs/py310/lib/python3.10/site-packages/airflow/example_dags/example_subdag_operator.py
[2026-02-12T11:35:49.468+0800] {logging_mixin.py:188} INFO - [2026-02-12T11:35:49.467+0800] {dag.py:3047} INFO - Sync 3 DAGs
[2026-02-12T11:35:49.486+0800] {logging_mixin.py:188} INFO - [2026-02-12T11:35:49.485+0800] {dag.py:3834} INFO - Setting next_dagrun for example_subdag_operator to 2022-01-01 00:00:00+00:00, run_after=2022-01-01 00:00:00+00:00
[2026-02-12T11:35:49.489+0800] {logging_mixin.py:188} INFO - [2026-02-12T11:35:49.489+0800] {dag.py:3834} INFO - Setting next_dagrun for example_subdag_operator.section-1 to None, run_after=None
[2026-02-12T11:35:49.491+0800] {logging_mixin.py:188} INFO - [2026-02-12T11:35:49.490+0800] {dag.py:3834} INFO - Setting next_dagrun for example_subdag_operator.section-2 to None, run_after=None
[2026-02-12T11:35:49.496+0800] {logging_mixin.py:188} INFO - [2026-02-12T11:35:49.496+0800] {dag.py:3047} INFO - Sync 2 DAGs
[2026-02-12T11:35:49.500+0800] {logging_mixin.py:188} INFO - [2026-02-12T11:35:49.499+0800] {dag.py:3834} INFO - Setting next_dagrun for example_subdag_operator.section-1 to None, run_after=None
[2026-02-12T11:35:49.500+0800] {logging_mixin.py:188} INFO - [2026-02-12T11:35:49.500+0800] {dag.py:3834} INFO - Setting next_dagrun for example_subdag_operator.section-2 to None, run_after=None
[2026-02-12T11:35:49.514+0800] {processor.py:183} INFO - Processing /Users/linghuchong/miniconda3/envs/py310/lib/python3.10/site-packages/airflow/example_dags/example_subdag_operator.py took 0.235 seconds
[2026-02-12T11:38:47.862+0800] {processor.py:161} INFO - Started process (PID=4314) to work on /Users/linghuchong/miniconda3/envs/py310/lib/python3.10/site-packages/airflow/example_dags/example_subdag_operator.py
[2026-02-12T11:38:47.863+0800] {processor.py:830} INFO - Processing file /Users/linghuchong/miniconda3/envs/py310/lib/python3.10/site-packages/airflow/example_dags/example_subdag_operator.py for tasks to queue
[2026-02-12T11:38:47.864+0800] {logging_mixin.py:188} INFO - [2026-02-12T11:38:47.864+0800] {dagbag.py:540} INFO - Filling up the DagBag from /Users/linghuchong/miniconda3/envs/py310/lib/python3.10/site-packages/airflow/example_dags/example_subdag_operator.py
[2026-02-12T11:38:47.963+0800] {processor.py:840} INFO - DAG(s) 'example_subdag_operator.section-1', 'example_subdag_operator.section-2', 'example_subdag_operator' retrieved from /Users/linghuchong/miniconda3/envs/py310/lib/python3.10/site-packages/airflow/example_dags/example_subdag_operator.py
[2026-02-12T11:38:48.039+0800] {logging_mixin.py:188} INFO - [2026-02-12T11:38:48.038+0800] {dag.py:3047} INFO - Sync 3 DAGs
[2026-02-12T11:38:48.056+0800] {logging_mixin.py:188} INFO - [2026-02-12T11:38:48.056+0800] {dag.py:3834} INFO - Setting next_dagrun for example_subdag_operator to 2022-01-01 00:00:00+00:00, run_after=2022-01-01 00:00:00+00:00
[2026-02-12T11:38:48.060+0800] {logging_mixin.py:188} INFO - [2026-02-12T11:38:48.060+0800] {dag.py:3834} INFO - Setting next_dagrun for example_subdag_operator.section-1 to None, run_after=None
[2026-02-12T11:38:48.061+0800] {logging_mixin.py:188} INFO - [2026-02-12T11:38:48.061+0800] {dag.py:3834} INFO - Setting next_dagrun for example_subdag_operator.section-2 to None, run_after=None
[2026-02-12T11:38:48.068+0800] {logging_mixin.py:188} INFO - [2026-02-12T11:38:48.067+0800] {dag.py:3047} INFO - Sync 2 DAGs
[2026-02-12T11:38:48.071+0800] {logging_mixin.py:188} INFO - [2026-02-12T11:38:48.071+0800] {dag.py:3834} INFO - Setting next_dagrun for example_subdag_operator.section-1 to None, run_after=None
[2026-02-12T11:38:48.072+0800] {logging_mixin.py:188} INFO - [2026-02-12T11:38:48.072+0800] {dag.py:3834} INFO - Setting next_dagrun for example_subdag_operator.section-2 to None, run_after=None
[2026-02-12T11:38:48.087+0800] {processor.py:183} INFO - Processing /Users/linghuchong/miniconda3/envs/py310/lib/python3.10/site-packages/airflow/example_dags/example_subdag_operator.py took 0.225 seconds
[2026-02-12T11:43:34.170+0800] {processor.py:161} INFO - Started process (PID=4550) to work on /Users/linghuchong/miniconda3/envs/py310/lib/python3.10/site-packages/airflow/example_dags/example_subdag_operator.py
[2026-02-12T11:43:34.173+0800] {processor.py:830} INFO - Processing file /Users/linghuchong/miniconda3/envs/py310/lib/python3.10/site-packages/airflow/example_dags/example_subdag_operator.py for tasks to queue
[2026-02-12T11:43:34.174+0800] {logging_mixin.py:188} INFO - [2026-02-12T11:43:34.174+0800] {dagbag.py:540} INFO - Filling up the DagBag from /Users/linghuchong/miniconda3/envs/py310/lib/python3.10/site-packages/airflow/example_dags/example_subdag_operator.py
[2026-02-12T11:43:34.293+0800] {processor.py:840} INFO - DAG(s) 'example_subdag_operator.section-1', 'example_subdag_operator.section-2', 'example_subdag_operator' retrieved from /Users/linghuchong/miniconda3/envs/py310/lib/python3.10/site-packages/airflow/example_dags/example_subdag_operator.py
[2026-02-12T11:43:34.490+0800] {logging_mixin.py:188} INFO - [2026-02-12T11:43:34.490+0800] {dag.py:3047} INFO - Sync 3 DAGs
[2026-02-12T11:43:34.510+0800] {logging_mixin.py:188} INFO - [2026-02-12T11:43:34.510+0800] {dag.py:3834} INFO - Setting next_dagrun for example_subdag_operator to 2022-01-01 00:00:00+00:00, run_after=2022-01-01 00:00:00+00:00
[2026-02-12T11:43:34.512+0800] {logging_mixin.py:188} INFO - [2026-02-12T11:43:34.512+0800] {dag.py:3834} INFO - Setting next_dagrun for example_subdag_operator.section-1 to None, run_after=None
[2026-02-12T11:43:34.513+0800] {logging_mixin.py:188} INFO - [2026-02-12T11:43:34.513+0800] {dag.py:3834} INFO - Setting next_dagrun for example_subdag_operator.section-2 to None, run_after=None
[2026-02-12T11:43:34.521+0800] {logging_mixin.py:188} INFO - [2026-02-12T11:43:34.521+0800] {dag.py:3047} INFO - Sync 2 DAGs
[2026-02-12T11:43:34.526+0800] {logging_mixin.py:188} INFO - [2026-02-12T11:43:34.525+0800] {dag.py:3834} INFO - Setting next_dagrun for example_subdag_operator.section-1 to None, run_after=None
[2026-02-12T11:43:34.526+0800] {logging_mixin.py:188} INFO - [2026-02-12T11:43:34.526+0800] {dag.py:3834} INFO - Setting next_dagrun for example_subdag_operator.section-2 to None, run_after=None
[2026-02-12T11:43:34.541+0800] {processor.py:183} INFO - Processing /Users/linghuchong/miniconda3/envs/py310/lib/python3.10/site-packages/airflow/example_dags/example_subdag_operator.py took 0.371 seconds
[2026-02-12T11:46:27.188+0800] {processor.py:161} INFO - Started process (PID=4661) to work on /Users/linghuchong/miniconda3/envs/py310/lib/python3.10/site-packages/airflow/example_dags/example_subdag_operator.py
[2026-02-12T11:46:27.191+0800] {processor.py:830} INFO - Processing file /Users/linghuchong/miniconda3/envs/py310/lib/python3.10/site-packages/airflow/example_dags/example_subdag_operator.py for tasks to queue
[2026-02-12T11:46:27.192+0800] {logging_mixin.py:188} INFO - [2026-02-12T11:46:27.192+0800] {dagbag.py:540} INFO - Filling up the DagBag from /Users/linghuchong/miniconda3/envs/py310/lib/python3.10/site-packages/airflow/example_dags/example_subdag_operator.py
[2026-02-12T11:46:27.289+0800] {processor.py:840} INFO - DAG(s) 'example_subdag_operator.section-1', 'example_subdag_operator.section-2', 'example_subdag_operator' retrieved from /Users/linghuchong/miniconda3/envs/py310/lib/python3.10/site-packages/airflow/example_dags/example_subdag_operator.py
[2026-02-12T11:46:27.362+0800] {logging_mixin.py:188} INFO - [2026-02-12T11:46:27.361+0800] {dag.py:3047} INFO - Sync 3 DAGs
[2026-02-12T11:46:27.377+0800] {logging_mixin.py:188} INFO - [2026-02-12T11:46:27.377+0800] {dag.py:3834} INFO - Setting next_dagrun for example_subdag_operator to 2022-01-01 00:00:00+00:00, run_after=2022-01-01 00:00:00+00:00
[2026-02-12T11:46:27.380+0800] {logging_mixin.py:188} INFO - [2026-02-12T11:46:27.379+0800] {dag.py:3834} INFO - Setting next_dagrun for example_subdag_operator.section-1 to None, run_after=None
[2026-02-12T11:46:27.380+0800] {logging_mixin.py:188} INFO - [2026-02-12T11:46:27.380+0800] {dag.py:3834} INFO - Setting next_dagrun for example_subdag_operator.section-2 to None, run_after=None
[2026-02-12T11:46:27.385+0800] {logging_mixin.py:188} INFO - [2026-02-12T11:46:27.385+0800] {dag.py:3047} INFO - Sync 2 DAGs
[2026-02-12T11:46:27.389+0800] {logging_mixin.py:188} INFO - [2026-02-12T11:46:27.389+0800] {dag.py:3834} INFO - Setting next_dagrun for example_subdag_operator.section-1 to None, run_after=None
[2026-02-12T11:46:27.389+0800] {logging_mixin.py:188} INFO - [2026-02-12T11:46:27.389+0800] {dag.py:3834} INFO - Setting next_dagrun for example_subdag_operator.section-2 to None, run_after=None
[2026-02-12T11:46:27.402+0800] {processor.py:183} INFO - Processing /Users/linghuchong/miniconda3/envs/py310/lib/python3.10/site-packages/airflow/example_dags/example_subdag_operator.py took 0.215 seconds
[2026-02-12T11:49:16.627+0800] {processor.py:161} INFO - Started process (PID=4723) to work on /Users/linghuchong/miniconda3/envs/py310/lib/python3.10/site-packages/airflow/example_dags/example_subdag_operator.py
[2026-02-12T11:49:16.628+0800] {processor.py:830} INFO - Processing file /Users/linghuchong/miniconda3/envs/py310/lib/python3.10/site-packages/airflow/example_dags/example_subdag_operator.py for tasks to queue
[2026-02-12T11:49:16.629+0800] {logging_mixin.py:188} INFO - [2026-02-12T11:49:16.629+0800] {dagbag.py:540} INFO - Filling up the DagBag from /Users/linghuchong/miniconda3/envs/py310/lib/python3.10/site-packages/airflow/example_dags/example_subdag_operator.py
[2026-02-12T11:49:16.728+0800] {processor.py:840} INFO - DAG(s) 'example_subdag_operator.section-1', 'example_subdag_operator.section-2', 'example_subdag_operator' retrieved from /Users/linghuchong/miniconda3/envs/py310/lib/python3.10/site-packages/airflow/example_dags/example_subdag_operator.py
[2026-02-12T11:49:16.802+0800] {logging_mixin.py:188} INFO - [2026-02-12T11:49:16.801+0800] {dag.py:3047} INFO - Sync 3 DAGs
[2026-02-12T11:49:16.817+0800] {logging_mixin.py:188} INFO - [2026-02-12T11:49:16.817+0800] {dag.py:3834} INFO - Setting next_dagrun for example_subdag_operator to 2022-01-01 00:00:00+00:00, run_after=2022-01-01 00:00:00+00:00
[2026-02-12T11:49:16.820+0800] {logging_mixin.py:188} INFO - [2026-02-12T11:49:16.820+0800] {dag.py:3834} INFO - Setting next_dagrun for example_subdag_operator.section-1 to None, run_after=None
[2026-02-12T11:49:16.821+0800] {logging_mixin.py:188} INFO - [2026-02-12T11:49:16.821+0800] {dag.py:3834} INFO - Setting next_dagrun for example_subdag_operator.section-2 to None, run_after=None
[2026-02-12T11:49:16.826+0800] {logging_mixin.py:188} INFO - [2026-02-12T11:49:16.825+0800] {dag.py:3047} INFO - Sync 2 DAGs
[2026-02-12T11:49:16.829+0800] {logging_mixin.py:188} INFO - [2026-02-12T11:49:16.829+0800] {dag.py:3834} INFO - Setting next_dagrun for example_subdag_operator.section-1 to None, run_after=None
[2026-02-12T11:49:16.829+0800] {logging_mixin.py:188} INFO - [2026-02-12T11:49:16.829+0800] {dag.py:3834} INFO - Setting next_dagrun for example_subdag_operator.section-2 to None, run_after=None
[2026-02-12T11:49:16.845+0800] {processor.py:183} INFO - Processing /Users/linghuchong/miniconda3/envs/py310/lib/python3.10/site-packages/airflow/example_dags/example_subdag_operator.py took 0.218 seconds
[2026-02-12T11:52:02.525+0800] {processor.py:161} INFO - Started process (PID=4783) to work on /Users/linghuchong/miniconda3/envs/py310/lib/python3.10/site-packages/airflow/example_dags/example_subdag_operator.py
[2026-02-12T11:52:02.526+0800] {processor.py:830} INFO - Processing file /Users/linghuchong/miniconda3/envs/py310/lib/python3.10/site-packages/airflow/example_dags/example_subdag_operator.py for tasks to queue
[2026-02-12T11:52:02.527+0800] {logging_mixin.py:188} INFO - [2026-02-12T11:52:02.526+0800] {dagbag.py:540} INFO - Filling up the DagBag from /Users/linghuchong/miniconda3/envs/py310/lib/python3.10/site-packages/airflow/example_dags/example_subdag_operator.py
[2026-02-12T11:52:02.631+0800] {processor.py:840} INFO - DAG(s) 'example_subdag_operator.section-1', 'example_subdag_operator.section-2', 'example_subdag_operator' retrieved from /Users/linghuchong/miniconda3/envs/py310/lib/python3.10/site-packages/airflow/example_dags/example_subdag_operator.py
[2026-02-12T11:52:02.707+0800] {logging_mixin.py:188} INFO - [2026-02-12T11:52:02.706+0800] {dag.py:3047} INFO - Sync 3 DAGs
[2026-02-12T11:52:02.722+0800] {logging_mixin.py:188} INFO - [2026-02-12T11:52:02.722+0800] {dag.py:3834} INFO - Setting next_dagrun for example_subdag_operator to 2022-01-01 00:00:00+00:00, run_after=2022-01-01 00:00:00+00:00
[2026-02-12T11:52:02.725+0800] {logging_mixin.py:188} INFO - [2026-02-12T11:52:02.725+0800] {dag.py:3834} INFO - Setting next_dagrun for example_subdag_operator.section-1 to None, run_after=None
[2026-02-12T11:52:02.726+0800] {logging_mixin.py:188} INFO - [2026-02-12T11:52:02.726+0800] {dag.py:3834} INFO - Setting next_dagrun for example_subdag_operator.section-2 to None, run_after=None
[2026-02-12T11:52:02.731+0800] {logging_mixin.py:188} INFO - [2026-02-12T11:52:02.731+0800] {dag.py:3047} INFO - Sync 2 DAGs
[2026-02-12T11:52:02.735+0800] {logging_mixin.py:188} INFO - [2026-02-12T11:52:02.735+0800] {dag.py:3834} INFO - Setting next_dagrun for example_subdag_operator.section-1 to None, run_after=None
[2026-02-12T11:52:02.736+0800] {logging_mixin.py:188} INFO - [2026-02-12T11:52:02.736+0800] {dag.py:3834} INFO - Setting next_dagrun for example_subdag_operator.section-2 to None, run_after=None
[2026-02-12T11:52:02.748+0800] {processor.py:183} INFO - Processing /Users/linghuchong/miniconda3/envs/py310/lib/python3.10/site-packages/airflow/example_dags/example_subdag_operator.py took 0.224 seconds
