[2026-02-12T10:41:58.745+0800] {processor.py:161} INFO - Started process (PID=2091) to work on /Users/linghuchong/miniconda3/envs/py310/lib/python3.10/site-packages/airflow/example_dags/example_xcom.py
[2026-02-12T10:41:58.746+0800] {processor.py:830} INFO - Processing file /Users/linghuchong/miniconda3/envs/py310/lib/python3.10/site-packages/airflow/example_dags/example_xcom.py for tasks to queue
[2026-02-12T10:41:58.747+0800] {logging_mixin.py:188} INFO - [2026-02-12T10:41:58.747+0800] {dagbag.py:540} INFO - Filling up the DagBag from /Users/linghuchong/miniconda3/envs/py310/lib/python3.10/site-packages/airflow/example_dags/example_xcom.py
[2026-02-12T10:41:58.783+0800] {processor.py:840} INFO - DAG(s) 'example_xcom' retrieved from /Users/linghuchong/miniconda3/envs/py310/lib/python3.10/site-packages/airflow/example_dags/example_xcom.py
[2026-02-12T10:41:58.898+0800] {logging_mixin.py:188} INFO - [2026-02-12T10:41:58.898+0800] {dag.py:3047} INFO - Sync 1 DAGs
[2026-02-12T10:41:58.918+0800] {logging_mixin.py:188} INFO - [2026-02-12T10:41:58.918+0800] {dag.py:3834} INFO - Setting next_dagrun for example_xcom to 2021-01-01 00:00:00+00:00, run_after=2021-01-01 00:00:00+00:00
[2026-02-12T10:41:58.938+0800] {processor.py:183} INFO - Processing /Users/linghuchong/miniconda3/envs/py310/lib/python3.10/site-packages/airflow/example_dags/example_xcom.py took 0.194 seconds
[2026-02-12T10:43:50.448+0800] {processor.py:161} INFO - Started process (PID=2164) to work on /Users/linghuchong/miniconda3/envs/py310/lib/python3.10/site-packages/airflow/example_dags/example_xcom.py
[2026-02-12T10:43:50.449+0800] {processor.py:830} INFO - Processing file /Users/linghuchong/miniconda3/envs/py310/lib/python3.10/site-packages/airflow/example_dags/example_xcom.py for tasks to queue
[2026-02-12T10:43:50.450+0800] {logging_mixin.py:188} INFO - [2026-02-12T10:43:50.449+0800] {dagbag.py:540} INFO - Filling up the DagBag from /Users/linghuchong/miniconda3/envs/py310/lib/python3.10/site-packages/airflow/example_dags/example_xcom.py
[2026-02-12T10:43:50.482+0800] {processor.py:840} INFO - DAG(s) 'example_xcom' retrieved from /Users/linghuchong/miniconda3/envs/py310/lib/python3.10/site-packages/airflow/example_dags/example_xcom.py
[2026-02-12T10:43:50.596+0800] {logging_mixin.py:188} INFO - [2026-02-12T10:43:50.596+0800] {dag.py:3047} INFO - Sync 1 DAGs
[2026-02-12T10:43:50.611+0800] {logging_mixin.py:188} INFO - [2026-02-12T10:43:50.611+0800] {dag.py:3834} INFO - Setting next_dagrun for example_xcom to 2021-01-01 00:00:00+00:00, run_after=2021-01-01 00:00:00+00:00
[2026-02-12T10:43:50.632+0800] {processor.py:183} INFO - Processing /Users/linghuchong/miniconda3/envs/py310/lib/python3.10/site-packages/airflow/example_dags/example_xcom.py took 0.185 seconds
[2026-02-12T10:45:38.964+0800] {processor.py:161} INFO - Started process (PID=2246) to work on /Users/linghuchong/miniconda3/envs/py310/lib/python3.10/site-packages/airflow/example_dags/example_xcom.py
[2026-02-12T10:45:38.966+0800] {processor.py:830} INFO - Processing file /Users/linghuchong/miniconda3/envs/py310/lib/python3.10/site-packages/airflow/example_dags/example_xcom.py for tasks to queue
[2026-02-12T10:45:38.967+0800] {logging_mixin.py:188} INFO - [2026-02-12T10:45:38.967+0800] {dagbag.py:540} INFO - Filling up the DagBag from /Users/linghuchong/miniconda3/envs/py310/lib/python3.10/site-packages/airflow/example_dags/example_xcom.py
[2026-02-12T10:45:39.002+0800] {processor.py:840} INFO - DAG(s) 'example_xcom' retrieved from /Users/linghuchong/miniconda3/envs/py310/lib/python3.10/site-packages/airflow/example_dags/example_xcom.py
[2026-02-12T10:45:39.117+0800] {logging_mixin.py:188} INFO - [2026-02-12T10:45:39.117+0800] {dag.py:3047} INFO - Sync 1 DAGs
[2026-02-12T10:45:39.134+0800] {logging_mixin.py:188} INFO - [2026-02-12T10:45:39.134+0800] {dag.py:3834} INFO - Setting next_dagrun for example_xcom to 2021-01-01 00:00:00+00:00, run_after=2021-01-01 00:00:00+00:00
[2026-02-12T10:45:39.156+0800] {processor.py:183} INFO - Processing /Users/linghuchong/miniconda3/envs/py310/lib/python3.10/site-packages/airflow/example_dags/example_xcom.py took 0.194 seconds
[2026-02-12T10:49:00.074+0800] {processor.py:161} INFO - Started process (PID=2346) to work on /Users/linghuchong/miniconda3/envs/py310/lib/python3.10/site-packages/airflow/example_dags/example_xcom.py
[2026-02-12T10:49:00.077+0800] {processor.py:830} INFO - Processing file /Users/linghuchong/miniconda3/envs/py310/lib/python3.10/site-packages/airflow/example_dags/example_xcom.py for tasks to queue
[2026-02-12T10:49:00.078+0800] {logging_mixin.py:188} INFO - [2026-02-12T10:49:00.078+0800] {dagbag.py:540} INFO - Filling up the DagBag from /Users/linghuchong/miniconda3/envs/py310/lib/python3.10/site-packages/airflow/example_dags/example_xcom.py
[2026-02-12T10:49:00.116+0800] {processor.py:840} INFO - DAG(s) 'example_xcom' retrieved from /Users/linghuchong/miniconda3/envs/py310/lib/python3.10/site-packages/airflow/example_dags/example_xcom.py
[2026-02-12T10:49:00.242+0800] {logging_mixin.py:188} INFO - [2026-02-12T10:49:00.241+0800] {dag.py:3047} INFO - Sync 1 DAGs
[2026-02-12T10:49:00.261+0800] {logging_mixin.py:188} INFO - [2026-02-12T10:49:00.261+0800] {dag.py:3834} INFO - Setting next_dagrun for example_xcom to 2021-01-01 00:00:00+00:00, run_after=2021-01-01 00:00:00+00:00
[2026-02-12T10:49:00.282+0800] {processor.py:183} INFO - Processing /Users/linghuchong/miniconda3/envs/py310/lib/python3.10/site-packages/airflow/example_dags/example_xcom.py took 0.208 seconds
[2026-02-12T10:51:47.130+0800] {processor.py:161} INFO - Started process (PID=2416) to work on /Users/linghuchong/miniconda3/envs/py310/lib/python3.10/site-packages/airflow/example_dags/example_xcom.py
[2026-02-12T10:51:47.131+0800] {processor.py:830} INFO - Processing file /Users/linghuchong/miniconda3/envs/py310/lib/python3.10/site-packages/airflow/example_dags/example_xcom.py for tasks to queue
[2026-02-12T10:51:47.132+0800] {logging_mixin.py:188} INFO - [2026-02-12T10:51:47.132+0800] {dagbag.py:540} INFO - Filling up the DagBag from /Users/linghuchong/miniconda3/envs/py310/lib/python3.10/site-packages/airflow/example_dags/example_xcom.py
[2026-02-12T10:51:47.168+0800] {processor.py:840} INFO - DAG(s) 'example_xcom' retrieved from /Users/linghuchong/miniconda3/envs/py310/lib/python3.10/site-packages/airflow/example_dags/example_xcom.py
[2026-02-12T10:51:47.297+0800] {logging_mixin.py:188} INFO - [2026-02-12T10:51:47.297+0800] {dag.py:3047} INFO - Sync 1 DAGs
[2026-02-12T10:51:47.323+0800] {logging_mixin.py:188} INFO - [2026-02-12T10:51:47.322+0800] {dag.py:3834} INFO - Setting next_dagrun for example_xcom to 2021-01-01 00:00:00+00:00, run_after=2021-01-01 00:00:00+00:00
[2026-02-12T10:51:47.352+0800] {processor.py:183} INFO - Processing /Users/linghuchong/miniconda3/envs/py310/lib/python3.10/site-packages/airflow/example_dags/example_xcom.py took 0.223 seconds
[2026-02-12T10:54:26.680+0800] {processor.py:161} INFO - Started process (PID=2492) to work on /Users/linghuchong/miniconda3/envs/py310/lib/python3.10/site-packages/airflow/example_dags/example_xcom.py
[2026-02-12T10:54:26.680+0800] {processor.py:830} INFO - Processing file /Users/linghuchong/miniconda3/envs/py310/lib/python3.10/site-packages/airflow/example_dags/example_xcom.py for tasks to queue
[2026-02-12T10:54:26.681+0800] {logging_mixin.py:188} INFO - [2026-02-12T10:54:26.681+0800] {dagbag.py:540} INFO - Filling up the DagBag from /Users/linghuchong/miniconda3/envs/py310/lib/python3.10/site-packages/airflow/example_dags/example_xcom.py
[2026-02-12T10:54:26.714+0800] {processor.py:840} INFO - DAG(s) 'example_xcom' retrieved from /Users/linghuchong/miniconda3/envs/py310/lib/python3.10/site-packages/airflow/example_dags/example_xcom.py
[2026-02-12T10:54:26.822+0800] {logging_mixin.py:188} INFO - [2026-02-12T10:54:26.822+0800] {dag.py:3047} INFO - Sync 1 DAGs
[2026-02-12T10:54:26.837+0800] {logging_mixin.py:188} INFO - [2026-02-12T10:54:26.837+0800] {dag.py:3834} INFO - Setting next_dagrun for example_xcom to 2021-01-01 00:00:00+00:00, run_after=2021-01-01 00:00:00+00:00
[2026-02-12T10:54:26.857+0800] {processor.py:183} INFO - Processing /Users/linghuchong/miniconda3/envs/py310/lib/python3.10/site-packages/airflow/example_dags/example_xcom.py took 0.178 seconds
[2026-02-12T11:04:52.169+0800] {processor.py:161} INFO - Started process (PID=2633) to work on /Users/linghuchong/miniconda3/envs/py310/lib/python3.10/site-packages/airflow/example_dags/example_xcom.py
[2026-02-12T11:04:52.170+0800] {processor.py:830} INFO - Processing file /Users/linghuchong/miniconda3/envs/py310/lib/python3.10/site-packages/airflow/example_dags/example_xcom.py for tasks to queue
[2026-02-12T11:04:52.171+0800] {logging_mixin.py:188} INFO - [2026-02-12T11:04:52.171+0800] {dagbag.py:540} INFO - Filling up the DagBag from /Users/linghuchong/miniconda3/envs/py310/lib/python3.10/site-packages/airflow/example_dags/example_xcom.py
[2026-02-12T11:04:52.208+0800] {processor.py:840} INFO - DAG(s) 'example_xcom' retrieved from /Users/linghuchong/miniconda3/envs/py310/lib/python3.10/site-packages/airflow/example_dags/example_xcom.py
[2026-02-12T11:04:52.338+0800] {logging_mixin.py:188} INFO - [2026-02-12T11:04:52.338+0800] {dag.py:3047} INFO - Sync 1 DAGs
[2026-02-12T11:04:52.356+0800] {logging_mixin.py:188} INFO - [2026-02-12T11:04:52.356+0800] {dag.py:3834} INFO - Setting next_dagrun for example_xcom to 2021-01-01 00:00:00+00:00, run_after=2021-01-01 00:00:00+00:00
[2026-02-12T11:04:52.378+0800] {processor.py:183} INFO - Processing /Users/linghuchong/miniconda3/envs/py310/lib/python3.10/site-packages/airflow/example_dags/example_xcom.py took 0.210 seconds
[2026-02-12T11:07:51.581+0800] {processor.py:161} INFO - Started process (PID=2771) to work on /Users/linghuchong/miniconda3/envs/py310/lib/python3.10/site-packages/airflow/example_dags/example_xcom.py
[2026-02-12T11:07:51.582+0800] {processor.py:830} INFO - Processing file /Users/linghuchong/miniconda3/envs/py310/lib/python3.10/site-packages/airflow/example_dags/example_xcom.py for tasks to queue
[2026-02-12T11:07:51.583+0800] {logging_mixin.py:188} INFO - [2026-02-12T11:07:51.583+0800] {dagbag.py:540} INFO - Filling up the DagBag from /Users/linghuchong/miniconda3/envs/py310/lib/python3.10/site-packages/airflow/example_dags/example_xcom.py
[2026-02-12T11:07:51.617+0800] {processor.py:840} INFO - DAG(s) 'example_xcom' retrieved from /Users/linghuchong/miniconda3/envs/py310/lib/python3.10/site-packages/airflow/example_dags/example_xcom.py
[2026-02-12T11:07:51.740+0800] {logging_mixin.py:188} INFO - [2026-02-12T11:07:51.739+0800] {dag.py:3047} INFO - Sync 1 DAGs
[2026-02-12T11:07:51.756+0800] {logging_mixin.py:188} INFO - [2026-02-12T11:07:51.756+0800] {dag.py:3834} INFO - Setting next_dagrun for example_xcom to 2021-01-01 00:00:00+00:00, run_after=2021-01-01 00:00:00+00:00
[2026-02-12T11:07:51.777+0800] {processor.py:183} INFO - Processing /Users/linghuchong/miniconda3/envs/py310/lib/python3.10/site-packages/airflow/example_dags/example_xcom.py took 0.197 seconds
[2026-02-12T11:10:36.250+0800] {processor.py:161} INFO - Started process (PID=2899) to work on /Users/linghuchong/miniconda3/envs/py310/lib/python3.10/site-packages/airflow/example_dags/example_xcom.py
[2026-02-12T11:10:36.253+0800] {processor.py:830} INFO - Processing file /Users/linghuchong/miniconda3/envs/py310/lib/python3.10/site-packages/airflow/example_dags/example_xcom.py for tasks to queue
[2026-02-12T11:10:36.254+0800] {logging_mixin.py:188} INFO - [2026-02-12T11:10:36.254+0800] {dagbag.py:540} INFO - Filling up the DagBag from /Users/linghuchong/miniconda3/envs/py310/lib/python3.10/site-packages/airflow/example_dags/example_xcom.py
[2026-02-12T11:10:36.287+0800] {processor.py:840} INFO - DAG(s) 'example_xcom' retrieved from /Users/linghuchong/miniconda3/envs/py310/lib/python3.10/site-packages/airflow/example_dags/example_xcom.py
[2026-02-12T11:10:36.398+0800] {logging_mixin.py:188} INFO - [2026-02-12T11:10:36.398+0800] {dag.py:3047} INFO - Sync 1 DAGs
[2026-02-12T11:10:36.413+0800] {logging_mixin.py:188} INFO - [2026-02-12T11:10:36.413+0800] {dag.py:3834} INFO - Setting next_dagrun for example_xcom to 2021-01-01 00:00:00+00:00, run_after=2021-01-01 00:00:00+00:00
[2026-02-12T11:10:36.435+0800] {processor.py:183} INFO - Processing /Users/linghuchong/miniconda3/envs/py310/lib/python3.10/site-packages/airflow/example_dags/example_xcom.py took 0.185 seconds
[2026-02-12T11:13:13.742+0800] {processor.py:161} INFO - Started process (PID=2975) to work on /Users/linghuchong/miniconda3/envs/py310/lib/python3.10/site-packages/airflow/example_dags/example_xcom.py
[2026-02-12T11:13:13.745+0800] {processor.py:830} INFO - Processing file /Users/linghuchong/miniconda3/envs/py310/lib/python3.10/site-packages/airflow/example_dags/example_xcom.py for tasks to queue
[2026-02-12T11:13:13.746+0800] {logging_mixin.py:188} INFO - [2026-02-12T11:13:13.746+0800] {dagbag.py:540} INFO - Filling up the DagBag from /Users/linghuchong/miniconda3/envs/py310/lib/python3.10/site-packages/airflow/example_dags/example_xcom.py
[2026-02-12T11:13:13.779+0800] {processor.py:840} INFO - DAG(s) 'example_xcom' retrieved from /Users/linghuchong/miniconda3/envs/py310/lib/python3.10/site-packages/airflow/example_dags/example_xcom.py
[2026-02-12T11:13:13.887+0800] {logging_mixin.py:188} INFO - [2026-02-12T11:13:13.887+0800] {dag.py:3047} INFO - Sync 1 DAGs
[2026-02-12T11:13:13.902+0800] {logging_mixin.py:188} INFO - [2026-02-12T11:13:13.902+0800] {dag.py:3834} INFO - Setting next_dagrun for example_xcom to 2021-01-01 00:00:00+00:00, run_after=2021-01-01 00:00:00+00:00
[2026-02-12T11:13:13.918+0800] {processor.py:183} INFO - Processing /Users/linghuchong/miniconda3/envs/py310/lib/python3.10/site-packages/airflow/example_dags/example_xcom.py took 0.177 seconds
[2026-02-12T11:15:56.791+0800] {processor.py:161} INFO - Started process (PID=3234) to work on /Users/linghuchong/miniconda3/envs/py310/lib/python3.10/site-packages/airflow/example_dags/example_xcom.py
[2026-02-12T11:15:56.792+0800] {processor.py:830} INFO - Processing file /Users/linghuchong/miniconda3/envs/py310/lib/python3.10/site-packages/airflow/example_dags/example_xcom.py for tasks to queue
[2026-02-12T11:15:56.793+0800] {logging_mixin.py:188} INFO - [2026-02-12T11:15:56.793+0800] {dagbag.py:540} INFO - Filling up the DagBag from /Users/linghuchong/miniconda3/envs/py310/lib/python3.10/site-packages/airflow/example_dags/example_xcom.py
[2026-02-12T11:15:56.827+0800] {processor.py:840} INFO - DAG(s) 'example_xcom' retrieved from /Users/linghuchong/miniconda3/envs/py310/lib/python3.10/site-packages/airflow/example_dags/example_xcom.py
[2026-02-12T11:15:56.934+0800] {logging_mixin.py:188} INFO - [2026-02-12T11:15:56.934+0800] {dag.py:3047} INFO - Sync 1 DAGs
[2026-02-12T11:15:56.949+0800] {logging_mixin.py:188} INFO - [2026-02-12T11:15:56.949+0800] {dag.py:3834} INFO - Setting next_dagrun for example_xcom to 2021-01-01 00:00:00+00:00, run_after=2021-01-01 00:00:00+00:00
[2026-02-12T11:15:56.971+0800] {processor.py:183} INFO - Processing /Users/linghuchong/miniconda3/envs/py310/lib/python3.10/site-packages/airflow/example_dags/example_xcom.py took 0.180 seconds
[2026-02-12T11:18:49.097+0800] {processor.py:161} INFO - Started process (PID=3442) to work on /Users/linghuchong/miniconda3/envs/py310/lib/python3.10/site-packages/airflow/example_dags/example_xcom.py
[2026-02-12T11:18:49.098+0800] {processor.py:830} INFO - Processing file /Users/linghuchong/miniconda3/envs/py310/lib/python3.10/site-packages/airflow/example_dags/example_xcom.py for tasks to queue
[2026-02-12T11:18:49.099+0800] {logging_mixin.py:188} INFO - [2026-02-12T11:18:49.099+0800] {dagbag.py:540} INFO - Filling up the DagBag from /Users/linghuchong/miniconda3/envs/py310/lib/python3.10/site-packages/airflow/example_dags/example_xcom.py
[2026-02-12T11:18:49.131+0800] {processor.py:840} INFO - DAG(s) 'example_xcom' retrieved from /Users/linghuchong/miniconda3/envs/py310/lib/python3.10/site-packages/airflow/example_dags/example_xcom.py
[2026-02-12T11:18:49.151+0800] {logging_mixin.py:188} INFO - [2026-02-12T11:18:49.150+0800] {dag.py:3047} INFO - Sync 1 DAGs
[2026-02-12T11:18:49.245+0800] {logging_mixin.py:188} INFO - [2026-02-12T11:18:49.245+0800] {dag.py:3834} INFO - Setting next_dagrun for example_xcom to 2021-01-01 00:00:00+00:00, run_after=2021-01-01 00:00:00+00:00
[2026-02-12T11:18:49.265+0800] {processor.py:183} INFO - Processing /Users/linghuchong/miniconda3/envs/py310/lib/python3.10/site-packages/airflow/example_dags/example_xcom.py took 0.169 seconds
[2026-02-12T11:21:40.559+0800] {processor.py:161} INFO - Started process (PID=3511) to work on /Users/linghuchong/miniconda3/envs/py310/lib/python3.10/site-packages/airflow/example_dags/example_xcom.py
[2026-02-12T11:21:40.560+0800] {processor.py:830} INFO - Processing file /Users/linghuchong/miniconda3/envs/py310/lib/python3.10/site-packages/airflow/example_dags/example_xcom.py for tasks to queue
[2026-02-12T11:21:40.561+0800] {logging_mixin.py:188} INFO - [2026-02-12T11:21:40.560+0800] {dagbag.py:540} INFO - Filling up the DagBag from /Users/linghuchong/miniconda3/envs/py310/lib/python3.10/site-packages/airflow/example_dags/example_xcom.py
[2026-02-12T11:21:40.600+0800] {processor.py:840} INFO - DAG(s) 'example_xcom' retrieved from /Users/linghuchong/miniconda3/envs/py310/lib/python3.10/site-packages/airflow/example_dags/example_xcom.py
[2026-02-12T11:21:40.829+0800] {logging_mixin.py:188} INFO - [2026-02-12T11:21:40.829+0800] {dag.py:3047} INFO - Sync 1 DAGs
[2026-02-12T11:21:40.848+0800] {logging_mixin.py:188} INFO - [2026-02-12T11:21:40.847+0800] {dag.py:3834} INFO - Setting next_dagrun for example_xcom to 2021-01-01 00:00:00+00:00, run_after=2021-01-01 00:00:00+00:00
[2026-02-12T11:21:40.871+0800] {processor.py:183} INFO - Processing /Users/linghuchong/miniconda3/envs/py310/lib/python3.10/site-packages/airflow/example_dags/example_xcom.py took 0.312 seconds
[2026-02-12T11:24:23.388+0800] {processor.py:161} INFO - Started process (PID=3592) to work on /Users/linghuchong/miniconda3/envs/py310/lib/python3.10/site-packages/airflow/example_dags/example_xcom.py
[2026-02-12T11:24:23.389+0800] {processor.py:830} INFO - Processing file /Users/linghuchong/miniconda3/envs/py310/lib/python3.10/site-packages/airflow/example_dags/example_xcom.py for tasks to queue
[2026-02-12T11:24:23.390+0800] {logging_mixin.py:188} INFO - [2026-02-12T11:24:23.390+0800] {dagbag.py:540} INFO - Filling up the DagBag from /Users/linghuchong/miniconda3/envs/py310/lib/python3.10/site-packages/airflow/example_dags/example_xcom.py
[2026-02-12T11:24:23.425+0800] {processor.py:840} INFO - DAG(s) 'example_xcom' retrieved from /Users/linghuchong/miniconda3/envs/py310/lib/python3.10/site-packages/airflow/example_dags/example_xcom.py
[2026-02-12T11:24:23.546+0800] {logging_mixin.py:188} INFO - [2026-02-12T11:24:23.546+0800] {dag.py:3047} INFO - Sync 1 DAGs
[2026-02-12T11:24:23.565+0800] {logging_mixin.py:188} INFO - [2026-02-12T11:24:23.564+0800] {dag.py:3834} INFO - Setting next_dagrun for example_xcom to 2021-01-01 00:00:00+00:00, run_after=2021-01-01 00:00:00+00:00
[2026-02-12T11:24:23.586+0800] {processor.py:183} INFO - Processing /Users/linghuchong/miniconda3/envs/py310/lib/python3.10/site-packages/airflow/example_dags/example_xcom.py took 0.198 seconds
[2026-02-12T11:27:01.318+0800] {processor.py:161} INFO - Started process (PID=3753) to work on /Users/linghuchong/miniconda3/envs/py310/lib/python3.10/site-packages/airflow/example_dags/example_xcom.py
[2026-02-12T11:27:01.319+0800] {processor.py:830} INFO - Processing file /Users/linghuchong/miniconda3/envs/py310/lib/python3.10/site-packages/airflow/example_dags/example_xcom.py for tasks to queue
[2026-02-12T11:27:01.320+0800] {logging_mixin.py:188} INFO - [2026-02-12T11:27:01.319+0800] {dagbag.py:540} INFO - Filling up the DagBag from /Users/linghuchong/miniconda3/envs/py310/lib/python3.10/site-packages/airflow/example_dags/example_xcom.py
[2026-02-12T11:27:01.354+0800] {processor.py:840} INFO - DAG(s) 'example_xcom' retrieved from /Users/linghuchong/miniconda3/envs/py310/lib/python3.10/site-packages/airflow/example_dags/example_xcom.py
[2026-02-12T11:27:01.496+0800] {logging_mixin.py:188} INFO - [2026-02-12T11:27:01.495+0800] {dag.py:3047} INFO - Sync 1 DAGs
[2026-02-12T11:27:01.516+0800] {logging_mixin.py:188} INFO - [2026-02-12T11:27:01.515+0800] {dag.py:3834} INFO - Setting next_dagrun for example_xcom to 2021-01-01 00:00:00+00:00, run_after=2021-01-01 00:00:00+00:00
[2026-02-12T11:27:01.539+0800] {processor.py:183} INFO - Processing /Users/linghuchong/miniconda3/envs/py310/lib/python3.10/site-packages/airflow/example_dags/example_xcom.py took 0.222 seconds
[2026-02-12T11:29:40.467+0800] {processor.py:161} INFO - Started process (PID=3812) to work on /Users/linghuchong/miniconda3/envs/py310/lib/python3.10/site-packages/airflow/example_dags/example_xcom.py
[2026-02-12T11:29:40.468+0800] {processor.py:830} INFO - Processing file /Users/linghuchong/miniconda3/envs/py310/lib/python3.10/site-packages/airflow/example_dags/example_xcom.py for tasks to queue
[2026-02-12T11:29:40.469+0800] {logging_mixin.py:188} INFO - [2026-02-12T11:29:40.469+0800] {dagbag.py:540} INFO - Filling up the DagBag from /Users/linghuchong/miniconda3/envs/py310/lib/python3.10/site-packages/airflow/example_dags/example_xcom.py
[2026-02-12T11:29:40.506+0800] {processor.py:840} INFO - DAG(s) 'example_xcom' retrieved from /Users/linghuchong/miniconda3/envs/py310/lib/python3.10/site-packages/airflow/example_dags/example_xcom.py
[2026-02-12T11:29:40.644+0800] {logging_mixin.py:188} INFO - [2026-02-12T11:29:40.643+0800] {dag.py:3047} INFO - Sync 1 DAGs
[2026-02-12T11:29:40.662+0800] {logging_mixin.py:188} INFO - [2026-02-12T11:29:40.662+0800] {dag.py:3834} INFO - Setting next_dagrun for example_xcom to 2021-01-01 00:00:00+00:00, run_after=2021-01-01 00:00:00+00:00
[2026-02-12T11:29:40.684+0800] {processor.py:183} INFO - Processing /Users/linghuchong/miniconda3/envs/py310/lib/python3.10/site-packages/airflow/example_dags/example_xcom.py took 0.218 seconds
[2026-02-12T11:32:28.551+0800] {processor.py:161} INFO - Started process (PID=3904) to work on /Users/linghuchong/miniconda3/envs/py310/lib/python3.10/site-packages/airflow/example_dags/example_xcom.py
[2026-02-12T11:32:28.555+0800] {processor.py:830} INFO - Processing file /Users/linghuchong/miniconda3/envs/py310/lib/python3.10/site-packages/airflow/example_dags/example_xcom.py for tasks to queue
[2026-02-12T11:32:28.556+0800] {logging_mixin.py:188} INFO - [2026-02-12T11:32:28.556+0800] {dagbag.py:540} INFO - Filling up the DagBag from /Users/linghuchong/miniconda3/envs/py310/lib/python3.10/site-packages/airflow/example_dags/example_xcom.py
[2026-02-12T11:32:28.596+0800] {processor.py:840} INFO - DAG(s) 'example_xcom' retrieved from /Users/linghuchong/miniconda3/envs/py310/lib/python3.10/site-packages/airflow/example_dags/example_xcom.py
[2026-02-12T11:32:28.721+0800] {logging_mixin.py:188} INFO - [2026-02-12T11:32:28.721+0800] {dag.py:3047} INFO - Sync 1 DAGs
[2026-02-12T11:32:28.738+0800] {logging_mixin.py:188} INFO - [2026-02-12T11:32:28.737+0800] {dag.py:3834} INFO - Setting next_dagrun for example_xcom to 2021-01-01 00:00:00+00:00, run_after=2021-01-01 00:00:00+00:00
[2026-02-12T11:32:28.760+0800] {processor.py:183} INFO - Processing /Users/linghuchong/miniconda3/envs/py310/lib/python3.10/site-packages/airflow/example_dags/example_xcom.py took 0.209 seconds
[2026-02-12T11:35:25.902+0800] {processor.py:161} INFO - Started process (PID=4065) to work on /Users/linghuchong/miniconda3/envs/py310/lib/python3.10/site-packages/airflow/example_dags/example_xcom.py
[2026-02-12T11:35:25.904+0800] {processor.py:830} INFO - Processing file /Users/linghuchong/miniconda3/envs/py310/lib/python3.10/site-packages/airflow/example_dags/example_xcom.py for tasks to queue
[2026-02-12T11:35:25.905+0800] {logging_mixin.py:188} INFO - [2026-02-12T11:35:25.905+0800] {dagbag.py:540} INFO - Filling up the DagBag from /Users/linghuchong/miniconda3/envs/py310/lib/python3.10/site-packages/airflow/example_dags/example_xcom.py
[2026-02-12T11:35:25.941+0800] {processor.py:840} INFO - DAG(s) 'example_xcom' retrieved from /Users/linghuchong/miniconda3/envs/py310/lib/python3.10/site-packages/airflow/example_dags/example_xcom.py
[2026-02-12T11:35:26.078+0800] {logging_mixin.py:188} INFO - [2026-02-12T11:35:26.078+0800] {dag.py:3047} INFO - Sync 1 DAGs
[2026-02-12T11:35:26.096+0800] {logging_mixin.py:188} INFO - [2026-02-12T11:35:26.096+0800] {dag.py:3834} INFO - Setting next_dagrun for example_xcom to 2021-01-01 00:00:00+00:00, run_after=2021-01-01 00:00:00+00:00
[2026-02-12T11:35:26.117+0800] {processor.py:183} INFO - Processing /Users/linghuchong/miniconda3/envs/py310/lib/python3.10/site-packages/airflow/example_dags/example_xcom.py took 0.216 seconds
[2026-02-12T11:38:24.715+0800] {processor.py:161} INFO - Started process (PID=4282) to work on /Users/linghuchong/miniconda3/envs/py310/lib/python3.10/site-packages/airflow/example_dags/example_xcom.py
[2026-02-12T11:38:24.718+0800] {processor.py:830} INFO - Processing file /Users/linghuchong/miniconda3/envs/py310/lib/python3.10/site-packages/airflow/example_dags/example_xcom.py for tasks to queue
[2026-02-12T11:38:24.719+0800] {logging_mixin.py:188} INFO - [2026-02-12T11:38:24.719+0800] {dagbag.py:540} INFO - Filling up the DagBag from /Users/linghuchong/miniconda3/envs/py310/lib/python3.10/site-packages/airflow/example_dags/example_xcom.py
[2026-02-12T11:38:24.753+0800] {processor.py:840} INFO - DAG(s) 'example_xcom' retrieved from /Users/linghuchong/miniconda3/envs/py310/lib/python3.10/site-packages/airflow/example_dags/example_xcom.py
[2026-02-12T11:38:24.866+0800] {logging_mixin.py:188} INFO - [2026-02-12T11:38:24.865+0800] {dag.py:3047} INFO - Sync 1 DAGs
[2026-02-12T11:38:24.883+0800] {logging_mixin.py:188} INFO - [2026-02-12T11:38:24.883+0800] {dag.py:3834} INFO - Setting next_dagrun for example_xcom to 2021-01-01 00:00:00+00:00, run_after=2021-01-01 00:00:00+00:00
[2026-02-12T11:38:24.905+0800] {processor.py:183} INFO - Processing /Users/linghuchong/miniconda3/envs/py310/lib/python3.10/site-packages/airflow/example_dags/example_xcom.py took 0.190 seconds
[2026-02-12T11:43:11.387+0800] {processor.py:161} INFO - Started process (PID=4544) to work on /Users/linghuchong/miniconda3/envs/py310/lib/python3.10/site-packages/airflow/example_dags/example_xcom.py
[2026-02-12T11:43:11.389+0800] {processor.py:830} INFO - Processing file /Users/linghuchong/miniconda3/envs/py310/lib/python3.10/site-packages/airflow/example_dags/example_xcom.py for tasks to queue
[2026-02-12T11:43:11.390+0800] {logging_mixin.py:188} INFO - [2026-02-12T11:43:11.390+0800] {dagbag.py:540} INFO - Filling up the DagBag from /Users/linghuchong/miniconda3/envs/py310/lib/python3.10/site-packages/airflow/example_dags/example_xcom.py
[2026-02-12T11:43:11.423+0800] {processor.py:840} INFO - DAG(s) 'example_xcom' retrieved from /Users/linghuchong/miniconda3/envs/py310/lib/python3.10/site-packages/airflow/example_dags/example_xcom.py
[2026-02-12T11:43:11.621+0800] {logging_mixin.py:188} INFO - [2026-02-12T11:43:11.621+0800] {dag.py:3047} INFO - Sync 1 DAGs
[2026-02-12T11:43:11.636+0800] {logging_mixin.py:188} INFO - [2026-02-12T11:43:11.636+0800] {dag.py:3834} INFO - Setting next_dagrun for example_xcom to 2021-01-01 00:00:00+00:00, run_after=2021-01-01 00:00:00+00:00
[2026-02-12T11:43:11.656+0800] {processor.py:183} INFO - Processing /Users/linghuchong/miniconda3/envs/py310/lib/python3.10/site-packages/airflow/example_dags/example_xcom.py took 0.270 seconds
[2026-02-12T11:46:06.692+0800] {processor.py:161} INFO - Started process (PID=4654) to work on /Users/linghuchong/miniconda3/envs/py310/lib/python3.10/site-packages/airflow/example_dags/example_xcom.py
[2026-02-12T11:46:06.695+0800] {processor.py:830} INFO - Processing file /Users/linghuchong/miniconda3/envs/py310/lib/python3.10/site-packages/airflow/example_dags/example_xcom.py for tasks to queue
[2026-02-12T11:46:06.696+0800] {logging_mixin.py:188} INFO - [2026-02-12T11:46:06.695+0800] {dagbag.py:540} INFO - Filling up the DagBag from /Users/linghuchong/miniconda3/envs/py310/lib/python3.10/site-packages/airflow/example_dags/example_xcom.py
[2026-02-12T11:46:06.731+0800] {processor.py:840} INFO - DAG(s) 'example_xcom' retrieved from /Users/linghuchong/miniconda3/envs/py310/lib/python3.10/site-packages/airflow/example_dags/example_xcom.py
[2026-02-12T11:46:06.845+0800] {logging_mixin.py:188} INFO - [2026-02-12T11:46:06.845+0800] {dag.py:3047} INFO - Sync 1 DAGs
[2026-02-12T11:46:06.861+0800] {logging_mixin.py:188} INFO - [2026-02-12T11:46:06.861+0800] {dag.py:3834} INFO - Setting next_dagrun for example_xcom to 2021-01-01 00:00:00+00:00, run_after=2021-01-01 00:00:00+00:00
[2026-02-12T11:46:06.882+0800] {processor.py:183} INFO - Processing /Users/linghuchong/miniconda3/envs/py310/lib/python3.10/site-packages/airflow/example_dags/example_xcom.py took 0.191 seconds
[2026-02-12T11:48:55.358+0800] {processor.py:161} INFO - Started process (PID=4713) to work on /Users/linghuchong/miniconda3/envs/py310/lib/python3.10/site-packages/airflow/example_dags/example_xcom.py
[2026-02-12T11:48:55.359+0800] {processor.py:830} INFO - Processing file /Users/linghuchong/miniconda3/envs/py310/lib/python3.10/site-packages/airflow/example_dags/example_xcom.py for tasks to queue
[2026-02-12T11:48:55.360+0800] {logging_mixin.py:188} INFO - [2026-02-12T11:48:55.360+0800] {dagbag.py:540} INFO - Filling up the DagBag from /Users/linghuchong/miniconda3/envs/py310/lib/python3.10/site-packages/airflow/example_dags/example_xcom.py
[2026-02-12T11:48:55.392+0800] {processor.py:840} INFO - DAG(s) 'example_xcom' retrieved from /Users/linghuchong/miniconda3/envs/py310/lib/python3.10/site-packages/airflow/example_dags/example_xcom.py
[2026-02-12T11:48:55.511+0800] {logging_mixin.py:188} INFO - [2026-02-12T11:48:55.511+0800] {dag.py:3047} INFO - Sync 1 DAGs
[2026-02-12T11:48:55.527+0800] {logging_mixin.py:188} INFO - [2026-02-12T11:48:55.526+0800] {dag.py:3834} INFO - Setting next_dagrun for example_xcom to 2021-01-01 00:00:00+00:00, run_after=2021-01-01 00:00:00+00:00
[2026-02-12T11:48:55.547+0800] {processor.py:183} INFO - Processing /Users/linghuchong/miniconda3/envs/py310/lib/python3.10/site-packages/airflow/example_dags/example_xcom.py took 0.189 seconds
[2026-02-12T11:51:41.732+0800] {processor.py:161} INFO - Started process (PID=4774) to work on /Users/linghuchong/miniconda3/envs/py310/lib/python3.10/site-packages/airflow/example_dags/example_xcom.py
[2026-02-12T11:51:41.733+0800] {processor.py:830} INFO - Processing file /Users/linghuchong/miniconda3/envs/py310/lib/python3.10/site-packages/airflow/example_dags/example_xcom.py for tasks to queue
[2026-02-12T11:51:41.734+0800] {logging_mixin.py:188} INFO - [2026-02-12T11:51:41.734+0800] {dagbag.py:540} INFO - Filling up the DagBag from /Users/linghuchong/miniconda3/envs/py310/lib/python3.10/site-packages/airflow/example_dags/example_xcom.py
[2026-02-12T11:51:41.767+0800] {processor.py:840} INFO - DAG(s) 'example_xcom' retrieved from /Users/linghuchong/miniconda3/envs/py310/lib/python3.10/site-packages/airflow/example_dags/example_xcom.py
[2026-02-12T11:51:41.877+0800] {logging_mixin.py:188} INFO - [2026-02-12T11:51:41.877+0800] {dag.py:3047} INFO - Sync 1 DAGs
[2026-02-12T11:51:41.893+0800] {logging_mixin.py:188} INFO - [2026-02-12T11:51:41.892+0800] {dag.py:3834} INFO - Setting next_dagrun for example_xcom to 2021-01-01 00:00:00+00:00, run_after=2021-01-01 00:00:00+00:00
[2026-02-12T11:51:41.912+0800] {processor.py:183} INFO - Processing /Users/linghuchong/miniconda3/envs/py310/lib/python3.10/site-packages/airflow/example_dags/example_xcom.py took 0.181 seconds
