[2026-02-12T10:47:27.644+0800] {processor.py:161} INFO - Started process (PID=2299) to work on /Users/linghuchong/miniconda3/envs/py310/lib/python3.10/site-packages/airflow/example_dags/example_dag_decorator.py
[2026-02-12T10:47:27.645+0800] {processor.py:830} INFO - Processing file /Users/linghuchong/miniconda3/envs/py310/lib/python3.10/site-packages/airflow/example_dags/example_dag_decorator.py for tasks to queue
[2026-02-12T10:47:27.646+0800] {logging_mixin.py:188} INFO - [2026-02-12T10:47:27.645+0800] {dagbag.py:540} INFO - Filling up the DagBag from /Users/linghuchong/miniconda3/envs/py310/lib/python3.10/site-packages/airflow/example_dags/example_dag_decorator.py
[2026-02-12T10:47:27.882+0800] {processor.py:840} INFO - DAG(s) 'example_dag_decorator' retrieved from /Users/linghuchong/miniconda3/envs/py310/lib/python3.10/site-packages/airflow/example_dags/example_dag_decorator.py
[2026-02-12T10:47:28.082+0800] {logging_mixin.py:188} INFO - [2026-02-12T10:47:28.082+0800] {dag.py:3047} INFO - Sync 1 DAGs
[2026-02-12T10:47:28.091+0800] {logging_mixin.py:188} INFO - [2026-02-12T10:47:28.091+0800] {dag.py:3834} INFO - Setting next_dagrun for example_dag_decorator to None, run_after=None
[2026-02-12T10:47:28.110+0800] {processor.py:183} INFO - Processing /Users/linghuchong/miniconda3/envs/py310/lib/python3.10/site-packages/airflow/example_dags/example_dag_decorator.py took 0.467 seconds
[2026-02-12T10:50:50.304+0800] {processor.py:161} INFO - Started process (PID=2395) to work on /Users/linghuchong/miniconda3/envs/py310/lib/python3.10/site-packages/airflow/example_dags/example_dag_decorator.py
[2026-02-12T10:50:50.307+0800] {processor.py:830} INFO - Processing file /Users/linghuchong/miniconda3/envs/py310/lib/python3.10/site-packages/airflow/example_dags/example_dag_decorator.py for tasks to queue
[2026-02-12T10:50:50.308+0800] {logging_mixin.py:188} INFO - [2026-02-12T10:50:50.308+0800] {dagbag.py:540} INFO - Filling up the DagBag from /Users/linghuchong/miniconda3/envs/py310/lib/python3.10/site-packages/airflow/example_dags/example_dag_decorator.py
[2026-02-12T10:50:50.541+0800] {processor.py:840} INFO - DAG(s) 'example_dag_decorator' retrieved from /Users/linghuchong/miniconda3/envs/py310/lib/python3.10/site-packages/airflow/example_dags/example_dag_decorator.py
[2026-02-12T10:50:50.763+0800] {logging_mixin.py:188} INFO - [2026-02-12T10:50:50.763+0800] {dag.py:3047} INFO - Sync 1 DAGs
[2026-02-12T10:50:50.772+0800] {logging_mixin.py:188} INFO - [2026-02-12T10:50:50.772+0800] {dag.py:3834} INFO - Setting next_dagrun for example_dag_decorator to None, run_after=None
[2026-02-12T10:50:50.790+0800] {processor.py:183} INFO - Processing /Users/linghuchong/miniconda3/envs/py310/lib/python3.10/site-packages/airflow/example_dags/example_dag_decorator.py took 0.487 seconds
[2026-02-12T11:03:47.139+0800] {processor.py:161} INFO - Started process (PID=2579) to work on /Users/linghuchong/miniconda3/envs/py310/lib/python3.10/site-packages/airflow/example_dags/example_dag_decorator.py
[2026-02-12T11:03:47.142+0800] {processor.py:830} INFO - Processing file /Users/linghuchong/miniconda3/envs/py310/lib/python3.10/site-packages/airflow/example_dags/example_dag_decorator.py for tasks to queue
[2026-02-12T11:03:47.143+0800] {logging_mixin.py:188} INFO - [2026-02-12T11:03:47.143+0800] {dagbag.py:540} INFO - Filling up the DagBag from /Users/linghuchong/miniconda3/envs/py310/lib/python3.10/site-packages/airflow/example_dags/example_dag_decorator.py
[2026-02-12T11:03:47.376+0800] {processor.py:840} INFO - DAG(s) 'example_dag_decorator' retrieved from /Users/linghuchong/miniconda3/envs/py310/lib/python3.10/site-packages/airflow/example_dags/example_dag_decorator.py
[2026-02-12T11:03:47.621+0800] {logging_mixin.py:188} INFO - [2026-02-12T11:03:47.620+0800] {dag.py:3047} INFO - Sync 1 DAGs
[2026-02-12T11:03:47.631+0800] {logging_mixin.py:188} INFO - [2026-02-12T11:03:47.631+0800] {dag.py:3834} INFO - Setting next_dagrun for example_dag_decorator to None, run_after=None
[2026-02-12T11:03:47.652+0800] {processor.py:183} INFO - Processing /Users/linghuchong/miniconda3/envs/py310/lib/python3.10/site-packages/airflow/example_dags/example_dag_decorator.py took 0.513 seconds
[2026-02-12T11:09:36.795+0800] {processor.py:161} INFO - Started process (PID=2865) to work on /Users/linghuchong/miniconda3/envs/py310/lib/python3.10/site-packages/airflow/example_dags/example_dag_decorator.py
[2026-02-12T11:09:36.797+0800] {processor.py:830} INFO - Processing file /Users/linghuchong/miniconda3/envs/py310/lib/python3.10/site-packages/airflow/example_dags/example_dag_decorator.py for tasks to queue
[2026-02-12T11:09:36.797+0800] {logging_mixin.py:188} INFO - [2026-02-12T11:09:36.797+0800] {dagbag.py:540} INFO - Filling up the DagBag from /Users/linghuchong/miniconda3/envs/py310/lib/python3.10/site-packages/airflow/example_dags/example_dag_decorator.py
[2026-02-12T11:09:37.019+0800] {processor.py:840} INFO - DAG(s) 'example_dag_decorator' retrieved from /Users/linghuchong/miniconda3/envs/py310/lib/python3.10/site-packages/airflow/example_dags/example_dag_decorator.py
[2026-02-12T11:09:37.205+0800] {logging_mixin.py:188} INFO - [2026-02-12T11:09:37.204+0800] {dag.py:3047} INFO - Sync 1 DAGs
[2026-02-12T11:09:37.213+0800] {logging_mixin.py:188} INFO - [2026-02-12T11:09:37.213+0800] {dag.py:3834} INFO - Setting next_dagrun for example_dag_decorator to None, run_after=None
[2026-02-12T11:09:37.229+0800] {processor.py:183} INFO - Processing /Users/linghuchong/miniconda3/envs/py310/lib/python3.10/site-packages/airflow/example_dags/example_dag_decorator.py took 0.435 seconds
[2026-02-12T11:14:57.981+0800] {processor.py:161} INFO - Started process (PID=3016) to work on /Users/linghuchong/miniconda3/envs/py310/lib/python3.10/site-packages/airflow/example_dags/example_dag_decorator.py
[2026-02-12T11:14:57.982+0800] {processor.py:830} INFO - Processing file /Users/linghuchong/miniconda3/envs/py310/lib/python3.10/site-packages/airflow/example_dags/example_dag_decorator.py for tasks to queue
[2026-02-12T11:14:57.983+0800] {logging_mixin.py:188} INFO - [2026-02-12T11:14:57.983+0800] {dagbag.py:540} INFO - Filling up the DagBag from /Users/linghuchong/miniconda3/envs/py310/lib/python3.10/site-packages/airflow/example_dags/example_dag_decorator.py
[2026-02-12T11:14:58.217+0800] {processor.py:840} INFO - DAG(s) 'example_dag_decorator' retrieved from /Users/linghuchong/miniconda3/envs/py310/lib/python3.10/site-packages/airflow/example_dags/example_dag_decorator.py
[2026-02-12T11:14:58.432+0800] {logging_mixin.py:188} INFO - [2026-02-12T11:14:58.431+0800] {dag.py:3047} INFO - Sync 1 DAGs
[2026-02-12T11:14:58.441+0800] {logging_mixin.py:188} INFO - [2026-02-12T11:14:58.441+0800] {dag.py:3834} INFO - Setting next_dagrun for example_dag_decorator to None, run_after=None
[2026-02-12T11:14:58.460+0800] {processor.py:183} INFO - Processing /Users/linghuchong/miniconda3/envs/py310/lib/python3.10/site-packages/airflow/example_dags/example_dag_decorator.py took 0.479 seconds
[2026-02-12T11:20:35.884+0800] {processor.py:161} INFO - Started process (PID=3487) to work on /Users/linghuchong/miniconda3/envs/py310/lib/python3.10/site-packages/airflow/example_dags/example_dag_decorator.py
[2026-02-12T11:20:35.885+0800] {processor.py:830} INFO - Processing file /Users/linghuchong/miniconda3/envs/py310/lib/python3.10/site-packages/airflow/example_dags/example_dag_decorator.py for tasks to queue
[2026-02-12T11:20:35.886+0800] {logging_mixin.py:188} INFO - [2026-02-12T11:20:35.886+0800] {dagbag.py:540} INFO - Filling up the DagBag from /Users/linghuchong/miniconda3/envs/py310/lib/python3.10/site-packages/airflow/example_dags/example_dag_decorator.py
[2026-02-12T11:20:36.064+0800] {processor.py:840} INFO - DAG(s) 'example_dag_decorator' retrieved from /Users/linghuchong/miniconda3/envs/py310/lib/python3.10/site-packages/airflow/example_dags/example_dag_decorator.py
[2026-02-12T11:20:36.276+0800] {logging_mixin.py:188} INFO - [2026-02-12T11:20:36.276+0800] {dag.py:3047} INFO - Sync 1 DAGs
[2026-02-12T11:20:36.285+0800] {logging_mixin.py:188} INFO - [2026-02-12T11:20:36.285+0800] {dag.py:3834} INFO - Setting next_dagrun for example_dag_decorator to None, run_after=None
[2026-02-12T11:20:36.309+0800] {processor.py:183} INFO - Processing /Users/linghuchong/miniconda3/envs/py310/lib/python3.10/site-packages/airflow/example_dags/example_dag_decorator.py took 0.426 seconds
[2026-02-12T11:26:03.692+0800] {processor.py:161} INFO - Started process (PID=3648) to work on /Users/linghuchong/miniconda3/envs/py310/lib/python3.10/site-packages/airflow/example_dags/example_dag_decorator.py
[2026-02-12T11:26:03.693+0800] {processor.py:830} INFO - Processing file /Users/linghuchong/miniconda3/envs/py310/lib/python3.10/site-packages/airflow/example_dags/example_dag_decorator.py for tasks to queue
[2026-02-12T11:26:03.693+0800] {logging_mixin.py:188} INFO - [2026-02-12T11:26:03.693+0800] {dagbag.py:540} INFO - Filling up the DagBag from /Users/linghuchong/miniconda3/envs/py310/lib/python3.10/site-packages/airflow/example_dags/example_dag_decorator.py
[2026-02-12T11:26:03.855+0800] {processor.py:840} INFO - DAG(s) 'example_dag_decorator' retrieved from /Users/linghuchong/miniconda3/envs/py310/lib/python3.10/site-packages/airflow/example_dags/example_dag_decorator.py
[2026-02-12T11:26:04.053+0800] {logging_mixin.py:188} INFO - [2026-02-12T11:26:04.053+0800] {dag.py:3047} INFO - Sync 1 DAGs
[2026-02-12T11:26:04.063+0800] {logging_mixin.py:188} INFO - [2026-02-12T11:26:04.063+0800] {dag.py:3834} INFO - Setting next_dagrun for example_dag_decorator to None, run_after=None
[2026-02-12T11:26:04.081+0800] {processor.py:183} INFO - Processing /Users/linghuchong/miniconda3/envs/py310/lib/python3.10/site-packages/airflow/example_dags/example_dag_decorator.py took 0.390 seconds
[2026-02-12T11:31:26.305+0800] {processor.py:161} INFO - Started process (PID=3878) to work on /Users/linghuchong/miniconda3/envs/py310/lib/python3.10/site-packages/airflow/example_dags/example_dag_decorator.py
[2026-02-12T11:31:26.308+0800] {processor.py:830} INFO - Processing file /Users/linghuchong/miniconda3/envs/py310/lib/python3.10/site-packages/airflow/example_dags/example_dag_decorator.py for tasks to queue
[2026-02-12T11:31:26.309+0800] {logging_mixin.py:188} INFO - [2026-02-12T11:31:26.309+0800] {dagbag.py:540} INFO - Filling up the DagBag from /Users/linghuchong/miniconda3/envs/py310/lib/python3.10/site-packages/airflow/example_dags/example_dag_decorator.py
[2026-02-12T11:31:26.533+0800] {processor.py:840} INFO - DAG(s) 'example_dag_decorator' retrieved from /Users/linghuchong/miniconda3/envs/py310/lib/python3.10/site-packages/airflow/example_dags/example_dag_decorator.py
[2026-02-12T11:31:26.856+0800] {logging_mixin.py:188} INFO - [2026-02-12T11:31:26.855+0800] {dag.py:3047} INFO - Sync 1 DAGs
[2026-02-12T11:31:26.872+0800] {logging_mixin.py:188} INFO - [2026-02-12T11:31:26.872+0800] {dag.py:3834} INFO - Setting next_dagrun for example_dag_decorator to None, run_after=None
[2026-02-12T11:31:26.905+0800] {processor.py:183} INFO - Processing /Users/linghuchong/miniconda3/envs/py310/lib/python3.10/site-packages/airflow/example_dags/example_dag_decorator.py took 0.601 seconds
[2026-02-12T11:37:20.258+0800] {processor.py:161} INFO - Started process (PID=4200) to work on /Users/linghuchong/miniconda3/envs/py310/lib/python3.10/site-packages/airflow/example_dags/example_dag_decorator.py
[2026-02-12T11:37:20.261+0800] {processor.py:830} INFO - Processing file /Users/linghuchong/miniconda3/envs/py310/lib/python3.10/site-packages/airflow/example_dags/example_dag_decorator.py for tasks to queue
[2026-02-12T11:37:20.262+0800] {logging_mixin.py:188} INFO - [2026-02-12T11:37:20.262+0800] {dagbag.py:540} INFO - Filling up the DagBag from /Users/linghuchong/miniconda3/envs/py310/lib/python3.10/site-packages/airflow/example_dags/example_dag_decorator.py
[2026-02-12T11:37:20.491+0800] {processor.py:840} INFO - DAG(s) 'example_dag_decorator' retrieved from /Users/linghuchong/miniconda3/envs/py310/lib/python3.10/site-packages/airflow/example_dags/example_dag_decorator.py
[2026-02-12T11:37:20.724+0800] {logging_mixin.py:188} INFO - [2026-02-12T11:37:20.723+0800] {dag.py:3047} INFO - Sync 1 DAGs
[2026-02-12T11:37:20.732+0800] {logging_mixin.py:188} INFO - [2026-02-12T11:37:20.732+0800] {dag.py:3834} INFO - Setting next_dagrun for example_dag_decorator to None, run_after=None
[2026-02-12T11:37:20.751+0800] {processor.py:183} INFO - Processing /Users/linghuchong/miniconda3/envs/py310/lib/python3.10/site-packages/airflow/example_dags/example_dag_decorator.py took 0.493 seconds
[2026-02-12T11:45:03.483+0800] {processor.py:161} INFO - Started process (PID=4599) to work on /Users/linghuchong/miniconda3/envs/py310/lib/python3.10/site-packages/airflow/example_dags/example_dag_decorator.py
[2026-02-12T11:45:03.485+0800] {processor.py:830} INFO - Processing file /Users/linghuchong/miniconda3/envs/py310/lib/python3.10/site-packages/airflow/example_dags/example_dag_decorator.py for tasks to queue
[2026-02-12T11:45:03.486+0800] {logging_mixin.py:188} INFO - [2026-02-12T11:45:03.486+0800] {dagbag.py:540} INFO - Filling up the DagBag from /Users/linghuchong/miniconda3/envs/py310/lib/python3.10/site-packages/airflow/example_dags/example_dag_decorator.py
[2026-02-12T11:45:03.705+0800] {processor.py:840} INFO - DAG(s) 'example_dag_decorator' retrieved from /Users/linghuchong/miniconda3/envs/py310/lib/python3.10/site-packages/airflow/example_dags/example_dag_decorator.py
[2026-02-12T11:45:03.898+0800] {logging_mixin.py:188} INFO - [2026-02-12T11:45:03.898+0800] {dag.py:3047} INFO - Sync 1 DAGs
[2026-02-12T11:45:03.908+0800] {logging_mixin.py:188} INFO - [2026-02-12T11:45:03.907+0800] {dag.py:3834} INFO - Setting next_dagrun for example_dag_decorator to None, run_after=None
[2026-02-12T11:45:03.929+0800] {processor.py:183} INFO - Processing /Users/linghuchong/miniconda3/envs/py310/lib/python3.10/site-packages/airflow/example_dags/example_dag_decorator.py took 0.447 seconds
[2026-02-12T11:50:40.720+0800] {processor.py:161} INFO - Started process (PID=4751) to work on /Users/linghuchong/miniconda3/envs/py310/lib/python3.10/site-packages/airflow/example_dags/example_dag_decorator.py
[2026-02-12T11:50:40.721+0800] {processor.py:830} INFO - Processing file /Users/linghuchong/miniconda3/envs/py310/lib/python3.10/site-packages/airflow/example_dags/example_dag_decorator.py for tasks to queue
[2026-02-12T11:50:40.722+0800] {logging_mixin.py:188} INFO - [2026-02-12T11:50:40.721+0800] {dagbag.py:540} INFO - Filling up the DagBag from /Users/linghuchong/miniconda3/envs/py310/lib/python3.10/site-packages/airflow/example_dags/example_dag_decorator.py
[2026-02-12T11:50:40.946+0800] {processor.py:840} INFO - DAG(s) 'example_dag_decorator' retrieved from /Users/linghuchong/miniconda3/envs/py310/lib/python3.10/site-packages/airflow/example_dags/example_dag_decorator.py
[2026-02-12T11:50:41.133+0800] {logging_mixin.py:188} INFO - [2026-02-12T11:50:41.132+0800] {dag.py:3047} INFO - Sync 1 DAGs
[2026-02-12T11:50:41.142+0800] {logging_mixin.py:188} INFO - [2026-02-12T11:50:41.141+0800] {dag.py:3834} INFO - Setting next_dagrun for example_dag_decorator to None, run_after=None
[2026-02-12T11:50:41.162+0800] {processor.py:183} INFO - Processing /Users/linghuchong/miniconda3/envs/py310/lib/python3.10/site-packages/airflow/example_dags/example_dag_decorator.py took 0.442 seconds
