[2026-02-12T10:47:43.042+0800] {processor.py:161} INFO - Started process (PID=2303) to work on /Users/linghuchong/miniconda3/envs/py310/lib/python3.10/site-packages/airflow/example_dags/example_branch_operator.py
[2026-02-12T10:47:43.043+0800] {processor.py:830} INFO - Processing file /Users/linghuchong/miniconda3/envs/py310/lib/python3.10/site-packages/airflow/example_dags/example_branch_operator.py for tasks to queue
[2026-02-12T10:47:43.044+0800] {logging_mixin.py:188} INFO - [2026-02-12T10:47:43.044+0800] {dagbag.py:540} INFO - Filling up the DagBag from /Users/linghuchong/miniconda3/envs/py310/lib/python3.10/site-packages/airflow/example_dags/example_branch_operator.py
[2026-02-12T10:47:43.079+0800] {processor.py:840} INFO - DAG(s) 'example_branch_operator' retrieved from /Users/linghuchong/miniconda3/envs/py310/lib/python3.10/site-packages/airflow/example_dags/example_branch_operator.py
[2026-02-12T10:47:43.285+0800] {logging_mixin.py:188} INFO - [2026-02-12T10:47:43.284+0800] {dag.py:3047} INFO - Sync 1 DAGs
[2026-02-12T10:47:43.302+0800] {logging_mixin.py:188} INFO - [2026-02-12T10:47:43.302+0800] {dag.py:3834} INFO - Setting next_dagrun for example_branch_operator to 2026-02-11 00:00:00+00:00, run_after=2026-02-12 00:00:00+00:00
[2026-02-12T10:47:43.322+0800] {processor.py:183} INFO - Processing /Users/linghuchong/miniconda3/envs/py310/lib/python3.10/site-packages/airflow/example_dags/example_branch_operator.py took 0.281 seconds
[2026-02-12T10:53:13.245+0800] {processor.py:161} INFO - Started process (PID=2461) to work on /Users/linghuchong/miniconda3/envs/py310/lib/python3.10/site-packages/airflow/example_dags/example_branch_operator.py
[2026-02-12T10:53:13.248+0800] {processor.py:830} INFO - Processing file /Users/linghuchong/miniconda3/envs/py310/lib/python3.10/site-packages/airflow/example_dags/example_branch_operator.py for tasks to queue
[2026-02-12T10:53:13.249+0800] {logging_mixin.py:188} INFO - [2026-02-12T10:53:13.249+0800] {dagbag.py:540} INFO - Filling up the DagBag from /Users/linghuchong/miniconda3/envs/py310/lib/python3.10/site-packages/airflow/example_dags/example_branch_operator.py
[2026-02-12T10:53:13.281+0800] {processor.py:840} INFO - DAG(s) 'example_branch_operator' retrieved from /Users/linghuchong/miniconda3/envs/py310/lib/python3.10/site-packages/airflow/example_dags/example_branch_operator.py
[2026-02-12T10:53:13.480+0800] {logging_mixin.py:188} INFO - [2026-02-12T10:53:13.479+0800] {dag.py:3047} INFO - Sync 1 DAGs
[2026-02-12T10:53:13.497+0800] {logging_mixin.py:188} INFO - [2026-02-12T10:53:13.497+0800] {dag.py:3834} INFO - Setting next_dagrun for example_branch_operator to 2026-02-11 00:00:00+00:00, run_after=2026-02-12 00:00:00+00:00
[2026-02-12T10:53:13.518+0800] {processor.py:183} INFO - Processing /Users/linghuchong/miniconda3/envs/py310/lib/python3.10/site-packages/airflow/example_dags/example_branch_operator.py took 0.273 seconds
[2026-02-12T11:06:36.037+0800] {processor.py:161} INFO - Started process (PID=2693) to work on /Users/linghuchong/miniconda3/envs/py310/lib/python3.10/site-packages/airflow/example_dags/example_branch_operator.py
[2026-02-12T11:06:36.039+0800] {processor.py:830} INFO - Processing file /Users/linghuchong/miniconda3/envs/py310/lib/python3.10/site-packages/airflow/example_dags/example_branch_operator.py for tasks to queue
[2026-02-12T11:06:36.040+0800] {logging_mixin.py:188} INFO - [2026-02-12T11:06:36.040+0800] {dagbag.py:540} INFO - Filling up the DagBag from /Users/linghuchong/miniconda3/envs/py310/lib/python3.10/site-packages/airflow/example_dags/example_branch_operator.py
[2026-02-12T11:06:36.083+0800] {processor.py:840} INFO - DAG(s) 'example_branch_operator' retrieved from /Users/linghuchong/miniconda3/envs/py310/lib/python3.10/site-packages/airflow/example_dags/example_branch_operator.py
[2026-02-12T11:06:36.320+0800] {logging_mixin.py:188} INFO - [2026-02-12T11:06:36.319+0800] {dag.py:3047} INFO - Sync 1 DAGs
[2026-02-12T11:06:36.336+0800] {logging_mixin.py:188} INFO - [2026-02-12T11:06:36.336+0800] {dag.py:3834} INFO - Setting next_dagrun for example_branch_operator to 2026-02-11 00:00:00+00:00, run_after=2026-02-12 00:00:00+00:00
[2026-02-12T11:06:36.353+0800] {processor.py:183} INFO - Processing /Users/linghuchong/miniconda3/envs/py310/lib/python3.10/site-packages/airflow/example_dags/example_branch_operator.py took 0.317 seconds
[2026-02-12T11:12:04.610+0800] {processor.py:161} INFO - Started process (PID=2948) to work on /Users/linghuchong/miniconda3/envs/py310/lib/python3.10/site-packages/airflow/example_dags/example_branch_operator.py
[2026-02-12T11:12:04.613+0800] {processor.py:830} INFO - Processing file /Users/linghuchong/miniconda3/envs/py310/lib/python3.10/site-packages/airflow/example_dags/example_branch_operator.py for tasks to queue
[2026-02-12T11:12:04.614+0800] {logging_mixin.py:188} INFO - [2026-02-12T11:12:04.613+0800] {dagbag.py:540} INFO - Filling up the DagBag from /Users/linghuchong/miniconda3/envs/py310/lib/python3.10/site-packages/airflow/example_dags/example_branch_operator.py
[2026-02-12T11:12:04.646+0800] {processor.py:840} INFO - DAG(s) 'example_branch_operator' retrieved from /Users/linghuchong/miniconda3/envs/py310/lib/python3.10/site-packages/airflow/example_dags/example_branch_operator.py
[2026-02-12T11:12:04.881+0800] {logging_mixin.py:188} INFO - [2026-02-12T11:12:04.880+0800] {dag.py:3047} INFO - Sync 1 DAGs
[2026-02-12T11:12:04.897+0800] {logging_mixin.py:188} INFO - [2026-02-12T11:12:04.897+0800] {dag.py:3834} INFO - Setting next_dagrun for example_branch_operator to 2026-02-11 00:00:00+00:00, run_after=2026-02-12 00:00:00+00:00
[2026-02-12T11:12:04.917+0800] {processor.py:183} INFO - Processing /Users/linghuchong/miniconda3/envs/py310/lib/python3.10/site-packages/airflow/example_dags/example_branch_operator.py took 0.308 seconds
