[2026-02-12T10:47:46.895+0800] {processor.py:161} INFO - Started process (PID=2304) to work on /Users/linghuchong/miniconda3/envs/py310/lib/python3.10/site-packages/airflow/example_dags/example_branch_labels.py
[2026-02-12T10:47:46.896+0800] {processor.py:830} INFO - Processing file /Users/linghuchong/miniconda3/envs/py310/lib/python3.10/site-packages/airflow/example_dags/example_branch_labels.py for tasks to queue
[2026-02-12T10:47:46.896+0800] {logging_mixin.py:188} INFO - [2026-02-12T10:47:46.896+0800] {dagbag.py:540} INFO - Filling up the DagBag from /Users/linghuchong/miniconda3/envs/py310/lib/python3.10/site-packages/airflow/example_dags/example_branch_labels.py
[2026-02-12T10:47:46.905+0800] {processor.py:840} INFO - DAG(s) 'example_branch_labels' retrieved from /Users/linghuchong/miniconda3/envs/py310/lib/python3.10/site-packages/airflow/example_dags/example_branch_labels.py
[2026-02-12T10:47:47.019+0800] {logging_mixin.py:188} INFO - [2026-02-12T10:47:47.019+0800] {dag.py:3047} INFO - Sync 1 DAGs
[2026-02-12T10:47:47.040+0800] {logging_mixin.py:188} INFO - [2026-02-12T10:47:47.039+0800] {dag.py:3834} INFO - Setting next_dagrun for example_branch_labels to 2026-02-11 00:00:00+00:00, run_after=2026-02-12 00:00:00+00:00
[2026-02-12T10:47:47.059+0800] {processor.py:183} INFO - Processing /Users/linghuchong/miniconda3/envs/py310/lib/python3.10/site-packages/airflow/example_dags/example_branch_labels.py took 0.165 seconds
[2026-02-12T10:53:17.034+0800] {processor.py:161} INFO - Started process (PID=2463) to work on /Users/linghuchong/miniconda3/envs/py310/lib/python3.10/site-packages/airflow/example_dags/example_branch_labels.py
[2026-02-12T10:53:17.037+0800] {processor.py:830} INFO - Processing file /Users/linghuchong/miniconda3/envs/py310/lib/python3.10/site-packages/airflow/example_dags/example_branch_labels.py for tasks to queue
[2026-02-12T10:53:17.038+0800] {logging_mixin.py:188} INFO - [2026-02-12T10:53:17.038+0800] {dagbag.py:540} INFO - Filling up the DagBag from /Users/linghuchong/miniconda3/envs/py310/lib/python3.10/site-packages/airflow/example_dags/example_branch_labels.py
[2026-02-12T10:53:17.047+0800] {processor.py:840} INFO - DAG(s) 'example_branch_labels' retrieved from /Users/linghuchong/miniconda3/envs/py310/lib/python3.10/site-packages/airflow/example_dags/example_branch_labels.py
[2026-02-12T10:53:17.159+0800] {logging_mixin.py:188} INFO - [2026-02-12T10:53:17.158+0800] {dag.py:3047} INFO - Sync 1 DAGs
[2026-02-12T10:53:17.179+0800] {logging_mixin.py:188} INFO - [2026-02-12T10:53:17.179+0800] {dag.py:3834} INFO - Setting next_dagrun for example_branch_labels to 2026-02-11 00:00:00+00:00, run_after=2026-02-12 00:00:00+00:00
[2026-02-12T10:53:17.199+0800] {processor.py:183} INFO - Processing /Users/linghuchong/miniconda3/envs/py310/lib/python3.10/site-packages/airflow/example_dags/example_branch_labels.py took 0.166 seconds
[2026-02-12T11:06:39.921+0800] {processor.py:161} INFO - Started process (PID=2694) to work on /Users/linghuchong/miniconda3/envs/py310/lib/python3.10/site-packages/airflow/example_dags/example_branch_labels.py
[2026-02-12T11:06:39.922+0800] {processor.py:830} INFO - Processing file /Users/linghuchong/miniconda3/envs/py310/lib/python3.10/site-packages/airflow/example_dags/example_branch_labels.py for tasks to queue
[2026-02-12T11:06:39.923+0800] {logging_mixin.py:188} INFO - [2026-02-12T11:06:39.923+0800] {dagbag.py:540} INFO - Filling up the DagBag from /Users/linghuchong/miniconda3/envs/py310/lib/python3.10/site-packages/airflow/example_dags/example_branch_labels.py
[2026-02-12T11:06:39.932+0800] {processor.py:840} INFO - DAG(s) 'example_branch_labels' retrieved from /Users/linghuchong/miniconda3/envs/py310/lib/python3.10/site-packages/airflow/example_dags/example_branch_labels.py
[2026-02-12T11:06:40.049+0800] {logging_mixin.py:188} INFO - [2026-02-12T11:06:40.048+0800] {dag.py:3047} INFO - Sync 1 DAGs
[2026-02-12T11:06:40.069+0800] {logging_mixin.py:188} INFO - [2026-02-12T11:06:40.069+0800] {dag.py:3834} INFO - Setting next_dagrun for example_branch_labels to 2026-02-11 00:00:00+00:00, run_after=2026-02-12 00:00:00+00:00
[2026-02-12T11:06:40.089+0800] {processor.py:183} INFO - Processing /Users/linghuchong/miniconda3/envs/py310/lib/python3.10/site-packages/airflow/example_dags/example_branch_labels.py took 0.169 seconds
[2026-02-12T11:12:08.281+0800] {processor.py:161} INFO - Started process (PID=2949) to work on /Users/linghuchong/miniconda3/envs/py310/lib/python3.10/site-packages/airflow/example_dags/example_branch_labels.py
[2026-02-12T11:12:08.285+0800] {processor.py:830} INFO - Processing file /Users/linghuchong/miniconda3/envs/py310/lib/python3.10/site-packages/airflow/example_dags/example_branch_labels.py for tasks to queue
[2026-02-12T11:12:08.286+0800] {logging_mixin.py:188} INFO - [2026-02-12T11:12:08.285+0800] {dagbag.py:540} INFO - Filling up the DagBag from /Users/linghuchong/miniconda3/envs/py310/lib/python3.10/site-packages/airflow/example_dags/example_branch_labels.py
[2026-02-12T11:12:08.294+0800] {processor.py:840} INFO - DAG(s) 'example_branch_labels' retrieved from /Users/linghuchong/miniconda3/envs/py310/lib/python3.10/site-packages/airflow/example_dags/example_branch_labels.py
[2026-02-12T11:12:08.401+0800] {logging_mixin.py:188} INFO - [2026-02-12T11:12:08.401+0800] {dag.py:3047} INFO - Sync 1 DAGs
[2026-02-12T11:12:08.419+0800] {logging_mixin.py:188} INFO - [2026-02-12T11:12:08.419+0800] {dag.py:3834} INFO - Setting next_dagrun for example_branch_labels to 2026-02-11 00:00:00+00:00, run_after=2026-02-12 00:00:00+00:00
[2026-02-12T11:12:08.435+0800] {processor.py:183} INFO - Processing /Users/linghuchong/miniconda3/envs/py310/lib/python3.10/site-packages/airflow/example_dags/example_branch_labels.py took 0.154 seconds
[2026-02-12T11:17:34.169+0800] {processor.py:161} INFO - Started process (PID=3299) to work on /Users/linghuchong/miniconda3/envs/py310/lib/python3.10/site-packages/airflow/example_dags/example_branch_labels.py
[2026-02-12T11:17:34.171+0800] {processor.py:830} INFO - Processing file /Users/linghuchong/miniconda3/envs/py310/lib/python3.10/site-packages/airflow/example_dags/example_branch_labels.py for tasks to queue
[2026-02-12T11:17:34.172+0800] {logging_mixin.py:188} INFO - [2026-02-12T11:17:34.172+0800] {dagbag.py:540} INFO - Filling up the DagBag from /Users/linghuchong/miniconda3/envs/py310/lib/python3.10/site-packages/airflow/example_dags/example_branch_labels.py
[2026-02-12T11:17:34.198+0800] {processor.py:840} INFO - DAG(s) 'example_branch_labels' retrieved from /Users/linghuchong/miniconda3/envs/py310/lib/python3.10/site-packages/airflow/example_dags/example_branch_labels.py
[2026-02-12T11:17:34.375+0800] {logging_mixin.py:188} INFO - [2026-02-12T11:17:34.375+0800] {dag.py:3047} INFO - Sync 1 DAGs
[2026-02-12T11:17:34.417+0800] {logging_mixin.py:188} INFO - [2026-02-12T11:17:34.416+0800] {dag.py:3834} INFO - Setting next_dagrun for example_branch_labels to 2026-02-11 00:00:00+00:00, run_after=2026-02-12 00:00:00+00:00
[2026-02-12T11:17:34.443+0800] {processor.py:183} INFO - Processing /Users/linghuchong/miniconda3/envs/py310/lib/python3.10/site-packages/airflow/example_dags/example_branch_labels.py took 0.276 seconds
[2026-02-12T11:23:16.221+0800] {processor.py:161} INFO - Started process (PID=3560) to work on /Users/linghuchong/miniconda3/envs/py310/lib/python3.10/site-packages/airflow/example_dags/example_branch_labels.py
[2026-02-12T11:23:16.222+0800] {processor.py:830} INFO - Processing file /Users/linghuchong/miniconda3/envs/py310/lib/python3.10/site-packages/airflow/example_dags/example_branch_labels.py for tasks to queue
[2026-02-12T11:23:16.223+0800] {logging_mixin.py:188} INFO - [2026-02-12T11:23:16.223+0800] {dagbag.py:540} INFO - Filling up the DagBag from /Users/linghuchong/miniconda3/envs/py310/lib/python3.10/site-packages/airflow/example_dags/example_branch_labels.py
[2026-02-12T11:23:16.231+0800] {processor.py:840} INFO - DAG(s) 'example_branch_labels' retrieved from /Users/linghuchong/miniconda3/envs/py310/lib/python3.10/site-packages/airflow/example_dags/example_branch_labels.py
[2026-02-12T11:23:16.431+0800] {logging_mixin.py:188} INFO - [2026-02-12T11:23:16.430+0800] {dag.py:3047} INFO - Sync 1 DAGs
[2026-02-12T11:23:16.449+0800] {logging_mixin.py:188} INFO - [2026-02-12T11:23:16.449+0800] {dag.py:3834} INFO - Setting next_dagrun for example_branch_labels to 2026-02-11 00:00:00+00:00, run_after=2026-02-12 00:00:00+00:00
[2026-02-12T11:23:16.468+0800] {processor.py:183} INFO - Processing /Users/linghuchong/miniconda3/envs/py310/lib/python3.10/site-packages/airflow/example_dags/example_branch_labels.py took 0.248 seconds
[2026-02-12T11:28:32.521+0800] {processor.py:161} INFO - Started process (PID=3786) to work on /Users/linghuchong/miniconda3/envs/py310/lib/python3.10/site-packages/airflow/example_dags/example_branch_labels.py
[2026-02-12T11:28:32.522+0800] {processor.py:830} INFO - Processing file /Users/linghuchong/miniconda3/envs/py310/lib/python3.10/site-packages/airflow/example_dags/example_branch_labels.py for tasks to queue
[2026-02-12T11:28:32.522+0800] {logging_mixin.py:188} INFO - [2026-02-12T11:28:32.522+0800] {dagbag.py:540} INFO - Filling up the DagBag from /Users/linghuchong/miniconda3/envs/py310/lib/python3.10/site-packages/airflow/example_dags/example_branch_labels.py
[2026-02-12T11:28:32.531+0800] {processor.py:840} INFO - DAG(s) 'example_branch_labels' retrieved from /Users/linghuchong/miniconda3/envs/py310/lib/python3.10/site-packages/airflow/example_dags/example_branch_labels.py
[2026-02-12T11:28:32.739+0800] {logging_mixin.py:188} INFO - [2026-02-12T11:28:32.738+0800] {dag.py:3047} INFO - Sync 1 DAGs
[2026-02-12T11:28:32.761+0800] {logging_mixin.py:188} INFO - [2026-02-12T11:28:32.761+0800] {dag.py:3834} INFO - Setting next_dagrun for example_branch_labels to 2026-02-11 00:00:00+00:00, run_after=2026-02-12 00:00:00+00:00
[2026-02-12T11:28:32.781+0800] {processor.py:183} INFO - Processing /Users/linghuchong/miniconda3/envs/py310/lib/python3.10/site-packages/airflow/example_dags/example_branch_labels.py took 0.262 seconds
[2026-02-12T11:34:11.477+0800] {processor.py:161} INFO - Started process (PID=3965) to work on /Users/linghuchong/miniconda3/envs/py310/lib/python3.10/site-packages/airflow/example_dags/example_branch_labels.py
[2026-02-12T11:34:11.478+0800] {processor.py:830} INFO - Processing file /Users/linghuchong/miniconda3/envs/py310/lib/python3.10/site-packages/airflow/example_dags/example_branch_labels.py for tasks to queue
[2026-02-12T11:34:11.478+0800] {logging_mixin.py:188} INFO - [2026-02-12T11:34:11.478+0800] {dagbag.py:540} INFO - Filling up the DagBag from /Users/linghuchong/miniconda3/envs/py310/lib/python3.10/site-packages/airflow/example_dags/example_branch_labels.py
[2026-02-12T11:34:11.488+0800] {processor.py:840} INFO - DAG(s) 'example_branch_labels' retrieved from /Users/linghuchong/miniconda3/envs/py310/lib/python3.10/site-packages/airflow/example_dags/example_branch_labels.py
[2026-02-12T11:34:11.600+0800] {logging_mixin.py:188} INFO - [2026-02-12T11:34:11.600+0800] {dag.py:3047} INFO - Sync 1 DAGs
[2026-02-12T11:34:11.619+0800] {logging_mixin.py:188} INFO - [2026-02-12T11:34:11.619+0800] {dag.py:3834} INFO - Setting next_dagrun for example_branch_labels to 2026-02-11 00:00:00+00:00, run_after=2026-02-12 00:00:00+00:00
[2026-02-12T11:34:11.637+0800] {processor.py:183} INFO - Processing /Users/linghuchong/miniconda3/envs/py310/lib/python3.10/site-packages/airflow/example_dags/example_branch_labels.py took 0.161 seconds
[2026-02-12T11:41:21.739+0800] {processor.py:161} INFO - Started process (PID=4466) to work on /Users/linghuchong/miniconda3/envs/py310/lib/python3.10/site-packages/airflow/example_dags/example_branch_labels.py
[2026-02-12T11:41:21.740+0800] {processor.py:830} INFO - Processing file /Users/linghuchong/miniconda3/envs/py310/lib/python3.10/site-packages/airflow/example_dags/example_branch_labels.py for tasks to queue
[2026-02-12T11:41:21.740+0800] {logging_mixin.py:188} INFO - [2026-02-12T11:41:21.740+0800] {dagbag.py:540} INFO - Filling up the DagBag from /Users/linghuchong/miniconda3/envs/py310/lib/python3.10/site-packages/airflow/example_dags/example_branch_labels.py
[2026-02-12T11:41:21.750+0800] {processor.py:840} INFO - DAG(s) 'example_branch_labels' retrieved from /Users/linghuchong/miniconda3/envs/py310/lib/python3.10/site-packages/airflow/example_dags/example_branch_labels.py
[2026-02-12T11:41:21.982+0800] {logging_mixin.py:188} INFO - [2026-02-12T11:41:21.982+0800] {dag.py:3047} INFO - Sync 1 DAGs
[2026-02-12T11:41:22.001+0800] {logging_mixin.py:188} INFO - [2026-02-12T11:41:22.001+0800] {dag.py:3834} INFO - Setting next_dagrun for example_branch_labels to 2026-02-11 00:00:00+00:00, run_after=2026-02-12 00:00:00+00:00
[2026-02-12T11:41:22.023+0800] {processor.py:183} INFO - Processing /Users/linghuchong/miniconda3/envs/py310/lib/python3.10/site-packages/airflow/example_dags/example_branch_labels.py took 0.285 seconds
[2026-02-12T11:47:40.321+0800] {processor.py:161} INFO - Started process (PID=4689) to work on /Users/linghuchong/miniconda3/envs/py310/lib/python3.10/site-packages/airflow/example_dags/example_branch_labels.py
[2026-02-12T11:47:40.324+0800] {processor.py:830} INFO - Processing file /Users/linghuchong/miniconda3/envs/py310/lib/python3.10/site-packages/airflow/example_dags/example_branch_labels.py for tasks to queue
[2026-02-12T11:47:40.325+0800] {logging_mixin.py:188} INFO - [2026-02-12T11:47:40.325+0800] {dagbag.py:540} INFO - Filling up the DagBag from /Users/linghuchong/miniconda3/envs/py310/lib/python3.10/site-packages/airflow/example_dags/example_branch_labels.py
[2026-02-12T11:47:40.334+0800] {processor.py:840} INFO - DAG(s) 'example_branch_labels' retrieved from /Users/linghuchong/miniconda3/envs/py310/lib/python3.10/site-packages/airflow/example_dags/example_branch_labels.py
[2026-02-12T11:47:40.452+0800] {logging_mixin.py:188} INFO - [2026-02-12T11:47:40.451+0800] {dag.py:3047} INFO - Sync 1 DAGs
[2026-02-12T11:47:40.471+0800] {logging_mixin.py:188} INFO - [2026-02-12T11:47:40.471+0800] {dag.py:3834} INFO - Setting next_dagrun for example_branch_labels to 2026-02-11 00:00:00+00:00, run_after=2026-02-12 00:00:00+00:00
[2026-02-12T11:47:40.493+0800] {processor.py:183} INFO - Processing /Users/linghuchong/miniconda3/envs/py310/lib/python3.10/site-packages/airflow/example_dags/example_branch_labels.py took 0.174 seconds
