[2026-02-12T10:42:33.778+0800] {processor.py:161} INFO - Started process (PID=2119) to work on /Users/linghuchong/miniconda3/envs/py310/lib/python3.10/site-packages/airflow/example_dags/example_short_circuit_operator.py
[2026-02-12T10:42:33.779+0800] {processor.py:830} INFO - Processing file /Users/linghuchong/miniconda3/envs/py310/lib/python3.10/site-packages/airflow/example_dags/example_short_circuit_operator.py for tasks to queue
[2026-02-12T10:42:33.779+0800] {logging_mixin.py:188} INFO - [2026-02-12T10:42:33.779+0800] {dagbag.py:540} INFO - Filling up the DagBag from /Users/linghuchong/miniconda3/envs/py310/lib/python3.10/site-packages/airflow/example_dags/example_short_circuit_operator.py
[2026-02-12T10:42:33.803+0800] {processor.py:840} INFO - DAG(s) 'example_short_circuit_operator' retrieved from /Users/linghuchong/miniconda3/envs/py310/lib/python3.10/site-packages/airflow/example_dags/example_short_circuit_operator.py
[2026-02-12T10:42:33.910+0800] {logging_mixin.py:188} INFO - [2026-02-12T10:42:33.910+0800] {dag.py:3047} INFO - Sync 1 DAGs
[2026-02-12T10:42:33.926+0800] {logging_mixin.py:188} INFO - [2026-02-12T10:42:33.926+0800] {dag.py:3834} INFO - Setting next_dagrun for example_short_circuit_operator to 2026-02-11 00:00:00+00:00, run_after=2026-02-12 00:00:00+00:00
[2026-02-12T10:42:33.944+0800] {processor.py:183} INFO - Processing /Users/linghuchong/miniconda3/envs/py310/lib/python3.10/site-packages/airflow/example_dags/example_short_circuit_operator.py took 0.167 seconds
[2026-02-12T10:46:13.318+0800] {processor.py:161} INFO - Started process (PID=2260) to work on /Users/linghuchong/miniconda3/envs/py310/lib/python3.10/site-packages/airflow/example_dags/example_short_circuit_operator.py
[2026-02-12T10:46:13.320+0800] {processor.py:830} INFO - Processing file /Users/linghuchong/miniconda3/envs/py310/lib/python3.10/site-packages/airflow/example_dags/example_short_circuit_operator.py for tasks to queue
[2026-02-12T10:46:13.321+0800] {logging_mixin.py:188} INFO - [2026-02-12T10:46:13.321+0800] {dagbag.py:540} INFO - Filling up the DagBag from /Users/linghuchong/miniconda3/envs/py310/lib/python3.10/site-packages/airflow/example_dags/example_short_circuit_operator.py
[2026-02-12T10:46:13.345+0800] {processor.py:840} INFO - DAG(s) 'example_short_circuit_operator' retrieved from /Users/linghuchong/miniconda3/envs/py310/lib/python3.10/site-packages/airflow/example_dags/example_short_circuit_operator.py
[2026-02-12T10:46:13.461+0800] {logging_mixin.py:188} INFO - [2026-02-12T10:46:13.461+0800] {dag.py:3047} INFO - Sync 1 DAGs
[2026-02-12T10:46:13.478+0800] {logging_mixin.py:188} INFO - [2026-02-12T10:46:13.478+0800] {dag.py:3834} INFO - Setting next_dagrun for example_short_circuit_operator to 2026-02-11 00:00:00+00:00, run_after=2026-02-12 00:00:00+00:00
[2026-02-12T10:46:13.499+0800] {processor.py:183} INFO - Processing /Users/linghuchong/miniconda3/envs/py310/lib/python3.10/site-packages/airflow/example_dags/example_short_circuit_operator.py took 0.182 seconds
[2026-02-12T10:49:34.891+0800] {processor.py:161} INFO - Started process (PID=2368) to work on /Users/linghuchong/miniconda3/envs/py310/lib/python3.10/site-packages/airflow/example_dags/example_short_circuit_operator.py
[2026-02-12T10:49:34.893+0800] {processor.py:830} INFO - Processing file /Users/linghuchong/miniconda3/envs/py310/lib/python3.10/site-packages/airflow/example_dags/example_short_circuit_operator.py for tasks to queue
[2026-02-12T10:49:34.895+0800] {logging_mixin.py:188} INFO - [2026-02-12T10:49:34.895+0800] {dagbag.py:540} INFO - Filling up the DagBag from /Users/linghuchong/miniconda3/envs/py310/lib/python3.10/site-packages/airflow/example_dags/example_short_circuit_operator.py
[2026-02-12T10:49:34.930+0800] {processor.py:840} INFO - DAG(s) 'example_short_circuit_operator' retrieved from /Users/linghuchong/miniconda3/envs/py310/lib/python3.10/site-packages/airflow/example_dags/example_short_circuit_operator.py
[2026-02-12T10:49:35.063+0800] {logging_mixin.py:188} INFO - [2026-02-12T10:49:35.062+0800] {dag.py:3047} INFO - Sync 1 DAGs
[2026-02-12T10:49:35.079+0800] {logging_mixin.py:188} INFO - [2026-02-12T10:49:35.079+0800] {dag.py:3834} INFO - Setting next_dagrun for example_short_circuit_operator to 2026-02-11 00:00:00+00:00, run_after=2026-02-12 00:00:00+00:00
[2026-02-12T10:49:35.100+0800] {processor.py:183} INFO - Processing /Users/linghuchong/miniconda3/envs/py310/lib/python3.10/site-packages/airflow/example_dags/example_short_circuit_operator.py took 0.209 seconds
[2026-02-12T10:52:20.579+0800] {processor.py:161} INFO - Started process (PID=2440) to work on /Users/linghuchong/miniconda3/envs/py310/lib/python3.10/site-packages/airflow/example_dags/example_short_circuit_operator.py
[2026-02-12T10:52:20.580+0800] {processor.py:830} INFO - Processing file /Users/linghuchong/miniconda3/envs/py310/lib/python3.10/site-packages/airflow/example_dags/example_short_circuit_operator.py for tasks to queue
[2026-02-12T10:52:20.581+0800] {logging_mixin.py:188} INFO - [2026-02-12T10:52:20.581+0800] {dagbag.py:540} INFO - Filling up the DagBag from /Users/linghuchong/miniconda3/envs/py310/lib/python3.10/site-packages/airflow/example_dags/example_short_circuit_operator.py
[2026-02-12T10:52:20.605+0800] {processor.py:840} INFO - DAG(s) 'example_short_circuit_operator' retrieved from /Users/linghuchong/miniconda3/envs/py310/lib/python3.10/site-packages/airflow/example_dags/example_short_circuit_operator.py
[2026-02-12T10:52:20.716+0800] {logging_mixin.py:188} INFO - [2026-02-12T10:52:20.716+0800] {dag.py:3047} INFO - Sync 1 DAGs
[2026-02-12T10:52:20.732+0800] {logging_mixin.py:188} INFO - [2026-02-12T10:52:20.731+0800] {dag.py:3834} INFO - Setting next_dagrun for example_short_circuit_operator to 2026-02-11 00:00:00+00:00, run_after=2026-02-12 00:00:00+00:00
[2026-02-12T10:52:20.752+0800] {processor.py:183} INFO - Processing /Users/linghuchong/miniconda3/envs/py310/lib/python3.10/site-packages/airflow/example_dags/example_short_circuit_operator.py took 0.173 seconds
[2026-02-12T10:54:59.828+0800] {processor.py:161} INFO - Started process (PID=2506) to work on /Users/linghuchong/miniconda3/envs/py310/lib/python3.10/site-packages/airflow/example_dags/example_short_circuit_operator.py
[2026-02-12T10:54:59.829+0800] {processor.py:830} INFO - Processing file /Users/linghuchong/miniconda3/envs/py310/lib/python3.10/site-packages/airflow/example_dags/example_short_circuit_operator.py for tasks to queue
[2026-02-12T10:54:59.830+0800] {logging_mixin.py:188} INFO - [2026-02-12T10:54:59.830+0800] {dagbag.py:540} INFO - Filling up the DagBag from /Users/linghuchong/miniconda3/envs/py310/lib/python3.10/site-packages/airflow/example_dags/example_short_circuit_operator.py
[2026-02-12T10:54:59.854+0800] {processor.py:840} INFO - DAG(s) 'example_short_circuit_operator' retrieved from /Users/linghuchong/miniconda3/envs/py310/lib/python3.10/site-packages/airflow/example_dags/example_short_circuit_operator.py
[2026-02-12T10:54:59.963+0800] {logging_mixin.py:188} INFO - [2026-02-12T10:54:59.962+0800] {dag.py:3047} INFO - Sync 1 DAGs
[2026-02-12T10:54:59.978+0800] {logging_mixin.py:188} INFO - [2026-02-12T10:54:59.978+0800] {dag.py:3834} INFO - Setting next_dagrun for example_short_circuit_operator to 2026-02-11 00:00:00+00:00, run_after=2026-02-12 00:00:00+00:00
[2026-02-12T10:54:59.996+0800] {processor.py:183} INFO - Processing /Users/linghuchong/miniconda3/envs/py310/lib/python3.10/site-packages/airflow/example_dags/example_short_circuit_operator.py took 0.169 seconds
[2026-02-12T11:05:27.057+0800] {processor.py:161} INFO - Started process (PID=2656) to work on /Users/linghuchong/miniconda3/envs/py310/lib/python3.10/site-packages/airflow/example_dags/example_short_circuit_operator.py
[2026-02-12T11:05:27.060+0800] {processor.py:830} INFO - Processing file /Users/linghuchong/miniconda3/envs/py310/lib/python3.10/site-packages/airflow/example_dags/example_short_circuit_operator.py for tasks to queue
[2026-02-12T11:05:27.061+0800] {logging_mixin.py:188} INFO - [2026-02-12T11:05:27.061+0800] {dagbag.py:540} INFO - Filling up the DagBag from /Users/linghuchong/miniconda3/envs/py310/lib/python3.10/site-packages/airflow/example_dags/example_short_circuit_operator.py
[2026-02-12T11:05:27.093+0800] {processor.py:840} INFO - DAG(s) 'example_short_circuit_operator' retrieved from /Users/linghuchong/miniconda3/envs/py310/lib/python3.10/site-packages/airflow/example_dags/example_short_circuit_operator.py
[2026-02-12T11:05:27.213+0800] {logging_mixin.py:188} INFO - [2026-02-12T11:05:27.212+0800] {dag.py:3047} INFO - Sync 1 DAGs
[2026-02-12T11:05:27.231+0800] {logging_mixin.py:188} INFO - [2026-02-12T11:05:27.231+0800] {dag.py:3834} INFO - Setting next_dagrun for example_short_circuit_operator to 2026-02-11 00:00:00+00:00, run_after=2026-02-12 00:00:00+00:00
[2026-02-12T11:05:27.248+0800] {processor.py:183} INFO - Processing /Users/linghuchong/miniconda3/envs/py310/lib/python3.10/site-packages/airflow/example_dags/example_short_circuit_operator.py took 0.192 seconds
[2026-02-12T11:08:26.570+0800] {processor.py:161} INFO - Started process (PID=2814) to work on /Users/linghuchong/miniconda3/envs/py310/lib/python3.10/site-packages/airflow/example_dags/example_short_circuit_operator.py
[2026-02-12T11:08:26.571+0800] {processor.py:830} INFO - Processing file /Users/linghuchong/miniconda3/envs/py310/lib/python3.10/site-packages/airflow/example_dags/example_short_circuit_operator.py for tasks to queue
[2026-02-12T11:08:26.575+0800] {logging_mixin.py:188} INFO - [2026-02-12T11:08:26.575+0800] {dagbag.py:540} INFO - Filling up the DagBag from /Users/linghuchong/miniconda3/envs/py310/lib/python3.10/site-packages/airflow/example_dags/example_short_circuit_operator.py
[2026-02-12T11:08:26.603+0800] {processor.py:840} INFO - DAG(s) 'example_short_circuit_operator' retrieved from /Users/linghuchong/miniconda3/envs/py310/lib/python3.10/site-packages/airflow/example_dags/example_short_circuit_operator.py
[2026-02-12T11:08:26.737+0800] {logging_mixin.py:188} INFO - [2026-02-12T11:08:26.737+0800] {dag.py:3047} INFO - Sync 1 DAGs
[2026-02-12T11:08:26.757+0800] {logging_mixin.py:188} INFO - [2026-02-12T11:08:26.756+0800] {dag.py:3834} INFO - Setting next_dagrun for example_short_circuit_operator to 2026-02-11 00:00:00+00:00, run_after=2026-02-12 00:00:00+00:00
[2026-02-12T11:08:26.789+0800] {processor.py:183} INFO - Processing /Users/linghuchong/miniconda3/envs/py310/lib/python3.10/site-packages/airflow/example_dags/example_short_circuit_operator.py took 0.219 seconds
[2026-02-12T11:11:07.621+0800] {processor.py:161} INFO - Started process (PID=2923) to work on /Users/linghuchong/miniconda3/envs/py310/lib/python3.10/site-packages/airflow/example_dags/example_short_circuit_operator.py
[2026-02-12T11:11:07.622+0800] {processor.py:830} INFO - Processing file /Users/linghuchong/miniconda3/envs/py310/lib/python3.10/site-packages/airflow/example_dags/example_short_circuit_operator.py for tasks to queue
[2026-02-12T11:11:07.623+0800] {logging_mixin.py:188} INFO - [2026-02-12T11:11:07.623+0800] {dagbag.py:540} INFO - Filling up the DagBag from /Users/linghuchong/miniconda3/envs/py310/lib/python3.10/site-packages/airflow/example_dags/example_short_circuit_operator.py
[2026-02-12T11:11:07.650+0800] {processor.py:840} INFO - DAG(s) 'example_short_circuit_operator' retrieved from /Users/linghuchong/miniconda3/envs/py310/lib/python3.10/site-packages/airflow/example_dags/example_short_circuit_operator.py
[2026-02-12T11:11:07.771+0800] {logging_mixin.py:188} INFO - [2026-02-12T11:11:07.770+0800] {dag.py:3047} INFO - Sync 1 DAGs
[2026-02-12T11:11:07.791+0800] {logging_mixin.py:188} INFO - [2026-02-12T11:11:07.790+0800] {dag.py:3834} INFO - Setting next_dagrun for example_short_circuit_operator to 2026-02-11 00:00:00+00:00, run_after=2026-02-12 00:00:00+00:00
[2026-02-12T11:11:07.812+0800] {processor.py:183} INFO - Processing /Users/linghuchong/miniconda3/envs/py310/lib/python3.10/site-packages/airflow/example_dags/example_short_circuit_operator.py took 0.191 seconds
[2026-02-12T11:13:45.594+0800] {processor.py:161} INFO - Started process (PID=2984) to work on /Users/linghuchong/miniconda3/envs/py310/lib/python3.10/site-packages/airflow/example_dags/example_short_circuit_operator.py
[2026-02-12T11:13:45.597+0800] {processor.py:830} INFO - Processing file /Users/linghuchong/miniconda3/envs/py310/lib/python3.10/site-packages/airflow/example_dags/example_short_circuit_operator.py for tasks to queue
[2026-02-12T11:13:45.598+0800] {logging_mixin.py:188} INFO - [2026-02-12T11:13:45.598+0800] {dagbag.py:540} INFO - Filling up the DagBag from /Users/linghuchong/miniconda3/envs/py310/lib/python3.10/site-packages/airflow/example_dags/example_short_circuit_operator.py
[2026-02-12T11:13:45.622+0800] {processor.py:840} INFO - DAG(s) 'example_short_circuit_operator' retrieved from /Users/linghuchong/miniconda3/envs/py310/lib/python3.10/site-packages/airflow/example_dags/example_short_circuit_operator.py
[2026-02-12T11:13:45.733+0800] {logging_mixin.py:188} INFO - [2026-02-12T11:13:45.733+0800] {dag.py:3047} INFO - Sync 1 DAGs
[2026-02-12T11:13:45.749+0800] {logging_mixin.py:188} INFO - [2026-02-12T11:13:45.749+0800] {dag.py:3834} INFO - Setting next_dagrun for example_short_circuit_operator to 2026-02-11 00:00:00+00:00, run_after=2026-02-12 00:00:00+00:00
[2026-02-12T11:13:45.765+0800] {processor.py:183} INFO - Processing /Users/linghuchong/miniconda3/envs/py310/lib/python3.10/site-packages/airflow/example_dags/example_short_circuit_operator.py took 0.172 seconds
