[2026-02-12T10:47:39.201+0800] {processor.py:161} INFO - Started process (PID=2302) to work on /Users/linghuchong/miniconda3/envs/py310/lib/python3.10/site-packages/airflow/example_dags/example_branch_operator_decorator.py
[2026-02-12T10:47:39.202+0800] {processor.py:830} INFO - Processing file /Users/linghuchong/miniconda3/envs/py310/lib/python3.10/site-packages/airflow/example_dags/example_branch_operator_decorator.py for tasks to queue
[2026-02-12T10:47:39.203+0800] {logging_mixin.py:188} INFO - [2026-02-12T10:47:39.203+0800] {dagbag.py:540} INFO - Filling up the DagBag from /Users/linghuchong/miniconda3/envs/py310/lib/python3.10/site-packages/airflow/example_dags/example_branch_operator_decorator.py
[2026-02-12T10:47:39.251+0800] {processor.py:840} INFO - DAG(s) 'example_branch_python_operator_decorator' retrieved from /Users/linghuchong/miniconda3/envs/py310/lib/python3.10/site-packages/airflow/example_dags/example_branch_operator_decorator.py
[2026-02-12T10:47:39.457+0800] {logging_mixin.py:188} INFO - [2026-02-12T10:47:39.457+0800] {dag.py:3047} INFO - Sync 1 DAGs
[2026-02-12T10:47:39.476+0800] {logging_mixin.py:188} INFO - [2026-02-12T10:47:39.475+0800] {dag.py:3834} INFO - Setting next_dagrun for example_branch_python_operator_decorator to 2026-02-11 00:00:00+00:00, run_after=2026-02-12 00:00:00+00:00
[2026-02-12T10:47:39.497+0800] {processor.py:183} INFO - Processing /Users/linghuchong/miniconda3/envs/py310/lib/python3.10/site-packages/airflow/example_dags/example_branch_operator_decorator.py took 0.296 seconds
[2026-02-12T10:51:00.908+0800] {processor.py:161} INFO - Started process (PID=2399) to work on /Users/linghuchong/miniconda3/envs/py310/lib/python3.10/site-packages/airflow/example_dags/example_branch_operator_decorator.py
[2026-02-12T10:51:00.908+0800] {processor.py:830} INFO - Processing file /Users/linghuchong/miniconda3/envs/py310/lib/python3.10/site-packages/airflow/example_dags/example_branch_operator_decorator.py for tasks to queue
[2026-02-12T10:51:00.909+0800] {logging_mixin.py:188} INFO - [2026-02-12T10:51:00.909+0800] {dagbag.py:540} INFO - Filling up the DagBag from /Users/linghuchong/miniconda3/envs/py310/lib/python3.10/site-packages/airflow/example_dags/example_branch_operator_decorator.py
[2026-02-12T10:51:00.956+0800] {processor.py:840} INFO - DAG(s) 'example_branch_python_operator_decorator' retrieved from /Users/linghuchong/miniconda3/envs/py310/lib/python3.10/site-packages/airflow/example_dags/example_branch_operator_decorator.py
[2026-02-12T10:51:01.153+0800] {logging_mixin.py:188} INFO - [2026-02-12T10:51:01.153+0800] {dag.py:3047} INFO - Sync 1 DAGs
[2026-02-12T10:51:01.170+0800] {logging_mixin.py:188} INFO - [2026-02-12T10:51:01.170+0800] {dag.py:3834} INFO - Setting next_dagrun for example_branch_python_operator_decorator to 2026-02-11 00:00:00+00:00, run_after=2026-02-12 00:00:00+00:00
[2026-02-12T10:51:01.191+0800] {processor.py:183} INFO - Processing /Users/linghuchong/miniconda3/envs/py310/lib/python3.10/site-packages/airflow/example_dags/example_branch_operator_decorator.py took 0.284 seconds
[2026-02-12T11:03:59.217+0800] {processor.py:161} INFO - Started process (PID=2586) to work on /Users/linghuchong/miniconda3/envs/py310/lib/python3.10/site-packages/airflow/example_dags/example_branch_operator_decorator.py
[2026-02-12T11:03:59.220+0800] {processor.py:830} INFO - Processing file /Users/linghuchong/miniconda3/envs/py310/lib/python3.10/site-packages/airflow/example_dags/example_branch_operator_decorator.py for tasks to queue
[2026-02-12T11:03:59.222+0800] {logging_mixin.py:188} INFO - [2026-02-12T11:03:59.221+0800] {dagbag.py:540} INFO - Filling up the DagBag from /Users/linghuchong/miniconda3/envs/py310/lib/python3.10/site-packages/airflow/example_dags/example_branch_operator_decorator.py
[2026-02-12T11:03:59.286+0800] {processor.py:840} INFO - DAG(s) 'example_branch_python_operator_decorator' retrieved from /Users/linghuchong/miniconda3/envs/py310/lib/python3.10/site-packages/airflow/example_dags/example_branch_operator_decorator.py
[2026-02-12T11:03:59.593+0800] {logging_mixin.py:188} INFO - [2026-02-12T11:03:59.593+0800] {dag.py:3047} INFO - Sync 1 DAGs
[2026-02-12T11:03:59.620+0800] {logging_mixin.py:188} INFO - [2026-02-12T11:03:59.619+0800] {dag.py:3834} INFO - Setting next_dagrun for example_branch_python_operator_decorator to 2026-02-11 00:00:00+00:00, run_after=2026-02-12 00:00:00+00:00
[2026-02-12T11:03:59.651+0800] {processor.py:183} INFO - Processing /Users/linghuchong/miniconda3/envs/py310/lib/python3.10/site-packages/airflow/example_dags/example_branch_operator_decorator.py took 0.436 seconds
[2026-02-12T11:09:47.039+0800] {processor.py:161} INFO - Started process (PID=2868) to work on /Users/linghuchong/miniconda3/envs/py310/lib/python3.10/site-packages/airflow/example_dags/example_branch_operator_decorator.py
[2026-02-12T11:09:47.040+0800] {processor.py:830} INFO - Processing file /Users/linghuchong/miniconda3/envs/py310/lib/python3.10/site-packages/airflow/example_dags/example_branch_operator_decorator.py for tasks to queue
[2026-02-12T11:09:47.041+0800] {logging_mixin.py:188} INFO - [2026-02-12T11:09:47.041+0800] {dagbag.py:540} INFO - Filling up the DagBag from /Users/linghuchong/miniconda3/envs/py310/lib/python3.10/site-packages/airflow/example_dags/example_branch_operator_decorator.py
[2026-02-12T11:09:47.086+0800] {processor.py:840} INFO - DAG(s) 'example_branch_python_operator_decorator' retrieved from /Users/linghuchong/miniconda3/envs/py310/lib/python3.10/site-packages/airflow/example_dags/example_branch_operator_decorator.py
[2026-02-12T11:09:47.280+0800] {logging_mixin.py:188} INFO - [2026-02-12T11:09:47.280+0800] {dag.py:3047} INFO - Sync 1 DAGs
[2026-02-12T11:09:47.297+0800] {logging_mixin.py:188} INFO - [2026-02-12T11:09:47.297+0800] {dag.py:3834} INFO - Setting next_dagrun for example_branch_python_operator_decorator to 2026-02-11 00:00:00+00:00, run_after=2026-02-12 00:00:00+00:00
[2026-02-12T11:09:47.319+0800] {processor.py:183} INFO - Processing /Users/linghuchong/miniconda3/envs/py310/lib/python3.10/site-packages/airflow/example_dags/example_branch_operator_decorator.py took 0.280 seconds
