[2026-02-12T10:47:02.862+0800] {processor.py:161} INFO - Started process (PID=2285) to work on /Users/linghuchong/miniconda3/envs/py310/lib/python3.10/site-packages/airflow/example_dags/example_latest_only_with_trigger.py
[2026-02-12T10:47:02.863+0800] {processor.py:830} INFO - Processing file /Users/linghuchong/miniconda3/envs/py310/lib/python3.10/site-packages/airflow/example_dags/example_latest_only_with_trigger.py for tasks to queue
[2026-02-12T10:47:02.863+0800] {logging_mixin.py:188} INFO - [2026-02-12T10:47:02.863+0800] {dagbag.py:540} INFO - Filling up the DagBag from /Users/linghuchong/miniconda3/envs/py310/lib/python3.10/site-packages/airflow/example_dags/example_latest_only_with_trigger.py
[2026-02-12T10:47:02.872+0800] {processor.py:840} INFO - DAG(s) 'latest_only_with_trigger' retrieved from /Users/linghuchong/miniconda3/envs/py310/lib/python3.10/site-packages/airflow/example_dags/example_latest_only_with_trigger.py
[2026-02-12T10:47:03.063+0800] {logging_mixin.py:188} INFO - [2026-02-12T10:47:03.063+0800] {dag.py:3047} INFO - Sync 1 DAGs
[2026-02-12T10:47:03.083+0800] {logging_mixin.py:188} INFO - [2026-02-12T10:47:03.082+0800] {dag.py:3834} INFO - Setting next_dagrun for latest_only_with_trigger to 2026-02-11 20:00:00+00:00, run_after=2026-02-12 00:00:00+00:00
[2026-02-12T10:47:03.103+0800] {processor.py:183} INFO - Processing /Users/linghuchong/miniconda3/envs/py310/lib/python3.10/site-packages/airflow/example_dags/example_latest_only_with_trigger.py took 0.243 seconds
[2026-02-12T10:50:25.214+0800] {processor.py:161} INFO - Started process (PID=2386) to work on /Users/linghuchong/miniconda3/envs/py310/lib/python3.10/site-packages/airflow/example_dags/example_latest_only_with_trigger.py
[2026-02-12T10:50:25.217+0800] {processor.py:830} INFO - Processing file /Users/linghuchong/miniconda3/envs/py310/lib/python3.10/site-packages/airflow/example_dags/example_latest_only_with_trigger.py for tasks to queue
[2026-02-12T10:50:25.218+0800] {logging_mixin.py:188} INFO - [2026-02-12T10:50:25.218+0800] {dagbag.py:540} INFO - Filling up the DagBag from /Users/linghuchong/miniconda3/envs/py310/lib/python3.10/site-packages/airflow/example_dags/example_latest_only_with_trigger.py
[2026-02-12T10:50:25.226+0800] {processor.py:840} INFO - DAG(s) 'latest_only_with_trigger' retrieved from /Users/linghuchong/miniconda3/envs/py310/lib/python3.10/site-packages/airflow/example_dags/example_latest_only_with_trigger.py
[2026-02-12T10:50:25.342+0800] {logging_mixin.py:188} INFO - [2026-02-12T10:50:25.341+0800] {dag.py:3047} INFO - Sync 1 DAGs
[2026-02-12T10:50:25.360+0800] {logging_mixin.py:188} INFO - [2026-02-12T10:50:25.359+0800] {dag.py:3834} INFO - Setting next_dagrun for latest_only_with_trigger to 2026-02-11 20:00:00+00:00, run_after=2026-02-12 00:00:00+00:00
[2026-02-12T10:50:25.379+0800] {processor.py:183} INFO - Processing /Users/linghuchong/miniconda3/envs/py310/lib/python3.10/site-packages/airflow/example_dags/example_latest_only_with_trigger.py took 0.166 seconds
[2026-02-12T10:53:05.701+0800] {processor.py:161} INFO - Started process (PID=2458) to work on /Users/linghuchong/miniconda3/envs/py310/lib/python3.10/site-packages/airflow/example_dags/example_latest_only_with_trigger.py
[2026-02-12T10:53:05.702+0800] {processor.py:830} INFO - Processing file /Users/linghuchong/miniconda3/envs/py310/lib/python3.10/site-packages/airflow/example_dags/example_latest_only_with_trigger.py for tasks to queue
[2026-02-12T10:53:05.703+0800] {logging_mixin.py:188} INFO - [2026-02-12T10:53:05.703+0800] {dagbag.py:540} INFO - Filling up the DagBag from /Users/linghuchong/miniconda3/envs/py310/lib/python3.10/site-packages/airflow/example_dags/example_latest_only_with_trigger.py
[2026-02-12T10:53:05.711+0800] {processor.py:840} INFO - DAG(s) 'latest_only_with_trigger' retrieved from /Users/linghuchong/miniconda3/envs/py310/lib/python3.10/site-packages/airflow/example_dags/example_latest_only_with_trigger.py
[2026-02-12T10:53:05.826+0800] {logging_mixin.py:188} INFO - [2026-02-12T10:53:05.825+0800] {dag.py:3047} INFO - Sync 1 DAGs
[2026-02-12T10:53:05.846+0800] {logging_mixin.py:188} INFO - [2026-02-12T10:53:05.846+0800] {dag.py:3834} INFO - Setting next_dagrun for latest_only_with_trigger to 2026-02-11 20:00:00+00:00, run_after=2026-02-12 00:00:00+00:00
[2026-02-12T10:53:05.866+0800] {processor.py:183} INFO - Processing /Users/linghuchong/miniconda3/envs/py310/lib/python3.10/site-packages/airflow/example_dags/example_latest_only_with_trigger.py took 0.165 seconds
[2026-02-12T10:56:02.256+0800] {processor.py:161} INFO - Started process (PID=2526) to work on /Users/linghuchong/miniconda3/envs/py310/lib/python3.10/site-packages/airflow/example_dags/example_latest_only_with_trigger.py
[2026-02-12T10:56:02.259+0800] {processor.py:830} INFO - Processing file /Users/linghuchong/miniconda3/envs/py310/lib/python3.10/site-packages/airflow/example_dags/example_latest_only_with_trigger.py for tasks to queue
[2026-02-12T10:56:02.260+0800] {logging_mixin.py:188} INFO - [2026-02-12T10:56:02.260+0800] {dagbag.py:540} INFO - Filling up the DagBag from /Users/linghuchong/miniconda3/envs/py310/lib/python3.10/site-packages/airflow/example_dags/example_latest_only_with_trigger.py
[2026-02-12T10:56:02.268+0800] {processor.py:840} INFO - DAG(s) 'latest_only_with_trigger' retrieved from /Users/linghuchong/miniconda3/envs/py310/lib/python3.10/site-packages/airflow/example_dags/example_latest_only_with_trigger.py
[2026-02-12T10:56:02.379+0800] {logging_mixin.py:188} INFO - [2026-02-12T10:56:02.379+0800] {dag.py:3047} INFO - Sync 1 DAGs
[2026-02-12T10:56:02.396+0800] {logging_mixin.py:188} INFO - [2026-02-12T10:56:02.396+0800] {dag.py:3834} INFO - Setting next_dagrun for latest_only_with_trigger to 2026-02-11 20:00:00+00:00, run_after=2026-02-12 00:00:00+00:00
[2026-02-12T10:56:02.417+0800] {processor.py:183} INFO - Processing /Users/linghuchong/miniconda3/envs/py310/lib/python3.10/site-packages/airflow/example_dags/example_latest_only_with_trigger.py took 0.162 seconds
[2026-02-12T11:06:19.250+0800] {processor.py:161} INFO - Started process (PID=2678) to work on /Users/linghuchong/miniconda3/envs/py310/lib/python3.10/site-packages/airflow/example_dags/example_latest_only_with_trigger.py
[2026-02-12T11:06:19.251+0800] {processor.py:830} INFO - Processing file /Users/linghuchong/miniconda3/envs/py310/lib/python3.10/site-packages/airflow/example_dags/example_latest_only_with_trigger.py for tasks to queue
[2026-02-12T11:06:19.253+0800] {logging_mixin.py:188} INFO - [2026-02-12T11:06:19.252+0800] {dagbag.py:540} INFO - Filling up the DagBag from /Users/linghuchong/miniconda3/envs/py310/lib/python3.10/site-packages/airflow/example_dags/example_latest_only_with_trigger.py
[2026-02-12T11:06:19.261+0800] {processor.py:840} INFO - DAG(s) 'latest_only_with_trigger' retrieved from /Users/linghuchong/miniconda3/envs/py310/lib/python3.10/site-packages/airflow/example_dags/example_latest_only_with_trigger.py
[2026-02-12T11:06:19.394+0800] {logging_mixin.py:188} INFO - [2026-02-12T11:06:19.394+0800] {dag.py:3047} INFO - Sync 1 DAGs
[2026-02-12T11:06:19.418+0800] {logging_mixin.py:188} INFO - [2026-02-12T11:06:19.418+0800] {dag.py:3834} INFO - Setting next_dagrun for latest_only_with_trigger to 2026-02-11 20:00:00+00:00, run_after=2026-02-12 00:00:00+00:00
[2026-02-12T11:06:19.440+0800] {processor.py:183} INFO - Processing /Users/linghuchong/miniconda3/envs/py310/lib/python3.10/site-packages/airflow/example_dags/example_latest_only_with_trigger.py took 0.190 seconds
[2026-02-12T11:09:15.458+0800] {processor.py:161} INFO - Started process (PID=2853) to work on /Users/linghuchong/miniconda3/envs/py310/lib/python3.10/site-packages/airflow/example_dags/example_latest_only_with_trigger.py
[2026-02-12T11:09:15.459+0800] {processor.py:830} INFO - Processing file /Users/linghuchong/miniconda3/envs/py310/lib/python3.10/site-packages/airflow/example_dags/example_latest_only_with_trigger.py for tasks to queue
[2026-02-12T11:09:15.460+0800] {logging_mixin.py:188} INFO - [2026-02-12T11:09:15.459+0800] {dagbag.py:540} INFO - Filling up the DagBag from /Users/linghuchong/miniconda3/envs/py310/lib/python3.10/site-packages/airflow/example_dags/example_latest_only_with_trigger.py
[2026-02-12T11:09:15.468+0800] {processor.py:840} INFO - DAG(s) 'latest_only_with_trigger' retrieved from /Users/linghuchong/miniconda3/envs/py310/lib/python3.10/site-packages/airflow/example_dags/example_latest_only_with_trigger.py
[2026-02-12T11:09:15.575+0800] {logging_mixin.py:188} INFO - [2026-02-12T11:09:15.575+0800] {dag.py:3047} INFO - Sync 1 DAGs
[2026-02-12T11:09:15.592+0800] {logging_mixin.py:188} INFO - [2026-02-12T11:09:15.592+0800] {dag.py:3834} INFO - Setting next_dagrun for latest_only_with_trigger to 2026-02-11 20:00:00+00:00, run_after=2026-02-12 00:00:00+00:00
[2026-02-12T11:09:15.611+0800] {processor.py:183} INFO - Processing /Users/linghuchong/miniconda3/envs/py310/lib/python3.10/site-packages/airflow/example_dags/example_latest_only_with_trigger.py took 0.155 seconds
[2026-02-12T11:11:57.398+0800] {processor.py:161} INFO - Started process (PID=2942) to work on /Users/linghuchong/miniconda3/envs/py310/lib/python3.10/site-packages/airflow/example_dags/example_latest_only_with_trigger.py
[2026-02-12T11:11:57.399+0800] {processor.py:830} INFO - Processing file /Users/linghuchong/miniconda3/envs/py310/lib/python3.10/site-packages/airflow/example_dags/example_latest_only_with_trigger.py for tasks to queue
[2026-02-12T11:11:57.400+0800] {logging_mixin.py:188} INFO - [2026-02-12T11:11:57.399+0800] {dagbag.py:540} INFO - Filling up the DagBag from /Users/linghuchong/miniconda3/envs/py310/lib/python3.10/site-packages/airflow/example_dags/example_latest_only_with_trigger.py
[2026-02-12T11:11:57.407+0800] {processor.py:840} INFO - DAG(s) 'latest_only_with_trigger' retrieved from /Users/linghuchong/miniconda3/envs/py310/lib/python3.10/site-packages/airflow/example_dags/example_latest_only_with_trigger.py
[2026-02-12T11:11:57.515+0800] {logging_mixin.py:188} INFO - [2026-02-12T11:11:57.514+0800] {dag.py:3047} INFO - Sync 1 DAGs
[2026-02-12T11:11:57.535+0800] {logging_mixin.py:188} INFO - [2026-02-12T11:11:57.535+0800] {dag.py:3834} INFO - Setting next_dagrun for latest_only_with_trigger to 2026-02-11 20:00:00+00:00, run_after=2026-02-12 00:00:00+00:00
[2026-02-12T11:11:57.553+0800] {processor.py:183} INFO - Processing /Users/linghuchong/miniconda3/envs/py310/lib/python3.10/site-packages/airflow/example_dags/example_latest_only_with_trigger.py took 0.156 seconds
[2026-02-12T11:14:36.125+0800] {processor.py:161} INFO - Started process (PID=3010) to work on /Users/linghuchong/miniconda3/envs/py310/lib/python3.10/site-packages/airflow/example_dags/example_latest_only_with_trigger.py
[2026-02-12T11:14:36.126+0800] {processor.py:830} INFO - Processing file /Users/linghuchong/miniconda3/envs/py310/lib/python3.10/site-packages/airflow/example_dags/example_latest_only_with_trigger.py for tasks to queue
[2026-02-12T11:14:36.127+0800] {logging_mixin.py:188} INFO - [2026-02-12T11:14:36.127+0800] {dagbag.py:540} INFO - Filling up the DagBag from /Users/linghuchong/miniconda3/envs/py310/lib/python3.10/site-packages/airflow/example_dags/example_latest_only_with_trigger.py
[2026-02-12T11:14:36.139+0800] {processor.py:840} INFO - DAG(s) 'latest_only_with_trigger' retrieved from /Users/linghuchong/miniconda3/envs/py310/lib/python3.10/site-packages/airflow/example_dags/example_latest_only_with_trigger.py
[2026-02-12T11:14:36.314+0800] {logging_mixin.py:188} INFO - [2026-02-12T11:14:36.314+0800] {dag.py:3047} INFO - Sync 1 DAGs
[2026-02-12T11:14:36.340+0800] {logging_mixin.py:188} INFO - [2026-02-12T11:14:36.339+0800] {dag.py:3834} INFO - Setting next_dagrun for latest_only_with_trigger to 2026-02-11 20:00:00+00:00, run_after=2026-02-12 00:00:00+00:00
[2026-02-12T11:14:36.368+0800] {processor.py:183} INFO - Processing /Users/linghuchong/miniconda3/envs/py310/lib/python3.10/site-packages/airflow/example_dags/example_latest_only_with_trigger.py took 0.243 seconds
[2026-02-12T11:17:18.192+0800] {processor.py:161} INFO - Started process (PID=3290) to work on /Users/linghuchong/miniconda3/envs/py310/lib/python3.10/site-packages/airflow/example_dags/example_latest_only_with_trigger.py
[2026-02-12T11:17:18.193+0800] {processor.py:830} INFO - Processing file /Users/linghuchong/miniconda3/envs/py310/lib/python3.10/site-packages/airflow/example_dags/example_latest_only_with_trigger.py for tasks to queue
[2026-02-12T11:17:18.194+0800] {logging_mixin.py:188} INFO - [2026-02-12T11:17:18.193+0800] {dagbag.py:540} INFO - Filling up the DagBag from /Users/linghuchong/miniconda3/envs/py310/lib/python3.10/site-packages/airflow/example_dags/example_latest_only_with_trigger.py
[2026-02-12T11:17:18.202+0800] {processor.py:840} INFO - DAG(s) 'latest_only_with_trigger' retrieved from /Users/linghuchong/miniconda3/envs/py310/lib/python3.10/site-packages/airflow/example_dags/example_latest_only_with_trigger.py
[2026-02-12T11:17:18.323+0800] {logging_mixin.py:188} INFO - [2026-02-12T11:17:18.322+0800] {dag.py:3047} INFO - Sync 1 DAGs
[2026-02-12T11:17:18.341+0800] {logging_mixin.py:188} INFO - [2026-02-12T11:17:18.341+0800] {dag.py:3834} INFO - Setting next_dagrun for latest_only_with_trigger to 2026-02-11 20:00:00+00:00, run_after=2026-02-12 00:00:00+00:00
[2026-02-12T11:17:18.360+0800] {processor.py:183} INFO - Processing /Users/linghuchong/miniconda3/envs/py310/lib/python3.10/site-packages/airflow/example_dags/example_latest_only_with_trigger.py took 0.169 seconds
[2026-02-12T11:20:09.084+0800] {processor.py:161} INFO - Started process (PID=3479) to work on /Users/linghuchong/miniconda3/envs/py310/lib/python3.10/site-packages/airflow/example_dags/example_latest_only_with_trigger.py
[2026-02-12T11:20:09.085+0800] {processor.py:830} INFO - Processing file /Users/linghuchong/miniconda3/envs/py310/lib/python3.10/site-packages/airflow/example_dags/example_latest_only_with_trigger.py for tasks to queue
[2026-02-12T11:20:09.086+0800] {logging_mixin.py:188} INFO - [2026-02-12T11:20:09.086+0800] {dagbag.py:540} INFO - Filling up the DagBag from /Users/linghuchong/miniconda3/envs/py310/lib/python3.10/site-packages/airflow/example_dags/example_latest_only_with_trigger.py
[2026-02-12T11:20:09.094+0800] {processor.py:840} INFO - DAG(s) 'latest_only_with_trigger' retrieved from /Users/linghuchong/miniconda3/envs/py310/lib/python3.10/site-packages/airflow/example_dags/example_latest_only_with_trigger.py
[2026-02-12T11:20:09.291+0800] {logging_mixin.py:188} INFO - [2026-02-12T11:20:09.291+0800] {dag.py:3047} INFO - Sync 1 DAGs
[2026-02-12T11:20:09.308+0800] {logging_mixin.py:188} INFO - [2026-02-12T11:20:09.308+0800] {dag.py:3834} INFO - Setting next_dagrun for latest_only_with_trigger to 2026-02-11 20:00:00+00:00, run_after=2026-02-12 00:00:00+00:00
[2026-02-12T11:20:09.327+0800] {processor.py:183} INFO - Processing /Users/linghuchong/miniconda3/envs/py310/lib/python3.10/site-packages/airflow/example_dags/example_latest_only_with_trigger.py took 0.243 seconds
[2026-02-12T11:23:01.313+0800] {processor.py:161} INFO - Started process (PID=3546) to work on /Users/linghuchong/miniconda3/envs/py310/lib/python3.10/site-packages/airflow/example_dags/example_latest_only_with_trigger.py
[2026-02-12T11:23:01.314+0800] {processor.py:830} INFO - Processing file /Users/linghuchong/miniconda3/envs/py310/lib/python3.10/site-packages/airflow/example_dags/example_latest_only_with_trigger.py for tasks to queue
[2026-02-12T11:23:01.315+0800] {logging_mixin.py:188} INFO - [2026-02-12T11:23:01.315+0800] {dagbag.py:540} INFO - Filling up the DagBag from /Users/linghuchong/miniconda3/envs/py310/lib/python3.10/site-packages/airflow/example_dags/example_latest_only_with_trigger.py
[2026-02-12T11:23:01.323+0800] {processor.py:840} INFO - DAG(s) 'latest_only_with_trigger' retrieved from /Users/linghuchong/miniconda3/envs/py310/lib/python3.10/site-packages/airflow/example_dags/example_latest_only_with_trigger.py
[2026-02-12T11:23:01.437+0800] {logging_mixin.py:188} INFO - [2026-02-12T11:23:01.437+0800] {dag.py:3047} INFO - Sync 1 DAGs
[2026-02-12T11:23:01.455+0800] {logging_mixin.py:188} INFO - [2026-02-12T11:23:01.454+0800] {dag.py:3834} INFO - Setting next_dagrun for latest_only_with_trigger to 2026-02-11 20:00:00+00:00, run_after=2026-02-12 00:00:00+00:00
[2026-02-12T11:23:01.474+0800] {processor.py:183} INFO - Processing /Users/linghuchong/miniconda3/envs/py310/lib/python3.10/site-packages/airflow/example_dags/example_latest_only_with_trigger.py took 0.162 seconds
[2026-02-12T11:25:43.455+0800] {processor.py:161} INFO - Started process (PID=3624) to work on /Users/linghuchong/miniconda3/envs/py310/lib/python3.10/site-packages/airflow/example_dags/example_latest_only_with_trigger.py
[2026-02-12T11:25:43.456+0800] {processor.py:830} INFO - Processing file /Users/linghuchong/miniconda3/envs/py310/lib/python3.10/site-packages/airflow/example_dags/example_latest_only_with_trigger.py for tasks to queue
[2026-02-12T11:25:43.457+0800] {logging_mixin.py:188} INFO - [2026-02-12T11:25:43.457+0800] {dagbag.py:540} INFO - Filling up the DagBag from /Users/linghuchong/miniconda3/envs/py310/lib/python3.10/site-packages/airflow/example_dags/example_latest_only_with_trigger.py
[2026-02-12T11:25:43.465+0800] {processor.py:840} INFO - DAG(s) 'latest_only_with_trigger' retrieved from /Users/linghuchong/miniconda3/envs/py310/lib/python3.10/site-packages/airflow/example_dags/example_latest_only_with_trigger.py
[2026-02-12T11:25:43.598+0800] {logging_mixin.py:188} INFO - [2026-02-12T11:25:43.597+0800] {dag.py:3047} INFO - Sync 1 DAGs
[2026-02-12T11:25:43.617+0800] {logging_mixin.py:188} INFO - [2026-02-12T11:25:43.617+0800] {dag.py:3834} INFO - Setting next_dagrun for latest_only_with_trigger to 2026-02-11 20:00:00+00:00, run_after=2026-02-12 00:00:00+00:00
[2026-02-12T11:25:43.636+0800] {processor.py:183} INFO - Processing /Users/linghuchong/miniconda3/envs/py310/lib/python3.10/site-packages/airflow/example_dags/example_latest_only_with_trigger.py took 0.183 seconds
[2026-02-12T11:28:22.594+0800] {processor.py:161} INFO - Started process (PID=3783) to work on /Users/linghuchong/miniconda3/envs/py310/lib/python3.10/site-packages/airflow/example_dags/example_latest_only_with_trigger.py
[2026-02-12T11:28:22.595+0800] {processor.py:830} INFO - Processing file /Users/linghuchong/miniconda3/envs/py310/lib/python3.10/site-packages/airflow/example_dags/example_latest_only_with_trigger.py for tasks to queue
[2026-02-12T11:28:22.596+0800] {logging_mixin.py:188} INFO - [2026-02-12T11:28:22.596+0800] {dagbag.py:540} INFO - Filling up the DagBag from /Users/linghuchong/miniconda3/envs/py310/lib/python3.10/site-packages/airflow/example_dags/example_latest_only_with_trigger.py
[2026-02-12T11:28:22.604+0800] {processor.py:840} INFO - DAG(s) 'latest_only_with_trigger' retrieved from /Users/linghuchong/miniconda3/envs/py310/lib/python3.10/site-packages/airflow/example_dags/example_latest_only_with_trigger.py
[2026-02-12T11:28:22.718+0800] {logging_mixin.py:188} INFO - [2026-02-12T11:28:22.717+0800] {dag.py:3047} INFO - Sync 1 DAGs
[2026-02-12T11:28:22.734+0800] {logging_mixin.py:188} INFO - [2026-02-12T11:28:22.734+0800] {dag.py:3834} INFO - Setting next_dagrun for latest_only_with_trigger to 2026-02-11 20:00:00+00:00, run_after=2026-02-12 00:00:00+00:00
[2026-02-12T11:28:22.753+0800] {processor.py:183} INFO - Processing /Users/linghuchong/miniconda3/envs/py310/lib/python3.10/site-packages/airflow/example_dags/example_latest_only_with_trigger.py took 0.160 seconds
[2026-02-12T11:31:02.622+0800] {processor.py:161} INFO - Started process (PID=3852) to work on /Users/linghuchong/miniconda3/envs/py310/lib/python3.10/site-packages/airflow/example_dags/example_latest_only_with_trigger.py
[2026-02-12T11:31:02.623+0800] {processor.py:830} INFO - Processing file /Users/linghuchong/miniconda3/envs/py310/lib/python3.10/site-packages/airflow/example_dags/example_latest_only_with_trigger.py for tasks to queue
[2026-02-12T11:31:02.624+0800] {logging_mixin.py:188} INFO - [2026-02-12T11:31:02.624+0800] {dagbag.py:540} INFO - Filling up the DagBag from /Users/linghuchong/miniconda3/envs/py310/lib/python3.10/site-packages/airflow/example_dags/example_latest_only_with_trigger.py
[2026-02-12T11:31:02.635+0800] {processor.py:840} INFO - DAG(s) 'latest_only_with_trigger' retrieved from /Users/linghuchong/miniconda3/envs/py310/lib/python3.10/site-packages/airflow/example_dags/example_latest_only_with_trigger.py
[2026-02-12T11:31:02.763+0800] {logging_mixin.py:188} INFO - [2026-02-12T11:31:02.763+0800] {dag.py:3047} INFO - Sync 1 DAGs
[2026-02-12T11:31:02.786+0800] {logging_mixin.py:188} INFO - [2026-02-12T11:31:02.786+0800] {dag.py:3834} INFO - Setting next_dagrun for latest_only_with_trigger to 2026-02-11 20:00:00+00:00, run_after=2026-02-12 00:00:00+00:00
[2026-02-12T11:31:02.805+0800] {processor.py:183} INFO - Processing /Users/linghuchong/miniconda3/envs/py310/lib/python3.10/site-packages/airflow/example_dags/example_latest_only_with_trigger.py took 0.184 seconds
[2026-02-12T11:33:56.211+0800] {processor.py:161} INFO - Started process (PID=3952) to work on /Users/linghuchong/miniconda3/envs/py310/lib/python3.10/site-packages/airflow/example_dags/example_latest_only_with_trigger.py
[2026-02-12T11:33:56.212+0800] {processor.py:830} INFO - Processing file /Users/linghuchong/miniconda3/envs/py310/lib/python3.10/site-packages/airflow/example_dags/example_latest_only_with_trigger.py for tasks to queue
[2026-02-12T11:33:56.212+0800] {logging_mixin.py:188} INFO - [2026-02-12T11:33:56.212+0800] {dagbag.py:540} INFO - Filling up the DagBag from /Users/linghuchong/miniconda3/envs/py310/lib/python3.10/site-packages/airflow/example_dags/example_latest_only_with_trigger.py
[2026-02-12T11:33:56.220+0800] {processor.py:840} INFO - DAG(s) 'latest_only_with_trigger' retrieved from /Users/linghuchong/miniconda3/envs/py310/lib/python3.10/site-packages/airflow/example_dags/example_latest_only_with_trigger.py
[2026-02-12T11:33:56.327+0800] {logging_mixin.py:188} INFO - [2026-02-12T11:33:56.327+0800] {dag.py:3047} INFO - Sync 1 DAGs
[2026-02-12T11:33:56.344+0800] {logging_mixin.py:188} INFO - [2026-02-12T11:33:56.343+0800] {dag.py:3834} INFO - Setting next_dagrun for latest_only_with_trigger to 2026-02-11 20:00:00+00:00, run_after=2026-02-12 00:00:00+00:00
[2026-02-12T11:33:56.362+0800] {processor.py:183} INFO - Processing /Users/linghuchong/miniconda3/envs/py310/lib/python3.10/site-packages/airflow/example_dags/example_latest_only_with_trigger.py took 0.152 seconds
[2026-02-12T11:36:52.864+0800] {processor.py:161} INFO - Started process (PID=4143) to work on /Users/linghuchong/miniconda3/envs/py310/lib/python3.10/site-packages/airflow/example_dags/example_latest_only_with_trigger.py
[2026-02-12T11:36:52.867+0800] {processor.py:830} INFO - Processing file /Users/linghuchong/miniconda3/envs/py310/lib/python3.10/site-packages/airflow/example_dags/example_latest_only_with_trigger.py for tasks to queue
[2026-02-12T11:36:52.868+0800] {logging_mixin.py:188} INFO - [2026-02-12T11:36:52.867+0800] {dagbag.py:540} INFO - Filling up the DagBag from /Users/linghuchong/miniconda3/envs/py310/lib/python3.10/site-packages/airflow/example_dags/example_latest_only_with_trigger.py
[2026-02-12T11:36:52.878+0800] {processor.py:840} INFO - DAG(s) 'latest_only_with_trigger' retrieved from /Users/linghuchong/miniconda3/envs/py310/lib/python3.10/site-packages/airflow/example_dags/example_latest_only_with_trigger.py
[2026-02-12T11:36:53.003+0800] {logging_mixin.py:188} INFO - [2026-02-12T11:36:53.003+0800] {dag.py:3047} INFO - Sync 1 DAGs
[2026-02-12T11:36:53.022+0800] {logging_mixin.py:188} INFO - [2026-02-12T11:36:53.022+0800] {dag.py:3834} INFO - Setting next_dagrun for latest_only_with_trigger to 2026-02-11 20:00:00+00:00, run_after=2026-02-12 00:00:00+00:00
[2026-02-12T11:36:53.039+0800] {processor.py:183} INFO - Processing /Users/linghuchong/miniconda3/envs/py310/lib/python3.10/site-packages/airflow/example_dags/example_latest_only_with_trigger.py took 0.176 seconds
[2026-02-12T11:39:45.450+0800] {processor.py:161} INFO - Started process (PID=4357) to work on /Users/linghuchong/miniconda3/envs/py310/lib/python3.10/site-packages/airflow/example_dags/example_latest_only_with_trigger.py
[2026-02-12T11:39:45.453+0800] {processor.py:830} INFO - Processing file /Users/linghuchong/miniconda3/envs/py310/lib/python3.10/site-packages/airflow/example_dags/example_latest_only_with_trigger.py for tasks to queue
[2026-02-12T11:39:45.454+0800] {logging_mixin.py:188} INFO - [2026-02-12T11:39:45.453+0800] {dagbag.py:540} INFO - Filling up the DagBag from /Users/linghuchong/miniconda3/envs/py310/lib/python3.10/site-packages/airflow/example_dags/example_latest_only_with_trigger.py
[2026-02-12T11:39:45.463+0800] {processor.py:840} INFO - DAG(s) 'latest_only_with_trigger' retrieved from /Users/linghuchong/miniconda3/envs/py310/lib/python3.10/site-packages/airflow/example_dags/example_latest_only_with_trigger.py
[2026-02-12T11:39:45.486+0800] {logging_mixin.py:188} INFO - [2026-02-12T11:39:45.486+0800] {dag.py:3047} INFO - Sync 1 DAGs
[2026-02-12T11:39:45.598+0800] {logging_mixin.py:188} INFO - [2026-02-12T11:39:45.598+0800] {dag.py:3834} INFO - Setting next_dagrun for latest_only_with_trigger to 2026-02-11 20:00:00+00:00, run_after=2026-02-12 00:00:00+00:00
[2026-02-12T11:39:45.619+0800] {processor.py:183} INFO - Processing /Users/linghuchong/miniconda3/envs/py310/lib/python3.10/site-packages/airflow/example_dags/example_latest_only_with_trigger.py took 0.170 seconds
[2026-02-12T11:44:36.999+0800] {processor.py:161} INFO - Started process (PID=4575) to work on /Users/linghuchong/miniconda3/envs/py310/lib/python3.10/site-packages/airflow/example_dags/example_latest_only_with_trigger.py
[2026-02-12T11:44:37.000+0800] {processor.py:830} INFO - Processing file /Users/linghuchong/miniconda3/envs/py310/lib/python3.10/site-packages/airflow/example_dags/example_latest_only_with_trigger.py for tasks to queue
[2026-02-12T11:44:37.001+0800] {logging_mixin.py:188} INFO - [2026-02-12T11:44:37.000+0800] {dagbag.py:540} INFO - Filling up the DagBag from /Users/linghuchong/miniconda3/envs/py310/lib/python3.10/site-packages/airflow/example_dags/example_latest_only_with_trigger.py
[2026-02-12T11:44:37.011+0800] {processor.py:840} INFO - DAG(s) 'latest_only_with_trigger' retrieved from /Users/linghuchong/miniconda3/envs/py310/lib/python3.10/site-packages/airflow/example_dags/example_latest_only_with_trigger.py
[2026-02-12T11:44:37.227+0800] {logging_mixin.py:188} INFO - [2026-02-12T11:44:37.226+0800] {dag.py:3047} INFO - Sync 1 DAGs
[2026-02-12T11:44:37.246+0800] {logging_mixin.py:188} INFO - [2026-02-12T11:44:37.245+0800] {dag.py:3834} INFO - Setting next_dagrun for latest_only_with_trigger to 2026-02-11 20:00:00+00:00, run_after=2026-02-12 00:00:00+00:00
[2026-02-12T11:44:37.264+0800] {processor.py:183} INFO - Processing /Users/linghuchong/miniconda3/envs/py310/lib/python3.10/site-packages/airflow/example_dags/example_latest_only_with_trigger.py took 0.266 seconds
[2026-02-12T11:47:25.427+0800] {processor.py:161} INFO - Started process (PID=4684) to work on /Users/linghuchong/miniconda3/envs/py310/lib/python3.10/site-packages/airflow/example_dags/example_latest_only_with_trigger.py
[2026-02-12T11:47:25.428+0800] {processor.py:830} INFO - Processing file /Users/linghuchong/miniconda3/envs/py310/lib/python3.10/site-packages/airflow/example_dags/example_latest_only_with_trigger.py for tasks to queue
[2026-02-12T11:47:25.429+0800] {logging_mixin.py:188} INFO - [2026-02-12T11:47:25.429+0800] {dagbag.py:540} INFO - Filling up the DagBag from /Users/linghuchong/miniconda3/envs/py310/lib/python3.10/site-packages/airflow/example_dags/example_latest_only_with_trigger.py
[2026-02-12T11:47:25.437+0800] {processor.py:840} INFO - DAG(s) 'latest_only_with_trigger' retrieved from /Users/linghuchong/miniconda3/envs/py310/lib/python3.10/site-packages/airflow/example_dags/example_latest_only_with_trigger.py
[2026-02-12T11:47:25.554+0800] {logging_mixin.py:188} INFO - [2026-02-12T11:47:25.553+0800] {dag.py:3047} INFO - Sync 1 DAGs
[2026-02-12T11:47:25.571+0800] {logging_mixin.py:188} INFO - [2026-02-12T11:47:25.571+0800] {dag.py:3834} INFO - Setting next_dagrun for latest_only_with_trigger to 2026-02-11 20:00:00+00:00, run_after=2026-02-12 00:00:00+00:00
[2026-02-12T11:47:25.592+0800] {processor.py:183} INFO - Processing /Users/linghuchong/miniconda3/envs/py310/lib/python3.10/site-packages/airflow/example_dags/example_latest_only_with_trigger.py took 0.166 seconds
[2026-02-12T11:50:17.924+0800] {processor.py:161} INFO - Started process (PID=4745) to work on /Users/linghuchong/miniconda3/envs/py310/lib/python3.10/site-packages/airflow/example_dags/example_latest_only_with_trigger.py
[2026-02-12T11:50:17.925+0800] {processor.py:830} INFO - Processing file /Users/linghuchong/miniconda3/envs/py310/lib/python3.10/site-packages/airflow/example_dags/example_latest_only_with_trigger.py for tasks to queue
[2026-02-12T11:50:17.926+0800] {logging_mixin.py:188} INFO - [2026-02-12T11:50:17.926+0800] {dagbag.py:540} INFO - Filling up the DagBag from /Users/linghuchong/miniconda3/envs/py310/lib/python3.10/site-packages/airflow/example_dags/example_latest_only_with_trigger.py
[2026-02-12T11:50:17.934+0800] {processor.py:840} INFO - DAG(s) 'latest_only_with_trigger' retrieved from /Users/linghuchong/miniconda3/envs/py310/lib/python3.10/site-packages/airflow/example_dags/example_latest_only_with_trigger.py
[2026-02-12T11:50:18.064+0800] {logging_mixin.py:188} INFO - [2026-02-12T11:50:18.064+0800] {dag.py:3047} INFO - Sync 1 DAGs
[2026-02-12T11:50:18.084+0800] {logging_mixin.py:188} INFO - [2026-02-12T11:50:18.083+0800] {dag.py:3834} INFO - Setting next_dagrun for latest_only_with_trigger to 2026-02-11 20:00:00+00:00, run_after=2026-02-12 00:00:00+00:00
[2026-02-12T11:50:18.105+0800] {processor.py:183} INFO - Processing /Users/linghuchong/miniconda3/envs/py310/lib/python3.10/site-packages/airflow/example_dags/example_latest_only_with_trigger.py took 0.181 seconds
[2026-02-12T11:52:59.854+0800] {processor.py:161} INFO - Started process (PID=4800) to work on /Users/linghuchong/miniconda3/envs/py310/lib/python3.10/site-packages/airflow/example_dags/example_latest_only_with_trigger.py
[2026-02-12T11:52:59.855+0800] {processor.py:830} INFO - Processing file /Users/linghuchong/miniconda3/envs/py310/lib/python3.10/site-packages/airflow/example_dags/example_latest_only_with_trigger.py for tasks to queue
[2026-02-12T11:52:59.856+0800] {logging_mixin.py:188} INFO - [2026-02-12T11:52:59.856+0800] {dagbag.py:540} INFO - Filling up the DagBag from /Users/linghuchong/miniconda3/envs/py310/lib/python3.10/site-packages/airflow/example_dags/example_latest_only_with_trigger.py
[2026-02-12T11:52:59.864+0800] {processor.py:840} INFO - DAG(s) 'latest_only_with_trigger' retrieved from /Users/linghuchong/miniconda3/envs/py310/lib/python3.10/site-packages/airflow/example_dags/example_latest_only_with_trigger.py
[2026-02-12T11:53:00.011+0800] {logging_mixin.py:188} INFO - [2026-02-12T11:53:00.010+0800] {dag.py:3047} INFO - Sync 1 DAGs
[2026-02-12T11:53:00.035+0800] {logging_mixin.py:188} INFO - [2026-02-12T11:53:00.034+0800] {dag.py:3834} INFO - Setting next_dagrun for latest_only_with_trigger to 2026-02-11 20:00:00+00:00, run_after=2026-02-12 00:00:00+00:00
[2026-02-12T11:53:00.055+0800] {processor.py:183} INFO - Processing /Users/linghuchong/miniconda3/envs/py310/lib/python3.10/site-packages/airflow/example_dags/example_latest_only_with_trigger.py took 0.202 seconds
