[2026-02-12T10:42:30.132+0800] {processor.py:161} INFO - Started process (PID=2116) to work on /Users/linghuchong/miniconda3/envs/py310/lib/python3.10/site-packages/airflow/example_dags/example_skip_dag.py
[2026-02-12T10:42:30.133+0800] {processor.py:830} INFO - Processing file /Users/linghuchong/miniconda3/envs/py310/lib/python3.10/site-packages/airflow/example_dags/example_skip_dag.py for tasks to queue
[2026-02-12T10:42:30.134+0800] {logging_mixin.py:188} INFO - [2026-02-12T10:42:30.134+0800] {dagbag.py:540} INFO - Filling up the DagBag from /Users/linghuchong/miniconda3/envs/py310/lib/python3.10/site-packages/airflow/example_dags/example_skip_dag.py
[2026-02-12T10:42:30.141+0800] {processor.py:840} INFO - DAG(s) 'example_skip_dag' retrieved from /Users/linghuchong/miniconda3/envs/py310/lib/python3.10/site-packages/airflow/example_dags/example_skip_dag.py
[2026-02-12T10:42:30.252+0800] {logging_mixin.py:188} INFO - [2026-02-12T10:42:30.252+0800] {dag.py:3047} INFO - Sync 1 DAGs
[2026-02-12T10:42:30.268+0800] {logging_mixin.py:188} INFO - [2026-02-12T10:42:30.268+0800] {dag.py:3834} INFO - Setting next_dagrun for example_skip_dag to 2026-02-11 00:00:00+00:00, run_after=2026-02-12 00:00:00+00:00
[2026-02-12T10:42:30.286+0800] {processor.py:183} INFO - Processing /Users/linghuchong/miniconda3/envs/py310/lib/python3.10/site-packages/airflow/example_dags/example_skip_dag.py took 0.155 seconds
[2026-02-12T10:46:09.459+0800] {processor.py:161} INFO - Started process (PID=2259) to work on /Users/linghuchong/miniconda3/envs/py310/lib/python3.10/site-packages/airflow/example_dags/example_skip_dag.py
[2026-02-12T10:46:09.462+0800] {processor.py:830} INFO - Processing file /Users/linghuchong/miniconda3/envs/py310/lib/python3.10/site-packages/airflow/example_dags/example_skip_dag.py for tasks to queue
[2026-02-12T10:46:09.462+0800] {logging_mixin.py:188} INFO - [2026-02-12T10:46:09.462+0800] {dagbag.py:540} INFO - Filling up the DagBag from /Users/linghuchong/miniconda3/envs/py310/lib/python3.10/site-packages/airflow/example_dags/example_skip_dag.py
[2026-02-12T10:46:09.470+0800] {processor.py:840} INFO - DAG(s) 'example_skip_dag' retrieved from /Users/linghuchong/miniconda3/envs/py310/lib/python3.10/site-packages/airflow/example_dags/example_skip_dag.py
[2026-02-12T10:46:09.593+0800] {logging_mixin.py:188} INFO - [2026-02-12T10:46:09.593+0800] {dag.py:3047} INFO - Sync 1 DAGs
[2026-02-12T10:46:09.610+0800] {logging_mixin.py:188} INFO - [2026-02-12T10:46:09.610+0800] {dag.py:3834} INFO - Setting next_dagrun for example_skip_dag to 2026-02-11 00:00:00+00:00, run_after=2026-02-12 00:00:00+00:00
[2026-02-12T10:46:09.629+0800] {processor.py:183} INFO - Processing /Users/linghuchong/miniconda3/envs/py310/lib/python3.10/site-packages/airflow/example_dags/example_skip_dag.py took 0.170 seconds
[2026-02-12T10:49:30.904+0800] {processor.py:161} INFO - Started process (PID=2367) to work on /Users/linghuchong/miniconda3/envs/py310/lib/python3.10/site-packages/airflow/example_dags/example_skip_dag.py
[2026-02-12T10:49:30.905+0800] {processor.py:830} INFO - Processing file /Users/linghuchong/miniconda3/envs/py310/lib/python3.10/site-packages/airflow/example_dags/example_skip_dag.py for tasks to queue
[2026-02-12T10:49:30.906+0800] {logging_mixin.py:188} INFO - [2026-02-12T10:49:30.906+0800] {dagbag.py:540} INFO - Filling up the DagBag from /Users/linghuchong/miniconda3/envs/py310/lib/python3.10/site-packages/airflow/example_dags/example_skip_dag.py
[2026-02-12T10:49:30.913+0800] {processor.py:840} INFO - DAG(s) 'example_skip_dag' retrieved from /Users/linghuchong/miniconda3/envs/py310/lib/python3.10/site-packages/airflow/example_dags/example_skip_dag.py
[2026-02-12T10:49:31.029+0800] {logging_mixin.py:188} INFO - [2026-02-12T10:49:31.028+0800] {dag.py:3047} INFO - Sync 1 DAGs
[2026-02-12T10:49:31.048+0800] {logging_mixin.py:188} INFO - [2026-02-12T10:49:31.048+0800] {dag.py:3834} INFO - Setting next_dagrun for example_skip_dag to 2026-02-11 00:00:00+00:00, run_after=2026-02-12 00:00:00+00:00
[2026-02-12T10:49:31.068+0800] {processor.py:183} INFO - Processing /Users/linghuchong/miniconda3/envs/py310/lib/python3.10/site-packages/airflow/example_dags/example_skip_dag.py took 0.165 seconds
[2026-02-12T10:52:17.023+0800] {processor.py:161} INFO - Started process (PID=2439) to work on /Users/linghuchong/miniconda3/envs/py310/lib/python3.10/site-packages/airflow/example_dags/example_skip_dag.py
[2026-02-12T10:52:17.024+0800] {processor.py:830} INFO - Processing file /Users/linghuchong/miniconda3/envs/py310/lib/python3.10/site-packages/airflow/example_dags/example_skip_dag.py for tasks to queue
[2026-02-12T10:52:17.024+0800] {logging_mixin.py:188} INFO - [2026-02-12T10:52:17.024+0800] {dagbag.py:540} INFO - Filling up the DagBag from /Users/linghuchong/miniconda3/envs/py310/lib/python3.10/site-packages/airflow/example_dags/example_skip_dag.py
[2026-02-12T10:52:17.032+0800] {processor.py:840} INFO - DAG(s) 'example_skip_dag' retrieved from /Users/linghuchong/miniconda3/envs/py310/lib/python3.10/site-packages/airflow/example_dags/example_skip_dag.py
[2026-02-12T10:52:17.139+0800] {logging_mixin.py:188} INFO - [2026-02-12T10:52:17.139+0800] {dag.py:3047} INFO - Sync 1 DAGs
[2026-02-12T10:52:17.156+0800] {logging_mixin.py:188} INFO - [2026-02-12T10:52:17.156+0800] {dag.py:3834} INFO - Setting next_dagrun for example_skip_dag to 2026-02-11 00:00:00+00:00, run_after=2026-02-12 00:00:00+00:00
[2026-02-12T10:52:17.176+0800] {processor.py:183} INFO - Processing /Users/linghuchong/miniconda3/envs/py310/lib/python3.10/site-packages/airflow/example_dags/example_skip_dag.py took 0.154 seconds
[2026-02-12T10:54:56.253+0800] {processor.py:161} INFO - Started process (PID=2505) to work on /Users/linghuchong/miniconda3/envs/py310/lib/python3.10/site-packages/airflow/example_dags/example_skip_dag.py
[2026-02-12T10:54:56.254+0800] {processor.py:830} INFO - Processing file /Users/linghuchong/miniconda3/envs/py310/lib/python3.10/site-packages/airflow/example_dags/example_skip_dag.py for tasks to queue
[2026-02-12T10:54:56.254+0800] {logging_mixin.py:188} INFO - [2026-02-12T10:54:56.254+0800] {dagbag.py:540} INFO - Filling up the DagBag from /Users/linghuchong/miniconda3/envs/py310/lib/python3.10/site-packages/airflow/example_dags/example_skip_dag.py
[2026-02-12T10:54:56.262+0800] {processor.py:840} INFO - DAG(s) 'example_skip_dag' retrieved from /Users/linghuchong/miniconda3/envs/py310/lib/python3.10/site-packages/airflow/example_dags/example_skip_dag.py
[2026-02-12T10:54:56.378+0800] {logging_mixin.py:188} INFO - [2026-02-12T10:54:56.377+0800] {dag.py:3047} INFO - Sync 1 DAGs
[2026-02-12T10:54:56.395+0800] {logging_mixin.py:188} INFO - [2026-02-12T10:54:56.395+0800] {dag.py:3834} INFO - Setting next_dagrun for example_skip_dag to 2026-02-11 00:00:00+00:00, run_after=2026-02-12 00:00:00+00:00
[2026-02-12T10:54:56.415+0800] {processor.py:183} INFO - Processing /Users/linghuchong/miniconda3/envs/py310/lib/python3.10/site-packages/airflow/example_dags/example_skip_dag.py took 0.163 seconds
[2026-02-12T11:05:23.155+0800] {processor.py:161} INFO - Started process (PID=2655) to work on /Users/linghuchong/miniconda3/envs/py310/lib/python3.10/site-packages/airflow/example_dags/example_skip_dag.py
[2026-02-12T11:05:23.156+0800] {processor.py:830} INFO - Processing file /Users/linghuchong/miniconda3/envs/py310/lib/python3.10/site-packages/airflow/example_dags/example_skip_dag.py for tasks to queue
[2026-02-12T11:05:23.157+0800] {logging_mixin.py:188} INFO - [2026-02-12T11:05:23.157+0800] {dagbag.py:540} INFO - Filling up the DagBag from /Users/linghuchong/miniconda3/envs/py310/lib/python3.10/site-packages/airflow/example_dags/example_skip_dag.py
[2026-02-12T11:05:23.166+0800] {processor.py:840} INFO - DAG(s) 'example_skip_dag' retrieved from /Users/linghuchong/miniconda3/envs/py310/lib/python3.10/site-packages/airflow/example_dags/example_skip_dag.py
[2026-02-12T11:05:23.299+0800] {logging_mixin.py:188} INFO - [2026-02-12T11:05:23.299+0800] {dag.py:3047} INFO - Sync 1 DAGs
[2026-02-12T11:05:23.318+0800] {logging_mixin.py:188} INFO - [2026-02-12T11:05:23.318+0800] {dag.py:3834} INFO - Setting next_dagrun for example_skip_dag to 2026-02-11 00:00:00+00:00, run_after=2026-02-12 00:00:00+00:00
[2026-02-12T11:05:23.335+0800] {processor.py:183} INFO - Processing /Users/linghuchong/miniconda3/envs/py310/lib/python3.10/site-packages/airflow/example_dags/example_skip_dag.py took 0.181 seconds
[2026-02-12T11:08:21.983+0800] {processor.py:161} INFO - Started process (PID=2807) to work on /Users/linghuchong/miniconda3/envs/py310/lib/python3.10/site-packages/airflow/example_dags/example_skip_dag.py
[2026-02-12T11:08:21.984+0800] {processor.py:830} INFO - Processing file /Users/linghuchong/miniconda3/envs/py310/lib/python3.10/site-packages/airflow/example_dags/example_skip_dag.py for tasks to queue
[2026-02-12T11:08:21.985+0800] {logging_mixin.py:188} INFO - [2026-02-12T11:08:21.984+0800] {dagbag.py:540} INFO - Filling up the DagBag from /Users/linghuchong/miniconda3/envs/py310/lib/python3.10/site-packages/airflow/example_dags/example_skip_dag.py
[2026-02-12T11:08:21.993+0800] {processor.py:840} INFO - DAG(s) 'example_skip_dag' retrieved from /Users/linghuchong/miniconda3/envs/py310/lib/python3.10/site-packages/airflow/example_dags/example_skip_dag.py
[2026-02-12T11:08:22.147+0800] {logging_mixin.py:188} INFO - [2026-02-12T11:08:22.147+0800] {dag.py:3047} INFO - Sync 1 DAGs
[2026-02-12T11:08:22.176+0800] {logging_mixin.py:188} INFO - [2026-02-12T11:08:22.176+0800] {dag.py:3834} INFO - Setting next_dagrun for example_skip_dag to 2026-02-11 00:00:00+00:00, run_after=2026-02-12 00:00:00+00:00
[2026-02-12T11:08:22.194+0800] {processor.py:183} INFO - Processing /Users/linghuchong/miniconda3/envs/py310/lib/python3.10/site-packages/airflow/example_dags/example_skip_dag.py took 0.213 seconds
[2026-02-12T11:11:03.881+0800] {processor.py:161} INFO - Started process (PID=2922) to work on /Users/linghuchong/miniconda3/envs/py310/lib/python3.10/site-packages/airflow/example_dags/example_skip_dag.py
[2026-02-12T11:11:03.881+0800] {processor.py:830} INFO - Processing file /Users/linghuchong/miniconda3/envs/py310/lib/python3.10/site-packages/airflow/example_dags/example_skip_dag.py for tasks to queue
[2026-02-12T11:11:03.882+0800] {logging_mixin.py:188} INFO - [2026-02-12T11:11:03.882+0800] {dagbag.py:540} INFO - Filling up the DagBag from /Users/linghuchong/miniconda3/envs/py310/lib/python3.10/site-packages/airflow/example_dags/example_skip_dag.py
[2026-02-12T11:11:03.890+0800] {processor.py:840} INFO - DAG(s) 'example_skip_dag' retrieved from /Users/linghuchong/miniconda3/envs/py310/lib/python3.10/site-packages/airflow/example_dags/example_skip_dag.py
[2026-02-12T11:11:04.007+0800] {logging_mixin.py:188} INFO - [2026-02-12T11:11:04.006+0800] {dag.py:3047} INFO - Sync 1 DAGs
[2026-02-12T11:11:04.025+0800] {logging_mixin.py:188} INFO - [2026-02-12T11:11:04.025+0800] {dag.py:3834} INFO - Setting next_dagrun for example_skip_dag to 2026-02-11 00:00:00+00:00, run_after=2026-02-12 00:00:00+00:00
[2026-02-12T11:11:04.042+0800] {processor.py:183} INFO - Processing /Users/linghuchong/miniconda3/envs/py310/lib/python3.10/site-packages/airflow/example_dags/example_skip_dag.py took 0.162 seconds
[2026-02-12T11:13:41.997+0800] {processor.py:161} INFO - Started process (PID=2983) to work on /Users/linghuchong/miniconda3/envs/py310/lib/python3.10/site-packages/airflow/example_dags/example_skip_dag.py
[2026-02-12T11:13:41.998+0800] {processor.py:830} INFO - Processing file /Users/linghuchong/miniconda3/envs/py310/lib/python3.10/site-packages/airflow/example_dags/example_skip_dag.py for tasks to queue
[2026-02-12T11:13:41.999+0800] {logging_mixin.py:188} INFO - [2026-02-12T11:13:41.999+0800] {dagbag.py:540} INFO - Filling up the DagBag from /Users/linghuchong/miniconda3/envs/py310/lib/python3.10/site-packages/airflow/example_dags/example_skip_dag.py
[2026-02-12T11:13:42.014+0800] {processor.py:840} INFO - DAG(s) 'example_skip_dag' retrieved from /Users/linghuchong/miniconda3/envs/py310/lib/python3.10/site-packages/airflow/example_dags/example_skip_dag.py
[2026-02-12T11:13:42.136+0800] {logging_mixin.py:188} INFO - [2026-02-12T11:13:42.136+0800] {dag.py:3047} INFO - Sync 1 DAGs
[2026-02-12T11:13:42.154+0800] {logging_mixin.py:188} INFO - [2026-02-12T11:13:42.154+0800] {dag.py:3834} INFO - Setting next_dagrun for example_skip_dag to 2026-02-11 00:00:00+00:00, run_after=2026-02-12 00:00:00+00:00
[2026-02-12T11:13:42.172+0800] {processor.py:183} INFO - Processing /Users/linghuchong/miniconda3/envs/py310/lib/python3.10/site-packages/airflow/example_dags/example_skip_dag.py took 0.177 seconds
[2026-02-12T11:16:26.491+0800] {processor.py:161} INFO - Started process (PID=3254) to work on /Users/linghuchong/miniconda3/envs/py310/lib/python3.10/site-packages/airflow/example_dags/example_skip_dag.py
[2026-02-12T11:16:26.492+0800] {processor.py:830} INFO - Processing file /Users/linghuchong/miniconda3/envs/py310/lib/python3.10/site-packages/airflow/example_dags/example_skip_dag.py for tasks to queue
[2026-02-12T11:16:26.492+0800] {logging_mixin.py:188} INFO - [2026-02-12T11:16:26.492+0800] {dagbag.py:540} INFO - Filling up the DagBag from /Users/linghuchong/miniconda3/envs/py310/lib/python3.10/site-packages/airflow/example_dags/example_skip_dag.py
[2026-02-12T11:16:26.501+0800] {processor.py:840} INFO - DAG(s) 'example_skip_dag' retrieved from /Users/linghuchong/miniconda3/envs/py310/lib/python3.10/site-packages/airflow/example_dags/example_skip_dag.py
[2026-02-12T11:16:26.616+0800] {logging_mixin.py:188} INFO - [2026-02-12T11:16:26.615+0800] {dag.py:3047} INFO - Sync 1 DAGs
[2026-02-12T11:16:26.633+0800] {logging_mixin.py:188} INFO - [2026-02-12T11:16:26.633+0800] {dag.py:3834} INFO - Setting next_dagrun for example_skip_dag to 2026-02-11 00:00:00+00:00, run_after=2026-02-12 00:00:00+00:00
[2026-02-12T11:16:26.650+0800] {processor.py:183} INFO - Processing /Users/linghuchong/miniconda3/envs/py310/lib/python3.10/site-packages/airflow/example_dags/example_skip_dag.py took 0.160 seconds
[2026-02-12T11:19:19.168+0800] {processor.py:161} INFO - Started process (PID=3455) to work on /Users/linghuchong/miniconda3/envs/py310/lib/python3.10/site-packages/airflow/example_dags/example_skip_dag.py
[2026-02-12T11:19:19.169+0800] {processor.py:830} INFO - Processing file /Users/linghuchong/miniconda3/envs/py310/lib/python3.10/site-packages/airflow/example_dags/example_skip_dag.py for tasks to queue
[2026-02-12T11:19:19.170+0800] {logging_mixin.py:188} INFO - [2026-02-12T11:19:19.169+0800] {dagbag.py:540} INFO - Filling up the DagBag from /Users/linghuchong/miniconda3/envs/py310/lib/python3.10/site-packages/airflow/example_dags/example_skip_dag.py
[2026-02-12T11:19:19.178+0800] {processor.py:840} INFO - DAG(s) 'example_skip_dag' retrieved from /Users/linghuchong/miniconda3/envs/py310/lib/python3.10/site-packages/airflow/example_dags/example_skip_dag.py
[2026-02-12T11:19:19.396+0800] {logging_mixin.py:188} INFO - [2026-02-12T11:19:19.395+0800] {dag.py:3047} INFO - Sync 1 DAGs
[2026-02-12T11:19:19.415+0800] {logging_mixin.py:188} INFO - [2026-02-12T11:19:19.415+0800] {dag.py:3834} INFO - Setting next_dagrun for example_skip_dag to 2026-02-11 00:00:00+00:00, run_after=2026-02-12 00:00:00+00:00
[2026-02-12T11:19:19.437+0800] {processor.py:183} INFO - Processing /Users/linghuchong/miniconda3/envs/py310/lib/python3.10/site-packages/airflow/example_dags/example_skip_dag.py took 0.270 seconds
[2026-02-12T11:22:11.016+0800] {processor.py:161} INFO - Started process (PID=3523) to work on /Users/linghuchong/miniconda3/envs/py310/lib/python3.10/site-packages/airflow/example_dags/example_skip_dag.py
[2026-02-12T11:22:11.017+0800] {processor.py:830} INFO - Processing file /Users/linghuchong/miniconda3/envs/py310/lib/python3.10/site-packages/airflow/example_dags/example_skip_dag.py for tasks to queue
[2026-02-12T11:22:11.017+0800] {logging_mixin.py:188} INFO - [2026-02-12T11:22:11.017+0800] {dagbag.py:540} INFO - Filling up the DagBag from /Users/linghuchong/miniconda3/envs/py310/lib/python3.10/site-packages/airflow/example_dags/example_skip_dag.py
[2026-02-12T11:22:11.025+0800] {processor.py:840} INFO - DAG(s) 'example_skip_dag' retrieved from /Users/linghuchong/miniconda3/envs/py310/lib/python3.10/site-packages/airflow/example_dags/example_skip_dag.py
[2026-02-12T11:22:11.133+0800] {logging_mixin.py:188} INFO - [2026-02-12T11:22:11.133+0800] {dag.py:3047} INFO - Sync 1 DAGs
[2026-02-12T11:22:11.150+0800] {logging_mixin.py:188} INFO - [2026-02-12T11:22:11.150+0800] {dag.py:3834} INFO - Setting next_dagrun for example_skip_dag to 2026-02-11 00:00:00+00:00, run_after=2026-02-12 00:00:00+00:00
[2026-02-12T11:22:11.172+0800] {processor.py:183} INFO - Processing /Users/linghuchong/miniconda3/envs/py310/lib/python3.10/site-packages/airflow/example_dags/example_skip_dag.py took 0.157 seconds
[2026-02-12T11:24:51.826+0800] {processor.py:161} INFO - Started process (PID=3603) to work on /Users/linghuchong/miniconda3/envs/py310/lib/python3.10/site-packages/airflow/example_dags/example_skip_dag.py
[2026-02-12T11:24:51.827+0800] {processor.py:830} INFO - Processing file /Users/linghuchong/miniconda3/envs/py310/lib/python3.10/site-packages/airflow/example_dags/example_skip_dag.py for tasks to queue
[2026-02-12T11:24:51.828+0800] {logging_mixin.py:188} INFO - [2026-02-12T11:24:51.828+0800] {dagbag.py:540} INFO - Filling up the DagBag from /Users/linghuchong/miniconda3/envs/py310/lib/python3.10/site-packages/airflow/example_dags/example_skip_dag.py
[2026-02-12T11:24:51.836+0800] {processor.py:840} INFO - DAG(s) 'example_skip_dag' retrieved from /Users/linghuchong/miniconda3/envs/py310/lib/python3.10/site-packages/airflow/example_dags/example_skip_dag.py
[2026-02-12T11:24:51.950+0800] {logging_mixin.py:188} INFO - [2026-02-12T11:24:51.950+0800] {dag.py:3047} INFO - Sync 1 DAGs
[2026-02-12T11:24:51.968+0800] {logging_mixin.py:188} INFO - [2026-02-12T11:24:51.968+0800] {dag.py:3834} INFO - Setting next_dagrun for example_skip_dag to 2026-02-11 00:00:00+00:00, run_after=2026-02-12 00:00:00+00:00
[2026-02-12T11:24:51.987+0800] {processor.py:183} INFO - Processing /Users/linghuchong/miniconda3/envs/py310/lib/python3.10/site-packages/airflow/example_dags/example_skip_dag.py took 0.162 seconds
[2026-02-12T11:27:30.455+0800] {processor.py:161} INFO - Started process (PID=3766) to work on /Users/linghuchong/miniconda3/envs/py310/lib/python3.10/site-packages/airflow/example_dags/example_skip_dag.py
[2026-02-12T11:27:30.456+0800] {processor.py:830} INFO - Processing file /Users/linghuchong/miniconda3/envs/py310/lib/python3.10/site-packages/airflow/example_dags/example_skip_dag.py for tasks to queue
[2026-02-12T11:27:30.457+0800] {logging_mixin.py:188} INFO - [2026-02-12T11:27:30.457+0800] {dagbag.py:540} INFO - Filling up the DagBag from /Users/linghuchong/miniconda3/envs/py310/lib/python3.10/site-packages/airflow/example_dags/example_skip_dag.py
[2026-02-12T11:27:30.468+0800] {processor.py:840} INFO - DAG(s) 'example_skip_dag' retrieved from /Users/linghuchong/miniconda3/envs/py310/lib/python3.10/site-packages/airflow/example_dags/example_skip_dag.py
[2026-02-12T11:27:30.612+0800] {logging_mixin.py:188} INFO - [2026-02-12T11:27:30.612+0800] {dag.py:3047} INFO - Sync 1 DAGs
[2026-02-12T11:27:30.632+0800] {logging_mixin.py:188} INFO - [2026-02-12T11:27:30.632+0800] {dag.py:3834} INFO - Setting next_dagrun for example_skip_dag to 2026-02-11 00:00:00+00:00, run_after=2026-02-12 00:00:00+00:00
[2026-02-12T11:27:30.651+0800] {processor.py:183} INFO - Processing /Users/linghuchong/miniconda3/envs/py310/lib/python3.10/site-packages/airflow/example_dags/example_skip_dag.py took 0.197 seconds
[2026-02-12T11:30:08.021+0800] {processor.py:161} INFO - Started process (PID=3828) to work on /Users/linghuchong/miniconda3/envs/py310/lib/python3.10/site-packages/airflow/example_dags/example_skip_dag.py
[2026-02-12T11:30:08.022+0800] {processor.py:830} INFO - Processing file /Users/linghuchong/miniconda3/envs/py310/lib/python3.10/site-packages/airflow/example_dags/example_skip_dag.py for tasks to queue
[2026-02-12T11:30:08.023+0800] {logging_mixin.py:188} INFO - [2026-02-12T11:30:08.023+0800] {dagbag.py:540} INFO - Filling up the DagBag from /Users/linghuchong/miniconda3/envs/py310/lib/python3.10/site-packages/airflow/example_dags/example_skip_dag.py
[2026-02-12T11:30:08.037+0800] {processor.py:840} INFO - DAG(s) 'example_skip_dag' retrieved from /Users/linghuchong/miniconda3/envs/py310/lib/python3.10/site-packages/airflow/example_dags/example_skip_dag.py
[2026-02-12T11:30:08.178+0800] {logging_mixin.py:188} INFO - [2026-02-12T11:30:08.178+0800] {dag.py:3047} INFO - Sync 1 DAGs
[2026-02-12T11:30:08.197+0800] {logging_mixin.py:188} INFO - [2026-02-12T11:30:08.197+0800] {dag.py:3834} INFO - Setting next_dagrun for example_skip_dag to 2026-02-11 00:00:00+00:00, run_after=2026-02-12 00:00:00+00:00
[2026-02-12T11:30:08.217+0800] {processor.py:183} INFO - Processing /Users/linghuchong/miniconda3/envs/py310/lib/python3.10/site-packages/airflow/example_dags/example_skip_dag.py took 0.197 seconds
[2026-02-12T11:33:00.776+0800] {processor.py:161} INFO - Started process (PID=3917) to work on /Users/linghuchong/miniconda3/envs/py310/lib/python3.10/site-packages/airflow/example_dags/example_skip_dag.py
[2026-02-12T11:33:00.777+0800] {processor.py:830} INFO - Processing file /Users/linghuchong/miniconda3/envs/py310/lib/python3.10/site-packages/airflow/example_dags/example_skip_dag.py for tasks to queue
[2026-02-12T11:33:00.778+0800] {logging_mixin.py:188} INFO - [2026-02-12T11:33:00.778+0800] {dagbag.py:540} INFO - Filling up the DagBag from /Users/linghuchong/miniconda3/envs/py310/lib/python3.10/site-packages/airflow/example_dags/example_skip_dag.py
[2026-02-12T11:33:00.785+0800] {processor.py:840} INFO - DAG(s) 'example_skip_dag' retrieved from /Users/linghuchong/miniconda3/envs/py310/lib/python3.10/site-packages/airflow/example_dags/example_skip_dag.py
[2026-02-12T11:33:00.905+0800] {logging_mixin.py:188} INFO - [2026-02-12T11:33:00.905+0800] {dag.py:3047} INFO - Sync 1 DAGs
[2026-02-12T11:33:00.923+0800] {logging_mixin.py:188} INFO - [2026-02-12T11:33:00.923+0800] {dag.py:3834} INFO - Setting next_dagrun for example_skip_dag to 2026-02-11 00:00:00+00:00, run_after=2026-02-12 00:00:00+00:00
[2026-02-12T11:33:00.943+0800] {processor.py:183} INFO - Processing /Users/linghuchong/miniconda3/envs/py310/lib/python3.10/site-packages/airflow/example_dags/example_skip_dag.py took 0.167 seconds
[2026-02-12T11:35:56.681+0800] {processor.py:161} INFO - Started process (PID=4079) to work on /Users/linghuchong/miniconda3/envs/py310/lib/python3.10/site-packages/airflow/example_dags/example_skip_dag.py
[2026-02-12T11:35:56.683+0800] {processor.py:830} INFO - Processing file /Users/linghuchong/miniconda3/envs/py310/lib/python3.10/site-packages/airflow/example_dags/example_skip_dag.py for tasks to queue
[2026-02-12T11:35:56.685+0800] {logging_mixin.py:188} INFO - [2026-02-12T11:35:56.684+0800] {dagbag.py:540} INFO - Filling up the DagBag from /Users/linghuchong/miniconda3/envs/py310/lib/python3.10/site-packages/airflow/example_dags/example_skip_dag.py
[2026-02-12T11:35:56.692+0800] {processor.py:840} INFO - DAG(s) 'example_skip_dag' retrieved from /Users/linghuchong/miniconda3/envs/py310/lib/python3.10/site-packages/airflow/example_dags/example_skip_dag.py
[2026-02-12T11:35:56.803+0800] {logging_mixin.py:188} INFO - [2026-02-12T11:35:56.802+0800] {dag.py:3047} INFO - Sync 1 DAGs
[2026-02-12T11:35:56.819+0800] {logging_mixin.py:188} INFO - [2026-02-12T11:35:56.819+0800] {dag.py:3834} INFO - Setting next_dagrun for example_skip_dag to 2026-02-11 00:00:00+00:00, run_after=2026-02-12 00:00:00+00:00
[2026-02-12T11:35:56.836+0800] {processor.py:183} INFO - Processing /Users/linghuchong/miniconda3/envs/py310/lib/python3.10/site-packages/airflow/example_dags/example_skip_dag.py took 0.156 seconds
[2026-02-12T11:38:54.354+0800] {processor.py:161} INFO - Started process (PID=4317) to work on /Users/linghuchong/miniconda3/envs/py310/lib/python3.10/site-packages/airflow/example_dags/example_skip_dag.py
[2026-02-12T11:38:54.357+0800] {processor.py:830} INFO - Processing file /Users/linghuchong/miniconda3/envs/py310/lib/python3.10/site-packages/airflow/example_dags/example_skip_dag.py for tasks to queue
[2026-02-12T11:38:54.358+0800] {logging_mixin.py:188} INFO - [2026-02-12T11:38:54.358+0800] {dagbag.py:540} INFO - Filling up the DagBag from /Users/linghuchong/miniconda3/envs/py310/lib/python3.10/site-packages/airflow/example_dags/example_skip_dag.py
[2026-02-12T11:38:54.366+0800] {processor.py:840} INFO - DAG(s) 'example_skip_dag' retrieved from /Users/linghuchong/miniconda3/envs/py310/lib/python3.10/site-packages/airflow/example_dags/example_skip_dag.py
[2026-02-12T11:38:54.479+0800] {logging_mixin.py:188} INFO - [2026-02-12T11:38:54.478+0800] {dag.py:3047} INFO - Sync 1 DAGs
[2026-02-12T11:38:54.497+0800] {logging_mixin.py:188} INFO - [2026-02-12T11:38:54.497+0800] {dag.py:3834} INFO - Setting next_dagrun for example_skip_dag to 2026-02-11 00:00:00+00:00, run_after=2026-02-12 00:00:00+00:00
[2026-02-12T11:38:54.516+0800] {processor.py:183} INFO - Processing /Users/linghuchong/miniconda3/envs/py310/lib/python3.10/site-packages/airflow/example_dags/example_skip_dag.py took 0.163 seconds
[2026-02-12T11:43:43.179+0800] {processor.py:161} INFO - Started process (PID=4552) to work on /Users/linghuchong/miniconda3/envs/py310/lib/python3.10/site-packages/airflow/example_dags/example_skip_dag.py
[2026-02-12T11:43:43.182+0800] {processor.py:830} INFO - Processing file /Users/linghuchong/miniconda3/envs/py310/lib/python3.10/site-packages/airflow/example_dags/example_skip_dag.py for tasks to queue
[2026-02-12T11:43:43.183+0800] {logging_mixin.py:188} INFO - [2026-02-12T11:43:43.183+0800] {dagbag.py:540} INFO - Filling up the DagBag from /Users/linghuchong/miniconda3/envs/py310/lib/python3.10/site-packages/airflow/example_dags/example_skip_dag.py
[2026-02-12T11:43:43.193+0800] {processor.py:840} INFO - DAG(s) 'example_skip_dag' retrieved from /Users/linghuchong/miniconda3/envs/py310/lib/python3.10/site-packages/airflow/example_dags/example_skip_dag.py
[2026-02-12T11:43:43.474+0800] {logging_mixin.py:188} INFO - [2026-02-12T11:43:43.474+0800] {dag.py:3047} INFO - Sync 1 DAGs
[2026-02-12T11:43:43.497+0800] {logging_mixin.py:188} INFO - [2026-02-12T11:43:43.496+0800] {dag.py:3834} INFO - Setting next_dagrun for example_skip_dag to 2026-02-11 00:00:00+00:00, run_after=2026-02-12 00:00:00+00:00
[2026-02-12T11:43:43.519+0800] {processor.py:183} INFO - Processing /Users/linghuchong/miniconda3/envs/py310/lib/python3.10/site-packages/airflow/example_dags/example_skip_dag.py took 0.341 seconds
[2026-02-12T11:46:34.637+0800] {processor.py:161} INFO - Started process (PID=4663) to work on /Users/linghuchong/miniconda3/envs/py310/lib/python3.10/site-packages/airflow/example_dags/example_skip_dag.py
[2026-02-12T11:46:34.639+0800] {processor.py:830} INFO - Processing file /Users/linghuchong/miniconda3/envs/py310/lib/python3.10/site-packages/airflow/example_dags/example_skip_dag.py for tasks to queue
[2026-02-12T11:46:34.641+0800] {logging_mixin.py:188} INFO - [2026-02-12T11:46:34.640+0800] {dagbag.py:540} INFO - Filling up the DagBag from /Users/linghuchong/miniconda3/envs/py310/lib/python3.10/site-packages/airflow/example_dags/example_skip_dag.py
[2026-02-12T11:46:34.648+0800] {processor.py:840} INFO - DAG(s) 'example_skip_dag' retrieved from /Users/linghuchong/miniconda3/envs/py310/lib/python3.10/site-packages/airflow/example_dags/example_skip_dag.py
[2026-02-12T11:46:34.761+0800] {logging_mixin.py:188} INFO - [2026-02-12T11:46:34.761+0800] {dag.py:3047} INFO - Sync 1 DAGs
[2026-02-12T11:46:34.779+0800] {logging_mixin.py:188} INFO - [2026-02-12T11:46:34.778+0800] {dag.py:3834} INFO - Setting next_dagrun for example_skip_dag to 2026-02-11 00:00:00+00:00, run_after=2026-02-12 00:00:00+00:00
[2026-02-12T11:46:34.797+0800] {processor.py:183} INFO - Processing /Users/linghuchong/miniconda3/envs/py310/lib/python3.10/site-packages/airflow/example_dags/example_skip_dag.py took 0.161 seconds
[2026-02-12T11:49:22.861+0800] {processor.py:161} INFO - Started process (PID=4725) to work on /Users/linghuchong/miniconda3/envs/py310/lib/python3.10/site-packages/airflow/example_dags/example_skip_dag.py
[2026-02-12T11:49:22.862+0800] {processor.py:830} INFO - Processing file /Users/linghuchong/miniconda3/envs/py310/lib/python3.10/site-packages/airflow/example_dags/example_skip_dag.py for tasks to queue
[2026-02-12T11:49:22.863+0800] {logging_mixin.py:188} INFO - [2026-02-12T11:49:22.863+0800] {dagbag.py:540} INFO - Filling up the DagBag from /Users/linghuchong/miniconda3/envs/py310/lib/python3.10/site-packages/airflow/example_dags/example_skip_dag.py
[2026-02-12T11:49:22.871+0800] {processor.py:840} INFO - DAG(s) 'example_skip_dag' retrieved from /Users/linghuchong/miniconda3/envs/py310/lib/python3.10/site-packages/airflow/example_dags/example_skip_dag.py
[2026-02-12T11:49:22.983+0800] {logging_mixin.py:188} INFO - [2026-02-12T11:49:22.983+0800] {dag.py:3047} INFO - Sync 1 DAGs
[2026-02-12T11:49:23.001+0800] {logging_mixin.py:188} INFO - [2026-02-12T11:49:23.000+0800] {dag.py:3834} INFO - Setting next_dagrun for example_skip_dag to 2026-02-11 00:00:00+00:00, run_after=2026-02-12 00:00:00+00:00
[2026-02-12T11:49:23.020+0800] {processor.py:183} INFO - Processing /Users/linghuchong/miniconda3/envs/py310/lib/python3.10/site-packages/airflow/example_dags/example_skip_dag.py took 0.160 seconds
[2026-02-12T11:52:09.866+0800] {processor.py:161} INFO - Started process (PID=4786) to work on /Users/linghuchong/miniconda3/envs/py310/lib/python3.10/site-packages/airflow/example_dags/example_skip_dag.py
[2026-02-12T11:52:09.867+0800] {processor.py:830} INFO - Processing file /Users/linghuchong/miniconda3/envs/py310/lib/python3.10/site-packages/airflow/example_dags/example_skip_dag.py for tasks to queue
[2026-02-12T11:52:09.868+0800] {logging_mixin.py:188} INFO - [2026-02-12T11:52:09.868+0800] {dagbag.py:540} INFO - Filling up the DagBag from /Users/linghuchong/miniconda3/envs/py310/lib/python3.10/site-packages/airflow/example_dags/example_skip_dag.py
[2026-02-12T11:52:09.875+0800] {processor.py:840} INFO - DAG(s) 'example_skip_dag' retrieved from /Users/linghuchong/miniconda3/envs/py310/lib/python3.10/site-packages/airflow/example_dags/example_skip_dag.py
[2026-02-12T11:52:09.986+0800] {logging_mixin.py:188} INFO - [2026-02-12T11:52:09.985+0800] {dag.py:3047} INFO - Sync 1 DAGs
[2026-02-12T11:52:10.004+0800] {logging_mixin.py:188} INFO - [2026-02-12T11:52:10.004+0800] {dag.py:3834} INFO - Setting next_dagrun for example_skip_dag to 2026-02-11 00:00:00+00:00, run_after=2026-02-12 00:00:00+00:00
[2026-02-12T11:52:10.024+0800] {processor.py:183} INFO - Processing /Users/linghuchong/miniconda3/envs/py310/lib/python3.10/site-packages/airflow/example_dags/example_skip_dag.py took 0.159 seconds
