[2026-02-12T10:42:06.624+0800] {processor.py:161} INFO - Started process (PID=2105) to work on /Users/linghuchong/miniconda3/envs/py310/lib/python3.10/site-packages/airflow/example_dags/example_trigger_controller_dag.py
[2026-02-12T10:42:06.625+0800] {processor.py:830} INFO - Processing file /Users/linghuchong/miniconda3/envs/py310/lib/python3.10/site-packages/airflow/example_dags/example_trigger_controller_dag.py for tasks to queue
[2026-02-12T10:42:06.626+0800] {logging_mixin.py:188} INFO - [2026-02-12T10:42:06.626+0800] {dagbag.py:540} INFO - Filling up the DagBag from /Users/linghuchong/miniconda3/envs/py310/lib/python3.10/site-packages/airflow/example_dags/example_trigger_controller_dag.py
[2026-02-12T10:42:06.639+0800] {processor.py:840} INFO - DAG(s) 'example_trigger_controller_dag' retrieved from /Users/linghuchong/miniconda3/envs/py310/lib/python3.10/site-packages/airflow/example_dags/example_trigger_controller_dag.py
[2026-02-12T10:42:06.750+0800] {logging_mixin.py:188} INFO - [2026-02-12T10:42:06.750+0800] {dag.py:3047} INFO - Sync 1 DAGs
[2026-02-12T10:42:06.770+0800] {logging_mixin.py:188} INFO - [2026-02-12T10:42:06.770+0800] {dag.py:3834} INFO - Setting next_dagrun for example_trigger_controller_dag to 2021-01-01 00:00:00+00:00, run_after=2021-01-01 00:00:00+00:00
[2026-02-12T10:42:06.789+0800] {processor.py:183} INFO - Processing /Users/linghuchong/miniconda3/envs/py310/lib/python3.10/site-packages/airflow/example_dags/example_trigger_controller_dag.py took 0.166 seconds
[2026-02-12T10:43:57.455+0800] {processor.py:161} INFO - Started process (PID=2167) to work on /Users/linghuchong/miniconda3/envs/py310/lib/python3.10/site-packages/airflow/example_dags/example_trigger_controller_dag.py
[2026-02-12T10:43:57.456+0800] {processor.py:830} INFO - Processing file /Users/linghuchong/miniconda3/envs/py310/lib/python3.10/site-packages/airflow/example_dags/example_trigger_controller_dag.py for tasks to queue
[2026-02-12T10:43:57.457+0800] {logging_mixin.py:188} INFO - [2026-02-12T10:43:57.457+0800] {dagbag.py:540} INFO - Filling up the DagBag from /Users/linghuchong/miniconda3/envs/py310/lib/python3.10/site-packages/airflow/example_dags/example_trigger_controller_dag.py
[2026-02-12T10:43:57.468+0800] {processor.py:840} INFO - DAG(s) 'example_trigger_controller_dag' retrieved from /Users/linghuchong/miniconda3/envs/py310/lib/python3.10/site-packages/airflow/example_dags/example_trigger_controller_dag.py
[2026-02-12T10:43:57.576+0800] {logging_mixin.py:188} INFO - [2026-02-12T10:43:57.576+0800] {dag.py:3047} INFO - Sync 1 DAGs
[2026-02-12T10:43:57.593+0800] {logging_mixin.py:188} INFO - [2026-02-12T10:43:57.593+0800] {dag.py:3834} INFO - Setting next_dagrun for example_trigger_controller_dag to 2021-01-01 00:00:00+00:00, run_after=2021-01-01 00:00:00+00:00
[2026-02-12T10:43:57.612+0800] {processor.py:183} INFO - Processing /Users/linghuchong/miniconda3/envs/py310/lib/python3.10/site-packages/airflow/example_dags/example_trigger_controller_dag.py took 0.158 seconds
[2026-02-12T10:45:46.581+0800] {processor.py:161} INFO - Started process (PID=2248) to work on /Users/linghuchong/miniconda3/envs/py310/lib/python3.10/site-packages/airflow/example_dags/example_trigger_controller_dag.py
[2026-02-12T10:45:46.584+0800] {processor.py:830} INFO - Processing file /Users/linghuchong/miniconda3/envs/py310/lib/python3.10/site-packages/airflow/example_dags/example_trigger_controller_dag.py for tasks to queue
[2026-02-12T10:45:46.585+0800] {logging_mixin.py:188} INFO - [2026-02-12T10:45:46.585+0800] {dagbag.py:540} INFO - Filling up the DagBag from /Users/linghuchong/miniconda3/envs/py310/lib/python3.10/site-packages/airflow/example_dags/example_trigger_controller_dag.py
[2026-02-12T10:45:46.595+0800] {processor.py:840} INFO - DAG(s) 'example_trigger_controller_dag' retrieved from /Users/linghuchong/miniconda3/envs/py310/lib/python3.10/site-packages/airflow/example_dags/example_trigger_controller_dag.py
[2026-02-12T10:45:46.705+0800] {logging_mixin.py:188} INFO - [2026-02-12T10:45:46.705+0800] {dag.py:3047} INFO - Sync 1 DAGs
[2026-02-12T10:45:46.722+0800] {logging_mixin.py:188} INFO - [2026-02-12T10:45:46.722+0800] {dag.py:3834} INFO - Setting next_dagrun for example_trigger_controller_dag to 2021-01-01 00:00:00+00:00, run_after=2021-01-01 00:00:00+00:00
[2026-02-12T10:45:46.741+0800] {processor.py:183} INFO - Processing /Users/linghuchong/miniconda3/envs/py310/lib/python3.10/site-packages/airflow/example_dags/example_trigger_controller_dag.py took 0.160 seconds
[2026-02-12T10:49:08.201+0800] {processor.py:161} INFO - Started process (PID=2352) to work on /Users/linghuchong/miniconda3/envs/py310/lib/python3.10/site-packages/airflow/example_dags/example_trigger_controller_dag.py
[2026-02-12T10:49:08.203+0800] {processor.py:830} INFO - Processing file /Users/linghuchong/miniconda3/envs/py310/lib/python3.10/site-packages/airflow/example_dags/example_trigger_controller_dag.py for tasks to queue
[2026-02-12T10:49:08.204+0800] {logging_mixin.py:188} INFO - [2026-02-12T10:49:08.204+0800] {dagbag.py:540} INFO - Filling up the DagBag from /Users/linghuchong/miniconda3/envs/py310/lib/python3.10/site-packages/airflow/example_dags/example_trigger_controller_dag.py
[2026-02-12T10:49:08.218+0800] {processor.py:840} INFO - DAG(s) 'example_trigger_controller_dag' retrieved from /Users/linghuchong/miniconda3/envs/py310/lib/python3.10/site-packages/airflow/example_dags/example_trigger_controller_dag.py
[2026-02-12T10:49:08.344+0800] {logging_mixin.py:188} INFO - [2026-02-12T10:49:08.344+0800] {dag.py:3047} INFO - Sync 1 DAGs
[2026-02-12T10:49:08.365+0800] {logging_mixin.py:188} INFO - [2026-02-12T10:49:08.365+0800] {dag.py:3834} INFO - Setting next_dagrun for example_trigger_controller_dag to 2021-01-01 00:00:00+00:00, run_after=2021-01-01 00:00:00+00:00
[2026-02-12T10:49:08.387+0800] {processor.py:183} INFO - Processing /Users/linghuchong/miniconda3/envs/py310/lib/python3.10/site-packages/airflow/example_dags/example_trigger_controller_dag.py took 0.187 seconds
[2026-02-12T10:51:55.013+0800] {processor.py:161} INFO - Started process (PID=2421) to work on /Users/linghuchong/miniconda3/envs/py310/lib/python3.10/site-packages/airflow/example_dags/example_trigger_controller_dag.py
[2026-02-12T10:51:55.014+0800] {processor.py:830} INFO - Processing file /Users/linghuchong/miniconda3/envs/py310/lib/python3.10/site-packages/airflow/example_dags/example_trigger_controller_dag.py for tasks to queue
[2026-02-12T10:51:55.015+0800] {logging_mixin.py:188} INFO - [2026-02-12T10:51:55.014+0800] {dagbag.py:540} INFO - Filling up the DagBag from /Users/linghuchong/miniconda3/envs/py310/lib/python3.10/site-packages/airflow/example_dags/example_trigger_controller_dag.py
[2026-02-12T10:51:55.025+0800] {processor.py:840} INFO - DAG(s) 'example_trigger_controller_dag' retrieved from /Users/linghuchong/miniconda3/envs/py310/lib/python3.10/site-packages/airflow/example_dags/example_trigger_controller_dag.py
[2026-02-12T10:51:55.136+0800] {logging_mixin.py:188} INFO - [2026-02-12T10:51:55.135+0800] {dag.py:3047} INFO - Sync 1 DAGs
[2026-02-12T10:51:55.154+0800] {logging_mixin.py:188} INFO - [2026-02-12T10:51:55.154+0800] {dag.py:3834} INFO - Setting next_dagrun for example_trigger_controller_dag to 2021-01-01 00:00:00+00:00, run_after=2021-01-01 00:00:00+00:00
[2026-02-12T10:51:55.175+0800] {processor.py:183} INFO - Processing /Users/linghuchong/miniconda3/envs/py310/lib/python3.10/site-packages/airflow/example_dags/example_trigger_controller_dag.py took 0.163 seconds
[2026-02-12T10:54:33.608+0800] {processor.py:161} INFO - Started process (PID=2494) to work on /Users/linghuchong/miniconda3/envs/py310/lib/python3.10/site-packages/airflow/example_dags/example_trigger_controller_dag.py
[2026-02-12T10:54:33.608+0800] {processor.py:830} INFO - Processing file /Users/linghuchong/miniconda3/envs/py310/lib/python3.10/site-packages/airflow/example_dags/example_trigger_controller_dag.py for tasks to queue
[2026-02-12T10:54:33.609+0800] {logging_mixin.py:188} INFO - [2026-02-12T10:54:33.609+0800] {dagbag.py:540} INFO - Filling up the DagBag from /Users/linghuchong/miniconda3/envs/py310/lib/python3.10/site-packages/airflow/example_dags/example_trigger_controller_dag.py
[2026-02-12T10:54:33.619+0800] {processor.py:840} INFO - DAG(s) 'example_trigger_controller_dag' retrieved from /Users/linghuchong/miniconda3/envs/py310/lib/python3.10/site-packages/airflow/example_dags/example_trigger_controller_dag.py
[2026-02-12T10:54:33.740+0800] {logging_mixin.py:188} INFO - [2026-02-12T10:54:33.739+0800] {dag.py:3047} INFO - Sync 1 DAGs
[2026-02-12T10:54:33.758+0800] {logging_mixin.py:188} INFO - [2026-02-12T10:54:33.758+0800] {dag.py:3834} INFO - Setting next_dagrun for example_trigger_controller_dag to 2021-01-01 00:00:00+00:00, run_after=2021-01-01 00:00:00+00:00
[2026-02-12T10:54:33.780+0800] {processor.py:183} INFO - Processing /Users/linghuchong/miniconda3/envs/py310/lib/python3.10/site-packages/airflow/example_dags/example_trigger_controller_dag.py took 0.174 seconds
[2026-02-12T11:04:59.431+0800] {processor.py:161} INFO - Started process (PID=2637) to work on /Users/linghuchong/miniconda3/envs/py310/lib/python3.10/site-packages/airflow/example_dags/example_trigger_controller_dag.py
[2026-02-12T11:04:59.431+0800] {processor.py:830} INFO - Processing file /Users/linghuchong/miniconda3/envs/py310/lib/python3.10/site-packages/airflow/example_dags/example_trigger_controller_dag.py for tasks to queue
[2026-02-12T11:04:59.432+0800] {logging_mixin.py:188} INFO - [2026-02-12T11:04:59.432+0800] {dagbag.py:540} INFO - Filling up the DagBag from /Users/linghuchong/miniconda3/envs/py310/lib/python3.10/site-packages/airflow/example_dags/example_trigger_controller_dag.py
[2026-02-12T11:04:59.443+0800] {processor.py:840} INFO - DAG(s) 'example_trigger_controller_dag' retrieved from /Users/linghuchong/miniconda3/envs/py310/lib/python3.10/site-packages/airflow/example_dags/example_trigger_controller_dag.py
[2026-02-12T11:04:59.557+0800] {logging_mixin.py:188} INFO - [2026-02-12T11:04:59.557+0800] {dag.py:3047} INFO - Sync 1 DAGs
[2026-02-12T11:04:59.577+0800] {logging_mixin.py:188} INFO - [2026-02-12T11:04:59.576+0800] {dag.py:3834} INFO - Setting next_dagrun for example_trigger_controller_dag to 2021-01-01 00:00:00+00:00, run_after=2021-01-01 00:00:00+00:00
[2026-02-12T11:04:59.595+0800] {processor.py:183} INFO - Processing /Users/linghuchong/miniconda3/envs/py310/lib/python3.10/site-packages/airflow/example_dags/example_trigger_controller_dag.py took 0.166 seconds
[2026-02-12T11:07:59.083+0800] {processor.py:161} INFO - Started process (PID=2781) to work on /Users/linghuchong/miniconda3/envs/py310/lib/python3.10/site-packages/airflow/example_dags/example_trigger_controller_dag.py
[2026-02-12T11:07:59.084+0800] {processor.py:830} INFO - Processing file /Users/linghuchong/miniconda3/envs/py310/lib/python3.10/site-packages/airflow/example_dags/example_trigger_controller_dag.py for tasks to queue
[2026-02-12T11:07:59.085+0800] {logging_mixin.py:188} INFO - [2026-02-12T11:07:59.084+0800] {dagbag.py:540} INFO - Filling up the DagBag from /Users/linghuchong/miniconda3/envs/py310/lib/python3.10/site-packages/airflow/example_dags/example_trigger_controller_dag.py
[2026-02-12T11:07:59.095+0800] {processor.py:840} INFO - DAG(s) 'example_trigger_controller_dag' retrieved from /Users/linghuchong/miniconda3/envs/py310/lib/python3.10/site-packages/airflow/example_dags/example_trigger_controller_dag.py
[2026-02-12T11:07:59.204+0800] {logging_mixin.py:188} INFO - [2026-02-12T11:07:59.204+0800] {dag.py:3047} INFO - Sync 1 DAGs
[2026-02-12T11:07:59.223+0800] {logging_mixin.py:188} INFO - [2026-02-12T11:07:59.223+0800] {dag.py:3834} INFO - Setting next_dagrun for example_trigger_controller_dag to 2021-01-01 00:00:00+00:00, run_after=2021-01-01 00:00:00+00:00
[2026-02-12T11:07:59.242+0800] {processor.py:183} INFO - Processing /Users/linghuchong/miniconda3/envs/py310/lib/python3.10/site-packages/airflow/example_dags/example_trigger_controller_dag.py took 0.160 seconds
[2026-02-12T11:10:43.447+0800] {processor.py:161} INFO - Started process (PID=2907) to work on /Users/linghuchong/miniconda3/envs/py310/lib/python3.10/site-packages/airflow/example_dags/example_trigger_controller_dag.py
[2026-02-12T11:10:43.448+0800] {processor.py:830} INFO - Processing file /Users/linghuchong/miniconda3/envs/py310/lib/python3.10/site-packages/airflow/example_dags/example_trigger_controller_dag.py for tasks to queue
[2026-02-12T11:10:43.449+0800] {logging_mixin.py:188} INFO - [2026-02-12T11:10:43.449+0800] {dagbag.py:540} INFO - Filling up the DagBag from /Users/linghuchong/miniconda3/envs/py310/lib/python3.10/site-packages/airflow/example_dags/example_trigger_controller_dag.py
[2026-02-12T11:10:43.461+0800] {processor.py:840} INFO - DAG(s) 'example_trigger_controller_dag' retrieved from /Users/linghuchong/miniconda3/envs/py310/lib/python3.10/site-packages/airflow/example_dags/example_trigger_controller_dag.py
[2026-02-12T11:10:43.590+0800] {logging_mixin.py:188} INFO - [2026-02-12T11:10:43.590+0800] {dag.py:3047} INFO - Sync 1 DAGs
[2026-02-12T11:10:43.615+0800] {logging_mixin.py:188} INFO - [2026-02-12T11:10:43.615+0800] {dag.py:3834} INFO - Setting next_dagrun for example_trigger_controller_dag to 2021-01-01 00:00:00+00:00, run_after=2021-01-01 00:00:00+00:00
[2026-02-12T11:10:43.639+0800] {processor.py:183} INFO - Processing /Users/linghuchong/miniconda3/envs/py310/lib/python3.10/site-packages/airflow/example_dags/example_trigger_controller_dag.py took 0.193 seconds
[2026-02-12T11:13:21.175+0800] {processor.py:161} INFO - Started process (PID=2977) to work on /Users/linghuchong/miniconda3/envs/py310/lib/python3.10/site-packages/airflow/example_dags/example_trigger_controller_dag.py
[2026-02-12T11:13:21.176+0800] {processor.py:830} INFO - Processing file /Users/linghuchong/miniconda3/envs/py310/lib/python3.10/site-packages/airflow/example_dags/example_trigger_controller_dag.py for tasks to queue
[2026-02-12T11:13:21.177+0800] {logging_mixin.py:188} INFO - [2026-02-12T11:13:21.176+0800] {dagbag.py:540} INFO - Filling up the DagBag from /Users/linghuchong/miniconda3/envs/py310/lib/python3.10/site-packages/airflow/example_dags/example_trigger_controller_dag.py
[2026-02-12T11:13:21.187+0800] {processor.py:840} INFO - DAG(s) 'example_trigger_controller_dag' retrieved from /Users/linghuchong/miniconda3/envs/py310/lib/python3.10/site-packages/airflow/example_dags/example_trigger_controller_dag.py
[2026-02-12T11:13:21.292+0800] {logging_mixin.py:188} INFO - [2026-02-12T11:13:21.291+0800] {dag.py:3047} INFO - Sync 1 DAGs
[2026-02-12T11:13:21.308+0800] {logging_mixin.py:188} INFO - [2026-02-12T11:13:21.308+0800] {dag.py:3834} INFO - Setting next_dagrun for example_trigger_controller_dag to 2021-01-01 00:00:00+00:00, run_after=2021-01-01 00:00:00+00:00
[2026-02-12T11:13:21.326+0800] {processor.py:183} INFO - Processing /Users/linghuchong/miniconda3/envs/py310/lib/python3.10/site-packages/airflow/example_dags/example_trigger_controller_dag.py took 0.152 seconds
[2026-02-12T11:16:03.939+0800] {processor.py:161} INFO - Started process (PID=3243) to work on /Users/linghuchong/miniconda3/envs/py310/lib/python3.10/site-packages/airflow/example_dags/example_trigger_controller_dag.py
[2026-02-12T11:16:03.940+0800] {processor.py:830} INFO - Processing file /Users/linghuchong/miniconda3/envs/py310/lib/python3.10/site-packages/airflow/example_dags/example_trigger_controller_dag.py for tasks to queue
[2026-02-12T11:16:03.940+0800] {logging_mixin.py:188} INFO - [2026-02-12T11:16:03.940+0800] {dagbag.py:540} INFO - Filling up the DagBag from /Users/linghuchong/miniconda3/envs/py310/lib/python3.10/site-packages/airflow/example_dags/example_trigger_controller_dag.py
[2026-02-12T11:16:03.950+0800] {processor.py:840} INFO - DAG(s) 'example_trigger_controller_dag' retrieved from /Users/linghuchong/miniconda3/envs/py310/lib/python3.10/site-packages/airflow/example_dags/example_trigger_controller_dag.py
[2026-02-12T11:16:04.060+0800] {logging_mixin.py:188} INFO - [2026-02-12T11:16:04.059+0800] {dag.py:3047} INFO - Sync 1 DAGs
[2026-02-12T11:16:04.077+0800] {logging_mixin.py:188} INFO - [2026-02-12T11:16:04.076+0800] {dag.py:3834} INFO - Setting next_dagrun for example_trigger_controller_dag to 2021-01-01 00:00:00+00:00, run_after=2021-01-01 00:00:00+00:00
[2026-02-12T11:16:04.093+0800] {processor.py:183} INFO - Processing /Users/linghuchong/miniconda3/envs/py310/lib/python3.10/site-packages/airflow/example_dags/example_trigger_controller_dag.py took 0.155 seconds
[2026-02-12T11:18:55.796+0800] {processor.py:161} INFO - Started process (PID=3444) to work on /Users/linghuchong/miniconda3/envs/py310/lib/python3.10/site-packages/airflow/example_dags/example_trigger_controller_dag.py
[2026-02-12T11:18:55.798+0800] {processor.py:830} INFO - Processing file /Users/linghuchong/miniconda3/envs/py310/lib/python3.10/site-packages/airflow/example_dags/example_trigger_controller_dag.py for tasks to queue
[2026-02-12T11:18:55.798+0800] {logging_mixin.py:188} INFO - [2026-02-12T11:18:55.798+0800] {dagbag.py:540} INFO - Filling up the DagBag from /Users/linghuchong/miniconda3/envs/py310/lib/python3.10/site-packages/airflow/example_dags/example_trigger_controller_dag.py
[2026-02-12T11:18:55.810+0800] {processor.py:840} INFO - DAG(s) 'example_trigger_controller_dag' retrieved from /Users/linghuchong/miniconda3/envs/py310/lib/python3.10/site-packages/airflow/example_dags/example_trigger_controller_dag.py
[2026-02-12T11:18:55.832+0800] {logging_mixin.py:188} INFO - [2026-02-12T11:18:55.832+0800] {dag.py:3047} INFO - Sync 1 DAGs
[2026-02-12T11:18:55.934+0800] {logging_mixin.py:188} INFO - [2026-02-12T11:18:55.934+0800] {dag.py:3834} INFO - Setting next_dagrun for example_trigger_controller_dag to 2021-01-01 00:00:00+00:00, run_after=2021-01-01 00:00:00+00:00
[2026-02-12T11:18:55.953+0800] {processor.py:183} INFO - Processing /Users/linghuchong/miniconda3/envs/py310/lib/python3.10/site-packages/airflow/example_dags/example_trigger_controller_dag.py took 0.158 seconds
[2026-02-12T11:21:48.299+0800] {processor.py:161} INFO - Started process (PID=3513) to work on /Users/linghuchong/miniconda3/envs/py310/lib/python3.10/site-packages/airflow/example_dags/example_trigger_controller_dag.py
[2026-02-12T11:21:48.299+0800] {processor.py:830} INFO - Processing file /Users/linghuchong/miniconda3/envs/py310/lib/python3.10/site-packages/airflow/example_dags/example_trigger_controller_dag.py for tasks to queue
[2026-02-12T11:21:48.300+0800] {logging_mixin.py:188} INFO - [2026-02-12T11:21:48.300+0800] {dagbag.py:540} INFO - Filling up the DagBag from /Users/linghuchong/miniconda3/envs/py310/lib/python3.10/site-packages/airflow/example_dags/example_trigger_controller_dag.py
[2026-02-12T11:21:48.310+0800] {processor.py:840} INFO - DAG(s) 'example_trigger_controller_dag' retrieved from /Users/linghuchong/miniconda3/envs/py310/lib/python3.10/site-packages/airflow/example_dags/example_trigger_controller_dag.py
[2026-02-12T11:21:48.516+0800] {logging_mixin.py:188} INFO - [2026-02-12T11:21:48.516+0800] {dag.py:3047} INFO - Sync 1 DAGs
[2026-02-12T11:21:48.532+0800] {logging_mixin.py:188} INFO - [2026-02-12T11:21:48.532+0800] {dag.py:3834} INFO - Setting next_dagrun for example_trigger_controller_dag to 2021-01-01 00:00:00+00:00, run_after=2021-01-01 00:00:00+00:00
[2026-02-12T11:21:48.552+0800] {processor.py:183} INFO - Processing /Users/linghuchong/miniconda3/envs/py310/lib/python3.10/site-packages/airflow/example_dags/example_trigger_controller_dag.py took 0.254 seconds
[2026-02-12T11:24:30.904+0800] {processor.py:161} INFO - Started process (PID=3595) to work on /Users/linghuchong/miniconda3/envs/py310/lib/python3.10/site-packages/airflow/example_dags/example_trigger_controller_dag.py
[2026-02-12T11:24:30.905+0800] {processor.py:830} INFO - Processing file /Users/linghuchong/miniconda3/envs/py310/lib/python3.10/site-packages/airflow/example_dags/example_trigger_controller_dag.py for tasks to queue
[2026-02-12T11:24:30.906+0800] {logging_mixin.py:188} INFO - [2026-02-12T11:24:30.906+0800] {dagbag.py:540} INFO - Filling up the DagBag from /Users/linghuchong/miniconda3/envs/py310/lib/python3.10/site-packages/airflow/example_dags/example_trigger_controller_dag.py
[2026-02-12T11:24:30.917+0800] {processor.py:840} INFO - DAG(s) 'example_trigger_controller_dag' retrieved from /Users/linghuchong/miniconda3/envs/py310/lib/python3.10/site-packages/airflow/example_dags/example_trigger_controller_dag.py
[2026-02-12T11:24:31.036+0800] {logging_mixin.py:188} INFO - [2026-02-12T11:24:31.036+0800] {dag.py:3047} INFO - Sync 1 DAGs
[2026-02-12T11:24:31.054+0800] {logging_mixin.py:188} INFO - [2026-02-12T11:24:31.054+0800] {dag.py:3834} INFO - Setting next_dagrun for example_trigger_controller_dag to 2021-01-01 00:00:00+00:00, run_after=2021-01-01 00:00:00+00:00
[2026-02-12T11:24:31.070+0800] {processor.py:183} INFO - Processing /Users/linghuchong/miniconda3/envs/py310/lib/python3.10/site-packages/airflow/example_dags/example_trigger_controller_dag.py took 0.167 seconds
[2026-02-12T11:27:08.287+0800] {processor.py:161} INFO - Started process (PID=3758) to work on /Users/linghuchong/miniconda3/envs/py310/lib/python3.10/site-packages/airflow/example_dags/example_trigger_controller_dag.py
[2026-02-12T11:27:08.287+0800] {processor.py:830} INFO - Processing file /Users/linghuchong/miniconda3/envs/py310/lib/python3.10/site-packages/airflow/example_dags/example_trigger_controller_dag.py for tasks to queue
[2026-02-12T11:27:08.288+0800] {logging_mixin.py:188} INFO - [2026-02-12T11:27:08.288+0800] {dagbag.py:540} INFO - Filling up the DagBag from /Users/linghuchong/miniconda3/envs/py310/lib/python3.10/site-packages/airflow/example_dags/example_trigger_controller_dag.py
[2026-02-12T11:27:08.298+0800] {processor.py:840} INFO - DAG(s) 'example_trigger_controller_dag' retrieved from /Users/linghuchong/miniconda3/envs/py310/lib/python3.10/site-packages/airflow/example_dags/example_trigger_controller_dag.py
[2026-02-12T11:27:08.407+0800] {logging_mixin.py:188} INFO - [2026-02-12T11:27:08.407+0800] {dag.py:3047} INFO - Sync 1 DAGs
[2026-02-12T11:27:08.426+0800] {logging_mixin.py:188} INFO - [2026-02-12T11:27:08.425+0800] {dag.py:3834} INFO - Setting next_dagrun for example_trigger_controller_dag to 2021-01-01 00:00:00+00:00, run_after=2021-01-01 00:00:00+00:00
[2026-02-12T11:27:08.447+0800] {processor.py:183} INFO - Processing /Users/linghuchong/miniconda3/envs/py310/lib/python3.10/site-packages/airflow/example_dags/example_trigger_controller_dag.py took 0.161 seconds
[2026-02-12T11:29:48.056+0800] {processor.py:161} INFO - Started process (PID=3814) to work on /Users/linghuchong/miniconda3/envs/py310/lib/python3.10/site-packages/airflow/example_dags/example_trigger_controller_dag.py
[2026-02-12T11:29:48.057+0800] {processor.py:830} INFO - Processing file /Users/linghuchong/miniconda3/envs/py310/lib/python3.10/site-packages/airflow/example_dags/example_trigger_controller_dag.py for tasks to queue
[2026-02-12T11:29:48.058+0800] {logging_mixin.py:188} INFO - [2026-02-12T11:29:48.057+0800] {dagbag.py:540} INFO - Filling up the DagBag from /Users/linghuchong/miniconda3/envs/py310/lib/python3.10/site-packages/airflow/example_dags/example_trigger_controller_dag.py
[2026-02-12T11:29:48.070+0800] {processor.py:840} INFO - DAG(s) 'example_trigger_controller_dag' retrieved from /Users/linghuchong/miniconda3/envs/py310/lib/python3.10/site-packages/airflow/example_dags/example_trigger_controller_dag.py
[2026-02-12T11:29:48.186+0800] {logging_mixin.py:188} INFO - [2026-02-12T11:29:48.186+0800] {dag.py:3047} INFO - Sync 1 DAGs
[2026-02-12T11:29:48.204+0800] {logging_mixin.py:188} INFO - [2026-02-12T11:29:48.204+0800] {dag.py:3834} INFO - Setting next_dagrun for example_trigger_controller_dag to 2021-01-01 00:00:00+00:00, run_after=2021-01-01 00:00:00+00:00
[2026-02-12T11:29:48.222+0800] {processor.py:183} INFO - Processing /Users/linghuchong/miniconda3/envs/py310/lib/python3.10/site-packages/airflow/example_dags/example_trigger_controller_dag.py took 0.167 seconds
[2026-02-12T11:32:36.179+0800] {processor.py:161} INFO - Started process (PID=3906) to work on /Users/linghuchong/miniconda3/envs/py310/lib/python3.10/site-packages/airflow/example_dags/example_trigger_controller_dag.py
[2026-02-12T11:32:36.182+0800] {processor.py:830} INFO - Processing file /Users/linghuchong/miniconda3/envs/py310/lib/python3.10/site-packages/airflow/example_dags/example_trigger_controller_dag.py for tasks to queue
[2026-02-12T11:32:36.183+0800] {logging_mixin.py:188} INFO - [2026-02-12T11:32:36.183+0800] {dagbag.py:540} INFO - Filling up the DagBag from /Users/linghuchong/miniconda3/envs/py310/lib/python3.10/site-packages/airflow/example_dags/example_trigger_controller_dag.py
[2026-02-12T11:32:36.196+0800] {processor.py:840} INFO - DAG(s) 'example_trigger_controller_dag' retrieved from /Users/linghuchong/miniconda3/envs/py310/lib/python3.10/site-packages/airflow/example_dags/example_trigger_controller_dag.py
[2026-02-12T11:32:36.324+0800] {logging_mixin.py:188} INFO - [2026-02-12T11:32:36.323+0800] {dag.py:3047} INFO - Sync 1 DAGs
[2026-02-12T11:32:36.341+0800] {logging_mixin.py:188} INFO - [2026-02-12T11:32:36.341+0800] {dag.py:3834} INFO - Setting next_dagrun for example_trigger_controller_dag to 2021-01-01 00:00:00+00:00, run_after=2021-01-01 00:00:00+00:00
[2026-02-12T11:32:36.361+0800] {processor.py:183} INFO - Processing /Users/linghuchong/miniconda3/envs/py310/lib/python3.10/site-packages/airflow/example_dags/example_trigger_controller_dag.py took 0.183 seconds
[2026-02-12T11:35:33.727+0800] {processor.py:161} INFO - Started process (PID=4067) to work on /Users/linghuchong/miniconda3/envs/py310/lib/python3.10/site-packages/airflow/example_dags/example_trigger_controller_dag.py
[2026-02-12T11:35:33.730+0800] {processor.py:830} INFO - Processing file /Users/linghuchong/miniconda3/envs/py310/lib/python3.10/site-packages/airflow/example_dags/example_trigger_controller_dag.py for tasks to queue
[2026-02-12T11:35:33.731+0800] {logging_mixin.py:188} INFO - [2026-02-12T11:35:33.730+0800] {dagbag.py:540} INFO - Filling up the DagBag from /Users/linghuchong/miniconda3/envs/py310/lib/python3.10/site-packages/airflow/example_dags/example_trigger_controller_dag.py
[2026-02-12T11:35:33.741+0800] {processor.py:840} INFO - DAG(s) 'example_trigger_controller_dag' retrieved from /Users/linghuchong/miniconda3/envs/py310/lib/python3.10/site-packages/airflow/example_dags/example_trigger_controller_dag.py
[2026-02-12T11:35:33.853+0800] {logging_mixin.py:188} INFO - [2026-02-12T11:35:33.853+0800] {dag.py:3047} INFO - Sync 1 DAGs
[2026-02-12T11:35:33.871+0800] {logging_mixin.py:188} INFO - [2026-02-12T11:35:33.870+0800] {dag.py:3834} INFO - Setting next_dagrun for example_trigger_controller_dag to 2021-01-01 00:00:00+00:00, run_after=2021-01-01 00:00:00+00:00
[2026-02-12T11:35:33.889+0800] {processor.py:183} INFO - Processing /Users/linghuchong/miniconda3/envs/py310/lib/python3.10/site-packages/airflow/example_dags/example_trigger_controller_dag.py took 0.163 seconds
[2026-02-12T11:38:33.177+0800] {processor.py:161} INFO - Started process (PID=4306) to work on /Users/linghuchong/miniconda3/envs/py310/lib/python3.10/site-packages/airflow/example_dags/example_trigger_controller_dag.py
[2026-02-12T11:38:33.178+0800] {processor.py:830} INFO - Processing file /Users/linghuchong/miniconda3/envs/py310/lib/python3.10/site-packages/airflow/example_dags/example_trigger_controller_dag.py for tasks to queue
[2026-02-12T11:38:33.179+0800] {logging_mixin.py:188} INFO - [2026-02-12T11:38:33.178+0800] {dagbag.py:540} INFO - Filling up the DagBag from /Users/linghuchong/miniconda3/envs/py310/lib/python3.10/site-packages/airflow/example_dags/example_trigger_controller_dag.py
[2026-02-12T11:38:33.189+0800] {processor.py:840} INFO - DAG(s) 'example_trigger_controller_dag' retrieved from /Users/linghuchong/miniconda3/envs/py310/lib/python3.10/site-packages/airflow/example_dags/example_trigger_controller_dag.py
[2026-02-12T11:38:33.296+0800] {logging_mixin.py:188} INFO - [2026-02-12T11:38:33.296+0800] {dag.py:3047} INFO - Sync 1 DAGs
[2026-02-12T11:38:33.313+0800] {logging_mixin.py:188} INFO - [2026-02-12T11:38:33.313+0800] {dag.py:3834} INFO - Setting next_dagrun for example_trigger_controller_dag to 2021-01-01 00:00:00+00:00, run_after=2021-01-01 00:00:00+00:00
[2026-02-12T11:38:33.333+0800] {processor.py:183} INFO - Processing /Users/linghuchong/miniconda3/envs/py310/lib/python3.10/site-packages/airflow/example_dags/example_trigger_controller_dag.py took 0.157 seconds
[2026-02-12T11:43:18.923+0800] {processor.py:161} INFO - Started process (PID=4546) to work on /Users/linghuchong/miniconda3/envs/py310/lib/python3.10/site-packages/airflow/example_dags/example_trigger_controller_dag.py
[2026-02-12T11:43:18.926+0800] {processor.py:830} INFO - Processing file /Users/linghuchong/miniconda3/envs/py310/lib/python3.10/site-packages/airflow/example_dags/example_trigger_controller_dag.py for tasks to queue
[2026-02-12T11:43:18.927+0800] {logging_mixin.py:188} INFO - [2026-02-12T11:43:18.927+0800] {dagbag.py:540} INFO - Filling up the DagBag from /Users/linghuchong/miniconda3/envs/py310/lib/python3.10/site-packages/airflow/example_dags/example_trigger_controller_dag.py
[2026-02-12T11:43:18.938+0800] {processor.py:840} INFO - DAG(s) 'example_trigger_controller_dag' retrieved from /Users/linghuchong/miniconda3/envs/py310/lib/python3.10/site-packages/airflow/example_dags/example_trigger_controller_dag.py
[2026-02-12T11:43:19.154+0800] {logging_mixin.py:188} INFO - [2026-02-12T11:43:19.153+0800] {dag.py:3047} INFO - Sync 1 DAGs
[2026-02-12T11:43:19.173+0800] {logging_mixin.py:188} INFO - [2026-02-12T11:43:19.173+0800] {dag.py:3834} INFO - Setting next_dagrun for example_trigger_controller_dag to 2021-01-01 00:00:00+00:00, run_after=2021-01-01 00:00:00+00:00
[2026-02-12T11:43:19.196+0800] {processor.py:183} INFO - Processing /Users/linghuchong/miniconda3/envs/py310/lib/python3.10/site-packages/airflow/example_dags/example_trigger_controller_dag.py took 0.274 seconds
[2026-02-12T11:46:13.284+0800] {processor.py:161} INFO - Started process (PID=4657) to work on /Users/linghuchong/miniconda3/envs/py310/lib/python3.10/site-packages/airflow/example_dags/example_trigger_controller_dag.py
[2026-02-12T11:46:13.287+0800] {processor.py:830} INFO - Processing file /Users/linghuchong/miniconda3/envs/py310/lib/python3.10/site-packages/airflow/example_dags/example_trigger_controller_dag.py for tasks to queue
[2026-02-12T11:46:13.288+0800] {logging_mixin.py:188} INFO - [2026-02-12T11:46:13.288+0800] {dagbag.py:540} INFO - Filling up the DagBag from /Users/linghuchong/miniconda3/envs/py310/lib/python3.10/site-packages/airflow/example_dags/example_trigger_controller_dag.py
[2026-02-12T11:46:13.299+0800] {processor.py:840} INFO - DAG(s) 'example_trigger_controller_dag' retrieved from /Users/linghuchong/miniconda3/envs/py310/lib/python3.10/site-packages/airflow/example_dags/example_trigger_controller_dag.py
[2026-02-12T11:46:13.403+0800] {logging_mixin.py:188} INFO - [2026-02-12T11:46:13.403+0800] {dag.py:3047} INFO - Sync 1 DAGs
[2026-02-12T11:46:13.421+0800] {logging_mixin.py:188} INFO - [2026-02-12T11:46:13.421+0800] {dag.py:3834} INFO - Setting next_dagrun for example_trigger_controller_dag to 2021-01-01 00:00:00+00:00, run_after=2021-01-01 00:00:00+00:00
[2026-02-12T11:46:13.442+0800] {processor.py:183} INFO - Processing /Users/linghuchong/miniconda3/envs/py310/lib/python3.10/site-packages/airflow/example_dags/example_trigger_controller_dag.py took 0.158 seconds
[2026-02-12T11:49:02.887+0800] {processor.py:161} INFO - Started process (PID=4716) to work on /Users/linghuchong/miniconda3/envs/py310/lib/python3.10/site-packages/airflow/example_dags/example_trigger_controller_dag.py
[2026-02-12T11:49:02.888+0800] {processor.py:830} INFO - Processing file /Users/linghuchong/miniconda3/envs/py310/lib/python3.10/site-packages/airflow/example_dags/example_trigger_controller_dag.py for tasks to queue
[2026-02-12T11:49:02.889+0800] {logging_mixin.py:188} INFO - [2026-02-12T11:49:02.889+0800] {dagbag.py:540} INFO - Filling up the DagBag from /Users/linghuchong/miniconda3/envs/py310/lib/python3.10/site-packages/airflow/example_dags/example_trigger_controller_dag.py
[2026-02-12T11:49:02.899+0800] {processor.py:840} INFO - DAG(s) 'example_trigger_controller_dag' retrieved from /Users/linghuchong/miniconda3/envs/py310/lib/python3.10/site-packages/airflow/example_dags/example_trigger_controller_dag.py
[2026-02-12T11:49:03.021+0800] {logging_mixin.py:188} INFO - [2026-02-12T11:49:03.021+0800] {dag.py:3047} INFO - Sync 1 DAGs
[2026-02-12T11:49:03.039+0800] {logging_mixin.py:188} INFO - [2026-02-12T11:49:03.039+0800] {dag.py:3834} INFO - Setting next_dagrun for example_trigger_controller_dag to 2021-01-01 00:00:00+00:00, run_after=2021-01-01 00:00:00+00:00
[2026-02-12T11:49:03.060+0800] {processor.py:183} INFO - Processing /Users/linghuchong/miniconda3/envs/py310/lib/python3.10/site-packages/airflow/example_dags/example_trigger_controller_dag.py took 0.174 seconds
[2026-02-12T11:51:48.576+0800] {processor.py:161} INFO - Started process (PID=4776) to work on /Users/linghuchong/miniconda3/envs/py310/lib/python3.10/site-packages/airflow/example_dags/example_trigger_controller_dag.py
[2026-02-12T11:51:48.577+0800] {processor.py:830} INFO - Processing file /Users/linghuchong/miniconda3/envs/py310/lib/python3.10/site-packages/airflow/example_dags/example_trigger_controller_dag.py for tasks to queue
[2026-02-12T11:51:48.578+0800] {logging_mixin.py:188} INFO - [2026-02-12T11:51:48.577+0800] {dagbag.py:540} INFO - Filling up the DagBag from /Users/linghuchong/miniconda3/envs/py310/lib/python3.10/site-packages/airflow/example_dags/example_trigger_controller_dag.py
[2026-02-12T11:51:48.588+0800] {processor.py:840} INFO - DAG(s) 'example_trigger_controller_dag' retrieved from /Users/linghuchong/miniconda3/envs/py310/lib/python3.10/site-packages/airflow/example_dags/example_trigger_controller_dag.py
[2026-02-12T11:51:48.694+0800] {logging_mixin.py:188} INFO - [2026-02-12T11:51:48.693+0800] {dag.py:3047} INFO - Sync 1 DAGs
[2026-02-12T11:51:48.710+0800] {logging_mixin.py:188} INFO - [2026-02-12T11:51:48.710+0800] {dag.py:3834} INFO - Setting next_dagrun for example_trigger_controller_dag to 2021-01-01 00:00:00+00:00, run_after=2021-01-01 00:00:00+00:00
[2026-02-12T11:51:48.729+0800] {processor.py:183} INFO - Processing /Users/linghuchong/miniconda3/envs/py310/lib/python3.10/site-packages/airflow/example_dags/example_trigger_controller_dag.py took 0.154 seconds
