[2026-02-12T10:42:14.432+0800] {processor.py:161} INFO - Started process (PID=2111) to work on /Users/linghuchong/miniconda3/envs/py310/lib/python3.10/site-packages/airflow/example_dags/example_task_group_decorator.py
[2026-02-12T10:42:14.433+0800] {processor.py:830} INFO - Processing file /Users/linghuchong/miniconda3/envs/py310/lib/python3.10/site-packages/airflow/example_dags/example_task_group_decorator.py for tasks to queue
[2026-02-12T10:42:14.434+0800] {logging_mixin.py:188} INFO - [2026-02-12T10:42:14.433+0800] {dagbag.py:540} INFO - Filling up the DagBag from /Users/linghuchong/miniconda3/envs/py310/lib/python3.10/site-packages/airflow/example_dags/example_task_group_decorator.py
[2026-02-12T10:42:14.473+0800] {processor.py:840} INFO - DAG(s) 'example_task_group_decorator' retrieved from /Users/linghuchong/miniconda3/envs/py310/lib/python3.10/site-packages/airflow/example_dags/example_task_group_decorator.py
[2026-02-12T10:42:14.596+0800] {logging_mixin.py:188} INFO - [2026-02-12T10:42:14.595+0800] {dag.py:3047} INFO - Sync 1 DAGs
[2026-02-12T10:42:14.616+0800] {logging_mixin.py:188} INFO - [2026-02-12T10:42:14.616+0800] {dag.py:3834} INFO - Setting next_dagrun for example_task_group_decorator to 2026-02-11 00:00:00+00:00, run_after=2026-02-12 00:00:00+00:00
[2026-02-12T10:42:14.634+0800] {processor.py:183} INFO - Processing /Users/linghuchong/miniconda3/envs/py310/lib/python3.10/site-packages/airflow/example_dags/example_task_group_decorator.py took 0.203 seconds
[2026-02-12T10:44:05.188+0800] {processor.py:161} INFO - Started process (PID=2176) to work on /Users/linghuchong/miniconda3/envs/py310/lib/python3.10/site-packages/airflow/example_dags/example_task_group_decorator.py
[2026-02-12T10:44:05.191+0800] {processor.py:830} INFO - Processing file /Users/linghuchong/miniconda3/envs/py310/lib/python3.10/site-packages/airflow/example_dags/example_task_group_decorator.py for tasks to queue
[2026-02-12T10:44:05.192+0800] {logging_mixin.py:188} INFO - [2026-02-12T10:44:05.191+0800] {dagbag.py:540} INFO - Filling up the DagBag from /Users/linghuchong/miniconda3/envs/py310/lib/python3.10/site-packages/airflow/example_dags/example_task_group_decorator.py
[2026-02-12T10:44:05.231+0800] {processor.py:840} INFO - DAG(s) 'example_task_group_decorator' retrieved from /Users/linghuchong/miniconda3/envs/py310/lib/python3.10/site-packages/airflow/example_dags/example_task_group_decorator.py
[2026-02-12T10:44:05.359+0800] {logging_mixin.py:188} INFO - [2026-02-12T10:44:05.359+0800] {dag.py:3047} INFO - Sync 1 DAGs
[2026-02-12T10:44:05.378+0800] {logging_mixin.py:188} INFO - [2026-02-12T10:44:05.378+0800] {dag.py:3834} INFO - Setting next_dagrun for example_task_group_decorator to 2026-02-11 00:00:00+00:00, run_after=2026-02-12 00:00:00+00:00
[2026-02-12T10:44:05.398+0800] {processor.py:183} INFO - Processing /Users/linghuchong/miniconda3/envs/py310/lib/python3.10/site-packages/airflow/example_dags/example_task_group_decorator.py took 0.211 seconds
[2026-02-12T10:45:54.193+0800] {processor.py:161} INFO - Started process (PID=2250) to work on /Users/linghuchong/miniconda3/envs/py310/lib/python3.10/site-packages/airflow/example_dags/example_task_group_decorator.py
[2026-02-12T10:45:54.194+0800] {processor.py:830} INFO - Processing file /Users/linghuchong/miniconda3/envs/py310/lib/python3.10/site-packages/airflow/example_dags/example_task_group_decorator.py for tasks to queue
[2026-02-12T10:45:54.195+0800] {logging_mixin.py:188} INFO - [2026-02-12T10:45:54.195+0800] {dagbag.py:540} INFO - Filling up the DagBag from /Users/linghuchong/miniconda3/envs/py310/lib/python3.10/site-packages/airflow/example_dags/example_task_group_decorator.py
[2026-02-12T10:45:54.237+0800] {processor.py:840} INFO - DAG(s) 'example_task_group_decorator' retrieved from /Users/linghuchong/miniconda3/envs/py310/lib/python3.10/site-packages/airflow/example_dags/example_task_group_decorator.py
[2026-02-12T10:45:54.358+0800] {logging_mixin.py:188} INFO - [2026-02-12T10:45:54.358+0800] {dag.py:3047} INFO - Sync 1 DAGs
[2026-02-12T10:45:54.376+0800] {logging_mixin.py:188} INFO - [2026-02-12T10:45:54.375+0800] {dag.py:3834} INFO - Setting next_dagrun for example_task_group_decorator to 2026-02-11 00:00:00+00:00, run_after=2026-02-12 00:00:00+00:00
[2026-02-12T10:45:54.395+0800] {processor.py:183} INFO - Processing /Users/linghuchong/miniconda3/envs/py310/lib/python3.10/site-packages/airflow/example_dags/example_task_group_decorator.py took 0.203 seconds
[2026-02-12T10:49:15.620+0800] {processor.py:161} INFO - Started process (PID=2363) to work on /Users/linghuchong/miniconda3/envs/py310/lib/python3.10/site-packages/airflow/example_dags/example_task_group_decorator.py
[2026-02-12T10:49:15.623+0800] {processor.py:830} INFO - Processing file /Users/linghuchong/miniconda3/envs/py310/lib/python3.10/site-packages/airflow/example_dags/example_task_group_decorator.py for tasks to queue
[2026-02-12T10:49:15.624+0800] {logging_mixin.py:188} INFO - [2026-02-12T10:49:15.624+0800] {dagbag.py:540} INFO - Filling up the DagBag from /Users/linghuchong/miniconda3/envs/py310/lib/python3.10/site-packages/airflow/example_dags/example_task_group_decorator.py
[2026-02-12T10:49:15.665+0800] {processor.py:840} INFO - DAG(s) 'example_task_group_decorator' retrieved from /Users/linghuchong/miniconda3/envs/py310/lib/python3.10/site-packages/airflow/example_dags/example_task_group_decorator.py
[2026-02-12T10:49:15.788+0800] {logging_mixin.py:188} INFO - [2026-02-12T10:49:15.788+0800] {dag.py:3047} INFO - Sync 1 DAGs
[2026-02-12T10:49:15.806+0800] {logging_mixin.py:188} INFO - [2026-02-12T10:49:15.806+0800] {dag.py:3834} INFO - Setting next_dagrun for example_task_group_decorator to 2026-02-11 00:00:00+00:00, run_after=2026-02-12 00:00:00+00:00
[2026-02-12T10:49:15.822+0800] {processor.py:183} INFO - Processing /Users/linghuchong/miniconda3/envs/py310/lib/python3.10/site-packages/airflow/example_dags/example_task_group_decorator.py took 0.203 seconds
[2026-02-12T10:52:03.155+0800] {processor.py:161} INFO - Started process (PID=2435) to work on /Users/linghuchong/miniconda3/envs/py310/lib/python3.10/site-packages/airflow/example_dags/example_task_group_decorator.py
[2026-02-12T10:52:03.156+0800] {processor.py:830} INFO - Processing file /Users/linghuchong/miniconda3/envs/py310/lib/python3.10/site-packages/airflow/example_dags/example_task_group_decorator.py for tasks to queue
[2026-02-12T10:52:03.157+0800] {logging_mixin.py:188} INFO - [2026-02-12T10:52:03.157+0800] {dagbag.py:540} INFO - Filling up the DagBag from /Users/linghuchong/miniconda3/envs/py310/lib/python3.10/site-packages/airflow/example_dags/example_task_group_decorator.py
[2026-02-12T10:52:03.202+0800] {processor.py:840} INFO - DAG(s) 'example_task_group_decorator' retrieved from /Users/linghuchong/miniconda3/envs/py310/lib/python3.10/site-packages/airflow/example_dags/example_task_group_decorator.py
[2026-02-12T10:52:03.319+0800] {logging_mixin.py:188} INFO - [2026-02-12T10:52:03.318+0800] {dag.py:3047} INFO - Sync 1 DAGs
[2026-02-12T10:52:03.337+0800] {logging_mixin.py:188} INFO - [2026-02-12T10:52:03.337+0800] {dag.py:3834} INFO - Setting next_dagrun for example_task_group_decorator to 2026-02-11 00:00:00+00:00, run_after=2026-02-12 00:00:00+00:00
[2026-02-12T10:52:03.355+0800] {processor.py:183} INFO - Processing /Users/linghuchong/miniconda3/envs/py310/lib/python3.10/site-packages/airflow/example_dags/example_task_group_decorator.py took 0.201 seconds
[2026-02-12T10:54:41.296+0800] {processor.py:161} INFO - Started process (PID=2496) to work on /Users/linghuchong/miniconda3/envs/py310/lib/python3.10/site-packages/airflow/example_dags/example_task_group_decorator.py
[2026-02-12T10:54:41.297+0800] {processor.py:830} INFO - Processing file /Users/linghuchong/miniconda3/envs/py310/lib/python3.10/site-packages/airflow/example_dags/example_task_group_decorator.py for tasks to queue
[2026-02-12T10:54:41.298+0800] {logging_mixin.py:188} INFO - [2026-02-12T10:54:41.298+0800] {dagbag.py:540} INFO - Filling up the DagBag from /Users/linghuchong/miniconda3/envs/py310/lib/python3.10/site-packages/airflow/example_dags/example_task_group_decorator.py
[2026-02-12T10:54:41.340+0800] {processor.py:840} INFO - DAG(s) 'example_task_group_decorator' retrieved from /Users/linghuchong/miniconda3/envs/py310/lib/python3.10/site-packages/airflow/example_dags/example_task_group_decorator.py
[2026-02-12T10:54:41.463+0800] {logging_mixin.py:188} INFO - [2026-02-12T10:54:41.462+0800] {dag.py:3047} INFO - Sync 1 DAGs
[2026-02-12T10:54:41.482+0800] {logging_mixin.py:188} INFO - [2026-02-12T10:54:41.482+0800] {dag.py:3834} INFO - Setting next_dagrun for example_task_group_decorator to 2026-02-11 00:00:00+00:00, run_after=2026-02-12 00:00:00+00:00
[2026-02-12T10:54:41.502+0800] {processor.py:183} INFO - Processing /Users/linghuchong/miniconda3/envs/py310/lib/python3.10/site-packages/airflow/example_dags/example_task_group_decorator.py took 0.206 seconds
[2026-02-12T11:05:07.370+0800] {processor.py:161} INFO - Started process (PID=2642) to work on /Users/linghuchong/miniconda3/envs/py310/lib/python3.10/site-packages/airflow/example_dags/example_task_group_decorator.py
[2026-02-12T11:05:07.373+0800] {processor.py:830} INFO - Processing file /Users/linghuchong/miniconda3/envs/py310/lib/python3.10/site-packages/airflow/example_dags/example_task_group_decorator.py for tasks to queue
[2026-02-12T11:05:07.374+0800] {logging_mixin.py:188} INFO - [2026-02-12T11:05:07.373+0800] {dagbag.py:540} INFO - Filling up the DagBag from /Users/linghuchong/miniconda3/envs/py310/lib/python3.10/site-packages/airflow/example_dags/example_task_group_decorator.py
[2026-02-12T11:05:07.415+0800] {processor.py:840} INFO - DAG(s) 'example_task_group_decorator' retrieved from /Users/linghuchong/miniconda3/envs/py310/lib/python3.10/site-packages/airflow/example_dags/example_task_group_decorator.py
[2026-02-12T11:05:07.537+0800] {logging_mixin.py:188} INFO - [2026-02-12T11:05:07.537+0800] {dag.py:3047} INFO - Sync 1 DAGs
[2026-02-12T11:05:07.557+0800] {logging_mixin.py:188} INFO - [2026-02-12T11:05:07.557+0800] {dag.py:3834} INFO - Setting next_dagrun for example_task_group_decorator to 2026-02-11 00:00:00+00:00, run_after=2026-02-12 00:00:00+00:00
[2026-02-12T11:05:07.574+0800] {processor.py:183} INFO - Processing /Users/linghuchong/miniconda3/envs/py310/lib/python3.10/site-packages/airflow/example_dags/example_task_group_decorator.py took 0.206 seconds
[2026-02-12T11:08:05.562+0800] {processor.py:161} INFO - Started process (PID=2795) to work on /Users/linghuchong/miniconda3/envs/py310/lib/python3.10/site-packages/airflow/example_dags/example_task_group_decorator.py
[2026-02-12T11:08:05.566+0800] {processor.py:830} INFO - Processing file /Users/linghuchong/miniconda3/envs/py310/lib/python3.10/site-packages/airflow/example_dags/example_task_group_decorator.py for tasks to queue
[2026-02-12T11:08:05.567+0800] {logging_mixin.py:188} INFO - [2026-02-12T11:08:05.567+0800] {dagbag.py:540} INFO - Filling up the DagBag from /Users/linghuchong/miniconda3/envs/py310/lib/python3.10/site-packages/airflow/example_dags/example_task_group_decorator.py
[2026-02-12T11:08:05.622+0800] {processor.py:840} INFO - DAG(s) 'example_task_group_decorator' retrieved from /Users/linghuchong/miniconda3/envs/py310/lib/python3.10/site-packages/airflow/example_dags/example_task_group_decorator.py
[2026-02-12T11:08:05.743+0800] {logging_mixin.py:188} INFO - [2026-02-12T11:08:05.743+0800] {dag.py:3047} INFO - Sync 1 DAGs
[2026-02-12T11:08:05.765+0800] {logging_mixin.py:188} INFO - [2026-02-12T11:08:05.765+0800] {dag.py:3834} INFO - Setting next_dagrun for example_task_group_decorator to 2026-02-11 00:00:00+00:00, run_after=2026-02-12 00:00:00+00:00
[2026-02-12T11:08:05.783+0800] {processor.py:183} INFO - Processing /Users/linghuchong/miniconda3/envs/py310/lib/python3.10/site-packages/airflow/example_dags/example_task_group_decorator.py took 0.222 seconds
[2026-02-12T11:10:51.103+0800] {processor.py:161} INFO - Started process (PID=2909) to work on /Users/linghuchong/miniconda3/envs/py310/lib/python3.10/site-packages/airflow/example_dags/example_task_group_decorator.py
[2026-02-12T11:10:51.104+0800] {processor.py:830} INFO - Processing file /Users/linghuchong/miniconda3/envs/py310/lib/python3.10/site-packages/airflow/example_dags/example_task_group_decorator.py for tasks to queue
[2026-02-12T11:10:51.105+0800] {logging_mixin.py:188} INFO - [2026-02-12T11:10:51.104+0800] {dagbag.py:540} INFO - Filling up the DagBag from /Users/linghuchong/miniconda3/envs/py310/lib/python3.10/site-packages/airflow/example_dags/example_task_group_decorator.py
[2026-02-12T11:10:51.152+0800] {processor.py:840} INFO - DAG(s) 'example_task_group_decorator' retrieved from /Users/linghuchong/miniconda3/envs/py310/lib/python3.10/site-packages/airflow/example_dags/example_task_group_decorator.py
[2026-02-12T11:10:51.299+0800] {logging_mixin.py:188} INFO - [2026-02-12T11:10:51.299+0800] {dag.py:3047} INFO - Sync 1 DAGs
[2026-02-12T11:10:51.321+0800] {logging_mixin.py:188} INFO - [2026-02-12T11:10:51.321+0800] {dag.py:3834} INFO - Setting next_dagrun for example_task_group_decorator to 2026-02-11 00:00:00+00:00, run_after=2026-02-12 00:00:00+00:00
[2026-02-12T11:10:51.341+0800] {processor.py:183} INFO - Processing /Users/linghuchong/miniconda3/envs/py310/lib/python3.10/site-packages/airflow/example_dags/example_task_group_decorator.py took 0.239 seconds
[2026-02-12T11:13:27.866+0800] {processor.py:161} INFO - Started process (PID=2979) to work on /Users/linghuchong/miniconda3/envs/py310/lib/python3.10/site-packages/airflow/example_dags/example_task_group_decorator.py
[2026-02-12T11:13:27.893+0800] {processor.py:830} INFO - Processing file /Users/linghuchong/miniconda3/envs/py310/lib/python3.10/site-packages/airflow/example_dags/example_task_group_decorator.py for tasks to queue
[2026-02-12T11:13:27.940+0800] {logging_mixin.py:188} INFO - [2026-02-12T11:13:27.939+0800] {dagbag.py:540} INFO - Filling up the DagBag from /Users/linghuchong/miniconda3/envs/py310/lib/python3.10/site-packages/airflow/example_dags/example_task_group_decorator.py
[2026-02-12T11:13:27.983+0800] {processor.py:840} INFO - DAG(s) 'example_task_group_decorator' retrieved from /Users/linghuchong/miniconda3/envs/py310/lib/python3.10/site-packages/airflow/example_dags/example_task_group_decorator.py
[2026-02-12T11:13:28.101+0800] {logging_mixin.py:188} INFO - [2026-02-12T11:13:28.100+0800] {dag.py:3047} INFO - Sync 1 DAGs
[2026-02-12T11:13:28.122+0800] {logging_mixin.py:188} INFO - [2026-02-12T11:13:28.121+0800] {dag.py:3834} INFO - Setting next_dagrun for example_task_group_decorator to 2026-02-11 00:00:00+00:00, run_after=2026-02-12 00:00:00+00:00
[2026-02-12T11:13:28.193+0800] {processor.py:183} INFO - Processing /Users/linghuchong/miniconda3/envs/py310/lib/python3.10/site-packages/airflow/example_dags/example_task_group_decorator.py took 0.328 seconds
