[2026-02-12T10:46:52.009+0800] {processor.py:161} INFO - Started process (PID=2282) to work on /Users/linghuchong/miniconda3/envs/py310/lib/python3.10/site-packages/airflow/example_dags/example_params_trigger_ui.py
[2026-02-12T10:46:52.009+0800] {processor.py:830} INFO - Processing file /Users/linghuchong/miniconda3/envs/py310/lib/python3.10/site-packages/airflow/example_dags/example_params_trigger_ui.py for tasks to queue
[2026-02-12T10:46:52.010+0800] {logging_mixin.py:188} INFO - [2026-02-12T10:46:52.010+0800] {dagbag.py:540} INFO - Filling up the DagBag from /Users/linghuchong/miniconda3/envs/py310/lib/python3.10/site-packages/airflow/example_dags/example_params_trigger_ui.py
[2026-02-12T10:46:52.048+0800] {processor.py:840} INFO - DAG(s) 'example_params_trigger_ui' retrieved from /Users/linghuchong/miniconda3/envs/py310/lib/python3.10/site-packages/airflow/example_dags/example_params_trigger_ui.py
[2026-02-12T10:46:52.189+0800] {logging_mixin.py:188} INFO - [2026-02-12T10:46:52.189+0800] {dag.py:3047} INFO - Sync 1 DAGs
[2026-02-12T10:46:52.199+0800] {logging_mixin.py:188} INFO - [2026-02-12T10:46:52.198+0800] {dag.py:3834} INFO - Setting next_dagrun for example_params_trigger_ui to None, run_after=None
[2026-02-12T10:46:52.220+0800] {processor.py:183} INFO - Processing /Users/linghuchong/miniconda3/envs/py310/lib/python3.10/site-packages/airflow/example_dags/example_params_trigger_ui.py took 0.212 seconds
[2026-02-12T10:50:14.188+0800] {processor.py:161} INFO - Started process (PID=2383) to work on /Users/linghuchong/miniconda3/envs/py310/lib/python3.10/site-packages/airflow/example_dags/example_params_trigger_ui.py
[2026-02-12T10:50:14.189+0800] {processor.py:830} INFO - Processing file /Users/linghuchong/miniconda3/envs/py310/lib/python3.10/site-packages/airflow/example_dags/example_params_trigger_ui.py for tasks to queue
[2026-02-12T10:50:14.190+0800] {logging_mixin.py:188} INFO - [2026-02-12T10:50:14.190+0800] {dagbag.py:540} INFO - Filling up the DagBag from /Users/linghuchong/miniconda3/envs/py310/lib/python3.10/site-packages/airflow/example_dags/example_params_trigger_ui.py
[2026-02-12T10:50:14.229+0800] {processor.py:840} INFO - DAG(s) 'example_params_trigger_ui' retrieved from /Users/linghuchong/miniconda3/envs/py310/lib/python3.10/site-packages/airflow/example_dags/example_params_trigger_ui.py
[2026-02-12T10:50:14.369+0800] {logging_mixin.py:188} INFO - [2026-02-12T10:50:14.369+0800] {dag.py:3047} INFO - Sync 1 DAGs
[2026-02-12T10:50:14.378+0800] {logging_mixin.py:188} INFO - [2026-02-12T10:50:14.377+0800] {dag.py:3834} INFO - Setting next_dagrun for example_params_trigger_ui to None, run_after=None
[2026-02-12T10:50:14.400+0800] {processor.py:183} INFO - Processing /Users/linghuchong/miniconda3/envs/py310/lib/python3.10/site-packages/airflow/example_dags/example_params_trigger_ui.py took 0.212 seconds
[2026-02-12T10:52:55.770+0800] {processor.py:161} INFO - Started process (PID=2452) to work on /Users/linghuchong/miniconda3/envs/py310/lib/python3.10/site-packages/airflow/example_dags/example_params_trigger_ui.py
[2026-02-12T10:52:55.771+0800] {processor.py:830} INFO - Processing file /Users/linghuchong/miniconda3/envs/py310/lib/python3.10/site-packages/airflow/example_dags/example_params_trigger_ui.py for tasks to queue
[2026-02-12T10:52:55.772+0800] {logging_mixin.py:188} INFO - [2026-02-12T10:52:55.771+0800] {dagbag.py:540} INFO - Filling up the DagBag from /Users/linghuchong/miniconda3/envs/py310/lib/python3.10/site-packages/airflow/example_dags/example_params_trigger_ui.py
[2026-02-12T10:52:55.807+0800] {processor.py:840} INFO - DAG(s) 'example_params_trigger_ui' retrieved from /Users/linghuchong/miniconda3/envs/py310/lib/python3.10/site-packages/airflow/example_dags/example_params_trigger_ui.py
[2026-02-12T10:52:55.943+0800] {logging_mixin.py:188} INFO - [2026-02-12T10:52:55.943+0800] {dag.py:3047} INFO - Sync 1 DAGs
[2026-02-12T10:52:55.952+0800] {logging_mixin.py:188} INFO - [2026-02-12T10:52:55.952+0800] {dag.py:3834} INFO - Setting next_dagrun for example_params_trigger_ui to None, run_after=None
[2026-02-12T10:52:55.972+0800] {processor.py:183} INFO - Processing /Users/linghuchong/miniconda3/envs/py310/lib/python3.10/site-packages/airflow/example_dags/example_params_trigger_ui.py took 0.202 seconds
[2026-02-12T10:55:51.428+0800] {processor.py:161} INFO - Started process (PID=2522) to work on /Users/linghuchong/miniconda3/envs/py310/lib/python3.10/site-packages/airflow/example_dags/example_params_trigger_ui.py
[2026-02-12T10:55:51.430+0800] {processor.py:830} INFO - Processing file /Users/linghuchong/miniconda3/envs/py310/lib/python3.10/site-packages/airflow/example_dags/example_params_trigger_ui.py for tasks to queue
[2026-02-12T10:55:51.430+0800] {logging_mixin.py:188} INFO - [2026-02-12T10:55:51.430+0800] {dagbag.py:540} INFO - Filling up the DagBag from /Users/linghuchong/miniconda3/envs/py310/lib/python3.10/site-packages/airflow/example_dags/example_params_trigger_ui.py
[2026-02-12T10:55:51.468+0800] {processor.py:840} INFO - DAG(s) 'example_params_trigger_ui' retrieved from /Users/linghuchong/miniconda3/envs/py310/lib/python3.10/site-packages/airflow/example_dags/example_params_trigger_ui.py
[2026-02-12T10:55:51.611+0800] {logging_mixin.py:188} INFO - [2026-02-12T10:55:51.611+0800] {dag.py:3047} INFO - Sync 1 DAGs
[2026-02-12T10:55:51.620+0800] {logging_mixin.py:188} INFO - [2026-02-12T10:55:51.620+0800] {dag.py:3834} INFO - Setting next_dagrun for example_params_trigger_ui to None, run_after=None
[2026-02-12T10:55:51.638+0800] {processor.py:183} INFO - Processing /Users/linghuchong/miniconda3/envs/py310/lib/python3.10/site-packages/airflow/example_dags/example_params_trigger_ui.py took 0.210 seconds
[2026-02-12T11:06:07.297+0800] {processor.py:161} INFO - Started process (PID=2675) to work on /Users/linghuchong/miniconda3/envs/py310/lib/python3.10/site-packages/airflow/example_dags/example_params_trigger_ui.py
[2026-02-12T11:06:07.299+0800] {processor.py:830} INFO - Processing file /Users/linghuchong/miniconda3/envs/py310/lib/python3.10/site-packages/airflow/example_dags/example_params_trigger_ui.py for tasks to queue
[2026-02-12T11:06:07.300+0800] {logging_mixin.py:188} INFO - [2026-02-12T11:06:07.300+0800] {dagbag.py:540} INFO - Filling up the DagBag from /Users/linghuchong/miniconda3/envs/py310/lib/python3.10/site-packages/airflow/example_dags/example_params_trigger_ui.py
[2026-02-12T11:06:07.344+0800] {processor.py:840} INFO - DAG(s) 'example_params_trigger_ui' retrieved from /Users/linghuchong/miniconda3/envs/py310/lib/python3.10/site-packages/airflow/example_dags/example_params_trigger_ui.py
[2026-02-12T11:06:07.506+0800] {logging_mixin.py:188} INFO - [2026-02-12T11:06:07.506+0800] {dag.py:3047} INFO - Sync 1 DAGs
[2026-02-12T11:06:07.518+0800] {logging_mixin.py:188} INFO - [2026-02-12T11:06:07.518+0800] {dag.py:3834} INFO - Setting next_dagrun for example_params_trigger_ui to None, run_after=None
[2026-02-12T11:06:07.539+0800] {processor.py:183} INFO - Processing /Users/linghuchong/miniconda3/envs/py310/lib/python3.10/site-packages/airflow/example_dags/example_params_trigger_ui.py took 0.243 seconds
[2026-02-12T11:09:05.152+0800] {processor.py:161} INFO - Started process (PID=2850) to work on /Users/linghuchong/miniconda3/envs/py310/lib/python3.10/site-packages/airflow/example_dags/example_params_trigger_ui.py
[2026-02-12T11:09:05.155+0800] {processor.py:830} INFO - Processing file /Users/linghuchong/miniconda3/envs/py310/lib/python3.10/site-packages/airflow/example_dags/example_params_trigger_ui.py for tasks to queue
[2026-02-12T11:09:05.156+0800] {logging_mixin.py:188} INFO - [2026-02-12T11:09:05.156+0800] {dagbag.py:540} INFO - Filling up the DagBag from /Users/linghuchong/miniconda3/envs/py310/lib/python3.10/site-packages/airflow/example_dags/example_params_trigger_ui.py
[2026-02-12T11:09:05.193+0800] {processor.py:840} INFO - DAG(s) 'example_params_trigger_ui' retrieved from /Users/linghuchong/miniconda3/envs/py310/lib/python3.10/site-packages/airflow/example_dags/example_params_trigger_ui.py
[2026-02-12T11:09:05.328+0800] {logging_mixin.py:188} INFO - [2026-02-12T11:09:05.328+0800] {dag.py:3047} INFO - Sync 1 DAGs
[2026-02-12T11:09:05.338+0800] {logging_mixin.py:188} INFO - [2026-02-12T11:09:05.337+0800] {dag.py:3834} INFO - Setting next_dagrun for example_params_trigger_ui to None, run_after=None
[2026-02-12T11:09:05.358+0800] {processor.py:183} INFO - Processing /Users/linghuchong/miniconda3/envs/py310/lib/python3.10/site-packages/airflow/example_dags/example_params_trigger_ui.py took 0.207 seconds
[2026-02-12T11:11:45.913+0800] {processor.py:161} INFO - Started process (PID=2938) to work on /Users/linghuchong/miniconda3/envs/py310/lib/python3.10/site-packages/airflow/example_dags/example_params_trigger_ui.py
[2026-02-12T11:11:45.916+0800] {processor.py:830} INFO - Processing file /Users/linghuchong/miniconda3/envs/py310/lib/python3.10/site-packages/airflow/example_dags/example_params_trigger_ui.py for tasks to queue
[2026-02-12T11:11:45.917+0800] {logging_mixin.py:188} INFO - [2026-02-12T11:11:45.917+0800] {dagbag.py:540} INFO - Filling up the DagBag from /Users/linghuchong/miniconda3/envs/py310/lib/python3.10/site-packages/airflow/example_dags/example_params_trigger_ui.py
[2026-02-12T11:11:45.954+0800] {processor.py:840} INFO - DAG(s) 'example_params_trigger_ui' retrieved from /Users/linghuchong/miniconda3/envs/py310/lib/python3.10/site-packages/airflow/example_dags/example_params_trigger_ui.py
[2026-02-12T11:11:46.093+0800] {logging_mixin.py:188} INFO - [2026-02-12T11:11:46.092+0800] {dag.py:3047} INFO - Sync 1 DAGs
[2026-02-12T11:11:46.105+0800] {logging_mixin.py:188} INFO - [2026-02-12T11:11:46.105+0800] {dag.py:3834} INFO - Setting next_dagrun for example_params_trigger_ui to None, run_after=None
[2026-02-12T11:11:46.128+0800] {processor.py:183} INFO - Processing /Users/linghuchong/miniconda3/envs/py310/lib/python3.10/site-packages/airflow/example_dags/example_params_trigger_ui.py took 0.216 seconds
[2026-02-12T11:14:24.679+0800] {processor.py:161} INFO - Started process (PID=3003) to work on /Users/linghuchong/miniconda3/envs/py310/lib/python3.10/site-packages/airflow/example_dags/example_params_trigger_ui.py
[2026-02-12T11:14:24.682+0800] {processor.py:830} INFO - Processing file /Users/linghuchong/miniconda3/envs/py310/lib/python3.10/site-packages/airflow/example_dags/example_params_trigger_ui.py for tasks to queue
[2026-02-12T11:14:24.683+0800] {logging_mixin.py:188} INFO - [2026-02-12T11:14:24.683+0800] {dagbag.py:540} INFO - Filling up the DagBag from /Users/linghuchong/miniconda3/envs/py310/lib/python3.10/site-packages/airflow/example_dags/example_params_trigger_ui.py
[2026-02-12T11:14:24.725+0800] {processor.py:840} INFO - DAG(s) 'example_params_trigger_ui' retrieved from /Users/linghuchong/miniconda3/envs/py310/lib/python3.10/site-packages/airflow/example_dags/example_params_trigger_ui.py
[2026-02-12T11:14:24.902+0800] {logging_mixin.py:188} INFO - [2026-02-12T11:14:24.901+0800] {dag.py:3047} INFO - Sync 1 DAGs
[2026-02-12T11:14:24.912+0800] {logging_mixin.py:188} INFO - [2026-02-12T11:14:24.912+0800] {dag.py:3834} INFO - Setting next_dagrun for example_params_trigger_ui to None, run_after=None
[2026-02-12T11:14:24.933+0800] {processor.py:183} INFO - Processing /Users/linghuchong/miniconda3/envs/py310/lib/python3.10/site-packages/airflow/example_dags/example_params_trigger_ui.py took 0.255 seconds
[2026-02-12T11:17:06.951+0800] {processor.py:161} INFO - Started process (PID=3286) to work on /Users/linghuchong/miniconda3/envs/py310/lib/python3.10/site-packages/airflow/example_dags/example_params_trigger_ui.py
[2026-02-12T11:17:06.952+0800] {processor.py:830} INFO - Processing file /Users/linghuchong/miniconda3/envs/py310/lib/python3.10/site-packages/airflow/example_dags/example_params_trigger_ui.py for tasks to queue
[2026-02-12T11:17:06.953+0800] {logging_mixin.py:188} INFO - [2026-02-12T11:17:06.953+0800] {dagbag.py:540} INFO - Filling up the DagBag from /Users/linghuchong/miniconda3/envs/py310/lib/python3.10/site-packages/airflow/example_dags/example_params_trigger_ui.py
[2026-02-12T11:17:06.992+0800] {processor.py:840} INFO - DAG(s) 'example_params_trigger_ui' retrieved from /Users/linghuchong/miniconda3/envs/py310/lib/python3.10/site-packages/airflow/example_dags/example_params_trigger_ui.py
[2026-02-12T11:17:07.137+0800] {logging_mixin.py:188} INFO - [2026-02-12T11:17:07.137+0800] {dag.py:3047} INFO - Sync 1 DAGs
[2026-02-12T11:17:07.146+0800] {logging_mixin.py:188} INFO - [2026-02-12T11:17:07.146+0800] {dag.py:3834} INFO - Setting next_dagrun for example_params_trigger_ui to None, run_after=None
[2026-02-12T11:17:07.166+0800] {processor.py:183} INFO - Processing /Users/linghuchong/miniconda3/envs/py310/lib/python3.10/site-packages/airflow/example_dags/example_params_trigger_ui.py took 0.215 seconds
[2026-02-12T11:19:58.327+0800] {processor.py:161} INFO - Started process (PID=3466) to work on /Users/linghuchong/miniconda3/envs/py310/lib/python3.10/site-packages/airflow/example_dags/example_params_trigger_ui.py
[2026-02-12T11:19:58.328+0800] {processor.py:830} INFO - Processing file /Users/linghuchong/miniconda3/envs/py310/lib/python3.10/site-packages/airflow/example_dags/example_params_trigger_ui.py for tasks to queue
[2026-02-12T11:19:58.328+0800] {logging_mixin.py:188} INFO - [2026-02-12T11:19:58.328+0800] {dagbag.py:540} INFO - Filling up the DagBag from /Users/linghuchong/miniconda3/envs/py310/lib/python3.10/site-packages/airflow/example_dags/example_params_trigger_ui.py
[2026-02-12T11:19:58.370+0800] {processor.py:840} INFO - DAG(s) 'example_params_trigger_ui' retrieved from /Users/linghuchong/miniconda3/envs/py310/lib/python3.10/site-packages/airflow/example_dags/example_params_trigger_ui.py
[2026-02-12T11:19:58.598+0800] {logging_mixin.py:188} INFO - [2026-02-12T11:19:58.597+0800] {dag.py:3047} INFO - Sync 1 DAGs
[2026-02-12T11:19:58.607+0800] {logging_mixin.py:188} INFO - [2026-02-12T11:19:58.607+0800] {dag.py:3834} INFO - Setting next_dagrun for example_params_trigger_ui to None, run_after=None
[2026-02-12T11:19:58.630+0800] {processor.py:183} INFO - Processing /Users/linghuchong/miniconda3/envs/py310/lib/python3.10/site-packages/airflow/example_dags/example_params_trigger_ui.py took 0.304 seconds
[2026-02-12T11:22:49.808+0800] {processor.py:161} INFO - Started process (PID=3542) to work on /Users/linghuchong/miniconda3/envs/py310/lib/python3.10/site-packages/airflow/example_dags/example_params_trigger_ui.py
[2026-02-12T11:22:49.809+0800] {processor.py:830} INFO - Processing file /Users/linghuchong/miniconda3/envs/py310/lib/python3.10/site-packages/airflow/example_dags/example_params_trigger_ui.py for tasks to queue
[2026-02-12T11:22:49.809+0800] {logging_mixin.py:188} INFO - [2026-02-12T11:22:49.809+0800] {dagbag.py:540} INFO - Filling up the DagBag from /Users/linghuchong/miniconda3/envs/py310/lib/python3.10/site-packages/airflow/example_dags/example_params_trigger_ui.py
[2026-02-12T11:22:49.872+0800] {processor.py:840} INFO - DAG(s) 'example_params_trigger_ui' retrieved from /Users/linghuchong/miniconda3/envs/py310/lib/python3.10/site-packages/airflow/example_dags/example_params_trigger_ui.py
[2026-02-12T11:22:50.034+0800] {logging_mixin.py:188} INFO - [2026-02-12T11:22:50.033+0800] {dag.py:3047} INFO - Sync 1 DAGs
[2026-02-12T11:22:50.043+0800] {logging_mixin.py:188} INFO - [2026-02-12T11:22:50.043+0800] {dag.py:3834} INFO - Setting next_dagrun for example_params_trigger_ui to None, run_after=None
[2026-02-12T11:22:50.065+0800] {processor.py:183} INFO - Processing /Users/linghuchong/miniconda3/envs/py310/lib/python3.10/site-packages/airflow/example_dags/example_params_trigger_ui.py took 0.259 seconds
[2026-02-12T11:25:30.951+0800] {processor.py:161} INFO - Started process (PID=3620) to work on /Users/linghuchong/miniconda3/envs/py310/lib/python3.10/site-packages/airflow/example_dags/example_params_trigger_ui.py
[2026-02-12T11:25:30.952+0800] {processor.py:830} INFO - Processing file /Users/linghuchong/miniconda3/envs/py310/lib/python3.10/site-packages/airflow/example_dags/example_params_trigger_ui.py for tasks to queue
[2026-02-12T11:25:30.953+0800] {logging_mixin.py:188} INFO - [2026-02-12T11:25:30.953+0800] {dagbag.py:540} INFO - Filling up the DagBag from /Users/linghuchong/miniconda3/envs/py310/lib/python3.10/site-packages/airflow/example_dags/example_params_trigger_ui.py
[2026-02-12T11:25:30.995+0800] {processor.py:840} INFO - DAG(s) 'example_params_trigger_ui' retrieved from /Users/linghuchong/miniconda3/envs/py310/lib/python3.10/site-packages/airflow/example_dags/example_params_trigger_ui.py
[2026-02-12T11:25:31.151+0800] {logging_mixin.py:188} INFO - [2026-02-12T11:25:31.151+0800] {dag.py:3047} INFO - Sync 1 DAGs
[2026-02-12T11:25:31.162+0800] {logging_mixin.py:188} INFO - [2026-02-12T11:25:31.161+0800] {dag.py:3834} INFO - Setting next_dagrun for example_params_trigger_ui to None, run_after=None
[2026-02-12T11:25:31.184+0800] {processor.py:183} INFO - Processing /Users/linghuchong/miniconda3/envs/py310/lib/python3.10/site-packages/airflow/example_dags/example_params_trigger_ui.py took 0.234 seconds
[2026-02-12T11:28:12.627+0800] {processor.py:161} INFO - Started process (PID=3780) to work on /Users/linghuchong/miniconda3/envs/py310/lib/python3.10/site-packages/airflow/example_dags/example_params_trigger_ui.py
[2026-02-12T11:28:12.628+0800] {processor.py:830} INFO - Processing file /Users/linghuchong/miniconda3/envs/py310/lib/python3.10/site-packages/airflow/example_dags/example_params_trigger_ui.py for tasks to queue
[2026-02-12T11:28:12.629+0800] {logging_mixin.py:188} INFO - [2026-02-12T11:28:12.629+0800] {dagbag.py:540} INFO - Filling up the DagBag from /Users/linghuchong/miniconda3/envs/py310/lib/python3.10/site-packages/airflow/example_dags/example_params_trigger_ui.py
[2026-02-12T11:28:12.665+0800] {processor.py:840} INFO - DAG(s) 'example_params_trigger_ui' retrieved from /Users/linghuchong/miniconda3/envs/py310/lib/python3.10/site-packages/airflow/example_dags/example_params_trigger_ui.py
[2026-02-12T11:28:12.800+0800] {logging_mixin.py:188} INFO - [2026-02-12T11:28:12.799+0800] {dag.py:3047} INFO - Sync 1 DAGs
[2026-02-12T11:28:12.808+0800] {logging_mixin.py:188} INFO - [2026-02-12T11:28:12.808+0800] {dag.py:3834} INFO - Setting next_dagrun for example_params_trigger_ui to None, run_after=None
[2026-02-12T11:28:12.828+0800] {processor.py:183} INFO - Processing /Users/linghuchong/miniconda3/envs/py310/lib/python3.10/site-packages/airflow/example_dags/example_params_trigger_ui.py took 0.202 seconds
[2026-02-12T11:30:49.525+0800] {processor.py:161} INFO - Started process (PID=3847) to work on /Users/linghuchong/miniconda3/envs/py310/lib/python3.10/site-packages/airflow/example_dags/example_params_trigger_ui.py
[2026-02-12T11:30:49.526+0800] {processor.py:830} INFO - Processing file /Users/linghuchong/miniconda3/envs/py310/lib/python3.10/site-packages/airflow/example_dags/example_params_trigger_ui.py for tasks to queue
[2026-02-12T11:30:49.528+0800] {logging_mixin.py:188} INFO - [2026-02-12T11:30:49.527+0800] {dagbag.py:540} INFO - Filling up the DagBag from /Users/linghuchong/miniconda3/envs/py310/lib/python3.10/site-packages/airflow/example_dags/example_params_trigger_ui.py
[2026-02-12T11:30:49.599+0800] {processor.py:840} INFO - DAG(s) 'example_params_trigger_ui' retrieved from /Users/linghuchong/miniconda3/envs/py310/lib/python3.10/site-packages/airflow/example_dags/example_params_trigger_ui.py
[2026-02-12T11:30:49.798+0800] {logging_mixin.py:188} INFO - [2026-02-12T11:30:49.797+0800] {dag.py:3047} INFO - Sync 1 DAGs
[2026-02-12T11:30:49.812+0800] {logging_mixin.py:188} INFO - [2026-02-12T11:30:49.812+0800] {dag.py:3834} INFO - Setting next_dagrun for example_params_trigger_ui to None, run_after=None
[2026-02-12T11:30:49.833+0800] {processor.py:183} INFO - Processing /Users/linghuchong/miniconda3/envs/py310/lib/python3.10/site-packages/airflow/example_dags/example_params_trigger_ui.py took 0.310 seconds
[2026-02-12T11:33:44.711+0800] {processor.py:161} INFO - Started process (PID=3947) to work on /Users/linghuchong/miniconda3/envs/py310/lib/python3.10/site-packages/airflow/example_dags/example_params_trigger_ui.py
[2026-02-12T11:33:44.712+0800] {processor.py:830} INFO - Processing file /Users/linghuchong/miniconda3/envs/py310/lib/python3.10/site-packages/airflow/example_dags/example_params_trigger_ui.py for tasks to queue
[2026-02-12T11:33:44.713+0800] {logging_mixin.py:188} INFO - [2026-02-12T11:33:44.713+0800] {dagbag.py:540} INFO - Filling up the DagBag from /Users/linghuchong/miniconda3/envs/py310/lib/python3.10/site-packages/airflow/example_dags/example_params_trigger_ui.py
[2026-02-12T11:33:44.751+0800] {processor.py:840} INFO - DAG(s) 'example_params_trigger_ui' retrieved from /Users/linghuchong/miniconda3/envs/py310/lib/python3.10/site-packages/airflow/example_dags/example_params_trigger_ui.py
[2026-02-12T11:33:44.891+0800] {logging_mixin.py:188} INFO - [2026-02-12T11:33:44.891+0800] {dag.py:3047} INFO - Sync 1 DAGs
[2026-02-12T11:33:44.900+0800] {logging_mixin.py:188} INFO - [2026-02-12T11:33:44.900+0800] {dag.py:3834} INFO - Setting next_dagrun for example_params_trigger_ui to None, run_after=None
[2026-02-12T11:33:44.921+0800] {processor.py:183} INFO - Processing /Users/linghuchong/miniconda3/envs/py310/lib/python3.10/site-packages/airflow/example_dags/example_params_trigger_ui.py took 0.210 seconds
[2026-02-12T11:36:41.113+0800] {processor.py:161} INFO - Started process (PID=4112) to work on /Users/linghuchong/miniconda3/envs/py310/lib/python3.10/site-packages/airflow/example_dags/example_params_trigger_ui.py
[2026-02-12T11:36:41.115+0800] {processor.py:830} INFO - Processing file /Users/linghuchong/miniconda3/envs/py310/lib/python3.10/site-packages/airflow/example_dags/example_params_trigger_ui.py for tasks to queue
[2026-02-12T11:36:41.116+0800] {logging_mixin.py:188} INFO - [2026-02-12T11:36:41.116+0800] {dagbag.py:540} INFO - Filling up the DagBag from /Users/linghuchong/miniconda3/envs/py310/lib/python3.10/site-packages/airflow/example_dags/example_params_trigger_ui.py
[2026-02-12T11:36:41.158+0800] {processor.py:840} INFO - DAG(s) 'example_params_trigger_ui' retrieved from /Users/linghuchong/miniconda3/envs/py310/lib/python3.10/site-packages/airflow/example_dags/example_params_trigger_ui.py
[2026-02-12T11:36:41.329+0800] {logging_mixin.py:188} INFO - [2026-02-12T11:36:41.329+0800] {dag.py:3047} INFO - Sync 1 DAGs
[2026-02-12T11:36:41.339+0800] {logging_mixin.py:188} INFO - [2026-02-12T11:36:41.339+0800] {dag.py:3834} INFO - Setting next_dagrun for example_params_trigger_ui to None, run_after=None
[2026-02-12T11:36:41.361+0800] {processor.py:183} INFO - Processing /Users/linghuchong/miniconda3/envs/py310/lib/python3.10/site-packages/airflow/example_dags/example_params_trigger_ui.py took 0.248 seconds
[2026-02-12T11:39:33.270+0800] {processor.py:161} INFO - Started process (PID=4343) to work on /Users/linghuchong/miniconda3/envs/py310/lib/python3.10/site-packages/airflow/example_dags/example_params_trigger_ui.py
[2026-02-12T11:39:33.273+0800] {processor.py:830} INFO - Processing file /Users/linghuchong/miniconda3/envs/py310/lib/python3.10/site-packages/airflow/example_dags/example_params_trigger_ui.py for tasks to queue
[2026-02-12T11:39:33.274+0800] {logging_mixin.py:188} INFO - [2026-02-12T11:39:33.273+0800] {dagbag.py:540} INFO - Filling up the DagBag from /Users/linghuchong/miniconda3/envs/py310/lib/python3.10/site-packages/airflow/example_dags/example_params_trigger_ui.py
[2026-02-12T11:39:33.312+0800] {processor.py:840} INFO - DAG(s) 'example_params_trigger_ui' retrieved from /Users/linghuchong/miniconda3/envs/py310/lib/python3.10/site-packages/airflow/example_dags/example_params_trigger_ui.py
[2026-02-12T11:39:33.344+0800] {logging_mixin.py:188} INFO - [2026-02-12T11:39:33.343+0800] {dag.py:3047} INFO - Sync 1 DAGs
[2026-02-12T11:39:33.435+0800] {logging_mixin.py:188} INFO - [2026-02-12T11:39:33.435+0800] {dag.py:3834} INFO - Setting next_dagrun for example_params_trigger_ui to None, run_after=None
[2026-02-12T11:39:33.454+0800] {processor.py:183} INFO - Processing /Users/linghuchong/miniconda3/envs/py310/lib/python3.10/site-packages/airflow/example_dags/example_params_trigger_ui.py took 0.184 seconds
[2026-02-12T11:44:25.290+0800] {processor.py:161} INFO - Started process (PID=4572) to work on /Users/linghuchong/miniconda3/envs/py310/lib/python3.10/site-packages/airflow/example_dags/example_params_trigger_ui.py
[2026-02-12T11:44:25.293+0800] {processor.py:830} INFO - Processing file /Users/linghuchong/miniconda3/envs/py310/lib/python3.10/site-packages/airflow/example_dags/example_params_trigger_ui.py for tasks to queue
[2026-02-12T11:44:25.294+0800] {logging_mixin.py:188} INFO - [2026-02-12T11:44:25.294+0800] {dagbag.py:540} INFO - Filling up the DagBag from /Users/linghuchong/miniconda3/envs/py310/lib/python3.10/site-packages/airflow/example_dags/example_params_trigger_ui.py
[2026-02-12T11:44:25.330+0800] {processor.py:840} INFO - DAG(s) 'example_params_trigger_ui' retrieved from /Users/linghuchong/miniconda3/envs/py310/lib/python3.10/site-packages/airflow/example_dags/example_params_trigger_ui.py
[2026-02-12T11:44:25.552+0800] {logging_mixin.py:188} INFO - [2026-02-12T11:44:25.552+0800] {dag.py:3047} INFO - Sync 1 DAGs
[2026-02-12T11:44:25.561+0800] {logging_mixin.py:188} INFO - [2026-02-12T11:44:25.560+0800] {dag.py:3834} INFO - Setting next_dagrun for example_params_trigger_ui to None, run_after=None
[2026-02-12T11:44:25.581+0800] {processor.py:183} INFO - Processing /Users/linghuchong/miniconda3/envs/py310/lib/python3.10/site-packages/airflow/example_dags/example_params_trigger_ui.py took 0.292 seconds
[2026-02-12T11:47:13.756+0800] {processor.py:161} INFO - Started process (PID=4681) to work on /Users/linghuchong/miniconda3/envs/py310/lib/python3.10/site-packages/airflow/example_dags/example_params_trigger_ui.py
[2026-02-12T11:47:13.759+0800] {processor.py:830} INFO - Processing file /Users/linghuchong/miniconda3/envs/py310/lib/python3.10/site-packages/airflow/example_dags/example_params_trigger_ui.py for tasks to queue
[2026-02-12T11:47:13.760+0800] {logging_mixin.py:188} INFO - [2026-02-12T11:47:13.759+0800] {dagbag.py:540} INFO - Filling up the DagBag from /Users/linghuchong/miniconda3/envs/py310/lib/python3.10/site-packages/airflow/example_dags/example_params_trigger_ui.py
[2026-02-12T11:47:13.798+0800] {processor.py:840} INFO - DAG(s) 'example_params_trigger_ui' retrieved from /Users/linghuchong/miniconda3/envs/py310/lib/python3.10/site-packages/airflow/example_dags/example_params_trigger_ui.py
[2026-02-12T11:47:13.960+0800] {logging_mixin.py:188} INFO - [2026-02-12T11:47:13.960+0800] {dag.py:3047} INFO - Sync 1 DAGs
[2026-02-12T11:47:13.970+0800] {logging_mixin.py:188} INFO - [2026-02-12T11:47:13.970+0800] {dag.py:3834} INFO - Setting next_dagrun for example_params_trigger_ui to None, run_after=None
[2026-02-12T11:47:13.993+0800] {processor.py:183} INFO - Processing /Users/linghuchong/miniconda3/envs/py310/lib/python3.10/site-packages/airflow/example_dags/example_params_trigger_ui.py took 0.238 seconds
[2026-02-12T11:50:06.008+0800] {processor.py:161} INFO - Started process (PID=4741) to work on /Users/linghuchong/miniconda3/envs/py310/lib/python3.10/site-packages/airflow/example_dags/example_params_trigger_ui.py
[2026-02-12T11:50:06.009+0800] {processor.py:830} INFO - Processing file /Users/linghuchong/miniconda3/envs/py310/lib/python3.10/site-packages/airflow/example_dags/example_params_trigger_ui.py for tasks to queue
[2026-02-12T11:50:06.010+0800] {logging_mixin.py:188} INFO - [2026-02-12T11:50:06.010+0800] {dagbag.py:540} INFO - Filling up the DagBag from /Users/linghuchong/miniconda3/envs/py310/lib/python3.10/site-packages/airflow/example_dags/example_params_trigger_ui.py
[2026-02-12T11:50:06.051+0800] {processor.py:840} INFO - DAG(s) 'example_params_trigger_ui' retrieved from /Users/linghuchong/miniconda3/envs/py310/lib/python3.10/site-packages/airflow/example_dags/example_params_trigger_ui.py
[2026-02-12T11:50:06.208+0800] {logging_mixin.py:188} INFO - [2026-02-12T11:50:06.207+0800] {dag.py:3047} INFO - Sync 1 DAGs
[2026-02-12T11:50:06.218+0800] {logging_mixin.py:188} INFO - [2026-02-12T11:50:06.218+0800] {dag.py:3834} INFO - Setting next_dagrun for example_params_trigger_ui to None, run_after=None
[2026-02-12T11:50:06.240+0800] {processor.py:183} INFO - Processing /Users/linghuchong/miniconda3/envs/py310/lib/python3.10/site-packages/airflow/example_dags/example_params_trigger_ui.py took 0.233 seconds
[2026-02-12T11:52:48.608+0800] {processor.py:161} INFO - Started process (PID=4797) to work on /Users/linghuchong/miniconda3/envs/py310/lib/python3.10/site-packages/airflow/example_dags/example_params_trigger_ui.py
[2026-02-12T11:52:48.609+0800] {processor.py:830} INFO - Processing file /Users/linghuchong/miniconda3/envs/py310/lib/python3.10/site-packages/airflow/example_dags/example_params_trigger_ui.py for tasks to queue
[2026-02-12T11:52:48.610+0800] {logging_mixin.py:188} INFO - [2026-02-12T11:52:48.610+0800] {dagbag.py:540} INFO - Filling up the DagBag from /Users/linghuchong/miniconda3/envs/py310/lib/python3.10/site-packages/airflow/example_dags/example_params_trigger_ui.py
[2026-02-12T11:52:48.649+0800] {processor.py:840} INFO - DAG(s) 'example_params_trigger_ui' retrieved from /Users/linghuchong/miniconda3/envs/py310/lib/python3.10/site-packages/airflow/example_dags/example_params_trigger_ui.py
[2026-02-12T11:52:48.785+0800] {logging_mixin.py:188} INFO - [2026-02-12T11:52:48.784+0800] {dag.py:3047} INFO - Sync 1 DAGs
[2026-02-12T11:52:48.793+0800] {logging_mixin.py:188} INFO - [2026-02-12T11:52:48.793+0800] {dag.py:3834} INFO - Setting next_dagrun for example_params_trigger_ui to None, run_after=None
[2026-02-12T11:52:48.813+0800] {processor.py:183} INFO - Processing /Users/linghuchong/miniconda3/envs/py310/lib/python3.10/site-packages/airflow/example_dags/example_params_trigger_ui.py took 0.206 seconds
