[2026-02-12T10:42:44.772+0800] {processor.py:161} INFO - Started process (PID=2125) to work on /Users/linghuchong/miniconda3/envs/py310/lib/python3.10/site-packages/airflow/example_dags/example_setup_teardown.py
[2026-02-12T10:42:44.772+0800] {processor.py:830} INFO - Processing file /Users/linghuchong/miniconda3/envs/py310/lib/python3.10/site-packages/airflow/example_dags/example_setup_teardown.py for tasks to queue
[2026-02-12T10:42:44.773+0800] {logging_mixin.py:188} INFO - [2026-02-12T10:42:44.773+0800] {dagbag.py:540} INFO - Filling up the DagBag from /Users/linghuchong/miniconda3/envs/py310/lib/python3.10/site-packages/airflow/example_dags/example_setup_teardown.py
[2026-02-12T10:42:44.781+0800] {processor.py:840} INFO - DAG(s) 'example_setup_teardown' retrieved from /Users/linghuchong/miniconda3/envs/py310/lib/python3.10/site-packages/airflow/example_dags/example_setup_teardown.py
[2026-02-12T10:42:44.893+0800] {logging_mixin.py:188} INFO - [2026-02-12T10:42:44.893+0800] {dag.py:3047} INFO - Sync 1 DAGs
[2026-02-12T10:42:44.909+0800] {logging_mixin.py:188} INFO - [2026-02-12T10:42:44.909+0800] {dag.py:3834} INFO - Setting next_dagrun for example_setup_teardown to 2026-02-11 00:00:00+00:00, run_after=2026-02-12 00:00:00+00:00
[2026-02-12T10:42:44.929+0800] {processor.py:183} INFO - Processing /Users/linghuchong/miniconda3/envs/py310/lib/python3.10/site-packages/airflow/example_dags/example_setup_teardown.py took 0.158 seconds
[2026-02-12T10:46:24.800+0800] {processor.py:161} INFO - Started process (PID=2263) to work on /Users/linghuchong/miniconda3/envs/py310/lib/python3.10/site-packages/airflow/example_dags/example_setup_teardown.py
[2026-02-12T10:46:24.802+0800] {processor.py:830} INFO - Processing file /Users/linghuchong/miniconda3/envs/py310/lib/python3.10/site-packages/airflow/example_dags/example_setup_teardown.py for tasks to queue
[2026-02-12T10:46:24.803+0800] {logging_mixin.py:188} INFO - [2026-02-12T10:46:24.803+0800] {dagbag.py:540} INFO - Filling up the DagBag from /Users/linghuchong/miniconda3/envs/py310/lib/python3.10/site-packages/airflow/example_dags/example_setup_teardown.py
[2026-02-12T10:46:24.811+0800] {processor.py:840} INFO - DAG(s) 'example_setup_teardown' retrieved from /Users/linghuchong/miniconda3/envs/py310/lib/python3.10/site-packages/airflow/example_dags/example_setup_teardown.py
[2026-02-12T10:46:24.925+0800] {logging_mixin.py:188} INFO - [2026-02-12T10:46:24.925+0800] {dag.py:3047} INFO - Sync 1 DAGs
[2026-02-12T10:46:24.943+0800] {logging_mixin.py:188} INFO - [2026-02-12T10:46:24.942+0800] {dag.py:3834} INFO - Setting next_dagrun for example_setup_teardown to 2026-02-11 00:00:00+00:00, run_after=2026-02-12 00:00:00+00:00
[2026-02-12T10:46:24.960+0800] {processor.py:183} INFO - Processing /Users/linghuchong/miniconda3/envs/py310/lib/python3.10/site-packages/airflow/example_dags/example_setup_teardown.py took 0.161 seconds
[2026-02-12T10:49:46.533+0800] {processor.py:161} INFO - Started process (PID=2371) to work on /Users/linghuchong/miniconda3/envs/py310/lib/python3.10/site-packages/airflow/example_dags/example_setup_teardown.py
[2026-02-12T10:49:46.534+0800] {processor.py:830} INFO - Processing file /Users/linghuchong/miniconda3/envs/py310/lib/python3.10/site-packages/airflow/example_dags/example_setup_teardown.py for tasks to queue
[2026-02-12T10:49:46.535+0800] {logging_mixin.py:188} INFO - [2026-02-12T10:49:46.535+0800] {dagbag.py:540} INFO - Filling up the DagBag from /Users/linghuchong/miniconda3/envs/py310/lib/python3.10/site-packages/airflow/example_dags/example_setup_teardown.py
[2026-02-12T10:49:46.543+0800] {processor.py:840} INFO - DAG(s) 'example_setup_teardown' retrieved from /Users/linghuchong/miniconda3/envs/py310/lib/python3.10/site-packages/airflow/example_dags/example_setup_teardown.py
[2026-02-12T10:49:46.673+0800] {logging_mixin.py:188} INFO - [2026-02-12T10:49:46.673+0800] {dag.py:3047} INFO - Sync 1 DAGs
[2026-02-12T10:49:46.692+0800] {logging_mixin.py:188} INFO - [2026-02-12T10:49:46.692+0800] {dag.py:3834} INFO - Setting next_dagrun for example_setup_teardown to 2026-02-11 00:00:00+00:00, run_after=2026-02-12 00:00:00+00:00
[2026-02-12T10:49:46.712+0800] {processor.py:183} INFO - Processing /Users/linghuchong/miniconda3/envs/py310/lib/python3.10/site-packages/airflow/example_dags/example_setup_teardown.py took 0.180 seconds
[2026-02-12T10:52:31.152+0800] {processor.py:161} INFO - Started process (PID=2443) to work on /Users/linghuchong/miniconda3/envs/py310/lib/python3.10/site-packages/airflow/example_dags/example_setup_teardown.py
[2026-02-12T10:52:31.153+0800] {processor.py:830} INFO - Processing file /Users/linghuchong/miniconda3/envs/py310/lib/python3.10/site-packages/airflow/example_dags/example_setup_teardown.py for tasks to queue
[2026-02-12T10:52:31.153+0800] {logging_mixin.py:188} INFO - [2026-02-12T10:52:31.153+0800] {dagbag.py:540} INFO - Filling up the DagBag from /Users/linghuchong/miniconda3/envs/py310/lib/python3.10/site-packages/airflow/example_dags/example_setup_teardown.py
[2026-02-12T10:52:31.161+0800] {processor.py:840} INFO - DAG(s) 'example_setup_teardown' retrieved from /Users/linghuchong/miniconda3/envs/py310/lib/python3.10/site-packages/airflow/example_dags/example_setup_teardown.py
[2026-02-12T10:52:31.268+0800] {logging_mixin.py:188} INFO - [2026-02-12T10:52:31.267+0800] {dag.py:3047} INFO - Sync 1 DAGs
[2026-02-12T10:52:31.284+0800] {logging_mixin.py:188} INFO - [2026-02-12T10:52:31.284+0800] {dag.py:3834} INFO - Setting next_dagrun for example_setup_teardown to 2026-02-11 00:00:00+00:00, run_after=2026-02-12 00:00:00+00:00
[2026-02-12T10:52:31.304+0800] {processor.py:183} INFO - Processing /Users/linghuchong/miniconda3/envs/py310/lib/python3.10/site-packages/airflow/example_dags/example_setup_teardown.py took 0.152 seconds
[2026-02-12T10:55:12.390+0800] {processor.py:161} INFO - Started process (PID=2512) to work on /Users/linghuchong/miniconda3/envs/py310/lib/python3.10/site-packages/airflow/example_dags/example_setup_teardown.py
[2026-02-12T10:55:12.391+0800] {processor.py:830} INFO - Processing file /Users/linghuchong/miniconda3/envs/py310/lib/python3.10/site-packages/airflow/example_dags/example_setup_teardown.py for tasks to queue
[2026-02-12T10:55:12.391+0800] {logging_mixin.py:188} INFO - [2026-02-12T10:55:12.391+0800] {dagbag.py:540} INFO - Filling up the DagBag from /Users/linghuchong/miniconda3/envs/py310/lib/python3.10/site-packages/airflow/example_dags/example_setup_teardown.py
[2026-02-12T10:55:12.399+0800] {processor.py:840} INFO - DAG(s) 'example_setup_teardown' retrieved from /Users/linghuchong/miniconda3/envs/py310/lib/python3.10/site-packages/airflow/example_dags/example_setup_teardown.py
[2026-02-12T10:55:12.510+0800] {logging_mixin.py:188} INFO - [2026-02-12T10:55:12.509+0800] {dag.py:3047} INFO - Sync 1 DAGs
[2026-02-12T10:55:12.526+0800] {logging_mixin.py:188} INFO - [2026-02-12T10:55:12.526+0800] {dag.py:3834} INFO - Setting next_dagrun for example_setup_teardown to 2026-02-11 00:00:00+00:00, run_after=2026-02-12 00:00:00+00:00
[2026-02-12T10:55:12.548+0800] {processor.py:183} INFO - Processing /Users/linghuchong/miniconda3/envs/py310/lib/python3.10/site-packages/airflow/example_dags/example_setup_teardown.py took 0.159 seconds
[2026-02-12T11:05:38.758+0800] {processor.py:161} INFO - Started process (PID=2659) to work on /Users/linghuchong/miniconda3/envs/py310/lib/python3.10/site-packages/airflow/example_dags/example_setup_teardown.py
[2026-02-12T11:05:38.762+0800] {processor.py:830} INFO - Processing file /Users/linghuchong/miniconda3/envs/py310/lib/python3.10/site-packages/airflow/example_dags/example_setup_teardown.py for tasks to queue
[2026-02-12T11:05:38.763+0800] {logging_mixin.py:188} INFO - [2026-02-12T11:05:38.763+0800] {dagbag.py:540} INFO - Filling up the DagBag from /Users/linghuchong/miniconda3/envs/py310/lib/python3.10/site-packages/airflow/example_dags/example_setup_teardown.py
[2026-02-12T11:05:38.773+0800] {processor.py:840} INFO - DAG(s) 'example_setup_teardown' retrieved from /Users/linghuchong/miniconda3/envs/py310/lib/python3.10/site-packages/airflow/example_dags/example_setup_teardown.py
[2026-02-12T11:05:38.908+0800] {logging_mixin.py:188} INFO - [2026-02-12T11:05:38.908+0800] {dag.py:3047} INFO - Sync 1 DAGs
[2026-02-12T11:05:38.935+0800] {logging_mixin.py:188} INFO - [2026-02-12T11:05:38.935+0800] {dag.py:3834} INFO - Setting next_dagrun for example_setup_teardown to 2026-02-11 00:00:00+00:00, run_after=2026-02-12 00:00:00+00:00
[2026-02-12T11:05:38.962+0800] {processor.py:183} INFO - Processing /Users/linghuchong/miniconda3/envs/py310/lib/python3.10/site-packages/airflow/example_dags/example_setup_teardown.py took 0.205 seconds
[2026-02-12T11:08:38.968+0800] {processor.py:161} INFO - Started process (PID=2831) to work on /Users/linghuchong/miniconda3/envs/py310/lib/python3.10/site-packages/airflow/example_dags/example_setup_teardown.py
[2026-02-12T11:08:38.969+0800] {processor.py:830} INFO - Processing file /Users/linghuchong/miniconda3/envs/py310/lib/python3.10/site-packages/airflow/example_dags/example_setup_teardown.py for tasks to queue
[2026-02-12T11:08:38.970+0800] {logging_mixin.py:188} INFO - [2026-02-12T11:08:38.970+0800] {dagbag.py:540} INFO - Filling up the DagBag from /Users/linghuchong/miniconda3/envs/py310/lib/python3.10/site-packages/airflow/example_dags/example_setup_teardown.py
[2026-02-12T11:08:38.981+0800] {processor.py:840} INFO - DAG(s) 'example_setup_teardown' retrieved from /Users/linghuchong/miniconda3/envs/py310/lib/python3.10/site-packages/airflow/example_dags/example_setup_teardown.py
[2026-02-12T11:08:39.119+0800] {logging_mixin.py:188} INFO - [2026-02-12T11:08:39.119+0800] {dag.py:3047} INFO - Sync 1 DAGs
[2026-02-12T11:08:39.141+0800] {logging_mixin.py:188} INFO - [2026-02-12T11:08:39.141+0800] {dag.py:3834} INFO - Setting next_dagrun for example_setup_teardown to 2026-02-11 00:00:00+00:00, run_after=2026-02-12 00:00:00+00:00
[2026-02-12T11:08:39.170+0800] {processor.py:183} INFO - Processing /Users/linghuchong/miniconda3/envs/py310/lib/python3.10/site-packages/airflow/example_dags/example_setup_teardown.py took 0.203 seconds
[2026-02-12T11:11:18.856+0800] {processor.py:161} INFO - Started process (PID=2926) to work on /Users/linghuchong/miniconda3/envs/py310/lib/python3.10/site-packages/airflow/example_dags/example_setup_teardown.py
[2026-02-12T11:11:18.856+0800] {processor.py:830} INFO - Processing file /Users/linghuchong/miniconda3/envs/py310/lib/python3.10/site-packages/airflow/example_dags/example_setup_teardown.py for tasks to queue
[2026-02-12T11:11:18.857+0800] {logging_mixin.py:188} INFO - [2026-02-12T11:11:18.857+0800] {dagbag.py:540} INFO - Filling up the DagBag from /Users/linghuchong/miniconda3/envs/py310/lib/python3.10/site-packages/airflow/example_dags/example_setup_teardown.py
[2026-02-12T11:11:18.865+0800] {processor.py:840} INFO - DAG(s) 'example_setup_teardown' retrieved from /Users/linghuchong/miniconda3/envs/py310/lib/python3.10/site-packages/airflow/example_dags/example_setup_teardown.py
[2026-02-12T11:11:18.981+0800] {logging_mixin.py:188} INFO - [2026-02-12T11:11:18.980+0800] {dag.py:3047} INFO - Sync 1 DAGs
[2026-02-12T11:11:18.998+0800] {logging_mixin.py:188} INFO - [2026-02-12T11:11:18.998+0800] {dag.py:3834} INFO - Setting next_dagrun for example_setup_teardown to 2026-02-11 00:00:00+00:00, run_after=2026-02-12 00:00:00+00:00
[2026-02-12T11:11:19.020+0800] {processor.py:183} INFO - Processing /Users/linghuchong/miniconda3/envs/py310/lib/python3.10/site-packages/airflow/example_dags/example_setup_teardown.py took 0.165 seconds
[2026-02-12T11:13:56.694+0800] {processor.py:161} INFO - Started process (PID=2988) to work on /Users/linghuchong/miniconda3/envs/py310/lib/python3.10/site-packages/airflow/example_dags/example_setup_teardown.py
[2026-02-12T11:13:56.695+0800] {processor.py:830} INFO - Processing file /Users/linghuchong/miniconda3/envs/py310/lib/python3.10/site-packages/airflow/example_dags/example_setup_teardown.py for tasks to queue
[2026-02-12T11:13:56.696+0800] {logging_mixin.py:188} INFO - [2026-02-12T11:13:56.696+0800] {dagbag.py:540} INFO - Filling up the DagBag from /Users/linghuchong/miniconda3/envs/py310/lib/python3.10/site-packages/airflow/example_dags/example_setup_teardown.py
[2026-02-12T11:13:56.703+0800] {processor.py:840} INFO - DAG(s) 'example_setup_teardown' retrieved from /Users/linghuchong/miniconda3/envs/py310/lib/python3.10/site-packages/airflow/example_dags/example_setup_teardown.py
[2026-02-12T11:13:56.813+0800] {logging_mixin.py:188} INFO - [2026-02-12T11:13:56.813+0800] {dag.py:3047} INFO - Sync 1 DAGs
[2026-02-12T11:13:56.831+0800] {logging_mixin.py:188} INFO - [2026-02-12T11:13:56.831+0800] {dag.py:3834} INFO - Setting next_dagrun for example_setup_teardown to 2026-02-11 00:00:00+00:00, run_after=2026-02-12 00:00:00+00:00
[2026-02-12T11:13:56.851+0800] {processor.py:183} INFO - Processing /Users/linghuchong/miniconda3/envs/py310/lib/python3.10/site-packages/airflow/example_dags/example_setup_teardown.py took 0.157 seconds
