[2026-02-12T10:41:42.176+0800] {processor.py:161} INFO - Started process (PID=2066) to work on /Users/linghuchong/miniconda3/envs/py310/lib/python3.10/site-packages/airflow/example_dags/tutorial_objectstorage.py
[2026-02-12T10:41:42.178+0800] {processor.py:830} INFO - Processing file /Users/linghuchong/miniconda3/envs/py310/lib/python3.10/site-packages/airflow/example_dags/tutorial_objectstorage.py for tasks to queue
[2026-02-12T10:41:42.179+0800] {logging_mixin.py:188} INFO - [2026-02-12T10:41:42.178+0800] {dagbag.py:540} INFO - Filling up the DagBag from /Users/linghuchong/miniconda3/envs/py310/lib/python3.10/site-packages/airflow/example_dags/tutorial_objectstorage.py
[2026-02-12T10:41:42.363+0800] {processor.py:840} INFO - DAG(s) 'tutorial_objectstorage' retrieved from /Users/linghuchong/miniconda3/envs/py310/lib/python3.10/site-packages/airflow/example_dags/tutorial_objectstorage.py
[2026-02-12T10:41:42.489+0800] {logging_mixin.py:188} INFO - [2026-02-12T10:41:42.488+0800] {dag.py:3047} INFO - Sync 1 DAGs
[2026-02-12T10:41:42.499+0800] {logging_mixin.py:188} INFO - [2026-02-12T10:41:42.499+0800] {dag.py:3834} INFO - Setting next_dagrun for tutorial_objectstorage to None, run_after=None
[2026-02-12T10:41:42.517+0800] {processor.py:183} INFO - Processing /Users/linghuchong/miniconda3/envs/py310/lib/python3.10/site-packages/airflow/example_dags/tutorial_objectstorage.py took 0.342 seconds
[2026-02-12T10:43:35.953+0800] {processor.py:161} INFO - Started process (PID=2159) to work on /Users/linghuchong/miniconda3/envs/py310/lib/python3.10/site-packages/airflow/example_dags/tutorial_objectstorage.py
[2026-02-12T10:43:35.956+0800] {processor.py:830} INFO - Processing file /Users/linghuchong/miniconda3/envs/py310/lib/python3.10/site-packages/airflow/example_dags/tutorial_objectstorage.py for tasks to queue
[2026-02-12T10:43:35.957+0800] {logging_mixin.py:188} INFO - [2026-02-12T10:43:35.957+0800] {dagbag.py:540} INFO - Filling up the DagBag from /Users/linghuchong/miniconda3/envs/py310/lib/python3.10/site-packages/airflow/example_dags/tutorial_objectstorage.py
[2026-02-12T10:43:36.114+0800] {processor.py:840} INFO - DAG(s) 'tutorial_objectstorage' retrieved from /Users/linghuchong/miniconda3/envs/py310/lib/python3.10/site-packages/airflow/example_dags/tutorial_objectstorage.py
[2026-02-12T10:43:36.218+0800] {logging_mixin.py:188} INFO - [2026-02-12T10:43:36.218+0800] {dag.py:3047} INFO - Sync 1 DAGs
[2026-02-12T10:43:36.228+0800] {logging_mixin.py:188} INFO - [2026-02-12T10:43:36.227+0800] {dag.py:3834} INFO - Setting next_dagrun for tutorial_objectstorage to None, run_after=None
[2026-02-12T10:43:36.247+0800] {processor.py:183} INFO - Processing /Users/linghuchong/miniconda3/envs/py310/lib/python3.10/site-packages/airflow/example_dags/tutorial_objectstorage.py took 0.295 seconds
[2026-02-12T10:45:22.885+0800] {processor.py:161} INFO - Started process (PID=2237) to work on /Users/linghuchong/miniconda3/envs/py310/lib/python3.10/site-packages/airflow/example_dags/tutorial_objectstorage.py
[2026-02-12T10:45:22.888+0800] {processor.py:830} INFO - Processing file /Users/linghuchong/miniconda3/envs/py310/lib/python3.10/site-packages/airflow/example_dags/tutorial_objectstorage.py for tasks to queue
[2026-02-12T10:45:22.888+0800] {logging_mixin.py:188} INFO - [2026-02-12T10:45:22.888+0800] {dagbag.py:540} INFO - Filling up the DagBag from /Users/linghuchong/miniconda3/envs/py310/lib/python3.10/site-packages/airflow/example_dags/tutorial_objectstorage.py
[2026-02-12T10:45:23.049+0800] {processor.py:840} INFO - DAG(s) 'tutorial_objectstorage' retrieved from /Users/linghuchong/miniconda3/envs/py310/lib/python3.10/site-packages/airflow/example_dags/tutorial_objectstorage.py
[2026-02-12T10:45:23.161+0800] {logging_mixin.py:188} INFO - [2026-02-12T10:45:23.160+0800] {dag.py:3047} INFO - Sync 1 DAGs
[2026-02-12T10:45:23.172+0800] {logging_mixin.py:188} INFO - [2026-02-12T10:45:23.171+0800] {dag.py:3834} INFO - Setting next_dagrun for tutorial_objectstorage to None, run_after=None
[2026-02-12T10:45:23.190+0800] {processor.py:183} INFO - Processing /Users/linghuchong/miniconda3/envs/py310/lib/python3.10/site-packages/airflow/example_dags/tutorial_objectstorage.py took 0.306 seconds
[2026-02-12T10:48:44.425+0800] {processor.py:161} INFO - Started process (PID=2340) to work on /Users/linghuchong/miniconda3/envs/py310/lib/python3.10/site-packages/airflow/example_dags/tutorial_objectstorage.py
[2026-02-12T10:48:44.426+0800] {processor.py:830} INFO - Processing file /Users/linghuchong/miniconda3/envs/py310/lib/python3.10/site-packages/airflow/example_dags/tutorial_objectstorage.py for tasks to queue
[2026-02-12T10:48:44.427+0800] {logging_mixin.py:188} INFO - [2026-02-12T10:48:44.427+0800] {dagbag.py:540} INFO - Filling up the DagBag from /Users/linghuchong/miniconda3/envs/py310/lib/python3.10/site-packages/airflow/example_dags/tutorial_objectstorage.py
[2026-02-12T10:48:44.601+0800] {processor.py:840} INFO - DAG(s) 'tutorial_objectstorage' retrieved from /Users/linghuchong/miniconda3/envs/py310/lib/python3.10/site-packages/airflow/example_dags/tutorial_objectstorage.py
[2026-02-12T10:48:44.710+0800] {logging_mixin.py:188} INFO - [2026-02-12T10:48:44.709+0800] {dag.py:3047} INFO - Sync 1 DAGs
[2026-02-12T10:48:44.720+0800] {logging_mixin.py:188} INFO - [2026-02-12T10:48:44.719+0800] {dag.py:3834} INFO - Setting next_dagrun for tutorial_objectstorage to None, run_after=None
[2026-02-12T10:48:44.740+0800] {processor.py:183} INFO - Processing /Users/linghuchong/miniconda3/envs/py310/lib/python3.10/site-packages/airflow/example_dags/tutorial_objectstorage.py took 0.316 seconds
[2026-02-12T10:51:32.178+0800] {processor.py:161} INFO - Started process (PID=2412) to work on /Users/linghuchong/miniconda3/envs/py310/lib/python3.10/site-packages/airflow/example_dags/tutorial_objectstorage.py
[2026-02-12T10:51:32.178+0800] {processor.py:830} INFO - Processing file /Users/linghuchong/miniconda3/envs/py310/lib/python3.10/site-packages/airflow/example_dags/tutorial_objectstorage.py for tasks to queue
[2026-02-12T10:51:32.179+0800] {logging_mixin.py:188} INFO - [2026-02-12T10:51:32.179+0800] {dagbag.py:540} INFO - Filling up the DagBag from /Users/linghuchong/miniconda3/envs/py310/lib/python3.10/site-packages/airflow/example_dags/tutorial_objectstorage.py
[2026-02-12T10:51:32.349+0800] {processor.py:840} INFO - DAG(s) 'tutorial_objectstorage' retrieved from /Users/linghuchong/miniconda3/envs/py310/lib/python3.10/site-packages/airflow/example_dags/tutorial_objectstorage.py
[2026-02-12T10:51:32.461+0800] {logging_mixin.py:188} INFO - [2026-02-12T10:51:32.461+0800] {dag.py:3047} INFO - Sync 1 DAGs
[2026-02-12T10:51:32.472+0800] {logging_mixin.py:188} INFO - [2026-02-12T10:51:32.472+0800] {dag.py:3834} INFO - Setting next_dagrun for tutorial_objectstorage to None, run_after=None
[2026-02-12T10:51:32.491+0800] {processor.py:183} INFO - Processing /Users/linghuchong/miniconda3/envs/py310/lib/python3.10/site-packages/airflow/example_dags/tutorial_objectstorage.py took 0.314 seconds
[2026-02-12T10:54:12.681+0800] {processor.py:161} INFO - Started process (PID=2488) to work on /Users/linghuchong/miniconda3/envs/py310/lib/python3.10/site-packages/airflow/example_dags/tutorial_objectstorage.py
[2026-02-12T10:54:12.682+0800] {processor.py:830} INFO - Processing file /Users/linghuchong/miniconda3/envs/py310/lib/python3.10/site-packages/airflow/example_dags/tutorial_objectstorage.py for tasks to queue
[2026-02-12T10:54:12.683+0800] {logging_mixin.py:188} INFO - [2026-02-12T10:54:12.682+0800] {dagbag.py:540} INFO - Filling up the DagBag from /Users/linghuchong/miniconda3/envs/py310/lib/python3.10/site-packages/airflow/example_dags/tutorial_objectstorage.py
[2026-02-12T10:54:12.854+0800] {processor.py:840} INFO - DAG(s) 'tutorial_objectstorage' retrieved from /Users/linghuchong/miniconda3/envs/py310/lib/python3.10/site-packages/airflow/example_dags/tutorial_objectstorage.py
[2026-02-12T10:54:12.961+0800] {logging_mixin.py:188} INFO - [2026-02-12T10:54:12.961+0800] {dag.py:3047} INFO - Sync 1 DAGs
[2026-02-12T10:54:12.971+0800] {logging_mixin.py:188} INFO - [2026-02-12T10:54:12.970+0800] {dag.py:3834} INFO - Setting next_dagrun for tutorial_objectstorage to None, run_after=None
[2026-02-12T10:54:12.990+0800] {processor.py:183} INFO - Processing /Users/linghuchong/miniconda3/envs/py310/lib/python3.10/site-packages/airflow/example_dags/tutorial_objectstorage.py took 0.310 seconds
[2026-02-12T11:04:36.333+0800] {processor.py:161} INFO - Started process (PID=2619) to work on /Users/linghuchong/miniconda3/envs/py310/lib/python3.10/site-packages/airflow/example_dags/tutorial_objectstorage.py
[2026-02-12T11:04:36.334+0800] {processor.py:830} INFO - Processing file /Users/linghuchong/miniconda3/envs/py310/lib/python3.10/site-packages/airflow/example_dags/tutorial_objectstorage.py for tasks to queue
[2026-02-12T11:04:36.335+0800] {logging_mixin.py:188} INFO - [2026-02-12T11:04:36.335+0800] {dagbag.py:540} INFO - Filling up the DagBag from /Users/linghuchong/miniconda3/envs/py310/lib/python3.10/site-packages/airflow/example_dags/tutorial_objectstorage.py
[2026-02-12T11:04:36.510+0800] {processor.py:840} INFO - DAG(s) 'tutorial_objectstorage' retrieved from /Users/linghuchong/miniconda3/envs/py310/lib/python3.10/site-packages/airflow/example_dags/tutorial_objectstorage.py
[2026-02-12T11:04:36.621+0800] {logging_mixin.py:188} INFO - [2026-02-12T11:04:36.620+0800] {dag.py:3047} INFO - Sync 1 DAGs
[2026-02-12T11:04:36.631+0800] {logging_mixin.py:188} INFO - [2026-02-12T11:04:36.630+0800] {dag.py:3834} INFO - Setting next_dagrun for tutorial_objectstorage to None, run_after=None
[2026-02-12T11:04:36.648+0800] {processor.py:183} INFO - Processing /Users/linghuchong/miniconda3/envs/py310/lib/python3.10/site-packages/airflow/example_dags/tutorial_objectstorage.py took 0.316 seconds
[2026-02-12T11:07:36.376+0800] {processor.py:161} INFO - Started process (PID=2719) to work on /Users/linghuchong/miniconda3/envs/py310/lib/python3.10/site-packages/airflow/example_dags/tutorial_objectstorage.py
[2026-02-12T11:07:36.377+0800] {processor.py:830} INFO - Processing file /Users/linghuchong/miniconda3/envs/py310/lib/python3.10/site-packages/airflow/example_dags/tutorial_objectstorage.py for tasks to queue
[2026-02-12T11:07:36.378+0800] {logging_mixin.py:188} INFO - [2026-02-12T11:07:36.378+0800] {dagbag.py:540} INFO - Filling up the DagBag from /Users/linghuchong/miniconda3/envs/py310/lib/python3.10/site-packages/airflow/example_dags/tutorial_objectstorage.py
[2026-02-12T11:07:36.561+0800] {processor.py:840} INFO - DAG(s) 'tutorial_objectstorage' retrieved from /Users/linghuchong/miniconda3/envs/py310/lib/python3.10/site-packages/airflow/example_dags/tutorial_objectstorage.py
[2026-02-12T11:07:36.671+0800] {logging_mixin.py:188} INFO - [2026-02-12T11:07:36.671+0800] {dag.py:3047} INFO - Sync 1 DAGs
[2026-02-12T11:07:36.680+0800] {logging_mixin.py:188} INFO - [2026-02-12T11:07:36.680+0800] {dag.py:3834} INFO - Setting next_dagrun for tutorial_objectstorage to None, run_after=None
[2026-02-12T11:07:36.699+0800] {processor.py:183} INFO - Processing /Users/linghuchong/miniconda3/envs/py310/lib/python3.10/site-packages/airflow/example_dags/tutorial_objectstorage.py took 0.324 seconds
[2026-02-12T11:10:22.068+0800] {processor.py:161} INFO - Started process (PID=2888) to work on /Users/linghuchong/miniconda3/envs/py310/lib/python3.10/site-packages/airflow/example_dags/tutorial_objectstorage.py
[2026-02-12T11:10:22.070+0800] {processor.py:830} INFO - Processing file /Users/linghuchong/miniconda3/envs/py310/lib/python3.10/site-packages/airflow/example_dags/tutorial_objectstorage.py for tasks to queue
[2026-02-12T11:10:22.072+0800] {logging_mixin.py:188} INFO - [2026-02-12T11:10:22.071+0800] {dagbag.py:540} INFO - Filling up the DagBag from /Users/linghuchong/miniconda3/envs/py310/lib/python3.10/site-packages/airflow/example_dags/tutorial_objectstorage.py
[2026-02-12T11:10:22.299+0800] {processor.py:840} INFO - DAG(s) 'tutorial_objectstorage' retrieved from /Users/linghuchong/miniconda3/envs/py310/lib/python3.10/site-packages/airflow/example_dags/tutorial_objectstorage.py
[2026-02-12T11:10:22.458+0800] {logging_mixin.py:188} INFO - [2026-02-12T11:10:22.458+0800] {dag.py:3047} INFO - Sync 1 DAGs
[2026-02-12T11:10:22.469+0800] {logging_mixin.py:188} INFO - [2026-02-12T11:10:22.469+0800] {dag.py:3834} INFO - Setting next_dagrun for tutorial_objectstorage to None, run_after=None
[2026-02-12T11:10:22.491+0800] {processor.py:183} INFO - Processing /Users/linghuchong/miniconda3/envs/py310/lib/python3.10/site-packages/airflow/example_dags/tutorial_objectstorage.py took 0.425 seconds
[2026-02-12T11:12:59.159+0800] {processor.py:161} INFO - Started process (PID=2966) to work on /Users/linghuchong/miniconda3/envs/py310/lib/python3.10/site-packages/airflow/example_dags/tutorial_objectstorage.py
[2026-02-12T11:12:59.160+0800] {processor.py:830} INFO - Processing file /Users/linghuchong/miniconda3/envs/py310/lib/python3.10/site-packages/airflow/example_dags/tutorial_objectstorage.py for tasks to queue
[2026-02-12T11:12:59.161+0800] {logging_mixin.py:188} INFO - [2026-02-12T11:12:59.161+0800] {dagbag.py:540} INFO - Filling up the DagBag from /Users/linghuchong/miniconda3/envs/py310/lib/python3.10/site-packages/airflow/example_dags/tutorial_objectstorage.py
[2026-02-12T11:12:59.334+0800] {processor.py:840} INFO - DAG(s) 'tutorial_objectstorage' retrieved from /Users/linghuchong/miniconda3/envs/py310/lib/python3.10/site-packages/airflow/example_dags/tutorial_objectstorage.py
[2026-02-12T11:12:59.439+0800] {logging_mixin.py:188} INFO - [2026-02-12T11:12:59.439+0800] {dag.py:3047} INFO - Sync 1 DAGs
[2026-02-12T11:12:59.447+0800] {logging_mixin.py:188} INFO - [2026-02-12T11:12:59.447+0800] {dag.py:3834} INFO - Setting next_dagrun for tutorial_objectstorage to None, run_after=None
[2026-02-12T11:12:59.466+0800] {processor.py:183} INFO - Processing /Users/linghuchong/miniconda3/envs/py310/lib/python3.10/site-packages/airflow/example_dags/tutorial_objectstorage.py took 0.308 seconds
[2026-02-12T11:15:42.496+0800] {processor.py:161} INFO - Started process (PID=3225) to work on /Users/linghuchong/miniconda3/envs/py310/lib/python3.10/site-packages/airflow/example_dags/tutorial_objectstorage.py
[2026-02-12T11:15:42.497+0800] {processor.py:830} INFO - Processing file /Users/linghuchong/miniconda3/envs/py310/lib/python3.10/site-packages/airflow/example_dags/tutorial_objectstorage.py for tasks to queue
[2026-02-12T11:15:42.498+0800] {logging_mixin.py:188} INFO - [2026-02-12T11:15:42.498+0800] {dagbag.py:540} INFO - Filling up the DagBag from /Users/linghuchong/miniconda3/envs/py310/lib/python3.10/site-packages/airflow/example_dags/tutorial_objectstorage.py
[2026-02-12T11:15:42.671+0800] {processor.py:840} INFO - DAG(s) 'tutorial_objectstorage' retrieved from /Users/linghuchong/miniconda3/envs/py310/lib/python3.10/site-packages/airflow/example_dags/tutorial_objectstorage.py
[2026-02-12T11:15:42.773+0800] {logging_mixin.py:188} INFO - [2026-02-12T11:15:42.773+0800] {dag.py:3047} INFO - Sync 1 DAGs
[2026-02-12T11:15:42.783+0800] {logging_mixin.py:188} INFO - [2026-02-12T11:15:42.783+0800] {dag.py:3834} INFO - Setting next_dagrun for tutorial_objectstorage to None, run_after=None
[2026-02-12T11:15:42.806+0800] {processor.py:183} INFO - Processing /Users/linghuchong/miniconda3/envs/py310/lib/python3.10/site-packages/airflow/example_dags/tutorial_objectstorage.py took 0.311 seconds
[2026-02-12T11:18:34.217+0800] {processor.py:161} INFO - Started process (PID=3437) to work on /Users/linghuchong/miniconda3/envs/py310/lib/python3.10/site-packages/airflow/example_dags/tutorial_objectstorage.py
[2026-02-12T11:18:34.218+0800] {processor.py:830} INFO - Processing file /Users/linghuchong/miniconda3/envs/py310/lib/python3.10/site-packages/airflow/example_dags/tutorial_objectstorage.py for tasks to queue
[2026-02-12T11:18:34.219+0800] {logging_mixin.py:188} INFO - [2026-02-12T11:18:34.218+0800] {dagbag.py:540} INFO - Filling up the DagBag from /Users/linghuchong/miniconda3/envs/py310/lib/python3.10/site-packages/airflow/example_dags/tutorial_objectstorage.py
[2026-02-12T11:18:34.388+0800] {processor.py:840} INFO - DAG(s) 'tutorial_objectstorage' retrieved from /Users/linghuchong/miniconda3/envs/py310/lib/python3.10/site-packages/airflow/example_dags/tutorial_objectstorage.py
[2026-02-12T11:18:34.597+0800] {logging_mixin.py:188} INFO - [2026-02-12T11:18:34.596+0800] {dag.py:3047} INFO - Sync 1 DAGs
[2026-02-12T11:18:34.607+0800] {logging_mixin.py:188} INFO - [2026-02-12T11:18:34.607+0800] {dag.py:3834} INFO - Setting next_dagrun for tutorial_objectstorage to None, run_after=None
[2026-02-12T11:18:34.628+0800] {processor.py:183} INFO - Processing /Users/linghuchong/miniconda3/envs/py310/lib/python3.10/site-packages/airflow/example_dags/tutorial_objectstorage.py took 0.412 seconds
[2026-02-12T11:21:23.587+0800] {processor.py:161} INFO - Started process (PID=3506) to work on /Users/linghuchong/miniconda3/envs/py310/lib/python3.10/site-packages/airflow/example_dags/tutorial_objectstorage.py
[2026-02-12T11:21:23.588+0800] {processor.py:830} INFO - Processing file /Users/linghuchong/miniconda3/envs/py310/lib/python3.10/site-packages/airflow/example_dags/tutorial_objectstorage.py for tasks to queue
[2026-02-12T11:21:23.590+0800] {logging_mixin.py:188} INFO - [2026-02-12T11:21:23.590+0800] {dagbag.py:540} INFO - Filling up the DagBag from /Users/linghuchong/miniconda3/envs/py310/lib/python3.10/site-packages/airflow/example_dags/tutorial_objectstorage.py
[2026-02-12T11:21:23.936+0800] {processor.py:840} INFO - DAG(s) 'tutorial_objectstorage' retrieved from /Users/linghuchong/miniconda3/envs/py310/lib/python3.10/site-packages/airflow/example_dags/tutorial_objectstorage.py
[2026-02-12T11:21:24.087+0800] {logging_mixin.py:188} INFO - [2026-02-12T11:21:24.086+0800] {dag.py:3047} INFO - Sync 1 DAGs
[2026-02-12T11:21:24.098+0800] {logging_mixin.py:188} INFO - [2026-02-12T11:21:24.098+0800] {dag.py:3834} INFO - Setting next_dagrun for tutorial_objectstorage to None, run_after=None
[2026-02-12T11:21:24.120+0800] {processor.py:183} INFO - Processing /Users/linghuchong/miniconda3/envs/py310/lib/python3.10/site-packages/airflow/example_dags/tutorial_objectstorage.py took 0.535 seconds
[2026-02-12T11:24:08.875+0800] {processor.py:161} INFO - Started process (PID=3586) to work on /Users/linghuchong/miniconda3/envs/py310/lib/python3.10/site-packages/airflow/example_dags/tutorial_objectstorage.py
[2026-02-12T11:24:08.876+0800] {processor.py:830} INFO - Processing file /Users/linghuchong/miniconda3/envs/py310/lib/python3.10/site-packages/airflow/example_dags/tutorial_objectstorage.py for tasks to queue
[2026-02-12T11:24:08.876+0800] {logging_mixin.py:188} INFO - [2026-02-12T11:24:08.876+0800] {dagbag.py:540} INFO - Filling up the DagBag from /Users/linghuchong/miniconda3/envs/py310/lib/python3.10/site-packages/airflow/example_dags/tutorial_objectstorage.py
[2026-02-12T11:24:09.033+0800] {processor.py:840} INFO - DAG(s) 'tutorial_objectstorage' retrieved from /Users/linghuchong/miniconda3/envs/py310/lib/python3.10/site-packages/airflow/example_dags/tutorial_objectstorage.py
[2026-02-12T11:24:09.149+0800] {logging_mixin.py:188} INFO - [2026-02-12T11:24:09.149+0800] {dag.py:3047} INFO - Sync 1 DAGs
[2026-02-12T11:24:09.159+0800] {logging_mixin.py:188} INFO - [2026-02-12T11:24:09.159+0800] {dag.py:3834} INFO - Setting next_dagrun for tutorial_objectstorage to None, run_after=None
[2026-02-12T11:24:09.178+0800] {processor.py:183} INFO - Processing /Users/linghuchong/miniconda3/envs/py310/lib/python3.10/site-packages/airflow/example_dags/tutorial_objectstorage.py took 0.304 seconds
[2026-02-12T11:26:47.660+0800] {processor.py:161} INFO - Started process (PID=3749) to work on /Users/linghuchong/miniconda3/envs/py310/lib/python3.10/site-packages/airflow/example_dags/tutorial_objectstorage.py
[2026-02-12T11:26:47.661+0800] {processor.py:830} INFO - Processing file /Users/linghuchong/miniconda3/envs/py310/lib/python3.10/site-packages/airflow/example_dags/tutorial_objectstorage.py for tasks to queue
[2026-02-12T11:26:47.662+0800] {logging_mixin.py:188} INFO - [2026-02-12T11:26:47.661+0800] {dagbag.py:540} INFO - Filling up the DagBag from /Users/linghuchong/miniconda3/envs/py310/lib/python3.10/site-packages/airflow/example_dags/tutorial_objectstorage.py
[2026-02-12T11:26:47.824+0800] {processor.py:840} INFO - DAG(s) 'tutorial_objectstorage' retrieved from /Users/linghuchong/miniconda3/envs/py310/lib/python3.10/site-packages/airflow/example_dags/tutorial_objectstorage.py
[2026-02-12T11:26:47.936+0800] {logging_mixin.py:188} INFO - [2026-02-12T11:26:47.935+0800] {dag.py:3047} INFO - Sync 1 DAGs
[2026-02-12T11:26:47.945+0800] {logging_mixin.py:188} INFO - [2026-02-12T11:26:47.945+0800] {dag.py:3834} INFO - Setting next_dagrun for tutorial_objectstorage to None, run_after=None
[2026-02-12T11:26:47.965+0800] {processor.py:183} INFO - Processing /Users/linghuchong/miniconda3/envs/py310/lib/python3.10/site-packages/airflow/example_dags/tutorial_objectstorage.py took 0.306 seconds
[2026-02-12T11:29:25.188+0800] {processor.py:161} INFO - Started process (PID=3808) to work on /Users/linghuchong/miniconda3/envs/py310/lib/python3.10/site-packages/airflow/example_dags/tutorial_objectstorage.py
[2026-02-12T11:29:25.189+0800] {processor.py:830} INFO - Processing file /Users/linghuchong/miniconda3/envs/py310/lib/python3.10/site-packages/airflow/example_dags/tutorial_objectstorage.py for tasks to queue
[2026-02-12T11:29:25.189+0800] {logging_mixin.py:188} INFO - [2026-02-12T11:29:25.189+0800] {dagbag.py:540} INFO - Filling up the DagBag from /Users/linghuchong/miniconda3/envs/py310/lib/python3.10/site-packages/airflow/example_dags/tutorial_objectstorage.py
[2026-02-12T11:29:25.348+0800] {processor.py:840} INFO - DAG(s) 'tutorial_objectstorage' retrieved from /Users/linghuchong/miniconda3/envs/py310/lib/python3.10/site-packages/airflow/example_dags/tutorial_objectstorage.py
[2026-02-12T11:29:25.454+0800] {logging_mixin.py:188} INFO - [2026-02-12T11:29:25.454+0800] {dag.py:3047} INFO - Sync 1 DAGs
[2026-02-12T11:29:25.463+0800] {logging_mixin.py:188} INFO - [2026-02-12T11:29:25.463+0800] {dag.py:3834} INFO - Setting next_dagrun for tutorial_objectstorage to None, run_after=None
[2026-02-12T11:29:25.481+0800] {processor.py:183} INFO - Processing /Users/linghuchong/miniconda3/envs/py310/lib/python3.10/site-packages/airflow/example_dags/tutorial_objectstorage.py took 0.294 seconds
[2026-02-12T11:32:13.844+0800] {processor.py:161} INFO - Started process (PID=3899) to work on /Users/linghuchong/miniconda3/envs/py310/lib/python3.10/site-packages/airflow/example_dags/tutorial_objectstorage.py
[2026-02-12T11:32:13.847+0800] {processor.py:830} INFO - Processing file /Users/linghuchong/miniconda3/envs/py310/lib/python3.10/site-packages/airflow/example_dags/tutorial_objectstorage.py for tasks to queue
[2026-02-12T11:32:13.848+0800] {logging_mixin.py:188} INFO - [2026-02-12T11:32:13.848+0800] {dagbag.py:540} INFO - Filling up the DagBag from /Users/linghuchong/miniconda3/envs/py310/lib/python3.10/site-packages/airflow/example_dags/tutorial_objectstorage.py
[2026-02-12T11:32:14.025+0800] {processor.py:840} INFO - DAG(s) 'tutorial_objectstorage' retrieved from /Users/linghuchong/miniconda3/envs/py310/lib/python3.10/site-packages/airflow/example_dags/tutorial_objectstorage.py
[2026-02-12T11:32:14.152+0800] {logging_mixin.py:188} INFO - [2026-02-12T11:32:14.151+0800] {dag.py:3047} INFO - Sync 1 DAGs
[2026-02-12T11:32:14.162+0800] {logging_mixin.py:188} INFO - [2026-02-12T11:32:14.162+0800] {dag.py:3834} INFO - Setting next_dagrun for tutorial_objectstorage to None, run_after=None
[2026-02-12T11:32:14.181+0800] {processor.py:183} INFO - Processing /Users/linghuchong/miniconda3/envs/py310/lib/python3.10/site-packages/airflow/example_dags/tutorial_objectstorage.py took 0.338 seconds
[2026-02-12T11:35:10.597+0800] {processor.py:161} INFO - Started process (PID=4046) to work on /Users/linghuchong/miniconda3/envs/py310/lib/python3.10/site-packages/airflow/example_dags/tutorial_objectstorage.py
[2026-02-12T11:35:10.600+0800] {processor.py:830} INFO - Processing file /Users/linghuchong/miniconda3/envs/py310/lib/python3.10/site-packages/airflow/example_dags/tutorial_objectstorage.py for tasks to queue
[2026-02-12T11:35:10.601+0800] {logging_mixin.py:188} INFO - [2026-02-12T11:35:10.601+0800] {dagbag.py:540} INFO - Filling up the DagBag from /Users/linghuchong/miniconda3/envs/py310/lib/python3.10/site-packages/airflow/example_dags/tutorial_objectstorage.py
[2026-02-12T11:35:10.817+0800] {processor.py:840} INFO - DAG(s) 'tutorial_objectstorage' retrieved from /Users/linghuchong/miniconda3/envs/py310/lib/python3.10/site-packages/airflow/example_dags/tutorial_objectstorage.py
[2026-02-12T11:35:10.938+0800] {logging_mixin.py:188} INFO - [2026-02-12T11:35:10.937+0800] {dag.py:3047} INFO - Sync 1 DAGs
[2026-02-12T11:35:10.947+0800] {logging_mixin.py:188} INFO - [2026-02-12T11:35:10.947+0800] {dag.py:3834} INFO - Setting next_dagrun for tutorial_objectstorage to None, run_after=None
[2026-02-12T11:35:10.966+0800] {processor.py:183} INFO - Processing /Users/linghuchong/miniconda3/envs/py310/lib/python3.10/site-packages/airflow/example_dags/tutorial_objectstorage.py took 0.369 seconds
[2026-02-12T11:38:08.405+0800] {processor.py:161} INFO - Started process (PID=4269) to work on /Users/linghuchong/miniconda3/envs/py310/lib/python3.10/site-packages/airflow/example_dags/tutorial_objectstorage.py
[2026-02-12T11:38:08.406+0800] {processor.py:830} INFO - Processing file /Users/linghuchong/miniconda3/envs/py310/lib/python3.10/site-packages/airflow/example_dags/tutorial_objectstorage.py for tasks to queue
[2026-02-12T11:38:08.407+0800] {logging_mixin.py:188} INFO - [2026-02-12T11:38:08.407+0800] {dagbag.py:540} INFO - Filling up the DagBag from /Users/linghuchong/miniconda3/envs/py310/lib/python3.10/site-packages/airflow/example_dags/tutorial_objectstorage.py
[2026-02-12T11:38:08.643+0800] {processor.py:840} INFO - DAG(s) 'tutorial_objectstorage' retrieved from /Users/linghuchong/miniconda3/envs/py310/lib/python3.10/site-packages/airflow/example_dags/tutorial_objectstorage.py
[2026-02-12T11:38:08.776+0800] {logging_mixin.py:188} INFO - [2026-02-12T11:38:08.776+0800] {dag.py:3047} INFO - Sync 1 DAGs
[2026-02-12T11:38:08.785+0800] {logging_mixin.py:188} INFO - [2026-02-12T11:38:08.785+0800] {dag.py:3834} INFO - Setting next_dagrun for tutorial_objectstorage to None, run_after=None
[2026-02-12T11:38:08.811+0800] {processor.py:183} INFO - Processing /Users/linghuchong/miniconda3/envs/py310/lib/python3.10/site-packages/airflow/example_dags/tutorial_objectstorage.py took 0.406 seconds
[2026-02-12T11:42:57.338+0800] {processor.py:161} INFO - Started process (PID=4536) to work on /Users/linghuchong/miniconda3/envs/py310/lib/python3.10/site-packages/airflow/example_dags/tutorial_objectstorage.py
[2026-02-12T11:42:57.341+0800] {processor.py:830} INFO - Processing file /Users/linghuchong/miniconda3/envs/py310/lib/python3.10/site-packages/airflow/example_dags/tutorial_objectstorage.py for tasks to queue
[2026-02-12T11:42:57.343+0800] {logging_mixin.py:188} INFO - [2026-02-12T11:42:57.342+0800] {dagbag.py:540} INFO - Filling up the DagBag from /Users/linghuchong/miniconda3/envs/py310/lib/python3.10/site-packages/airflow/example_dags/tutorial_objectstorage.py
[2026-02-12T11:42:57.502+0800] {processor.py:840} INFO - DAG(s) 'tutorial_objectstorage' retrieved from /Users/linghuchong/miniconda3/envs/py310/lib/python3.10/site-packages/airflow/example_dags/tutorial_objectstorage.py
[2026-02-12T11:42:57.692+0800] {logging_mixin.py:188} INFO - [2026-02-12T11:42:57.692+0800] {dag.py:3047} INFO - Sync 1 DAGs
[2026-02-12T11:42:57.702+0800] {logging_mixin.py:188} INFO - [2026-02-12T11:42:57.702+0800] {dag.py:3834} INFO - Setting next_dagrun for tutorial_objectstorage to None, run_after=None
[2026-02-12T11:42:57.722+0800] {processor.py:183} INFO - Processing /Users/linghuchong/miniconda3/envs/py310/lib/python3.10/site-packages/airflow/example_dags/tutorial_objectstorage.py took 0.384 seconds
[2026-02-12T11:45:51.781+0800] {processor.py:161} INFO - Started process (PID=4644) to work on /Users/linghuchong/miniconda3/envs/py310/lib/python3.10/site-packages/airflow/example_dags/tutorial_objectstorage.py
[2026-02-12T11:45:51.784+0800] {processor.py:830} INFO - Processing file /Users/linghuchong/miniconda3/envs/py310/lib/python3.10/site-packages/airflow/example_dags/tutorial_objectstorage.py for tasks to queue
[2026-02-12T11:45:51.786+0800] {logging_mixin.py:188} INFO - [2026-02-12T11:45:51.785+0800] {dagbag.py:540} INFO - Filling up the DagBag from /Users/linghuchong/miniconda3/envs/py310/lib/python3.10/site-packages/airflow/example_dags/tutorial_objectstorage.py
[2026-02-12T11:45:51.980+0800] {processor.py:840} INFO - DAG(s) 'tutorial_objectstorage' retrieved from /Users/linghuchong/miniconda3/envs/py310/lib/python3.10/site-packages/airflow/example_dags/tutorial_objectstorage.py
[2026-02-12T11:45:52.104+0800] {logging_mixin.py:188} INFO - [2026-02-12T11:45:52.104+0800] {dag.py:3047} INFO - Sync 1 DAGs
[2026-02-12T11:45:52.113+0800] {logging_mixin.py:188} INFO - [2026-02-12T11:45:52.113+0800] {dag.py:3834} INFO - Setting next_dagrun for tutorial_objectstorage to None, run_after=None
[2026-02-12T11:45:52.131+0800] {processor.py:183} INFO - Processing /Users/linghuchong/miniconda3/envs/py310/lib/python3.10/site-packages/airflow/example_dags/tutorial_objectstorage.py took 0.350 seconds
[2026-02-12T11:48:39.262+0800] {processor.py:161} INFO - Started process (PID=4709) to work on /Users/linghuchong/miniconda3/envs/py310/lib/python3.10/site-packages/airflow/example_dags/tutorial_objectstorage.py
[2026-02-12T11:48:39.263+0800] {processor.py:830} INFO - Processing file /Users/linghuchong/miniconda3/envs/py310/lib/python3.10/site-packages/airflow/example_dags/tutorial_objectstorage.py for tasks to queue
[2026-02-12T11:48:39.264+0800] {logging_mixin.py:188} INFO - [2026-02-12T11:48:39.264+0800] {dagbag.py:540} INFO - Filling up the DagBag from /Users/linghuchong/miniconda3/envs/py310/lib/python3.10/site-packages/airflow/example_dags/tutorial_objectstorage.py
[2026-02-12T11:48:39.452+0800] {processor.py:840} INFO - DAG(s) 'tutorial_objectstorage' retrieved from /Users/linghuchong/miniconda3/envs/py310/lib/python3.10/site-packages/airflow/example_dags/tutorial_objectstorage.py
[2026-02-12T11:48:39.579+0800] {logging_mixin.py:188} INFO - [2026-02-12T11:48:39.579+0800] {dag.py:3047} INFO - Sync 1 DAGs
[2026-02-12T11:48:39.591+0800] {logging_mixin.py:188} INFO - [2026-02-12T11:48:39.590+0800] {dag.py:3834} INFO - Setting next_dagrun for tutorial_objectstorage to None, run_after=None
[2026-02-12T11:48:39.611+0800] {processor.py:183} INFO - Processing /Users/linghuchong/miniconda3/envs/py310/lib/python3.10/site-packages/airflow/example_dags/tutorial_objectstorage.py took 0.349 seconds
[2026-02-12T11:51:27.188+0800] {processor.py:161} INFO - Started process (PID=4770) to work on /Users/linghuchong/miniconda3/envs/py310/lib/python3.10/site-packages/airflow/example_dags/tutorial_objectstorage.py
[2026-02-12T11:51:27.189+0800] {processor.py:830} INFO - Processing file /Users/linghuchong/miniconda3/envs/py310/lib/python3.10/site-packages/airflow/example_dags/tutorial_objectstorage.py for tasks to queue
[2026-02-12T11:51:27.189+0800] {logging_mixin.py:188} INFO - [2026-02-12T11:51:27.189+0800] {dagbag.py:540} INFO - Filling up the DagBag from /Users/linghuchong/miniconda3/envs/py310/lib/python3.10/site-packages/airflow/example_dags/tutorial_objectstorage.py
[2026-02-12T11:51:27.361+0800] {processor.py:840} INFO - DAG(s) 'tutorial_objectstorage' retrieved from /Users/linghuchong/miniconda3/envs/py310/lib/python3.10/site-packages/airflow/example_dags/tutorial_objectstorage.py
[2026-02-12T11:51:27.469+0800] {logging_mixin.py:188} INFO - [2026-02-12T11:51:27.468+0800] {dag.py:3047} INFO - Sync 1 DAGs
[2026-02-12T11:51:27.478+0800] {logging_mixin.py:188} INFO - [2026-02-12T11:51:27.477+0800] {dag.py:3834} INFO - Setting next_dagrun for tutorial_objectstorage to None, run_after=None
[2026-02-12T11:51:27.498+0800] {processor.py:183} INFO - Processing /Users/linghuchong/miniconda3/envs/py310/lib/python3.10/site-packages/airflow/example_dags/tutorial_objectstorage.py took 0.311 seconds
