[2026-02-12T10:41:33.820+0800] {processor.py:161} INFO - Started process (PID=2046) to work on /Users/linghuchong/miniconda3/envs/py310/lib/python3.10/site-packages/airflow/example_dags/tutorial_taskflow_api_virtualenv.py
[2026-02-12T10:41:33.820+0800] {processor.py:830} INFO - Processing file /Users/linghuchong/miniconda3/envs/py310/lib/python3.10/site-packages/airflow/example_dags/tutorial_taskflow_api_virtualenv.py for tasks to queue
[2026-02-12T10:41:33.821+0800] {logging_mixin.py:188} INFO - [2026-02-12T10:41:33.821+0800] {dagbag.py:540} INFO - Filling up the DagBag from /Users/linghuchong/miniconda3/envs/py310/lib/python3.10/site-packages/airflow/example_dags/tutorial_taskflow_api_virtualenv.py
[2026-02-12T10:41:33.869+0800] {processor.py:840} INFO - DAG(s) 'tutorial_taskflow_api_virtualenv' retrieved from /Users/linghuchong/miniconda3/envs/py310/lib/python3.10/site-packages/airflow/example_dags/tutorial_taskflow_api_virtualenv.py
[2026-02-12T10:41:34.150+0800] {logging_mixin.py:188} INFO - [2026-02-12T10:41:34.149+0800] {dag.py:3047} INFO - Sync 1 DAGs
[2026-02-12T10:41:34.164+0800] {logging_mixin.py:188} INFO - [2026-02-12T10:41:34.164+0800] {dag.py:3834} INFO - Setting next_dagrun for tutorial_taskflow_api_virtualenv to None, run_after=None
[2026-02-12T10:41:34.198+0800] {processor.py:183} INFO - Processing /Users/linghuchong/miniconda3/envs/py310/lib/python3.10/site-packages/airflow/example_dags/tutorial_taskflow_api_virtualenv.py took 0.379 seconds
[2026-02-12T10:43:29.079+0800] {processor.py:161} INFO - Started process (PID=2154) to work on /Users/linghuchong/miniconda3/envs/py310/lib/python3.10/site-packages/airflow/example_dags/tutorial_taskflow_api_virtualenv.py
[2026-02-12T10:43:29.082+0800] {processor.py:830} INFO - Processing file /Users/linghuchong/miniconda3/envs/py310/lib/python3.10/site-packages/airflow/example_dags/tutorial_taskflow_api_virtualenv.py for tasks to queue
[2026-02-12T10:43:29.083+0800] {logging_mixin.py:188} INFO - [2026-02-12T10:43:29.083+0800] {dagbag.py:540} INFO - Filling up the DagBag from /Users/linghuchong/miniconda3/envs/py310/lib/python3.10/site-packages/airflow/example_dags/tutorial_taskflow_api_virtualenv.py
[2026-02-12T10:43:29.118+0800] {processor.py:840} INFO - DAG(s) 'tutorial_taskflow_api_virtualenv' retrieved from /Users/linghuchong/miniconda3/envs/py310/lib/python3.10/site-packages/airflow/example_dags/tutorial_taskflow_api_virtualenv.py
[2026-02-12T10:43:29.351+0800] {logging_mixin.py:188} INFO - [2026-02-12T10:43:29.351+0800] {dag.py:3047} INFO - Sync 1 DAGs
[2026-02-12T10:43:29.361+0800] {logging_mixin.py:188} INFO - [2026-02-12T10:43:29.361+0800] {dag.py:3834} INFO - Setting next_dagrun for tutorial_taskflow_api_virtualenv to None, run_after=None
[2026-02-12T10:43:29.381+0800] {processor.py:183} INFO - Processing /Users/linghuchong/miniconda3/envs/py310/lib/python3.10/site-packages/airflow/example_dags/tutorial_taskflow_api_virtualenv.py took 0.303 seconds
[2026-02-12T10:45:15.272+0800] {processor.py:161} INFO - Started process (PID=2235) to work on /Users/linghuchong/miniconda3/envs/py310/lib/python3.10/site-packages/airflow/example_dags/tutorial_taskflow_api_virtualenv.py
[2026-02-12T10:45:15.273+0800] {processor.py:830} INFO - Processing file /Users/linghuchong/miniconda3/envs/py310/lib/python3.10/site-packages/airflow/example_dags/tutorial_taskflow_api_virtualenv.py for tasks to queue
[2026-02-12T10:45:15.273+0800] {logging_mixin.py:188} INFO - [2026-02-12T10:45:15.273+0800] {dagbag.py:540} INFO - Filling up the DagBag from /Users/linghuchong/miniconda3/envs/py310/lib/python3.10/site-packages/airflow/example_dags/tutorial_taskflow_api_virtualenv.py
[2026-02-12T10:45:15.318+0800] {processor.py:840} INFO - DAG(s) 'tutorial_taskflow_api_virtualenv' retrieved from /Users/linghuchong/miniconda3/envs/py310/lib/python3.10/site-packages/airflow/example_dags/tutorial_taskflow_api_virtualenv.py
[2026-02-12T10:45:15.561+0800] {logging_mixin.py:188} INFO - [2026-02-12T10:45:15.561+0800] {dag.py:3047} INFO - Sync 1 DAGs
[2026-02-12T10:45:15.572+0800] {logging_mixin.py:188} INFO - [2026-02-12T10:45:15.571+0800] {dag.py:3834} INFO - Setting next_dagrun for tutorial_taskflow_api_virtualenv to None, run_after=None
[2026-02-12T10:45:15.590+0800] {processor.py:183} INFO - Processing /Users/linghuchong/miniconda3/envs/py310/lib/python3.10/site-packages/airflow/example_dags/tutorial_taskflow_api_virtualenv.py took 0.319 seconds
[2026-02-12T10:48:36.735+0800] {processor.py:161} INFO - Started process (PID=2338) to work on /Users/linghuchong/miniconda3/envs/py310/lib/python3.10/site-packages/airflow/example_dags/tutorial_taskflow_api_virtualenv.py
[2026-02-12T10:48:36.736+0800] {processor.py:830} INFO - Processing file /Users/linghuchong/miniconda3/envs/py310/lib/python3.10/site-packages/airflow/example_dags/tutorial_taskflow_api_virtualenv.py for tasks to queue
[2026-02-12T10:48:36.737+0800] {logging_mixin.py:188} INFO - [2026-02-12T10:48:36.737+0800] {dagbag.py:540} INFO - Filling up the DagBag from /Users/linghuchong/miniconda3/envs/py310/lib/python3.10/site-packages/airflow/example_dags/tutorial_taskflow_api_virtualenv.py
[2026-02-12T10:48:36.784+0800] {processor.py:840} INFO - DAG(s) 'tutorial_taskflow_api_virtualenv' retrieved from /Users/linghuchong/miniconda3/envs/py310/lib/python3.10/site-packages/airflow/example_dags/tutorial_taskflow_api_virtualenv.py
[2026-02-12T10:48:37.015+0800] {logging_mixin.py:188} INFO - [2026-02-12T10:48:37.015+0800] {dag.py:3047} INFO - Sync 1 DAGs
[2026-02-12T10:48:37.026+0800] {logging_mixin.py:188} INFO - [2026-02-12T10:48:37.026+0800] {dag.py:3834} INFO - Setting next_dagrun for tutorial_taskflow_api_virtualenv to None, run_after=None
[2026-02-12T10:48:37.051+0800] {processor.py:183} INFO - Processing /Users/linghuchong/miniconda3/envs/py310/lib/python3.10/site-packages/airflow/example_dags/tutorial_taskflow_api_virtualenv.py took 0.316 seconds
[2026-02-12T10:51:25.858+0800] {processor.py:161} INFO - Started process (PID=2410) to work on /Users/linghuchong/miniconda3/envs/py310/lib/python3.10/site-packages/airflow/example_dags/tutorial_taskflow_api_virtualenv.py
[2026-02-12T10:51:25.858+0800] {processor.py:830} INFO - Processing file /Users/linghuchong/miniconda3/envs/py310/lib/python3.10/site-packages/airflow/example_dags/tutorial_taskflow_api_virtualenv.py for tasks to queue
[2026-02-12T10:51:25.859+0800] {logging_mixin.py:188} INFO - [2026-02-12T10:51:25.859+0800] {dagbag.py:540} INFO - Filling up the DagBag from /Users/linghuchong/miniconda3/envs/py310/lib/python3.10/site-packages/airflow/example_dags/tutorial_taskflow_api_virtualenv.py
[2026-02-12T10:51:25.892+0800] {processor.py:840} INFO - DAG(s) 'tutorial_taskflow_api_virtualenv' retrieved from /Users/linghuchong/miniconda3/envs/py310/lib/python3.10/site-packages/airflow/example_dags/tutorial_taskflow_api_virtualenv.py
[2026-02-12T10:51:26.082+0800] {logging_mixin.py:188} INFO - [2026-02-12T10:51:26.082+0800] {dag.py:3047} INFO - Sync 1 DAGs
[2026-02-12T10:51:26.091+0800] {logging_mixin.py:188} INFO - [2026-02-12T10:51:26.090+0800] {dag.py:3834} INFO - Setting next_dagrun for tutorial_taskflow_api_virtualenv to None, run_after=None
[2026-02-12T10:51:26.109+0800] {processor.py:183} INFO - Processing /Users/linghuchong/miniconda3/envs/py310/lib/python3.10/site-packages/airflow/example_dags/tutorial_taskflow_api_virtualenv.py took 0.253 seconds
[2026-02-12T10:54:05.051+0800] {processor.py:161} INFO - Started process (PID=2486) to work on /Users/linghuchong/miniconda3/envs/py310/lib/python3.10/site-packages/airflow/example_dags/tutorial_taskflow_api_virtualenv.py
[2026-02-12T10:54:05.052+0800] {processor.py:830} INFO - Processing file /Users/linghuchong/miniconda3/envs/py310/lib/python3.10/site-packages/airflow/example_dags/tutorial_taskflow_api_virtualenv.py for tasks to queue
[2026-02-12T10:54:05.055+0800] {logging_mixin.py:188} INFO - [2026-02-12T10:54:05.054+0800] {dagbag.py:540} INFO - Filling up the DagBag from /Users/linghuchong/miniconda3/envs/py310/lib/python3.10/site-packages/airflow/example_dags/tutorial_taskflow_api_virtualenv.py
[2026-02-12T10:54:05.096+0800] {processor.py:840} INFO - DAG(s) 'tutorial_taskflow_api_virtualenv' retrieved from /Users/linghuchong/miniconda3/envs/py310/lib/python3.10/site-packages/airflow/example_dags/tutorial_taskflow_api_virtualenv.py
[2026-02-12T10:54:05.331+0800] {logging_mixin.py:188} INFO - [2026-02-12T10:54:05.330+0800] {dag.py:3047} INFO - Sync 1 DAGs
[2026-02-12T10:54:05.340+0800] {logging_mixin.py:188} INFO - [2026-02-12T10:54:05.340+0800] {dag.py:3834} INFO - Setting next_dagrun for tutorial_taskflow_api_virtualenv to None, run_after=None
[2026-02-12T10:54:05.363+0800] {processor.py:183} INFO - Processing /Users/linghuchong/miniconda3/envs/py310/lib/python3.10/site-packages/airflow/example_dags/tutorial_taskflow_api_virtualenv.py took 0.313 seconds
[2026-02-12T11:04:28.097+0800] {processor.py:161} INFO - Started process (PID=2609) to work on /Users/linghuchong/miniconda3/envs/py310/lib/python3.10/site-packages/airflow/example_dags/tutorial_taskflow_api_virtualenv.py
[2026-02-12T11:04:28.099+0800] {processor.py:830} INFO - Processing file /Users/linghuchong/miniconda3/envs/py310/lib/python3.10/site-packages/airflow/example_dags/tutorial_taskflow_api_virtualenv.py for tasks to queue
[2026-02-12T11:04:28.101+0800] {logging_mixin.py:188} INFO - [2026-02-12T11:04:28.101+0800] {dagbag.py:540} INFO - Filling up the DagBag from /Users/linghuchong/miniconda3/envs/py310/lib/python3.10/site-packages/airflow/example_dags/tutorial_taskflow_api_virtualenv.py
[2026-02-12T11:04:28.152+0800] {processor.py:840} INFO - DAG(s) 'tutorial_taskflow_api_virtualenv' retrieved from /Users/linghuchong/miniconda3/envs/py310/lib/python3.10/site-packages/airflow/example_dags/tutorial_taskflow_api_virtualenv.py
[2026-02-12T11:04:28.411+0800] {logging_mixin.py:188} INFO - [2026-02-12T11:04:28.411+0800] {dag.py:3047} INFO - Sync 1 DAGs
[2026-02-12T11:04:28.422+0800] {logging_mixin.py:188} INFO - [2026-02-12T11:04:28.421+0800] {dag.py:3834} INFO - Setting next_dagrun for tutorial_taskflow_api_virtualenv to None, run_after=None
[2026-02-12T11:04:28.442+0800] {processor.py:183} INFO - Processing /Users/linghuchong/miniconda3/envs/py310/lib/python3.10/site-packages/airflow/example_dags/tutorial_taskflow_api_virtualenv.py took 0.346 seconds
[2026-02-12T11:07:28.514+0800] {processor.py:161} INFO - Started process (PID=2717) to work on /Users/linghuchong/miniconda3/envs/py310/lib/python3.10/site-packages/airflow/example_dags/tutorial_taskflow_api_virtualenv.py
[2026-02-12T11:07:28.517+0800] {processor.py:830} INFO - Processing file /Users/linghuchong/miniconda3/envs/py310/lib/python3.10/site-packages/airflow/example_dags/tutorial_taskflow_api_virtualenv.py for tasks to queue
[2026-02-12T11:07:28.518+0800] {logging_mixin.py:188} INFO - [2026-02-12T11:07:28.518+0800] {dagbag.py:540} INFO - Filling up the DagBag from /Users/linghuchong/miniconda3/envs/py310/lib/python3.10/site-packages/airflow/example_dags/tutorial_taskflow_api_virtualenv.py
[2026-02-12T11:07:28.570+0800] {processor.py:840} INFO - DAG(s) 'tutorial_taskflow_api_virtualenv' retrieved from /Users/linghuchong/miniconda3/envs/py310/lib/python3.10/site-packages/airflow/example_dags/tutorial_taskflow_api_virtualenv.py
[2026-02-12T11:07:28.812+0800] {logging_mixin.py:188} INFO - [2026-02-12T11:07:28.811+0800] {dag.py:3047} INFO - Sync 1 DAGs
[2026-02-12T11:07:28.821+0800] {logging_mixin.py:188} INFO - [2026-02-12T11:07:28.821+0800] {dag.py:3834} INFO - Setting next_dagrun for tutorial_taskflow_api_virtualenv to None, run_after=None
[2026-02-12T11:07:28.840+0800] {processor.py:183} INFO - Processing /Users/linghuchong/miniconda3/envs/py310/lib/python3.10/site-packages/airflow/example_dags/tutorial_taskflow_api_virtualenv.py took 0.327 seconds
[2026-02-12T11:10:14.113+0800] {processor.py:161} INFO - Started process (PID=2884) to work on /Users/linghuchong/miniconda3/envs/py310/lib/python3.10/site-packages/airflow/example_dags/tutorial_taskflow_api_virtualenv.py
[2026-02-12T11:10:14.114+0800] {processor.py:830} INFO - Processing file /Users/linghuchong/miniconda3/envs/py310/lib/python3.10/site-packages/airflow/example_dags/tutorial_taskflow_api_virtualenv.py for tasks to queue
[2026-02-12T11:10:14.114+0800] {logging_mixin.py:188} INFO - [2026-02-12T11:10:14.114+0800] {dagbag.py:540} INFO - Filling up the DagBag from /Users/linghuchong/miniconda3/envs/py310/lib/python3.10/site-packages/airflow/example_dags/tutorial_taskflow_api_virtualenv.py
[2026-02-12T11:10:14.147+0800] {processor.py:840} INFO - DAG(s) 'tutorial_taskflow_api_virtualenv' retrieved from /Users/linghuchong/miniconda3/envs/py310/lib/python3.10/site-packages/airflow/example_dags/tutorial_taskflow_api_virtualenv.py
[2026-02-12T11:10:14.399+0800] {logging_mixin.py:188} INFO - [2026-02-12T11:10:14.399+0800] {dag.py:3047} INFO - Sync 1 DAGs
[2026-02-12T11:10:14.408+0800] {logging_mixin.py:188} INFO - [2026-02-12T11:10:14.408+0800] {dag.py:3834} INFO - Setting next_dagrun for tutorial_taskflow_api_virtualenv to None, run_after=None
[2026-02-12T11:10:14.428+0800] {processor.py:183} INFO - Processing /Users/linghuchong/miniconda3/envs/py310/lib/python3.10/site-packages/airflow/example_dags/tutorial_taskflow_api_virtualenv.py took 0.316 seconds
[2026-02-12T11:12:52.696+0800] {processor.py:161} INFO - Started process (PID=2964) to work on /Users/linghuchong/miniconda3/envs/py310/lib/python3.10/site-packages/airflow/example_dags/tutorial_taskflow_api_virtualenv.py
[2026-02-12T11:12:52.697+0800] {processor.py:830} INFO - Processing file /Users/linghuchong/miniconda3/envs/py310/lib/python3.10/site-packages/airflow/example_dags/tutorial_taskflow_api_virtualenv.py for tasks to queue
[2026-02-12T11:12:52.698+0800] {logging_mixin.py:188} INFO - [2026-02-12T11:12:52.697+0800] {dagbag.py:540} INFO - Filling up the DagBag from /Users/linghuchong/miniconda3/envs/py310/lib/python3.10/site-packages/airflow/example_dags/tutorial_taskflow_api_virtualenv.py
[2026-02-12T11:12:52.741+0800] {processor.py:840} INFO - DAG(s) 'tutorial_taskflow_api_virtualenv' retrieved from /Users/linghuchong/miniconda3/envs/py310/lib/python3.10/site-packages/airflow/example_dags/tutorial_taskflow_api_virtualenv.py
[2026-02-12T11:12:52.972+0800] {logging_mixin.py:188} INFO - [2026-02-12T11:12:52.971+0800] {dag.py:3047} INFO - Sync 1 DAGs
[2026-02-12T11:12:52.980+0800] {logging_mixin.py:188} INFO - [2026-02-12T11:12:52.980+0800] {dag.py:3834} INFO - Setting next_dagrun for tutorial_taskflow_api_virtualenv to None, run_after=None
[2026-02-12T11:12:52.996+0800] {processor.py:183} INFO - Processing /Users/linghuchong/miniconda3/envs/py310/lib/python3.10/site-packages/airflow/example_dags/tutorial_taskflow_api_virtualenv.py took 0.302 seconds
