[2026-02-12T10:41:50.223+0800] {processor.py:161} INFO - Started process (PID=2084) to work on /Users/linghuchong/miniconda3/envs/py310/lib/python3.10/site-packages/airflow/example_dags/tutorial.py
[2026-02-12T10:41:50.224+0800] {processor.py:830} INFO - Processing file /Users/linghuchong/miniconda3/envs/py310/lib/python3.10/site-packages/airflow/example_dags/tutorial.py for tasks to queue
[2026-02-12T10:41:50.225+0800] {logging_mixin.py:188} INFO - [2026-02-12T10:41:50.225+0800] {dagbag.py:540} INFO - Filling up the DagBag from /Users/linghuchong/miniconda3/envs/py310/lib/python3.10/site-packages/airflow/example_dags/tutorial.py
[2026-02-12T10:41:50.234+0800] {processor.py:840} INFO - DAG(s) 'tutorial' retrieved from /Users/linghuchong/miniconda3/envs/py310/lib/python3.10/site-packages/airflow/example_dags/tutorial.py
[2026-02-12T10:41:50.361+0800] {logging_mixin.py:188} INFO - [2026-02-12T10:41:50.360+0800] {dag.py:3047} INFO - Sync 1 DAGs
[2026-02-12T10:41:50.381+0800] {logging_mixin.py:188} INFO - [2026-02-12T10:41:50.380+0800] {dag.py:3834} INFO - Setting next_dagrun for tutorial to 2026-02-11 00:00:00+00:00, run_after=2026-02-12 00:00:00+00:00
[2026-02-12T10:41:50.399+0800] {processor.py:183} INFO - Processing /Users/linghuchong/miniconda3/envs/py310/lib/python3.10/site-packages/airflow/example_dags/tutorial.py took 0.177 seconds
[2026-02-12T10:43:43.307+0800] {processor.py:161} INFO - Started process (PID=2161) to work on /Users/linghuchong/miniconda3/envs/py310/lib/python3.10/site-packages/airflow/example_dags/tutorial.py
[2026-02-12T10:43:43.309+0800] {processor.py:830} INFO - Processing file /Users/linghuchong/miniconda3/envs/py310/lib/python3.10/site-packages/airflow/example_dags/tutorial.py for tasks to queue
[2026-02-12T10:43:43.310+0800] {logging_mixin.py:188} INFO - [2026-02-12T10:43:43.310+0800] {dagbag.py:540} INFO - Filling up the DagBag from /Users/linghuchong/miniconda3/envs/py310/lib/python3.10/site-packages/airflow/example_dags/tutorial.py
[2026-02-12T10:43:43.318+0800] {processor.py:840} INFO - DAG(s) 'tutorial' retrieved from /Users/linghuchong/miniconda3/envs/py310/lib/python3.10/site-packages/airflow/example_dags/tutorial.py
[2026-02-12T10:43:43.434+0800] {logging_mixin.py:188} INFO - [2026-02-12T10:43:43.433+0800] {dag.py:3047} INFO - Sync 1 DAGs
[2026-02-12T10:43:43.451+0800] {logging_mixin.py:188} INFO - [2026-02-12T10:43:43.451+0800] {dag.py:3834} INFO - Setting next_dagrun for tutorial to 2026-02-11 00:00:00+00:00, run_after=2026-02-12 00:00:00+00:00
[2026-02-12T10:43:43.469+0800] {processor.py:183} INFO - Processing /Users/linghuchong/miniconda3/envs/py310/lib/python3.10/site-packages/airflow/example_dags/tutorial.py took 0.164 seconds
[2026-02-12T10:45:31.328+0800] {processor.py:161} INFO - Started process (PID=2244) to work on /Users/linghuchong/miniconda3/envs/py310/lib/python3.10/site-packages/airflow/example_dags/tutorial.py
[2026-02-12T10:45:31.330+0800] {processor.py:830} INFO - Processing file /Users/linghuchong/miniconda3/envs/py310/lib/python3.10/site-packages/airflow/example_dags/tutorial.py for tasks to queue
[2026-02-12T10:45:31.332+0800] {logging_mixin.py:188} INFO - [2026-02-12T10:45:31.331+0800] {dagbag.py:540} INFO - Filling up the DagBag from /Users/linghuchong/miniconda3/envs/py310/lib/python3.10/site-packages/airflow/example_dags/tutorial.py
[2026-02-12T10:45:31.342+0800] {processor.py:840} INFO - DAG(s) 'tutorial' retrieved from /Users/linghuchong/miniconda3/envs/py310/lib/python3.10/site-packages/airflow/example_dags/tutorial.py
[2026-02-12T10:45:31.458+0800] {logging_mixin.py:188} INFO - [2026-02-12T10:45:31.458+0800] {dag.py:3047} INFO - Sync 1 DAGs
[2026-02-12T10:45:31.478+0800] {logging_mixin.py:188} INFO - [2026-02-12T10:45:31.477+0800] {dag.py:3834} INFO - Setting next_dagrun for tutorial to 2026-02-11 00:00:00+00:00, run_after=2026-02-12 00:00:00+00:00
[2026-02-12T10:45:31.495+0800] {processor.py:183} INFO - Processing /Users/linghuchong/miniconda3/envs/py310/lib/python3.10/site-packages/airflow/example_dags/tutorial.py took 0.168 seconds
[2026-02-12T10:48:52.282+0800] {processor.py:161} INFO - Started process (PID=2344) to work on /Users/linghuchong/miniconda3/envs/py310/lib/python3.10/site-packages/airflow/example_dags/tutorial.py
[2026-02-12T10:48:52.285+0800] {processor.py:830} INFO - Processing file /Users/linghuchong/miniconda3/envs/py310/lib/python3.10/site-packages/airflow/example_dags/tutorial.py for tasks to queue
[2026-02-12T10:48:52.286+0800] {logging_mixin.py:188} INFO - [2026-02-12T10:48:52.286+0800] {dagbag.py:540} INFO - Filling up the DagBag from /Users/linghuchong/miniconda3/envs/py310/lib/python3.10/site-packages/airflow/example_dags/tutorial.py
[2026-02-12T10:48:52.293+0800] {processor.py:840} INFO - DAG(s) 'tutorial' retrieved from /Users/linghuchong/miniconda3/envs/py310/lib/python3.10/site-packages/airflow/example_dags/tutorial.py
[2026-02-12T10:48:52.405+0800] {logging_mixin.py:188} INFO - [2026-02-12T10:48:52.405+0800] {dag.py:3047} INFO - Sync 1 DAGs
[2026-02-12T10:48:52.423+0800] {logging_mixin.py:188} INFO - [2026-02-12T10:48:52.423+0800] {dag.py:3834} INFO - Setting next_dagrun for tutorial to 2026-02-11 00:00:00+00:00, run_after=2026-02-12 00:00:00+00:00
[2026-02-12T10:48:52.445+0800] {processor.py:183} INFO - Processing /Users/linghuchong/miniconda3/envs/py310/lib/python3.10/site-packages/airflow/example_dags/tutorial.py took 0.163 seconds
[2026-02-12T10:51:39.586+0800] {processor.py:161} INFO - Started process (PID=2414) to work on /Users/linghuchong/miniconda3/envs/py310/lib/python3.10/site-packages/airflow/example_dags/tutorial.py
[2026-02-12T10:51:39.587+0800] {processor.py:830} INFO - Processing file /Users/linghuchong/miniconda3/envs/py310/lib/python3.10/site-packages/airflow/example_dags/tutorial.py for tasks to queue
[2026-02-12T10:51:39.588+0800] {logging_mixin.py:188} INFO - [2026-02-12T10:51:39.588+0800] {dagbag.py:540} INFO - Filling up the DagBag from /Users/linghuchong/miniconda3/envs/py310/lib/python3.10/site-packages/airflow/example_dags/tutorial.py
[2026-02-12T10:51:39.603+0800] {processor.py:840} INFO - DAG(s) 'tutorial' retrieved from /Users/linghuchong/miniconda3/envs/py310/lib/python3.10/site-packages/airflow/example_dags/tutorial.py
[2026-02-12T10:51:39.730+0800] {logging_mixin.py:188} INFO - [2026-02-12T10:51:39.730+0800] {dag.py:3047} INFO - Sync 1 DAGs
[2026-02-12T10:51:39.750+0800] {logging_mixin.py:188} INFO - [2026-02-12T10:51:39.749+0800] {dag.py:3834} INFO - Setting next_dagrun for tutorial to 2026-02-11 00:00:00+00:00, run_after=2026-02-12 00:00:00+00:00
[2026-02-12T10:51:39.770+0800] {processor.py:183} INFO - Processing /Users/linghuchong/miniconda3/envs/py310/lib/python3.10/site-packages/airflow/example_dags/tutorial.py took 0.185 seconds
[2026-02-12T10:54:19.464+0800] {processor.py:161} INFO - Started process (PID=2490) to work on /Users/linghuchong/miniconda3/envs/py310/lib/python3.10/site-packages/airflow/example_dags/tutorial.py
[2026-02-12T10:54:19.465+0800] {processor.py:830} INFO - Processing file /Users/linghuchong/miniconda3/envs/py310/lib/python3.10/site-packages/airflow/example_dags/tutorial.py for tasks to queue
[2026-02-12T10:54:19.466+0800] {logging_mixin.py:188} INFO - [2026-02-12T10:54:19.465+0800] {dagbag.py:540} INFO - Filling up the DagBag from /Users/linghuchong/miniconda3/envs/py310/lib/python3.10/site-packages/airflow/example_dags/tutorial.py
[2026-02-12T10:54:19.472+0800] {processor.py:840} INFO - DAG(s) 'tutorial' retrieved from /Users/linghuchong/miniconda3/envs/py310/lib/python3.10/site-packages/airflow/example_dags/tutorial.py
[2026-02-12T10:54:19.585+0800] {logging_mixin.py:188} INFO - [2026-02-12T10:54:19.585+0800] {dag.py:3047} INFO - Sync 1 DAGs
[2026-02-12T10:54:19.602+0800] {logging_mixin.py:188} INFO - [2026-02-12T10:54:19.602+0800] {dag.py:3834} INFO - Setting next_dagrun for tutorial to 2026-02-11 00:00:00+00:00, run_after=2026-02-12 00:00:00+00:00
[2026-02-12T10:54:19.621+0800] {processor.py:183} INFO - Processing /Users/linghuchong/miniconda3/envs/py310/lib/python3.10/site-packages/airflow/example_dags/tutorial.py took 0.158 seconds
[2026-02-12T11:04:43.805+0800] {processor.py:161} INFO - Started process (PID=2626) to work on /Users/linghuchong/miniconda3/envs/py310/lib/python3.10/site-packages/airflow/example_dags/tutorial.py
[2026-02-12T11:04:43.806+0800] {processor.py:830} INFO - Processing file /Users/linghuchong/miniconda3/envs/py310/lib/python3.10/site-packages/airflow/example_dags/tutorial.py for tasks to queue
[2026-02-12T11:04:43.807+0800] {logging_mixin.py:188} INFO - [2026-02-12T11:04:43.807+0800] {dagbag.py:540} INFO - Filling up the DagBag from /Users/linghuchong/miniconda3/envs/py310/lib/python3.10/site-packages/airflow/example_dags/tutorial.py
[2026-02-12T11:04:43.818+0800] {processor.py:840} INFO - DAG(s) 'tutorial' retrieved from /Users/linghuchong/miniconda3/envs/py310/lib/python3.10/site-packages/airflow/example_dags/tutorial.py
[2026-02-12T11:04:43.932+0800] {logging_mixin.py:188} INFO - [2026-02-12T11:04:43.932+0800] {dag.py:3047} INFO - Sync 1 DAGs
[2026-02-12T11:04:43.950+0800] {logging_mixin.py:188} INFO - [2026-02-12T11:04:43.950+0800] {dag.py:3834} INFO - Setting next_dagrun for tutorial to 2026-02-11 00:00:00+00:00, run_after=2026-02-12 00:00:00+00:00
[2026-02-12T11:04:43.968+0800] {processor.py:183} INFO - Processing /Users/linghuchong/miniconda3/envs/py310/lib/python3.10/site-packages/airflow/example_dags/tutorial.py took 0.163 seconds
[2026-02-12T11:07:44.003+0800] {processor.py:161} INFO - Started process (PID=2731) to work on /Users/linghuchong/miniconda3/envs/py310/lib/python3.10/site-packages/airflow/example_dags/tutorial.py
[2026-02-12T11:07:44.006+0800] {processor.py:830} INFO - Processing file /Users/linghuchong/miniconda3/envs/py310/lib/python3.10/site-packages/airflow/example_dags/tutorial.py for tasks to queue
[2026-02-12T11:07:44.007+0800] {logging_mixin.py:188} INFO - [2026-02-12T11:07:44.007+0800] {dagbag.py:540} INFO - Filling up the DagBag from /Users/linghuchong/miniconda3/envs/py310/lib/python3.10/site-packages/airflow/example_dags/tutorial.py
[2026-02-12T11:07:44.016+0800] {processor.py:840} INFO - DAG(s) 'tutorial' retrieved from /Users/linghuchong/miniconda3/envs/py310/lib/python3.10/site-packages/airflow/example_dags/tutorial.py
[2026-02-12T11:07:44.134+0800] {logging_mixin.py:188} INFO - [2026-02-12T11:07:44.134+0800] {dag.py:3047} INFO - Sync 1 DAGs
[2026-02-12T11:07:44.155+0800] {logging_mixin.py:188} INFO - [2026-02-12T11:07:44.154+0800] {dag.py:3834} INFO - Setting next_dagrun for tutorial to 2026-02-11 00:00:00+00:00, run_after=2026-02-12 00:00:00+00:00
[2026-02-12T11:07:44.173+0800] {processor.py:183} INFO - Processing /Users/linghuchong/miniconda3/envs/py310/lib/python3.10/site-packages/airflow/example_dags/tutorial.py took 0.171 seconds
[2026-02-12T11:10:29.351+0800] {processor.py:161} INFO - Started process (PID=2894) to work on /Users/linghuchong/miniconda3/envs/py310/lib/python3.10/site-packages/airflow/example_dags/tutorial.py
[2026-02-12T11:10:29.353+0800] {processor.py:830} INFO - Processing file /Users/linghuchong/miniconda3/envs/py310/lib/python3.10/site-packages/airflow/example_dags/tutorial.py for tasks to queue
[2026-02-12T11:10:29.354+0800] {logging_mixin.py:188} INFO - [2026-02-12T11:10:29.354+0800] {dagbag.py:540} INFO - Filling up the DagBag from /Users/linghuchong/miniconda3/envs/py310/lib/python3.10/site-packages/airflow/example_dags/tutorial.py
[2026-02-12T11:10:29.362+0800] {processor.py:840} INFO - DAG(s) 'tutorial' retrieved from /Users/linghuchong/miniconda3/envs/py310/lib/python3.10/site-packages/airflow/example_dags/tutorial.py
[2026-02-12T11:10:29.490+0800] {logging_mixin.py:188} INFO - [2026-02-12T11:10:29.490+0800] {dag.py:3047} INFO - Sync 1 DAGs
[2026-02-12T11:10:29.510+0800] {logging_mixin.py:188} INFO - [2026-02-12T11:10:29.510+0800] {dag.py:3834} INFO - Setting next_dagrun for tutorial to 2026-02-11 00:00:00+00:00, run_after=2026-02-12 00:00:00+00:00
[2026-02-12T11:10:29.536+0800] {processor.py:183} INFO - Processing /Users/linghuchong/miniconda3/envs/py310/lib/python3.10/site-packages/airflow/example_dags/tutorial.py took 0.186 seconds
[2026-02-12T11:13:06.553+0800] {processor.py:161} INFO - Started process (PID=2973) to work on /Users/linghuchong/miniconda3/envs/py310/lib/python3.10/site-packages/airflow/example_dags/tutorial.py
[2026-02-12T11:13:06.556+0800] {processor.py:830} INFO - Processing file /Users/linghuchong/miniconda3/envs/py310/lib/python3.10/site-packages/airflow/example_dags/tutorial.py for tasks to queue
[2026-02-12T11:13:06.557+0800] {logging_mixin.py:188} INFO - [2026-02-12T11:13:06.557+0800] {dagbag.py:540} INFO - Filling up the DagBag from /Users/linghuchong/miniconda3/envs/py310/lib/python3.10/site-packages/airflow/example_dags/tutorial.py
[2026-02-12T11:13:06.566+0800] {processor.py:840} INFO - DAG(s) 'tutorial' retrieved from /Users/linghuchong/miniconda3/envs/py310/lib/python3.10/site-packages/airflow/example_dags/tutorial.py
[2026-02-12T11:13:06.675+0800] {logging_mixin.py:188} INFO - [2026-02-12T11:13:06.675+0800] {dag.py:3047} INFO - Sync 1 DAGs
[2026-02-12T11:13:06.695+0800] {logging_mixin.py:188} INFO - [2026-02-12T11:13:06.694+0800] {dag.py:3834} INFO - Setting next_dagrun for tutorial to 2026-02-11 00:00:00+00:00, run_after=2026-02-12 00:00:00+00:00
[2026-02-12T11:13:06.713+0800] {processor.py:183} INFO - Processing /Users/linghuchong/miniconda3/envs/py310/lib/python3.10/site-packages/airflow/example_dags/tutorial.py took 0.161 seconds
[2026-02-12T11:15:50.623+0800] {processor.py:161} INFO - Started process (PID=3232) to work on /Users/linghuchong/miniconda3/envs/py310/lib/python3.10/site-packages/airflow/example_dags/tutorial.py
[2026-02-12T11:15:50.624+0800] {processor.py:830} INFO - Processing file /Users/linghuchong/miniconda3/envs/py310/lib/python3.10/site-packages/airflow/example_dags/tutorial.py for tasks to queue
[2026-02-12T11:15:50.626+0800] {logging_mixin.py:188} INFO - [2026-02-12T11:15:50.625+0800] {dagbag.py:540} INFO - Filling up the DagBag from /Users/linghuchong/miniconda3/envs/py310/lib/python3.10/site-packages/airflow/example_dags/tutorial.py
[2026-02-12T11:15:50.634+0800] {processor.py:840} INFO - DAG(s) 'tutorial' retrieved from /Users/linghuchong/miniconda3/envs/py310/lib/python3.10/site-packages/airflow/example_dags/tutorial.py
[2026-02-12T11:15:50.757+0800] {logging_mixin.py:188} INFO - [2026-02-12T11:15:50.757+0800] {dag.py:3047} INFO - Sync 1 DAGs
[2026-02-12T11:15:50.776+0800] {logging_mixin.py:188} INFO - [2026-02-12T11:15:50.775+0800] {dag.py:3834} INFO - Setting next_dagrun for tutorial to 2026-02-11 00:00:00+00:00, run_after=2026-02-12 00:00:00+00:00
[2026-02-12T11:15:50.799+0800] {processor.py:183} INFO - Processing /Users/linghuchong/miniconda3/envs/py310/lib/python3.10/site-packages/airflow/example_dags/tutorial.py took 0.177 seconds
[2026-02-12T11:18:41.834+0800] {processor.py:161} INFO - Started process (PID=3440) to work on /Users/linghuchong/miniconda3/envs/py310/lib/python3.10/site-packages/airflow/example_dags/tutorial.py
[2026-02-12T11:18:41.834+0800] {processor.py:830} INFO - Processing file /Users/linghuchong/miniconda3/envs/py310/lib/python3.10/site-packages/airflow/example_dags/tutorial.py for tasks to queue
[2026-02-12T11:18:41.836+0800] {logging_mixin.py:188} INFO - [2026-02-12T11:18:41.835+0800] {dagbag.py:540} INFO - Filling up the DagBag from /Users/linghuchong/miniconda3/envs/py310/lib/python3.10/site-packages/airflow/example_dags/tutorial.py
[2026-02-12T11:18:41.844+0800] {processor.py:840} INFO - DAG(s) 'tutorial' retrieved from /Users/linghuchong/miniconda3/envs/py310/lib/python3.10/site-packages/airflow/example_dags/tutorial.py
[2026-02-12T11:18:41.866+0800] {logging_mixin.py:188} INFO - [2026-02-12T11:18:41.865+0800] {dag.py:3047} INFO - Sync 1 DAGs
[2026-02-12T11:18:41.979+0800] {logging_mixin.py:188} INFO - [2026-02-12T11:18:41.979+0800] {dag.py:3834} INFO - Setting next_dagrun for tutorial to 2026-02-11 00:00:00+00:00, run_after=2026-02-12 00:00:00+00:00
[2026-02-12T11:18:41.999+0800] {processor.py:183} INFO - Processing /Users/linghuchong/miniconda3/envs/py310/lib/python3.10/site-packages/airflow/example_dags/tutorial.py took 0.166 seconds
[2026-02-12T11:21:32.437+0800] {processor.py:161} INFO - Started process (PID=3509) to work on /Users/linghuchong/miniconda3/envs/py310/lib/python3.10/site-packages/airflow/example_dags/tutorial.py
[2026-02-12T11:21:32.438+0800] {processor.py:830} INFO - Processing file /Users/linghuchong/miniconda3/envs/py310/lib/python3.10/site-packages/airflow/example_dags/tutorial.py for tasks to queue
[2026-02-12T11:21:32.439+0800] {logging_mixin.py:188} INFO - [2026-02-12T11:21:32.439+0800] {dagbag.py:540} INFO - Filling up the DagBag from /Users/linghuchong/miniconda3/envs/py310/lib/python3.10/site-packages/airflow/example_dags/tutorial.py
[2026-02-12T11:21:32.448+0800] {processor.py:840} INFO - DAG(s) 'tutorial' retrieved from /Users/linghuchong/miniconda3/envs/py310/lib/python3.10/site-packages/airflow/example_dags/tutorial.py
[2026-02-12T11:21:32.675+0800] {logging_mixin.py:188} INFO - [2026-02-12T11:21:32.675+0800] {dag.py:3047} INFO - Sync 1 DAGs
[2026-02-12T11:21:32.696+0800] {logging_mixin.py:188} INFO - [2026-02-12T11:21:32.696+0800] {dag.py:3834} INFO - Setting next_dagrun for tutorial to 2026-02-11 00:00:00+00:00, run_after=2026-02-12 00:00:00+00:00
[2026-02-12T11:21:32.719+0800] {processor.py:183} INFO - Processing /Users/linghuchong/miniconda3/envs/py310/lib/python3.10/site-packages/airflow/example_dags/tutorial.py took 0.283 seconds
[2026-02-12T11:24:16.129+0800] {processor.py:161} INFO - Started process (PID=3590) to work on /Users/linghuchong/miniconda3/envs/py310/lib/python3.10/site-packages/airflow/example_dags/tutorial.py
[2026-02-12T11:24:16.130+0800] {processor.py:830} INFO - Processing file /Users/linghuchong/miniconda3/envs/py310/lib/python3.10/site-packages/airflow/example_dags/tutorial.py for tasks to queue
[2026-02-12T11:24:16.131+0800] {logging_mixin.py:188} INFO - [2026-02-12T11:24:16.131+0800] {dagbag.py:540} INFO - Filling up the DagBag from /Users/linghuchong/miniconda3/envs/py310/lib/python3.10/site-packages/airflow/example_dags/tutorial.py
[2026-02-12T11:24:16.139+0800] {processor.py:840} INFO - DAG(s) 'tutorial' retrieved from /Users/linghuchong/miniconda3/envs/py310/lib/python3.10/site-packages/airflow/example_dags/tutorial.py
[2026-02-12T11:24:16.267+0800] {logging_mixin.py:188} INFO - [2026-02-12T11:24:16.267+0800] {dag.py:3047} INFO - Sync 1 DAGs
[2026-02-12T11:24:16.285+0800] {logging_mixin.py:188} INFO - [2026-02-12T11:24:16.285+0800] {dag.py:3834} INFO - Setting next_dagrun for tutorial to 2026-02-11 00:00:00+00:00, run_after=2026-02-12 00:00:00+00:00
[2026-02-12T11:24:16.306+0800] {processor.py:183} INFO - Processing /Users/linghuchong/miniconda3/envs/py310/lib/python3.10/site-packages/airflow/example_dags/tutorial.py took 0.178 seconds
[2026-02-12T11:26:53.720+0800] {processor.py:161} INFO - Started process (PID=3751) to work on /Users/linghuchong/miniconda3/envs/py310/lib/python3.10/site-packages/airflow/example_dags/tutorial.py
[2026-02-12T11:26:53.721+0800] {processor.py:830} INFO - Processing file /Users/linghuchong/miniconda3/envs/py310/lib/python3.10/site-packages/airflow/example_dags/tutorial.py for tasks to queue
[2026-02-12T11:26:53.722+0800] {logging_mixin.py:188} INFO - [2026-02-12T11:26:53.722+0800] {dagbag.py:540} INFO - Filling up the DagBag from /Users/linghuchong/miniconda3/envs/py310/lib/python3.10/site-packages/airflow/example_dags/tutorial.py
[2026-02-12T11:26:53.729+0800] {processor.py:840} INFO - DAG(s) 'tutorial' retrieved from /Users/linghuchong/miniconda3/envs/py310/lib/python3.10/site-packages/airflow/example_dags/tutorial.py
[2026-02-12T11:26:53.841+0800] {logging_mixin.py:188} INFO - [2026-02-12T11:26:53.840+0800] {dag.py:3047} INFO - Sync 1 DAGs
[2026-02-12T11:26:53.857+0800] {logging_mixin.py:188} INFO - [2026-02-12T11:26:53.857+0800] {dag.py:3834} INFO - Setting next_dagrun for tutorial to 2026-02-11 00:00:00+00:00, run_after=2026-02-12 00:00:00+00:00
[2026-02-12T11:26:53.876+0800] {processor.py:183} INFO - Processing /Users/linghuchong/miniconda3/envs/py310/lib/python3.10/site-packages/airflow/example_dags/tutorial.py took 0.157 seconds
[2026-02-12T11:29:32.840+0800] {processor.py:161} INFO - Started process (PID=3810) to work on /Users/linghuchong/miniconda3/envs/py310/lib/python3.10/site-packages/airflow/example_dags/tutorial.py
[2026-02-12T11:29:32.841+0800] {processor.py:830} INFO - Processing file /Users/linghuchong/miniconda3/envs/py310/lib/python3.10/site-packages/airflow/example_dags/tutorial.py for tasks to queue
[2026-02-12T11:29:32.842+0800] {logging_mixin.py:188} INFO - [2026-02-12T11:29:32.841+0800] {dagbag.py:540} INFO - Filling up the DagBag from /Users/linghuchong/miniconda3/envs/py310/lib/python3.10/site-packages/airflow/example_dags/tutorial.py
[2026-02-12T11:29:32.849+0800] {processor.py:840} INFO - DAG(s) 'tutorial' retrieved from /Users/linghuchong/miniconda3/envs/py310/lib/python3.10/site-packages/airflow/example_dags/tutorial.py
[2026-02-12T11:29:32.970+0800] {logging_mixin.py:188} INFO - [2026-02-12T11:29:32.969+0800] {dag.py:3047} INFO - Sync 1 DAGs
[2026-02-12T11:29:32.989+0800] {logging_mixin.py:188} INFO - [2026-02-12T11:29:32.989+0800] {dag.py:3834} INFO - Setting next_dagrun for tutorial to 2026-02-11 00:00:00+00:00, run_after=2026-02-12 00:00:00+00:00
[2026-02-12T11:29:33.010+0800] {processor.py:183} INFO - Processing /Users/linghuchong/miniconda3/envs/py310/lib/python3.10/site-packages/airflow/example_dags/tutorial.py took 0.171 seconds
[2026-02-12T11:32:20.974+0800] {processor.py:161} INFO - Started process (PID=3902) to work on /Users/linghuchong/miniconda3/envs/py310/lib/python3.10/site-packages/airflow/example_dags/tutorial.py
[2026-02-12T11:32:20.977+0800] {processor.py:830} INFO - Processing file /Users/linghuchong/miniconda3/envs/py310/lib/python3.10/site-packages/airflow/example_dags/tutorial.py for tasks to queue
[2026-02-12T11:32:20.977+0800] {logging_mixin.py:188} INFO - [2026-02-12T11:32:20.977+0800] {dagbag.py:540} INFO - Filling up the DagBag from /Users/linghuchong/miniconda3/envs/py310/lib/python3.10/site-packages/airflow/example_dags/tutorial.py
[2026-02-12T11:32:20.985+0800] {processor.py:840} INFO - DAG(s) 'tutorial' retrieved from /Users/linghuchong/miniconda3/envs/py310/lib/python3.10/site-packages/airflow/example_dags/tutorial.py
[2026-02-12T11:32:21.099+0800] {logging_mixin.py:188} INFO - [2026-02-12T11:32:21.098+0800] {dag.py:3047} INFO - Sync 1 DAGs
[2026-02-12T11:32:21.116+0800] {logging_mixin.py:188} INFO - [2026-02-12T11:32:21.116+0800] {dag.py:3834} INFO - Setting next_dagrun for tutorial to 2026-02-11 00:00:00+00:00, run_after=2026-02-12 00:00:00+00:00
[2026-02-12T11:32:21.136+0800] {processor.py:183} INFO - Processing /Users/linghuchong/miniconda3/envs/py310/lib/python3.10/site-packages/airflow/example_dags/tutorial.py took 0.162 seconds
[2026-02-12T11:35:18.540+0800] {processor.py:161} INFO - Started process (PID=4063) to work on /Users/linghuchong/miniconda3/envs/py310/lib/python3.10/site-packages/airflow/example_dags/tutorial.py
[2026-02-12T11:35:18.541+0800] {processor.py:830} INFO - Processing file /Users/linghuchong/miniconda3/envs/py310/lib/python3.10/site-packages/airflow/example_dags/tutorial.py for tasks to queue
[2026-02-12T11:35:18.542+0800] {logging_mixin.py:188} INFO - [2026-02-12T11:35:18.541+0800] {dagbag.py:540} INFO - Filling up the DagBag from /Users/linghuchong/miniconda3/envs/py310/lib/python3.10/site-packages/airflow/example_dags/tutorial.py
[2026-02-12T11:35:18.549+0800] {processor.py:840} INFO - DAG(s) 'tutorial' retrieved from /Users/linghuchong/miniconda3/envs/py310/lib/python3.10/site-packages/airflow/example_dags/tutorial.py
[2026-02-12T11:35:18.669+0800] {logging_mixin.py:188} INFO - [2026-02-12T11:35:18.668+0800] {dag.py:3047} INFO - Sync 1 DAGs
[2026-02-12T11:35:18.688+0800] {logging_mixin.py:188} INFO - [2026-02-12T11:35:18.687+0800] {dag.py:3834} INFO - Setting next_dagrun for tutorial to 2026-02-11 00:00:00+00:00, run_after=2026-02-12 00:00:00+00:00
[2026-02-12T11:35:18.705+0800] {processor.py:183} INFO - Processing /Users/linghuchong/miniconda3/envs/py310/lib/python3.10/site-packages/airflow/example_dags/tutorial.py took 0.166 seconds
[2026-02-12T11:38:16.500+0800] {processor.py:161} INFO - Started process (PID=4273) to work on /Users/linghuchong/miniconda3/envs/py310/lib/python3.10/site-packages/airflow/example_dags/tutorial.py
[2026-02-12T11:38:16.503+0800] {processor.py:830} INFO - Processing file /Users/linghuchong/miniconda3/envs/py310/lib/python3.10/site-packages/airflow/example_dags/tutorial.py for tasks to queue
[2026-02-12T11:38:16.504+0800] {logging_mixin.py:188} INFO - [2026-02-12T11:38:16.504+0800] {dagbag.py:540} INFO - Filling up the DagBag from /Users/linghuchong/miniconda3/envs/py310/lib/python3.10/site-packages/airflow/example_dags/tutorial.py
[2026-02-12T11:38:16.513+0800] {processor.py:840} INFO - DAG(s) 'tutorial' retrieved from /Users/linghuchong/miniconda3/envs/py310/lib/python3.10/site-packages/airflow/example_dags/tutorial.py
[2026-02-12T11:38:16.630+0800] {logging_mixin.py:188} INFO - [2026-02-12T11:38:16.630+0800] {dag.py:3047} INFO - Sync 1 DAGs
[2026-02-12T11:38:16.653+0800] {logging_mixin.py:188} INFO - [2026-02-12T11:38:16.652+0800] {dag.py:3834} INFO - Setting next_dagrun for tutorial to 2026-02-11 00:00:00+00:00, run_after=2026-02-12 00:00:00+00:00
[2026-02-12T11:38:16.671+0800] {processor.py:183} INFO - Processing /Users/linghuchong/miniconda3/envs/py310/lib/python3.10/site-packages/airflow/example_dags/tutorial.py took 0.172 seconds
[2026-02-12T11:43:04.133+0800] {processor.py:161} INFO - Started process (PID=4541) to work on /Users/linghuchong/miniconda3/envs/py310/lib/python3.10/site-packages/airflow/example_dags/tutorial.py
[2026-02-12T11:43:04.136+0800] {processor.py:830} INFO - Processing file /Users/linghuchong/miniconda3/envs/py310/lib/python3.10/site-packages/airflow/example_dags/tutorial.py for tasks to queue
[2026-02-12T11:43:04.137+0800] {logging_mixin.py:188} INFO - [2026-02-12T11:43:04.136+0800] {dagbag.py:540} INFO - Filling up the DagBag from /Users/linghuchong/miniconda3/envs/py310/lib/python3.10/site-packages/airflow/example_dags/tutorial.py
[2026-02-12T11:43:04.144+0800] {processor.py:840} INFO - DAG(s) 'tutorial' retrieved from /Users/linghuchong/miniconda3/envs/py310/lib/python3.10/site-packages/airflow/example_dags/tutorial.py
[2026-02-12T11:43:04.335+0800] {logging_mixin.py:188} INFO - [2026-02-12T11:43:04.335+0800] {dag.py:3047} INFO - Sync 1 DAGs
[2026-02-12T11:43:04.354+0800] {logging_mixin.py:188} INFO - [2026-02-12T11:43:04.354+0800] {dag.py:3834} INFO - Setting next_dagrun for tutorial to 2026-02-11 00:00:00+00:00, run_after=2026-02-12 00:00:00+00:00
[2026-02-12T11:43:04.372+0800] {processor.py:183} INFO - Processing /Users/linghuchong/miniconda3/envs/py310/lib/python3.10/site-packages/airflow/example_dags/tutorial.py took 0.240 seconds
[2026-02-12T11:45:59.212+0800] {processor.py:161} INFO - Started process (PID=4646) to work on /Users/linghuchong/miniconda3/envs/py310/lib/python3.10/site-packages/airflow/example_dags/tutorial.py
[2026-02-12T11:45:59.215+0800] {processor.py:830} INFO - Processing file /Users/linghuchong/miniconda3/envs/py310/lib/python3.10/site-packages/airflow/example_dags/tutorial.py for tasks to queue
[2026-02-12T11:45:59.216+0800] {logging_mixin.py:188} INFO - [2026-02-12T11:45:59.216+0800] {dagbag.py:540} INFO - Filling up the DagBag from /Users/linghuchong/miniconda3/envs/py310/lib/python3.10/site-packages/airflow/example_dags/tutorial.py
[2026-02-12T11:45:59.224+0800] {processor.py:840} INFO - DAG(s) 'tutorial' retrieved from /Users/linghuchong/miniconda3/envs/py310/lib/python3.10/site-packages/airflow/example_dags/tutorial.py
[2026-02-12T11:45:59.337+0800] {logging_mixin.py:188} INFO - [2026-02-12T11:45:59.337+0800] {dag.py:3047} INFO - Sync 1 DAGs
[2026-02-12T11:45:59.354+0800] {logging_mixin.py:188} INFO - [2026-02-12T11:45:59.354+0800] {dag.py:3834} INFO - Setting next_dagrun for tutorial to 2026-02-11 00:00:00+00:00, run_after=2026-02-12 00:00:00+00:00
[2026-02-12T11:45:59.377+0800] {processor.py:183} INFO - Processing /Users/linghuchong/miniconda3/envs/py310/lib/python3.10/site-packages/airflow/example_dags/tutorial.py took 0.165 seconds
[2026-02-12T11:48:47.318+0800] {processor.py:161} INFO - Started process (PID=4711) to work on /Users/linghuchong/miniconda3/envs/py310/lib/python3.10/site-packages/airflow/example_dags/tutorial.py
[2026-02-12T11:48:47.319+0800] {processor.py:830} INFO - Processing file /Users/linghuchong/miniconda3/envs/py310/lib/python3.10/site-packages/airflow/example_dags/tutorial.py for tasks to queue
[2026-02-12T11:48:47.320+0800] {logging_mixin.py:188} INFO - [2026-02-12T11:48:47.320+0800] {dagbag.py:540} INFO - Filling up the DagBag from /Users/linghuchong/miniconda3/envs/py310/lib/python3.10/site-packages/airflow/example_dags/tutorial.py
[2026-02-12T11:48:47.328+0800] {processor.py:840} INFO - DAG(s) 'tutorial' retrieved from /Users/linghuchong/miniconda3/envs/py310/lib/python3.10/site-packages/airflow/example_dags/tutorial.py
[2026-02-12T11:48:47.462+0800] {logging_mixin.py:188} INFO - [2026-02-12T11:48:47.461+0800] {dag.py:3047} INFO - Sync 1 DAGs
[2026-02-12T11:48:47.481+0800] {logging_mixin.py:188} INFO - [2026-02-12T11:48:47.481+0800] {dag.py:3834} INFO - Setting next_dagrun for tutorial to 2026-02-11 00:00:00+00:00, run_after=2026-02-12 00:00:00+00:00
[2026-02-12T11:48:47.501+0800] {processor.py:183} INFO - Processing /Users/linghuchong/miniconda3/envs/py310/lib/python3.10/site-packages/airflow/example_dags/tutorial.py took 0.184 seconds
[2026-02-12T11:51:34.537+0800] {processor.py:161} INFO - Started process (PID=4772) to work on /Users/linghuchong/miniconda3/envs/py310/lib/python3.10/site-packages/airflow/example_dags/tutorial.py
[2026-02-12T11:51:34.538+0800] {processor.py:830} INFO - Processing file /Users/linghuchong/miniconda3/envs/py310/lib/python3.10/site-packages/airflow/example_dags/tutorial.py for tasks to queue
[2026-02-12T11:51:34.538+0800] {logging_mixin.py:188} INFO - [2026-02-12T11:51:34.538+0800] {dagbag.py:540} INFO - Filling up the DagBag from /Users/linghuchong/miniconda3/envs/py310/lib/python3.10/site-packages/airflow/example_dags/tutorial.py
[2026-02-12T11:51:34.545+0800] {processor.py:840} INFO - DAG(s) 'tutorial' retrieved from /Users/linghuchong/miniconda3/envs/py310/lib/python3.10/site-packages/airflow/example_dags/tutorial.py
[2026-02-12T11:51:34.660+0800] {logging_mixin.py:188} INFO - [2026-02-12T11:51:34.660+0800] {dag.py:3047} INFO - Sync 1 DAGs
[2026-02-12T11:51:34.677+0800] {logging_mixin.py:188} INFO - [2026-02-12T11:51:34.677+0800] {dag.py:3834} INFO - Setting next_dagrun for tutorial to 2026-02-11 00:00:00+00:00, run_after=2026-02-12 00:00:00+00:00
[2026-02-12T11:51:34.696+0800] {processor.py:183} INFO - Processing /Users/linghuchong/miniconda3/envs/py310/lib/python3.10/site-packages/airflow/example_dags/tutorial.py took 0.160 seconds
