[2025-10-27T13:10:02.482+08:00] Getting interface description
[2025-10-27T13:10:02.482+08:00] Interface description end
[2025-10-27T13:10:02.482+08:00] Uploading test info to server
[2025-10-27T13:10:02.552+08:00] UploadTestInfoToServer end
[2025-10-27T13:10:02.770+08:00] size: 1280x720 dpr: 1
[2025-10-27T13:10:05.712+08:00] Getting interface description
[2025-10-27T13:10:05.712+08:00] Interface description end
[2025-10-27T13:10:05.712+08:00] Uploading test info to server
[2025-10-27T13:10:05.760+08:00] UploadTestInfoToServer end
[2025-10-27T13:10:05.834+08:00] size: 1280x720 dpr: 1
[2025-10-27T13:10:06.848+08:00] Getting interface description
[2025-10-27T13:10:06.848+08:00] Interface description end
[2025-10-27T13:10:06.848+08:00] Uploading test info to server
[2025-10-27T13:10:06.899+08:00] UploadTestInfoToServer end
[2025-10-27T13:10:06.960+08:00] size: 1280x720 dpr: 1
[2025-10-27T13:10:12.266+08:00] Getting interface description
[2025-10-27T13:10:12.266+08:00] Interface description end
[2025-10-27T13:10:12.266+08:00] Uploading test info to server
[2025-10-27T13:10:12.319+08:00] UploadTestInfoToServer end
[2025-10-27T13:10:12.383+08:00] size: 1280x720 dpr: 1
[2025-10-27T13:10:12.919+08:00] Getting interface description
[2025-10-27T13:10:12.919+08:00] Interface description end
[2025-10-27T13:10:12.919+08:00] Uploading test info to server
[2025-10-27T13:10:12.968+08:00] UploadTestInfoToServer end
[2025-10-27T13:10:13.032+08:00] size: 1280x720 dpr: 1
[2025-10-27T13:10:13.150+08:00] Getting interface description
[2025-10-27T13:10:13.150+08:00] Interface description end
[2025-10-27T13:10:13.150+08:00] Uploading test info to server
[2025-10-27T13:10:13.197+08:00] UploadTestInfoToServer end
[2025-10-27T13:10:13.259+08:00] size: 1280x720 dpr: 1
[2025-10-27T13:10:19.547+08:00] Getting interface description
[2025-10-27T13:10:19.547+08:00] Interface description end
[2025-10-27T13:10:19.547+08:00] Uploading test info to server
[2025-10-27T13:10:19.632+08:00] UploadTestInfoToServer end
[2025-10-27T13:10:19.695+08:00] size: 1280x720 dpr: 1
[2025-10-27T13:10:19.861+08:00] Getting interface description
[2025-10-27T13:10:19.861+08:00] Interface description end
[2025-10-27T13:10:19.861+08:00] Uploading test info to server
[2025-10-27T13:10:19.912+08:00] UploadTestInfoToServer end
[2025-10-27T13:10:19.982+08:00] size: 1280x720 dpr: 1
[2025-10-27T13:10:23.098+08:00] Getting interface description
[2025-10-27T13:10:23.098+08:00] Interface description end
[2025-10-27T13:10:23.098+08:00] Uploading test info to server
[2025-10-27T13:10:23.157+08:00] UploadTestInfoToServer end
[2025-10-27T13:10:23.211+08:00] size: 1280x720 dpr: 1
[2025-10-27T13:10:23.330+08:00] Getting interface description
[2025-10-27T13:10:23.330+08:00] Interface description end
[2025-10-27T13:10:23.330+08:00] Uploading test info to server
[2025-10-27T13:10:23.379+08:00] UploadTestInfoToServer end
[2025-10-27T13:10:23.457+08:00] size: 1280x720 dpr: 1
[2025-10-27T13:10:29.752+08:00] Getting interface description
[2025-10-27T13:10:29.752+08:00] Interface description end
[2025-10-27T13:10:29.752+08:00] Uploading test info to server
[2025-10-27T13:10:29.805+08:00] UploadTestInfoToServer end
[2025-10-27T13:10:29.857+08:00] size: 1280x720 dpr: 1
[2025-10-27T13:10:29.986+08:00] Getting interface description
[2025-10-27T13:10:29.986+08:00] Interface description end
[2025-10-27T13:10:29.986+08:00] Uploading test info to server
[2025-10-27T13:10:30.038+08:00] UploadTestInfoToServer end
[2025-10-27T13:10:30.090+08:00] size: 1280x720 dpr: 1
[2025-10-27T13:10:32.814+08:00] Getting interface description
[2025-10-27T13:10:32.814+08:00] Interface description end
[2025-10-27T13:10:32.814+08:00] Uploading test info to server
[2025-10-27T13:10:32.870+08:00] UploadTestInfoToServer end
[2025-10-27T13:10:32.961+08:00] size: 1280x720 dpr: 1
[2025-10-27T13:10:33.104+08:00] Getting interface description
[2025-10-27T13:10:33.104+08:00] Interface description end
[2025-10-27T13:10:33.104+08:00] Uploading test info to server
[2025-10-27T13:10:33.157+08:00] UploadTestInfoToServer end
[2025-10-27T13:10:33.244+08:00] size: 1280x720 dpr: 1
[2025-10-27T13:10:36.034+08:00] Getting interface description
[2025-10-27T13:10:36.034+08:00] Interface description end
[2025-10-27T13:10:36.034+08:00] Uploading test info to server
[2025-10-27T13:10:36.092+08:00] UploadTestInfoToServer end
[2025-10-27T13:10:36.174+08:00] size: 1280x720 dpr: 1
[2025-10-27T13:10:36.292+08:00] Getting interface description
[2025-10-27T13:10:36.292+08:00] Interface description end
[2025-10-27T13:10:36.292+08:00] Uploading test info to server
[2025-10-27T13:10:36.340+08:00] UploadTestInfoToServer end
[2025-10-27T13:10:36.408+08:00] size: 1280x720 dpr: 1
[2025-10-27T13:10:39.566+08:00] Getting interface description
[2025-10-27T13:10:39.566+08:00] Interface description end
[2025-10-27T13:10:39.566+08:00] Uploading test info to server
[2025-10-27T13:10:39.622+08:00] UploadTestInfoToServer end
[2025-10-27T13:10:39.689+08:00] size: 1280x720 dpr: 1
[2025-10-27T13:10:39.818+08:00] Getting interface description
[2025-10-27T13:10:39.818+08:00] Interface description end
[2025-10-27T13:10:39.818+08:00] Uploading test info to server
[2025-10-27T13:10:39.870+08:00] UploadTestInfoToServer end
[2025-10-27T13:10:39.929+08:00] size: 1280x720 dpr: 1
[2025-10-27T13:10:43.239+08:00] Getting interface description
[2025-10-27T13:10:43.239+08:00] Interface description end
[2025-10-27T13:10:43.239+08:00] Uploading test info to server
[2025-10-27T13:10:43.295+08:00] UploadTestInfoToServer end
[2025-10-27T13:10:43.357+08:00] size: 1280x720 dpr: 1
[2025-10-27T13:10:43.509+08:00] Getting interface description
[2025-10-27T13:10:43.509+08:00] Interface description end
[2025-10-27T13:10:43.509+08:00] Uploading test info to server
[2025-10-27T13:10:43.564+08:00] UploadTestInfoToServer end
[2025-10-27T13:10:43.628+08:00] size: 1280x720 dpr: 1
[2025-10-27T13:10:46.706+08:00] Getting interface description
[2025-10-27T13:10:46.706+08:00] Interface description end
[2025-10-27T13:10:46.706+08:00] Uploading test info to server
[2025-10-27T13:10:46.755+08:00] UploadTestInfoToServer end
[2025-10-27T13:10:46.807+08:00] size: 1280x720 dpr: 1
[2025-10-27T13:10:46.925+08:00] Getting interface description
[2025-10-27T13:10:46.925+08:00] Interface description end
[2025-10-27T13:10:46.925+08:00] Uploading test info to server
[2025-10-27T13:10:46.973+08:00] UploadTestInfoToServer end
[2025-10-27T13:10:47.040+08:00] size: 1280x720 dpr: 1
[2025-10-27T13:10:50.207+08:00] Getting interface description
[2025-10-27T13:10:50.207+08:00] Interface description end
[2025-10-27T13:10:50.207+08:00] Uploading test info to server
[2025-10-27T13:10:50.260+08:00] UploadTestInfoToServer end
[2025-10-27T13:10:50.338+08:00] size: 1280x720 dpr: 1
[2025-10-27T13:10:50.510+08:00] Getting interface description
[2025-10-27T13:10:50.510+08:00] Interface description end
[2025-10-27T13:10:50.510+08:00] Uploading test info to server
[2025-10-27T13:10:50.568+08:00] UploadTestInfoToServer end
[2025-10-27T13:10:50.661+08:00] size: 1280x720 dpr: 1
[2025-10-27T13:10:54.182+08:00] Getting interface description
[2025-10-27T13:10:54.182+08:00] Interface description end
[2025-10-27T13:10:54.182+08:00] Uploading test info to server
[2025-10-27T13:10:54.240+08:00] UploadTestInfoToServer end
[2025-10-27T13:10:54.322+08:00] size: 1280x720 dpr: 1
[2025-10-27T13:10:54.476+08:00] Getting interface description
[2025-10-27T13:10:54.476+08:00] Interface description end
[2025-10-27T13:10:54.476+08:00] Uploading test info to server
[2025-10-27T13:10:54.526+08:00] UploadTestInfoToServer end
[2025-10-27T13:10:54.633+08:00] size: 1280x720 dpr: 1
[2025-10-27T13:10:57.889+08:00] Getting interface description
[2025-10-27T13:10:57.889+08:00] Interface description end
[2025-10-27T13:10:57.889+08:00] Uploading test info to server
[2025-10-27T13:10:57.939+08:00] UploadTestInfoToServer end
[2025-10-27T13:10:58.022+08:00] size: 1280x720 dpr: 1
[2025-10-27T13:10:58.148+08:00] Getting interface description
[2025-10-27T13:10:58.148+08:00] Interface description end
[2025-10-27T13:10:58.148+08:00] Uploading test info to server
[2025-10-27T13:10:58.195+08:00] UploadTestInfoToServer end
[2025-10-27T13:10:58.255+08:00] size: 1280x720 dpr: 1
[2025-10-27T13:11:01.837+08:00] Getting interface description
[2025-10-27T13:11:01.837+08:00] Interface description end
[2025-10-27T13:11:01.837+08:00] Uploading test info to server
[2025-10-27T13:11:01.890+08:00] UploadTestInfoToServer end
[2025-10-27T13:11:01.938+08:00] size: 1280x720 dpr: 1
[2025-10-27T13:11:02.051+08:00] Getting interface description
[2025-10-27T13:11:02.051+08:00] Interface description end
[2025-10-27T13:11:02.051+08:00] Uploading test info to server
[2025-10-27T13:11:02.102+08:00] UploadTestInfoToServer end
[2025-10-27T13:11:02.153+08:00] size: 1280x720 dpr: 1
[2025-10-27T13:25:13.302+08:00] Getting interface description
[2025-10-27T13:25:13.302+08:00] Interface description end
[2025-10-27T13:25:13.302+08:00] Uploading test info to server
[2025-10-27T13:25:13.365+08:00] UploadTestInfoToServer end
[2025-10-27T13:25:13.525+08:00] size: 1280x720 dpr: 1
[2025-10-27T13:25:16.883+08:00] Getting interface description
[2025-10-27T13:25:16.883+08:00] Interface description end
[2025-10-27T13:25:16.883+08:00] Uploading test info to server
[2025-10-27T13:25:16.929+08:00] UploadTestInfoToServer end
[2025-10-27T13:25:16.982+08:00] size: 1280x720 dpr: 1
[2025-10-27T13:25:17.987+08:00] Getting interface description
[2025-10-27T13:25:17.987+08:00] Interface description end
[2025-10-27T13:25:17.987+08:00] Uploading test info to server
[2025-10-27T13:25:18.038+08:00] UploadTestInfoToServer end
[2025-10-27T13:25:18.099+08:00] size: 1280x720 dpr: 1
[2025-10-27T13:25:20.615+08:00] Getting interface description
[2025-10-27T13:25:20.615+08:00] Interface description end
[2025-10-27T13:25:20.615+08:00] Uploading test info to server
[2025-10-27T13:25:20.663+08:00] UploadTestInfoToServer end
[2025-10-27T13:25:20.716+08:00] size: 1280x720 dpr: 1
[2025-10-27T13:25:21.199+08:00] Getting interface description
[2025-10-27T13:25:21.199+08:00] Interface description end
[2025-10-27T13:25:21.199+08:00] Uploading test info to server
[2025-10-27T13:25:21.246+08:00] UploadTestInfoToServer end
[2025-10-27T13:25:21.297+08:00] size: 1280x720 dpr: 1
[2025-10-27T13:25:21.420+08:00] Getting interface description
[2025-10-27T13:25:21.420+08:00] Interface description end
[2025-10-27T13:25:21.420+08:00] Uploading test info to server
[2025-10-27T13:25:21.465+08:00] UploadTestInfoToServer end
[2025-10-27T13:25:21.514+08:00] size: 1280x720 dpr: 1
[2025-10-27T13:25:25.298+08:00] Getting interface description
[2025-10-27T13:25:25.298+08:00] Interface description end
[2025-10-27T13:25:25.298+08:00] Uploading test info to server
[2025-10-27T13:25:25.353+08:00] UploadTestInfoToServer end
[2025-10-27T13:25:25.396+08:00] size: 1280x720 dpr: 1
[2025-10-27T13:25:25.514+08:00] Getting interface description
[2025-10-27T13:25:25.514+08:00] Interface description end
[2025-10-27T13:25:25.514+08:00] Uploading test info to server
[2025-10-27T13:25:25.564+08:00] UploadTestInfoToServer end
[2025-10-27T13:25:25.616+08:00] size: 1280x720 dpr: 1
[2025-10-27T13:25:29.296+08:00] Getting interface description
[2025-10-27T13:25:29.296+08:00] Interface description end
[2025-10-27T13:25:29.296+08:00] Uploading test info to server
[2025-10-27T13:25:29.347+08:00] UploadTestInfoToServer end
[2025-10-27T13:25:29.395+08:00] size: 1280x720 dpr: 1
[2025-10-27T13:25:29.532+08:00] Getting interface description
[2025-10-27T13:25:29.532+08:00] Interface description end
[2025-10-27T13:25:29.532+08:00] Uploading test info to server
[2025-10-27T13:25:29.579+08:00] UploadTestInfoToServer end
[2025-10-27T13:25:29.629+08:00] size: 1280x720 dpr: 1
[2025-10-27T13:25:32.770+08:00] Getting interface description
[2025-10-27T13:25:32.770+08:00] Interface description end
[2025-10-27T13:25:32.770+08:00] Uploading test info to server
[2025-10-27T13:25:32.836+08:00] UploadTestInfoToServer end
[2025-10-27T13:25:32.892+08:00] size: 1280x720 dpr: 1
[2025-10-27T13:25:33.013+08:00] Getting interface description
[2025-10-27T13:25:33.013+08:00] Interface description end
[2025-10-27T13:25:33.013+08:00] Uploading test info to server
[2025-10-27T13:25:33.071+08:00] UploadTestInfoToServer end
[2025-10-27T13:25:33.115+08:00] size: 1280x720 dpr: 1
[2025-10-27T13:25:36.515+08:00] Getting interface description
[2025-10-27T13:25:36.515+08:00] Interface description end
[2025-10-27T13:25:36.515+08:00] Uploading test info to server
[2025-10-27T13:25:36.571+08:00] UploadTestInfoToServer end
[2025-10-27T13:25:36.618+08:00] size: 1280x720 dpr: 1
[2025-10-27T13:25:36.758+08:00] Getting interface description
[2025-10-27T13:25:36.758+08:00] Interface description end
[2025-10-27T13:25:36.758+08:00] Uploading test info to server
[2025-10-27T13:25:36.810+08:00] UploadTestInfoToServer end
[2025-10-27T13:25:36.868+08:00] size: 1280x720 dpr: 1
[2025-10-27T13:25:39.549+08:00] Getting interface description
[2025-10-27T13:25:39.549+08:00] Interface description end
[2025-10-27T13:25:39.549+08:00] Uploading test info to server
[2025-10-27T13:25:39.595+08:00] UploadTestInfoToServer end
[2025-10-27T13:25:39.651+08:00] size: 1280x720 dpr: 1
[2025-10-27T13:25:39.782+08:00] Getting interface description
[2025-10-27T13:25:39.782+08:00] Interface description end
[2025-10-27T13:25:39.782+08:00] Uploading test info to server
[2025-10-27T13:25:39.828+08:00] UploadTestInfoToServer end
[2025-10-27T13:25:39.882+08:00] size: 1280x720 dpr: 1
[2025-10-27T13:25:44.184+08:00] Getting interface description
[2025-10-27T13:25:44.184+08:00] Interface description end
[2025-10-27T13:25:44.184+08:00] Uploading test info to server
[2025-10-27T13:25:44.231+08:00] UploadTestInfoToServer end
[2025-10-27T13:25:44.284+08:00] size: 1280x720 dpr: 1
[2025-10-27T13:25:44.397+08:00] Getting interface description
[2025-10-27T13:25:44.397+08:00] Interface description end
[2025-10-27T13:25:44.397+08:00] Uploading test info to server
[2025-10-27T13:25:44.443+08:00] UploadTestInfoToServer end
[2025-10-27T13:25:44.517+08:00] size: 1280x720 dpr: 1
[2025-10-27T13:25:47.334+08:00] Getting interface description
[2025-10-27T13:25:47.334+08:00] Interface description end
[2025-10-27T13:25:47.334+08:00] Uploading test info to server
[2025-10-27T13:25:47.383+08:00] UploadTestInfoToServer end
[2025-10-27T13:25:47.435+08:00] size: 1280x720 dpr: 1
[2025-10-27T13:25:47.551+08:00] Getting interface description
[2025-10-27T13:25:47.551+08:00] Interface description end
[2025-10-27T13:25:47.551+08:00] Uploading test info to server
[2025-10-27T13:25:47.597+08:00] UploadTestInfoToServer end
[2025-10-27T13:25:47.651+08:00] size: 1280x720 dpr: 1
[2025-10-27T13:25:50.984+08:00] Getting interface description
[2025-10-27T13:25:50.984+08:00] Interface description end
[2025-10-27T13:25:50.984+08:00] Uploading test info to server
[2025-10-27T13:25:51.039+08:00] UploadTestInfoToServer end
[2025-10-27T13:25:51.082+08:00] size: 1280x720 dpr: 1
[2025-10-27T13:25:51.224+08:00] Getting interface description
[2025-10-27T13:25:51.224+08:00] Interface description end
[2025-10-27T13:25:51.224+08:00] Uploading test info to server
[2025-10-27T13:25:51.272+08:00] UploadTestInfoToServer end
[2025-10-27T13:25:51.315+08:00] size: 1280x720 dpr: 1
[2025-10-27T13:25:55.071+08:00] Getting interface description
[2025-10-27T13:25:55.071+08:00] Interface description end
[2025-10-27T13:25:55.071+08:00] Uploading test info to server
[2025-10-27T13:25:55.126+08:00] UploadTestInfoToServer end
[2025-10-27T13:25:55.181+08:00] size: 1280x720 dpr: 1
[2025-10-27T13:25:55.299+08:00] Getting interface description
[2025-10-27T13:25:55.299+08:00] Interface description end
[2025-10-27T13:25:55.299+08:00] Uploading test info to server
[2025-10-27T13:25:55.345+08:00] UploadTestInfoToServer end
[2025-10-27T13:25:55.397+08:00] size: 1280x720 dpr: 1
[2025-10-27T13:25:58.113+08:00] Getting interface description
[2025-10-27T13:25:58.113+08:00] Interface description end
[2025-10-27T13:25:58.113+08:00] Uploading test info to server
[2025-10-27T13:25:58.183+08:00] UploadTestInfoToServer end
[2025-10-27T13:25:58.244+08:00] size: 1280x720 dpr: 1
[2025-10-27T13:25:58.416+08:00] Getting interface description
[2025-10-27T13:25:58.416+08:00] Interface description end
[2025-10-27T13:25:58.416+08:00] Uploading test info to server
[2025-10-27T13:25:58.496+08:00] UploadTestInfoToServer end
[2025-10-27T13:25:58.582+08:00] size: 1280x720 dpr: 1
[2025-10-27T13:26:01.419+08:00] Getting interface description
[2025-10-27T13:26:01.419+08:00] Interface description end
[2025-10-27T13:26:01.419+08:00] Uploading test info to server
[2025-10-27T13:26:01.472+08:00] UploadTestInfoToServer end
[2025-10-27T13:26:01.550+08:00] size: 1280x720 dpr: 1
[2025-10-27T13:26:01.720+08:00] Getting interface description
[2025-10-27T13:26:01.720+08:00] Interface description end
[2025-10-27T13:26:01.720+08:00] Uploading test info to server
[2025-10-27T13:26:01.769+08:00] UploadTestInfoToServer end
[2025-10-27T13:26:01.818+08:00] size: 1280x720 dpr: 1
[2025-10-27T13:26:07.916+08:00] Getting interface description
[2025-10-27T13:26:07.916+08:00] Interface description end
[2025-10-27T13:26:07.916+08:00] Uploading test info to server
[2025-10-27T13:26:07.964+08:00] UploadTestInfoToServer end
[2025-10-27T13:26:08.017+08:00] size: 1280x720 dpr: 1
[2025-10-27T13:26:08.126+08:00] Getting interface description
[2025-10-27T13:26:08.126+08:00] Interface description end
[2025-10-27T13:26:08.126+08:00] Uploading test info to server
[2025-10-27T13:26:08.169+08:00] UploadTestInfoToServer end
[2025-10-27T13:26:08.214+08:00] size: 1280x720 dpr: 1
