[2026-02-26T13:41:41.599+0800] {local_task_job_runner.py:123} INFO - ::group::Pre task execution logs
[2026-02-26T13:41:41.618+0800] {taskinstance.py:2631} INFO - Dependencies all met for dep_context=non-requeueable deps ti=<TaskInstance: integrated_cdrd_workflow.consumer2_task manual__2026-02-26T05:41:13.610728+00:00 [queued]>
[2026-02-26T13:41:41.625+0800] {taskinstance.py:2631} INFO - Dependencies all met for dep_context=requeueable deps ti=<TaskInstance: integrated_cdrd_workflow.consumer2_task manual__2026-02-26T05:41:13.610728+00:00 [queued]>
[2026-02-26T13:41:41.626+0800] {taskinstance.py:2884} INFO - Starting attempt 1 of 1
[2026-02-26T13:41:41.641+0800] {taskinstance.py:2907} INFO - Executing <Task(PythonOperator): consumer2_task> on 2026-02-26 05:41:13.610728+00:00
[2026-02-26T13:41:41.644+0800] {standard_task_runner.py:72} INFO - Started process 13322 to run task
[2026-02-26T13:41:41.651+0800] {standard_task_runner.py:104} INFO - Running: ['airflow', 'tasks', 'run', 'integrated_cdrd_workflow', 'consumer2_task', 'manual__2026-02-26T05:41:13.610728+00:00', '--job-id', '415', '--raw', '--subdir', 'DAGS_FOLDER/tag_CDRD/cdrd_1p1n2t.py', '--cfg-path', '/var/folders/f7/4z7jtb213fs0mtgbw_0vs2600000gn/T/tmplvx7iuqj']
[2026-02-26T13:41:41.656+0800] {standard_task_runner.py:105} INFO - Job 415: Subtask consumer2_task
[2026-02-26T13:41:41.705+0800] {task_command.py:467} INFO - Running <TaskInstance: integrated_cdrd_workflow.consumer2_task manual__2026-02-26T05:41:13.610728+00:00 [running]> on host localhost-2.local
[2026-02-26T13:41:41.775+0800] {taskinstance.py:3157} INFO - Exporting env vars: AIRFLOW_CTX_DAG_OWNER='airflow' AIRFLOW_CTX_DAG_ID='integrated_cdrd_workflow' AIRFLOW_CTX_TASK_ID='consumer2_task' AIRFLOW_CTX_EXECUTION_DATE='2026-02-26T05:41:13.610728+00:00' AIRFLOW_CTX_TRY_NUMBER='1' AIRFLOW_CTX_DAG_RUN_ID='manual__2026-02-26T05:41:13.610728+00:00'
[2026-02-26T13:41:41.777+0800] {taskinstance.py:740} INFO - ::endgroup::
[2026-02-26T13:41:41.807+0800] {logging_mixin.py:190} INFO - ✅ 成功从消费者 p_cdrd_all.p_cdrd_TASK 获取 XCom 值: [[11, '系统管理', '用户管理', None, '{"k1": "select count(*) as qty from sys_user where job_num=\'{result[\'job_num\']}\'", "v1": 1}', '新增用户.py'], [12, '系统管理', '角色管理', None, '{"k1": "select count(*) as qty from sys_role where role_name=\'{result[\'role_name\']}\'", "v1": 1}', '编辑角色.py']]
[2026-02-26T13:41:47.288+0800] {logging_mixin.py:190} INFO - 最终返回结果: {'role_name': '555', 'remark': '1234'}
[2026-02-26T13:41:47.289+0800] {logging_mixin.py:190} INFO - 正则替换结果: {"k1": "select count(*) as qty from sys_role where role_name='555'", "v1": 1}
[2026-02-26T13:41:47.289+0800] {logging_mixin.py:190} INFO - 解析后的验证数据: {'k1': "select count(*) as qty from sys_role where role_name='555'", 'v1': 1}
[2026-02-26T13:41:47.296+0800] {logging_mixin.py:190} INFO - 查询结果: 1
[2026-02-26T13:41:47.297+0800] {logging_mixin.py:190} INFO - ✅ 断言通过
[2026-02-26T13:41:47.356+0800] {python.py:240} INFO - Done. Returned value was: None
[2026-02-26T13:41:47.367+0800] {taskinstance.py:349} INFO - ::group::Post task execution logs
[2026-02-26T13:41:47.369+0800] {taskinstance.py:361} INFO - Marking task as SUCCESS. dag_id=integrated_cdrd_workflow, task_id=consumer2_task, run_id=manual__2026-02-26T05:41:13.610728+00:00, execution_date=20260226T054113, start_date=20260226T054141, end_date=20260226T054147
[2026-02-26T13:41:47.421+0800] {local_task_job_runner.py:266} INFO - Task exited with return code 0
[2026-02-26T13:41:47.446+0800] {taskinstance.py:3924} INFO - 1 downstream tasks scheduled from follow-on schedule check
[2026-02-26T13:41:47.450+0800] {local_task_job_runner.py:245} INFO - ::endgroup::
