[2026-02-25T13:55:39.422+0800] {local_task_job_runner.py:123} INFO - ::group::Pre task execution logs
[2026-02-25T13:55:39.436+0800] {taskinstance.py:2631} INFO - Dependencies all met for dep_context=non-requeueable deps ti=<TaskInstance: c_cdrd_DAG2.c_cdrd_TASK2 dataset_triggered__2026-02-25T05:55:31.060883+00:00 [queued]>
[2026-02-25T13:55:39.443+0800] {taskinstance.py:2631} INFO - Dependencies all met for dep_context=requeueable deps ti=<TaskInstance: c_cdrd_DAG2.c_cdrd_TASK2 dataset_triggered__2026-02-25T05:55:31.060883+00:00 [queued]>
[2026-02-25T13:55:39.443+0800] {taskinstance.py:2884} INFO - Starting attempt 1 of 1
[2026-02-25T13:55:39.456+0800] {taskinstance.py:2907} INFO - Executing <Task(PythonOperator): c_cdrd_TASK2> on 2026-02-25 05:55:31.060883+00:00
[2026-02-25T13:55:39.460+0800] {standard_task_runner.py:72} INFO - Started process 12763 to run task
[2026-02-25T13:55:39.467+0800] {standard_task_runner.py:104} INFO - Running: ['airflow', 'tasks', 'run', 'c_cdrd_DAG2', 'c_cdrd_TASK2', 'dataset_triggered__2026-02-25T05:55:31.060883+00:00', '--job-id', '398', '--raw', '--subdir', 'DAGS_FOLDER/tag_CDRD/cdrd_1p1n2t.py', '--cfg-path', '/var/folders/f7/4z7jtb213fs0mtgbw_0vs2600000gn/T/tmplr44k65e']
[2026-02-25T13:55:39.471+0800] {standard_task_runner.py:105} INFO - Job 398: Subtask c_cdrd_TASK2
[2026-02-25T13:55:39.525+0800] {task_command.py:467} INFO - Running <TaskInstance: c_cdrd_DAG2.c_cdrd_TASK2 dataset_triggered__2026-02-25T05:55:31.060883+00:00 [running]> on host localhost-2.local
[2026-02-25T13:55:39.606+0800] {taskinstance.py:3157} INFO - Exporting env vars: AIRFLOW_CTX_DAG_OWNER='airflow' AIRFLOW_CTX_DAG_ID='c_cdrd_DAG2' AIRFLOW_CTX_TASK_ID='c_cdrd_TASK2' AIRFLOW_CTX_EXECUTION_DATE='2026-02-25T05:55:31.060883+00:00' AIRFLOW_CTX_TRY_NUMBER='1' AIRFLOW_CTX_DAG_RUN_ID='dataset_triggered__2026-02-25T05:55:31.060883+00:00'
[2026-02-25T13:55:39.613+0800] {taskinstance.py:740} INFO - ::endgroup::
[2026-02-25T13:55:39.645+0800] {logging_mixin.py:190} INFO - ✅ 成功从消费者 p_cdrd_all.p_cdrd_TASK 获取 XCom 值: [[6, '系统管理', '用户管理', None, '{"sql": "select count(*) as qty from sys_user where job_num=\'{result[\'job_num\']}\'", "value": 1}', '新增用户.py'], [7, '系统管理', '角色管理', None, '{"sql": "select count(*) as qty from sys_role where role_name=\'{result[\'role_name\']}\'", "value": 1}', '编辑角色.py']]
[2026-02-25T13:55:46.936+0800] {logging_mixin.py:190} INFO - 最终返回结果: {'role_name': '444', 'remark': '1234'}
[2026-02-25T13:55:46.937+0800] {logging_mixin.py:190} INFO - 正则替换结果: {"sql": "select count(*) as qty from sys_role where role_name='444'", "value": 1}
[2026-02-25T13:55:46.938+0800] {logging_mixin.py:190} INFO - 解析后的验证数据: {'sql': "select count(*) as qty from sys_role where role_name='444'", 'value': 1}
[2026-02-25T13:55:46.943+0800] {logging_mixin.py:190} INFO - 查询结果: 1
[2026-02-25T13:55:46.944+0800] {logging_mixin.py:190} INFO - ✅ 断言通过
[2026-02-25T13:55:46.992+0800] {python.py:240} INFO - Done. Returned value was: None
[2026-02-25T13:55:47.024+0800] {taskinstance.py:349} INFO - ::group::Post task execution logs
[2026-02-25T13:55:47.025+0800] {taskinstance.py:361} INFO - Marking task as SUCCESS. dag_id=c_cdrd_DAG2, task_id=c_cdrd_TASK2, run_id=dataset_triggered__2026-02-25T05:55:31.060883+00:00, execution_date=20260225T055531, start_date=20260225T055539, end_date=20260225T055547
[2026-02-25T13:55:47.102+0800] {local_task_job_runner.py:266} INFO - Task exited with return code 0
[2026-02-25T13:55:47.120+0800] {taskinstance.py:3924} INFO - 0 downstream tasks scheduled from follow-on schedule check
[2026-02-25T13:55:47.121+0800] {local_task_job_runner.py:245} INFO - ::endgroup::
