[2026-02-15T16:53:14.365+0800] {local_task_job_runner.py:123} INFO - ::group::Pre task execution logs
[2026-02-15T16:53:14.379+0800] {taskinstance.py:2631} INFO - Dependencies all met for dep_context=non-requeueable deps ti=<TaskInstance: consumer_order_mysql.clean_order_data dataset_triggered__2026-02-15T08:53:08.224546+00:00 [queued]>
[2026-02-15T16:53:14.386+0800] {taskinstance.py:2631} INFO - Dependencies all met for dep_context=requeueable deps ti=<TaskInstance: consumer_order_mysql.clean_order_data dataset_triggered__2026-02-15T08:53:08.224546+00:00 [queued]>
[2026-02-15T16:53:14.387+0800] {taskinstance.py:2884} INFO - Starting attempt 1 of 1
[2026-02-15T16:53:14.518+0800] {taskinstance.py:2907} INFO - Executing <Task(PythonOperator): clean_order_data> on 2026-02-15 08:53:08.224546+00:00
[2026-02-15T16:53:14.521+0800] {standard_task_runner.py:72} INFO - Started process 3785 to run task
[2026-02-15T16:53:14.528+0800] {standard_task_runner.py:104} INFO - Running: ['airflow', 'tasks', 'run', 'consumer_order_mysql', 'clean_order_data', 'dataset_triggered__2026-02-15T08:53:08.224546+00:00', '--job-id', '137', '--raw', '--subdir', 'DAGS_FOLDER/producer_consumer /dataset_db2.py', '--cfg-path', '/var/folders/f7/4z7jtb213fs0mtgbw_0vs2600000gn/T/tmpahsvscwd']
[2026-02-15T16:53:14.533+0800] {standard_task_runner.py:105} INFO - Job 137: Subtask clean_order_data
[2026-02-15T16:53:14.577+0800] {task_command.py:467} INFO - Running <TaskInstance: consumer_order_mysql.clean_order_data dataset_triggered__2026-02-15T08:53:08.224546+00:00 [running]> on host localhost-2.local
[2026-02-15T16:53:14.655+0800] {taskinstance.py:3157} INFO - Exporting env vars: AIRFLOW_CTX_DAG_OWNER='airflow' AIRFLOW_CTX_DAG_ID='consumer_order_mysql' AIRFLOW_CTX_TASK_ID='clean_order_data' AIRFLOW_CTX_EXECUTION_DATE='2026-02-15T08:53:08.224546+00:00' AIRFLOW_CTX_TRY_NUMBER='1' AIRFLOW_CTX_DAG_RUN_ID='dataset_triggered__2026-02-15T08:53:08.224546+00:00'
[2026-02-15T16:53:14.661+0800] {taskinstance.py:740} INFO - ::endgroup::
[2026-02-15T16:53:14.678+0800] {logging_mixin.py:190} INFO - 【消费者】开始读取生产者数据...
[2026-02-15T16:53:14.685+0800] {base.py:84} INFO - Retrieving connection 'mysql_234_crm'
[2026-02-15T16:53:14.749+0800] {sql.py:457} INFO - Running statement: 
    SELECT run_id, result, create_time 
    FROM airflow_producer_data 
    WHERE dag_id = %s AND task_id = %s 
    ORDER BY create_time DESC 
    LIMIT 1
    , parameters: ('producer_order_mysql', 'sync_order_data')
[2026-02-15T16:53:14.761+0800] {sql.py:466} INFO - Rows affected: 1
[2026-02-15T16:53:14.772+0800] {logging_mixin.py:190} INFO - 【消费者】读取到生产者数据：
[2026-02-15T16:53:14.773+0800] {logging_mixin.py:190} INFO -   - Run ID: manual__2026-02-15T08:53:01.949106+00:00
[2026-02-15T16:53:14.774+0800] {logging_mixin.py:190} INFO -   - 写入时间: 2026-02-15 16:53:08
[2026-02-15T16:53:14.774+0800] {logging_mixin.py:190} INFO -   - 业务数据: {'order_id': 'OD20260215001', 'user_id': 'U10086', 'order_amount': 299.99, 'order_status': 'paid', 'pay_time': '2026-02-15 16:53:08'}
[2026-02-15T16:53:14.775+0800] {logging_mixin.py:190} INFO - 【消费者】数据清洗完成：{'order_id': 'OD20260215001', 'user_id': 'U10086', 'order_amount': 299.99, 'order_status': 'paid', 'pay_time': '2026-02-15 16:53:08', 'is_valid': True, 'clean_time': '2026-02-15 16:53:14'}
[2026-02-15T16:53:14.776+0800] {logging_mixin.py:190} INFO - 【生产者】调用封装函数插入数据...
[2026-02-15T16:53:14.780+0800] {base.py:84} INFO - Retrieving connection 'mysql_234_crm'
[2026-02-15T16:53:14.832+0800] {sql.py:457} INFO - Running statement: 
        UPDATE airflow_producer_data SET status = '2' WHERE run_id = %s
        , parameters: manual__2026-02-15T08:53:01.949106+00:00
[2026-02-15T16:53:14.848+0800] {sql.py:466} INFO - Rows affected: 1
[2026-02-15T16:53:14.857+0800] {logging_mixin.py:190} INFO - 消费者更新status状态，已写入MySQL：status=2
[2026-02-15T16:53:14.858+0800] {logging_mixin.py:190} INFO - ✅ 数据成功写入airflow_producer_data表！
[2026-02-15T16:53:14.859+0800] {python.py:240} INFO - Done. Returned value was: {'order_id': 'OD20260215001', 'user_id': 'U10086', 'order_amount': 299.99, 'order_status': 'paid', 'pay_time': '2026-02-15 16:53:08', 'is_valid': True, 'clean_time': '2026-02-15 16:53:14'}
[2026-02-15T16:53:14.885+0800] {taskinstance.py:349} INFO - ::group::Post task execution logs
[2026-02-15T16:53:14.886+0800] {taskinstance.py:361} INFO - Marking task as SUCCESS. dag_id=consumer_order_mysql, task_id=clean_order_data, run_id=dataset_triggered__2026-02-15T08:53:08.224546+00:00, execution_date=20260215T085308, start_date=20260215T085314, end_date=20260215T085314
[2026-02-15T16:53:14.928+0800] {local_task_job_runner.py:266} INFO - Task exited with return code 0
[2026-02-15T16:53:14.947+0800] {taskinstance.py:3924} INFO - 0 downstream tasks scheduled from follow-on schedule check
[2026-02-15T16:53:14.948+0800] {local_task_job_runner.py:245} INFO - ::endgroup::
