[2026-02-25T11:21:07.257+0800] {local_task_job_runner.py:123} INFO - ::group::Pre task execution logs
[2026-02-25T11:21:07.269+0800] {taskinstance.py:2631} INFO - Dependencies all met for dep_context=non-requeueable deps ti=<TaskInstance: c_cdrd_DAG2.c_cdrd_TASK2 dataset_triggered__2026-02-25T03:20:46.128384+00:00 [queued]>
[2026-02-25T11:21:07.275+0800] {taskinstance.py:2631} INFO - Dependencies all met for dep_context=requeueable deps ti=<TaskInstance: c_cdrd_DAG2.c_cdrd_TASK2 dataset_triggered__2026-02-25T03:20:46.128384+00:00 [queued]>
[2026-02-25T11:21:07.276+0800] {taskinstance.py:2884} INFO - Starting attempt 1 of 1
[2026-02-25T11:21:07.287+0800] {taskinstance.py:2907} INFO - Executing <Task(PythonOperator): c_cdrd_TASK2> on 2026-02-25 03:20:46.128384+00:00
[2026-02-25T11:21:07.290+0800] {standard_task_runner.py:72} INFO - Started process 6702 to run task
[2026-02-25T11:21:07.297+0800] {standard_task_runner.py:104} INFO - Running: ['airflow', 'tasks', 'run', 'c_cdrd_DAG2', 'c_cdrd_TASK2', 'dataset_triggered__2026-02-25T03:20:46.128384+00:00', '--job-id', '358', '--raw', '--subdir', 'DAGS_FOLDER/tag_CDRD/cdrd_1p1n2t.py', '--cfg-path', '/var/folders/f7/4z7jtb213fs0mtgbw_0vs2600000gn/T/tmp8frk4h0o']
[2026-02-25T11:21:07.301+0800] {standard_task_runner.py:105} INFO - Job 358: Subtask c_cdrd_TASK2
[2026-02-25T11:21:07.346+0800] {task_command.py:467} INFO - Running <TaskInstance: c_cdrd_DAG2.c_cdrd_TASK2 dataset_triggered__2026-02-25T03:20:46.128384+00:00 [running]> on host localhost-2.local
[2026-02-25T11:21:07.641+0800] {taskinstance.py:3157} INFO - Exporting env vars: AIRFLOW_CTX_DAG_OWNER='airflow' AIRFLOW_CTX_DAG_ID='c_cdrd_DAG2' AIRFLOW_CTX_TASK_ID='c_cdrd_TASK2' AIRFLOW_CTX_EXECUTION_DATE='2026-02-25T03:20:46.128384+00:00' AIRFLOW_CTX_TRY_NUMBER='1' AIRFLOW_CTX_DAG_RUN_ID='dataset_triggered__2026-02-25T03:20:46.128384+00:00'
[2026-02-25T11:21:07.646+0800] {taskinstance.py:740} INFO - ::endgroup::
[2026-02-25T11:21:07.677+0800] {logging_mixin.py:190} INFO - ✅ 成功从消费者 p_cdrd_all.p_cdrd_TASK 获取 XCom 值: [[6, '用户模块', None, '{1: "select count(*) from user where job_num=\\\'{result[\\\'job_num\\\']}\\\'"}', '新增用户.py'], [7, '系统模块', None, '{1:"select count(*) from user where nick_name=\'张三\' and user_name=\'zhangsan\'"，"validation"：{"name":"张三",\'age\':\'20\',\'sex\':"1"}}', '编辑角色.py']]
[2026-02-25T11:21:07.677+0800] {logging_mixin.py:190} INFO - [7, '系统模块', None, '{1:"select count(*) from user where nick_name=\'张三\' and user_name=\'zhangsan\'"，"validation"：{"name":"张三",\'age\':\'20\',\'sex\':"1"}}', '编辑角色.py']
[2026-02-25T11:21:12.424+0800] {logging_mixin.py:190} INFO - 未找到 run_playwright 函数
[2026-02-25T11:21:12.425+0800] {logging_mixin.py:190} INFO - 最终返回结果: None
[2026-02-25T11:21:12.426+0800] {python.py:240} INFO - Done. Returned value was: None
[2026-02-25T11:21:12.446+0800] {taskinstance.py:349} INFO - ::group::Post task execution logs
[2026-02-25T11:21:12.448+0800] {taskinstance.py:361} INFO - Marking task as SUCCESS. dag_id=c_cdrd_DAG2, task_id=c_cdrd_TASK2, run_id=dataset_triggered__2026-02-25T03:20:46.128384+00:00, execution_date=20260225T032046, start_date=20260225T032107, end_date=20260225T032112
[2026-02-25T11:21:12.508+0800] {local_task_job_runner.py:266} INFO - Task exited with return code 0
[2026-02-25T11:21:12.527+0800] {taskinstance.py:3924} INFO - 0 downstream tasks scheduled from follow-on schedule check
[2026-02-25T11:21:12.528+0800] {local_task_job_runner.py:245} INFO - ::endgroup::
