[2026-02-28T21:46:32.266+0800] {local_task_job_runner.py:123} INFO - ::group::Pre task execution logs
[2026-02-28T21:46:32.278+0800] {taskinstance.py:2631} INFO - Dependencies all met for dep_context=non-requeueable deps ti=<TaskInstance: cdrd_并发.收尾工作 manual__2026-02-28T13:46:27.731416+00:00 [queued]>
[2026-02-28T21:46:32.284+0800] {taskinstance.py:2631} INFO - Dependencies all met for dep_context=requeueable deps ti=<TaskInstance: cdrd_并发.收尾工作 manual__2026-02-28T13:46:27.731416+00:00 [queued]>
[2026-02-28T21:46:32.285+0800] {taskinstance.py:2884} INFO - Starting attempt 1 of 1
[2026-02-28T21:46:32.296+0800] {taskinstance.py:2907} INFO - Executing <Task(PythonOperator): 收尾工作> on 2026-02-28 13:46:27.731416+00:00
[2026-02-28T21:46:32.300+0800] {standard_task_runner.py:72} INFO - Started process 6535 to run task
[2026-02-28T21:46:32.307+0800] {standard_task_runner.py:104} INFO - Running: ['airflow', 'tasks', 'run', 'cdrd_并发', '收尾工作', 'manual__2026-02-28T13:46:27.731416+00:00', '--job-id', '757', '--raw', '--subdir', 'DAGS_FOLDER/tag_CDRD/系统管理/角色管理/dag_并发.py', '--cfg-path', '/var/folders/f7/4z7jtb213fs0mtgbw_0vs2600000gn/T/tmpt48as6ol']
[2026-02-28T21:46:32.311+0800] {standard_task_runner.py:105} INFO - Job 757: Subtask 收尾工作
[2026-02-28T21:46:32.355+0800] {task_command.py:467} INFO - Running <TaskInstance: cdrd_并发.收尾工作 manual__2026-02-28T13:46:27.731416+00:00 [running]> on host localhost-2.local
[2026-02-28T21:46:32.427+0800] {taskinstance.py:3157} INFO - Exporting env vars: AIRFLOW_CTX_DAG_OWNER='airflow' AIRFLOW_CTX_DAG_ID='cdrd_并发' AIRFLOW_CTX_TASK_ID='收尾工作' AIRFLOW_CTX_EXECUTION_DATE='2026-02-28T13:46:27.731416+00:00' AIRFLOW_CTX_TRY_NUMBER='1' AIRFLOW_CTX_DAG_RUN_ID='manual__2026-02-28T13:46:27.731416+00:00'
[2026-02-28T21:46:32.428+0800] {taskinstance.py:740} INFO - ::endgroup::
[2026-02-28T21:46:32.444+0800] {logging_mixin.py:190} INFO - ==================================================
[2026-02-28T21:46:32.445+0800] {logging_mixin.py:190} INFO - 【收尾工作】开始汇总测试结果...
[2026-02-28T21:46:32.445+0800] {logging_mixin.py:190} INFO - ==================================================
[2026-02-28T21:46:32.450+0800] {logging_mixin.py:190} INFO - 消费者结果: None
[2026-02-28T21:46:32.524+0800] {logging_mixin.py:190} INFO - ==================================================
[2026-02-28T21:46:32.525+0800] {logging_mixin.py:190} INFO - 【收尾工作】测试执行汇总 - 总计:0,通过:0,失败:0
[2026-02-28T21:46:32.525+0800] {logging_mixin.py:190} INFO - ==================================================
[2026-02-28T21:46:32.526+0800] {python.py:240} INFO - Done. Returned value was: {'summary': '总计:0,通过:0,失败:0', 'total_tests': 0, 'total_success': 0, 'total_fail': 0, 'execution_time': '2026-02-28 21:46:32', 'detailed_results': None}
[2026-02-28T21:46:32.542+0800] {taskinstance.py:349} INFO - ::group::Post task execution logs
[2026-02-28T21:46:32.543+0800] {taskinstance.py:361} INFO - Marking task as SUCCESS. dag_id=cdrd_并发, task_id=收尾工作, run_id=manual__2026-02-28T13:46:27.731416+00:00, execution_date=20260228T134627, start_date=20260228T134632, end_date=20260228T134632
[2026-02-28T21:46:32.577+0800] {local_task_job_runner.py:266} INFO - Task exited with return code 0
[2026-02-28T21:46:32.606+0800] {taskinstance.py:3924} INFO - 0 downstream tasks scheduled from follow-on schedule check
[2026-02-28T21:46:32.606+0800] {local_task_job_runner.py:245} INFO - ::endgroup::
