[2026-02-28T09:05:33.661+0800] {local_task_job_runner.py:123} INFO - ::group::Pre task execution logs
[2026-02-28T09:05:33.682+0800] {taskinstance.py:2631} INFO - Dependencies all met for dep_context=non-requeueable deps ti=<TaskInstance: cdrd_新增用户.新增用户 manual__2026-02-28T01:05:15.214093+00:00 [queued]>
[2026-02-28T09:05:33.690+0800] {taskinstance.py:2631} INFO - Dependencies all met for dep_context=requeueable deps ti=<TaskInstance: cdrd_新增用户.新增用户 manual__2026-02-28T01:05:15.214093+00:00 [queued]>
[2026-02-28T09:05:33.690+0800] {taskinstance.py:2884} INFO - Starting attempt 1 of 1
[2026-02-28T09:05:33.703+0800] {taskinstance.py:2907} INFO - Executing <Task(PythonOperator): 新增用户> on 2026-02-28 01:05:15.214093+00:00
[2026-02-28T09:05:33.706+0800] {standard_task_runner.py:72} INFO - Started process 2828 to run task
[2026-02-28T09:05:33.713+0800] {standard_task_runner.py:104} INFO - Running: ['airflow', 'tasks', 'run', 'cdrd_新增用户', '新增用户', 'manual__2026-02-28T01:05:15.214093+00:00', '--job-id', '578', '--raw', '--subdir', 'DAGS_FOLDER/tag_CDRD/系统管理/用户管理/dag_新增用户.py', '--cfg-path', '/var/folders/f7/4z7jtb213fs0mtgbw_0vs2600000gn/T/tmp8hbh200n']
[2026-02-28T09:05:33.718+0800] {standard_task_runner.py:105} INFO - Job 578: Subtask 新增用户
[2026-02-28T09:05:33.769+0800] {task_command.py:467} INFO - Running <TaskInstance: cdrd_新增用户.新增用户 manual__2026-02-28T01:05:15.214093+00:00 [running]> on host localhost-2.local
[2026-02-28T09:05:33.850+0800] {taskinstance.py:3157} INFO - Exporting env vars: AIRFLOW_CTX_DAG_OWNER='airflow' AIRFLOW_CTX_DAG_ID='cdrd_新增用户' AIRFLOW_CTX_TASK_ID='新增用户' AIRFLOW_CTX_EXECUTION_DATE='2026-02-28T01:05:15.214093+00:00' AIRFLOW_CTX_TRY_NUMBER='1' AIRFLOW_CTX_DAG_RUN_ID='manual__2026-02-28T01:05:15.214093+00:00'
[2026-02-28T09:05:33.851+0800] {taskinstance.py:740} INFO - ::endgroup::
[2026-02-28T09:05:33.869+0800] {logging_mixin.py:190} INFO - ==================================================
[2026-02-28T09:05:33.870+0800] {logging_mixin.py:190} INFO - 【消费者1】开始执行系统管理-用户管理测试用例...
[2026-02-28T09:05:33.870+0800] {logging_mixin.py:190} INFO - ==================================================
[2026-02-28T09:05:33.876+0800] {logging_mixin.py:190} INFO - 从XCom获取到的测试用例数据: 3 条
[2026-02-28T09:05:33.876+0800] {logging_mixin.py:190} INFO - 找到匹配的测试用例: 新增用户_截屏_录屏.py
[2026-02-28T09:05:33.877+0800] {logging_mixin.py:190} INFO - 执行路径: 系统管理/用户管理/新增用户_截屏_录屏.py
[2026-02-28T09:05:33.877+0800] {logging_mixin.py:190} INFO - 开始执行测试用例: 系统管理/用户管理/新增用户_截屏_录屏.py
[2026-02-28T09:05:33.878+0800] {logging_mixin.py:190} INFO - 准备执行Playwright脚本: /Users/linghuchong/Downloads/51/Python/project/instance/zyjk/CDRD/web/系统管理/用户管理/新增用户_截屏_录屏.py
[2026-02-28T09:05:34.352+0800] {logging_mixin.py:190} INFO - 随机生成测试数据: [['胡芳', '18719050176', 'jingchang@example.net', '615101', '518889']]
[2026-02-28T09:05:34.352+0800] {logging_mixin.py:190} INFO - ✅ 找到run_playwright函数，开始执行...
[2026-02-28T09:05:44.937+0800] {logging_mixin.py:190} INFO - ❌ 执行失败: [Errno 30] Read-only file system: './screenshots'
[2026-02-28T09:05:44.940+0800] {logging_mixin.py:190} WARNING - Traceback (most recent call last):
[2026-02-28T09:05:44.940+0800] {logging_mixin.py:190} WARNING -   File "/Users/linghuchong/Downloads/51/Python/project/instance/airflow284/dags/tag_CDRD/系统管理/用户管理/dag_新增用户.py", line 72, in execute_playwright_script
    result = module.run_playwright()
[2026-02-28T09:05:44.940+0800] {logging_mixin.py:190} WARNING -   File "/Users/linghuchong/Downloads/51/Python/project/instance/zyjk/CDRD/web/系统管理/用户管理/新增用户_截屏_录屏.py", line 66, in run_playwright
    step_screenshot(page, "新增用户信息")
[2026-02-28T09:05:44.941+0800] {logging_mixin.py:190} WARNING -   File "/Users/linghuchong/Downloads/51/Python/project/instance/zyjk/CDRD/web/系统管理/用户管理/新增用户_截屏_录屏.py", line 26, in step_screenshot
    os.makedirs("./screenshots", exist_ok=True)
[2026-02-28T09:05:44.942+0800] {logging_mixin.py:190} WARNING -   File "/Users/linghuchong/miniconda3/envs/py310/lib/python3.10/os.py", line 225, in makedirs
    mkdir(name, mode)
[2026-02-28T09:05:44.943+0800] {logging_mixin.py:190} WARNING - OSError: [Errno 30] Read-only file system: './screenshots'
[2026-02-28T09:05:44.943+0800] {logging_mixin.py:190} INFO - Playwright执行结果: None
[2026-02-28T09:05:44.944+0800] {logging_mixin.py:190} INFO - ❌ Playwright执行失败，测试用例失败
[2026-02-28T09:05:44.944+0800] {logging_mixin.py:190} INFO - ❌ 测试用例执行失败
[2026-02-28T09:05:44.945+0800] {logging_mixin.py:190} INFO - 跳过不匹配的测试用例: 模块=系统管理, 子模块=角色管理, 脚本=新增角色.py
[2026-02-28T09:05:44.945+0800] {logging_mixin.py:190} INFO - 跳过不匹配的测试用例: 模块=系统管理, 子模块=并发管理, 脚本={['系统管理','角色管理']:并发.py}
[2026-02-28T09:05:44.946+0800] {logging_mixin.py:190} INFO - ==================================================
[2026-02-28T09:05:44.946+0800] {logging_mixin.py:190} INFO - 【消费者1】执行完成 - 成功: 0, 失败: 1
[2026-02-28T09:05:44.947+0800] {logging_mixin.py:190} INFO - ==================================================
[2026-02-28T09:05:44.947+0800] {python.py:240} INFO - Done. Returned value was: {'module': '系统管理-用户管理', 'success_count': 0, 'fail_count': 1, 'total_count': 1}
[2026-02-28T09:05:44.966+0800] {taskinstance.py:349} INFO - ::group::Post task execution logs
[2026-02-28T09:05:44.967+0800] {taskinstance.py:361} INFO - Marking task as SUCCESS. dag_id=cdrd_新增用户, task_id=新增用户, run_id=manual__2026-02-28T01:05:15.214093+00:00, execution_date=20260228T010515, start_date=20260228T010533, end_date=20260228T010544
[2026-02-28T09:05:45.030+0800] {local_task_job_runner.py:266} INFO - Task exited with return code 0
[2026-02-28T09:05:45.066+0800] {taskinstance.py:3924} INFO - 1 downstream tasks scheduled from follow-on schedule check
[2026-02-28T09:05:45.081+0800] {local_task_job_runner.py:245} INFO - ::endgroup::
