[2026-02-24T11:11:13.725+0800] {local_task_job_runner.py:123} INFO - ::group::Pre task execution logs
[2026-02-24T11:11:13.746+0800] {taskinstance.py:2631} INFO - Dependencies all met for dep_context=non-requeueable deps ti=<TaskInstance: c_1p1n_2t.c_1p1n_TASK1 dataset_triggered__2026-02-24T03:11:06.198605+00:00 [queued]>
[2026-02-24T11:11:13.753+0800] {taskinstance.py:2631} INFO - Dependencies all met for dep_context=requeueable deps ti=<TaskInstance: c_1p1n_2t.c_1p1n_TASK1 dataset_triggered__2026-02-24T03:11:06.198605+00:00 [queued]>
[2026-02-24T11:11:13.754+0800] {taskinstance.py:2884} INFO - Starting attempt 1 of 1
[2026-02-24T11:11:13.769+0800] {taskinstance.py:2907} INFO - Executing <Task(PythonOperator): c_1p1n_TASK1> on 2026-02-24 03:11:06.198605+00:00
[2026-02-24T11:11:13.772+0800] {standard_task_runner.py:72} INFO - Started process 6447 to run task
[2026-02-24T11:11:13.780+0800] {standard_task_runner.py:104} INFO - Running: ['airflow', 'tasks', 'run', 'c_1p1n_2t', 'c_1p1n_TASK1', 'dataset_triggered__2026-02-24T03:11:06.198605+00:00', '--job-id', '236', '--raw', '--subdir', 'DAGS_FOLDER/producer_consumer /1p1n.py', '--cfg-path', '/var/folders/f7/4z7jtb213fs0mtgbw_0vs2600000gn/T/tmpi3mtcck4']
[2026-02-24T11:11:13.784+0800] {standard_task_runner.py:105} INFO - Job 236: Subtask c_1p1n_TASK1
[2026-02-24T11:11:13.836+0800] {task_command.py:467} INFO - Running <TaskInstance: c_1p1n_2t.c_1p1n_TASK1 dataset_triggered__2026-02-24T03:11:06.198605+00:00 [running]> on host localhost-2.local
[2026-02-24T11:11:13.929+0800] {taskinstance.py:3157} INFO - Exporting env vars: AIRFLOW_CTX_DAG_OWNER='airflow' AIRFLOW_CTX_DAG_ID='c_1p1n_2t' AIRFLOW_CTX_TASK_ID='c_1p1n_TASK1' AIRFLOW_CTX_EXECUTION_DATE='2026-02-24T03:11:06.198605+00:00' AIRFLOW_CTX_TRY_NUMBER='1' AIRFLOW_CTX_DAG_RUN_ID='dataset_triggered__2026-02-24T03:11:06.198605+00:00'
[2026-02-24T11:11:13.931+0800] {taskinstance.py:740} INFO - ::endgroup::
[2026-02-24T11:11:13.968+0800] {logging_mixin.py:190} INFO - ✅ 成功从消费者 p_1p1n_DAGs.p_1p1n_TASK 获取 XCom 值: ('6477',)
[2026-02-24T11:11:13.968+0800] {logging_mixin.py:190} INFO - 【消费者任务1】从生产者获取的返回值: ('6477',)
[2026-02-24T11:11:13.969+0800] {logging_mixin.py:190} INFO - 2026-02-24 11:11:13
[2026-02-24T11:11:13.970+0800] {python.py:240} INFO - Done. Returned value was: 6478
[2026-02-24T11:11:13.984+0800] {taskinstance.py:349} INFO - ::group::Post task execution logs
[2026-02-24T11:11:13.985+0800] {taskinstance.py:361} INFO - Marking task as SUCCESS. dag_id=c_1p1n_2t, task_id=c_1p1n_TASK1, run_id=dataset_triggered__2026-02-24T03:11:06.198605+00:00, execution_date=20260224T031106, start_date=20260224T031113, end_date=20260224T031113
[2026-02-24T11:11:14.013+0800] {local_task_job_runner.py:266} INFO - Task exited with return code 0
[2026-02-24T11:11:14.043+0800] {taskinstance.py:3924} INFO - 1 downstream tasks scheduled from follow-on schedule check
[2026-02-24T11:11:14.045+0800] {local_task_job_runner.py:245} INFO - ::endgroup::
