[2026-02-27T09:18:24.378+0800] {local_task_job_runner.py:123} INFO - ::group::Pre task execution logs
[2026-02-27T09:18:24.397+0800] {taskinstance.py:2631} INFO - Dependencies all met for dep_context=non-requeueable deps ti=<TaskInstance: main_cdrd_coordinator.trigger_producer_dag manual__2026-02-27T01:18:16.981449+00:00 [queued]>
[2026-02-27T09:18:24.407+0800] {taskinstance.py:2631} INFO - Dependencies all met for dep_context=requeueable deps ti=<TaskInstance: main_cdrd_coordinator.trigger_producer_dag manual__2026-02-27T01:18:16.981449+00:00 [queued]>
[2026-02-27T09:18:24.408+0800] {taskinstance.py:2884} INFO - Starting attempt 1 of 1
[2026-02-27T09:18:24.422+0800] {taskinstance.py:2907} INFO - Executing <Task(TriggerDagRunOperator): trigger_producer_dag> on 2026-02-27 01:18:16.981449+00:00
[2026-02-27T09:18:24.426+0800] {standard_task_runner.py:72} INFO - Started process 2779 to run task
[2026-02-27T09:18:24.433+0800] {standard_task_runner.py:104} INFO - Running: ['airflow', 'tasks', 'run', 'main_cdrd_coordinator', 'trigger_producer_dag', 'manual__2026-02-27T01:18:16.981449+00:00', '--job-id', '462', '--raw', '--subdir', 'DAGS_FOLDER/tag_CDRD/cdrd_1p1n2t.py', '--cfg-path', '/var/folders/f7/4z7jtb213fs0mtgbw_0vs2600000gn/T/tmp_xsf_ehn']
[2026-02-27T09:18:24.440+0800] {standard_task_runner.py:105} INFO - Job 462: Subtask trigger_producer_dag
[2026-02-27T09:18:24.508+0800] {task_command.py:467} INFO - Running <TaskInstance: main_cdrd_coordinator.trigger_producer_dag manual__2026-02-27T01:18:16.981449+00:00 [running]> on host localhost-2.local
[2026-02-27T09:18:24.579+0800] {taskinstance.py:3157} INFO - Exporting env vars: AIRFLOW_CTX_DAG_OWNER='airflow' AIRFLOW_CTX_DAG_ID='main_cdrd_coordinator' AIRFLOW_CTX_TASK_ID='trigger_producer_dag' AIRFLOW_CTX_EXECUTION_DATE='2026-02-27T01:18:16.981449+00:00' AIRFLOW_CTX_TRY_NUMBER='1' AIRFLOW_CTX_DAG_RUN_ID='manual__2026-02-27T01:18:16.981449+00:00'
[2026-02-27T09:18:24.580+0800] {taskinstance.py:740} INFO - ::endgroup::
[2026-02-27T09:18:24.647+0800] {trigger_dagrun.py:257} INFO - Waiting for p_cdrd_all on 2026-02-27 01:18:24.600739+00:00 to become allowed state ['success'] ...
[2026-02-27T09:18:54.655+0800] {trigger_dagrun.py:257} INFO - Waiting for p_cdrd_all on 2026-02-27 01:18:24.600739+00:00 to become allowed state ['success'] ...
[2026-02-27T09:19:24.659+0800] {trigger_dagrun.py:257} INFO - Waiting for p_cdrd_all on 2026-02-27 01:18:24.600739+00:00 to become allowed state ['success'] ...
[2026-02-27T09:19:54.662+0800] {trigger_dagrun.py:257} INFO - Waiting for p_cdrd_all on 2026-02-27 01:18:24.600739+00:00 to become allowed state ['success'] ...
[2026-02-27T09:20:24.667+0800] {taskinstance.py:3336} ERROR - Task failed with exception
Traceback (most recent call last):
  File "/Users/linghuchong/miniconda3/envs/py310/lib/python3.10/site-packages/airflow/models/taskinstance.py", line 776, in _execute_task
    result = _execute_callable(context=context, **execute_callable_kwargs)
  File "/Users/linghuchong/miniconda3/envs/py310/lib/python3.10/site-packages/airflow/models/taskinstance.py", line 742, in _execute_callable
    return ExecutionCallableRunner(
  File "/Users/linghuchong/miniconda3/envs/py310/lib/python3.10/site-packages/airflow/utils/operator_helpers.py", line 252, in run
    return self.func(*args, **kwargs)
  File "/Users/linghuchong/miniconda3/envs/py310/lib/python3.10/site-packages/airflow/models/baseoperator.py", line 424, in wrapper
    return func(self, *args, **kwargs)
  File "/Users/linghuchong/miniconda3/envs/py310/lib/python3.10/site-packages/airflow/operators/trigger_dagrun.py", line 266, in execute
    dag_run.refresh_from_db()
  File "/Users/linghuchong/miniconda3/envs/py310/lib/python3.10/site-packages/airflow/utils/session.py", line 97, in wrapper
    return func(*args, session=session, **kwargs)
  File "/Users/linghuchong/miniconda3/envs/py310/lib/python3.10/site-packages/airflow/models/dagrun.py", line 361, in refresh_from_db
    ).one()
  File "/Users/linghuchong/miniconda3/envs/py310/lib/python3.10/site-packages/sqlalchemy/engine/result.py", line 1522, in one
    return self._only_one_row(
  File "/Users/linghuchong/miniconda3/envs/py310/lib/python3.10/site-packages/sqlalchemy/engine/result.py", line 562, in _only_one_row
    raise exc.NoResultFound(
sqlalchemy.exc.NoResultFound: No row was found when one was required
[2026-02-27T09:20:24.679+0800] {taskinstance.py:1242} INFO - Marking task as FAILED. dag_id=main_cdrd_coordinator, task_id=trigger_producer_dag, run_id=manual__2026-02-27T01:18:16.981449+00:00, execution_date=20260227T011816, start_date=20260227T011824, end_date=20260227T012024
[2026-02-27T09:20:24.702+0800] {taskinstance.py:349} INFO - ::group::Post task execution logs
[2026-02-27T09:20:24.703+0800] {standard_task_runner.py:124} ERROR - Failed to execute job 462 for task trigger_producer_dag (No row was found when one was required; 2779)
Traceback (most recent call last):
  File "/Users/linghuchong/miniconda3/envs/py310/lib/python3.10/site-packages/airflow/task/task_runner/standard_task_runner.py", line 117, in _start_by_fork
    ret = args.func(args, dag=self.dag)
  File "/Users/linghuchong/miniconda3/envs/py310/lib/python3.10/site-packages/airflow/cli/cli_config.py", line 49, in command
    return func(*args, **kwargs)
  File "/Users/linghuchong/miniconda3/envs/py310/lib/python3.10/site-packages/airflow/utils/cli.py", line 116, in wrapper
    return f(*args, **kwargs)
  File "/Users/linghuchong/miniconda3/envs/py310/lib/python3.10/site-packages/airflow/cli/commands/task_command.py", line 483, in task_run
    task_return_code = _run_task_by_selected_method(args, _dag, ti)
  File "/Users/linghuchong/miniconda3/envs/py310/lib/python3.10/site-packages/airflow/cli/commands/task_command.py", line 256, in _run_task_by_selected_method
    return _run_raw_task(args, ti)
  File "/Users/linghuchong/miniconda3/envs/py310/lib/python3.10/site-packages/airflow/cli/commands/task_command.py", line 341, in _run_raw_task
    return ti._run_raw_task(
  File "/Users/linghuchong/miniconda3/envs/py310/lib/python3.10/site-packages/airflow/utils/session.py", line 97, in wrapper
    return func(*args, session=session, **kwargs)
  File "/Users/linghuchong/miniconda3/envs/py310/lib/python3.10/site-packages/airflow/models/taskinstance.py", line 3029, in _run_raw_task
    return _run_raw_task(
  File "/Users/linghuchong/miniconda3/envs/py310/lib/python3.10/site-packages/airflow/models/taskinstance.py", line 282, in _run_raw_task
    TaskInstance._execute_task_with_callbacks(
  File "/Users/linghuchong/miniconda3/envs/py310/lib/python3.10/site-packages/airflow/models/taskinstance.py", line 3184, in _execute_task_with_callbacks
    result = self._execute_task(context, task_orig)
  File "/Users/linghuchong/miniconda3/envs/py310/lib/python3.10/site-packages/airflow/models/taskinstance.py", line 3208, in _execute_task
    return _execute_task(self, context, task_orig)
  File "/Users/linghuchong/miniconda3/envs/py310/lib/python3.10/site-packages/airflow/models/taskinstance.py", line 776, in _execute_task
    result = _execute_callable(context=context, **execute_callable_kwargs)
  File "/Users/linghuchong/miniconda3/envs/py310/lib/python3.10/site-packages/airflow/models/taskinstance.py", line 742, in _execute_callable
    return ExecutionCallableRunner(
  File "/Users/linghuchong/miniconda3/envs/py310/lib/python3.10/site-packages/airflow/utils/operator_helpers.py", line 252, in run
    return self.func(*args, **kwargs)
  File "/Users/linghuchong/miniconda3/envs/py310/lib/python3.10/site-packages/airflow/models/baseoperator.py", line 424, in wrapper
    return func(self, *args, **kwargs)
  File "/Users/linghuchong/miniconda3/envs/py310/lib/python3.10/site-packages/airflow/operators/trigger_dagrun.py", line 266, in execute
    dag_run.refresh_from_db()
  File "/Users/linghuchong/miniconda3/envs/py310/lib/python3.10/site-packages/airflow/utils/session.py", line 97, in wrapper
    return func(*args, session=session, **kwargs)
  File "/Users/linghuchong/miniconda3/envs/py310/lib/python3.10/site-packages/airflow/models/dagrun.py", line 361, in refresh_from_db
    ).one()
  File "/Users/linghuchong/miniconda3/envs/py310/lib/python3.10/site-packages/sqlalchemy/engine/result.py", line 1522, in one
    return self._only_one_row(
  File "/Users/linghuchong/miniconda3/envs/py310/lib/python3.10/site-packages/sqlalchemy/engine/result.py", line 562, in _only_one_row
    raise exc.NoResultFound(
sqlalchemy.exc.NoResultFound: No row was found when one was required
[2026-02-27T09:20:24.755+0800] {local_task_job_runner.py:266} INFO - Task exited with return code 1
[2026-02-27T09:20:24.788+0800] {taskinstance.py:3924} INFO - 0 downstream tasks scheduled from follow-on schedule check
[2026-02-27T09:20:24.792+0800] {local_task_job_runner.py:245} INFO - ::endgroup::
