2025-01-15 16:09:11,187 - INFO - Received signal: SIGTERM
2025-01-15 16:09:11,187 - INFO - Received signal: SIGTERM
2025-01-15 16:09:11,190 - INFO - Program is terminating...
2025-01-15 16:09:11,190 - INFO - Program is terminating...
2025-01-15 16:12:02,161 - INFO - Received signal: SIGTERM
2025-01-15 16:12:02,161 - INFO - Received signal: SIGTERM
2025-01-15 16:12:02,162 - INFO - Program is terminating...
2025-01-15 16:12:02,162 - INFO - Program is terminating...
2025-01-15 16:14:26,363 - INFO - Received signal: SIGTERM
2025-01-15 16:14:26,363 - INFO - Received signal: SIGTERM
2025-01-15 16:14:26,365 - INFO - Program is terminating...
2025-01-15 16:14:26,365 - INFO - Program is terminating...
2025-01-15 16:15:03,883 - INFO - 已完成,小猴子第1页 =>['310110195204183210', '110101201705017691', '310101196704092014']
2025-01-15 16:15:25,233 - INFO - 已完成,小茄子第1页 =>['110101198907071506', '110101201602029686', '110106200403035546', '110107195804040621', '420117201602024870', '420200198907075103', '420200198907076667', '420200198907079120', '420200199406064065', '420202198405054655']
2025-01-15 16:16:07,428 - INFO - 已完成,小茄子第2页 =>['420203198907070360', '420204202201016739', '520626198701154673', '420202200403038627', '110101202201013178', '410101202308070003', '410203196112238333', '110105199406066207', '520300198802242314', '420204202201011268']
2025-01-15 16:16:25,306 - INFO - 已完成,小茄子第3页 =>['110101193001191103', '120101199104058611']
2025-01-15 16:16:28,423 - INFO - Received signal: SIGTERM
2025-01-15 16:16:28,423 - INFO - Received signal: SIGTERM
2025-01-15 16:16:28,424 - INFO - Program is terminating...
2025-01-15 16:16:28,424 - INFO - Program is terminating...
