[2026-02-13T22:18:39.366+0800] {local_task_job_runner.py:123} INFO - ::group::Pre task execution logs
[2026-02-13T22:18:39.379+0800] {taskinstance.py:2631} INFO - Dependencies all met for dep_context=non-requeueable deps ti=<TaskInstance: producer_dagRun_sync.producer_dagRun_read_data manual__2026-02-13T14:18:33.086772+00:00 [queued]>
[2026-02-13T22:18:39.388+0800] {taskinstance.py:2631} INFO - Dependencies all met for dep_context=requeueable deps ti=<TaskInstance: producer_dagRun_sync.producer_dagRun_read_data manual__2026-02-13T14:18:33.086772+00:00 [queued]>
[2026-02-13T22:18:39.388+0800] {taskinstance.py:2884} INFO - Starting attempt 1 of 1
[2026-02-13T22:18:39.412+0800] {taskinstance.py:2907} INFO - Executing <Task(PythonOperator): producer_dagRun_read_data> on 2026-02-13 14:18:33.086772+00:00
[2026-02-13T22:18:39.415+0800] {standard_task_runner.py:72} INFO - Started process 7167 to run task
[2026-02-13T22:18:39.425+0800] {standard_task_runner.py:104} INFO - Running: ['airflow', 'tasks', 'run', 'producer_dagRun_sync', 'producer_dagRun_read_data', 'manual__2026-02-13T14:18:33.086772+00:00', '--job-id', '93', '--raw', '--subdir', 'DAGS_FOLDER/producer_consumer /dataset_dagRun.py', '--cfg-path', '/var/folders/f7/4z7jtb213fs0mtgbw_0vs2600000gn/T/tmpxlc4ayyn']
[2026-02-13T22:18:39.430+0800] {standard_task_runner.py:105} INFO - Job 93: Subtask producer_dagRun_read_data
[2026-02-13T22:18:39.479+0800] {task_command.py:467} INFO - Running <TaskInstance: producer_dagRun_sync.producer_dagRun_read_data manual__2026-02-13T14:18:33.086772+00:00 [running]> on host localhost-2.local
[2026-02-13T22:18:39.736+0800] {taskinstance.py:3157} INFO - Exporting env vars: AIRFLOW_CTX_DAG_OWNER='airflow' AIRFLOW_CTX_DAG_ID='producer_dagRun_sync' AIRFLOW_CTX_TASK_ID='producer_dagRun_read_data' AIRFLOW_CTX_EXECUTION_DATE='2026-02-13T14:18:33.086772+00:00' AIRFLOW_CTX_TRY_NUMBER='1' AIRFLOW_CTX_DAG_RUN_ID='manual__2026-02-13T14:18:33.086772+00:00'
[2026-02-13T22:18:39.737+0800] {taskinstance.py:740} INFO - ::endgroup::
[2026-02-13T22:18:39.751+0800] {logging_mixin.py:190} INFO - 开始同步订单数据...
[2026-02-13T22:18:39.752+0800] {logging_mixin.py:190} INFO - 订单数据同步完成！已更新 dw_order 表
[2026-02-13T22:18:39.752+0800] {logging_mixin.py:190} INFO - ✅ MySQL 连接成功！测试查询结果: ('64',)
[2026-02-13T22:18:39.753+0800] {python.py:240} INFO - Done. Returned value was: ('64',)
[2026-02-13T22:18:39.771+0800] {taskinstance.py:349} INFO - ::group::Post task execution logs
[2026-02-13T22:18:39.772+0800] {taskinstance.py:361} INFO - Marking task as SUCCESS. dag_id=producer_dagRun_sync, task_id=producer_dagRun_read_data, run_id=manual__2026-02-13T14:18:33.086772+00:00, execution_date=20260213T141833, start_date=20260213T141839, end_date=20260213T141839
[2026-02-13T22:18:39.837+0800] {local_task_job_runner.py:266} INFO - Task exited with return code 0
[2026-02-13T22:18:39.856+0800] {taskinstance.py:3924} INFO - 0 downstream tasks scheduled from follow-on schedule check
[2026-02-13T22:18:39.856+0800] {local_task_job_runner.py:245} INFO - ::endgroup::
