[2026-02-11 16:14:26 +0800] [14148] [INFO] Starting gunicorn 21.2.0
[2026-02-11 16:14:26 +0800] [14148] [INFO] Listening at: http://[::]:8793 (14148)
[2026-02-11 16:14:26 +0800] [14148] [INFO] Using worker: sync
[2026-02-11 16:14:26 +0800] [14156] [INFO] Booting worker with pid: 14156
[2026-02-11 16:14:26 +0800] [14157] [INFO] Booting worker with pid: 14157
Traceback (most recent call last):
  File "/Users/linghuchong/Downloads/51/Python/project/instance/zyjk/CDRD/web/main.py", line 8, in <module>
    from CdrdPO import *
  File "/Users/linghuchong/Downloads/51/Python/project/instance/zyjk/CDRD/web/CdrdPO.py", line 10, in <module>
    varUrl = Configparser_PO.HTTP("url")
  File "/Users/linghuchong/Downloads/51/Python/project/instance/zyjk/CDRD/web/config/ConfigparserPO.py", line 21, in HTTP
    value = self.cf.get("HTTP", name)
  File "/Users/linghuchong/miniconda3/envs/py310/lib/python3.10/configparser.py", line 782, in get
    d = self._unify_values(section, vars)
  File "/Users/linghuchong/miniconda3/envs/py310/lib/python3.10/configparser.py", line 1153, in _unify_values
    raise NoSectionError(section) from None
configparser.NoSectionError: No section: 'HTTP'
Traceback (most recent call last):
  File "/Users/linghuchong/Downloads/51/Python/project/instance/zyjk/CDRD/web/main.py", line 8, in <module>
    from CdrdPO import *
  File "/Users/linghuchong/Downloads/51/Python/project/instance/zyjk/CDRD/web/CdrdPO.py", line 10, in <module>
    varUrl = Configparser_PO.HTTP("url")
  File "/Users/linghuchong/Downloads/51/Python/project/instance/zyjk/CDRD/web/config/ConfigparserPO.py", line 21, in HTTP
    value = self.cf.get("HTTP", name)
  File "/Users/linghuchong/miniconda3/envs/py310/lib/python3.10/configparser.py", line 782, in get
    d = self._unify_values(section, vars)
  File "/Users/linghuchong/miniconda3/envs/py310/lib/python3.10/configparser.py", line 1153, in _unify_values
    raise NoSectionError(section) from None
configparser.NoSectionError: No section: 'HTTP'
Traceback (most recent call last):
  File "/Users/linghuchong/Downloads/51/Python/project/instance/zyjk/CDRD/web/main.py", line 8, in <module>
    from CdrdPO import *
  File "/Users/linghuchong/Downloads/51/Python/project/instance/zyjk/CDRD/web/CdrdPO.py", line 10, in <module>
    varUrl = Configparser_PO.HTTP("url")
  File "/Users/linghuchong/Downloads/51/Python/project/instance/zyjk/CDRD/web/config/ConfigparserPO.py", line 21, in HTTP
    value = self.cf.get("HTTP", name)
  File "/Users/linghuchong/miniconda3/envs/py310/lib/python3.10/configparser.py", line 782, in get
    d = self._unify_values(section, vars)
  File "/Users/linghuchong/miniconda3/envs/py310/lib/python3.10/configparser.py", line 1153, in _unify_values
    raise NoSectionError(section) from None
configparser.NoSectionError: No section: 'HTTP'
Process DagFileProcessor437-Process:
Traceback (most recent call last):
  File "/Users/linghuchong/miniconda3/envs/py310/lib/python3.10/multiprocessing/process.py", line 315, in _bootstrap
    self.run()
  File "/Users/linghuchong/miniconda3/envs/py310/lib/python3.10/multiprocessing/process.py", line 108, in run
    self._target(*self._args, **self._kwargs)
  File "/Users/linghuchong/miniconda3/envs/py310/lib/python3.10/site-packages/airflow/dag_processing/processor.py", line 182, in _run_file_processor
    _handle_dag_file_processing()
  File "/Users/linghuchong/miniconda3/envs/py310/lib/python3.10/site-packages/airflow/dag_processing/processor.py", line 163, in _handle_dag_file_processing
    result: tuple[int, int] = dag_file_processor.process_file(
  File "/Users/linghuchong/miniconda3/envs/py310/lib/python3.10/site-packages/airflow/utils/session.py", line 79, in wrapper
    return func(*args, session=session, **kwargs)
  File "/Users/linghuchong/miniconda3/envs/py310/lib/python3.10/site-packages/airflow/dag_processing/processor.py", line 859, in process_file
    serialize_errors = DagFileProcessor.save_dag_to_db(
  File "/Users/linghuchong/miniconda3/envs/py310/lib/python3.10/site-packages/airflow/api_internal/internal_api_call.py", line 114, in wrapper
    return func(*args, **kwargs)
  File "/Users/linghuchong/miniconda3/envs/py310/lib/python3.10/site-packages/airflow/utils/session.py", line 79, in wrapper
    return func(*args, session=session, **kwargs)
  File "/Users/linghuchong/miniconda3/envs/py310/lib/python3.10/site-packages/airflow/dag_processing/processor.py", line 895, in save_dag_to_db
    import_errors = DagBag._sync_to_db(dags=dags, processor_subdir=dag_directory, session=session)
  File "/Users/linghuchong/miniconda3/envs/py310/lib/python3.10/site-packages/airflow/utils/session.py", line 76, in wrapper
    return func(*args, **kwargs)
  File "/Users/linghuchong/miniconda3/envs/py310/lib/python3.10/site-packages/airflow/models/dagbag.py", line 659, in _sync_to_db
    for attempt in run_with_db_retries(logger=log):
  File "/Users/linghuchong/miniconda3/envs/py310/lib/python3.10/site-packages/tenacity/__init__.py", line 347, in __iter__
    do = self.iter(retry_state=retry_state)
  File "/Users/linghuchong/miniconda3/envs/py310/lib/python3.10/site-packages/tenacity/__init__.py", line 314, in iter
    return fut.result()
  File "/Users/linghuchong/miniconda3/envs/py310/lib/python3.10/concurrent/futures/_base.py", line 439, in result
    return self.__get_result()
  File "/Users/linghuchong/miniconda3/envs/py310/lib/python3.10/concurrent/futures/_base.py", line 391, in __get_result
    raise self._exception
  File "/Users/linghuchong/miniconda3/envs/py310/lib/python3.10/site-packages/airflow/models/dagbag.py", line 675, in _sync_to_db
    DAG.bulk_write_to_db(dags.values(), processor_subdir=processor_subdir, session=session)
  File "/Users/linghuchong/miniconda3/envs/py310/lib/python3.10/site-packages/airflow/utils/session.py", line 76, in wrapper
    return func(*args, **kwargs)
  File "/Users/linghuchong/miniconda3/envs/py310/lib/python3.10/site-packages/airflow/models/dag.py", line 3218, in bulk_write_to_db
    dataset_manager.create_datasets(dataset_models=new_datasets, session=session)
  File "/Users/linghuchong/miniconda3/envs/py310/lib/python3.10/site-packages/airflow/datasets/manager.py", line 53, in create_datasets
    session.flush()
  File "/Users/linghuchong/miniconda3/envs/py310/lib/python3.10/site-packages/sqlalchemy/orm/session.py", line 3449, in flush
    self._flush(objects)
  File "/Users/linghuchong/miniconda3/envs/py310/lib/python3.10/site-packages/sqlalchemy/orm/session.py", line 3588, in _flush
    with util.safe_reraise():
  File "/Users/linghuchong/miniconda3/envs/py310/lib/python3.10/site-packages/sqlalchemy/util/langhelpers.py", line 70, in __exit__
    compat.raise_(
  File "/Users/linghuchong/miniconda3/envs/py310/lib/python3.10/site-packages/sqlalchemy/util/compat.py", line 211, in raise_
    raise exception
  File "/Users/linghuchong/miniconda3/envs/py310/lib/python3.10/site-packages/sqlalchemy/orm/session.py", line 3549, in _flush
    flush_context.execute()
  File "/Users/linghuchong/miniconda3/envs/py310/lib/python3.10/site-packages/sqlalchemy/orm/unitofwork.py", line 456, in execute
    rec.execute(self)
  File "/Users/linghuchong/miniconda3/envs/py310/lib/python3.10/site-packages/sqlalchemy/orm/unitofwork.py", line 630, in execute
    util.preloaded.orm_persistence.save_obj(
  File "/Users/linghuchong/miniconda3/envs/py310/lib/python3.10/site-packages/sqlalchemy/orm/persistence.py", line 237, in save_obj
    _emit_update_statements(
  File "/Users/linghuchong/miniconda3/envs/py310/lib/python3.10/site-packages/sqlalchemy/orm/persistence.py", line 1035, in _emit_update_statements
    raise orm_exc.StaleDataError(
sqlalchemy.orm.exc.StaleDataError: UPDATE statement on table 'serialized_dag' expected to update 1 row(s); 0 were matched.
