[2026-02-23T20:45:00.851+0800] {local_task_job_runner.py:123} INFO - ::group::Pre task execution logs
[2026-02-23T20:45:00.865+0800] {taskinstance.py:2631} INFO - Dependencies all met for dep_context=non-requeueable deps ti=<TaskInstance: consumer_1p1n1n_2_DAG2.consumer_1p1n1n_2_TASK dataset_triggered__2026-02-23T12:44:51.175494+00:00 [queued]>
[2026-02-23T20:45:00.871+0800] {taskinstance.py:2631} INFO - Dependencies all met for dep_context=requeueable deps ti=<TaskInstance: consumer_1p1n1n_2_DAG2.consumer_1p1n1n_2_TASK dataset_triggered__2026-02-23T12:44:51.175494+00:00 [queued]>
[2026-02-23T20:45:00.871+0800] {taskinstance.py:2884} INFO - Starting attempt 1 of 1
[2026-02-23T20:45:00.883+0800] {taskinstance.py:2907} INFO - Executing <Task(PythonOperator): consumer_1p1n1n_2_TASK> on 2026-02-23 12:44:51.175494+00:00
[2026-02-23T20:45:00.886+0800] {standard_task_runner.py:72} INFO - Started process 7697 to run task
[2026-02-23T20:45:00.893+0800] {standard_task_runner.py:104} INFO - Running: ['airflow', 'tasks', 'run', 'consumer_1p1n1n_2_DAG2', 'consumer_1p1n1n_2_TASK', 'dataset_triggered__2026-02-23T12:44:51.175494+00:00', '--job-id', '174', '--raw', '--subdir', 'DAGS_FOLDER/producer_consumer /1_producer_N_consumer2.py', '--cfg-path', '/var/folders/f7/4z7jtb213fs0mtgbw_0vs2600000gn/T/tmp54krkrfn']
[2026-02-23T20:45:00.896+0800] {standard_task_runner.py:105} INFO - Job 174: Subtask consumer_1p1n1n_2_TASK
[2026-02-23T20:45:01.123+0800] {task_command.py:467} INFO - Running <TaskInstance: consumer_1p1n1n_2_DAG2.consumer_1p1n1n_2_TASK dataset_triggered__2026-02-23T12:44:51.175494+00:00 [running]> on host localhost-2.local
[2026-02-23T20:45:01.184+0800] {taskinstance.py:3157} INFO - Exporting env vars: AIRFLOW_CTX_DAG_OWNER='airflow' AIRFLOW_CTX_DAG_ID='consumer_1p1n1n_2_DAG2' AIRFLOW_CTX_TASK_ID='consumer_1p1n1n_2_TASK' AIRFLOW_CTX_EXECUTION_DATE='2026-02-23T12:44:51.175494+00:00' AIRFLOW_CTX_TRY_NUMBER='1' AIRFLOW_CTX_DAG_RUN_ID='dataset_triggered__2026-02-23T12:44:51.175494+00:00'
[2026-02-23T20:45:01.189+0800] {taskinstance.py:740} INFO - ::endgroup::
[2026-02-23T20:45:01.204+0800] {logging_mixin.py:190} INFO - 【消费者2】检测到订单数据更新，开始统计...
[2026-02-23T20:45:01.267+0800] {logging_mixin.py:190} INFO - ✅ 成功从生产者获取 XCom 值: ('333',)
[2026-02-23T20:45:01.267+0800] {logging_mixin.py:190} INFO - 【消费者2】从生产者获取的返回值: ('333',)
[2026-02-23T20:45:01.268+0800] {python.py:240} INFO - Done. Returned value was: ('333',)
[2026-02-23T20:45:01.288+0800] {taskinstance.py:349} INFO - ::group::Post task execution logs
[2026-02-23T20:45:01.289+0800] {taskinstance.py:361} INFO - Marking task as SUCCESS. dag_id=consumer_1p1n1n_2_DAG2, task_id=consumer_1p1n1n_2_TASK, run_id=dataset_triggered__2026-02-23T12:44:51.175494+00:00, execution_date=20260223T124451, start_date=20260223T124500, end_date=20260223T124501
[2026-02-23T20:45:01.337+0800] {local_task_job_runner.py:266} INFO - Task exited with return code 0
[2026-02-23T20:45:01.358+0800] {taskinstance.py:3924} INFO - 0 downstream tasks scheduled from follow-on schedule check
[2026-02-23T20:45:01.359+0800] {local_task_job_runner.py:245} INFO - ::endgroup::
