[2026-02-28T21:46:48.493+0800] {local_task_job_runner.py:123} INFO - ::group::Pre task execution logs
[2026-02-28T21:46:48.510+0800] {taskinstance.py:2631} INFO - Dependencies all met for dep_context=non-requeueable deps ti=<TaskInstance: cdrd_并发.并行执行消费者 manual__2026-02-28T13:46:27.731416+00:00 [queued]>
[2026-02-28T21:46:48.518+0800] {taskinstance.py:2631} INFO - Dependencies all met for dep_context=requeueable deps ti=<TaskInstance: cdrd_并发.并行执行消费者 manual__2026-02-28T13:46:27.731416+00:00 [queued]>
[2026-02-28T21:46:48.518+0800] {taskinstance.py:2884} INFO - Starting attempt 1 of 1
[2026-02-28T21:46:48.529+0800] {taskinstance.py:2907} INFO - Executing <Task(PythonOperator): 并行执行消费者> on 2026-02-28 13:46:27.731416+00:00
[2026-02-28T21:46:48.533+0800] {standard_task_runner.py:72} INFO - Started process 6546 to run task
[2026-02-28T21:46:48.540+0800] {standard_task_runner.py:104} INFO - Running: ['airflow', 'tasks', 'run', 'cdrd_并发', '并行执行消费者', 'manual__2026-02-28T13:46:27.731416+00:00', '--job-id', '759', '--raw', '--subdir', 'DAGS_FOLDER/tag_CDRD/系统管理/角色管理/dag_并发.py', '--cfg-path', '/var/folders/f7/4z7jtb213fs0mtgbw_0vs2600000gn/T/tmp0g4427nj']
[2026-02-28T21:46:48.544+0800] {standard_task_runner.py:105} INFO - Job 759: Subtask 并行执行消费者
[2026-02-28T21:46:48.590+0800] {task_command.py:467} INFO - Running <TaskInstance: cdrd_并发.并行执行消费者 manual__2026-02-28T13:46:27.731416+00:00 [running]> on host localhost-2.local
[2026-02-28T21:46:48.667+0800] {taskinstance.py:3157} INFO - Exporting env vars: AIRFLOW_CTX_DAG_OWNER='airflow' AIRFLOW_CTX_DAG_ID='cdrd_并发' AIRFLOW_CTX_TASK_ID='并行执行消费者' AIRFLOW_CTX_EXECUTION_DATE='2026-02-28T13:46:27.731416+00:00' AIRFLOW_CTX_TRY_NUMBER='1' AIRFLOW_CTX_DAG_RUN_ID='manual__2026-02-28T13:46:27.731416+00:00'
[2026-02-28T21:46:48.669+0800] {taskinstance.py:740} INFO - ::endgroup::
[2026-02-28T21:46:48.686+0800] {logging_mixin.py:190} INFO - ==================================================
[2026-02-28T21:46:48.686+0800] {logging_mixin.py:190} INFO - 【并行消费者】开始执行测试任务...
[2026-02-28T21:46:48.687+0800] {logging_mixin.py:190} INFO - ==================================================
[2026-02-28T21:46:48.692+0800] {logging_mixin.py:190} INFO - 从XCom获取到的测试用例数据: 3 条
[2026-02-28T21:46:48.693+0800] {logging_mixin.py:190} INFO - 发现 3 种不同的任务类型: ['新增角色', '编辑角色', '编辑222角色']
[2026-02-28T21:46:48.693+0800] {logging_mixin.py:190} INFO - 提交任务: 新增角色
[2026-02-28T21:46:48.694+0800] {logging_mixin.py:190} INFO - ===================== 新增角色 消费者开始执行 ====================
[2026-02-28T21:46:48.694+0800] {logging_mixin.py:190} INFO - 提交任务: 编辑角色
[2026-02-28T21:46:48.695+0800] {logging_mixin.py:190} INFO - [新增角色] 找到匹配的测试用例: 新增角色
[2026-02-28T21:46:48.695+0800] {logging_mixin.py:190} INFO - ===================== 编辑角色 消费者开始执行 ====================
[2026-02-28T21:46:48.695+0800] {logging_mixin.py:190} INFO - 提交任务: 编辑222角色
[2026-02-28T21:46:48.696+0800] {logging_mixin.py:190} INFO - [Consumer_0] 开始执行测试用例: 系统管理/角色管理/新增角色.py
[2026-02-28T21:46:48.696+0800] {logging_mixin.py:190} INFO - [编辑角色] 跳过不匹配的测试用例: 新增角色
[2026-02-28T21:46:48.697+0800] {logging_mixin.py:190} INFO - ===================== 编辑222角色 消费者开始执行 ====================
[2026-02-28T21:46:48.697+0800] {logging_mixin.py:190} INFO - 开始等待 3 个任务完成...
[2026-02-28T21:46:48.698+0800] {logging_mixin.py:190} INFO - [线程 Consumer_0] 准备执行Playwright脚本: /Users/linghuchong/Downloads/51/Python/project/instance/zyjk/CDRD/web/系统管理/角色管理/新增角色.py
[2026-02-28T21:46:48.698+0800] {logging_mixin.py:190} INFO - [编辑角色] 找到匹配的测试用例: 编辑角色
[2026-02-28T21:46:48.698+0800] {logging_mixin.py:190} INFO - [编辑222角色] 跳过不匹配的测试用例: 新增角色
[2026-02-28T21:46:48.700+0800] {logging_mixin.py:190} INFO - [Consumer_1] 开始执行测试用例: 系统管理/角色管理/编辑角色.py
[2026-02-28T21:46:48.701+0800] {logging_mixin.py:190} INFO - [编辑222角色] 跳过不匹配的测试用例: 编辑角色
[2026-02-28T21:46:48.701+0800] {logging_mixin.py:190} INFO - [线程 Consumer_1] 准备执行Playwright脚本: /Users/linghuchong/Downloads/51/Python/project/instance/zyjk/CDRD/web/系统管理/角色管理/编辑角色.py
[2026-02-28T21:46:48.702+0800] {logging_mixin.py:190} INFO - [编辑222角色] 找到匹配的测试用例: 编辑222角色
[2026-02-28T21:46:48.703+0800] {logging_mixin.py:190} INFO - [Consumer_2] 开始执行测试用例: 系统管理/角色管理/编辑222角色.py
[2026-02-28T21:46:48.704+0800] {logging_mixin.py:190} INFO - [线程 Consumer_2] 准备执行Playwright脚本: /Users/linghuchong/Downloads/51/Python/project/instance/zyjk/CDRD/web/系统管理/角色管理/编辑222角色.py
[2026-02-28T21:46:49.101+0800] {logging_mixin.py:190} INFO - [线程 Consumer_1] ✅ 找到run_playwright函数，开始执行...
[2026-02-28T21:46:49.102+0800] {logging_mixin.py:190} INFO - 随机生成测试数据: [['宁夏回族自治区桂荣县高明张家港路a座 955792']]
[2026-02-28T21:46:49.102+0800] {logging_mixin.py:190} INFO - 随机生成测试数据: [['许玉珍', '308997', '133766', '澳门特别行政区桂花市城东西安街T座 631205']]
[2026-02-28T21:46:49.104+0800] {logging_mixin.py:190} INFO - [线程 Consumer_2] ✅ 找到run_playwright函数，开始执行...
[2026-02-28T21:46:49.105+0800] {logging_mixin.py:190} INFO - [线程 Consumer_0] ✅ 找到run_playwright函数，开始执行...
[2026-02-28T21:46:57.950+0800] {logging_mixin.py:190} INFO - 步骤[编辑角色]截图已保存：/Users/linghuchong/Downloads/51/Python/project/instance/zyjk/CDRD/web/系统管理/角色管理/screenshots/编辑角色/20260228_214657_编辑角色.png
[2026-02-28T21:46:58.247+0800] {logging_mixin.py:190} INFO - [线程 Consumer_0] ✅ Playwright执行完成，返回结果: {'role_name': '许玉珍', 'role_key': '308997', 'role_sort': '133766', 'remark': '澳门特别行政区桂花市城东西安街T座 631205'}
[2026-02-28T21:46:58.259+0800] {logging_mixin.py:190} INFO - [Consumer_0] Playwright执行结果: {'role_name': '许玉珍', 'role_key': '308997', 'role_sort': '133766', 'remark': '澳门特别行政区桂花市城东西安街T座 631205'}
[2026-02-28T21:46:58.270+0800] {logging_mixin.py:190} INFO - [Consumer_0] 正则替换结果: [{"k": "select count(*) as qty from sys_role where role_name='许玉珍'", "v": 1}]
[2026-02-28T21:46:58.283+0800] {logging_mixin.py:190} INFO - [Consumer_0] 解析后的验证数据: [{'k': "select count(*) as qty from sys_role where role_name='许玉珍'", 'v': 1}]
[2026-02-28T21:46:58.295+0800] {logging_mixin.py:190} INFO - [Consumer_0] ✅ 通过校验 {'k': "select count(*) as qty from sys_role where role_name='许玉珍'", 'v': 1}
[2026-02-28T21:46:58.398+0800] {logging_mixin.py:190} INFO - [Consumer_0] 正则替换结果: [["delete from sys_role where role_name='许玉珍' and role_sort='133766'"]]
[2026-02-28T21:46:58.399+0800] {logging_mixin.py:190} INFO - [Consumer_0] 解析后的验证数据: [["delete from sys_role where role_name='许玉珍' and role_sort='133766'"]]
[2026-02-28T21:46:58.412+0800] {logging_mixin.py:190} INFO - [Consumer_0] ✅ 后置操作 delete from sys_role where role_name='许玉珍' and role_sort='133766'
[2026-02-28T21:46:58.431+0800] {logging_mixin.py:190} INFO - [线程 Consumer_1] ✅ Playwright执行完成，返回结果: {'role_name': '555', 'remark': '1234'}
[2026-02-28T21:46:58.432+0800] {logging_mixin.py:190} INFO - [Consumer_1] Playwright执行结果: {'role_name': '555', 'remark': '1234'}
[2026-02-28T21:46:58.433+0800] {logging_mixin.py:190} INFO - [Consumer_1] 正则替换结果: [{"k": "select count(*) as qty from sys_role where role_name='555'", "v": 1}]
[2026-02-28T21:46:58.433+0800] {logging_mixin.py:190} INFO - [Consumer_1] 解析后的验证数据: [{'k': "select count(*) as qty from sys_role where role_name='555'", 'v': 1}]
[2026-02-28T21:46:58.464+0800] {logging_mixin.py:190} INFO - [新增角色] ❌ 测试执行失败
[2026-02-28T21:46:58.465+0800] {logging_mixin.py:190} INFO - [新增角色] 跳过不匹配的测试用例: 编辑角色
[2026-02-28T21:46:58.465+0800] {logging_mixin.py:190} INFO - [新增角色] 跳过不匹配的测试用例: 编辑222角色
[2026-02-28T21:46:58.466+0800] {logging_mixin.py:190} INFO - ===================== 新增角色 消费者执行完成 ====================
[2026-02-28T21:46:58.466+0800] {logging_mixin.py:190} INFO - [新增角色] 成功: 0, 失败: 1
[2026-02-28T21:46:58.467+0800] {logging_mixin.py:190} INFO - ✅ 新增角色 执行完成 - 成功:0, 失败:1
[2026-02-28T21:46:58.564+0800] {logging_mixin.py:190} INFO - [Consumer_1] ✅ 通过校验 {'k': "select count(*) as qty from sys_role where role_name='555'", 'v': 1}
[2026-02-28T21:46:58.721+0800] {logging_mixin.py:190} INFO - [编辑角色] ❌ 测试执行失败
[2026-02-28T21:46:58.721+0800] {logging_mixin.py:190} INFO - [编辑角色] 跳过不匹配的测试用例: 编辑222角色
[2026-02-28T21:46:58.722+0800] {logging_mixin.py:190} INFO - ===================== 编辑角色 消费者执行完成 ====================
[2026-02-28T21:46:58.722+0800] {logging_mixin.py:190} INFO - [编辑角色] 成功: 0, 失败: 1
[2026-02-28T21:46:58.723+0800] {logging_mixin.py:190} INFO - ✅ 编辑角色 执行完成 - 成功:0, 失败:1
[2026-02-28T21:46:58.735+0800] {logging_mixin.py:190} INFO - [线程 Consumer_2] ✅ Playwright执行完成，返回结果: {'remark': '宁夏回族自治区桂荣县高明张家港路a座 955792'}
[2026-02-28T21:46:58.735+0800] {logging_mixin.py:190} INFO - [Consumer_2] Playwright执行结果: {'remark': '宁夏回族自治区桂荣县高明张家港路a座 955792'}
[2026-02-28T21:46:58.736+0800] {logging_mixin.py:190} INFO - [Consumer_2] 正则替换结果: [{"k": "select count(*) as qty from sys_role where remark='宁夏回族自治区桂荣县高明张家港路a座 955792'", "v": 1}]
[2026-02-28T21:46:58.736+0800] {logging_mixin.py:190} INFO - [Consumer_2] 解析后的验证数据: [{'k': "select count(*) as qty from sys_role where remark='宁夏回族自治区桂荣县高明张家港路a座 955792'", 'v': 1}]
[2026-02-28T21:46:58.748+0800] {logging_mixin.py:190} INFO - [Consumer_2] ✅ 通过校验 {'k': "select count(*) as qty from sys_role where remark='宁夏回族自治区桂荣县高明张家港路a座 955792'", 'v': 1}
[2026-02-28T21:46:58.822+0800] {logging_mixin.py:190} INFO - [编辑222角色] ❌ 测试执行失败
[2026-02-28T21:46:58.823+0800] {logging_mixin.py:190} INFO - ===================== 编辑222角色 消费者执行完成 ====================
[2026-02-28T21:46:58.823+0800] {logging_mixin.py:190} INFO - [编辑222角色] 成功: 0, 失败: 1
[2026-02-28T21:46:58.824+0800] {logging_mixin.py:190} INFO - ✅ 编辑222角色 执行完成 - 成功:0, 失败:1
[2026-02-28T21:46:58.825+0800] {logging_mixin.py:190} INFO - ==================================================
[2026-02-28T21:46:58.825+0800] {logging_mixin.py:190} INFO - 【并行消费者】所有测试执行完成
[2026-02-28T21:46:58.826+0800] {logging_mixin.py:190} INFO - ==================================================
[2026-02-28T21:46:58.826+0800] {python.py:240} INFO - Done. Returned value was: None
[2026-02-28T21:46:58.843+0800] {taskinstance.py:349} INFO - ::group::Post task execution logs
[2026-02-28T21:46:58.844+0800] {taskinstance.py:361} INFO - Marking task as SUCCESS. dag_id=cdrd_并发, task_id=并行执行消费者, run_id=manual__2026-02-28T13:46:27.731416+00:00, execution_date=20260228T134627, start_date=20260228T134648, end_date=20260228T134658
[2026-02-28T21:46:58.915+0800] {local_task_job_runner.py:266} INFO - Task exited with return code 0
[2026-02-28T21:46:58.938+0800] {taskinstance.py:3924} INFO - 0 downstream tasks scheduled from follow-on schedule check
[2026-02-28T21:46:58.939+0800] {local_task_job_runner.py:245} INFO - ::endgroup::
