[2026-02-25T11:20:53.727+0800] {local_task_job_runner.py:123} INFO - ::group::Pre task execution logs
[2026-02-25T11:20:53.741+0800] {taskinstance.py:2631} INFO - Dependencies all met for dep_context=non-requeueable deps ti=<TaskInstance: c_cdrd_DAG1.c_cdrd_TASK1 dataset_triggered__2026-02-25T03:20:46.124517+00:00 [queued]>
[2026-02-25T11:20:53.749+0800] {taskinstance.py:2631} INFO - Dependencies all met for dep_context=requeueable deps ti=<TaskInstance: c_cdrd_DAG1.c_cdrd_TASK1 dataset_triggered__2026-02-25T03:20:46.124517+00:00 [queued]>
[2026-02-25T11:20:53.750+0800] {taskinstance.py:2884} INFO - Starting attempt 1 of 1
[2026-02-25T11:20:53.765+0800] {taskinstance.py:2907} INFO - Executing <Task(PythonOperator): c_cdrd_TASK1> on 2026-02-25 03:20:46.124517+00:00
[2026-02-25T11:20:53.768+0800] {standard_task_runner.py:72} INFO - Started process 6676 to run task
[2026-02-25T11:20:53.777+0800] {standard_task_runner.py:104} INFO - Running: ['airflow', 'tasks', 'run', 'c_cdrd_DAG1', 'c_cdrd_TASK1', 'dataset_triggered__2026-02-25T03:20:46.124517+00:00', '--job-id', '357', '--raw', '--subdir', 'DAGS_FOLDER/tag_CDRD/cdrd_1p1n2t.py', '--cfg-path', '/var/folders/f7/4z7jtb213fs0mtgbw_0vs2600000gn/T/tmps9bfdcgm']
[2026-02-25T11:20:53.782+0800] {standard_task_runner.py:105} INFO - Job 357: Subtask c_cdrd_TASK1
[2026-02-25T11:20:53.836+0800] {task_command.py:467} INFO - Running <TaskInstance: c_cdrd_DAG1.c_cdrd_TASK1 dataset_triggered__2026-02-25T03:20:46.124517+00:00 [running]> on host localhost-2.local
[2026-02-25T11:20:54.233+0800] {taskinstance.py:3157} INFO - Exporting env vars: AIRFLOW_CTX_DAG_OWNER='airflow' AIRFLOW_CTX_DAG_ID='c_cdrd_DAG1' AIRFLOW_CTX_TASK_ID='c_cdrd_TASK1' AIRFLOW_CTX_EXECUTION_DATE='2026-02-25T03:20:46.124517+00:00' AIRFLOW_CTX_TRY_NUMBER='1' AIRFLOW_CTX_DAG_RUN_ID='dataset_triggered__2026-02-25T03:20:46.124517+00:00'
[2026-02-25T11:20:54.241+0800] {taskinstance.py:740} INFO - ::endgroup::
[2026-02-25T11:20:54.271+0800] {logging_mixin.py:190} INFO - ✅ 成功从消费者 p_cdrd_all.p_cdrd_TASK 获取 XCom 值: [[6, '用户模块', None, '{1: "select count(*) from user where job_num=\\\'{result[\\\'job_num\\\']}\\\'"}', '新增用户.py'], [7, '系统模块', None, '{1:"select count(*) from user where nick_name=\'张三\' and user_name=\'zhangsan\'"，"validation"：{"name":"张三",\'age\':\'20\',\'sex\':"1"}}', '编辑角色.py']]
[2026-02-25T11:20:54.709+0800] {logging_mixin.py:190} INFO - 生成默认测试数据: [['胡柳', '18004804781', 'wei31@example.net', '479258', '856630']]
[2026-02-25T11:21:02.755+0800] {logging_mixin.py:190} INFO - Playwright 执行结果: {'nick_name': '胡柳', 'phonenumber': '18004804781', 'email': 'wei31@example.net', 'user_name': '479258', 'job_num': '856630'}
[2026-02-25T11:21:02.757+0800] {logging_mixin.py:190} INFO - 最终返回结果: {'nick_name': '胡柳', 'phonenumber': '18004804781', 'email': 'wei31@example.net', 'user_name': '479258', 'job_num': '856630'}
[2026-02-25T11:21:02.758+0800] {logging_mixin.py:190} INFO - {1: "select count(*) from user where job_num=\'{result[\'job_num\']}\'"}
[2026-02-25T11:21:02.758+0800] {logging_mixin.py:190} INFO - {1: "select count(*) from user where job_num=\'{result[\'job_num\']}\'"}
[2026-02-25T11:21:02.759+0800] {python.py:240} INFO - Done. Returned value was: None
[2026-02-25T11:21:02.792+0800] {taskinstance.py:349} INFO - ::group::Post task execution logs
[2026-02-25T11:21:02.793+0800] {taskinstance.py:361} INFO - Marking task as SUCCESS. dag_id=c_cdrd_DAG1, task_id=c_cdrd_TASK1, run_id=dataset_triggered__2026-02-25T03:20:46.124517+00:00, execution_date=20260225T032046, start_date=20260225T032053, end_date=20260225T032102
[2026-02-25T11:21:02.836+0800] {local_task_job_runner.py:266} INFO - Task exited with return code 0
[2026-02-25T11:21:02.855+0800] {taskinstance.py:3924} INFO - 0 downstream tasks scheduled from follow-on schedule check
[2026-02-25T11:21:02.856+0800] {local_task_job_runner.py:245} INFO - ::endgroup::
