[2026-02-11T12:15:52.678+0800] {processor.py:161} INFO - Started process (PID=8086) to work on /Users/linghuchong/miniconda3/envs/py310/lib/python3.10/site-packages/airflow/example_dags/subdags/subdag.py
[2026-02-11T12:15:52.678+0800] {processor.py:830} INFO - Processing file /Users/linghuchong/miniconda3/envs/py310/lib/python3.10/site-packages/airflow/example_dags/subdags/subdag.py for tasks to queue
[2026-02-11T12:15:52.679+0800] {logging_mixin.py:188} INFO - [2026-02-11T12:15:52.679+0800] {dagbag.py:540} INFO - Filling up the DagBag from /Users/linghuchong/miniconda3/envs/py310/lib/python3.10/site-packages/airflow/example_dags/subdags/subdag.py
[2026-02-11T12:15:52.681+0800] {processor.py:842} WARNING - No viable dags retrieved from /Users/linghuchong/miniconda3/envs/py310/lib/python3.10/site-packages/airflow/example_dags/subdags/subdag.py
[2026-02-11T12:15:52.784+0800] {processor.py:183} INFO - Processing /Users/linghuchong/miniconda3/envs/py310/lib/python3.10/site-packages/airflow/example_dags/subdags/subdag.py took 0.107 seconds
[2026-02-11T12:20:26.468+0800] {processor.py:161} INFO - Started process (PID=8267) to work on /Users/linghuchong/miniconda3/envs/py310/lib/python3.10/site-packages/airflow/example_dags/subdags/subdag.py
[2026-02-11T12:20:26.471+0800] {processor.py:830} INFO - Processing file /Users/linghuchong/miniconda3/envs/py310/lib/python3.10/site-packages/airflow/example_dags/subdags/subdag.py for tasks to queue
[2026-02-11T12:20:26.472+0800] {logging_mixin.py:188} INFO - [2026-02-11T12:20:26.471+0800] {dagbag.py:540} INFO - Filling up the DagBag from /Users/linghuchong/miniconda3/envs/py310/lib/python3.10/site-packages/airflow/example_dags/subdags/subdag.py
[2026-02-11T12:20:26.475+0800] {processor.py:842} WARNING - No viable dags retrieved from /Users/linghuchong/miniconda3/envs/py310/lib/python3.10/site-packages/airflow/example_dags/subdags/subdag.py
[2026-02-11T12:20:26.626+0800] {processor.py:183} INFO - Processing /Users/linghuchong/miniconda3/envs/py310/lib/python3.10/site-packages/airflow/example_dags/subdags/subdag.py took 0.159 seconds
[2026-02-11T12:23:13.578+0800] {processor.py:161} INFO - Started process (PID=8389) to work on /Users/linghuchong/miniconda3/envs/py310/lib/python3.10/site-packages/airflow/example_dags/subdags/subdag.py
[2026-02-11T12:23:13.579+0800] {processor.py:830} INFO - Processing file /Users/linghuchong/miniconda3/envs/py310/lib/python3.10/site-packages/airflow/example_dags/subdags/subdag.py for tasks to queue
[2026-02-11T12:23:13.580+0800] {logging_mixin.py:188} INFO - [2026-02-11T12:23:13.580+0800] {dagbag.py:540} INFO - Filling up the DagBag from /Users/linghuchong/miniconda3/envs/py310/lib/python3.10/site-packages/airflow/example_dags/subdags/subdag.py
[2026-02-11T12:23:13.582+0800] {processor.py:842} WARNING - No viable dags retrieved from /Users/linghuchong/miniconda3/envs/py310/lib/python3.10/site-packages/airflow/example_dags/subdags/subdag.py
[2026-02-11T12:23:13.669+0800] {processor.py:183} INFO - Processing /Users/linghuchong/miniconda3/envs/py310/lib/python3.10/site-packages/airflow/example_dags/subdags/subdag.py took 0.091 seconds
[2026-02-11T12:25:51.593+0800] {processor.py:161} INFO - Started process (PID=8449) to work on /Users/linghuchong/miniconda3/envs/py310/lib/python3.10/site-packages/airflow/example_dags/subdags/subdag.py
[2026-02-11T12:25:51.594+0800] {processor.py:830} INFO - Processing file /Users/linghuchong/miniconda3/envs/py310/lib/python3.10/site-packages/airflow/example_dags/subdags/subdag.py for tasks to queue
[2026-02-11T12:25:51.595+0800] {logging_mixin.py:188} INFO - [2026-02-11T12:25:51.595+0800] {dagbag.py:540} INFO - Filling up the DagBag from /Users/linghuchong/miniconda3/envs/py310/lib/python3.10/site-packages/airflow/example_dags/subdags/subdag.py
[2026-02-11T12:25:51.597+0800] {processor.py:842} WARNING - No viable dags retrieved from /Users/linghuchong/miniconda3/envs/py310/lib/python3.10/site-packages/airflow/example_dags/subdags/subdag.py
[2026-02-11T12:25:51.701+0800] {processor.py:183} INFO - Processing /Users/linghuchong/miniconda3/envs/py310/lib/python3.10/site-packages/airflow/example_dags/subdags/subdag.py took 0.108 seconds
[2026-02-11T12:28:20.468+0800] {processor.py:161} INFO - Started process (PID=8512) to work on /Users/linghuchong/miniconda3/envs/py310/lib/python3.10/site-packages/airflow/example_dags/subdags/subdag.py
[2026-02-11T12:28:20.470+0800] {processor.py:830} INFO - Processing file /Users/linghuchong/miniconda3/envs/py310/lib/python3.10/site-packages/airflow/example_dags/subdags/subdag.py for tasks to queue
[2026-02-11T12:28:20.471+0800] {logging_mixin.py:188} INFO - [2026-02-11T12:28:20.471+0800] {dagbag.py:540} INFO - Filling up the DagBag from /Users/linghuchong/miniconda3/envs/py310/lib/python3.10/site-packages/airflow/example_dags/subdags/subdag.py
[2026-02-11T12:28:20.474+0800] {processor.py:842} WARNING - No viable dags retrieved from /Users/linghuchong/miniconda3/envs/py310/lib/python3.10/site-packages/airflow/example_dags/subdags/subdag.py
[2026-02-11T12:28:20.559+0800] {processor.py:183} INFO - Processing /Users/linghuchong/miniconda3/envs/py310/lib/python3.10/site-packages/airflow/example_dags/subdags/subdag.py took 0.092 seconds
[2026-02-11T13:09:21.227+0800] {processor.py:161} INFO - Started process (PID=8628) to work on /Users/linghuchong/miniconda3/envs/py310/lib/python3.10/site-packages/airflow/example_dags/subdags/subdag.py
[2026-02-11T13:09:21.231+0800] {processor.py:830} INFO - Processing file /Users/linghuchong/miniconda3/envs/py310/lib/python3.10/site-packages/airflow/example_dags/subdags/subdag.py for tasks to queue
[2026-02-11T13:09:21.233+0800] {logging_mixin.py:188} INFO - [2026-02-11T13:09:21.233+0800] {dagbag.py:540} INFO - Filling up the DagBag from /Users/linghuchong/miniconda3/envs/py310/lib/python3.10/site-packages/airflow/example_dags/subdags/subdag.py
[2026-02-11T13:09:21.237+0800] {processor.py:842} WARNING - No viable dags retrieved from /Users/linghuchong/miniconda3/envs/py310/lib/python3.10/site-packages/airflow/example_dags/subdags/subdag.py
[2026-02-11T13:09:21.339+0800] {processor.py:183} INFO - Processing /Users/linghuchong/miniconda3/envs/py310/lib/python3.10/site-packages/airflow/example_dags/subdags/subdag.py took 0.113 seconds
[2026-02-11T13:12:04.602+0800] {processor.py:161} INFO - Started process (PID=8694) to work on /Users/linghuchong/miniconda3/envs/py310/lib/python3.10/site-packages/airflow/example_dags/subdags/subdag.py
[2026-02-11T13:12:04.604+0800] {processor.py:830} INFO - Processing file /Users/linghuchong/miniconda3/envs/py310/lib/python3.10/site-packages/airflow/example_dags/subdags/subdag.py for tasks to queue
[2026-02-11T13:12:04.605+0800] {logging_mixin.py:188} INFO - [2026-02-11T13:12:04.604+0800] {dagbag.py:540} INFO - Filling up the DagBag from /Users/linghuchong/miniconda3/envs/py310/lib/python3.10/site-packages/airflow/example_dags/subdags/subdag.py
[2026-02-11T13:12:04.607+0800] {processor.py:842} WARNING - No viable dags retrieved from /Users/linghuchong/miniconda3/envs/py310/lib/python3.10/site-packages/airflow/example_dags/subdags/subdag.py
[2026-02-11T13:12:04.713+0800] {processor.py:183} INFO - Processing /Users/linghuchong/miniconda3/envs/py310/lib/python3.10/site-packages/airflow/example_dags/subdags/subdag.py took 0.112 seconds
[2026-02-11T13:18:52.124+0800] {processor.py:161} INFO - Started process (PID=9046) to work on /Users/linghuchong/miniconda3/envs/py310/lib/python3.10/site-packages/airflow/example_dags/subdags/subdag.py
[2026-02-11T13:18:52.125+0800] {processor.py:830} INFO - Processing file /Users/linghuchong/miniconda3/envs/py310/lib/python3.10/site-packages/airflow/example_dags/subdags/subdag.py for tasks to queue
[2026-02-11T13:18:52.127+0800] {logging_mixin.py:188} INFO - [2026-02-11T13:18:52.127+0800] {dagbag.py:540} INFO - Filling up the DagBag from /Users/linghuchong/miniconda3/envs/py310/lib/python3.10/site-packages/airflow/example_dags/subdags/subdag.py
[2026-02-11T13:18:52.129+0800] {processor.py:842} WARNING - No viable dags retrieved from /Users/linghuchong/miniconda3/envs/py310/lib/python3.10/site-packages/airflow/example_dags/subdags/subdag.py
[2026-02-11T13:18:52.291+0800] {processor.py:183} INFO - Processing /Users/linghuchong/miniconda3/envs/py310/lib/python3.10/site-packages/airflow/example_dags/subdags/subdag.py took 0.168 seconds
[2026-02-11T13:22:48.587+0800] {processor.py:161} INFO - Started process (PID=9193) to work on /Users/linghuchong/miniconda3/envs/py310/lib/python3.10/site-packages/airflow/example_dags/subdags/subdag.py
[2026-02-11T13:22:48.588+0800] {processor.py:830} INFO - Processing file /Users/linghuchong/miniconda3/envs/py310/lib/python3.10/site-packages/airflow/example_dags/subdags/subdag.py for tasks to queue
[2026-02-11T13:22:48.589+0800] {logging_mixin.py:188} INFO - [2026-02-11T13:22:48.589+0800] {dagbag.py:540} INFO - Filling up the DagBag from /Users/linghuchong/miniconda3/envs/py310/lib/python3.10/site-packages/airflow/example_dags/subdags/subdag.py
[2026-02-11T13:22:48.592+0800] {processor.py:842} WARNING - No viable dags retrieved from /Users/linghuchong/miniconda3/envs/py310/lib/python3.10/site-packages/airflow/example_dags/subdags/subdag.py
[2026-02-11T13:22:48.690+0800] {processor.py:183} INFO - Processing /Users/linghuchong/miniconda3/envs/py310/lib/python3.10/site-packages/airflow/example_dags/subdags/subdag.py took 0.104 seconds
[2026-02-11T13:25:33.571+0800] {processor.py:161} INFO - Started process (PID=9297) to work on /Users/linghuchong/miniconda3/envs/py310/lib/python3.10/site-packages/airflow/example_dags/subdags/subdag.py
[2026-02-11T13:25:33.572+0800] {processor.py:830} INFO - Processing file /Users/linghuchong/miniconda3/envs/py310/lib/python3.10/site-packages/airflow/example_dags/subdags/subdag.py for tasks to queue
[2026-02-11T13:25:33.573+0800] {logging_mixin.py:188} INFO - [2026-02-11T13:25:33.572+0800] {dagbag.py:540} INFO - Filling up the DagBag from /Users/linghuchong/miniconda3/envs/py310/lib/python3.10/site-packages/airflow/example_dags/subdags/subdag.py
[2026-02-11T13:25:33.575+0800] {processor.py:842} WARNING - No viable dags retrieved from /Users/linghuchong/miniconda3/envs/py310/lib/python3.10/site-packages/airflow/example_dags/subdags/subdag.py
[2026-02-11T13:25:33.677+0800] {processor.py:183} INFO - Processing /Users/linghuchong/miniconda3/envs/py310/lib/python3.10/site-packages/airflow/example_dags/subdags/subdag.py took 0.107 seconds
[2026-02-11T13:28:24.567+0800] {processor.py:161} INFO - Started process (PID=9361) to work on /Users/linghuchong/miniconda3/envs/py310/lib/python3.10/site-packages/airflow/example_dags/subdags/subdag.py
[2026-02-11T13:28:24.570+0800] {processor.py:830} INFO - Processing file /Users/linghuchong/miniconda3/envs/py310/lib/python3.10/site-packages/airflow/example_dags/subdags/subdag.py for tasks to queue
[2026-02-11T13:28:24.571+0800] {logging_mixin.py:188} INFO - [2026-02-11T13:28:24.570+0800] {dagbag.py:540} INFO - Filling up the DagBag from /Users/linghuchong/miniconda3/envs/py310/lib/python3.10/site-packages/airflow/example_dags/subdags/subdag.py
[2026-02-11T13:28:24.573+0800] {processor.py:842} WARNING - No viable dags retrieved from /Users/linghuchong/miniconda3/envs/py310/lib/python3.10/site-packages/airflow/example_dags/subdags/subdag.py
[2026-02-11T13:28:24.672+0800] {processor.py:183} INFO - Processing /Users/linghuchong/miniconda3/envs/py310/lib/python3.10/site-packages/airflow/example_dags/subdags/subdag.py took 0.106 seconds
[2026-02-11T13:31:17.355+0800] {processor.py:161} INFO - Started process (PID=9461) to work on /Users/linghuchong/miniconda3/envs/py310/lib/python3.10/site-packages/airflow/example_dags/subdags/subdag.py
[2026-02-11T13:31:17.356+0800] {processor.py:830} INFO - Processing file /Users/linghuchong/miniconda3/envs/py310/lib/python3.10/site-packages/airflow/example_dags/subdags/subdag.py for tasks to queue
[2026-02-11T13:31:17.357+0800] {logging_mixin.py:188} INFO - [2026-02-11T13:31:17.357+0800] {dagbag.py:540} INFO - Filling up the DagBag from /Users/linghuchong/miniconda3/envs/py310/lib/python3.10/site-packages/airflow/example_dags/subdags/subdag.py
[2026-02-11T13:31:17.359+0800] {processor.py:842} WARNING - No viable dags retrieved from /Users/linghuchong/miniconda3/envs/py310/lib/python3.10/site-packages/airflow/example_dags/subdags/subdag.py
[2026-02-11T13:31:17.450+0800] {processor.py:183} INFO - Processing /Users/linghuchong/miniconda3/envs/py310/lib/python3.10/site-packages/airflow/example_dags/subdags/subdag.py took 0.096 seconds
[2026-02-11T13:34:17.576+0800] {processor.py:161} INFO - Started process (PID=9567) to work on /Users/linghuchong/miniconda3/envs/py310/lib/python3.10/site-packages/airflow/example_dags/subdags/subdag.py
[2026-02-11T13:34:17.580+0800] {processor.py:830} INFO - Processing file /Users/linghuchong/miniconda3/envs/py310/lib/python3.10/site-packages/airflow/example_dags/subdags/subdag.py for tasks to queue
[2026-02-11T13:34:17.581+0800] {logging_mixin.py:188} INFO - [2026-02-11T13:34:17.581+0800] {dagbag.py:540} INFO - Filling up the DagBag from /Users/linghuchong/miniconda3/envs/py310/lib/python3.10/site-packages/airflow/example_dags/subdags/subdag.py
[2026-02-11T13:34:17.583+0800] {processor.py:842} WARNING - No viable dags retrieved from /Users/linghuchong/miniconda3/envs/py310/lib/python3.10/site-packages/airflow/example_dags/subdags/subdag.py
[2026-02-11T13:34:17.669+0800] {processor.py:183} INFO - Processing /Users/linghuchong/miniconda3/envs/py310/lib/python3.10/site-packages/airflow/example_dags/subdags/subdag.py took 0.094 seconds
[2026-02-11T16:15:33.247+0800] {processor.py:161} INFO - Started process (PID=14205) to work on /Users/linghuchong/miniconda3/envs/py310/lib/python3.10/site-packages/airflow/example_dags/subdags/subdag.py
[2026-02-11T16:15:33.249+0800] {processor.py:830} INFO - Processing file /Users/linghuchong/miniconda3/envs/py310/lib/python3.10/site-packages/airflow/example_dags/subdags/subdag.py for tasks to queue
[2026-02-11T16:15:33.250+0800] {logging_mixin.py:188} INFO - [2026-02-11T16:15:33.250+0800] {dagbag.py:540} INFO - Filling up the DagBag from /Users/linghuchong/miniconda3/envs/py310/lib/python3.10/site-packages/airflow/example_dags/subdags/subdag.py
[2026-02-11T16:15:33.253+0800] {processor.py:842} WARNING - No viable dags retrieved from /Users/linghuchong/miniconda3/envs/py310/lib/python3.10/site-packages/airflow/example_dags/subdags/subdag.py
[2026-02-11T16:15:33.354+0800] {processor.py:183} INFO - Processing /Users/linghuchong/miniconda3/envs/py310/lib/python3.10/site-packages/airflow/example_dags/subdags/subdag.py took 0.107 seconds
[2026-02-11T16:23:00.877+0800] {processor.py:161} INFO - Started process (PID=14623) to work on /Users/linghuchong/miniconda3/envs/py310/lib/python3.10/site-packages/airflow/example_dags/subdags/subdag.py
[2026-02-11T16:23:00.878+0800] {processor.py:830} INFO - Processing file /Users/linghuchong/miniconda3/envs/py310/lib/python3.10/site-packages/airflow/example_dags/subdags/subdag.py for tasks to queue
[2026-02-11T16:23:00.879+0800] {logging_mixin.py:188} INFO - [2026-02-11T16:23:00.879+0800] {dagbag.py:540} INFO - Filling up the DagBag from /Users/linghuchong/miniconda3/envs/py310/lib/python3.10/site-packages/airflow/example_dags/subdags/subdag.py
[2026-02-11T16:23:00.882+0800] {processor.py:842} WARNING - No viable dags retrieved from /Users/linghuchong/miniconda3/envs/py310/lib/python3.10/site-packages/airflow/example_dags/subdags/subdag.py
[2026-02-11T16:23:00.988+0800] {processor.py:183} INFO - Processing /Users/linghuchong/miniconda3/envs/py310/lib/python3.10/site-packages/airflow/example_dags/subdags/subdag.py took 0.111 seconds
[2026-02-11T16:26:29.141+0800] {processor.py:161} INFO - Started process (PID=14816) to work on /Users/linghuchong/miniconda3/envs/py310/lib/python3.10/site-packages/airflow/example_dags/subdags/subdag.py
[2026-02-11T16:26:29.142+0800] {processor.py:830} INFO - Processing file /Users/linghuchong/miniconda3/envs/py310/lib/python3.10/site-packages/airflow/example_dags/subdags/subdag.py for tasks to queue
[2026-02-11T16:26:29.143+0800] {logging_mixin.py:188} INFO - [2026-02-11T16:26:29.143+0800] {dagbag.py:540} INFO - Filling up the DagBag from /Users/linghuchong/miniconda3/envs/py310/lib/python3.10/site-packages/airflow/example_dags/subdags/subdag.py
[2026-02-11T16:26:29.145+0800] {processor.py:842} WARNING - No viable dags retrieved from /Users/linghuchong/miniconda3/envs/py310/lib/python3.10/site-packages/airflow/example_dags/subdags/subdag.py
[2026-02-11T16:26:29.245+0800] {processor.py:183} INFO - Processing /Users/linghuchong/miniconda3/envs/py310/lib/python3.10/site-packages/airflow/example_dags/subdags/subdag.py took 0.106 seconds
[2026-02-11T16:29:43.735+0800] {processor.py:161} INFO - Started process (PID=14923) to work on /Users/linghuchong/miniconda3/envs/py310/lib/python3.10/site-packages/airflow/example_dags/subdags/subdag.py
[2026-02-11T16:29:43.739+0800] {processor.py:830} INFO - Processing file /Users/linghuchong/miniconda3/envs/py310/lib/python3.10/site-packages/airflow/example_dags/subdags/subdag.py for tasks to queue
[2026-02-11T16:29:43.741+0800] {logging_mixin.py:188} INFO - [2026-02-11T16:29:43.741+0800] {dagbag.py:540} INFO - Filling up the DagBag from /Users/linghuchong/miniconda3/envs/py310/lib/python3.10/site-packages/airflow/example_dags/subdags/subdag.py
[2026-02-11T16:29:43.744+0800] {processor.py:842} WARNING - No viable dags retrieved from /Users/linghuchong/miniconda3/envs/py310/lib/python3.10/site-packages/airflow/example_dags/subdags/subdag.py
[2026-02-11T16:29:43.856+0800] {processor.py:183} INFO - Processing /Users/linghuchong/miniconda3/envs/py310/lib/python3.10/site-packages/airflow/example_dags/subdags/subdag.py took 0.121 seconds
[2026-02-11T16:33:01.615+0800] {processor.py:161} INFO - Started process (PID=15257) to work on /Users/linghuchong/miniconda3/envs/py310/lib/python3.10/site-packages/airflow/example_dags/subdags/subdag.py
[2026-02-11T16:33:01.618+0800] {processor.py:830} INFO - Processing file /Users/linghuchong/miniconda3/envs/py310/lib/python3.10/site-packages/airflow/example_dags/subdags/subdag.py for tasks to queue
[2026-02-11T16:33:01.619+0800] {logging_mixin.py:188} INFO - [2026-02-11T16:33:01.619+0800] {dagbag.py:540} INFO - Filling up the DagBag from /Users/linghuchong/miniconda3/envs/py310/lib/python3.10/site-packages/airflow/example_dags/subdags/subdag.py
[2026-02-11T16:33:01.621+0800] {processor.py:842} WARNING - No viable dags retrieved from /Users/linghuchong/miniconda3/envs/py310/lib/python3.10/site-packages/airflow/example_dags/subdags/subdag.py
[2026-02-11T16:33:01.732+0800] {processor.py:183} INFO - Processing /Users/linghuchong/miniconda3/envs/py310/lib/python3.10/site-packages/airflow/example_dags/subdags/subdag.py took 0.118 seconds
[2026-02-11T16:36:14.960+0800] {processor.py:161} INFO - Started process (PID=15416) to work on /Users/linghuchong/miniconda3/envs/py310/lib/python3.10/site-packages/airflow/example_dags/subdags/subdag.py
[2026-02-11T16:36:14.963+0800] {processor.py:830} INFO - Processing file /Users/linghuchong/miniconda3/envs/py310/lib/python3.10/site-packages/airflow/example_dags/subdags/subdag.py for tasks to queue
[2026-02-11T16:36:14.964+0800] {logging_mixin.py:188} INFO - [2026-02-11T16:36:14.964+0800] {dagbag.py:540} INFO - Filling up the DagBag from /Users/linghuchong/miniconda3/envs/py310/lib/python3.10/site-packages/airflow/example_dags/subdags/subdag.py
[2026-02-11T16:36:14.967+0800] {processor.py:842} WARNING - No viable dags retrieved from /Users/linghuchong/miniconda3/envs/py310/lib/python3.10/site-packages/airflow/example_dags/subdags/subdag.py
[2026-02-11T16:36:15.070+0800] {processor.py:183} INFO - Processing /Users/linghuchong/miniconda3/envs/py310/lib/python3.10/site-packages/airflow/example_dags/subdags/subdag.py took 0.111 seconds
[2026-02-11T16:39:12.700+0800] {processor.py:161} INFO - Started process (PID=15615) to work on /Users/linghuchong/miniconda3/envs/py310/lib/python3.10/site-packages/airflow/example_dags/subdags/subdag.py
[2026-02-11T16:39:12.703+0800] {processor.py:830} INFO - Processing file /Users/linghuchong/miniconda3/envs/py310/lib/python3.10/site-packages/airflow/example_dags/subdags/subdag.py for tasks to queue
[2026-02-11T16:39:12.704+0800] {logging_mixin.py:188} INFO - [2026-02-11T16:39:12.704+0800] {dagbag.py:540} INFO - Filling up the DagBag from /Users/linghuchong/miniconda3/envs/py310/lib/python3.10/site-packages/airflow/example_dags/subdags/subdag.py
[2026-02-11T16:39:12.707+0800] {processor.py:842} WARNING - No viable dags retrieved from /Users/linghuchong/miniconda3/envs/py310/lib/python3.10/site-packages/airflow/example_dags/subdags/subdag.py
[2026-02-11T16:39:12.800+0800] {processor.py:183} INFO - Processing /Users/linghuchong/miniconda3/envs/py310/lib/python3.10/site-packages/airflow/example_dags/subdags/subdag.py took 0.101 seconds
[2026-02-11T16:42:12.049+0800] {processor.py:161} INFO - Started process (PID=15899) to work on /Users/linghuchong/miniconda3/envs/py310/lib/python3.10/site-packages/airflow/example_dags/subdags/subdag.py
[2026-02-11T16:42:12.051+0800] {processor.py:830} INFO - Processing file /Users/linghuchong/miniconda3/envs/py310/lib/python3.10/site-packages/airflow/example_dags/subdags/subdag.py for tasks to queue
[2026-02-11T16:42:12.052+0800] {logging_mixin.py:188} INFO - [2026-02-11T16:42:12.051+0800] {dagbag.py:540} INFO - Filling up the DagBag from /Users/linghuchong/miniconda3/envs/py310/lib/python3.10/site-packages/airflow/example_dags/subdags/subdag.py
[2026-02-11T16:42:12.054+0800] {processor.py:842} WARNING - No viable dags retrieved from /Users/linghuchong/miniconda3/envs/py310/lib/python3.10/site-packages/airflow/example_dags/subdags/subdag.py
[2026-02-11T16:42:12.157+0800] {processor.py:183} INFO - Processing /Users/linghuchong/miniconda3/envs/py310/lib/python3.10/site-packages/airflow/example_dags/subdags/subdag.py took 0.108 seconds
[2026-02-11T16:45:17.483+0800] {processor.py:161} INFO - Started process (PID=16062) to work on /Users/linghuchong/miniconda3/envs/py310/lib/python3.10/site-packages/airflow/example_dags/subdags/subdag.py
[2026-02-11T16:45:17.486+0800] {processor.py:830} INFO - Processing file /Users/linghuchong/miniconda3/envs/py310/lib/python3.10/site-packages/airflow/example_dags/subdags/subdag.py for tasks to queue
[2026-02-11T16:45:17.487+0800] {logging_mixin.py:188} INFO - [2026-02-11T16:45:17.487+0800] {dagbag.py:540} INFO - Filling up the DagBag from /Users/linghuchong/miniconda3/envs/py310/lib/python3.10/site-packages/airflow/example_dags/subdags/subdag.py
[2026-02-11T16:45:17.490+0800] {processor.py:842} WARNING - No viable dags retrieved from /Users/linghuchong/miniconda3/envs/py310/lib/python3.10/site-packages/airflow/example_dags/subdags/subdag.py
[2026-02-11T16:45:17.635+0800] {processor.py:183} INFO - Processing /Users/linghuchong/miniconda3/envs/py310/lib/python3.10/site-packages/airflow/example_dags/subdags/subdag.py took 0.154 seconds
[2026-02-11T16:48:35.487+0800] {processor.py:161} INFO - Started process (PID=16234) to work on /Users/linghuchong/miniconda3/envs/py310/lib/python3.10/site-packages/airflow/example_dags/subdags/subdag.py
[2026-02-11T16:48:35.488+0800] {processor.py:830} INFO - Processing file /Users/linghuchong/miniconda3/envs/py310/lib/python3.10/site-packages/airflow/example_dags/subdags/subdag.py for tasks to queue
[2026-02-11T16:48:35.489+0800] {logging_mixin.py:188} INFO - [2026-02-11T16:48:35.489+0800] {dagbag.py:540} INFO - Filling up the DagBag from /Users/linghuchong/miniconda3/envs/py310/lib/python3.10/site-packages/airflow/example_dags/subdags/subdag.py
[2026-02-11T16:48:35.491+0800] {processor.py:842} WARNING - No viable dags retrieved from /Users/linghuchong/miniconda3/envs/py310/lib/python3.10/site-packages/airflow/example_dags/subdags/subdag.py
[2026-02-11T16:48:35.594+0800] {processor.py:183} INFO - Processing /Users/linghuchong/miniconda3/envs/py310/lib/python3.10/site-packages/airflow/example_dags/subdags/subdag.py took 0.108 seconds
[2026-02-11T16:52:08.579+0800] {processor.py:161} INFO - Started process (PID=16417) to work on /Users/linghuchong/miniconda3/envs/py310/lib/python3.10/site-packages/airflow/example_dags/subdags/subdag.py
[2026-02-11T16:52:08.582+0800] {processor.py:830} INFO - Processing file /Users/linghuchong/miniconda3/envs/py310/lib/python3.10/site-packages/airflow/example_dags/subdags/subdag.py for tasks to queue
[2026-02-11T16:52:08.583+0800] {logging_mixin.py:188} INFO - [2026-02-11T16:52:08.583+0800] {dagbag.py:540} INFO - Filling up the DagBag from /Users/linghuchong/miniconda3/envs/py310/lib/python3.10/site-packages/airflow/example_dags/subdags/subdag.py
[2026-02-11T16:52:08.586+0800] {processor.py:842} WARNING - No viable dags retrieved from /Users/linghuchong/miniconda3/envs/py310/lib/python3.10/site-packages/airflow/example_dags/subdags/subdag.py
[2026-02-11T16:52:08.689+0800] {processor.py:183} INFO - Processing /Users/linghuchong/miniconda3/envs/py310/lib/python3.10/site-packages/airflow/example_dags/subdags/subdag.py took 0.111 seconds
[2026-02-11T16:55:23.863+0800] {processor.py:161} INFO - Started process (PID=16564) to work on /Users/linghuchong/miniconda3/envs/py310/lib/python3.10/site-packages/airflow/example_dags/subdags/subdag.py
[2026-02-11T16:55:23.863+0800] {processor.py:830} INFO - Processing file /Users/linghuchong/miniconda3/envs/py310/lib/python3.10/site-packages/airflow/example_dags/subdags/subdag.py for tasks to queue
[2026-02-11T16:55:23.864+0800] {logging_mixin.py:188} INFO - [2026-02-11T16:55:23.864+0800] {dagbag.py:540} INFO - Filling up the DagBag from /Users/linghuchong/miniconda3/envs/py310/lib/python3.10/site-packages/airflow/example_dags/subdags/subdag.py
[2026-02-11T16:55:23.867+0800] {processor.py:842} WARNING - No viable dags retrieved from /Users/linghuchong/miniconda3/envs/py310/lib/python3.10/site-packages/airflow/example_dags/subdags/subdag.py
[2026-02-11T16:55:23.972+0800] {processor.py:183} INFO - Processing /Users/linghuchong/miniconda3/envs/py310/lib/python3.10/site-packages/airflow/example_dags/subdags/subdag.py took 0.110 seconds
[2026-02-11T16:58:39.293+0800] {processor.py:161} INFO - Started process (PID=16659) to work on /Users/linghuchong/miniconda3/envs/py310/lib/python3.10/site-packages/airflow/example_dags/subdags/subdag.py
[2026-02-11T16:58:39.297+0800] {processor.py:830} INFO - Processing file /Users/linghuchong/miniconda3/envs/py310/lib/python3.10/site-packages/airflow/example_dags/subdags/subdag.py for tasks to queue
[2026-02-11T16:58:39.300+0800] {logging_mixin.py:188} INFO - [2026-02-11T16:58:39.299+0800] {dagbag.py:540} INFO - Filling up the DagBag from /Users/linghuchong/miniconda3/envs/py310/lib/python3.10/site-packages/airflow/example_dags/subdags/subdag.py
[2026-02-11T16:58:39.303+0800] {processor.py:842} WARNING - No viable dags retrieved from /Users/linghuchong/miniconda3/envs/py310/lib/python3.10/site-packages/airflow/example_dags/subdags/subdag.py
[2026-02-11T16:58:39.421+0800] {processor.py:183} INFO - Processing /Users/linghuchong/miniconda3/envs/py310/lib/python3.10/site-packages/airflow/example_dags/subdags/subdag.py took 0.128 seconds
[2026-02-11T17:02:25.229+0800] {processor.py:161} INFO - Started process (PID=16835) to work on /Users/linghuchong/miniconda3/envs/py310/lib/python3.10/site-packages/airflow/example_dags/subdags/subdag.py
[2026-02-11T17:02:25.230+0800] {processor.py:830} INFO - Processing file /Users/linghuchong/miniconda3/envs/py310/lib/python3.10/site-packages/airflow/example_dags/subdags/subdag.py for tasks to queue
[2026-02-11T17:02:25.231+0800] {logging_mixin.py:188} INFO - [2026-02-11T17:02:25.231+0800] {dagbag.py:540} INFO - Filling up the DagBag from /Users/linghuchong/miniconda3/envs/py310/lib/python3.10/site-packages/airflow/example_dags/subdags/subdag.py
[2026-02-11T17:02:25.233+0800] {processor.py:842} WARNING - No viable dags retrieved from /Users/linghuchong/miniconda3/envs/py310/lib/python3.10/site-packages/airflow/example_dags/subdags/subdag.py
[2026-02-11T17:02:25.335+0800] {processor.py:183} INFO - Processing /Users/linghuchong/miniconda3/envs/py310/lib/python3.10/site-packages/airflow/example_dags/subdags/subdag.py took 0.106 seconds
[2026-02-11T17:05:49.499+0800] {processor.py:161} INFO - Started process (PID=16949) to work on /Users/linghuchong/miniconda3/envs/py310/lib/python3.10/site-packages/airflow/example_dags/subdags/subdag.py
[2026-02-11T17:05:49.502+0800] {processor.py:830} INFO - Processing file /Users/linghuchong/miniconda3/envs/py310/lib/python3.10/site-packages/airflow/example_dags/subdags/subdag.py for tasks to queue
[2026-02-11T17:05:49.504+0800] {logging_mixin.py:188} INFO - [2026-02-11T17:05:49.503+0800] {dagbag.py:540} INFO - Filling up the DagBag from /Users/linghuchong/miniconda3/envs/py310/lib/python3.10/site-packages/airflow/example_dags/subdags/subdag.py
[2026-02-11T17:05:49.507+0800] {processor.py:842} WARNING - No viable dags retrieved from /Users/linghuchong/miniconda3/envs/py310/lib/python3.10/site-packages/airflow/example_dags/subdags/subdag.py
[2026-02-11T17:05:49.609+0800] {processor.py:183} INFO - Processing /Users/linghuchong/miniconda3/envs/py310/lib/python3.10/site-packages/airflow/example_dags/subdags/subdag.py took 0.111 seconds
[2026-02-11T17:14:28.484+0800] {processor.py:161} INFO - Started process (PID=17683) to work on /Users/linghuchong/miniconda3/envs/py310/lib/python3.10/site-packages/airflow/example_dags/subdags/subdag.py
[2026-02-11T17:14:28.485+0800] {processor.py:830} INFO - Processing file /Users/linghuchong/miniconda3/envs/py310/lib/python3.10/site-packages/airflow/example_dags/subdags/subdag.py for tasks to queue
[2026-02-11T17:14:28.486+0800] {logging_mixin.py:188} INFO - [2026-02-11T17:14:28.486+0800] {dagbag.py:540} INFO - Filling up the DagBag from /Users/linghuchong/miniconda3/envs/py310/lib/python3.10/site-packages/airflow/example_dags/subdags/subdag.py
[2026-02-11T17:14:28.490+0800] {processor.py:842} WARNING - No viable dags retrieved from /Users/linghuchong/miniconda3/envs/py310/lib/python3.10/site-packages/airflow/example_dags/subdags/subdag.py
[2026-02-11T17:14:28.602+0800] {processor.py:183} INFO - Processing /Users/linghuchong/miniconda3/envs/py310/lib/python3.10/site-packages/airflow/example_dags/subdags/subdag.py took 0.119 seconds
[2026-02-11T17:18:11.090+0800] {processor.py:161} INFO - Started process (PID=17828) to work on /Users/linghuchong/miniconda3/envs/py310/lib/python3.10/site-packages/airflow/example_dags/subdags/subdag.py
[2026-02-11T17:18:11.093+0800] {processor.py:830} INFO - Processing file /Users/linghuchong/miniconda3/envs/py310/lib/python3.10/site-packages/airflow/example_dags/subdags/subdag.py for tasks to queue
[2026-02-11T17:18:11.094+0800] {logging_mixin.py:188} INFO - [2026-02-11T17:18:11.094+0800] {dagbag.py:540} INFO - Filling up the DagBag from /Users/linghuchong/miniconda3/envs/py310/lib/python3.10/site-packages/airflow/example_dags/subdags/subdag.py
[2026-02-11T17:18:11.096+0800] {processor.py:842} WARNING - No viable dags retrieved from /Users/linghuchong/miniconda3/envs/py310/lib/python3.10/site-packages/airflow/example_dags/subdags/subdag.py
[2026-02-11T17:18:11.189+0800] {processor.py:183} INFO - Processing /Users/linghuchong/miniconda3/envs/py310/lib/python3.10/site-packages/airflow/example_dags/subdags/subdag.py took 0.100 seconds
[2026-02-11T17:20:56.544+0800] {processor.py:161} INFO - Started process (PID=17898) to work on /Users/linghuchong/miniconda3/envs/py310/lib/python3.10/site-packages/airflow/example_dags/subdags/subdag.py
[2026-02-11T17:20:56.547+0800] {processor.py:830} INFO - Processing file /Users/linghuchong/miniconda3/envs/py310/lib/python3.10/site-packages/airflow/example_dags/subdags/subdag.py for tasks to queue
[2026-02-11T17:20:56.548+0800] {logging_mixin.py:188} INFO - [2026-02-11T17:20:56.548+0800] {dagbag.py:540} INFO - Filling up the DagBag from /Users/linghuchong/miniconda3/envs/py310/lib/python3.10/site-packages/airflow/example_dags/subdags/subdag.py
[2026-02-11T17:20:56.550+0800] {processor.py:842} WARNING - No viable dags retrieved from /Users/linghuchong/miniconda3/envs/py310/lib/python3.10/site-packages/airflow/example_dags/subdags/subdag.py
[2026-02-11T17:20:56.636+0800] {processor.py:183} INFO - Processing /Users/linghuchong/miniconda3/envs/py310/lib/python3.10/site-packages/airflow/example_dags/subdags/subdag.py took 0.093 seconds
[2026-02-11T17:23:41.177+0800] {processor.py:161} INFO - Started process (PID=17996) to work on /Users/linghuchong/miniconda3/envs/py310/lib/python3.10/site-packages/airflow/example_dags/subdags/subdag.py
[2026-02-11T17:23:41.180+0800] {processor.py:830} INFO - Processing file /Users/linghuchong/miniconda3/envs/py310/lib/python3.10/site-packages/airflow/example_dags/subdags/subdag.py for tasks to queue
[2026-02-11T17:23:41.181+0800] {logging_mixin.py:188} INFO - [2026-02-11T17:23:41.181+0800] {dagbag.py:540} INFO - Filling up the DagBag from /Users/linghuchong/miniconda3/envs/py310/lib/python3.10/site-packages/airflow/example_dags/subdags/subdag.py
[2026-02-11T17:23:41.184+0800] {processor.py:842} WARNING - No viable dags retrieved from /Users/linghuchong/miniconda3/envs/py310/lib/python3.10/site-packages/airflow/example_dags/subdags/subdag.py
[2026-02-11T17:23:41.273+0800] {processor.py:183} INFO - Processing /Users/linghuchong/miniconda3/envs/py310/lib/python3.10/site-packages/airflow/example_dags/subdags/subdag.py took 0.096 seconds
[2026-02-11T17:26:22.910+0800] {processor.py:161} INFO - Started process (PID=18077) to work on /Users/linghuchong/miniconda3/envs/py310/lib/python3.10/site-packages/airflow/example_dags/subdags/subdag.py
[2026-02-11T17:26:22.913+0800] {processor.py:830} INFO - Processing file /Users/linghuchong/miniconda3/envs/py310/lib/python3.10/site-packages/airflow/example_dags/subdags/subdag.py for tasks to queue
[2026-02-11T17:26:22.914+0800] {logging_mixin.py:188} INFO - [2026-02-11T17:26:22.914+0800] {dagbag.py:540} INFO - Filling up the DagBag from /Users/linghuchong/miniconda3/envs/py310/lib/python3.10/site-packages/airflow/example_dags/subdags/subdag.py
[2026-02-11T17:26:22.916+0800] {processor.py:842} WARNING - No viable dags retrieved from /Users/linghuchong/miniconda3/envs/py310/lib/python3.10/site-packages/airflow/example_dags/subdags/subdag.py
[2026-02-11T17:26:23.007+0800] {processor.py:183} INFO - Processing /Users/linghuchong/miniconda3/envs/py310/lib/python3.10/site-packages/airflow/example_dags/subdags/subdag.py took 0.098 seconds
[2026-02-11T17:29:07.390+0800] {processor.py:161} INFO - Started process (PID=18182) to work on /Users/linghuchong/miniconda3/envs/py310/lib/python3.10/site-packages/airflow/example_dags/subdags/subdag.py
[2026-02-11T17:29:07.393+0800] {processor.py:830} INFO - Processing file /Users/linghuchong/miniconda3/envs/py310/lib/python3.10/site-packages/airflow/example_dags/subdags/subdag.py for tasks to queue
[2026-02-11T17:29:07.394+0800] {logging_mixin.py:188} INFO - [2026-02-11T17:29:07.394+0800] {dagbag.py:540} INFO - Filling up the DagBag from /Users/linghuchong/miniconda3/envs/py310/lib/python3.10/site-packages/airflow/example_dags/subdags/subdag.py
[2026-02-11T17:29:07.396+0800] {processor.py:842} WARNING - No viable dags retrieved from /Users/linghuchong/miniconda3/envs/py310/lib/python3.10/site-packages/airflow/example_dags/subdags/subdag.py
[2026-02-11T17:29:07.483+0800] {processor.py:183} INFO - Processing /Users/linghuchong/miniconda3/envs/py310/lib/python3.10/site-packages/airflow/example_dags/subdags/subdag.py took 0.094 seconds
[2026-02-11T17:32:07.830+0800] {processor.py:161} INFO - Started process (PID=18283) to work on /Users/linghuchong/miniconda3/envs/py310/lib/python3.10/site-packages/airflow/example_dags/subdags/subdag.py
[2026-02-11T17:32:07.833+0800] {processor.py:830} INFO - Processing file /Users/linghuchong/miniconda3/envs/py310/lib/python3.10/site-packages/airflow/example_dags/subdags/subdag.py for tasks to queue
[2026-02-11T17:32:07.834+0800] {logging_mixin.py:188} INFO - [2026-02-11T17:32:07.834+0800] {dagbag.py:540} INFO - Filling up the DagBag from /Users/linghuchong/miniconda3/envs/py310/lib/python3.10/site-packages/airflow/example_dags/subdags/subdag.py
[2026-02-11T17:32:07.836+0800] {processor.py:842} WARNING - No viable dags retrieved from /Users/linghuchong/miniconda3/envs/py310/lib/python3.10/site-packages/airflow/example_dags/subdags/subdag.py
[2026-02-11T17:32:07.941+0800] {processor.py:183} INFO - Processing /Users/linghuchong/miniconda3/envs/py310/lib/python3.10/site-packages/airflow/example_dags/subdags/subdag.py took 0.111 seconds
[2026-02-11T17:35:09.805+0800] {processor.py:161} INFO - Started process (PID=18395) to work on /Users/linghuchong/miniconda3/envs/py310/lib/python3.10/site-packages/airflow/example_dags/subdags/subdag.py
[2026-02-11T17:35:09.808+0800] {processor.py:830} INFO - Processing file /Users/linghuchong/miniconda3/envs/py310/lib/python3.10/site-packages/airflow/example_dags/subdags/subdag.py for tasks to queue
[2026-02-11T17:35:09.809+0800] {logging_mixin.py:188} INFO - [2026-02-11T17:35:09.809+0800] {dagbag.py:540} INFO - Filling up the DagBag from /Users/linghuchong/miniconda3/envs/py310/lib/python3.10/site-packages/airflow/example_dags/subdags/subdag.py
[2026-02-11T17:35:09.811+0800] {processor.py:842} WARNING - No viable dags retrieved from /Users/linghuchong/miniconda3/envs/py310/lib/python3.10/site-packages/airflow/example_dags/subdags/subdag.py
[2026-02-11T17:35:09.917+0800] {processor.py:183} INFO - Processing /Users/linghuchong/miniconda3/envs/py310/lib/python3.10/site-packages/airflow/example_dags/subdags/subdag.py took 0.112 seconds
[2026-02-11T17:38:14.277+0800] {processor.py:161} INFO - Started process (PID=18604) to work on /Users/linghuchong/miniconda3/envs/py310/lib/python3.10/site-packages/airflow/example_dags/subdags/subdag.py
[2026-02-11T17:38:14.280+0800] {processor.py:830} INFO - Processing file /Users/linghuchong/miniconda3/envs/py310/lib/python3.10/site-packages/airflow/example_dags/subdags/subdag.py for tasks to queue
[2026-02-11T17:38:14.281+0800] {logging_mixin.py:188} INFO - [2026-02-11T17:38:14.280+0800] {dagbag.py:540} INFO - Filling up the DagBag from /Users/linghuchong/miniconda3/envs/py310/lib/python3.10/site-packages/airflow/example_dags/subdags/subdag.py
[2026-02-11T17:38:14.283+0800] {processor.py:842} WARNING - No viable dags retrieved from /Users/linghuchong/miniconda3/envs/py310/lib/python3.10/site-packages/airflow/example_dags/subdags/subdag.py
[2026-02-11T17:38:14.385+0800] {processor.py:183} INFO - Processing /Users/linghuchong/miniconda3/envs/py310/lib/python3.10/site-packages/airflow/example_dags/subdags/subdag.py took 0.110 seconds
[2026-02-11T17:41:22.408+0800] {processor.py:161} INFO - Started process (PID=18932) to work on /Users/linghuchong/miniconda3/envs/py310/lib/python3.10/site-packages/airflow/example_dags/subdags/subdag.py
[2026-02-11T17:41:22.409+0800] {processor.py:830} INFO - Processing file /Users/linghuchong/miniconda3/envs/py310/lib/python3.10/site-packages/airflow/example_dags/subdags/subdag.py for tasks to queue
[2026-02-11T17:41:22.410+0800] {logging_mixin.py:188} INFO - [2026-02-11T17:41:22.410+0800] {dagbag.py:540} INFO - Filling up the DagBag from /Users/linghuchong/miniconda3/envs/py310/lib/python3.10/site-packages/airflow/example_dags/subdags/subdag.py
[2026-02-11T17:41:22.412+0800] {processor.py:842} WARNING - No viable dags retrieved from /Users/linghuchong/miniconda3/envs/py310/lib/python3.10/site-packages/airflow/example_dags/subdags/subdag.py
[2026-02-11T17:41:22.506+0800] {processor.py:183} INFO - Processing /Users/linghuchong/miniconda3/envs/py310/lib/python3.10/site-packages/airflow/example_dags/subdags/subdag.py took 0.099 seconds
[2026-02-11T17:44:29.839+0800] {processor.py:161} INFO - Started process (PID=19496) to work on /Users/linghuchong/miniconda3/envs/py310/lib/python3.10/site-packages/airflow/example_dags/subdags/subdag.py
[2026-02-11T17:44:29.842+0800] {processor.py:830} INFO - Processing file /Users/linghuchong/miniconda3/envs/py310/lib/python3.10/site-packages/airflow/example_dags/subdags/subdag.py for tasks to queue
[2026-02-11T17:44:29.843+0800] {logging_mixin.py:188} INFO - [2026-02-11T17:44:29.843+0800] {dagbag.py:540} INFO - Filling up the DagBag from /Users/linghuchong/miniconda3/envs/py310/lib/python3.10/site-packages/airflow/example_dags/subdags/subdag.py
[2026-02-11T17:44:29.845+0800] {processor.py:842} WARNING - No viable dags retrieved from /Users/linghuchong/miniconda3/envs/py310/lib/python3.10/site-packages/airflow/example_dags/subdags/subdag.py
[2026-02-11T17:44:29.942+0800] {processor.py:183} INFO - Processing /Users/linghuchong/miniconda3/envs/py310/lib/python3.10/site-packages/airflow/example_dags/subdags/subdag.py took 0.104 seconds
[2026-02-11T17:47:36.195+0800] {processor.py:161} INFO - Started process (PID=19749) to work on /Users/linghuchong/miniconda3/envs/py310/lib/python3.10/site-packages/airflow/example_dags/subdags/subdag.py
[2026-02-11T17:47:36.198+0800] {processor.py:830} INFO - Processing file /Users/linghuchong/miniconda3/envs/py310/lib/python3.10/site-packages/airflow/example_dags/subdags/subdag.py for tasks to queue
[2026-02-11T17:47:36.199+0800] {logging_mixin.py:188} INFO - [2026-02-11T17:47:36.199+0800] {dagbag.py:540} INFO - Filling up the DagBag from /Users/linghuchong/miniconda3/envs/py310/lib/python3.10/site-packages/airflow/example_dags/subdags/subdag.py
[2026-02-11T17:47:36.201+0800] {processor.py:842} WARNING - No viable dags retrieved from /Users/linghuchong/miniconda3/envs/py310/lib/python3.10/site-packages/airflow/example_dags/subdags/subdag.py
[2026-02-11T17:47:36.297+0800] {processor.py:183} INFO - Processing /Users/linghuchong/miniconda3/envs/py310/lib/python3.10/site-packages/airflow/example_dags/subdags/subdag.py took 0.102 seconds
[2026-02-11T17:50:39.229+0800] {processor.py:161} INFO - Started process (PID=19854) to work on /Users/linghuchong/miniconda3/envs/py310/lib/python3.10/site-packages/airflow/example_dags/subdags/subdag.py
[2026-02-11T17:50:39.230+0800] {processor.py:830} INFO - Processing file /Users/linghuchong/miniconda3/envs/py310/lib/python3.10/site-packages/airflow/example_dags/subdags/subdag.py for tasks to queue
[2026-02-11T17:50:39.232+0800] {logging_mixin.py:188} INFO - [2026-02-11T17:50:39.231+0800] {dagbag.py:540} INFO - Filling up the DagBag from /Users/linghuchong/miniconda3/envs/py310/lib/python3.10/site-packages/airflow/example_dags/subdags/subdag.py
[2026-02-11T17:50:39.235+0800] {processor.py:842} WARNING - No viable dags retrieved from /Users/linghuchong/miniconda3/envs/py310/lib/python3.10/site-packages/airflow/example_dags/subdags/subdag.py
[2026-02-11T17:50:39.416+0800] {processor.py:183} INFO - Processing /Users/linghuchong/miniconda3/envs/py310/lib/python3.10/site-packages/airflow/example_dags/subdags/subdag.py took 0.188 seconds
[2026-02-11T17:53:46.082+0800] {processor.py:161} INFO - Started process (PID=19982) to work on /Users/linghuchong/miniconda3/envs/py310/lib/python3.10/site-packages/airflow/example_dags/subdags/subdag.py
[2026-02-11T17:53:46.084+0800] {processor.py:830} INFO - Processing file /Users/linghuchong/miniconda3/envs/py310/lib/python3.10/site-packages/airflow/example_dags/subdags/subdag.py for tasks to queue
[2026-02-11T17:53:46.086+0800] {logging_mixin.py:188} INFO - [2026-02-11T17:53:46.086+0800] {dagbag.py:540} INFO - Filling up the DagBag from /Users/linghuchong/miniconda3/envs/py310/lib/python3.10/site-packages/airflow/example_dags/subdags/subdag.py
[2026-02-11T17:53:46.089+0800] {processor.py:842} WARNING - No viable dags retrieved from /Users/linghuchong/miniconda3/envs/py310/lib/python3.10/site-packages/airflow/example_dags/subdags/subdag.py
[2026-02-11T17:53:46.211+0800] {processor.py:183} INFO - Processing /Users/linghuchong/miniconda3/envs/py310/lib/python3.10/site-packages/airflow/example_dags/subdags/subdag.py took 0.130 seconds
[2026-02-11T17:56:51.816+0800] {processor.py:161} INFO - Started process (PID=20080) to work on /Users/linghuchong/miniconda3/envs/py310/lib/python3.10/site-packages/airflow/example_dags/subdags/subdag.py
[2026-02-11T17:56:51.817+0800] {processor.py:830} INFO - Processing file /Users/linghuchong/miniconda3/envs/py310/lib/python3.10/site-packages/airflow/example_dags/subdags/subdag.py for tasks to queue
[2026-02-11T17:56:51.818+0800] {logging_mixin.py:188} INFO - [2026-02-11T17:56:51.818+0800] {dagbag.py:540} INFO - Filling up the DagBag from /Users/linghuchong/miniconda3/envs/py310/lib/python3.10/site-packages/airflow/example_dags/subdags/subdag.py
[2026-02-11T17:56:51.820+0800] {processor.py:842} WARNING - No viable dags retrieved from /Users/linghuchong/miniconda3/envs/py310/lib/python3.10/site-packages/airflow/example_dags/subdags/subdag.py
[2026-02-11T17:56:51.912+0800] {processor.py:183} INFO - Processing /Users/linghuchong/miniconda3/envs/py310/lib/python3.10/site-packages/airflow/example_dags/subdags/subdag.py took 0.097 seconds
[2026-02-11T18:00:01.849+0800] {processor.py:161} INFO - Started process (PID=20247) to work on /Users/linghuchong/miniconda3/envs/py310/lib/python3.10/site-packages/airflow/example_dags/subdags/subdag.py
[2026-02-11T18:00:01.850+0800] {processor.py:830} INFO - Processing file /Users/linghuchong/miniconda3/envs/py310/lib/python3.10/site-packages/airflow/example_dags/subdags/subdag.py for tasks to queue
[2026-02-11T18:00:01.852+0800] {logging_mixin.py:188} INFO - [2026-02-11T18:00:01.851+0800] {dagbag.py:540} INFO - Filling up the DagBag from /Users/linghuchong/miniconda3/envs/py310/lib/python3.10/site-packages/airflow/example_dags/subdags/subdag.py
[2026-02-11T18:00:01.854+0800] {processor.py:842} WARNING - No viable dags retrieved from /Users/linghuchong/miniconda3/envs/py310/lib/python3.10/site-packages/airflow/example_dags/subdags/subdag.py
[2026-02-11T18:00:01.958+0800] {processor.py:183} INFO - Processing /Users/linghuchong/miniconda3/envs/py310/lib/python3.10/site-packages/airflow/example_dags/subdags/subdag.py took 0.110 seconds
