[2026-02-28T22:07:14.799+0800] {local_task_job_runner.py:123} INFO - ::group::Pre task execution logs
[2026-02-28T22:07:14.925+0800] {taskinstance.py:2631} INFO - Dependencies all met for dep_context=non-requeueable deps ti=<TaskInstance: cdrd_并发.收尾工作 manual__2026-02-28T14:07:08.608449+00:00 [queued]>
[2026-02-28T22:07:14.931+0800] {taskinstance.py:2631} INFO - Dependencies all met for dep_context=requeueable deps ti=<TaskInstance: cdrd_并发.收尾工作 manual__2026-02-28T14:07:08.608449+00:00 [queued]>
[2026-02-28T22:07:14.931+0800] {taskinstance.py:2884} INFO - Starting attempt 1 of 1
[2026-02-28T22:07:14.945+0800] {taskinstance.py:2907} INFO - Executing <Task(PythonOperator): 收尾工作> on 2026-02-28 14:07:08.608449+00:00
[2026-02-28T22:07:14.949+0800] {standard_task_runner.py:72} INFO - Started process 7547 to run task
[2026-02-28T22:07:14.959+0800] {standard_task_runner.py:104} INFO - Running: ['airflow', 'tasks', 'run', 'cdrd_并发', '收尾工作', 'manual__2026-02-28T14:07:08.608449+00:00', '--job-id', '748', '--raw', '--subdir', 'DAGS_FOLDER/tag_CDRD/系统管理/角色管理/dag_并发.py', '--cfg-path', '/var/folders/f7/4z7jtb213fs0mtgbw_0vs2600000gn/T/tmpufn2w9kz']
[2026-02-28T22:07:14.965+0800] {standard_task_runner.py:105} INFO - Job 748: Subtask 收尾工作
[2026-02-28T22:07:15.026+0800] {task_command.py:467} INFO - Running <TaskInstance: cdrd_并发.收尾工作 manual__2026-02-28T14:07:08.608449+00:00 [running]> on host localhost-2.local
[2026-02-28T22:07:15.098+0800] {taskinstance.py:3157} INFO - Exporting env vars: AIRFLOW_CTX_DAG_OWNER='airflow' AIRFLOW_CTX_DAG_ID='cdrd_并发' AIRFLOW_CTX_TASK_ID='收尾工作' AIRFLOW_CTX_EXECUTION_DATE='2026-02-28T14:07:08.608449+00:00' AIRFLOW_CTX_TRY_NUMBER='1' AIRFLOW_CTX_DAG_RUN_ID='manual__2026-02-28T14:07:08.608449+00:00'
[2026-02-28T22:07:15.100+0800] {taskinstance.py:740} INFO - ::endgroup::
[2026-02-28T22:07:15.117+0800] {logging_mixin.py:190} INFO - ==================================================
[2026-02-28T22:07:15.117+0800] {logging_mixin.py:190} INFO - 【收尾工作】开始汇总测试结果...
[2026-02-28T22:07:15.118+0800] {logging_mixin.py:190} INFO - ==================================================
[2026-02-28T22:07:15.123+0800] {logging_mixin.py:190} INFO - 消费者结果: None
[2026-02-28T22:07:15.202+0800] {logging_mixin.py:190} INFO - ==================================================
[2026-02-28T22:07:15.203+0800] {logging_mixin.py:190} INFO - 【收尾工作】测试执行汇总 - 总计:0,通过:0,失败:0
[2026-02-28T22:07:15.203+0800] {logging_mixin.py:190} INFO - ==================================================
[2026-02-28T22:07:15.204+0800] {python.py:240} INFO - Done. Returned value was: {'summary': '总计:0,通过:0,失败:0', 'total_tests': 0, 'total_success': 0, 'total_fail': 0, 'execution_time': '2026-02-28 22:07:15', 'detailed_results': None}
[2026-02-28T22:07:15.218+0800] {taskinstance.py:349} INFO - ::group::Post task execution logs
[2026-02-28T22:07:15.219+0800] {taskinstance.py:361} INFO - Marking task as SUCCESS. dag_id=cdrd_并发, task_id=收尾工作, run_id=manual__2026-02-28T14:07:08.608449+00:00, execution_date=20260228T140708, start_date=20260228T140714, end_date=20260228T140715
[2026-02-28T22:07:15.277+0800] {local_task_job_runner.py:266} INFO - Task exited with return code 0
[2026-02-28T22:07:15.307+0800] {taskinstance.py:3924} INFO - 0 downstream tasks scheduled from follow-on schedule check
[2026-02-28T22:07:15.308+0800] {local_task_job_runner.py:245} INFO - ::endgroup::
