[2026-02-13T11:20:54.340+0800] {local_task_job_runner.py:123} INFO - ::group::Pre task execution logs
[2026-02-13T11:20:54.354+0800] {taskinstance.py:2631} INFO - Dependencies all met for dep_context=non-requeueable deps ti=<TaskInstance: producer_dw_order_sync.sync_order_data manual__2026-02-13T03:20:50.500982+00:00 [queued]>
[2026-02-13T11:20:54.360+0800] {taskinstance.py:2631} INFO - Dependencies all met for dep_context=requeueable deps ti=<TaskInstance: producer_dw_order_sync.sync_order_data manual__2026-02-13T03:20:50.500982+00:00 [queued]>
[2026-02-13T11:20:54.360+0800] {taskinstance.py:2884} INFO - Starting attempt 1 of 1
[2026-02-13T11:20:54.469+0800] {taskinstance.py:2907} INFO - Executing <Task(PythonOperator): sync_order_data> on 2026-02-13 03:20:50.500982+00:00
[2026-02-13T11:20:54.471+0800] {standard_task_runner.py:72} INFO - Started process 7038 to run task
[2026-02-13T11:20:54.479+0800] {standard_task_runner.py:104} INFO - Running: ['airflow', 'tasks', 'run', 'producer_dw_order_sync', 'sync_order_data', 'manual__2026-02-13T03:20:50.500982+00:00', '--job-id', '47', '--raw', '--subdir', 'DAGS_FOLDER/dataset_demo.py', '--cfg-path', '/var/folders/f7/4z7jtb213fs0mtgbw_0vs2600000gn/T/tmpls92gn4t']
[2026-02-13T11:20:54.483+0800] {standard_task_runner.py:105} INFO - Job 47: Subtask sync_order_data
[2026-02-13T11:20:54.527+0800] {task_command.py:467} INFO - Running <TaskInstance: producer_dw_order_sync.sync_order_data manual__2026-02-13T03:20:50.500982+00:00 [running]> on host localhost-2.local
[2026-02-13T11:20:54.599+0800] {taskinstance.py:3157} INFO - Exporting env vars: AIRFLOW_CTX_DAG_OWNER='airflow' AIRFLOW_CTX_DAG_ID='producer_dw_order_sync' AIRFLOW_CTX_TASK_ID='sync_order_data' AIRFLOW_CTX_EXECUTION_DATE='2026-02-13T03:20:50.500982+00:00' AIRFLOW_CTX_TRY_NUMBER='1' AIRFLOW_CTX_DAG_RUN_ID='manual__2026-02-13T03:20:50.500982+00:00'
[2026-02-13T11:20:54.601+0800] {taskinstance.py:740} INFO - ::endgroup::
[2026-02-13T11:20:54.622+0800] {logging_mixin.py:190} INFO - 开始同步订单数据...
[2026-02-13T11:20:54.623+0800] {logging_mixin.py:190} INFO - 订单数据同步完成！已更新 dw_order 表
[2026-02-13T11:20:54.629+0800] {base.py:84} INFO - Retrieving connection 'mysql_234_crm'
[2026-02-13T11:20:54.669+0800] {sql.py:457} INFO - Running statement: UPDATE a_test1 SET sex = 4 where name='titi', parameters: None
[2026-02-13T11:20:54.677+0800] {sql.py:466} INFO - Rows affected: 1
[2026-02-13T11:20:54.691+0800] {base.py:84} INFO - Retrieving connection 'mysql_234_crm'
[2026-02-13T11:20:54.752+0800] {sql.py:457} INFO - Running statement:  SELECT sex FROM a_test1 where name='titi', parameters: None
[2026-02-13T11:20:54.761+0800] {sql.py:466} INFO - Rows affected: 1
[2026-02-13T11:20:54.769+0800] {logging_mixin.py:190} INFO - ✅ MySQL 连接成功！测试查询结果: ('4',)
[2026-02-13T11:20:54.770+0800] {python.py:240} INFO - Done. Returned value was: ('4',)
[2026-02-13T11:20:54.789+0800] {taskinstance.py:349} INFO - ::group::Post task execution logs
[2026-02-13T11:20:54.790+0800] {taskinstance.py:361} INFO - Marking task as SUCCESS. dag_id=producer_dw_order_sync, task_id=sync_order_data, run_id=manual__2026-02-13T03:20:50.500982+00:00, execution_date=20260213T032050, start_date=20260213T032054, end_date=20260213T032054
[2026-02-13T11:20:54.834+0800] {local_task_job_runner.py:266} INFO - Task exited with return code 0
[2026-02-13T11:20:54.851+0800] {taskinstance.py:3924} INFO - 0 downstream tasks scheduled from follow-on schedule check
[2026-02-13T11:20:54.852+0800] {local_task_job_runner.py:245} INFO - ::endgroup::
