[2026-02-26T13:43:28.387+0800] {local_task_job_runner.py:123} INFO - ::group::Pre task execution logs
[2026-02-26T13:43:28.408+0800] {taskinstance.py:2631} INFO - Dependencies all met for dep_context=non-requeueable deps ti=<TaskInstance: integrated_cdrd_workflow.consumer1_task manual__2026-02-26T05:43:12.804910+00:00 [queued]>
[2026-02-26T13:43:28.416+0800] {taskinstance.py:2631} INFO - Dependencies all met for dep_context=requeueable deps ti=<TaskInstance: integrated_cdrd_workflow.consumer1_task manual__2026-02-26T05:43:12.804910+00:00 [queued]>
[2026-02-26T13:43:28.416+0800] {taskinstance.py:2884} INFO - Starting attempt 1 of 1
[2026-02-26T13:43:28.433+0800] {taskinstance.py:2907} INFO - Executing <Task(PythonOperator): consumer1_task> on 2026-02-26 05:43:12.804910+00:00
[2026-02-26T13:43:28.437+0800] {standard_task_runner.py:72} INFO - Started process 13412 to run task
[2026-02-26T13:43:28.445+0800] {standard_task_runner.py:104} INFO - Running: ['airflow', 'tasks', 'run', 'integrated_cdrd_workflow', 'consumer1_task', 'manual__2026-02-26T05:43:12.804910+00:00', '--job-id', '418', '--raw', '--subdir', 'DAGS_FOLDER/tag_CDRD/cdrd_1p1n2t.py', '--cfg-path', '/var/folders/f7/4z7jtb213fs0mtgbw_0vs2600000gn/T/tmpt73a31gy']
[2026-02-26T13:43:28.450+0800] {standard_task_runner.py:105} INFO - Job 418: Subtask consumer1_task
[2026-02-26T13:43:28.510+0800] {task_command.py:467} INFO - Running <TaskInstance: integrated_cdrd_workflow.consumer1_task manual__2026-02-26T05:43:12.804910+00:00 [running]> on host localhost-2.local
[2026-02-26T13:43:28.585+0800] {taskinstance.py:3157} INFO - Exporting env vars: AIRFLOW_CTX_DAG_OWNER='airflow' AIRFLOW_CTX_DAG_ID='integrated_cdrd_workflow' AIRFLOW_CTX_TASK_ID='consumer1_task' AIRFLOW_CTX_EXECUTION_DATE='2026-02-26T05:43:12.804910+00:00' AIRFLOW_CTX_TRY_NUMBER='1' AIRFLOW_CTX_DAG_RUN_ID='manual__2026-02-26T05:43:12.804910+00:00'
[2026-02-26T13:43:28.587+0800] {taskinstance.py:740} INFO - ::endgroup::
[2026-02-26T13:43:28.619+0800] {logging_mixin.py:190} INFO - ✅ 成功从消费者 p_cdrd_all.p_cdrd_TASK 获取 XCom 值: [[11, '系统管理', '用户管理', None, '{"k1": "select count(*) as qty from sys_user where job_num=\'{result[\'job_num\']}\'", "v1": 1}', '新增用户.py'], [12, '系统管理', '角色管理', None, '{"k1": "select count(*) as qty from sys_role where role_name=\'{result[\'role_name\']}\'", "v1": 1}', '编辑角色.py']]
[2026-02-26T13:43:28.950+0800] {logging_mixin.py:190} INFO - 随机生成测试数据: [['吴明', '13081433078', 'li43@example.net', '566063', '855413']]
[2026-02-26T13:43:35.869+0800] {logging_mixin.py:190} INFO - 正则替换结果: {"k1": "select count(*) as qty from sys_user where job_num='855413'", "v1": 1}
[2026-02-26T13:43:35.870+0800] {logging_mixin.py:190} INFO - 解析后的验证数据: {'k1': "select count(*) as qty from sys_user where job_num='855413'", 'v1': 1}
[2026-02-26T13:43:35.875+0800] {logging_mixin.py:190} INFO - 查询结果: 0
[2026-02-26T13:43:35.876+0800] {logging_mixin.py:190} INFO - ❌ 断言失败
[2026-02-26T13:43:35.964+0800] {python.py:240} INFO - Done. Returned value was: None
[2026-02-26T13:43:35.972+0800] {taskinstance.py:349} INFO - ::group::Post task execution logs
[2026-02-26T13:43:35.973+0800] {taskinstance.py:361} INFO - Marking task as SUCCESS. dag_id=integrated_cdrd_workflow, task_id=consumer1_task, run_id=manual__2026-02-26T05:43:12.804910+00:00, execution_date=20260226T054312, start_date=20260226T054328, end_date=20260226T054335
[2026-02-26T13:43:36.028+0800] {local_task_job_runner.py:266} INFO - Task exited with return code 0
[2026-02-26T13:43:36.056+0800] {taskinstance.py:3924} INFO - 0 downstream tasks scheduled from follow-on schedule check
[2026-02-26T13:43:36.057+0800] {local_task_job_runner.py:245} INFO - ::endgroup::
