[1749197895.038][INFO]: Starting ChromeDriver 137.0.7151.68 (2989ffee9373ea8b8623bd98b3cb350a8e95cadc-refs/branch-heads/7151@{#1873}) on port 59359
[1749197895.038][INFO]: Please see https://chromedriver.chromium.org/security-considerations for suggestions on keeping ChromeDriver safe.
[1749197895.044][INFO]: ChromeDriver was started successfully on port 59359
[1749197895.114][INFO]: [faacfaa221e7927a0b26263a18b9d011] COMMAND InitSession {
   "capabilities": {
      "alwaysMatch": {
         "browserName": "chrome",
         "goog:chromeOptions": {
            "args": [ "--headless=new", "-disable-dev-shm-usage" ],
            "extensions": [  ]
         },
         "pageLoadStrategy": "normal"
      },
      "firstMatch": [ {
      } ]
   }
}
[1749197895.114][INFO]: Browser search. Trying... /Users/linghuchong/.wdm/drivers/chromedriver/mac64/137.0.7151./chromedriver-mac-x64/Google Chrome for Testing.app/Contents/MacOS/Google Chrome for Testing
[1749197895.114][INFO]: Browser search. Trying... /Users/linghuchong/.wdm/drivers/chromedriver/mac64/137.0.7151./chromedriver-mac-x64/Google Chrome for Testing.app/Contents/MacOS/Google Chrome for Testing
[1749197895.114][INFO]: Browser search. Trying... /Users/linghuchong/.wdm/drivers/chromedriver/mac64/137.0.7151./chromedriver-mac-x64/Google Chrome.app/Contents/MacOS/Google Chrome
[1749197895.114][INFO]: Browser search. Trying... /Users/linghuchong/.wdm/drivers/chromedriver/mac64/137.0.7151./chromedriver-mac-x64/Chromium.app/Contents/MacOS/Chromium
[1749197895.116][INFO]: Browser search. Trying... /Users/linghuchong/Applications/Google Chrome for Testing.app/Contents/MacOS/Google Chrome for Testing
[1749197895.119][INFO]: Browser search. Trying... /Applications/Google Chrome for Testing.app/Contents/MacOS/Google Chrome for Testing
[1749197895.119][INFO]: Browser search. Trying... /Users/linghuchong/miniconda3/envs/py311/bin/Google Chrome for Testing.app/Contents/MacOS/Google Chrome for Testing
[1749197895.119][INFO]: Browser search. Trying... /usr/local/opt/openjdk@11/bin/Google Chrome for Testing.app/Contents/MacOS/Google Chrome for Testing
[1749197895.119][INFO]: Browser search. Trying... /Library/Frameworks/Python.framework/Versions/3.9/bin/Google Chrome for Testing.app/Contents/MacOS/Google Chrome for Testing
[1749197895.120][INFO]: Browser search. Trying... /Users/linghuchong/miniconda3/condabin/Google Chrome for Testing.app/Contents/MacOS/Google Chrome for Testing
[1749197895.120][INFO]: Browser search. Trying... /Users/linghuchong/.pyenv/shims/Google Chrome for Testing.app/Contents/MacOS/Google Chrome for Testing
[1749197895.120][INFO]: Browser search. Trying... /usr/sbin/Google Chrome for Testing.app/Contents/MacOS/Google Chrome for Testing
[1749197895.120][INFO]: Browser search. Trying... /sbin/Google Chrome for Testing.app/Contents/MacOS/Google Chrome for Testing
[1749197895.120][INFO]: Browser search. Trying... /usr/local/bin/Google Chrome for Testing.app/Contents/MacOS/Google Chrome for Testing
[1749197895.120][INFO]: Browser search. Trying... /usr/bin/Google Chrome for Testing.app/Contents/MacOS/Google Chrome for Testing
[1749197895.120][INFO]: Browser search. Trying... /bin/Google Chrome for Testing.app/Contents/MacOS/Google Chrome for Testing
[1749197895.120][INFO]: Browser search. Trying... /usr/sbin/Google Chrome for Testing.app/Contents/MacOS/Google Chrome for Testing
[1749197895.120][INFO]: Browser search. Trying... /usr/local/mysql/bin/Google Chrome for Testing.app/Contents/MacOS/Google Chrome for Testing
[1749197895.120][INFO]: Browser search. Trying... /opt/local/bin/Google Chrome for Testing.app/Contents/MacOS/Google Chrome for Testing
[1749197895.120][INFO]: Browser search. Trying... /opt/local/sbin/Google Chrome for Testing.app/Contents/MacOS/Google Chrome for Testing
[1749197895.120][INFO]: Browser search. Trying... /Library/Java/JavaVirtualMachines/jdk1.8.0_202.jdk/Contents/Home/bin/Google Chrome for Testing.app/Contents/MacOS/Google Chrome for Testing
[1749197895.120][INFO]: Browser search. Trying... /Library/Java/JavaVirtualMachines/jdk1.8.0_202.jdk/Contents/Home/jre/bin/Google Chrome for Testing.app/Contents/MacOS/Google Chrome for Testing
[1749197895.120][INFO]: Browser search. Trying... /usr/local/mysql/bin/Google Chrome for Testing.app/Contents/MacOS/Google Chrome for Testing
[1749197895.120][INFO]: Browser search. Trying... /Users/linghuchong/miniconda3/condabin/Google Chrome for Testing.app/Contents/MacOS/Google Chrome for Testing
[1749197895.120][INFO]: Browser search. Trying... /Users/linghuchong/Downloads/51/jmeter/apache-jmeter-5.6.3/bin/Google Chrome for Testing.app/Contents/MacOS/Google Chrome for Testing
[1749197895.120][INFO]: Browser search. Trying... /Users/linghuchong/Downloads/51/Python/allure/allure-2.32.2/bin/Google Chrome for Testing.app/Contents/MacOS/Google Chrome for Testing
[1749197895.120][INFO]: Browser search. Trying... /Users/linghuchong/Applications/Google Chrome for Testing.app/Contents/MacOS/Google Chrome for Testing
[1749197895.120][INFO]: Browser search. Trying... /Applications/Google Chrome for Testing.app/Contents/MacOS/Google Chrome for Testing
[1749197895.120][INFO]: Browser search. Trying... /Users/linghuchong/miniconda3/envs/py311/bin/Google Chrome for Testing.app/Contents/MacOS/Google Chrome for Testing
[1749197895.120][INFO]: Browser search. Trying... /usr/local/opt/openjdk@11/bin/Google Chrome for Testing.app/Contents/MacOS/Google Chrome for Testing
[1749197895.120][INFO]: Browser search. Trying... /Library/Frameworks/Python.framework/Versions/3.9/bin/Google Chrome for Testing.app/Contents/MacOS/Google Chrome for Testing
[1749197895.120][INFO]: Browser search. Trying... /Users/linghuchong/miniconda3/condabin/Google Chrome for Testing.app/Contents/MacOS/Google Chrome for Testing
[1749197895.120][INFO]: Browser search. Trying... /Users/linghuchong/.pyenv/shims/Google Chrome for Testing.app/Contents/MacOS/Google Chrome for Testing
[1749197895.120][INFO]: Browser search. Trying... /usr/sbin/Google Chrome for Testing.app/Contents/MacOS/Google Chrome for Testing
[1749197895.120][INFO]: Browser search. Trying... /sbin/Google Chrome for Testing.app/Contents/MacOS/Google Chrome for Testing
[1749197895.120][INFO]: Browser search. Trying... /usr/local/bin/Google Chrome for Testing.app/Contents/MacOS/Google Chrome for Testing
[1749197895.120][INFO]: Browser search. Trying... /usr/bin/Google Chrome for Testing.app/Contents/MacOS/Google Chrome for Testing
[1749197895.120][INFO]: Browser search. Trying... /bin/Google Chrome for Testing.app/Contents/MacOS/Google Chrome for Testing
[1749197895.120][INFO]: Browser search. Trying... /usr/sbin/Google Chrome for Testing.app/Contents/MacOS/Google Chrome for Testing
[1749197895.120][INFO]: Browser search. Trying... /usr/local/mysql/bin/Google Chrome for Testing.app/Contents/MacOS/Google Chrome for Testing
[1749197895.120][INFO]: Browser search. Trying... /opt/local/bin/Google Chrome for Testing.app/Contents/MacOS/Google Chrome for Testing
[1749197895.120][INFO]: Browser search. Trying... /opt/local/sbin/Google Chrome for Testing.app/Contents/MacOS/Google Chrome for Testing
[1749197895.120][INFO]: Browser search. Trying... /Library/Java/JavaVirtualMachines/jdk1.8.0_202.jdk/Contents/Home/bin/Google Chrome for Testing.app/Contents/MacOS/Google Chrome for Testing
[1749197895.120][INFO]: Browser search. Trying... /Library/Java/JavaVirtualMachines/jdk1.8.0_202.jdk/Contents/Home/jre/bin/Google Chrome for Testing.app/Contents/MacOS/Google Chrome for Testing
[1749197895.120][INFO]: Browser search. Trying... /usr/local/mysql/bin/Google Chrome for Testing.app/Contents/MacOS/Google Chrome for Testing
[1749197895.120][INFO]: Browser search. Trying... /Users/linghuchong/miniconda3/condabin/Google Chrome for Testing.app/Contents/MacOS/Google Chrome for Testing
[1749197895.120][INFO]: Browser search. Trying... /Users/linghuchong/Downloads/51/jmeter/apache-jmeter-5.6.3/bin/Google Chrome for Testing.app/Contents/MacOS/Google Chrome for Testing
[1749197895.120][INFO]: Browser search. Trying... /Users/linghuchong/Downloads/51/Python/allure/allure-2.32.2/bin/Google Chrome for Testing.app/Contents/MacOS/Google Chrome for Testing
[1749197895.120][INFO]: Browser search. Trying... /Users/linghuchong/Applications/Google Chrome.app/Contents/MacOS/Google Chrome
[1749197895.120][INFO]: Browser search. Trying... /Applications/Google Chrome.app/Contents/MacOS/Google Chrome
[1749197895.120][INFO]: Browser search. Found at  /Applications/Google Chrome.app/Contents/MacOS/Google Chrome
[1749197895.122][INFO]: Populating Preferences file: {
   "alternate_error_pages": {
      "enabled": false
   },
   "autofill": {
      "enabled": false
   },
   "browser": {
      "check_default_browser": false
   },
   "distribution": {
      "import_bookmarks": false,
      "import_history": false,
      "import_search_engine": false,
      "make_chrome_default_for_user": false,
      "skip_first_run_ui": true
   },
   "dns_prefetching": {
      "enabled": false
   },
   "profile": {
      "content_settings": {
         "pattern_pairs": {
            "https://*,*": {
               "media-stream": {
                  "audio": "Default",
                  "video": "Default"
               }
            }
         }
      },
      "default_content_setting_values": {
         "geolocation": 1
      },
      "default_content_settings": {
         "geolocation": 1,
         "mouselock": 1,
         "notifications": 1,
         "popups": 1,
         "ppapi-broker": 1
      },
      "password_manager_enabled": false
   },
   "safebrowsing": {
      "enabled": false
   },
   "search": {
      "suggest_enabled": false
   },
   "translate": {
      "enabled": false
   }
}
[1749197895.123][INFO]: Populating Local State file: {
   "background_mode": {
      "enabled": false
   },
   "ssl": {
      "rev_checking": {
         "enabled": false
      }
   }
}
[1749197895.124][INFO]: ChromeDriver supports communication with Chrome via pipes. This is more reliable and more secure.
[1749197895.124][INFO]: Use the --remote-debugging-pipe Chrome switch instead of the default --remote-debugging-port to enable this communication mode.
[1749197895.124][INFO]: Launching chrome: /Applications/Google Chrome.app/Contents/MacOS/Google Chrome -disable-dev-shm-usage --allow-pre-commit-input --disable-background-networking --disable-client-side-phishing-detection --disable-default-apps --disable-hang-monitor --disable-popup-blocking --disable-prompt-on-repost --disable-sync --enable-automation --enable-logging --headless=new --log-level=0 --no-first-run --no-service-autorun --password-store=basic --remote-debugging-port=0 --test-type=webdriver --use-mock-keychain --user-data-dir=/var/folders/f7/4z7jtb213fs0mtgbw_0vs2600000gn/T/.org.chromium.Chromium.jLwau4 data:,
[17438:399971:0606/161815.388486:ERROR:net/cert/internal/trust_store_mac.cc:817] Error parsing certificate:
ERROR: Failed parsing extensions


DevTools listening on ws://127.0.0.1:59366/devtools/browser/3aec2c0c-d254-425c-a247-d06cc0428dd0
[1749197895.506][DEBUG]: DevTools HTTP Request: http://localhost:59366/json/version
[17442:399991:0606/161815.758495:ERROR:ui/gl/gl_display.cc:508] EGL Driver message (Error) eglQueryDeviceAttribEXT: Bad attribute.
[1749197895.764][DEBUG]: DevTools HTTP Response: {
   "Browser": "Chrome/137.0.7151.69",
   "Protocol-Version": "1.3",
   "User-Agent": "Mozilla/5.0 (Macintosh; Intel Mac OS X 10_15_7) AppleWebKit/537.36 (KHTML, like Gecko) HeadlessChrome/137.0.0.0 Safari/537.36",
   "V8-Version": "13.7.152.13",
   "WebKit-Version": "537.36 (@0b41cf178df5ebd22252d11719fe2d784d31c266)",
   "webSocketDebuggerUrl": "ws://localhost:59366/devtools/browser/3aec2c0c-d254-425c-a247-d06cc0428dd0"
}

[17442:399991:0606/161815.764765:ERROR:ui/gl/gl_display.cc:508] EGL Driver message (Error) eglQueryDeviceAttribEXT: Bad attribute.
[1749197895.772][DEBUG]: DevTools HTTP Request: http://localhost:59366/json/list
[17442:399991:0606/161815.772443:ERROR:ui/gl/gl_display.cc:508] EGL Driver message (Error) eglQueryDeviceAttribEXT: Bad attribute.
[1749197895.783][DEBUG]: DevTools HTTP Response: [ {
   "description": "",
   "devtoolsFrontendUrl": "https://chrome-devtools-frontend.appspot.com/serve_rev/@0b41cf178df5ebd22252d11719fe2d784d31c266/inspector.html?ws=localhost:59366/devtools/page/57C69E8121CF78478F26D0DB78817D51",
   "id": "57C69E8121CF78478F26D0DB78817D51",
   "title": "",
   "type": "page",
   "url": "data:,",
   "webSocketDebuggerUrl": "ws://localhost:59366/devtools/page/57C69E8121CF78478F26D0DB78817D51"
} ]

[1749197895.794][INFO]: resolved localhost to ["127.0.0.1"]
[1749197895.797][DEBUG]: DevTools WebSocket Command: Target.getTargets (id=1) (session_id=) browser {
   "filter": [ {
      "exclude": true,
      "type": "browser"
   }, {
      "exclude": true,
      "type": "page"
   }, {
      "exclude": false
   } ]
}
[1749197895.798][DEBUG]: DevTools WebSocket Response: Target.getTargets (id=1) (session_id=) browser {
   "targetInfos": [ {
      "attached": false,
      "browserContextId": "221062F6136CE8BBB22419D3A75E132A",
      "canAccessOpener": false,
      "targetId": "44E4C8974D124037C4227D243F1C585B",
      "title": "",
      "type": "tab",
      "url": "data:,"
   } ]
}
[1749197895.804][DEBUG]: DevTools WebSocket Command: Target.attachToTarget (id=2) (session_id=) browser {
   "flatten": true,
   "targetId": "44E4C8974D124037C4227D243F1C585B"
}
[1749197895.817][DEBUG]: DevTools WebSocket Event: Target.attachedToTarget (session_id=) browser {
   "sessionId": "973B1FC20616EC303B289353752D8CA8",
   "targetInfo": {
      "attached": true,
      "browserContextId": "221062F6136CE8BBB22419D3A75E132A",
      "canAccessOpener": false,
      "targetId": "44E4C8974D124037C4227D243F1C585B",
      "title": "",
      "type": "tab",
      "url": "data:,"
   },
   "waitingForDebugger": false
}
[1749197895.824][DEBUG]: DevTools WebSocket Response: Target.attachToTarget (id=2) (session_id=) browser {
   "sessionId": "973B1FC20616EC303B289353752D8CA8"
}
[1749197895.843][DEBUG]: DevTools WebSocket Command: Target.setAutoAttach (id=3) (session_id=973B1FC20616EC303B289353752D8CA8) 44E4C8974D124037C4227D243F1C585B {
   "autoAttach": true,
   "flatten": true,
   "waitForDebuggerOnStart": false
}
[1749197895.862][DEBUG]: DevTools WebSocket Event: Target.attachedToTarget (session_id=973B1FC20616EC303B289353752D8CA8) 44E4C8974D124037C4227D243F1C585B {
   "sessionId": "33CF0B83A6BCB3B2FBE50A3711DA1586",
   "targetInfo": {
      "attached": true,
      "browserContextId": "221062F6136CE8BBB22419D3A75E132A",
      "canAccessOpener": false,
      "targetId": "57C69E8121CF78478F26D0DB78817D51",
      "title": "data:,",
      "type": "page",
      "url": "data:,"
   },
   "waitingForDebugger": false
}
[1749197895.866][DEBUG]: DevTools WebSocket Command: Page.enable (id=4) (session_id=33CF0B83A6BCB3B2FBE50A3711DA1586) 57C69E8121CF78478F26D0DB78817D51 {
}
[1749197895.883][DEBUG]: DevTools WebSocket Command: Page.addScriptToEvaluateOnNewDocument (id=5) (session_id=33CF0B83A6BCB3B2FBE50A3711DA1586) 57C69E8121CF78478F26D0DB78817D51 {
   "source": "(function () {window.cdc_adoQpoasnfa76pfcZLmcfl_Array = window.Array;window.cdc_adoQpoasnfa76pfcZLmcfl_Object = window.Object;window.cdc_adoQpoasnfa76pfcZLmcfl_Promise = window.Promise;window.cdc_a..."
}
[1749197895.884][DEBUG]: DevTools WebSocket Command: Runtime.evaluate (id=6) (session_id=33CF0B83A6BCB3B2FBE50A3711DA1586) 57C69E8121CF78478F26D0DB78817D51 {
   "expression": "(function () {window.cdc_adoQpoasnfa76pfcZLmcfl_Array = window.Array;window.cdc_adoQpoasnfa76pfcZLmcfl_Object = window.Object;window.cdc_adoQpoasnfa76pfcZLmcfl_Promise = window.Promise;window.cdc_a..."
}
[1749197895.884][DEBUG]: DevTools WebSocket Command: Log.enable (id=7) (session_id=33CF0B83A6BCB3B2FBE50A3711DA1586) 57C69E8121CF78478F26D0DB78817D51 {
}
[1749197895.885][DEBUG]: DevTools WebSocket Command: Target.setAutoAttach (id=8) (session_id=33CF0B83A6BCB3B2FBE50A3711DA1586) 57C69E8121CF78478F26D0DB78817D51 {
   "autoAttach": true,
   "flatten": true,
   "waitForDebuggerOnStart": false
}
[1749197895.885][DEBUG]: DevTools WebSocket Response: Target.setAutoAttach (id=3) (session_id=973B1FC20616EC303B289353752D8CA8) 44E4C8974D124037C4227D243F1C585B {
}
[1749197895.885][DEBUG]: DevTools WebSocket Response: Page.enable (id=4) (session_id=33CF0B83A6BCB3B2FBE50A3711DA1586) 57C69E8121CF78478F26D0DB78817D51 {
}
[1749197895.885][DEBUG]: DevTools WebSocket Response: Page.addScriptToEvaluateOnNewDocument (id=5) (session_id=33CF0B83A6BCB3B2FBE50A3711DA1586) 57C69E8121CF78478F26D0DB78817D51 {
   "identifier": "1"
}
[1749197895.885][DEBUG]: DevTools WebSocket Response: Runtime.evaluate (id=6) (session_id=33CF0B83A6BCB3B2FBE50A3711DA1586) 57C69E8121CF78478F26D0DB78817D51 {
   "result": {
      "type": "undefined"
   }
}
[1749197895.885][DEBUG]: DevTools WebSocket Response: Log.enable (id=7) (session_id=33CF0B83A6BCB3B2FBE50A3711DA1586) 57C69E8121CF78478F26D0DB78817D51 {
}
[1749197895.885][DEBUG]: DevTools WebSocket Response: Target.setAutoAttach (id=8) (session_id=33CF0B83A6BCB3B2FBE50A3711DA1586) 57C69E8121CF78478F26D0DB78817D51 {
}
[1749197895.885][DEBUG]: DevTools WebSocket Command: Runtime.enable (id=9) (session_id=33CF0B83A6BCB3B2FBE50A3711DA1586) 57C69E8121CF78478F26D0DB78817D51 {
}
[1749197895.886][DEBUG]: DevTools WebSocket Event: Runtime.executionContextCreated (session_id=33CF0B83A6BCB3B2FBE50A3711DA1586) 57C69E8121CF78478F26D0DB78817D51 {
   "context": {
      "auxData": {
         "frameId": "57C69E8121CF78478F26D0DB78817D51",
         "isDefault": true,
         "type": "default"
      },
      "id": 1,
      "name": "",
      "origin": "://",
      "uniqueId": "-4454875471597004466.7196582119154123372"
   }
}
[1749197895.886][DEBUG]: DevTools WebSocket Response: Runtime.enable (id=9) (session_id=33CF0B83A6BCB3B2FBE50A3711DA1586) 57C69E8121CF78478F26D0DB78817D51 {
}
[1749197895.886][DEBUG]: DevTools WebSocket Command: Runtime.enable (id=10) (session_id=33CF0B83A6BCB3B2FBE50A3711DA1586) 57C69E8121CF78478F26D0DB78817D51 {
}
[1749197895.886][DEBUG]: DevTools WebSocket Response: Runtime.enable (id=10) (session_id=33CF0B83A6BCB3B2FBE50A3711DA1586) 57C69E8121CF78478F26D0DB78817D51 {
}
[1749197895.886][INFO]: [faacfaa221e7927a0b26263a18b9d011] RESPONSE InitSession {
   "capabilities": {
      "acceptInsecureCerts": false,
      "browserName": "chrome",
      "browserVersion": "137.0.7151.69",
      "chrome": {
         "chromedriverVersion": "137.0.7151.68 (2989ffee9373ea8b8623bd98b3cb350a8e95cadc-refs/branch-heads/7151@{#1873})",
         "userDataDir": "/var/folders/f7/4z7jtb213fs0mtgbw_0vs2600000gn/T/.org.chromium.Chromium.jLwau4"
      },
      "fedcm:accounts": true,
      "goog:chromeOptions": {
         "debuggerAddress": "localhost:59366"
      },
      "networkConnectionEnabled": false,
      "pageLoadStrategy": "normal",
      "platformName": "mac",
      "proxy": {
      },
      "setWindowRect": true,
      "strictFileInteractability": false,
      "timeouts": {
         "implicit": 0,
         "pageLoad": 300000,
         "script": 30000
      },
      "unhandledPromptBehavior": "dismiss and notify",
      "webauthn:extension:credBlob": true,
      "webauthn:extension:largeBlob": true,
      "webauthn:extension:minPinLength": true,
      "webauthn:extension:prf": true,
      "webauthn:virtualAuthenticators": true
   },
   "sessionId": "faacfaa221e7927a0b26263a18b9d011"
}
[1749197895.888][INFO]: [faacfaa221e7927a0b26263a18b9d011] COMMAND Navigate {
   "url": "https://stockpage.10jqka.com.cn/realHead_v2.html#hs_603680"
}
[1749197895.888][INFO]: Waiting for pending navigations...
[1749197895.888][DEBUG]: DevTools WebSocket Command: Runtime.evaluate (id=11) (session_id=33CF0B83A6BCB3B2FBE50A3711DA1586) 57C69E8121CF78478F26D0DB78817D51 {
   "expression": "1"
}
[1749197895.888][DEBUG]: DevTools WebSocket Response: Runtime.evaluate (id=11) (session_id=33CF0B83A6BCB3B2FBE50A3711DA1586) 57C69E8121CF78478F26D0DB78817D51 {
   "result": {
      "description": "1",
      "type": "number",
      "value": 1
   }
}
[1749197895.888][DEBUG]: DevTools WebSocket Command: Runtime.evaluate (id=12) (session_id=33CF0B83A6BCB3B2FBE50A3711DA1586) 57C69E8121CF78478F26D0DB78817D51 {
   "expression": "document",
   "objectGroup": "06f9adc7-b9f3-4abe-9a25-e1258646c027"
}
[1749197895.889][DEBUG]: DevTools WebSocket Response: Runtime.evaluate (id=12) (session_id=33CF0B83A6BCB3B2FBE50A3711DA1586) 57C69E8121CF78478F26D0DB78817D51 {
   "result": {
      "className": "HTMLDocument",
      "description": "#document",
      "objectId": "-2346506212273528730.1.1",
      "subtype": "node",
      "type": "object"
   }
}
[1749197895.895][DEBUG]: DevTools WebSocket Command: DOM.describeNode (id=13) (session_id=33CF0B83A6BCB3B2FBE50A3711DA1586) 57C69E8121CF78478F26D0DB78817D51 {
   "objectId": "-2346506212273528730.1.1"
}
[1749197895.900][DEBUG]: DevTools WebSocket Response: DOM.describeNode (id=13) (session_id=33CF0B83A6BCB3B2FBE50A3711DA1586) 57C69E8121CF78478F26D0DB78817D51 {
   "node": {
      "backendNodeId": 1,
      "baseURL": "data:,",
      "childNodeCount": 1,
      "compatibilityMode": "NoQuirksMode",
      "documentURL": "data:,",
      "localName": "",
      "nodeId": 0,
      "nodeName": "#document",
      "nodeType": 9,
      "nodeValue": "",
      "xmlVersion": ""
   }
}
[1749197895.900][DEBUG]: DevTools WebSocket Command: Runtime.releaseObjectGroup (id=14) (session_id=33CF0B83A6BCB3B2FBE50A3711DA1586) 57C69E8121CF78478F26D0DB78817D51 {
   "objectGroup": "06f9adc7-b9f3-4abe-9a25-e1258646c027"
}
[1749197895.901][DEBUG]: DevTools WebSocket Command: Runtime.evaluate (id=15) (session_id=33CF0B83A6BCB3B2FBE50A3711DA1586) 57C69E8121CF78478F26D0DB78817D51 {
   "awaitPromise": false,
   "expression": "document.readyState",
   "returnByValue": true,
   "uniqueContextId": "-4454875471597004466.7196582119154123372"
}
[1749197895.901][DEBUG]: DevTools WebSocket Response: Runtime.releaseObjectGroup (id=14) (session_id=33CF0B83A6BCB3B2FBE50A3711DA1586) 57C69E8121CF78478F26D0DB78817D51 {
}
[1749197895.901][DEBUG]: DevTools WebSocket Response: Runtime.evaluate (id=15) (session_id=33CF0B83A6BCB3B2FBE50A3711DA1586) 57C69E8121CF78478F26D0DB78817D51 {
   "result": {
      "type": "string",
      "value": "complete"
   }
}
[1749197895.901][INFO]: Done waiting for pending navigations. Status: ok
[1749197895.902][DEBUG]: DevTools WebSocket Command: Page.navigate (id=16) (session_id=33CF0B83A6BCB3B2FBE50A3711DA1586) 57C69E8121CF78478F26D0DB78817D51 {
   "url": "https://stockpage.10jqka.com.cn/realHead_v2.html#hs_603680"
}
[1749197895.907][DEBUG]: DevTools WebSocket Event: Page.frameStartedNavigating (session_id=33CF0B83A6BCB3B2FBE50A3711DA1586) 57C69E8121CF78478F26D0DB78817D51 {
   "frameId": "57C69E8121CF78478F26D0DB78817D51",
   "loaderId": "1C0540996FDE49EE8FCA2B9CC0A2DBE8",
   "navigationType": "differentDocument",
   "url": "https://stockpage.10jqka.com.cn/realHead_v2.html#hs_603680"
}
[1749197895.907][DEBUG]: DevTools WebSocket Event: Page.frameStartedLoading (session_id=33CF0B83A6BCB3B2FBE50A3711DA1586) 57C69E8121CF78478F26D0DB78817D51 {
   "frameId": "57C69E8121CF78478F26D0DB78817D51"
}
[1749197896.007][DEBUG]: DevTools WebSocket Response: Page.navigate (id=16) (session_id=33CF0B83A6BCB3B2FBE50A3711DA1586) 57C69E8121CF78478F26D0DB78817D51 {
   "frameId": "57C69E8121CF78478F26D0DB78817D51",
   "loaderId": "1C0540996FDE49EE8FCA2B9CC0A2DBE8"
}
[1749197896.007][DEBUG]: DevTools WebSocket Event: Runtime.executionContextsCleared (session_id=33CF0B83A6BCB3B2FBE50A3711DA1586) 57C69E8121CF78478F26D0DB78817D51 {
}
[1749197896.007][DEBUG]: DevTools WebSocket Event: Runtime.executionContextsCleared (session_id=33CF0B83A6BCB3B2FBE50A3711DA1586) 57C69E8121CF78478F26D0DB78817D51 {
}
[1749197896.007][DEBUG]: DevTools WebSocket Event: Page.frameNavigated (session_id=33CF0B83A6BCB3B2FBE50A3711DA1586) 57C69E8121CF78478F26D0DB78817D51 {
   "frame": {
      "adFrameStatus": {
         "adFrameType": "none"
      },
      "crossOriginIsolatedContextType": "NotIsolated",
      "domainAndRegistry": "10jqka.com.cn",
      "gatedAPIFeatures": [  ],
      "id": "57C69E8121CF78478F26D0DB78817D51",
      "loaderId": "1C0540996FDE49EE8FCA2B9CC0A2DBE8",
      "mimeType": "text/html",
      "secureContextType": "Secure",
      "securityOrigin": "https://stockpage.10jqka.com.cn",
      "securityOriginDetails": {
         "isLocalhost": false
      },
      "url": "https://stockpage.10jqka.com.cn/realHead_v2.html",
      "urlFragment": "#hs_603680"
   },
   "type": "Navigation"
}
[1749197896.007][INFO]: Waiting for pending navigations...
[1749197896.007][INFO]: Done waiting for pending navigations. Status: ok
[1749197896.007][INFO]: [faacfaa221e7927a0b26263a18b9d011] RESPONSE Navigate
