[2026-02-15T16:52:10.645+0800] {local_task_job_runner.py:123} INFO - ::group::Pre task execution logs
[2026-02-15T16:52:10.657+0800] {taskinstance.py:2631} INFO - Dependencies all met for dep_context=non-requeueable deps ti=<TaskInstance: consumer_order_mysql.clean_order_data dataset_triggered__2026-02-15T08:52:04.840837+00:00 [queued]>
[2026-02-15T16:52:10.663+0800] {taskinstance.py:2631} INFO - Dependencies all met for dep_context=requeueable deps ti=<TaskInstance: consumer_order_mysql.clean_order_data dataset_triggered__2026-02-15T08:52:04.840837+00:00 [queued]>
[2026-02-15T16:52:10.663+0800] {taskinstance.py:2884} INFO - Starting attempt 1 of 1
[2026-02-15T16:52:10.779+0800] {taskinstance.py:2907} INFO - Executing <Task(PythonOperator): clean_order_data> on 2026-02-15 08:52:04.840837+00:00
[2026-02-15T16:52:10.782+0800] {standard_task_runner.py:72} INFO - Started process 3752 to run task
[2026-02-15T16:52:10.788+0800] {standard_task_runner.py:104} INFO - Running: ['airflow', 'tasks', 'run', 'consumer_order_mysql', 'clean_order_data', 'dataset_triggered__2026-02-15T08:52:04.840837+00:00', '--job-id', '135', '--raw', '--subdir', 'DAGS_FOLDER/producer_consumer /dataset_db2.py', '--cfg-path', '/var/folders/f7/4z7jtb213fs0mtgbw_0vs2600000gn/T/tmpbagnuhxz']
[2026-02-15T16:52:10.792+0800] {standard_task_runner.py:105} INFO - Job 135: Subtask clean_order_data
[2026-02-15T16:52:10.837+0800] {task_command.py:467} INFO - Running <TaskInstance: consumer_order_mysql.clean_order_data dataset_triggered__2026-02-15T08:52:04.840837+00:00 [running]> on host localhost-2.local
[2026-02-15T16:52:10.911+0800] {taskinstance.py:3157} INFO - Exporting env vars: AIRFLOW_CTX_DAG_OWNER='airflow' AIRFLOW_CTX_DAG_ID='consumer_order_mysql' AIRFLOW_CTX_TASK_ID='clean_order_data' AIRFLOW_CTX_EXECUTION_DATE='2026-02-15T08:52:04.840837+00:00' AIRFLOW_CTX_TRY_NUMBER='1' AIRFLOW_CTX_DAG_RUN_ID='dataset_triggered__2026-02-15T08:52:04.840837+00:00'
[2026-02-15T16:52:10.917+0800] {taskinstance.py:740} INFO - ::endgroup::
[2026-02-15T16:52:10.932+0800] {logging_mixin.py:190} INFO - 【消费者】开始读取生产者数据...
[2026-02-15T16:52:10.938+0800] {base.py:84} INFO - Retrieving connection 'mysql_234_crm'
[2026-02-15T16:52:11.011+0800] {sql.py:457} INFO - Running statement: 
    SELECT run_id, result, create_time 
    FROM airflow_producer_data 
    WHERE dag_id = %s AND task_id = %s 
    ORDER BY create_time DESC 
    LIMIT 1
    , parameters: ('producer_order_mysql', 'sync_order_data')
[2026-02-15T16:52:11.026+0800] {sql.py:466} INFO - Rows affected: 1
[2026-02-15T16:52:11.036+0800] {logging_mixin.py:190} INFO - 【消费者】读取到生产者数据：
[2026-02-15T16:52:11.036+0800] {logging_mixin.py:190} INFO -   - Run ID: manual__2026-02-15T08:51:59.598541+00:00
[2026-02-15T16:52:11.037+0800] {logging_mixin.py:190} INFO -   - 写入时间: 2026-02-15 16:52:04
[2026-02-15T16:52:11.037+0800] {logging_mixin.py:190} INFO -   - 业务数据: {'order_id': 'OD20260215001', 'user_id': 'U10086', 'order_amount': 299.99, 'order_status': 'paid', 'pay_time': '2026-02-15 16:52:04'}
[2026-02-15T16:52:11.038+0800] {logging_mixin.py:190} INFO - 【消费者】数据清洗完成：{'order_id': 'OD20260215001', 'user_id': 'U10086', 'order_amount': 299.99, 'order_status': 'paid', 'pay_time': '2026-02-15 16:52:04', 'is_valid': True, 'clean_time': '2026-02-15 16:52:11'}
[2026-02-15T16:52:11.039+0800] {logging_mixin.py:190} INFO - 【生产者】调用封装函数插入数据...
[2026-02-15T16:52:11.043+0800] {base.py:84} INFO - Retrieving connection 'mysql_234_crm'
[2026-02-15T16:52:11.093+0800] {sql.py:457} INFO - Running statement: 
        UPDATE airflow_producer_data SET status = '2' WHERE run_id = %s
        , parameters: manual__2026-02-15T08:51:59.598541+00:00
[2026-02-15T16:52:11.110+0800] {sql.py:466} INFO - Rows affected: 1
[2026-02-15T16:52:11.119+0800] {logging_mixin.py:190} INFO - 消费者更新status状态，已写入MySQL：status=2
[2026-02-15T16:52:11.120+0800] {logging_mixin.py:190} INFO - ✅ 数据成功写入airflow_producer_data表！
[2026-02-15T16:52:11.121+0800] {python.py:240} INFO - Done. Returned value was: {'order_id': 'OD20260215001', 'user_id': 'U10086', 'order_amount': 299.99, 'order_status': 'paid', 'pay_time': '2026-02-15 16:52:04', 'is_valid': True, 'clean_time': '2026-02-15 16:52:11'}
[2026-02-15T16:52:11.144+0800] {taskinstance.py:349} INFO - ::group::Post task execution logs
[2026-02-15T16:52:11.146+0800] {taskinstance.py:361} INFO - Marking task as SUCCESS. dag_id=consumer_order_mysql, task_id=clean_order_data, run_id=dataset_triggered__2026-02-15T08:52:04.840837+00:00, execution_date=20260215T085204, start_date=20260215T085210, end_date=20260215T085211
[2026-02-15T16:52:11.194+0800] {local_task_job_runner.py:266} INFO - Task exited with return code 0
[2026-02-15T16:52:11.212+0800] {taskinstance.py:3924} INFO - 0 downstream tasks scheduled from follow-on schedule check
[2026-02-15T16:52:11.213+0800] {local_task_job_runner.py:245} INFO - ::endgroup::
