[2026-02-28T16:36:29.967+0800] {local_task_job_runner.py:123} INFO - ::group::Pre task execution logs
[2026-02-28T16:36:29.986+0800] {taskinstance.py:2631} INFO - Dependencies all met for dep_context=non-requeueable deps ti=<TaskInstance: cdrd_新增角色_编辑角色.新增角色 manual__2026-02-28T08:36:10.709825+00:00 [queued]>
[2026-02-28T16:36:29.996+0800] {taskinstance.py:2631} INFO - Dependencies all met for dep_context=requeueable deps ti=<TaskInstance: cdrd_新增角色_编辑角色.新增角色 manual__2026-02-28T08:36:10.709825+00:00 [queued]>
[2026-02-28T16:36:29.997+0800] {taskinstance.py:2884} INFO - Starting attempt 1 of 1
[2026-02-28T16:36:30.011+0800] {taskinstance.py:2907} INFO - Executing <Task(PythonOperator): 新增角色> on 2026-02-28 08:36:10.709825+00:00
[2026-02-28T16:36:30.015+0800] {standard_task_runner.py:72} INFO - Started process 21066 to run task
[2026-02-28T16:36:30.023+0800] {standard_task_runner.py:104} INFO - Running: ['airflow', 'tasks', 'run', 'cdrd_新增角色_编辑角色', '新增角色', 'manual__2026-02-28T08:36:10.709825+00:00', '--job-id', '683', '--raw', '--subdir', 'DAGS_FOLDER/tag_CDRD/系统管理/角色管理/dag_新增角色_编辑角色.py', '--cfg-path', '/var/folders/f7/4z7jtb213fs0mtgbw_0vs2600000gn/T/tmprlamngqn']
[2026-02-28T16:36:30.029+0800] {standard_task_runner.py:105} INFO - Job 683: Subtask 新增角色
[2026-02-28T16:36:30.082+0800] {task_command.py:467} INFO - Running <TaskInstance: cdrd_新增角色_编辑角色.新增角色 manual__2026-02-28T08:36:10.709825+00:00 [running]> on host localhost-2.local
[2026-02-28T16:36:30.167+0800] {taskinstance.py:3157} INFO - Exporting env vars: AIRFLOW_CTX_DAG_OWNER='airflow' AIRFLOW_CTX_DAG_ID='cdrd_新增角色_编辑角色' AIRFLOW_CTX_TASK_ID='新增角色' AIRFLOW_CTX_EXECUTION_DATE='2026-02-28T08:36:10.709825+00:00' AIRFLOW_CTX_TRY_NUMBER='1' AIRFLOW_CTX_DAG_RUN_ID='manual__2026-02-28T08:36:10.709825+00:00'
[2026-02-28T16:36:30.169+0800] {taskinstance.py:740} INFO - ::endgroup::
[2026-02-28T16:36:30.187+0800] {logging_mixin.py:190} INFO - ==================================================
[2026-02-28T16:36:30.188+0800] {logging_mixin.py:190} INFO - 【消费者1】开始执行系统管理-角色管理测试用例...
[2026-02-28T16:36:30.188+0800] {logging_mixin.py:190} INFO - ==================================================
[2026-02-28T16:36:30.195+0800] {logging_mixin.py:190} INFO - 从XCom获取到的测试用例数据: 1 条
[2026-02-28T16:36:30.195+0800] {logging_mixin.py:190} INFO - 系统管理/角色管理/新增角色.py.py
[2026-02-28T16:36:30.196+0800] {logging_mixin.py:190} INFO - 执行脚本: /Users/linghuchong/Downloads/51/Python/project/instance/zyjk/CDRD/web/系统管理/角色管理/新增角色.py.py
[2026-02-28T16:36:30.197+0800] {logging_mixin.py:190} INFO - ❌ Playwright脚本文件不存在: /Users/linghuchong/Downloads/51/Python/project/instance/zyjk/CDRD/web/系统管理/角色管理/新增角色.py.py
[2026-02-28T16:36:30.197+0800] {logging_mixin.py:190} INFO - 脚本执行成功，返回值: None
[2026-02-28T16:36:30.197+0800] {logging_mixin.py:190} INFO - ❌ Playwright执行失败，测试用例失败
[2026-02-28T16:36:30.204+0800] {taskinstance.py:349} INFO - ::group::Post task execution logs
[2026-02-28T16:36:30.205+0800] {taskinstance.py:361} INFO - Marking task as SUCCESS. dag_id=cdrd_新增角色_编辑角色, task_id=新增角色, run_id=manual__2026-02-28T08:36:10.709825+00:00, execution_date=20260228T083610, start_date=20260228T083629, end_date=20260228T083630
[2026-02-28T16:36:30.261+0800] {local_task_job_runner.py:266} INFO - Task exited with return code 0
[2026-02-28T16:36:30.286+0800] {taskinstance.py:3924} INFO - 0 downstream tasks scheduled from follow-on schedule check
[2026-02-28T16:36:30.287+0800] {local_task_job_runner.py:245} INFO - ::endgroup::
