[2026-02-27T15:28:37.287+0800] {local_task_job_runner.py:123} INFO - ::group::Pre task execution logs
[2026-02-27T15:28:37.308+0800] {taskinstance.py:2631} INFO - Dependencies all met for dep_context=non-requeueable deps ti=<TaskInstance: cdrd_新增角色_编辑角色.并行执行消费者 manual__2026-02-27T07:28:17.634534+00:00 [queued]>
[2026-02-27T15:28:37.316+0800] {taskinstance.py:2631} INFO - Dependencies all met for dep_context=requeueable deps ti=<TaskInstance: cdrd_新增角色_编辑角色.并行执行消费者 manual__2026-02-27T07:28:17.634534+00:00 [queued]>
[2026-02-27T15:28:37.317+0800] {taskinstance.py:2884} INFO - Starting attempt 1 of 1
[2026-02-27T15:28:37.332+0800] {taskinstance.py:2907} INFO - Executing <Task(PythonOperator): 并行执行消费者> on 2026-02-27 07:28:17.634534+00:00
[2026-02-27T15:28:37.335+0800] {standard_task_runner.py:72} INFO - Started process 17023 to run task
[2026-02-27T15:28:37.343+0800] {standard_task_runner.py:104} INFO - Running: ['airflow', 'tasks', 'run', 'cdrd_新增角色_编辑角色', '并行执行消费者', 'manual__2026-02-27T07:28:17.634534+00:00', '--job-id', '528', '--raw', '--subdir', 'DAGS_FOLDER/tag_CDRD/系统管理/角色管理/dag_新增角色_编辑角色_并.py', '--cfg-path', '/var/folders/f7/4z7jtb213fs0mtgbw_0vs2600000gn/T/tmplh0m36wc']
[2026-02-27T15:28:37.349+0800] {standard_task_runner.py:105} INFO - Job 528: Subtask 并行执行消费者
[2026-02-27T15:28:37.407+0800] {task_command.py:467} INFO - Running <TaskInstance: cdrd_新增角色_编辑角色.并行执行消费者 manual__2026-02-27T07:28:17.634534+00:00 [running]> on host localhost-2.local
[2026-02-27T15:28:37.560+0800] {taskinstance.py:3157} INFO - Exporting env vars: AIRFLOW_CTX_DAG_OWNER='airflow' AIRFLOW_CTX_DAG_ID='cdrd_新增角色_编辑角色' AIRFLOW_CTX_TASK_ID='并行执行消费者' AIRFLOW_CTX_EXECUTION_DATE='2026-02-27T07:28:17.634534+00:00' AIRFLOW_CTX_TRY_NUMBER='1' AIRFLOW_CTX_DAG_RUN_ID='manual__2026-02-27T07:28:17.634534+00:00'
[2026-02-27T15:28:37.561+0800] {taskinstance.py:740} INFO - ::endgroup::
[2026-02-27T15:28:37.586+0800] {logging_mixin.py:190} INFO - ==================================================
[2026-02-27T15:28:37.587+0800] {logging_mixin.py:190} INFO - 【并行消费者】开始同时执行新增角色和编辑角色测试...
[2026-02-27T15:28:37.587+0800] {logging_mixin.py:190} INFO - ==================================================
[2026-02-27T15:28:37.593+0800] {logging_mixin.py:190} INFO - 从XCom获取到的测试用例数据: 3 条
[2026-02-27T15:28:37.594+0800] {logging_mixin.py:190} INFO - ===================== 新增角色 消费者开始执行 ====================
[2026-02-27T15:28:37.594+0800] {logging_mixin.py:190} INFO - ===================== 编辑角色 消费者开始执行 ====================
[2026-02-27T15:28:37.595+0800] {logging_mixin.py:190} INFO - [新增角色] 跳过不匹配的测试用例: 新增用户.py
[2026-02-27T15:28:37.595+0800] {logging_mixin.py:190} INFO - [编辑角色] 跳过不匹配的测试用例: 新增用户.py
[2026-02-27T15:28:37.596+0800] {logging_mixin.py:190} INFO - [新增角色] 找到测试用例: 新增角色.py
[2026-02-27T15:28:37.596+0800] {logging_mixin.py:190} INFO - [编辑角色] 跳过不匹配的测试用例: 新增角色.py
[2026-02-27T15:28:37.597+0800] {logging_mixin.py:190} INFO - [新增角色] 执行路径: 系统管理/角色管理/新增角色.py
[2026-02-27T15:28:37.598+0800] {logging_mixin.py:190} INFO - [编辑角色] 找到测试用例: 编辑角色.py
[2026-02-27T15:28:37.598+0800] {logging_mixin.py:190} INFO - [Consumer_0] 开始执行测试用例: 系统管理/角色管理/新增角色.py
[2026-02-27T15:28:37.599+0800] {logging_mixin.py:190} INFO - [编辑角色] 执行路径: 系统管理/角色管理/编辑角色.py
[2026-02-27T15:28:37.600+0800] {logging_mixin.py:190} INFO - [线程 Consumer_0] 准备执行Playwright脚本: /Users/linghuchong/Downloads/51/Python/project/instance/zyjk/CDRD/web/系统管理/角色管理/新增角色.py
[2026-02-27T15:28:37.600+0800] {logging_mixin.py:190} INFO - [Consumer_1] 开始执行测试用例: 系统管理/角色管理/编辑角色.py
[2026-02-27T15:28:37.602+0800] {logging_mixin.py:190} INFO - [线程 Consumer_1] 准备执行Playwright脚本: /Users/linghuchong/Downloads/51/Python/project/instance/zyjk/CDRD/web/系统管理/角色管理/编辑角色.py
[2026-02-27T15:28:37.818+0800] {logging_mixin.py:190} INFO - [线程 Consumer_1] ✅ 找到run_playwright函数，开始执行...
[2026-02-27T15:28:38.229+0800] {logging_mixin.py:190} INFO - 随机生成测试数据: [['曾桂兰', '275536', '宁夏回族自治区东莞市梁平拉萨路d座 992782']]
[2026-02-27T15:28:38.230+0800] {logging_mixin.py:190} INFO - [线程 Consumer_0] ✅ 找到run_playwright函数，开始执行...
[2026-02-27T15:28:42.767+0800] {logging_mixin.py:190} INFO - 等待5秒...
[2026-02-27T15:28:42.769+0800] {logging_mixin.py:190} INFO - 等待5秒...
[2026-02-27T15:28:51.710+0800] {logging_mixin.py:190} INFO - [线程 Consumer_1] ✅ Playwright执行完成，返回结果: {'role_name': '555', 'remark': '1234'}
[2026-02-27T15:28:51.711+0800] {logging_mixin.py:190} INFO - [Consumer_1] Playwright执行结果: {'role_name': '555', 'remark': '1234'}
[2026-02-27T15:28:51.712+0800] {logging_mixin.py:190} INFO - [Consumer_1] 正则替换结果: [{"k": "select count(*) as qty from sys_role where role_name='555'", "v": 1}]
[2026-02-27T15:28:51.712+0800] {logging_mixin.py:190} INFO - [Consumer_1] 解析后的验证数据: [{'k': "select count(*) as qty from sys_role where role_name='555'", 'v': 1}]
[2026-02-27T15:28:51.722+0800] {logging_mixin.py:190} INFO - [Consumer_1] 查询结果: 1
[2026-02-27T15:28:51.729+0800] {logging_mixin.py:190} INFO - [Consumer_1] ✅ 断言通过
[2026-02-27T15:28:51.796+0800] {logging_mixin.py:190} INFO - [编辑角色] ✅ 测试用例执行成功
[2026-02-27T15:28:51.798+0800] {logging_mixin.py:190} INFO - ===================== 编辑角色 消费者执行完成 ====================
[2026-02-27T15:28:51.798+0800] {logging_mixin.py:190} INFO - [编辑角色] 成功: 1, 失败: 0
[2026-02-27T15:28:52.262+0800] {logging_mixin.py:190} INFO - [线程 Consumer_0] ✅ Playwright执行完成，返回结果: {'role_name': '曾桂兰', 'role_sort': '275536', 'remark': '宁夏回族自治区东莞市梁平拉萨路d座 992782'}
[2026-02-27T15:28:52.262+0800] {logging_mixin.py:190} INFO - [Consumer_0] Playwright执行结果: {'role_name': '曾桂兰', 'role_sort': '275536', 'remark': '宁夏回族自治区东莞市梁平拉萨路d座 992782'}
[2026-02-27T15:28:52.263+0800] {logging_mixin.py:190} INFO - [Consumer_0] 正则替换结果: [{"k": "select count(*) as qty from sys_role where role_name='曾桂兰'", "v": 1}]
[2026-02-27T15:28:52.264+0800] {logging_mixin.py:190} INFO - [Consumer_0] 解析后的验证数据: [{'k': "select count(*) as qty from sys_role where role_name='曾桂兰'", 'v': 1}]
[2026-02-27T15:28:52.269+0800] {logging_mixin.py:190} INFO - [Consumer_0] 查询结果: 0
[2026-02-27T15:28:52.269+0800] {logging_mixin.py:190} INFO - [Consumer_0] ❌ 断言失败
[2026-02-27T15:28:52.351+0800] {logging_mixin.py:190} INFO - [新增角色] ❌ 测试用例执行失败
[2026-02-27T15:28:52.351+0800] {logging_mixin.py:190} INFO - [新增角色] 跳过不匹配的测试用例: 编辑角色.py
[2026-02-27T15:28:52.352+0800] {logging_mixin.py:190} INFO - ===================== 新增角色 消费者执行完成 ====================
[2026-02-27T15:28:52.352+0800] {logging_mixin.py:190} INFO - [新增角色] 成功: 0, 失败: 1
[2026-02-27T15:28:52.353+0800] {logging_mixin.py:190} INFO - ==================================================
[2026-02-27T15:28:52.354+0800] {logging_mixin.py:190} INFO - 【并行消费者】所有测试执行完成
[2026-02-27T15:28:52.354+0800] {logging_mixin.py:190} INFO - ==================================================
[2026-02-27T15:28:52.355+0800] {python.py:240} INFO - Done. Returned value was: {'新增角色': {'module': '系统管理-角色管理-新增角色', 'success_count': 0, 'fail_count': 1, 'total_count': 1}, '编辑角色': {'module': '系统管理-角色管理-编辑角色', 'success_count': 1, 'fail_count': 0, 'total_count': 1}}
[2026-02-27T15:28:52.385+0800] {taskinstance.py:349} INFO - ::group::Post task execution logs
[2026-02-27T15:28:52.386+0800] {taskinstance.py:361} INFO - Marking task as SUCCESS. dag_id=cdrd_新增角色_编辑角色, task_id=并行执行消费者, run_id=manual__2026-02-27T07:28:17.634534+00:00, execution_date=20260227T072817, start_date=20260227T072837, end_date=20260227T072852
[2026-02-27T15:28:52.428+0800] {local_task_job_runner.py:266} INFO - Task exited with return code 0
[2026-02-27T15:28:52.466+0800] {taskinstance.py:3924} INFO - 1 downstream tasks scheduled from follow-on schedule check
[2026-02-27T15:28:52.469+0800] {local_task_job_runner.py:245} INFO - ::endgroup::
