[2026-02-27T13:27:50.909+0800] {local_task_job_runner.py:123} INFO - ::group::Pre task execution logs
[2026-02-27T13:27:50.928+0800] {taskinstance.py:2631} INFO - Dependencies all met for dep_context=non-requeueable deps ti=<TaskInstance: cdrd_主控测试流程.wait_for_用户管理完成 manual__2026-02-27T05:27:33.151070+00:00 [queued]>
[2026-02-27T13:27:50.935+0800] {taskinstance.py:2631} INFO - Dependencies all met for dep_context=requeueable deps ti=<TaskInstance: cdrd_主控测试流程.wait_for_用户管理完成 manual__2026-02-27T05:27:33.151070+00:00 [queued]>
[2026-02-27T13:27:50.935+0800] {taskinstance.py:2884} INFO - Starting attempt 1 of 3
[2026-02-27T13:27:50.949+0800] {taskinstance.py:2907} INFO - Executing <Task(ExternalTaskSensor): wait_for_用户管理完成> on 2026-02-27 05:27:33.151070+00:00
[2026-02-27T13:27:50.952+0800] {standard_task_runner.py:72} INFO - Started process 12115 to run task
[2026-02-27T13:27:50.959+0800] {standard_task_runner.py:104} INFO - Running: ['airflow', 'tasks', 'run', 'cdrd_主控测试流程', 'wait_for_用户管理完成', 'manual__2026-02-27T05:27:33.151070+00:00', '--job-id', '487', '--raw', '--subdir', 'DAGS_FOLDER/tag_CDRD/cdrd_主控测试流程.py', '--cfg-path', '/var/folders/f7/4z7jtb213fs0mtgbw_0vs2600000gn/T/tmpr1yi28z5']
[2026-02-27T13:27:50.963+0800] {standard_task_runner.py:105} INFO - Job 487: Subtask wait_for_用户管理完成
[2026-02-27T13:27:51.015+0800] {task_command.py:467} INFO - Running <TaskInstance: cdrd_主控测试流程.wait_for_用户管理完成 manual__2026-02-27T05:27:33.151070+00:00 [running]> on host localhost-2.local
[2026-02-27T13:27:51.271+0800] {taskinstance.py:3157} INFO - Exporting env vars: AIRFLOW_CTX_DAG_OWNER='airflow' AIRFLOW_CTX_DAG_ID='cdrd_主控测试流程' AIRFLOW_CTX_TASK_ID='wait_for_用户管理完成' AIRFLOW_CTX_EXECUTION_DATE='2026-02-27T05:27:33.151070+00:00' AIRFLOW_CTX_TRY_NUMBER='1' AIRFLOW_CTX_DAG_RUN_ID='manual__2026-02-27T05:27:33.151070+00:00'
[2026-02-27T13:27:51.273+0800] {taskinstance.py:740} INFO - ::endgroup::
[2026-02-27T13:27:51.288+0800] {baseoperator.py:423} WARNING - ExternalTaskSensor.execute cannot be called outside TaskInstance!
[2026-02-27T13:27:51.294+0800] {external_task.py:274} INFO - Poking for DAG 'cdrd_新增用户' on 2026-02-27T05:27:33.151070+00:00 ... 
[2026-02-27T13:27:51.311+0800] {taskinstance.py:318} INFO - Rescheduling task, marking task as UP_FOR_RESCHEDULE
[2026-02-27T13:27:51.312+0800] {taskinstance.py:349} INFO - ::group::Post task execution logs
[2026-02-27T13:27:51.362+0800] {local_task_job_runner.py:266} INFO - Task exited with return code 0
[2026-02-27T13:27:51.393+0800] {taskinstance.py:3924} INFO - 0 downstream tasks scheduled from follow-on schedule check
[2026-02-27T13:27:51.394+0800] {local_task_job_runner.py:245} INFO - ::endgroup::
[2026-02-27T13:29:54.978+0800] {local_task_job_runner.py:123} INFO - ::group::Pre task execution logs
[2026-02-27T13:29:54.997+0800] {taskinstance.py:2631} INFO - Dependencies all met for dep_context=non-requeueable deps ti=<TaskInstance: cdrd_主控测试流程.wait_for_用户管理完成 manual__2026-02-27T05:27:33.151070+00:00 [queued]>
[2026-02-27T13:29:55.007+0800] {taskinstance.py:2631} INFO - Dependencies all met for dep_context=requeueable deps ti=<TaskInstance: cdrd_主控测试流程.wait_for_用户管理完成 manual__2026-02-27T05:27:33.151070+00:00 [queued]>
[2026-02-27T13:29:55.007+0800] {taskinstance.py:2884} INFO - Starting attempt 1 of 3
[2026-02-27T13:29:55.024+0800] {taskinstance.py:2907} INFO - Executing <Task(ExternalTaskSensor): wait_for_用户管理完成> on 2026-02-27 05:27:33.151070+00:00
[2026-02-27T13:29:55.027+0800] {standard_task_runner.py:72} INFO - Started process 12174 to run task
[2026-02-27T13:29:55.036+0800] {standard_task_runner.py:104} INFO - Running: ['airflow', 'tasks', 'run', 'cdrd_主控测试流程', 'wait_for_用户管理完成', 'manual__2026-02-27T05:27:33.151070+00:00', '--job-id', '488', '--raw', '--subdir', 'DAGS_FOLDER/tag_CDRD/cdrd_主控测试流程.py', '--cfg-path', '/var/folders/f7/4z7jtb213fs0mtgbw_0vs2600000gn/T/tmpywux8mj6']
[2026-02-27T13:29:55.040+0800] {standard_task_runner.py:105} INFO - Job 488: Subtask wait_for_用户管理完成
[2026-02-27T13:29:55.093+0800] {task_command.py:467} INFO - Running <TaskInstance: cdrd_主控测试流程.wait_for_用户管理完成 manual__2026-02-27T05:27:33.151070+00:00 [running]> on host localhost-2.local
[2026-02-27T13:29:55.368+0800] {taskinstance.py:3157} INFO - Exporting env vars: AIRFLOW_CTX_DAG_OWNER='airflow' AIRFLOW_CTX_DAG_ID='cdrd_主控测试流程' AIRFLOW_CTX_TASK_ID='wait_for_用户管理完成' AIRFLOW_CTX_EXECUTION_DATE='2026-02-27T05:27:33.151070+00:00' AIRFLOW_CTX_TRY_NUMBER='1' AIRFLOW_CTX_DAG_RUN_ID='manual__2026-02-27T05:27:33.151070+00:00'
[2026-02-27T13:29:55.369+0800] {taskinstance.py:740} INFO - ::endgroup::
[2026-02-27T13:29:55.392+0800] {baseoperator.py:423} WARNING - ExternalTaskSensor.execute cannot be called outside TaskInstance!
[2026-02-27T13:29:55.396+0800] {external_task.py:274} INFO - Poking for DAG 'cdrd_新增用户' on 2026-02-27T05:27:33.151070+00:00 ... 
[2026-02-27T13:29:55.414+0800] {taskinstance.py:318} INFO - Rescheduling task, marking task as UP_FOR_RESCHEDULE
[2026-02-27T13:29:55.415+0800] {taskinstance.py:349} INFO - ::group::Post task execution logs
[2026-02-27T13:29:55.445+0800] {local_task_job_runner.py:266} INFO - Task exited with return code 0
[2026-02-27T13:29:55.476+0800] {taskinstance.py:3924} INFO - 0 downstream tasks scheduled from follow-on schedule check
[2026-02-27T13:29:55.477+0800] {local_task_job_runner.py:245} INFO - ::endgroup::
