[2025-10-27T15:04:37.565+08:00] Getting interface description
[2025-10-27T15:04:37.566+08:00] Interface description end
[2025-10-27T15:04:37.566+08:00] Uploading test info to server
[2025-10-27T15:04:37.625+08:00] UploadTestInfoToServer end
[2025-10-27T15:04:37.803+08:00] size: 1440x768 dpr: 2
[2025-10-27T15:04:45.736+08:00] Getting interface description
[2025-10-27T15:04:45.736+08:00] Interface description end
[2025-10-27T15:04:45.736+08:00] Uploading test info to server
[2025-10-27T15:04:45.786+08:00] UploadTestInfoToServer end
[2025-10-27T15:04:45.902+08:00] size: 1440x768 dpr: 2
[2025-10-27T15:04:46.302+08:00] Getting interface description
[2025-10-27T15:04:46.302+08:00] Interface description end
[2025-10-27T15:04:46.302+08:00] Uploading test info to server
[2025-10-27T15:04:46.344+08:00] UploadTestInfoToServer end
[2025-10-27T15:04:46.480+08:00] size: 1440x768 dpr: 2
[2025-10-27T15:04:47.704+08:00] Getting interface description
[2025-10-27T15:04:47.704+08:00] Interface description end
[2025-10-27T15:04:47.704+08:00] Uploading test info to server
[2025-10-27T15:04:47.753+08:00] UploadTestInfoToServer end
[2025-10-27T15:04:47.886+08:00] size: 1440x768 dpr: 2
[2025-10-27T15:04:53.163+08:00] Getting interface description
[2025-10-27T15:04:53.163+08:00] Interface description end
[2025-10-27T15:04:53.163+08:00] Uploading test info to server
[2025-10-27T15:04:53.208+08:00] UploadTestInfoToServer end
[2025-10-27T15:04:53.338+08:00] size: 1440x768 dpr: 2
[2025-10-27T15:04:53.725+08:00] Getting interface description
[2025-10-27T15:04:53.725+08:00] Interface description end
[2025-10-27T15:04:53.725+08:00] Uploading test info to server
[2025-10-27T15:04:53.767+08:00] UploadTestInfoToServer end
[2025-10-27T15:04:53.889+08:00] size: 1440x768 dpr: 2
[2025-10-27T15:04:54.590+08:00] Getting interface description
[2025-10-27T15:04:54.590+08:00] Interface description end
[2025-10-27T15:04:54.590+08:00] Uploading test info to server
[2025-10-27T15:04:54.632+08:00] UploadTestInfoToServer end
[2025-10-27T15:04:54.749+08:00] size: 1440x768 dpr: 2
[2025-10-27T15:04:59.888+08:00] Getting interface description
[2025-10-27T15:04:59.888+08:00] Interface description end
[2025-10-27T15:04:59.888+08:00] Uploading test info to server
[2025-10-27T15:04:59.935+08:00] UploadTestInfoToServer end
[2025-10-27T15:05:00.059+08:00] size: 1440x768 dpr: 2
[2025-10-27T15:05:00.470+08:00] Getting interface description
[2025-10-27T15:05:00.470+08:00] Interface description end
[2025-10-27T15:05:00.470+08:00] Uploading test info to server
[2025-10-27T15:05:00.513+08:00] UploadTestInfoToServer end
[2025-10-27T15:05:00.635+08:00] size: 1440x768 dpr: 2
[2025-10-27T15:05:01.643+08:00] Getting interface description
[2025-10-27T15:05:01.643+08:00] Interface description end
[2025-10-27T15:05:01.643+08:00] Uploading test info to server
[2025-10-27T15:05:01.687+08:00] UploadTestInfoToServer end
[2025-10-27T15:05:01.840+08:00] size: 1440x768 dpr: 2
[2025-10-27T15:05:06.781+08:00] Getting interface description
[2025-10-27T15:05:06.781+08:00] Interface description end
[2025-10-27T15:05:06.781+08:00] Uploading test info to server
[2025-10-27T15:05:06.823+08:00] UploadTestInfoToServer end
[2025-10-27T15:05:06.949+08:00] size: 1440x768 dpr: 2
[2025-10-27T15:05:07.285+08:00] Getting interface description
[2025-10-27T15:05:07.285+08:00] Interface description end
[2025-10-27T15:05:07.286+08:00] Uploading test info to server
[2025-10-27T15:05:07.328+08:00] UploadTestInfoToServer end
[2025-10-27T15:05:07.437+08:00] size: 1440x768 dpr: 2
[2025-10-27T15:05:11.247+08:00] Getting interface description
[2025-10-27T15:05:11.247+08:00] Interface description end
[2025-10-27T15:05:11.247+08:00] Uploading test info to server
[2025-10-27T15:05:11.291+08:00] UploadTestInfoToServer end
[2025-10-27T15:05:11.413+08:00] size: 1440x768 dpr: 2
[2025-10-27T15:05:11.629+08:00] Getting interface description
[2025-10-27T15:05:11.629+08:00] Interface description end
[2025-10-27T15:05:11.629+08:00] Uploading test info to server
[2025-10-27T15:05:11.669+08:00] UploadTestInfoToServer end
[2025-10-27T15:05:11.794+08:00] size: 1440x768 dpr: 2
[2025-10-27T15:07:21.194+08:00] Getting interface description
[2025-10-27T15:07:21.194+08:00] Interface description end
[2025-10-27T15:07:21.194+08:00] Uploading test info to server
[2025-10-27T15:07:21.244+08:00] UploadTestInfoToServer end
[2025-10-27T15:07:21.459+08:00] size: 1440x768 dpr: 2
[2025-10-27T15:07:28.292+08:00] Getting interface description
[2025-10-27T15:07:28.292+08:00] Interface description end
[2025-10-27T15:07:28.292+08:00] Uploading test info to server
[2025-10-27T15:07:28.340+08:00] UploadTestInfoToServer end
[2025-10-27T15:07:28.466+08:00] size: 1440x768 dpr: 2
[2025-10-27T15:07:28.866+08:00] Getting interface description
[2025-10-27T15:07:28.866+08:00] Interface description end
[2025-10-27T15:07:28.866+08:00] Uploading test info to server
[2025-10-27T15:07:28.910+08:00] UploadTestInfoToServer end
[2025-10-27T15:07:29.030+08:00] size: 1440x768 dpr: 2
[2025-10-27T15:07:30.345+08:00] Getting interface description
[2025-10-27T15:07:30.345+08:00] Interface description end
[2025-10-27T15:07:30.345+08:00] Uploading test info to server
[2025-10-27T15:07:30.394+08:00] UploadTestInfoToServer end
[2025-10-27T15:07:30.512+08:00] size: 1440x768 dpr: 2
[2025-10-27T15:07:35.357+08:00] Getting interface description
[2025-10-27T15:07:35.357+08:00] Interface description end
[2025-10-27T15:07:35.357+08:00] Uploading test info to server
[2025-10-27T15:07:35.405+08:00] UploadTestInfoToServer end
[2025-10-27T15:07:35.533+08:00] size: 1440x768 dpr: 2
[2025-10-27T15:07:35.934+08:00] Getting interface description
[2025-10-27T15:07:35.934+08:00] Interface description end
[2025-10-27T15:07:35.934+08:00] Uploading test info to server
[2025-10-27T15:07:35.980+08:00] UploadTestInfoToServer end
[2025-10-27T15:07:36.102+08:00] size: 1440x768 dpr: 2
[2025-10-27T15:07:36.925+08:00] Getting interface description
[2025-10-27T15:07:36.925+08:00] Interface description end
[2025-10-27T15:07:36.925+08:00] Uploading test info to server
[2025-10-27T15:07:36.990+08:00] UploadTestInfoToServer end
[2025-10-27T15:07:37.179+08:00] size: 1440x768 dpr: 2
[2025-10-27T15:07:42.951+08:00] Getting interface description
[2025-10-27T15:07:42.951+08:00] Interface description end
[2025-10-27T15:07:42.951+08:00] Uploading test info to server
[2025-10-27T15:07:42.999+08:00] UploadTestInfoToServer end
[2025-10-27T15:07:43.128+08:00] size: 1440x768 dpr: 2
[2025-10-27T15:07:44.273+08:00] Getting interface description
[2025-10-27T15:07:44.273+08:00] Interface description end
[2025-10-27T15:07:44.273+08:00] Uploading test info to server
[2025-10-27T15:07:44.316+08:00] UploadTestInfoToServer end
[2025-10-27T15:07:44.429+08:00] size: 1440x768 dpr: 2
[2025-10-27T15:07:50.696+08:00] Getting interface description
[2025-10-27T15:07:50.696+08:00] Interface description end
[2025-10-27T15:07:50.696+08:00] Uploading test info to server
[2025-10-27T15:07:50.747+08:00] UploadTestInfoToServer end
[2025-10-27T15:07:50.893+08:00] size: 1440x768 dpr: 2
[2025-10-27T15:07:52.047+08:00] Getting interface description
[2025-10-27T15:07:52.047+08:00] Interface description end
[2025-10-27T15:07:52.047+08:00] Uploading test info to server
[2025-10-27T15:07:52.095+08:00] UploadTestInfoToServer end
[2025-10-27T15:07:52.238+08:00] size: 1440x768 dpr: 2
[2025-10-27T15:07:58.236+08:00] Getting interface description
[2025-10-27T15:07:58.236+08:00] Interface description end
[2025-10-27T15:07:58.236+08:00] Uploading test info to server
[2025-10-27T15:07:58.286+08:00] UploadTestInfoToServer end
[2025-10-27T15:07:58.400+08:00] size: 1440x768 dpr: 2
[2025-10-27T15:07:59.508+08:00] Getting interface description
[2025-10-27T15:07:59.508+08:00] Interface description end
[2025-10-27T15:07:59.508+08:00] Uploading test info to server
[2025-10-27T15:07:59.559+08:00] UploadTestInfoToServer end
[2025-10-27T15:07:59.681+08:00] size: 1440x768 dpr: 2
[2025-10-27T15:08:04.939+08:00] Getting interface description
[2025-10-27T15:08:04.939+08:00] Interface description end
[2025-10-27T15:08:04.939+08:00] Uploading test info to server
[2025-10-27T15:08:04.998+08:00] UploadTestInfoToServer end
[2025-10-27T15:08:05.166+08:00] size: 1440x768 dpr: 2
[2025-10-27T15:08:06.527+08:00] Getting interface description
[2025-10-27T15:08:06.527+08:00] Interface description end
[2025-10-27T15:08:06.527+08:00] Uploading test info to server
[2025-10-27T15:08:06.589+08:00] UploadTestInfoToServer end
[2025-10-27T15:08:06.785+08:00] size: 1440x768 dpr: 2
[2025-10-27T15:08:12.025+08:00] Getting interface description
[2025-10-27T15:08:12.025+08:00] Interface description end
[2025-10-27T15:08:12.025+08:00] Uploading test info to server
[2025-10-27T15:08:12.086+08:00] UploadTestInfoToServer end
[2025-10-27T15:08:12.223+08:00] size: 1440x768 dpr: 2
[2025-10-27T15:08:13.471+08:00] Getting interface description
[2025-10-27T15:08:13.471+08:00] Interface description end
[2025-10-27T15:08:13.471+08:00] Uploading test info to server
[2025-10-27T15:08:13.544+08:00] UploadTestInfoToServer end
[2025-10-27T15:08:13.699+08:00] size: 1440x768 dpr: 2
[2025-10-27T15:08:18.561+08:00] Getting interface description
[2025-10-27T15:08:18.561+08:00] Interface description end
[2025-10-27T15:08:18.561+08:00] Uploading test info to server
[2025-10-27T15:08:18.640+08:00] UploadTestInfoToServer end
[2025-10-27T15:08:18.781+08:00] size: 1440x768 dpr: 2
[2025-10-27T15:08:20.088+08:00] Getting interface description
[2025-10-27T15:08:20.088+08:00] Interface description end
[2025-10-27T15:08:20.088+08:00] Uploading test info to server
[2025-10-27T15:08:20.154+08:00] UploadTestInfoToServer end
[2025-10-27T15:08:20.280+08:00] size: 1440x768 dpr: 2
[2025-10-27T15:08:25.580+08:00] Getting interface description
[2025-10-27T15:08:25.580+08:00] Interface description end
[2025-10-27T15:08:25.580+08:00] Uploading test info to server
[2025-10-27T15:08:25.632+08:00] UploadTestInfoToServer end
[2025-10-27T15:08:25.779+08:00] size: 1440x768 dpr: 2
[2025-10-27T15:08:26.929+08:00] Getting interface description
[2025-10-27T15:08:26.929+08:00] Interface description end
[2025-10-27T15:08:26.929+08:00] Uploading test info to server
[2025-10-27T15:08:26.989+08:00] UploadTestInfoToServer end
[2025-10-27T15:08:27.127+08:00] size: 1440x768 dpr: 2
[2025-10-27T15:08:34.456+08:00] Getting interface description
[2025-10-27T15:08:34.456+08:00] Interface description end
[2025-10-27T15:08:34.456+08:00] Uploading test info to server
[2025-10-27T15:08:34.570+08:00] UploadTestInfoToServer end
[2025-10-27T15:08:34.698+08:00] size: 1440x768 dpr: 2
[2025-10-27T15:08:36.000+08:00] Getting interface description
[2025-10-27T15:08:36.000+08:00] Interface description end
[2025-10-27T15:08:36.000+08:00] Uploading test info to server
[2025-10-27T15:08:36.067+08:00] UploadTestInfoToServer end
[2025-10-27T15:08:36.214+08:00] size: 1440x768 dpr: 2
[2025-10-27T15:08:42.508+08:00] Getting interface description
[2025-10-27T15:08:42.508+08:00] Interface description end
[2025-10-27T15:08:42.508+08:00] Uploading test info to server
[2025-10-27T15:08:42.562+08:00] UploadTestInfoToServer end
[2025-10-27T15:08:42.684+08:00] size: 1440x768 dpr: 2
[2025-10-27T15:08:43.849+08:00] Getting interface description
[2025-10-27T15:08:43.849+08:00] Interface description end
[2025-10-27T15:08:43.849+08:00] Uploading test info to server
[2025-10-27T15:08:43.898+08:00] UploadTestInfoToServer end
[2025-10-27T15:08:44.040+08:00] size: 1440x768 dpr: 2
[2025-10-27T15:08:50.858+08:00] Getting interface description
[2025-10-27T15:08:50.858+08:00] Interface description end
[2025-10-27T15:08:50.858+08:00] Uploading test info to server
[2025-10-27T15:08:50.950+08:00] UploadTestInfoToServer end
[2025-10-27T15:08:51.129+08:00] size: 1440x768 dpr: 2
[2025-10-27T15:08:52.592+08:00] Getting interface description
[2025-10-27T15:08:52.592+08:00] Interface description end
[2025-10-27T15:08:52.592+08:00] Uploading test info to server
[2025-10-27T15:08:52.772+08:00] UploadTestInfoToServer end
[2025-10-27T15:08:52.987+08:00] size: 1440x768 dpr: 2
[2025-10-27T15:09:01.213+08:00] Getting interface description
[2025-10-27T15:09:01.213+08:00] Interface description end
[2025-10-27T15:09:01.213+08:00] Uploading test info to server
[2025-10-27T15:09:01.257+08:00] UploadTestInfoToServer end
[2025-10-27T15:09:01.375+08:00] size: 1440x768 dpr: 2
[2025-10-27T15:11:56.629+08:00] Getting interface description
[2025-10-27T15:11:56.629+08:00] Interface description end
[2025-10-27T15:11:56.629+08:00] Uploading test info to server
[2025-10-27T15:11:56.689+08:00] UploadTestInfoToServer end
[2025-10-27T15:11:56.885+08:00] size: 1440x768 dpr: 2
[2025-10-27T15:12:49.315+08:00] Getting interface description
[2025-10-27T15:12:49.315+08:00] Interface description end
[2025-10-27T15:12:49.315+08:00] Uploading test info to server
[2025-10-27T15:12:49.383+08:00] UploadTestInfoToServer end
[2025-10-27T15:12:49.608+08:00] size: 1440x768 dpr: 2
[2025-10-27T15:12:55.777+08:00] Getting interface description
[2025-10-27T15:12:55.777+08:00] Interface description end
[2025-10-27T15:12:55.778+08:00] Uploading test info to server
[2025-10-27T15:12:55.822+08:00] UploadTestInfoToServer end
[2025-10-27T15:12:55.945+08:00] size: 1440x768 dpr: 2
[2025-10-27T15:12:56.346+08:00] Getting interface description
[2025-10-27T15:12:56.346+08:00] Interface description end
[2025-10-27T15:12:56.346+08:00] Uploading test info to server
[2025-10-27T15:12:56.392+08:00] UploadTestInfoToServer end
[2025-10-27T15:12:56.518+08:00] size: 1440x768 dpr: 2
[2025-10-27T15:12:58.084+08:00] Getting interface description
[2025-10-27T15:12:58.085+08:00] Interface description end
[2025-10-27T15:12:58.085+08:00] Uploading test info to server
[2025-10-27T15:12:58.130+08:00] UploadTestInfoToServer end
[2025-10-27T15:12:58.273+08:00] size: 1440x768 dpr: 2
[2025-10-27T15:13:04.809+08:00] Getting interface description
[2025-10-27T15:13:04.809+08:00] Interface description end
[2025-10-27T15:13:04.809+08:00] Uploading test info to server
[2025-10-27T15:13:04.853+08:00] UploadTestInfoToServer end
[2025-10-27T15:13:04.980+08:00] size: 1440x768 dpr: 2
[2025-10-27T15:13:05.385+08:00] Getting interface description
[2025-10-27T15:13:05.385+08:00] Interface description end
[2025-10-27T15:13:05.385+08:00] Uploading test info to server
[2025-10-27T15:13:05.430+08:00] UploadTestInfoToServer end
[2025-10-27T15:13:05.556+08:00] size: 1440x768 dpr: 2
[2025-10-27T15:13:06.338+08:00] Getting interface description
[2025-10-27T15:13:06.338+08:00] Interface description end
[2025-10-27T15:13:06.338+08:00] Uploading test info to server
[2025-10-27T15:13:06.382+08:00] UploadTestInfoToServer end
[2025-10-27T15:13:06.504+08:00] size: 1440x768 dpr: 2
[2025-10-27T15:13:15.596+08:00] Getting interface description
[2025-10-27T15:13:15.596+08:00] Interface description end
[2025-10-27T15:13:15.596+08:00] Uploading test info to server
[2025-10-27T15:13:15.640+08:00] UploadTestInfoToServer end
[2025-10-27T15:13:15.786+08:00] size: 1440x768 dpr: 2
[2025-10-27T15:13:16.941+08:00] Getting interface description
[2025-10-27T15:13:16.941+08:00] Interface description end
[2025-10-27T15:13:16.941+08:00] Uploading test info to server
[2025-10-27T15:13:16.985+08:00] UploadTestInfoToServer end
[2025-10-27T15:13:17.117+08:00] size: 1440x768 dpr: 2
[2025-10-27T15:13:23.266+08:00] Getting interface description
[2025-10-27T15:13:23.266+08:00] Interface description end
[2025-10-27T15:13:23.266+08:00] Uploading test info to server
[2025-10-27T15:13:23.315+08:00] UploadTestInfoToServer end
[2025-10-27T15:13:23.441+08:00] size: 1440x768 dpr: 2
[2025-10-27T15:13:24.548+08:00] Getting interface description
[2025-10-27T15:13:24.548+08:00] Interface description end
[2025-10-27T15:13:24.548+08:00] Uploading test info to server
[2025-10-27T15:13:24.596+08:00] UploadTestInfoToServer end
[2025-10-27T15:13:24.725+08:00] size: 1440x768 dpr: 2
[2025-10-27T15:13:29.339+08:00] Getting interface description
[2025-10-27T15:13:29.339+08:00] Interface description end
[2025-10-27T15:13:29.339+08:00] Uploading test info to server
[2025-10-27T15:13:29.383+08:00] UploadTestInfoToServer end
[2025-10-27T15:13:29.503+08:00] size: 1440x768 dpr: 2
[2025-10-27T15:13:30.626+08:00] Getting interface description
[2025-10-27T15:13:30.626+08:00] Interface description end
[2025-10-27T15:13:30.626+08:00] Uploading test info to server
[2025-10-27T15:13:30.671+08:00] UploadTestInfoToServer end
[2025-10-27T15:13:30.786+08:00] size: 1440x768 dpr: 2
[2025-10-27T15:13:35.963+08:00] Getting interface description
[2025-10-27T15:13:35.963+08:00] Interface description end
[2025-10-27T15:13:35.963+08:00] Uploading test info to server
[2025-10-27T15:13:36.025+08:00] UploadTestInfoToServer end
[2025-10-27T15:13:36.176+08:00] size: 1440x768 dpr: 2
[2025-10-27T15:13:37.571+08:00] Getting interface description
[2025-10-27T15:13:37.571+08:00] Interface description end
[2025-10-27T15:13:37.571+08:00] Uploading test info to server
[2025-10-27T15:13:37.618+08:00] UploadTestInfoToServer end
[2025-10-27T15:13:37.743+08:00] size: 1440x768 dpr: 2
[2025-10-27T15:13:42.838+08:00] Getting interface description
[2025-10-27T15:13:42.838+08:00] Interface description end
[2025-10-27T15:13:42.838+08:00] Uploading test info to server
[2025-10-27T15:13:42.896+08:00] UploadTestInfoToServer end
[2025-10-27T15:13:43.051+08:00] size: 1440x768 dpr: 2
[2025-10-27T15:13:44.324+08:00] Getting interface description
[2025-10-27T15:13:44.324+08:00] Interface description end
[2025-10-27T15:13:44.324+08:00] Uploading test info to server
[2025-10-27T15:13:44.667+08:00] UploadTestInfoToServer end
[2025-10-27T15:13:44.848+08:00] size: 1440x768 dpr: 2
[2025-10-27T15:13:50.819+08:00] Getting interface description
[2025-10-27T15:13:50.819+08:00] Interface description end
[2025-10-27T15:13:50.819+08:00] Uploading test info to server
[2025-10-27T15:13:50.876+08:00] UploadTestInfoToServer end
[2025-10-27T15:13:51.034+08:00] size: 1440x768 dpr: 2
[2025-10-27T15:13:57.744+08:00] Getting interface description
[2025-10-27T15:13:57.744+08:00] Interface description end
[2025-10-27T15:13:57.744+08:00] Uploading test info to server
[2025-10-27T15:13:57.789+08:00] UploadTestInfoToServer end
[2025-10-27T15:13:57.913+08:00] size: 1440x768 dpr: 2
[2025-10-27T15:13:58.187+08:00] Getting interface description
[2025-10-27T15:13:58.187+08:00] Interface description end
[2025-10-27T15:13:58.187+08:00] Uploading test info to server
[2025-10-27T15:13:58.231+08:00] UploadTestInfoToServer end
[2025-10-27T15:13:58.359+08:00] size: 1440x768 dpr: 2
[2025-10-27T15:19:00.241+08:00] Getting interface description
[2025-10-27T15:19:00.241+08:00] Interface description end
[2025-10-27T15:19:00.241+08:00] Uploading test info to server
[2025-10-27T15:19:00.325+08:00] UploadTestInfoToServer end
[2025-10-27T15:19:00.517+08:00] size: 1440x768 dpr: 2
[2025-10-27T15:19:07.269+08:00] Getting interface description
[2025-10-27T15:19:07.269+08:00] Interface description end
[2025-10-27T15:19:07.269+08:00] Uploading test info to server
[2025-10-27T15:19:07.320+08:00] UploadTestInfoToServer end
[2025-10-27T15:19:07.465+08:00] size: 1440x768 dpr: 2
[2025-10-27T15:19:07.910+08:00] Getting interface description
[2025-10-27T15:19:07.910+08:00] Interface description end
[2025-10-27T15:19:07.910+08:00] Uploading test info to server
[2025-10-27T15:19:07.955+08:00] UploadTestInfoToServer end
[2025-10-27T15:19:08.084+08:00] size: 1440x768 dpr: 2
[2025-10-27T15:19:09.424+08:00] Getting interface description
[2025-10-27T15:19:09.425+08:00] Interface description end
[2025-10-27T15:19:09.425+08:00] Uploading test info to server
[2025-10-27T15:19:09.469+08:00] UploadTestInfoToServer end
[2025-10-27T15:19:09.614+08:00] size: 1440x768 dpr: 2
[2025-10-27T15:19:14.934+08:00] Getting interface description
[2025-10-27T15:19:14.934+08:00] Interface description end
[2025-10-27T15:19:14.934+08:00] Uploading test info to server
[2025-10-27T15:19:14.979+08:00] UploadTestInfoToServer end
[2025-10-27T15:19:15.113+08:00] size: 1440x768 dpr: 2
[2025-10-27T15:19:15.516+08:00] Getting interface description
[2025-10-27T15:19:15.516+08:00] Interface description end
[2025-10-27T15:19:15.516+08:00] Uploading test info to server
[2025-10-27T15:19:15.561+08:00] UploadTestInfoToServer end
[2025-10-27T15:19:15.680+08:00] size: 1440x768 dpr: 2
[2025-10-27T15:19:16.503+08:00] Getting interface description
[2025-10-27T15:19:16.503+08:00] Interface description end
[2025-10-27T15:19:16.503+08:00] Uploading test info to server
[2025-10-27T15:19:16.549+08:00] UploadTestInfoToServer end
[2025-10-27T15:19:16.675+08:00] size: 1440x768 dpr: 2
[2025-10-27T15:19:25.519+08:00] Getting interface description
[2025-10-27T15:19:25.519+08:00] Interface description end
[2025-10-27T15:19:25.519+08:00] Uploading test info to server
[2025-10-27T15:19:25.567+08:00] UploadTestInfoToServer end
[2025-10-27T15:19:25.695+08:00] size: 1440x768 dpr: 2
[2025-10-27T15:19:26.091+08:00] Getting interface description
[2025-10-27T15:19:26.091+08:00] Interface description end
[2025-10-27T15:19:26.091+08:00] Uploading test info to server
[2025-10-27T15:19:26.135+08:00] UploadTestInfoToServer end
[2025-10-27T15:19:26.262+08:00] size: 1440x768 dpr: 2
[2025-10-27T15:19:27.341+08:00] Getting interface description
[2025-10-27T15:19:27.341+08:00] Interface description end
[2025-10-27T15:19:27.341+08:00] Uploading test info to server
[2025-10-27T15:19:27.386+08:00] UploadTestInfoToServer end
[2025-10-27T15:19:27.513+08:00] size: 1440x768 dpr: 2
[2025-10-27T15:19:34.517+08:00] Getting interface description
[2025-10-27T15:19:34.517+08:00] Interface description end
[2025-10-27T15:19:34.517+08:00] Uploading test info to server
[2025-10-27T15:19:34.562+08:00] UploadTestInfoToServer end
[2025-10-27T15:19:34.695+08:00] size: 1440x768 dpr: 2
[2025-10-27T15:19:35.025+08:00] Getting interface description
[2025-10-27T15:19:35.025+08:00] Interface description end
[2025-10-27T15:19:35.025+08:00] Uploading test info to server
[2025-10-27T15:19:35.070+08:00] UploadTestInfoToServer end
[2025-10-27T15:19:35.195+08:00] size: 1440x768 dpr: 2
[2025-10-27T15:19:39.056+08:00] Getting interface description
[2025-10-27T15:19:39.056+08:00] Interface description end
[2025-10-27T15:19:39.056+08:00] Uploading test info to server
[2025-10-27T15:19:39.105+08:00] UploadTestInfoToServer end
[2025-10-27T15:19:39.229+08:00] size: 1440x768 dpr: 2
[2025-10-27T15:19:39.452+08:00] Getting interface description
[2025-10-27T15:19:39.452+08:00] Interface description end
[2025-10-27T15:19:39.452+08:00] Uploading test info to server
[2025-10-27T15:19:39.496+08:00] UploadTestInfoToServer end
[2025-10-27T15:19:39.626+08:00] size: 1440x768 dpr: 2
[2025-10-27T15:31:15.533+08:00] Getting interface description
[2025-10-27T15:31:15.533+08:00] Interface description end
[2025-10-27T15:31:15.533+08:00] Uploading test info to server
[2025-10-27T15:31:15.588+08:00] UploadTestInfoToServer end
[2025-10-27T15:31:15.769+08:00] size: 1440x768 dpr: 2
[2025-10-27T15:31:22.798+08:00] Getting interface description
[2025-10-27T15:31:22.798+08:00] Interface description end
[2025-10-27T15:31:22.798+08:00] Uploading test info to server
[2025-10-27T15:31:22.845+08:00] UploadTestInfoToServer end
[2025-10-27T15:31:22.978+08:00] size: 1440x768 dpr: 2
[2025-10-27T15:31:23.399+08:00] Getting interface description
[2025-10-27T15:31:23.399+08:00] Interface description end
[2025-10-27T15:31:23.400+08:00] Uploading test info to server
[2025-10-27T15:31:23.445+08:00] UploadTestInfoToServer end
[2025-10-27T15:31:23.574+08:00] size: 1440x768 dpr: 2
[2025-10-27T15:31:24.906+08:00] Getting interface description
[2025-10-27T15:31:24.906+08:00] Interface description end
[2025-10-27T15:31:24.906+08:00] Uploading test info to server
[2025-10-27T15:31:24.952+08:00] UploadTestInfoToServer end
[2025-10-27T15:31:25.088+08:00] size: 1440x768 dpr: 2
[2025-10-27T15:31:31.187+08:00] Getting interface description
[2025-10-27T15:31:31.187+08:00] Interface description end
[2025-10-27T15:31:31.187+08:00] Uploading test info to server
[2025-10-27T15:31:31.234+08:00] UploadTestInfoToServer end
[2025-10-27T15:31:31.373+08:00] size: 1440x768 dpr: 2
[2025-10-27T15:31:31.783+08:00] Getting interface description
[2025-10-27T15:31:31.783+08:00] Interface description end
[2025-10-27T15:31:31.783+08:00] Uploading test info to server
[2025-10-27T15:31:31.833+08:00] UploadTestInfoToServer end
[2025-10-27T15:31:31.952+08:00] size: 1440x768 dpr: 2
[2025-10-27T15:31:32.904+08:00] Getting interface description
[2025-10-27T15:31:32.904+08:00] Interface description end
[2025-10-27T15:31:32.904+08:00] Uploading test info to server
[2025-10-27T15:31:32.954+08:00] UploadTestInfoToServer end
[2025-10-27T15:31:33.083+08:00] size: 1440x768 dpr: 2
[2025-10-27T15:31:39.030+08:00] Getting interface description
[2025-10-27T15:31:39.030+08:00] Interface description end
[2025-10-27T15:31:39.030+08:00] Uploading test info to server
[2025-10-27T15:31:39.077+08:00] UploadTestInfoToServer end
[2025-10-27T15:31:39.209+08:00] size: 1440x768 dpr: 2
[2025-10-27T15:31:39.545+08:00] Getting interface description
[2025-10-27T15:31:39.545+08:00] Interface description end
[2025-10-27T15:31:39.545+08:00] Uploading test info to server
[2025-10-27T15:31:39.590+08:00] UploadTestInfoToServer end
[2025-10-27T15:31:39.712+08:00] size: 1440x768 dpr: 2
[2025-10-27T15:31:40.732+08:00] Getting interface description
[2025-10-27T15:31:40.732+08:00] Interface description end
[2025-10-27T15:31:40.732+08:00] Uploading test info to server
[2025-10-27T15:31:40.785+08:00] UploadTestInfoToServer end
[2025-10-27T15:31:40.920+08:00] size: 1440x768 dpr: 2
[2025-10-27T15:31:46.600+08:00] Getting interface description
[2025-10-27T15:31:46.601+08:00] Interface description end
[2025-10-27T15:31:46.601+08:00] Uploading test info to server
[2025-10-27T15:31:46.651+08:00] UploadTestInfoToServer end
[2025-10-27T15:31:46.802+08:00] size: 1440x768 dpr: 2
[2025-10-27T15:31:47.223+08:00] Getting interface description
[2025-10-27T15:31:47.223+08:00] Interface description end
[2025-10-27T15:31:47.223+08:00] Uploading test info to server
[2025-10-27T15:31:47.277+08:00] UploadTestInfoToServer end
[2025-10-27T15:31:47.408+08:00] size: 1440x768 dpr: 2
[2025-10-27T15:31:51.607+08:00] Getting interface description
[2025-10-27T15:31:51.607+08:00] Interface description end
[2025-10-27T15:31:51.607+08:00] Uploading test info to server
[2025-10-27T15:31:51.652+08:00] UploadTestInfoToServer end
[2025-10-27T15:31:51.764+08:00] size: 1440x768 dpr: 2
[2025-10-27T15:31:51.982+08:00] Getting interface description
[2025-10-27T15:31:51.982+08:00] Interface description end
[2025-10-27T15:31:51.982+08:00] Uploading test info to server
[2025-10-27T15:31:52.033+08:00] UploadTestInfoToServer end
[2025-10-27T15:31:52.147+08:00] size: 1440x768 dpr: 2
[2025-10-27T15:40:40.879+08:00] Getting interface description
[2025-10-27T15:40:40.879+08:00] Interface description end
[2025-10-27T15:40:40.879+08:00] Uploading test info to server
[2025-10-27T15:40:40.957+08:00] UploadTestInfoToServer end
