2025-01-23 15:25:12,279 - ERROR - 查询 => 申请日期: [[2025, 1, 1], [2025, 1, 2]]
2025-01-23 15:25:21,066 - INFO - 查询 => {'姓名': '六四', '身份证号': '370685196005183025', '申请日期': [[2025, 1, 1], [2025, 1, 2]], '申请机构': ['招远市卫健局'], '申请人': 'test', '状态': '已批准'}
2025-01-23 15:25:24,356 - INFO - 查询 => {'身份证号': '370685196005183025'}
2025-01-23 15:26:52,167 - INFO - 查询 => {'姓名': '六四', '身份证号': '370685196005183025', '申请日期': [[2025, 1, 1], [2025, 1, 2]], '申请机构': ['招远市卫健局'], '申请人': 'test', '状态': '已批准'}
2025-01-23 15:26:55,415 - INFO - 查询 => {'身份证号': '370685196005183025'}
2025-01-23 15:30:18,161 - INFO - 查询 => {'身份证号': '370685196005183025'}
2025-01-23 15:30:20,343 - INFO - 点击查看
2025-01-23 15:35:48,251 - INFO - 查询 => {'身份证号': '370685196005183025'}
2025-01-23 15:35:50,426 - INFO - 点击查看
2025-01-23 15:42:18,586 - INFO - 查询 => {'身份证号': '370685196005183025'}
2025-01-23 15:42:20,770 - INFO - 点击查看
2025-01-23 15:44:53,154 - INFO - 查询 => {'身份证号': '370685196005183025'}
2025-01-23 15:44:55,327 - INFO - 点击查看
2025-01-23 15:50:30,599 - INFO - 查询 => {'身份证号': '370685196005183025'}
2025-01-23 15:50:32,766 - INFO - 点击查看
2025-01-23 15:55:05,763 - INFO - 查询 => {'身份证号': '370685196005183025'}
2025-01-23 15:55:07,933 - INFO - 点击查看
2025-01-23 15:57:28,208 - INFO - 查询 => {'身份证号': '370685196005183025'}
2025-01-23 15:57:30,384 - INFO - 点击查看
2025-01-23 16:02:38,992 - INFO - 查询 => {'身份证号': '370685196005183025'}
2025-01-23 16:02:41,163 - INFO - 点击查看
2025-01-23 16:03:23,677 - INFO - 查询 => {'身份证号': '370685196005183025'}
2025-01-23 16:03:25,876 - INFO - 点击查看
2025-01-23 16:05:54,431 - INFO - 查询 => {'身份证号': '110101195901018874'}
2025-01-23 16:05:56,600 - INFO - 点击撤回
2025-01-23 16:06:59,251 - INFO - 查询 => {'身份证号': '110101195901018874'}
2025-01-23 16:07:01,418 - INFO - 点击撤回
2025-01-23 16:10:18,473 - ERROR - 查询 => 身份证号: 110101195901018874
2025-01-23 16:10:20,530 - INFO - 查询 => {'身份证号': '110101195901018874'}
2025-01-23 16:33:47,812 - ERROR - 查询 => 申请迁入原因: 不知道test123
2025-01-23 17:04:37,463 - ERROR - 查询 => 身份证号: 370685196005183025
2025-01-23 17:04:38,621 - ERROR - 查询 => 迁入地址: ['山东省', '烟台市', '招远市', '辛庄镇', '小宋家村民委员会', '甲方100号']
2025-01-23 17:04:40,709 - INFO - 查询 => {'身份证号': '370685196005183025', '勾选': ['all'], '申请迁入原因': '不知道test123', '迁入地址': ['山东省', '烟台市', '招远市', '辛庄镇', '小宋家村民委员会', '甲方100号']}
2025-01-23 17:07:05,344 - ERROR - 查询 => 身份证号: 370685196005183025
2025-01-23 17:07:06,511 - ERROR - 查询 => 迁入地址: ['山东省', '烟台市', '招远市', '辛庄镇', '小宋家村民委员会', '甲方100号']
2025-01-23 17:07:08,602 - INFO - 查询 => {'身份证号': '370685196005183025', '勾选': ['all'], '申请迁入原因': '不知道test123', '迁入地址': ['山东省', '烟台市', '招远市', '辛庄镇', '小宋家村民委员会', '甲方100号']}
2025-01-23 17:08:17,480 - ERROR - 查询 => 身份证号: 370685196005183025
2025-01-23 17:08:18,617 - ERROR - 查询 => 迁入地址: ['山东省', '烟台市', '招远市', '辛庄镇', '小宋家村民委员会', '甲方100号']
2025-01-23 17:08:20,737 - INFO - 查询 => {'身份证号': '370685196005183025', '勾选': ['all'], '申请迁入原因': '不知道test123', '迁入地址': ['山东省', '烟台市', '招远市', '辛庄镇', '小宋家村民委员会', '甲方100号']}
2025-01-23 17:09:34,422 - ERROR - 查询 => 身份证号: 370685196005183025
2025-01-23 17:09:42,778 - ERROR - 查询 => 迁入地址: ['山东省', '烟台市', '招远市', '辛庄镇', '小宋家村民委员会', '甲方100号']
2025-01-23 17:09:44,867 - INFO - 查询 => {'身份证号': '370685196005183025', '勾选': ['all'], '申请迁入原因': '不知道test123', '迁入地址': ['山东省', '烟台市', '招远市', '辛庄镇', '小宋家村民委员会', '甲方100号']}
2025-01-23 17:11:15,208 - ERROR - 查询 => 迁入地址: ['山东省', '烟台市', '招远市', '辛庄镇', '小宋家村民委员会', '甲方100号']
2025-01-23 17:11:17,300 - INFO - 查询 => {'身份证号': '370685196005183025', '勾选': ['all'], '申请迁入原因': '不知道test123', '迁入地址': ['山东省', '烟台市', '招远市', '辛庄镇', '小宋家村民委员会', '甲方100号']}
2025-01-23 17:15:28,186 - ERROR - 查询 => 迁入地址: ['山东省', '烟台市', '招远市', '辛庄镇', '小宋家村民委员会', '甲方100号']
2025-01-23 17:15:30,318 - INFO - 查询 => {'身份证号': '370685196005183025', '勾选': ['all'], '申请迁入原因': '不知道test123', '迁入地址': ['山东省', '烟台市', '招远市', '辛庄镇', '小宋家村民委员会', '甲方100号']}
2025-01-23 17:17:59,391 - INFO - 查询 => {'身份证号': '370685196005183025', '勾选': ['all'], '申请迁入原因': '不知道test123', '迁入地址': ['山东省', '烟台市', '招远市', '辛庄镇', '小宋家村民委员会', '甲方100号']}
2025-01-23 17:31:04,587 - INFO - 新增 => {'身份证号': '370685196005183025', '勾选': ['李明明'], '申请迁入原因': '不知道test123', '迁入地址': ['山东省', '烟台市', '招远市', '辛庄镇', '小宋家村民委员会', '甲方100号']}
2025-01-23 17:31:39,656 - ERROR - 新增失败 => 迁入地址: ['山东省', '烟台市', '招远市', '辛庄镇', '小宋家村民委员会', '甲方100号']
2025-01-23 17:31:39,657 - INFO - 新增 => {'身份证号': '370685196005183025', '勾选': ['六四'], '申请迁入原因': '不知道test123', '迁入地址': ['山东省', '烟台市', '招远市', '辛庄镇', '小宋家村民委员会', '甲方100号']}
2025-01-23 17:34:21,040 - INFO - 新增 => {'身份证号': '370685196005183025', '勾选': '所有人', '申请迁入原因': '不知道test123', '迁入地址': ['山东省', '烟台市', '招远市', '辛庄镇', '小宋家村民委员会', '甲方100号']}
2025-01-23 17:35:00,398 - ERROR - 新增失败 => 迁入地址: ['山东省', '烟台市', '招远市', '辛庄镇', '小宋家村民委员会', '甲方100号']
2025-01-23 17:35:00,399 - INFO - 新增 => {'身份证号': '370685196005183025', '勾选': '所有人', '申请迁入原因': '不知道test123', '迁入地址': ['山东省', '烟台市', '招远市', '辛庄镇', '小宋家村民委员会', '甲方100号']}
2025-01-23 17:35:25,413 - ERROR - 新增失败 => 迁入地址: ['山东省', '烟台市', '招远市', '辛庄镇', '小宋家村民委员会', '甲方100号']
2025-01-23 17:35:25,414 - INFO - 新增 => {'身份证号': '370685196005183025', '勾选': ['六四'], '申请迁入原因': '不知道test123', '迁入地址': ['山东省', '烟台市', '招远市', '辛庄镇', '小宋家村民委员会', '甲方100号']}
