2025-02-06 15:02:51,628 - INFO - 查询 => {'身份证号': '110107199001016298'}
2025-02-06 15:05:50,016 - ERROR - 查询 => 家庭住址: ['海阳市', '东村街道', '和平村委会']
2025-02-06 15:05:55,426 - INFO - 查询 => {'姓名': '胡成', '身份证号': '230202194504020016', '现住址': '上海东方路1000号', '家庭住址': ['海阳市', '东村街道', '和平村委会'], '管理机构': ['招远市卫健局']}
2025-02-06 15:07:13,405 - INFO - 查询 => {'姓名': '胡成', '身份证号': '230202194504020016', '现住址': '上海东方路1000号', '家庭住址': ['海阳市', '东村街道', '和平村委会'], '管理机构': ['招远市卫健局']}
2025-02-06 15:07:55,018 - INFO - 查询 => {'身份证号': '110107199001016298'}
2025-02-06 15:14:00,873 - INFO - 查询 => {'身份证号': '110107199001016298'}
2025-02-06 15:14:50,487 - INFO - 查询 => {'身份证号': '110107199001016298'}
2025-02-06 15:14:52,643 - INFO - 点击姓名
2025-02-06 15:15:42,054 - INFO - 查询 => {'身份证号': '110107199001016298'}
2025-02-06 15:15:42,156 - ERROR - 查看失败！
2025-02-06 17:31:38,452 - INFO - 查询 => {'身份证号': '110107199001016298'}
2025-02-06 17:31:38,552 - ERROR - 查看失败！
2025-02-06 17:33:49,825 - INFO - 查询 => {'身份证号': '110107199001016298'}
2025-02-06 17:35:03,210 - INFO - 查询 => {'身份证号': '110107199001016298'}
2025-02-06 17:40:07,740 - INFO - 查询 => {'身份证号': '110107199001016298'}
2025-02-06 17:40:50,069 - INFO - 查询 => {'身份证号': '110107199001016298'}
2025-02-06 17:40:52,245 - ERROR - 查看失败！
2025-02-06 17:46:11,624 - INFO - 查询 => {'身份证号': '110107199001016298'}
2025-02-06 17:48:32,114 - INFO - 查询 => {'身份证号': '110107199001016298'}
2025-02-06 17:48:36,484 - ERROR - 维护家庭成员失败！
2025-02-06 17:56:36,117 - INFO - 查询 => {'身份证号': '110107199001016298'}
2025-02-06 17:56:40,462 - ERROR - 维护家庭成员失败！
2025-02-06 17:57:36,661 - INFO - 查询 => {'身份证号': '110107199001016298'}
2025-02-06 17:57:43,115 - INFO - 点击维护家庭成员
2025-02-07 09:17:09,295 - INFO - 查询 => {'身份证号': '110107199001016298'}
2025-02-07 09:17:15,758 - INFO - 点击维护家庭成员
2025-02-07 09:38:33,051 - INFO - 查询 => {'身份证号': '110107199001016298'}
2025-02-07 09:38:39,511 - INFO - 点击维护家庭成员
2025-02-07 09:39:36,762 - INFO - 查询 => {'身份证号': '110107199001016298'}
2025-02-07 09:39:41,129 - INFO - 点击维护家庭成员
2025-02-07 09:39:43,641 - ERROR - 更新失败 => 姓名: 陈蒙
2025-02-07 09:39:45,986 - ERROR - 更新失败 => 户主姓名: zhangsan
2025-02-07 09:39:48,371 - ERROR - 更新失败 => 户主身份证号: 3101011980012343
2025-02-07 09:39:50,707 - ERROR - 更新失败 => 与户主关系: 子
2025-02-07 09:39:50,708 - INFO - 更新 => {'姓名': '陈蒙', '户主姓名': 'zhangsan', '户主身份证号': '3101011980012343', '与户主关系': '子'}
2025-02-07 09:42:21,039 - INFO - 查询 => {'身份证号': '110107199001016298'}
2025-02-07 09:42:25,406 - INFO - 点击维护家庭成员
2025-02-07 09:42:30,727 - INFO - 更新 => {'姓名': '陈蒙', '户主姓名': 'zhangsan', '户主身份证号': '3101011980012343', '与户主关系': '子'}
2025-02-07 09:44:14,002 - INFO - 查询 => {'身份证号': '110107199001016298'}
2025-02-07 09:44:18,326 - INFO - 点击维护家庭成员
2025-02-07 09:44:25,798 - INFO - 更新 => [{'姓名': '陈蒙', '户主姓名': 'zhangsan', '户主身份证号': '3101011980012343', '与户主关系': '子'}]
2025-02-07 09:50:27,295 - INFO - 查询 => {'身份证号': '110107199001016298'}
2025-02-07 09:50:37,846 - INFO - 点击维护家庭成员
2025-02-07 09:52:04,350 - INFO - 查询 => {'身份证号': '110118199001019375'}
2025-02-07 09:52:08,675 - INFO - 点击维护家庭成员
2025-02-07 09:52:08,734 - INFO - 更新 => [{'姓名': '陈蒙', '户主姓名': 'zhangsan', '户主身份证号': '3101011980012343', '与户主关系': '户主'}]
2025-02-07 09:52:44,272 - INFO - 查询 => {'身份证号': '110118199001019375'}
2025-02-07 09:52:48,593 - INFO - 点击维护家庭成员
2025-02-07 09:52:53,917 - INFO - 更新 => [{'姓名': '胡成', '户主姓名': 'zhangsan', '户主身份证号': '3101011980012343', '与户主关系': '户主'}]
