2025-02-28 10:11:20,841 - INFO - 查询 => {'姓名': '六四', '身份证号': '370685196005183025', '申请日期': [[2025, 1, 1], [2025, 1, 2]], '申请机构': '招远市卫健局', '申请人': 'test', '状态': '已批准'}
2025-02-28 10:14:06,720 - INFO - 查询 => {'是否仅查询机构': '是', '申请机构': '金岭镇卫生院'}
2025-02-28 10:15:00,223 - INFO - 查询 => {'身份证号': '370685196005183025', '申请日期': [[2025, 1, 1], [2025, 1, 2]], '申请机构': {'金岭镇卫生院': '金岭镇山上候家村卫生室'}}
2025-02-28 10:16:51,709 - INFO - 查询 => {'身份证号': '370685196005183025'}
2025-02-28 10:27:36,039 - ERROR - 新增失败 => 身份证号: 370685196005183025
2025-02-28 10:27:50,413 - INFO - 新增 => {'身份证号': '370685196005183025', '勾选': ['六四'], '申请迁入原因': '不知道test123', '迁入地址': ['山东省', '烟台市', '招远市', '辛庄镇', '小宋家村民委员会', '甲方100号']}
2025-02-28 10:30:44,276 - ERROR - 新增失败 => 身份证号: 370685196005183025
2025-02-28 10:30:56,444 - WARNING - Retrying (Retry(total=2, connect=None, read=None, redirect=None, status=None)) after connection broken by 'ProtocolError('Connection aborted.', RemoteDisconnected('Remote end closed connection without response'))': /session/c75ada613b5caef6a468613bb450c29b/element/f.556A17412831D3EECFC5D93F01858723.d.6363F43426C253292BE35A57D81DF37F.e.9738/text
2025-02-28 10:30:56,447 - WARNING - Retrying (Retry(total=1, connect=None, read=None, redirect=None, status=None)) after connection broken by 'NewConnectionError('<urllib3.connection.HTTPConnection object at 0x7f9f72d28b50>: Failed to establish a new connection: [Errno 61] Connection refused')': /session/c75ada613b5caef6a468613bb450c29b/element/f.556A17412831D3EECFC5D93F01858723.d.6363F43426C253292BE35A57D81DF37F.e.9738/text
2025-02-28 10:30:56,450 - WARNING - Retrying (Retry(total=0, connect=None, read=None, redirect=None, status=None)) after connection broken by 'NewConnectionError('<urllib3.connection.HTTPConnection object at 0x7f9f72d29fc0>: Failed to establish a new connection: [Errno 61] Connection refused')': /session/c75ada613b5caef6a468613bb450c29b/element/f.556A17412831D3EECFC5D93F01858723.d.6363F43426C253292BE35A57D81DF37F.e.9738/text
2025-02-28 10:30:56,453 - ERROR - 新增失败 => 迁入地址: ['山东省', '烟台市', '招远市', '辛庄镇', '小宋家村民委员会', '甲方100号']
2025-02-28 10:30:56,453 - INFO - 新增 => {'身份证号': '370685196005183025', '勾选': ['六四'], '申请迁入原因': '不知道test123', '迁入地址': ['山东省', '烟台市', '招远市', '辛庄镇', '小宋家村民委员会', '甲方100号']}
2025-02-28 10:33:47,912 - ERROR - 新增失败 => 身份证号: 370685196005183025
2025-02-28 10:34:02,427 - INFO - 新增 => {'身份证号': '370685196005183025', '勾选': ['六四'], '申请迁入原因': '不知道test123', '迁入地址': ['山东省', '烟台市', '招远市', '辛庄镇', '小宋家村民委员会', '甲方100号']}
2025-02-28 10:36:10,775 - ERROR - 新增失败 => 身份证号: 370685196005183025
2025-02-28 10:36:25,152 - INFO - 新增 => {'身份证号': '370685196005183025', '勾选': ['六四'], '申请迁入原因': '不知道test123', '迁入地址': ['山东省', '烟台市', '招远市', '辛庄镇', '小宋家村民委员会', '甲方100号']}
2025-02-28 10:36:51,014 - ERROR - 新增失败 => 勾选: ['六四']
2025-02-28 10:37:05,494 - INFO - 新增 => {'身份证号': '370685196005183025', '勾选': ['六四'], '申请迁入原因': '不知道test123', '迁入地址': ['山东省', '烟台市', '招远市', '辛庄镇', '小宋家村民委员会', '甲方100号']}
2025-02-28 10:51:57,398 - ERROR - 新增失败 => 身份证号: 370685196005183025
2025-02-28 10:52:03,325 - ERROR - 新增失败 => 迁入地址: ['山东省', '烟台市', '招远市', '辛庄镇', '小宋家村民委员会', '甲方100号']
2025-02-28 10:52:03,325 - INFO - 新增 => {'身份证号': '370685196005183025', '勾选': ['六四'], '申请迁入原因': '不知道test123', '迁入地址': ['山东省', '烟台市', '招远市', '辛庄镇', '小宋家村民委员会', '甲方100号']}
2025-02-28 11:06:30,503 - INFO - 新增 => {'身份证号': '370685196005183025', '勾选': ['六四'], '申请迁入原因': '不知道test123', '迁入地址': ['山东省', '烟台市', '招远市', '辛庄镇', '小宋家村民委员会', '甲方100号']}
2025-02-28 11:07:33,731 - ERROR - 新增失败 => 身份证号: 370685196005183025
2025-02-28 11:07:48,270 - INFO - 新增 => {'身份证号': '370685196005183025', '勾选': ['六四'], '申请迁入原因': '不知道test123', '迁入地址': ['山东省', '烟台市', '招远市', '辛庄镇', '小宋家村民委员会', '甲方100号']}
2025-02-28 11:08:23,558 - ERROR - 新增失败 => 迁入地址: ['山东省', '烟台市', '招远市', '辛庄镇', '小宋家村民委员会', '甲方100号']
2025-02-28 11:08:23,558 - INFO - 新增 => {'身份证号': '370685196005183025', '勾选': ['六四'], '申请迁入原因': '不知道test123', '迁入地址': ['山东省', '烟台市', '招远市', '辛庄镇', '小宋家村民委员会', '甲方100号']}
2025-02-28 11:19:39,643 - INFO - 新增 => {'身份证号': {'370685196005183025': '全选'}}
2025-02-28 11:20:05,747 - INFO - 新增 => {'身份证号': {'370685196005183025': '无'}}
2025-02-28 11:28:03,831 - INFO - {'operate': '查看', 'option': {'姓名': '黄忠文'}}
2025-02-28 11:31:46,701 - INFO - {'operate': '查看', 'option': {'姓名': '黄忠文'}}
2025-02-28 11:40:14,353 - INFO - {'operate': '姓名', 'option': {'身份证号': '370602199404212115'}}
2025-02-28 11:40:14,355 - INFO - {'operate': '获取', 'data': {}}
2025-02-28 11:41:33,756 - INFO - {'operate': '姓名', 'option': {'身份证号': '370602199404212115'}}
2025-02-28 11:41:33,760 - INFO - {'operate': '获取', 'data': {}}
