2025-02-21 09:55:13,085 - ERROR - 查询 => 管理机构: ['招远市卫健局']
2025-02-21 09:55:21,977 - INFO - 查询 => {'管理机构': ['招远市卫健局'], '档案状态': '在档', '姓名': '胡成', '年龄': [12, 14], '身份证号': '110101194301191302'}
2025-02-21 09:56:06,340 - ERROR - 查询 => 管理机构: ['招远市卫健局']
2025-02-21 09:56:16,343 - INFO - 查询 => {'管理机构': ['招远市卫健局'], '档案状态': '在档', '姓名': '胡成', '年龄': [12, 14], '身份证号': '110101194301191302', '联系电话': '13817161514'}
2025-02-21 10:59:18,122 - INFO - 查询 => {'身份证号': '110101194301191302'}
2025-02-21 10:59:18,125 - ERROR - {'operate': '新增登记及第一次产前随访', 'option': {'身份证号': '110101194301191302'}}失败！
2025-02-21 10:59:18,157 - ERROR - {'operate': '新增登记及第一次产前随访', 'data': {'填表日期': [2024, 7, 1], '是否高危产妇': '是', '丈夫姓名': '阿依达', '丈夫年龄': '43', '丈夫电话': '13611223344', '孕次': '3', '产次': ['3', '4'], '末次月经': [2024, 7, 1], '孕周': ['5', '6'], '预产期': [2024, 9, 1], '既往史': ['心脏病', {'其他': '1231'}]}}失败！
2025-02-21 11:00:21,865 - INFO - 查询 => {'身份证号': '110101194301191302'}
2025-02-21 11:00:21,867 - ERROR - {'operate': '新增登记及第一次产前随访', 'option': {'身份证号': '110101194301191302'}}失败！
2025-02-21 11:00:21,899 - ERROR - {'operate': '新增登记及第一次产前随访', 'data': {'填表日期': [2024, 7, 1], '是否高危产妇': '是', '丈夫姓名': '阿依达', '丈夫年龄': '43', '丈夫电话': '13611223344', '孕次': '3', '产次': ['3', '4'], '末次月经': [2024, 7, 1], '孕周': ['5', '6'], '预产期': [2024, 9, 1], '既往史': ['心脏病', {'其他': '1231'}]}}失败！
2025-02-21 11:01:17,355 - INFO - 查询 => {'身份证号': '110101194301191302'}
2025-02-21 11:01:23,796 - ERROR - {'operate': '新增登记及第一次产前随访', 'option': {'身份证号': '110101194301191302'}}失败！
2025-02-21 11:01:23,825 - ERROR - {'operate': '新增登记及第一次产前随访', 'data': {'填表日期': [2024, 7, 1], '是否高危产妇': '是', '丈夫姓名': '阿依达', '丈夫年龄': '43', '丈夫电话': '13611223344', '孕次': '3', '产次': ['3', '4'], '末次月经': [2024, 7, 1], '孕周': ['5', '6'], '预产期': [2024, 9, 1], '既往史': ['心脏病', {'其他': '1231'}]}}失败！
2025-02-21 11:01:58,131 - INFO - 查询 => {'身份证号': '110101194301191302'}
2025-02-21 11:02:04,534 - INFO - 点击{'operate': '新增登记及第一次产前随访', 'option': {'身份证号': '110101194301191302'}}
2025-02-21 11:02:04,570 - ERROR - {'operate': '新增登记及第一次产前随访', 'data': {'填表日期': [2024, 7, 1], '是否高危产妇': '是', '丈夫姓名': '阿依达', '丈夫年龄': '43', '丈夫电话': '13611223344', '孕次': '3', '产次': ['3', '4'], '末次月经': [2024, 7, 1], '孕周': ['5', '6'], '预产期': [2024, 9, 1], '既往史': ['心脏病', {'其他': '1231'}]}}失败！
2025-02-21 11:02:58,441 - INFO - 查询 => {'身份证号': '110101194301191302'}
2025-02-21 11:03:04,861 - INFO - 点击{'operate': '新增登记及第一次产前随访', 'option': {'身份证号': '110101194301191302'}}
2025-02-21 11:03:04,990 - ERROR - {'operate': '新增登记及第一次产前随访', 'data': {'填表日期': [2024, 7, 1], '是否高危产妇': '是', '丈夫姓名': '阿依达', '丈夫年龄': '43', '丈夫电话': '13611223344', '孕次': '3', '产次': ['3', '4'], '末次月经': [2024, 7, 1], '孕周': ['5', '6'], '预产期': [2024, 9, 1], '既往史': ['心脏病', {'其他': '1231'}]}}失败！
2025-02-21 11:03:28,107 - INFO - 查询 => {'身份证号': '110101194301191302'}
2025-02-21 11:03:34,534 - INFO - 点击{'operate': '新增登记及第一次产前随访', 'option': {'身份证号': '110101194301191302'}}
2025-02-21 11:03:49,421 - ERROR - {'operate': '新增登记及第一次产前随访', 'data': {'填表日期': [2024, 7, 1], '是否高危产妇': '是', '丈夫姓名': '阿依达', '丈夫年龄': '43', '丈夫电话': '13611223344', '孕次': '3', '产次': ['3', '4'], '末次月经': [2024, 7, 1], '孕周': ['5', '6'], '预产期': [2024, 9, 1], '既往史': ['心脏病', {'其他': '1231'}]}}失败！
2025-02-21 11:08:22,507 - INFO - 查询 => {'身份证号': '110101194301191302'}
2025-02-21 11:08:28,912 - INFO - 点击{'operate': '新增登记及第一次产前随访', 'option': {'身份证号': '110101194301191302'}}
2025-02-21 11:09:21,844 - ERROR - {'operate': '新增登记及第一次产前随访', 'data': {'填表日期': [2024, 7, 1], '是否高危产妇': '是', '丈夫姓名': '阿依达', '丈夫年龄': '43', '丈夫电话': '13611223344', '孕次': '3', '产次': ['3', '4'], '末次月经': [2024, 7, 1], '孕周': ['5', '6'], '预产期': [2024, 9, 1], '既往史': ['心脏病', {'其他': '1231'}]}}失败！
2025-02-21 11:15:38,422 - INFO - 查询 => {'身份证号': '110101194301191302'}
2025-02-21 11:15:44,823 - INFO - 点击{'operate': '新增登记及第一次产前随访', 'option': {'身份证号': '110101194301191302'}}
2025-02-21 11:15:52,811 - INFO - 点击{'operate': '新增登记及第一次产前随访', 'data': {'末次月经': '不详', '既往史': ['心脏病', {'其他': '1231'}]}}
2025-02-21 11:32:37,692 - INFO - 查询 => {'身份证号': '110101194301191302'}
2025-02-21 11:32:44,100 - INFO - 点击{'operate': '新增登记及第一次产前随访', 'option': {'身份证号': '110101194301191302'}}
2025-02-21 11:32:48,624 - ERROR - {'operate': '新增登记及第一次产前随访', 'data': {'既往史': ['心脏病', {'其他': '1231'}]}}失败！
2025-02-21 11:34:50,292 - INFO - 查询 => {'身份证号': '110101194301191302'}
2025-02-21 11:34:56,698 - INFO - 点击{'operate': '新增登记及第一次产前随访', 'option': {'身份证号': '110101194301191302'}}
2025-02-21 11:35:01,216 - ERROR - {'operate': '新增登记及第一次产前随访', 'data': {'既往史': ['心脏病', {'其他': '1231'}]}}失败！
2025-02-21 11:35:46,566 - INFO - 查询 => {'身份证号': '110101194301191302'}
2025-02-21 11:35:53,012 - INFO - 点击{'operate': '新增登记及第一次产前随访', 'option': {'身份证号': '110101194301191302'}}
2025-02-21 11:35:57,547 - ERROR - {'operate': '新增登记及第一次产前随访', 'data': {'既往史': ['心脏病', {'其他': '1231'}]}}失败！
2025-02-21 11:37:59,922 - INFO - 查询 => {'身份证号': '110101194301191302'}
2025-02-21 11:38:06,386 - INFO - 点击{'operate': '新增登记及第一次产前随访', 'option': {'身份证号': '110101194301191302'}}
2025-02-21 11:38:10,982 - ERROR - {'operate': '新增登记及第一次产前随访', 'data': {'既往史': ['心脏病', {'其他': '1231'}]}}失败！
2025-02-21 11:38:56,128 - INFO - 查询 => {'身份证号': '110101194301191302'}
2025-02-21 11:39:02,532 - INFO - 点击{'operate': '新增登记及第一次产前随访', 'option': {'身份证号': '110101194301191302'}}
2025-02-21 11:39:07,067 - ERROR - {'operate': '新增登记及第一次产前随访', 'data': {'既往史': ['心脏病', {'其他': '1231'}]}}失败！
2025-02-21 11:40:24,693 - INFO - 查询 => {'身份证号': '110101194301191302'}
2025-02-21 11:40:31,177 - INFO - 点击{'operate': '新增登记及第一次产前随访', 'option': {'身份证号': '110101194301191302'}}
2025-02-21 11:40:38,066 - INFO - 点击{'operate': '新增登记及第一次产前随访', 'data': {'既往史': ['心脏病', {'其他': '1231'}]}}
2025-02-21 11:49:20,177 - INFO - 查询 => {'身份证号': '110101194301191302'}
2025-02-21 11:49:26,583 - INFO - 点击{'operate': '新增登记及第一次产前随访', 'option': {'身份证号': '110101194301191302'}}
2025-02-21 11:49:33,838 - INFO - 点击{'operate': '新增登记及第一次产前随访', 'data': {'丈夫姓名': '阿依达', '丈夫年龄': '43', '丈夫电话': '13611223344', '既往史': ['心脏病', {'其他': '1231'}]}}
2025-02-21 11:51:28,980 - INFO - 查询 => {'身份证号': '110101194301191302'}
2025-02-21 11:51:35,383 - INFO - 点击{'operate': '新增登记及第一次产前随访', 'option': {'身份证号': '110101194301191302'}}
2025-02-21 11:52:16,469 - INFO - 点击{'operate': '新增登记及第一次产前随访', 'data': {'填表日期': [2024, 1, 1], '是否高危产妇': '是', '丈夫姓名': '阿依达', '丈夫年龄': '43', '丈夫电话': '13611223344', '孕次': '1', '产次': ['2', '3'], '末次月经': [2024, 2, 2], '孕周': ['5', '6'], '预产期': [2024, 3, 3], '既往史': ['心脏病', {'其他': '1231'}]}}
2025-02-21 11:59:53,858 - INFO - 查询 => {'身份证号': '110101194301191302'}
2025-02-21 12:00:00,313 - INFO - 点击{'operate': '新增登记及第一次产前随访', 'option': {'身份证号': '110101194301191302'}}
2025-02-21 12:00:39,241 - ERROR - {'operate': '新增登记及第一次产前随访', 'data': {'填表日期': [2024, 1, 1], '是否高危产妇': '是', '丈夫姓名': '阿依达', '丈夫年龄': '43', '丈夫电话': '13611223344', '孕次': '1', '产次': ['2', '3'], '末次月经': [2024, 2, 2], '孕周': ['4', '5'], '预产期': [2024, 3, 3], '既往史': ['心脏病', {'其他': '1231'}], '家族史': ['精神病史', {'其他': '456'}], '妇科手术史': {'有': '234234'}, '个人史': ['吸烟', {'其他': '4yyy'}], '孕产史': ['1', '2', '3', '4', '5', '6'], '身高(cm)': '166', '体重(kg)': '66', '体质指数(kg/m²)': '123', '血压(mmHg)': '100', '心脏': {'异常': '123'}, '肺部': {'未见异常': ''}, '外阴': {'异常': '555'}, '阴道': {'异常': '7773'}, '宫颈': {'异常': '55553'}, '子宫': {'异常': 'www553'}, '附件': {'异常': '123'}, '血常规': {'血红蛋白值': '23', '白细胞计数值': '44', '血小板计数值': '235', '其他': '更好'}, '尿常规': {'尿蛋白': '+', '尿糖': '++', '尿酮体': '+++', '尿潜血': '++++', '其他': '5677'}, '血型': '不详', 'RH血型': 'Rh阳性', ' 血糖': '67', '血清谷丙转氨酶': '3434', '血清谷草转氨酶': '56', '白蛋白': '434', '总胆红素': '234', '结合胆红素': '66', '血清肌酐': '3424', '血尿素': '767', ' 阴道分泌物': ['滴虫', {'其他': '45'}], '阴道清洁度': 'III度', '乙型肝炎表面抗原': '阳性', ' 乙型肝炎表面抗体': '不详', ' 乙型肝炎e抗原': '不详', ' 乙型肝炎e抗体': '不详', ' 乙型肝炎核心抗体': '不详', ' 梅毒血清学试验': '阳性', ' HIV抗体检测': '阳性', 'B超': 'ert', ' 其他': 'rtyrtyrtyrty', '总体评估': 'very good', '保健指导': ['心理', {'其他': '23423'}], '建册情况': '已在其他机构建册', '建册单位': '自己家', '转诊': {'有': {'原因': '44', '机构及科室': '内科', '联系人': '张明全', '联系方式': '58776565', '结果': '到位'}}, '下次访视时间': [2025, 2, 5], '随访医生签名': 'test', '居民签名': 'peter'}}失败！
2025-02-21 12:05:40,420 - INFO - 查询 => {'身份证号': '110101194301191302'}
2025-02-21 12:05:46,815 - INFO - 点击{'operate': '新增登记及第一次产前随访', 'option': {'身份证号': '110101194301191302'}}
2025-02-21 12:05:46,960 - ERROR - {'operate': '新增登记及第一次产前随访', 'data': {'家族史': ['精神病史', {'其他': '456'}], '妇科手术史': {'有': '234234'}, '个人史': ['吸烟', {'其他': '4yyy'}], '孕产史': ['1', '2', '3', '4', '5', '6'], '身高(cm)': '166', '体重(kg)': '66', '体质指数(kg/m²)': '123', '血压(mmHg)': '100', '心脏': {'异常': '123'}, '肺部': {'未见异常': ''}, '外阴': {'异常': '555'}, '阴道': {'异常': '7773'}, '宫颈': {'异常': '55553'}, '子宫': {'异常': 'www553'}, '附件': {'异常': '123'}, '血常规': {'血红蛋白值': '23', '白细胞计数值': '44', '血小板计数值': '235', '其他': '更好'}, '尿常规': {'尿蛋白': '+', '尿糖': '++', '尿酮体': '+++', '尿潜血': '++++', '其他': '5677'}, '血型': '不详', 'RH血型': 'Rh阳性', ' 血糖': '67', '血清谷丙转氨酶': '3434', '血清谷草转氨酶': '56', '白蛋白': '434', '总胆红素': '234', '结合胆红素': '66', '血清肌酐': '3424', '血尿素': '767', ' 阴道分泌物': ['滴虫', {'其他': '45'}], '阴道清洁度': 'III度', '乙型肝炎表面抗原': '阳性', ' 乙型肝炎表面抗体': '不详', ' 乙型肝炎e抗原': '不详', ' 乙型肝炎e抗体': '不详', ' 乙型肝炎核心抗体': '不详', ' 梅毒血清学试验': '阳性', ' HIV抗体检测': '阳性', 'B超': 'ert', ' 其他': 'rtyrtyrtyrty', '总体评估': 'very good', '保健指导': ['心理', {'其他': '23423'}], '建册情况': '已在其他机构建册', '建册单位': '自己家', '转诊': {'有': {'原因': '44', '机构及科室': '内科', '联系人': '张明全', '联系方式': '58776565', '结果': '到位'}}, '下次访视时间': [2025, 2, 5], '随访医生签名': 'test', '居民签名': 'peter'}}失败！
2025-02-21 12:06:26,826 - INFO - 查询 => {'身份证号': '110101194301191302'}
2025-02-21 12:06:33,232 - INFO - 点击{'operate': '新增登记及第一次产前随访', 'option': {'身份证号': '110101194301191302'}}
2025-02-21 12:06:34,505 - ERROR - {'operate': '新增登记及第一次产前随访', 'data': {'妇科手术史': {'有': '234234'}, '个人史': ['吸烟', {'其他': '4yyy'}], '孕产史': ['1', '2', '3', '4', '5', '6'], '身高(cm)': '166', '体重(kg)': '66', '体质指数(kg/m²)': '123', '血压(mmHg)': '100', '心脏': {'异常': '123'}, '肺部': {'未见异常': ''}, '外阴': {'异常': '555'}, '阴道': {'异常': '7773'}, '宫颈': {'异常': '55553'}, '子宫': {'异常': 'www553'}, '附件': {'异常': '123'}, '血常规': {'血红蛋白值': '23', '白细胞计数值': '44', '血小板计数值': '235', '其他': '更好'}, '尿常规': {'尿蛋白': '+', '尿糖': '++', '尿酮体': '+++', '尿潜血': '++++', '其他': '5677'}, '血型': '不详', 'RH血型': 'Rh阳性', ' 血糖': '67', '血清谷丙转氨酶': '3434', '血清谷草转氨酶': '56', '白蛋白': '434', '总胆红素': '234', '结合胆红素': '66', '血清肌酐': '3424', '血尿素': '767', ' 阴道分泌物': ['滴虫', {'其他': '45'}], '阴道清洁度': 'III度', '乙型肝炎表面抗原': '阳性', ' 乙型肝炎表面抗体': '不详', ' 乙型肝炎e抗原': '不详', ' 乙型肝炎e抗体': '不详', ' 乙型肝炎核心抗体': '不详', ' 梅毒血清学试验': '阳性', ' HIV抗体检测': '阳性', 'B超': 'ert', ' 其他': 'rtyrtyrtyrty', '总体评估': 'very good', '保健指导': ['心理', {'其他': '23423'}], '建册情况': '已在其他机构建册', '建册单位': '自己家', '转诊': {'有': {'原因': '44', '机构及科室': '内科', '联系人': '张明全', '联系方式': '58776565', '结果': '到位'}}, '下次访视时间': [2025, 2, 5], '随访医生签名': 'test', '居民签名': 'peter'}}失败！
2025-02-21 12:08:26,510 - INFO - 查询 => {'身份证号': '110101194301191302'}
2025-02-21 12:08:32,908 - INFO - 点击{'operate': '新增登记及第一次产前随访', 'option': {'身份证号': '110101194301191302'}}
2025-02-21 12:08:34,155 - ERROR - {'operate': '新增登记及第一次产前随访', 'data': {'妇科手术史': {'有': '234234'}, '个人史': ['吸烟', {'其他': '4yyy'}], '孕产史': ['1', '2', '3', '4', '5', '6'], '身高(cm)': '166', '体重(kg)': '66', '体质指数(kg/m²)': '123', '血压(mmHg)': '100', '心脏': {'异常': '123'}, '肺部': {'未见异常': ''}, '外阴': {'异常': '555'}, '阴道': {'异常': '7773'}, '宫颈': {'异常': '55553'}, '子宫': {'异常': 'www553'}, '附件': {'异常': '123'}, '血常规': {'血红蛋白值': '23', '白细胞计数值': '44', '血小板计数值': '235', '其他': '更好'}, '尿常规': {'尿蛋白': '+', '尿糖': '++', '尿酮体': '+++', '尿潜血': '++++', '其他': '5677'}, '血型': '不详', 'RH血型': 'Rh阳性', ' 血糖': '67', '血清谷丙转氨酶': '3434', '血清谷草转氨酶': '56', '白蛋白': '434', '总胆红素': '234', '结合胆红素': '66', '血清肌酐': '3424', '血尿素': '767', ' 阴道分泌物': ['滴虫', {'其他': '45'}], '阴道清洁度': 'III度', '乙型肝炎表面抗原': '阳性', ' 乙型肝炎表面抗体': '不详', ' 乙型肝炎e抗原': '不详', ' 乙型肝炎e抗体': '不详', ' 乙型肝炎核心抗体': '不详', ' 梅毒血清学试验': '阳性', ' HIV抗体检测': '阳性', 'B超': 'ert', ' 其他': 'rtyrtyrtyrty', '总体评估': 'very good', '保健指导': ['心理', {'其他': '23423'}], '建册情况': '已在其他机构建册', '建册单位': '自己家', '转诊': {'有': {'原因': '44', '机构及科室': '内科', '联系人': '张明全', '联系方式': '58776565', '结果': '到位'}}, '下次访视时间': [2025, 2, 5], '随访医生签名': 'test', '居民签名': 'peter'}}失败！
2025-02-21 12:10:18,026 - INFO - 查询 => {'身份证号': '110101194301191302'}
2025-02-21 12:10:24,431 - INFO - 点击{'operate': '新增登记及第一次产前随访', 'option': {'身份证号': '110101194301191302'}}
2025-02-21 12:10:25,678 - ERROR - {'operate': '新增登记及第一次产前随访', 'data': {'妇科手术史': {'有': '234234'}, '个人史': ['吸烟', {'其他': '4yyy'}], '孕产史': ['1', '2', '3', '4', '5', '6'], '身高(cm)': '166', '体重(kg)': '66', '体质指数(kg/m²)': '123', '血压(mmHg)': '100', '心脏': {'异常': '123'}, '肺部': {'未见异常': ''}, '外阴': {'异常': '555'}, '阴道': {'异常': '7773'}, '宫颈': {'异常': '55553'}, '子宫': {'异常': 'www553'}, '附件': {'异常': '123'}, '血常规': {'血红蛋白值': '23', '白细胞计数值': '44', '血小板计数值': '235', '其他': '更好'}, '尿常规': {'尿蛋白': '+', '尿糖': '++', '尿酮体': '+++', '尿潜血': '++++', '其他': '5677'}, '血型': '不详', 'RH血型': 'Rh阳性', ' 血糖': '67', '血清谷丙转氨酶': '3434', '血清谷草转氨酶': '56', '白蛋白': '434', '总胆红素': '234', '结合胆红素': '66', '血清肌酐': '3424', '血尿素': '767', ' 阴道分泌物': ['滴虫', {'其他': '45'}], '阴道清洁度': 'III度', '乙型肝炎表面抗原': '阳性', ' 乙型肝炎表面抗体': '不详', ' 乙型肝炎e抗原': '不详', ' 乙型肝炎e抗体': '不详', ' 乙型肝炎核心抗体': '不详', ' 梅毒血清学试验': '阳性', ' HIV抗体检测': '阳性', 'B超': 'ert', ' 其他': 'rtyrtyrtyrty', '总体评估': 'very good', '保健指导': ['心理', {'其他': '23423'}], '建册情况': '已在其他机构建册', '建册单位': '自己家', '转诊': {'有': {'原因': '44', '机构及科室': '内科', '联系人': '张明全', '联系方式': '58776565', '结果': '到位'}}, '下次访视时间': [2025, 2, 5], '随访医生签名': 'test', '居民签名': 'peter'}}失败！
2025-02-21 12:12:19,657 - INFO - 查询 => {'身份证号': '110101194301191302'}
2025-02-21 12:12:26,123 - INFO - 点击{'operate': '新增登记及第一次产前随访', 'option': {'身份证号': '110101194301191302'}}
2025-02-21 12:12:27,584 - ERROR - {'operate': '新增登记及第一次产前随访', 'data': {'妇科手术史': {'有': '234234'}, '个人史': ['吸烟', {'其他': '4yyy'}], '孕产史': ['1', '2', '3', '4', '5', '6'], '身高(cm)': '166', '体重(kg)': '66', '体质指数(kg/m²)': '123', '血压(mmHg)': '100', '心脏': {'异常': '123'}, '肺部': {'未见异常': ''}, '外阴': {'异常': '555'}, '阴道': {'异常': '7773'}, '宫颈': {'异常': '55553'}, '子宫': {'异常': 'www553'}, '附件': {'异常': '123'}, '血常规': {'血红蛋白值': '23', '白细胞计数值': '44', '血小板计数值': '235', '其他': '更好'}, '尿常规': {'尿蛋白': '+', '尿糖': '++', '尿酮体': '+++', '尿潜血': '++++', '其他': '5677'}, '血型': '不详', 'RH血型': 'Rh阳性', ' 血糖': '67', '血清谷丙转氨酶': '3434', '血清谷草转氨酶': '56', '白蛋白': '434', '总胆红素': '234', '结合胆红素': '66', '血清肌酐': '3424', '血尿素': '767', ' 阴道分泌物': ['滴虫', {'其他': '45'}], '阴道清洁度': 'III度', '乙型肝炎表面抗原': '阳性', ' 乙型肝炎表面抗体': '不详', ' 乙型肝炎e抗原': '不详', ' 乙型肝炎e抗体': '不详', ' 乙型肝炎核心抗体': '不详', ' 梅毒血清学试验': '阳性', ' HIV抗体检测': '阳性', 'B超': 'ert', ' 其他': 'rtyrtyrtyrty', '总体评估': 'very good', '保健指导': ['心理', {'其他': '23423'}], '建册情况': '已在其他机构建册', '建册单位': '自己家', '转诊': {'有': {'原因': '44', '机构及科室': '内科', '联系人': '张明全', '联系方式': '58776565', '结果': '到位'}}, '下次访视时间': [2025, 2, 5], '随访医生签名': 'test', '居民签名': 'peter'}}失败！
2025-02-21 12:13:27,071 - INFO - 查询 => {'身份证号': '110101194301191302'}
2025-02-21 12:13:33,471 - INFO - 点击{'operate': '新增登记及第一次产前随访', 'option': {'身份证号': '110101194301191302'}}
2025-02-21 12:13:33,594 - ERROR - {'operate': '新增登记及第一次产前随访', 'data': {'家族史': ['精神病史', {'其他': '456'}], '妇科手术史': {'有': '234234'}, '个人史': ['吸烟', {'其他': '4yyy'}], '孕产史': ['1', '2', '3', '4', '5', '6'], '身高(cm)': '166', '体重(kg)': '66', '体质指数(kg/m²)': '123', '血压(mmHg)': '100', '心脏': {'异常': '123'}, '肺部': {'未见异常': ''}, '外阴': {'异常': '555'}, '阴道': {'异常': '7773'}, '宫颈': {'异常': '55553'}, '子宫': {'异常': 'www553'}, '附件': {'异常': '123'}, '血常规': {'血红蛋白值': '23', '白细胞计数值': '44', '血小板计数值': '235', '其他': '更好'}, '尿常规': {'尿蛋白': '+', '尿糖': '++', '尿酮体': '+++', '尿潜血': '++++', '其他': '5677'}, '血型': '不详', 'RH血型': 'Rh阳性', ' 血糖': '67', '血清谷丙转氨酶': '3434', '血清谷草转氨酶': '56', '白蛋白': '434', '总胆红素': '234', '结合胆红素': '66', '血清肌酐': '3424', '血尿素': '767', ' 阴道分泌物': ['滴虫', {'其他': '45'}], '阴道清洁度': 'III度', '乙型肝炎表面抗原': '阳性', ' 乙型肝炎表面抗体': '不详', ' 乙型肝炎e抗原': '不详', ' 乙型肝炎e抗体': '不详', ' 乙型肝炎核心抗体': '不详', ' 梅毒血清学试验': '阳性', ' HIV抗体检测': '阳性', 'B超': 'ert', ' 其他': 'rtyrtyrtyrty', '总体评估': 'very good', '保健指导': ['心理', {'其他': '23423'}], '建册情况': '已在其他机构建册', '建册单位': '自己家', '转诊': {'有': {'原因': '44', '机构及科室': '内科', '联系人': '张明全', '联系方式': '58776565', '结果': '到位'}}, '下次访视时间': [2025, 2, 5], '随访医生签名': 'test', '居民签名': 'peter'}}失败！
2025-02-21 12:17:46,423 - INFO - 查询 => {'身份证号': '110101194301191302'}
2025-02-21 12:17:52,913 - INFO - 点击{'operate': '新增登记及第一次产前随访', 'option': {'身份证号': '110101194301191302'}}
2025-02-21 12:17:56,756 - ERROR - {'operate': '新增登记及第一次产前随访', 'data': {'家族史': ['精神病史', {'其他': '456'}], '妇科手术史': {'有': '234234'}, '个人史': ['吸烟', {'其他': '4yyy'}], '孕产史': ['1', '2', '3', '4', '5', '6'], '身高(cm)': '166', '体重(kg)': '66', '体质指数(kg/m²)': '123', '血压(mmHg)': '100', '心脏': {'异常': '123'}, '肺部': {'未见异常': ''}, '外阴': {'异常': '555'}, '阴道': {'异常': '7773'}, '宫颈': {'异常': '55553'}, '子宫': {'异常': 'www553'}, '附件': {'异常': '123'}, '血常规': {'血红蛋白值': '23', '白细胞计数值': '44', '血小板计数值': '235', '其他': '更好'}, '尿常规': {'尿蛋白': '+', '尿糖': '++', '尿酮体': '+++', '尿潜血': '++++', '其他': '5677'}, '血型': '不详', 'RH血型': 'Rh阳性', ' 血糖': '67', '血清谷丙转氨酶': '3434', '血清谷草转氨酶': '56', '白蛋白': '434', '总胆红素': '234', '结合胆红素': '66', '血清肌酐': '3424', '血尿素': '767', ' 阴道分泌物': ['滴虫', {'其他': '45'}], '阴道清洁度': 'III度', '乙型肝炎表面抗原': '阳性', ' 乙型肝炎表面抗体': '不详', ' 乙型肝炎e抗原': '不详', ' 乙型肝炎e抗体': '不详', ' 乙型肝炎核心抗体': '不详', ' 梅毒血清学试验': '阳性', ' HIV抗体检测': '阳性', 'B超': 'ert', ' 其他': 'rtyrtyrtyrty', '总体评估': 'very good', '保健指导': ['心理', {'其他': '23423'}], '建册情况': '已在其他机构建册', '建册单位': '自己家', '转诊': {'有': {'原因': '44', '机构及科室': '内科', '联系人': '张明全', '联系方式': '58776565', '结果': '到位'}}, '下次访视时间': [2025, 2, 5], '随访医生签名': 'test', '居民签名': 'peter'}}失败！
2025-02-21 12:21:58,521 - INFO - 查询 => {'身份证号': '110101194301191302'}
2025-02-21 12:22:04,926 - INFO - 点击{'operate': '新增登记及第一次产前随访', 'option': {'身份证号': '110101194301191302'}}
2025-02-21 12:22:11,023 - ERROR - {'operate': '新增登记及第一次产前随访', 'data': {'家族史': ['精神病史', {'其他': '456'}], '妇科手术史': {'有': '234234'}, '个人史': ['吸烟', {'其他': '4yyy'}], '孕产史': ['1', '2', '3', '4', '5', '6'], '身高(cm)': '166', '体重(kg)': '66', '体质指数(kg/m²)': '123', '血压(mmHg)': '100', '心脏': {'异常': '123'}, '肺部': {'未见异常': ''}, '外阴': {'异常': '555'}, '阴道': {'异常': '7773'}, '宫颈': {'异常': '55553'}, '子宫': {'异常': 'www553'}, '附件': {'异常': '123'}, '血常规': {'血红蛋白值': '23', '白细胞计数值': '44', '血小板计数值': '235', '其他': '更好'}, '尿常规': {'尿蛋白': '+', '尿糖': '++', '尿酮体': '+++', '尿潜血': '++++', '其他': '5677'}, '血型': '不详', 'RH血型': 'Rh阳性', ' 血糖': '67', '血清谷丙转氨酶': '3434', '血清谷草转氨酶': '56', '白蛋白': '434', '总胆红素': '234', '结合胆红素': '66', '血清肌酐': '3424', '血尿素': '767', ' 阴道分泌物': ['滴虫', {'其他': '45'}], '阴道清洁度': 'III度', '乙型肝炎表面抗原': '阳性', ' 乙型肝炎表面抗体': '不详', ' 乙型肝炎e抗原': '不详', ' 乙型肝炎e抗体': '不详', ' 乙型肝炎核心抗体': '不详', ' 梅毒血清学试验': '阳性', ' HIV抗体检测': '阳性', 'B超': 'ert', ' 其他': 'rtyrtyrtyrty', '总体评估': 'very good', '保健指导': ['心理', {'其他': '23423'}], '建册情况': '已在其他机构建册', '建册单位': '自己家', '转诊': {'有': {'原因': '44', '机构及科室': '内科', '联系人': '张明全', '联系方式': '58776565', '结果': '到位'}}, '下次访视时间': [2025, 2, 5], '随访医生签名': 'test', '居民签名': 'peter'}}失败！
2025-02-21 12:23:41,882 - INFO - 查询 => {'身份证号': '110101194301191302'}
2025-02-21 12:23:48,291 - INFO - 点击{'operate': '新增登记及第一次产前随访', 'option': {'身份证号': '110101194301191302'}}
2025-02-21 12:24:05,060 - INFO - 点击{'operate': '新增登记及第一次产前随访', 'data': {'家族史': ['精神病史', {'其他': '456'}], '妇科手术史': {'有': '234234'}, '个人史': ['吸烟', {'其他': '4yyy'}], '孕产史': ['1', '2', '3', '4', '5', '6'], '身高(cm)': '166', '体重(kg)': '66', '体质指数(kg/m²)': '123', '血压(mmHg)': '100', '心脏': {'异常': '123'}, '肺部': {'未见异常': ''}, '外阴': {'异常': '555'}, '阴道': {'异常': '7773'}, '宫颈': {'异常': '55553'}, '子宫': {'异常': 'www553'}, '附件': {'异常': '123'}, '血常规': {'血红蛋白值': '23', '白细胞计数值': '44', '血小板计数值': '235', '其他': '更好'}, '尿常规': {'尿蛋白': '+', '尿糖': '++', '尿酮体': '+++', '尿潜血': '++++', '其他': '5677'}, '血型': '不详', 'RH血型': 'Rh阳性', ' 血糖': '67', '血清谷丙转氨酶': '3434', '血清谷草转氨酶': '56', '白蛋白': '434', '总胆红素': '234', '结合胆红素': '66', '血清肌酐': '3424', '血尿素': '767', ' 阴道分泌物': ['滴虫', {'其他': '45'}], '阴道清洁度': 'III度', '乙型肝炎表面抗原': '阳性', ' 乙型肝炎表面抗体': '不详', ' 乙型肝炎e抗原': '不详', ' 乙型肝炎e抗体': '不详', ' 乙型肝炎核心抗体': '不详', ' 梅毒血清学试验': '阳性', ' HIV抗体检测': '阳性', 'B超': 'ert', ' 其他': 'rtyrtyrtyrty', '总体评估': 'very good', '保健指导': ['心理', {'其他': '23423'}], '建册情况': '已在其他机构建册', '建册单位': '自己家', '转诊': {'有': {'原因': '44', '机构及科室': '内科', '联系人': '张明全', '联系方式': '58776565', '结果': '到位'}}, '下次访视时间': [2025, 2, 5], '随访医生签名': 'test', '居民签名': 'peter'}}
2025-02-21 12:49:02,893 - INFO - 查询 => {'身份证号': '110101194301191302'}
2025-02-21 12:49:09,314 - INFO - 点击{'operate': '新增登记及第一次产前随访', 'option': {'身份证号': '110101194301191302'}}
2025-02-21 12:49:21,300 - INFO - 点击{'operate': '新增登记及第一次产前随访', 'data': {'妇科手术史': {'有': '234234'}, '心脏': {'异常': '123'}, '肺部': {'未见异常': ''}, '外阴': {'异常': '555'}, '阴道': {'异常': '7773'}, '宫颈': {'异常': '55553'}, '子宫': {'异常': 'www553'}, '附件': {'异常': '123'}, '血常规': {'血红蛋白值': '23', '白细胞计数值': '44', '血小板计数值': '235', '其他': '更好'}, '尿常规': {'尿蛋白': '+', '尿糖': '++', '尿酮体': '+++', '尿潜血': '++++', '其他': '5677'}, '血型': '不详', 'RH血型': 'Rh阳性', ' 血糖': '67', '血清谷丙转氨酶': '3434', '血清谷草转氨酶': '56', '白蛋白': '434', '总胆红素': '234', '结合胆红素': '66', '血清肌酐': '3424', '血尿素': '767', ' 阴道分泌物': ['滴虫', {'其他': '45'}], '阴道清洁度': 'III度', '乙型肝炎表面抗原': '阳性', ' 乙型肝炎表面抗体': '不详', ' 乙型肝炎e抗原': '不详', ' 乙型肝炎e抗体': '不详', ' 乙型肝炎核心抗体': '不详', ' 梅毒血清学试验': '阳性', ' HIV抗体检测': '阳性', 'B超': 'ert', ' 其他': 'rtyrtyrtyrty', '总体评估': 'very good', '保健指导': ['心理', {'其他': '23423'}], '建册情况': '已在其他机构建册', '建册单位': '自己家', '转诊': {'有': {'原因': '44', '机构及科室': '内科', '联系人': '张明全', '联系方式': '58776565', '结果': '到位'}}, '下次访视时间': [2025, 2, 5], '随访医生签名': 'test', '居民签名': 'peter'}}
2025-02-21 13:01:23,387 - INFO - 查询 => {'身份证号': '110101194301191302'}
2025-02-21 13:01:29,791 - INFO - 点击{'operate': '新增登记及第一次产前随访', 'option': {'身份证号': '110101194301191302'}}
2025-02-21 13:01:32,868 - ERROR - {'operate': '新增登记及第一次产前随访', 'data': {'妇科手术史': {'有': '234234'}, '心脏': {'异常': '123'}, '肺部': {'未见异常': ''}, '外阴': {'异常': '555'}, '阴道': {'异常': '7773'}, '宫颈': {'异常': '55553'}, '子宫': {'异常': 'www553'}, '附件': {'异常': '69'}, '血常规': {'血红蛋白值': '23', '白细胞计数值': '44', '血小板计数值': '235', '其他': '更好'}, '尿常规': {'尿蛋白': '+', '尿糖': '++', '尿酮体': '+++', '尿潜血': '++++', '其他': '5677'}, '血型': '不详', 'RH血型': 'Rh阳性', ' 血糖': '67', '血清谷丙转氨酶': '3434', '血清谷草转氨酶': '56', '白蛋白': '434', '总胆红素': '234', '结合胆红素': '66', '血清肌酐': '3424', '血尿素': '767', ' 阴道分泌物': ['滴虫', {'其他': '45'}], '阴道清洁度': 'III度', '乙型肝炎表面抗原': '阳性', ' 乙型肝炎表面抗体': '不详', ' 乙型肝炎e抗原': '不详', ' 乙型肝炎e抗体': '不详', ' 乙型肝炎核心抗体': '不详', ' 梅毒血清学试验': '阳性', ' HIV抗体检测': '阳性', 'B超': 'ert', ' 其他': 'rtyrtyrtyrty', '总体评估': 'very good', '保健指导': ['心理', {'其他': '23423'}], '建册情况': '已在其他机构建册', '建册单位': '自己家', '转诊': {'有': {'原因': '44', '机构及科室': '内科', '联系人': '张明全', '联系方式': '58776565', '结果': '到位'}}, '下次访视时间': [2025, 2, 5], '随访医生签名': 'test', '居民签名': 'peter'}}失败！
2025-02-21 13:04:59,655 - INFO - 查询 => {'身份证号': '110101194301191302'}
2025-02-21 13:05:06,094 - INFO - 点击{'operate': '新增登记及第一次产前随访', 'option': {'身份证号': '110101194301191302'}}
2025-02-21 13:05:07,620 - ERROR - {'operate': '新增登记及第一次产前随访', 'data': {'妇科手术史': {'有': '234234'}, '心脏': {'异常': '123'}, '肺部': {'异常': '555'}, '外阴': {'异常': '555'}, '阴道': {'异常': '7773'}, '宫颈': {'异常': '55553'}, '子宫': {'异常': 'www553'}, '附件': {'异常': '69'}, '血常规': {'血红蛋白值': '23', '白细胞计数值': '44', '血小板计数值': '235', '其他': '更好'}, '尿常规': {'尿蛋白': '+', '尿糖': '++', '尿酮体': '+++', '尿潜血': '++++', '其他': '5677'}, '血型': '不详', 'RH血型': 'Rh阳性', ' 血糖': '67', '血清谷丙转氨酶': '3434', '血清谷草转氨酶': '56', '白蛋白': '434', '总胆红素': '234', '结合胆红素': '66', '血清肌酐': '3424', '血尿素': '767', ' 阴道分泌物': ['滴虫', {'其他': '45'}], '阴道清洁度': 'III度', '乙型肝炎表面抗原': '阳性', ' 乙型肝炎表面抗体': '不详', ' 乙型肝炎e抗原': '不详', ' 乙型肝炎e抗体': '不详', ' 乙型肝炎核心抗体': '不详', ' 梅毒血清学试验': '阳性', ' HIV抗体检测': '阳性', 'B超': 'ert', ' 其他': 'rtyrtyrtyrty', '总体评估': 'very good', '保健指导': ['心理', {'其他': '23423'}], '建册情况': '已在其他机构建册', '建册单位': '自己家', '转诊': {'有': {'原因': '44', '机构及科室': '内科', '联系人': '张明全', '联系方式': '58776565', '结果': '到位'}}, '下次访视时间': [2025, 2, 5], '随访医生签名': 'test', '居民签名': 'peter'}}失败！
2025-02-21 13:06:25,388 - INFO - 查询 => {'身份证号': '110101194301191302'}
2025-02-21 13:06:31,795 - INFO - 点击{'operate': '新增登记及第一次产前随访', 'option': {'身份证号': '110101194301191302'}}
2025-02-21 13:06:33,281 - ERROR - {'operate': '新增登记及第一次产前随访', 'data': {'妇科手术史': {'有': '234234'}, '心脏': {'异常': '123'}, '肺部': {'异常': '555'}, '外阴': {'异常': '555'}, '阴道': {'异常': '7773'}, '宫颈': {'异常': '55553'}, '子宫': {'异常': 'www553'}, '附件': {'异常': '69'}, '血常规': {'血红蛋白值': '23', '白细胞计数值': '44', '血小板计数值': '235', '其他': '更好'}, '尿常规': {'尿蛋白': '+', '尿糖': '++', '尿酮体': '+++', '尿潜血': '++++', '其他': '5677'}, '血型': '不详', 'RH血型': 'Rh阳性', ' 血糖': '67', '血清谷丙转氨酶': '3434', '血清谷草转氨酶': '56', '白蛋白': '434', '总胆红素': '234', '结合胆红素': '66', '血清肌酐': '3424', '血尿素': '767', ' 阴道分泌物': ['滴虫', {'其他': '45'}], '阴道清洁度': 'III度', '乙型肝炎表面抗原': '阳性', ' 乙型肝炎表面抗体': '不详', ' 乙型肝炎e抗原': '不详', ' 乙型肝炎e抗体': '不详', ' 乙型肝炎核心抗体': '不详', ' 梅毒血清学试验': '阳性', ' HIV抗体检测': '阳性', 'B超': 'ert', ' 其他': 'rtyrtyrtyrty', '总体评估': 'very good', '保健指导': ['心理', {'其他': '23423'}], '建册情况': '已在其他机构建册', '建册单位': '自己家', '转诊': {'有': {'原因': '44', '机构及科室': '内科', '联系人': '张明全', '联系方式': '58776565', '结果': '到位'}}, '下次访视时间': [2025, 2, 5], '随访医生签名': 'test', '居民签名': 'peter'}}失败！
2025-02-21 13:12:39,944 - INFO - 查询 => {'身份证号': '110101194301191302'}
2025-02-21 13:12:46,358 - INFO - 点击{'operate': '新增登记及第一次产前随访', 'option': {'身份证号': '110101194301191302'}}
2025-02-21 13:12:51,218 - ERROR - {'operate': '新增登记及第一次产前随访', 'data': {'妇科手术史': {'有': '234234'}, '身高(cm)': '166', '体重(kg)': '66', '体质指数(kg/m²)': '123', '血压(mmHg)': ['100', '122'], '心脏': {'异常': '123'}, '肺部': {'异常': '555'}, '外阴': {'异常': '555'}, '阴道': {'异常': '7773'}, '宫颈': {'异常': '55553'}, '子宫': {'异常': 'www553'}, '附件': {'异常': '69'}, '血常规': {'血红蛋白值': '23', '白细胞计数值': '44', '血小板计数值': '235', '其他': '更好'}, '尿常规': {'尿蛋白': '+', '尿糖': '++', '尿酮体': '+++', '尿潜血': '++++', '其他': '5677'}, '血型': '不详', 'RH血型': 'Rh阳性', ' 血糖': '67', '血清谷丙转氨酶': '3434', '血清谷草转氨酶': '56', '白蛋白': '434', '总胆红素': '234', '结合胆红素': '66', '血清肌酐': '3424', '血尿素': '767', ' 阴道分泌物': ['滴虫', {'其他': '45'}], '阴道清洁度': 'III度', '乙型肝炎表面抗原': '阳性', ' 乙型肝炎表面抗体': '不详', ' 乙型肝炎e抗原': '不详', ' 乙型肝炎e抗体': '不详', ' 乙型肝炎核心抗体': '不详', ' 梅毒血清学试验': '阳性', ' HIV抗体检测': '阳性', 'B超': 'ert', ' 其他': 'rtyrtyrtyrty', '总体评估': 'very good', '保健指导': ['心理', {'其他': '23423'}], '建册情况': '已在其他机构建册', '建册单位': '自己家', '转诊': {'有': {'原因': '44', '机构及科室': '内科', '联系人': '张明全', '联系方式': '58776565', '结果': '到位'}}, '下次访视时间': [2025, 2, 5], '随访医生签名': 'test', '居民签名': 'peter'}}失败！
2025-02-21 13:20:09,394 - INFO - 查询 => {'身份证号': '110101194301191302'}
2025-02-21 13:20:15,801 - INFO - 点击{'operate': '新增登记及第一次产前随访', 'option': {'身份证号': '110101194301191302'}}
2025-02-21 13:20:28,353 - ERROR - {'operate': '新增登记及第一次产前随访', 'data': {'妇科手术史': {'有': '234234'}, '身高(cm)': '166', '体重(kg)': '66', '体质指数(kg/m²)': '123', '血压(mmHg)': ['100', '98'], '心脏': {'异常': '1'}, '肺部': {'异常': '2'}, '外阴': {'异常': '3'}, '阴道': {'异常': '4'}, '宫颈': {'异常': '5'}, '子宫': {'异常': '6'}, '附件': {'异常': '7'}, '血常规': {'血红蛋白值': '23', '白细胞计数值': '44', '血小板计数值': '235', '其他': '更好'}, '尿常规': {'尿蛋白': '+', '尿糖': '++', '尿酮体': '+++', '尿潜血': '++++', '其他': '5677'}, '血型': '不详', 'RH血型': 'Rh阳性', ' 血糖': '67', '血清谷丙转氨酶': '3434', '血清谷草转氨酶': '56', '白蛋白': '434', '总胆红素': '234', '结合胆红素': '66', '血清肌酐': '3424', '血尿素': '767', ' 阴道分泌物': ['滴虫', {'其他': '45'}], '阴道清洁度': 'III度', '乙型肝炎表面抗原': '阳性', ' 乙型肝炎表面抗体': '不详', ' 乙型肝炎e抗原': '不详', ' 乙型肝炎e抗体': '不详', ' 乙型肝炎核心抗体': '不详', ' 梅毒血清学试验': '阳性', ' HIV抗体检测': '阳性', 'B超': 'ert', ' 其他': 'rtyrtyrtyrty', '总体评估': 'very good', '保健指导': ['心理', {'其他': '23423'}], '建册情况': '已在其他机构建册', '建册单位': '自己家', '转诊': {'有': {'原因': '44', '机构及科室': '内科', '联系人': '张明全', '联系方式': '58776565', '结果': '到位'}}, '下次访视时间': [2025, 2, 5], '随访医生签名': 'test', '居民签名': 'peter'}}失败！
2025-02-21 13:31:23,935 - INFO - 查询 => {'身份证号': '110101194301191302'}
2025-02-21 13:31:30,391 - INFO - 点击{'operate': '新增登记及第一次产前随访', 'option': {'身份证号': '110101194301191302'}}
2025-02-21 13:31:42,751 - ERROR - {'operate': '新增登记及第一次产前随访', 'data': {'妇科手术史': {'有': '234234'}, '身高(cm)': '166', '体重(kg)': '66', '体质指数(kg/m²)': '123', '血压(mmHg)': ['100', '98'], '心脏': {'异常': '1'}, '肺部': {'异常': '2'}, '外阴': {'异常': '3'}, '阴道': {'异常': '4'}, '宫颈': {'异常': '5'}, '子宫': {'异常': '6'}, '附件': {'异常': '7'}, '血常规': {'血红蛋白值': '23', '白细胞计数值': '44', '血小板计数值': '235', '其他': '更好'}, '尿常规': {'尿蛋白': '+', '尿糖': '++', '尿酮体': '+++', '尿潜血': '++++', '其他': '5677'}, '血型': '不详', 'RH血型': 'Rh阳性', ' 血糖': '67', '血清谷丙转氨酶': '3434', '血清谷草转氨酶': '56', '白蛋白': '434', '总胆红素': '234', '结合胆红素': '66', '血清肌酐': '3424', '血尿素': '767', ' 阴道分泌物': ['滴虫', {'其他': '45'}], '阴道清洁度': 'III度', '乙型肝炎表面抗原': '阳性', ' 乙型肝炎表面抗体': '不详', ' 乙型肝炎e抗原': '不详', ' 乙型肝炎e抗体': '不详', ' 乙型肝炎核心抗体': '不详', ' 梅毒血清学试验': '阳性', ' HIV抗体检测': '阳性', 'B超': 'ert', ' 其他': 'rtyrtyrtyrty', '总体评估': 'very good', '保健指导': ['心理', {'其他': '23423'}], '建册情况': '已在其他机构建册', '建册单位': '自己家', '转诊': {'有': {'原因': '44', '机构及科室': '内科', '联系人': '张明全', '联系方式': '58776565', '结果': '到位'}}, '下次访视时间': [2025, 2, 5], '随访医生签名': 'test', '居民签名': 'peter'}}失败！
2025-02-21 13:37:27,607 - INFO - 查询 => {'身份证号': '110101194301191302'}
2025-02-21 13:37:34,063 - INFO - 点击{'operate': '新增登记及第一次产前随访', 'option': {'身份证号': '110101194301191302'}}
2025-02-21 13:37:35,421 - ERROR - {'operate': '新增登记及第一次产前随访', 'data': {'妇科手术史': {'有': '234234'}, '尿常规': {'尿蛋白': '+', '尿糖': '++', '尿酮体': '+++', '尿潜血': '++++', '其他': '5677'}, '血型': '不详', 'RH血型': 'Rh阳性', ' 血糖': '67', '血清谷丙转氨酶': '3434', '血清谷草转氨酶': '56', '白蛋白': '434', '总胆红素': '234', '结合胆红素': '66', '血清肌酐': '3424', '血尿素': '767', ' 阴道分泌物': ['滴虫', {'其他': '45'}], '阴道清洁度': 'III度', '乙型肝炎表面抗原': '阳性', ' 乙型肝炎表面抗体': '不详', ' 乙型肝炎e抗原': '不详', ' 乙型肝炎e抗体': '不详', ' 乙型肝炎核心抗体': '不详', ' 梅毒血清学试验': '阳性', ' HIV抗体检测': '阳性', 'B超': 'ert', ' 其他': 'rtyrtyrtyrty', '总体评估': 'very good', '保健指导': ['心理', {'其他': '23423'}], '建册情况': '已在其他机构建册', '建册单位': '自己家', '转诊': {'有': {'原因': '44', '机构及科室': '内科', '联系人': '张明全', '联系方式': '58776565', '结果': '到位'}}, '下次访视时间': [2025, 2, 5], '随访医生签名': 'test', '居民签名': 'peter'}}失败！
2025-02-21 13:42:14,292 - INFO - 查询 => {'身份证号': '110101194301191302'}
2025-02-21 13:42:20,693 - INFO - 点击{'operate': '新增登记及第一次产前随访', 'option': {'身份证号': '110101194301191302'}}
2025-02-21 13:42:31,262 - ERROR - {'operate': '新增登记及第一次产前随访', 'data': {'妇科手术史': {'有': '234234'}, '尿常规': {'尿蛋白': '+', '尿糖': '++', '尿酮体': '+++', '尿潜血': '++++', '其他': '5677'}, '血型': '不详', 'RH血型': 'Rh阳性', ' 血糖': '67', '血清谷丙转氨酶': '3434', '血清谷草转氨酶': '56', '白蛋白': '434', '总胆红素': '234', '结合胆红素': '66', '血清肌酐': '3424', '血尿素': '767', ' 阴道分泌物': ['滴虫', {'其他': '45'}], '阴道清洁度': 'III度', '乙型肝炎表面抗原': '阳性', ' 乙型肝炎表面抗体': '不详', ' 乙型肝炎e抗原': '不详', ' 乙型肝炎e抗体': '不详', ' 乙型肝炎核心抗体': '不详', ' 梅毒血清学试验': '阳性', ' HIV抗体检测': '阳性', 'B超': 'ert', ' 其他': 'rtyrtyrtyrty', '总体评估': 'very good', '保健指导': ['心理', {'其他': '23423'}], '建册情况': '已在其他机构建册', '建册单位': '自己家', '转诊': {'有': {'原因': '44', '机构及科室': '内科', '联系人': '张明全', '联系方式': '58776565', '结果': '到位'}}, '下次访视时间': [2025, 2, 5], '随访医生签名': 'test', '居民签名': 'peter'}}失败！
2025-02-21 13:48:40,690 - INFO - 查询 => {'身份证号': '110101194301191302'}
2025-02-21 13:48:47,085 - INFO - 点击{'operate': '新增登记及第一次产前随访', 'option': {'身份证号': '110101194301191302'}}
2025-02-21 13:48:58,225 - ERROR - {'operate': '新增登记及第一次产前随访', 'data': {'妇科手术史': {'有': '234234'}, '尿常规': {'尿蛋白': '+', '尿糖': '++', '尿酮体': '+++', '尿潜血': '++++', '其他': '5677'}, '血型': '不详', 'RH血型': 'Rh阳性', ' 血糖': '67', '血清谷丙转氨酶': '3434', '血清谷草转氨酶': '56', '白蛋白': '434', '总胆红素': '234', '结合胆红素': '66', '血清肌酐': '3424', '血尿素': '767', ' 阴道分泌物': ['滴虫', {'其他': '45'}], '阴道清洁度': 'III度', '乙型肝炎表面抗原': '阳性', ' 乙型肝炎表面抗体': '不详', ' 乙型肝炎e抗原': '不详', ' 乙型肝炎e抗体': '不详', ' 乙型肝炎核心抗体': '不详', ' 梅毒血清学试验': '阳性', ' HIV抗体检测': '阳性', 'B超': 'ert', ' 其他': 'rtyrtyrtyrty', '总体评估': 'very good', '保健指导': ['心理', {'其他': '23423'}], '建册情况': '已在其他机构建册', '建册单位': '自己家', '转诊': {'有': {'原因': '44', '机构及科室': '内科', '联系人': '张明全', '联系方式': '58776565', '结果': '到位'}}, '下次访视时间': [2025, 2, 5], '随访医生签名': 'test', '居民签名': 'peter'}}失败！
2025-02-21 13:53:13,078 - INFO - 查询 => {'身份证号': '110101194301191302'}
2025-02-21 13:53:19,481 - INFO - 点击{'operate': '新增登记及第一次产前随访', 'option': {'身份证号': '110101194301191302'}}
2025-02-21 13:53:31,797 - ERROR - {'operate': '新增登记及第一次产前随访', 'data': {'妇科手术史': {'有': '234234'}, '尿常规': {'尿蛋白': '+', '尿糖': '++', '尿酮体': '+++', '尿潜血': '++++', '其他': '5677'}, '血型': 'O型', 'RH血型': 'Rh阳性', ' 血糖': '67', '血清谷丙转氨酶': '3434', '血清谷草转氨酶': '56', '白蛋白': '434', '总胆红素': '234', '结合胆红素': '66', '血清肌酐': '3424', '血尿素': '767', ' 阴道分泌物': ['滴虫', {'其他': '45'}], '阴道清洁度': 'III度', '乙型肝炎表面抗原': '阳性', ' 乙型肝炎表面抗体': '不详', ' 乙型肝炎e抗原': '不详', ' 乙型肝炎e抗体': '不详', ' 乙型肝炎核心抗体': '不详', ' 梅毒血清学试验': '阳性', ' HIV抗体检测': '阳性', 'B超': 'ert', ' 其他': 'rtyrtyrtyrty', '总体评估': 'very good', '保健指导': ['心理', {'其他': '23423'}], '建册情况': '已在其他机构建册', '建册单位': '自己家', '转诊': {'有': {'原因': '44', '机构及科室': '内科', '联系人': '张明全', '联系方式': '58776565', '结果': '到位'}}, '下次访视时间': [2025, 2, 5], '随访医生签名': 'test', '居民签名': 'peter'}}失败！
2025-02-21 13:55:10,522 - INFO - 查询 => {'身份证号': '110101194301191302'}
2025-02-21 13:55:16,918 - INFO - 点击{'operate': '新增登记及第一次产前随访', 'option': {'身份证号': '110101194301191302'}}
2025-02-21 13:55:28,081 - ERROR - {'operate': '新增登记及第一次产前随访', 'data': {'妇科手术史': {'有': '234234'}, '尿常规': {'尿蛋白': '+', '尿糖': '++', '尿酮体': '+++', '尿潜血': '++++', '其他': '5677'}, '血型': '不详', 'RH血型': 'Rh阳性', ' 血糖': '67', '血清谷丙转氨酶': '3434', '血清谷草转氨酶': '56', '白蛋白': '434', '总胆红素': '234', '结合胆红素': '66', '血清肌酐': '3424', '血尿素': '767', ' 阴道分泌物': ['滴虫', {'其他': '45'}], '阴道清洁度': 'III度', '乙型肝炎表面抗原': '阳性', ' 乙型肝炎表面抗体': '不详', ' 乙型肝炎e抗原': '不详', ' 乙型肝炎e抗体': '不详', ' 乙型肝炎核心抗体': '不详', ' 梅毒血清学试验': '阳性', ' HIV抗体检测': '阳性', 'B超': 'ert', ' 其他': 'rtyrtyrtyrty', '总体评估': 'very good', '保健指导': ['心理', {'其他': '23423'}], '建册情况': '已在其他机构建册', '建册单位': '自己家', '转诊': {'有': {'原因': '44', '机构及科室': '内科', '联系人': '张明全', '联系方式': '58776565', '结果': '到位'}}, '下次访视时间': [2025, 2, 5], '随访医生签名': 'test', '居民签名': 'peter'}}失败！
2025-02-21 13:58:17,928 - INFO - 查询 => {'身份证号': '110101194301191302'}
2025-02-21 13:58:24,319 - INFO - 点击{'operate': '新增登记及第一次产前随访', 'option': {'身份证号': '110101194301191302'}}
2025-02-21 13:58:26,088 - ERROR - {'operate': '新增登记及第一次产前随访', 'data': {'妇科手术史': {'有': '234234'}, '血型': '不详', 'RH血型': 'Rh阳性', ' 血糖': '67', '血清谷丙转氨酶': '3434', '血清谷草转氨酶': '56', '白蛋白': '434', '总胆红素': '234', '结合胆红素': '66', '血清肌酐': '3424', '血尿素': '767', ' 阴道分泌物': ['滴虫', {'其他': '45'}], '阴道清洁度': 'III度', '乙型肝炎表面抗原': '阳性', ' 乙型肝炎表面抗体': '不详', ' 乙型肝炎e抗原': '不详', ' 乙型肝炎e抗体': '不详', ' 乙型肝炎核心抗体': '不详', ' 梅毒血清学试验': '阳性', ' HIV抗体检测': '阳性', 'B超': 'ert', ' 其他': 'rtyrtyrtyrty', '总体评估': 'very good', '保健指导': ['心理', {'其他': '23423'}], '建册情况': '已在其他机构建册', '建册单位': '自己家', '转诊': {'有': {'原因': '44', '机构及科室': '内科', '联系人': '张明全', '联系方式': '58776565', '结果': '到位'}}, '下次访视时间': [2025, 2, 5], '随访医生签名': 'test', '居民签名': 'peter'}}失败！
2025-02-21 13:59:58,679 - INFO - 查询 => {'身份证号': '110101194301191302'}
2025-02-21 14:00:05,155 - INFO - 点击{'operate': '新增登记及第一次产前随访', 'option': {'身份证号': '110101194301191302'}}
2025-02-21 14:00:08,114 - ERROR - {'operate': '新增登记及第一次产前随访', 'data': {'妇科手术史': {'有': '234234'}, '血型': 'AB型', 'RH血型': 'Rh阳性', ' 血糖': '67', '血清谷丙转氨酶': '3434', '血清谷草转氨酶': '56', '白蛋白': '434', '总胆红素': '234', '结合胆红素': '66', '血清肌酐': '3424', '血尿素': '767', ' 阴道分泌物': ['滴虫', {'其他': '45'}], '阴道清洁度': 'III度', '乙型肝炎表面抗原': '阳性', ' 乙型肝炎表面抗体': '不详', ' 乙型肝炎e抗原': '不详', ' 乙型肝炎e抗体': '不详', ' 乙型肝炎核心抗体': '不详', ' 梅毒血清学试验': '阳性', ' HIV抗体检测': '阳性', 'B超': 'ert', ' 其他': 'rtyrtyrtyrty', '总体评估': 'very good', '保健指导': ['心理', {'其他': '23423'}], '建册情况': '已在其他机构建册', '建册单位': '自己家', '转诊': {'有': {'原因': '44', '机构及科室': '内科', '联系人': '张明全', '联系方式': '58776565', '结果': '到位'}}, '下次访视时间': [2025, 2, 5], '随访医生签名': 'test', '居民签名': 'peter'}}失败！
2025-02-21 14:03:34,865 - INFO - 查询 => {'身份证号': '110101194301191302'}
2025-02-21 14:03:41,260 - INFO - 点击{'operate': '新增登记及第一次产前随访', 'option': {'身份证号': '110101194301191302'}}
2025-02-21 14:03:52,436 - INFO - 点击{'operate': '新增登记及第一次产前随访', 'data': {'妇科手术史': {'有': '234234'}, '血型': 'AB型', 'RH血型': 'Rh阳性', ' 血糖': '67', '血清谷丙转氨酶': '3434', '血清谷草转氨酶': '56', '白蛋白': '434', '总胆红素': '234', '结合胆红素': '66', '血清肌酐': '3424', '血尿素': '767', ' 阴道分泌物': ['滴虫', {'其他': '45'}], '阴道清洁度': 'III度', '乙型肝炎表面抗原': '阳性', ' 乙型肝炎表面抗体': '不详', ' 乙型肝炎e抗原': '不详', ' 乙型肝炎e抗体': '不详', ' 乙型肝炎核心抗体': '不详', ' 梅毒血清学试验': '阳性', ' HIV抗体检测': '阳性', 'B超': 'ert', ' 其他': 'rtyrtyrtyrty', '总体评估': 'very good', '保健指导': ['心理', {'其他': '23423'}], '建册情况': '已在其他机构建册', '建册单位': '自己家', '转诊': {'有': {'原因': '44', '机构及科室': '内科', '联系人': '张明全', '联系方式': '58776565', '结果': '到位'}}, '下次访视时间': [2025, 2, 5], '随访医生签名': 'test', '居民签名': 'peter'}}
2025-02-21 14:05:31,523 - INFO - 查询 => {'身份证号': '110101194301191302'}
2025-02-21 14:05:37,976 - INFO - 点击{'operate': '新增登记及第一次产前随访', 'option': {'身份证号': '110101194301191302'}}
2025-02-21 14:05:48,101 - INFO - 点击{'operate': '新增登记及第一次产前随访', 'data': {'妇科手术史': {'有': '234234'}, '血型': '不详', 'RH血型': 'Rh阳性', ' 血糖': '67', '血清谷丙转氨酶': '3434', '血清谷草转氨酶': '56', '白蛋白': '434', '总胆红素': '234', '结合胆红素': '66', '血清肌酐': '3424', '血尿素': '767', ' 阴道分泌物': ['滴虫', {'其他': '45'}], '阴道清洁度': 'III度', '乙型肝炎表面抗原': '阳性', ' 乙型肝炎表面抗体': '不详', ' 乙型肝炎e抗原': '不详', ' 乙型肝炎e抗体': '不详', ' 乙型肝炎核心抗体': '不详', ' 梅毒血清学试验': '阳性', ' HIV抗体检测': '阳性', 'B超': 'ert', ' 其他': 'rtyrtyrtyrty', '总体评估': 'very good', '保健指导': ['心理', {'其他': '23423'}], '建册情况': '已在其他机构建册', '建册单位': '自己家', '转诊': {'有': {'原因': '44', '机构及科室': '内科', '联系人': '张明全', '联系方式': '58776565', '结果': '到位'}}, '下次访视时间': [2025, 2, 5], '随访医生签名': 'test', '居民签名': 'peter'}}
2025-02-21 14:07:35,832 - INFO - 查询 => {'身份证号': '110101194301191302'}
2025-02-21 14:07:42,285 - INFO - 点击{'operate': '新增登记及第一次产前随访', 'option': {'身份证号': '110101194301191302'}}
2025-02-21 14:07:52,420 - INFO - 点击{'operate': '新增登记及第一次产前随访', 'data': {'妇科手术史': {'有': '234234'}, '血型': '不详', 'RH血型': 'Rh阳性', ' 血糖': '67', '血清谷丙转氨酶': '3434', '血清谷草转氨酶': '56', '白蛋白': '434', '总胆红素': '234', '结合胆红素': '66', '血清肌酐': '3424', '血尿素': '767', ' 阴道分泌物': ['滴虫', {'其他': '45'}], '阴道清洁度': 'III度', '乙型肝炎表面抗原': '阳性', ' 乙型肝炎表面抗体': '不详', ' 乙型肝炎e抗原': '不详', ' 乙型肝炎e抗体': '不详', ' 乙型肝炎核心抗体': '不详', ' 梅毒血清学试验': '阳性', ' HIV抗体检测': '阳性', 'B超': 'ert', ' 其他': 'rtyrtyrtyrty', '总体评估': 'very good', '保健指导': ['心理', {'其他': '23423'}], '建册情况': '已在其他机构建册', '建册单位': '自己家', '转诊': {'有': {'原因': '44', '机构及科室': '内科', '联系人': '张明全', '联系方式': '58776565', '结果': '到位'}}, '下次访视时间': [2025, 2, 5], '随访医生签名': 'test', '居民签名': 'peter'}}
2025-02-21 14:10:00,458 - INFO - 查询 => {'身份证号': '110101194301191302'}
2025-02-21 14:10:06,847 - INFO - 点击{'operate': '新增登记及第一次产前随访', 'option': {'身份证号': '110101194301191302'}}
2025-02-21 14:10:16,967 - INFO - 点击{'operate': '新增登记及第一次产前随访', 'data': {'妇科手术史': {'有': '234234'}, '血型': '不详', 'RH血型': 'Rh阳性', ' 血糖': '67', '血清谷丙转氨酶': '3434', '血清谷草转氨酶': '56', '白蛋白': '434', '总胆红素': '234', '结合胆红素': '66', '血清肌酐': '3424', '血尿素': '767', ' 阴道分泌物': ['滴虫', {'其他': '45'}], '阴道清洁度': 'III度', '乙型肝炎表面抗原': '阳性', ' 乙型肝炎表面抗体': '不详', ' 乙型肝炎e抗原': '不详', ' 乙型肝炎e抗体': '不详', ' 乙型肝炎核心抗体': '不详', ' 梅毒血清学试验': '阳性', ' HIV抗体检测': '阳性', 'B超': 'ert', ' 其他': 'rtyrtyrtyrty', '总体评估': 'very good', '保健指导': ['心理', {'其他': '23423'}], '建册情况': '已在其他机构建册', '建册单位': '自己家', '转诊': {'有': {'原因': '44', '机构及科室': '内科', '联系人': '张明全', '联系方式': '58776565', '结果': '到位'}}, '下次访视时间': [2025, 2, 5], '随访医生签名': 'test', '居民签名': 'peter'}}
2025-02-21 14:14:04,531 - INFO - 查询 => {'身份证号': '110101194301191302'}
2025-02-21 14:14:10,925 - INFO - 点击{'operate': '新增登记及第一次产前随访', 'option': {'身份证号': '110101194301191302'}}
2025-02-21 14:14:21,993 - ERROR - {'operate': '新增登记及第一次产前随访', 'data': {'妇科手术史': {'有': '234234'}, '血型': '不详', 'RH血型': 'Rh阳性', ' 血糖': '67', '血清谷丙转氨酶': '3434', '血清谷草转氨酶': '56', '白蛋白': '434', '总胆红素': '234', '结合胆红素': '66', '血清肌酐': '3424', '血尿素': '767', ' 阴道分泌物': ['滴虫', {'其他': '45'}], '阴道清洁度': 'III度', '乙型肝炎表面抗原': '阳性', ' 乙型肝炎表面抗体': '不详', ' 乙型肝炎e抗原': '不详', ' 乙型肝炎e抗体': '不详', ' 乙型肝炎核心抗体': '不详', ' 梅毒血清学试验': '阳性', ' HIV抗体检测': '阳性', 'B超': 'ert', ' 其他': 'rtyrtyrtyrty', '总体评估': 'very good', '保健指导': ['心理', {'其他': '23423'}], '建册情况': '已在其他机构建册', '建册单位': '自己家', '转诊': {'有': {'原因': '44', '机构及科室': '内科', '联系人': '张明全', '联系方式': '58776565', '结果': '到位'}}, '下次访视时间': [2025, 2, 5], '随访医生签名': 'test', '居民签名': 'peter'}}失败！
2025-02-21 14:26:30,915 - INFO - 查询 => {'身份证号': '110101194301191302'}
2025-02-21 14:26:37,312 - INFO - 点击{'operate': '新增登记及第一次产前随访', 'option': {'身份证号': '110101194301191302'}}
2025-02-21 14:26:46,006 - ERROR - {'operate': '新增登记及第一次产前随访', 'data': {'家族史': ['精神病史', {'其他': '456'}], '妇科手术史': {'有': '234234'}, '血型': '不详', 'RH血型': 'Rh阳性', ' 血糖': '67', '肝功能': {'血清谷丙转氨酶': '3434', '血清谷草转氨酶': '56', '白蛋白': '434', '总胆红素': '234', '结合胆红素': '66'}, '肾功能': {'血清肌酐': '3424', '血尿素': '767'}, ' 阴道分泌物': ['滴虫', {'其他': '45'}], '阴道清洁度': 'III度', '乙型肝炎表面抗原': '阳性', ' 乙型肝炎表面抗体': '不详', ' 乙型肝炎e抗原': '不详', ' 乙型肝炎e抗体': '不详', ' 乙型肝炎核心抗体': '不详', ' 梅毒血清学试验': '阳性', ' HIV抗体检测': '阳性', 'B超': 'ert', ' 其他': 'rtyrtyrtyrty', '总体评估': 'very good', '保健指导': ['心理', {'其他': '23423'}], '建册情况': '已在其他机构建册', '建册单位': '自己家', '转诊': {'有': {'原因': '44', '机构及科室': '内科', '联系人': '张明全', '联系方式': '58776565', '结果': '到位'}}, '下次访视时间': [2025, 2, 5], '随访医生签名': 'test', '居民签名': 'peter'}}失败！
2025-02-21 14:30:28,875 - INFO - 查询 => {'身份证号': '110101194301191302'}
2025-02-21 14:30:35,269 - INFO - 点击{'operate': '新增登记及第一次产前随访', 'option': {'身份证号': '110101194301191302'}}
2025-02-21 14:30:41,552 - ERROR - {'operate': '新增登记及第一次产前随访', 'data': {'家族史': ['精神病史', {'其他': '456'}], '妇科手术史': {'有': '234234'}, ' 阴道分泌物': ['滴虫', {'其他': '45'}], '阴道清洁度': 'III度', '乙型肝炎表面抗原': '阳性', ' 乙型肝炎表面抗体': '不详', ' 乙型肝炎e抗原': '不详', ' 乙型肝炎e抗体': '不详', ' 乙型肝炎核心抗体': '不详', ' 梅毒血清学试验': '阳性', ' HIV抗体检测': '阳性', 'B超': 'ert', ' 其他': 'rtyrtyrtyrty', '总体评估': 'very good', '保健指导': ['心理', {'其他': '23423'}], '建册情况': '已在其他机构建册', '建册单位': '自己家', '转诊': {'有': {'原因': '44', '机构及科室': '内科', '联系人': '张明全', '联系方式': '58776565', '结果': '到位'}}, '下次访视时间': [2025, 2, 5], '随访医生签名': 'test', '居民签名': 'peter'}}失败！
2025-02-21 14:31:52,920 - INFO - 查询 => {'身份证号': '110101194301191302'}
2025-02-21 14:31:59,318 - INFO - 点击{'operate': '新增登记及第一次产前随访', 'option': {'身份证号': '110101194301191302'}}
2025-02-21 14:32:05,808 - ERROR - {'operate': '新增登记及第一次产前随访', 'data': {'家族史': ['精神病史', {'其他': '456'}], '妇科手术史': {'有': '234234'}, '肾功能': {'血清肌酐': '77', '血尿素': '88'}, ' 阴道分泌物': ['滴虫', {'其他': '45'}], '阴道清洁度': 'III度', '乙型肝炎表面抗原': '阳性', ' 乙型肝炎表面抗体': '不详', ' 乙型肝炎e抗原': '不详', ' 乙型肝炎e抗体': '不详', ' 乙型肝炎核心抗体': '不详', ' 梅毒血清学试验': '阳性', ' HIV抗体检测': '阳性', 'B超': 'ert', ' 其他': 'rtyrtyrtyrty', '总体评估': 'very good', '保健指导': ['心理', {'其他': '23423'}], '建册情况': '已在其他机构建册', '建册单位': '自己家', '转诊': {'有': {'原因': '44', '机构及科室': '内科', '联系人': '张明全', '联系方式': '58776565', '结果': '到位'}}, '下次访视时间': [2025, 2, 5], '随访医生签名': 'test', '居民签名': 'peter'}}失败！
2025-02-21 14:32:51,274 - INFO - 查询 => {'身份证号': '110101194301191302'}
2025-02-21 14:32:57,678 - INFO - 点击{'operate': '新增登记及第一次产前随访', 'option': {'身份证号': '110101194301191302'}}
2025-02-21 14:33:04,165 - ERROR - {'operate': '新增登记及第一次产前随访', 'data': {'家族史': ['精神病史', {'其他': '456'}], '妇科手术史': {'有': '234234'}, '肾功能': {'血清肌酐': '77', '血尿素': '88'}, ' 阴道分泌物': ['滴虫', {'其他': '45'}], '阴道清洁度': 'III度', '乙型肝炎表面抗原': '阳性', ' 乙型肝炎表面抗体': '不详', ' 乙型肝炎e抗原': '不详', ' 乙型肝炎e抗体': '不详', ' 乙型肝炎核心抗体': '不详', ' 梅毒血清学试验': '阳性', ' HIV抗体检测': '阳性', 'B超': 'ert', ' 其他': 'rtyrtyrtyrty', '总体评估': 'very good', '保健指导': ['心理', {'其他': '23423'}], '建册情况': '已在其他机构建册', '建册单位': '自己家', '转诊': {'有': {'原因': '44', '机构及科室': '内科', '联系人': '张明全', '联系方式': '58776565', '结果': '到位'}}, '下次访视时间': [2025, 2, 5], '随访医生签名': 'test', '居民签名': 'peter'}}失败！
2025-02-21 14:36:22,902 - INFO - 查询 => {'身份证号': '110101194301191302'}
2025-02-21 14:36:29,358 - INFO - 点击{'operate': '新增登记及第一次产前随访', 'option': {'身份证号': '110101194301191302'}}
2025-02-21 14:36:37,051 - ERROR - {'operate': '新增登记及第一次产前随访', 'data': {'家族史': ['精神病史', {'其他': '456'}], '妇科手术史': {'有': '234234'}, '肾功能': {'血清肌酐': '77', '血尿素': '88'}, ' 阴道分泌物': ['滴虫', {'其他': '45'}], '阴道清洁度': 'III度', '乙型肝炎表面抗原': '阳性', ' 乙型肝炎表面抗体': '不详', ' 乙型肝炎e抗原': '不详', ' 乙型肝炎e抗体': '不详', ' 乙型肝炎核心抗体': '不详', ' 梅毒血清学试验': '阳性', ' HIV抗体检测': '阳性', 'B超': 'ert', ' 其他': 'rtyrtyrtyrty', '总体评估': 'very good', '保健指导': ['心理', {'其他': '23423'}], '建册情况': '已在其他机构建册', '建册单位': '自己家', '转诊': {'有': {'原因': '44', '机构及科室': '内科', '联系人': '张明全', '联系方式': '58776565', '结果': '到位'}}, '下次访视时间': [2025, 2, 5], '随访医生签名': 'test', '居民签名': 'peter'}}失败！
2025-02-21 14:37:40,109 - INFO - 查询 => {'身份证号': '110101194301191302'}
2025-02-21 14:37:46,509 - INFO - 点击{'operate': '新增登记及第一次产前随访', 'option': {'身份证号': '110101194301191302'}}
2025-02-21 14:37:51,949 - ERROR - {'operate': '新增登记及第一次产前随访', 'data': {'家族史': ['精神病史', {'其他': '456'}], '妇科手术史': {'有': '234234'}, '肾功能': {'血清肌酐': '77', '血尿素': '88'}, ' 阴道分泌物': ['滴虫', {'其他': '45'}], '阴道清洁度': 'III度', '乙型肝炎表面抗原': '阳性', ' 乙型肝炎表面抗体': '不详', ' 乙型肝炎e抗原': '不详', ' 乙型肝炎e抗体': '不详', ' 乙型肝炎核心抗体': '不详', ' 梅毒血清学试验': '阳性', ' HIV抗体检测': '阳性', 'B超': 'ert', ' 其他': 'rtyrtyrtyrty', '总体评估': 'very good', '保健指导': ['心理', {'其他': '23423'}], '建册情况': '已在其他机构建册', '建册单位': '自己家', '转诊': {'有': {'原因': '44', '机构及科室': '内科', '联系人': '张明全', '联系方式': '58776565', '结果': '到位'}}, '下次访视时间': [2025, 2, 5], '随访医生签名': 'test', '居民签名': 'peter'}}失败！
2025-02-21 14:48:04,218 - INFO - 查询 => {'身份证号': '110101194301191302'}
2025-02-21 14:48:10,614 - INFO - 点击{'operate': '新增登记及第一次产前随访', 'option': {'身份证号': '110101194301191302'}}
2025-02-21 14:48:18,451 - ERROR - {'operate': '新增登记及第一次产前随访', 'data': {'家族史': ['精神病史', {'其他': '456'}], '妇科手术史': {'有': '234234'}, '肾功能': {'血清肌酐': '77', '血尿素': '88'}, ' 阴道分泌物': ['滴虫', {'其他': '45'}], '阴道清洁度': 'III度', '乙型肝炎表面抗原': '阳性', ' 乙型肝炎表面抗体': '不详', ' 乙型肝炎e抗原': '不详', ' 乙型肝炎e抗体': '不详', ' 乙型肝炎核心抗体': '不详', ' 梅毒血清学试验': '阳性', ' HIV抗体检测': '阳性', 'B超': 'ert', ' 其他': 'rtyrtyrtyrty', '总体评估': 'very good', '保健指导': ['心理', {'其他': '23423'}], '建册情况': '已在其他机构建册', '建册单位': '自己家', '转诊': {'有': {'原因': '44', '机构及科室': '内科', '联系人': '张明全', '联系方式': '58776565', '结果': '到位'}}, '下次访视时间': [2025, 2, 5], '随访医生签名': 'test', '居民签名': 'peter'}}失败！
2025-02-21 14:51:11,763 - INFO - 查询 => {'身份证号': '110101194301191302'}
2025-02-21 14:51:18,158 - INFO - 点击{'operate': '新增登记及第一次产前随访', 'option': {'身份证号': '110101194301191302'}}
2025-02-21 14:51:36,527 - INFO - 点击{'operate': '新增登记及第一次产前随访', 'data': {'家族史': ['精神病史', {'其他': '456'}], '妇科手术史': {'有': '234234'}, '肾功能': {'血清肌酐': '77', '血尿素': '88'}, ' 阴道分泌物': ['滴虫', {'其他': '45'}], '阴道清洁度': 'III度', '乙型肝炎表面抗原': '阳性', ' 乙型肝炎表面抗体': '不详', ' 乙型肝炎e抗原': '不详', ' 乙型肝炎e抗体': '不详', ' 乙型肝炎核心抗体': '不详', ' 梅毒血清学试验': '阳性', ' HIV抗体检测': '阳性', 'B超': 'ert', ' 其他': 'rtyrtyrtyrty', '总体评估': 'very good', '保健指导': ['心理', {'其他': '23423'}], '建册情况': '已在其他机构建册', '建册单位': '自己家', '转诊': {'有': {'原因': '44', '机构及科室': '内科', '联系人': '张明全', '联系方式': '58776565', '结果': '到位'}}, '下次访视时间': [2025, 2, 5], '随访医生签名': 'test', '居民签名': 'peter'}}
2025-02-21 14:53:31,665 - INFO - 查询 => {'身份证号': '110101194301191302'}
2025-02-21 14:53:38,064 - INFO - 点击{'operate': '新增登记及第一次产前随访', 'option': {'身份证号': '110101194301191302'}}
2025-02-21 14:53:58,725 - INFO - 点击{'operate': '新增登记及第一次产前随访', 'data': {'家族史': ['精神病史', {'其他': '456'}], '妇科手术史': {'有': '234234'}, '肾功能': {'血清肌酐': '77', '血尿素': '88'}, ' 阴道分泌物': ['滴虫', {'其他': '45'}], '阴道清洁度': 'III度', '乙型肝炎五项': {'乙型肝炎表面抗原': '阳性', ' 乙型肝炎表面抗体': '不详', ' 乙型肝炎e抗原': '不详', ' 乙型肝炎e抗体': '不详', ' 乙型肝炎核心抗体': '不详'}, ' 梅毒血清学试验': '阳性', ' HIV抗体检测': '阳性', 'B超': 'ert', '  其他': 'rtyrtyrtyrty', '总体评估': 'very good', '保健指导': ['心理', {'其他': '23423'}], '建册情况': '已在其他机构建册', '建册单位': '自己家', '转诊': {'有': {'原因': '44', '机构及科室': '内科', '联系人': '张明全', '联系方式': '58776565', '结果': '到位'}}, '下次访视时间': [2025, 2, 5], '随访医生签名': 'test', '居民签名': 'peter'}}
2025-02-21 14:57:05,326 - INFO - 查询 => {'身份证号': '110101194301191302'}
2025-02-21 14:57:11,730 - INFO - 点击{'operate': '新增登记及第一次产前随访', 'option': {'身份证号': '110101194301191302'}}
2025-02-21 14:57:37,137 - INFO - 点击{'operate': '新增登记及第一次产前随访', 'data': {'家族史': ['精神病史', {'其他': '456'}], '妇科手术史': {'有': '234234'}, '肾功能': {'血清肌酐': '77', '血尿素': '88'}, ' 阴道分泌物': ['滴虫', {'其他': '45'}], '阴道清洁度': 'III度', '乙型肝炎五项': {'乙型肝炎表面抗原': '阳性', ' 乙型肝炎表面抗体': '不详', ' 乙型肝炎e抗原': '不详', ' 乙型肝炎e抗体': '不详', ' 乙型肝炎核心抗体': '不详'}, ' 梅毒血清学试验': '阳性', ' HIV抗体检测': '阳性', 'B超': 'ert', ' 其他': 'rtyrtyrtyrty', '总体评估': 'very good', '保健指导': ['心理', {'其他': '23423'}], '建册情况': '已在其他机构建册', '建册单位': '自己家', '转诊': {'有': {'原因': '44', '机构及科室': '内科', '联系人': '张明全', '联系方式': '58776565', '结果': '到位'}}, '下次访视时间': [2025, 2, 5], '随访医生签名': 'test', '居民签名': 'peter'}}
2025-02-21 15:18:49,218 - INFO - 查询 => {'身份证号': '110101194301191302'}
2025-02-21 15:18:55,619 - INFO - 点击{'operate': '新增登记及第一次产前随访', 'option': {'身份证号': '110101194301191302'}}
2025-02-21 15:18:59,807 - ERROR - {'operate': '新增登记及第一次产前随访', 'data': {'家族史': ['精神病史', {'其他': '456'}], '妇科手术史': {'有': '234234'}, 'B超': 'ert', ' 其他': 'rtyrtyrtyrty', '总体评估': {'异常': '234234'}, '保健指导': ['心理', '产前筛选宣传告知', {'其他': '23423'}], '建册情况': {'已在其他机构建册': '5t5t'}, '建册日期': [2025, 2, 6], '建册单位': '自己家', '转诊': {'有': {'原因': '44', '机构及科室': '内科', '联系人': '张明全', '联系方式': '58776565', '结果': '到位'}}, '下次访视时间': [2025, 2, 5], '随访医生签名': '金浩1', '居民签名': 'peter'}}失败！
2025-02-21 15:21:58,050 - INFO - 查询 => {'身份证号': '110101194301191302'}
2025-02-21 15:22:04,433 - INFO - 点击{'operate': '新增登记及第一次产前随访', 'option': {'身份证号': '110101194301191302'}}
2025-02-21 15:22:38,636 - INFO - 点击{'operate': '新增登记及第一次产前随访', 'data': {'家族史': ['精神病史', {'其他': '456'}], '妇科手术史': {'有': '234234'}, 'B超': 'ert', ' 其他': 'rtyrtyrtyrty', '总体评估': {'异常': '234234'}, '保健指导': ['心理', '产前筛选宣传告知', {'其他': '23423'}], '建册情况': {'已在其他机构建册': '5t5t'}, '建册日期': [2025, 2, 6], '建册单位': '自己家', '转诊': {'有': {'原因': '44', '机构及科室': '内科', '联系人': '张明全', '联系方式': '58776565', '结果': '到位'}}, '下次访视时间': [2025, 2, 5], '随访医生签名': '金浩1', '居民签名': 'peter'}}
2025-02-21 15:35:15,036 - INFO - 查询 => {'身份证号': '110101194301191302'}
2025-02-21 15:35:21,668 - INFO - 点击{'operate': '新增登记及第一次产前随访', 'option': {'身份证号': '110101194301191302'}}
2025-02-21 15:35:52,440 - ERROR - {'operate': '新增登记及第一次产前随访', 'data': {'家族史': ['精神病史', {'其他': '456'}], '妇科手术史': {'有': '234234'}, 'B超': 'ert', ' 其他': 'rtyrtyrtyrty', '总体评估': {'异常': '234234'}, '保健指导': ['心理', '产前筛选宣传告知', {'其他': '23423'}], '建册情况': {'已在其他机构建册': '5t5t'}, '建册日期': [2025, 2, 6], '建册单位': '自己家', '转诊': {'有': {'原因': '44', '机构及科室': '内科', '联系人': '张明全', '联系方式': '58776565', '结果': '到位'}}, '下次访视时间': [2025, 2, 5], '随访医生签名': '金浩1', '居民签名': 'peter'}}失败！
2025-02-21 15:37:56,764 - INFO - 查询 => {'身份证号': '110101194301191302'}
2025-02-21 15:38:03,202 - INFO - 点击{'operate': '新增登记及第一次产前随访', 'option': {'身份证号': '110101194301191302'}}
2025-02-21 15:38:44,022 - ERROR - {'operate': '新增登记及第一次产前随访', 'data': {'家族史': ['精神病史', {'其他': '456'}], '妇科手术史': {'有': '234234'}, 'B超': 'ert', ' 其他': 'rtyrtyrtyrty', '总体评估': {'异常': '234234'}, '保健指导': ['心理', '产前筛选宣传告知', {'其他': '23423'}], '建册情况': {'已在其他机构建册': '5t5t'}, '建册日期': [2025, 2, 6], '建册单位': '自己家', '转诊': {'有': {'原因': '44', '机构及科室': '内科', '联系人': '张明全', '联系方式': '58776565', '结果': '到位'}}, '下次访视时间': [2025, 3, 5], '随访医生签名': '金浩1', '居民签名': 'peter'}}失败！
2025-02-21 15:39:44,922 - INFO - 查询 => {'身份证号': '110101194301191302'}
2025-02-21 15:39:51,326 - INFO - 点击{'operate': '新增登记及第一次产前随访', 'option': {'身份证号': '110101194301191302'}}
2025-02-21 15:40:33,489 - INFO - 点击{'operate': '新增登记及第一次产前随访', 'data': {'家族史': ['精神病史', {'其他': '456'}], '妇科手术史': {'有': '234234'}, 'B超': 'ert', ' 其他': 'rtyrtyrtyrty', '总体评估': {'异常': '234234'}, '保健指导': ['心理', '产前筛选宣传告知', {'其他': '23423'}], '建册情况': {'已在其他机构建册': '5t5t'}, '建册日期': [2025, 2, 6], '建册单位': '自己家', '转诊': {'有': {'原因': '44', '机构及科室': '内科', '联系人': '张明全', '联系方式': '58776565', '结果': '到位'}}, '下次访视时间': [2025, 3, 5], '随访医生签名': '金浩1', '居民签名': 'peter'}}
2025-02-21 15:42:41,180 - INFO - 查询 => {'身份证号': '110101194301191302'}
2025-02-21 15:42:47,576 - INFO - 点击{'operate': '新增登记及第一次产前随访', 'option': {'身份证号': '110101194301191302'}}
2025-02-21 15:44:54,418 - INFO - 点击{'operate': '新增登记及第一次产前随访', 'data': {'填表日期': [2024, 1, 1], '是否高危产妇': '是', '丈夫姓名': '阿依达', '丈夫年龄': '43', '丈夫电话': '13611223344', '孕次': '1', '产次': ['2', '3'], '末次月经': [2024, 2, 2], '孕周': ['4', '5'], '预产期': [2024, 3, 3], '既往史': ['心脏病', {'其他': '1231'}], '家族史': ['精神病史', {'其他': '456'}], '妇科手术史': {'有': '234234'}, '个人史': ['吸烟', {'其他': '4yyy'}], '孕产史': ['1', '2', '3', '4', '5', '6'], '身高(cm)': '166', '体重(kg)': '66', '体质指数(kg/m²)': '123', '血压(mmHg)': ['100', '98'], '心脏': {'异常': '1'}, '肺部': {'异常': '2'}, '外阴': {'异常': '3'}, '阴道': {'异常': '4'}, '宫颈': {'异常': '5'}, '子宫': {'异常': '6'}, '附件': {'异常': '7'}, '血常规': {'血红蛋白值': '23', '白细胞计数值': '44', '血小板计数值': '235', '其他': '更好'}, '尿常规': {'尿蛋白': '+', '尿糖': '++', '尿酮体': '+++', '尿潜血': '++++', '其他': '5677'}, '血型': '不详', 'RH血型': 'Rh阳性', ' 血糖': '67', '肝功能': {'血清谷丙转氨酶': '3434', '血清谷草转氨酶': '56', '白蛋白': '434', '总胆红素': '234', '结合胆红素': '66'}, '肾功能': {'血清肌酐': '77', '血尿素': '88'}, ' 阴道分泌物': ['滴虫', {'其他': '45'}], '阴道清洁度': 'III度', '乙型肝炎五项': {'乙型肝炎表面抗原': '阳性', ' 乙型肝炎表面抗体': '不详', ' 乙型肝炎e抗原': '不详', ' 乙型肝炎e抗体': '不详', ' 乙型肝炎核心抗体': '不详'}, ' 梅毒血清学试验': '阳性', ' HIV抗体检测': '阳性', 'B超': 'ert', ' 其他': 'rtyrtyrtyrty', '总体评估': {'异常': '234234'}, '保健指导': ['心理', '产前筛选宣传告知', {'其他': '23423'}], '建册情况': {'已在其他机构建册': '5t5t'}, '建册日期': [2025, 2, 6], '建册单位': '自己家', '转诊': {'有': {'原因': '44', '机构及科室': '内科', '联系人': '张明全', '联系方式': '58776565', '结果': '到位'}}, '下次访视时间': [2025, 3, 5], '随访医生签名': '金浩1', '居民签名': 'peter'}}
2025-02-21 16:18:24,115 - INFO - 查询 => {'身份证号': '110101194301191302'}
2025-02-21 16:18:30,516 - INFO - 点击{'operate': '新增登记及第一次产前随访', 'option': {'身份证号': '110101194301191302'}}
2025-02-21 16:18:46,802 - ERROR - {'operate': '新增登记及第一次产前随访', 'data': {'填表日期': [2024, 1, 1], '是否高危产妇': '是', '丈夫姓名': '阿依达', '丈夫年龄': '43', '丈夫电话': '13611223344', '孕次': '1', '产次': ['2', '3'], '末次月经': [2024, 2, 2], '孕周': ['4', '5'], '预产期': [2024, 3, 3], '既往史': ['心脏病', {'其他': '1231'}], '家族史': ['精神病史', {'其他': '456'}], '妇科手术史': {'有': '234234'}, '个人史': ['吸烟', {'其他': '4yyy'}], '孕产史': ['1', '2', '3', '4', '5', '6'], '身高(cm)': '166', '体重(kg)': '66', '体质指数(kg/m²)': '123', '血压(mmHg)': ['100', '98'], '心脏': {'异常': '1'}, '肺部': {'异常': '2'}, '外阴': {'异常': '3'}, '阴道': {'异常': '4'}, '宫颈': {'异常': '5'}, '子宫': {'异常': '6'}, '附件': {'异常': '7'}, '血常规': {'血红蛋白值': '23', '白细胞计数值': '44', '血小板计数值': '235', '其他': '更好'}, '尿常规': {'尿蛋白': '+', '尿糖': '++', '尿酮体': '+++', '尿潜血': '++++', '其他': '5677'}, '血型': '不详', 'RH血型': 'Rh阳性', ' 血糖': '67', '肝功能': {'血清谷丙转氨酶': '3434', '血清谷草转氨酶': '56', '白蛋白': '434', '总胆红素': '234', '结合胆红素': '66'}, '肾功能': {'血清肌酐': '77', '血尿素': '88'}, ' 阴道分泌物': ['滴虫', {'其他': '45'}], '阴道清洁度': 'III度', '乙型肝炎五项': {'乙型肝炎表面抗原': '阳性', ' 乙型肝炎表面抗体': '不详', ' 乙型肝炎e抗原': '不详', ' 乙型肝炎e抗体': '不详', ' 乙型肝炎核心抗体': '不详'}, ' 梅毒血清学试验': '阳性', ' HIV抗体检测': '阳性', 'B超': 'ert', ' 其他': 'rtyrtyrtyrty', '总体评估': {'异常': '234234'}, '保健指导': ['心理', '产前筛选宣传告知', {'其他': '23423'}], '建册情况': {'已在其他机构建册': '5t5t'}, '建册日期': [2025, 2, 6], '建册单位': '自己家', '转诊': {'有': {'原因': '44', '机构及科室': '内科', '联系人': '张明全', '联系方式': '58776565', '结果': '到位'}}, '下次访视时间': [2025, 3, 5], '随访医生签名': '金浩1', '居民签名': 'peter'}}失败！
2025-02-24 13:54:57,490 - INFO - 查询 => {'身份证号': '110101194301191302'}
2025-02-24 13:55:03,895 - INFO - 点击{'operate': '新增登记及第一次产前随访', 'option': {'身份证号': '110101194301191302'}}
2025-02-25 09:56:16,243 - INFO - 查询 => {'身份证号': '110101194301191302'}
2025-02-25 09:56:22,643 - INFO - 点击{'operate': '新增登记及第一次产前随访', 'option': {'身份证号': '110101194301191302'}}
