2025-02-18 11:04:44,898 - ERROR - 查询 => 身份证号: 110101199001015000
2025-02-18 11:05:21,694 - ERROR - 查询 => 身份证号: 110101199001015000
2025-02-18 11:14:45,844 - INFO - 查询 => {'身份证号': '110101199001015000'}
2025-02-18 11:16:41,578 - ERROR - 查询 => 出生地址: ['泉山街道', '花园社区居民委员会', '123']
2025-02-18 11:17:00,341 - INFO - 查询 => {'姓名': '胡成', '出生日期': [[2025, 1, 1], [2025, 1, 2]], '上次完成 检查类型': '新生儿', '上次 随访日期': [[2025, 1, 1], [2025, 1, 2]], '下次 随访日期': [[2025, 1, 1], [2025, 1, 2]], '母亲姓名': 'yoyo', '父亲姓名': 'john', '管理状态': '管理中', '管理类别': '本地管理', '月龄': '3月', '新生儿异常情况': '听力异常', '喂养方式': '人工', '是否满6周岁': '是', '身份证号 是否填写': '是', '儿童管理机构': ['招远市卫健局'], '是否仅查询机构': '是', '身份证号': '110101199001015000', '随访提醒分类': '常规管理', '出生地址': ['泉山街道', '花园社区居民委员会', '123'], '随访日期': [[2025, 1, 3], [2025, 1, 5]], '随访医生': '张三费'}
2025-02-18 11:27:41,567 - ERROR - 查询 => 出生地址: ['大秦家街道', '玲珑社区居民委员会', '123']
2025-02-18 11:27:43,808 - INFO - 查询 => {'儿童管理机构': ['道头卫生院', '道头路家村卫生室'], '出生地址': ['大秦家街道', '玲珑社区居民委员会', '123']}
2025-02-18 11:29:48,617 - ERROR - 查询 => 出生地址: ['大秦家街道', '玲珑社区居民委员会', '123']
2025-02-18 11:29:50,807 - INFO - 查询 => {'儿童管理机构': ['招远市卫健局'], '出生地址': ['大秦家街道', '玲珑社区居民委员会', '123']}
2025-02-18 11:31:10,436 - ERROR - 查询 => 出生地址: ['大秦家街道', '大秦家村民委员会', '123']
2025-02-18 11:31:12,586 - INFO - 查询 => {'儿童管理机构': ['招远市卫健局'], '出生地址': ['大秦家街道', '大秦家村民委员会', '123']}
2025-02-18 11:33:25,866 - ERROR - 查询 => 出生地址: ['大秦家街道', '大秦家村民委员会', '123']
2025-02-18 11:33:28,021 - INFO - 查询 => {'儿童管理机构': ['招远市卫健局'], '出生地址': ['大秦家街道', '大秦家村民委员会', '123']}
2025-02-18 11:35:14,021 - INFO - 查询 => {'儿童管理机构': ['招远市卫健局'], '出生地址': ['大秦家街道', '大秦家村民委员会', '123']}
2025-02-18 11:37:57,350 - ERROR - 查询 => 出生地址: ['大秦家街道', '大秦家村民委员会', '123']
2025-02-18 11:37:59,500 - INFO - 查询 => {'儿童管理机构': ['招远市卫健局'], '出生地址': ['大秦家街道', '大秦家村民委员会', '123']}
2025-02-18 11:39:40,554 - ERROR - 查询 => 出生地址: ['大秦家街道', '大秦家村民委员会', '123']
2025-02-18 11:39:42,700 - INFO - 查询 => {'儿童管理机构': ['招远市卫健局'], '出生地址': ['大秦家街道', '大秦家村民委员会', '123']}
2025-02-18 11:44:07,004 - ERROR - 查询 => 出生地址: ['大秦家街道', '大秦家村民委员会', '123']
2025-02-18 11:44:09,145 - INFO - 查询 => {'儿童管理机构': ['招远市卫健局'], '出生地址': ['大秦家街道', '大秦家村民委员会', '123']}
2025-02-18 13:15:14,148 - ERROR - 查询 => 出生地址: ['大秦家街道', '大秦家村民委员会', '123']
2025-02-18 13:15:16,397 - INFO - 查询 => {'儿童管理机构': ['招远市卫健局'], '出生地址': ['大秦家街道', '大秦家村民委员会', '123']}
2025-02-18 13:16:07,317 - ERROR - 查询 => 出生地址: ['大秦家街道', '大秦家村民委员会', '123']
2025-02-18 13:16:09,461 - INFO - 查询 => {'儿童管理机构': ['招远市卫健局'], '出生地址': ['大秦家街道', '大秦家村民委员会', '123']}
2025-02-18 13:17:17,597 - INFO - 查询 => {'儿童管理机构': ['招远市卫健局'], '出生地址': ['大秦家街道', '大秦家村民委员会', '123']}
2025-02-18 13:18:04,292 - ERROR - 查询 => 出生地址: ['大秦家街道', '大秦家村民委员会', '123']
2025-02-18 13:18:06,550 - INFO - 查询 => {'儿童管理机构': ['道头卫生院', '道头路家村卫生室'], '出生地址': ['大秦家街道', '大秦家村民委员会', '123']}
2025-02-18 13:19:01,763 - INFO - 查询 => {'出生地址': ['大秦家街道', '大秦家村民委员会', '123'], '儿童管理机构': ['道头卫生院', '道头路家村卫生室']}
2025-02-18 13:21:16,283 - ERROR - 查询 => 出生地址: ['大秦家街道', '大秦家村民委员会', '123']
2025-02-18 13:21:18,528 - INFO - 查询 => {'儿童管理机构': ['道头卫生院', '道头路家村卫生室'], '出生地址': ['大秦家街道', '大秦家村民委员会', '123']}
2025-02-18 13:22:32,821 - ERROR - 查询 => 出生地址: ['大秦家街道', '大秦家村民委员会', '123']
2025-02-18 13:22:35,071 - INFO - 查询 => {'儿童管理机构': ['道头卫生院', '道头路家村卫生室'], '出生地址': ['大秦家街道', '大秦家村民委员会', '123']}
2025-02-18 13:25:13,439 - ERROR - 查询 => 出生地址: ['大秦家街道', '大秦家村民委员会', '123']
2025-02-18 13:25:15,693 - INFO - 查询 => {'儿童管理机构': ['道头卫生院', '道头路家村卫生室'], '出生地址': ['大秦家街道', '大秦家村民委员会', '123']}
2025-02-18 13:30:16,999 - ERROR - 查询 => 儿童管理机构: ['道头卫生院', '道头路家村卫生室']
2025-02-18 13:30:18,063 - ERROR - 查询 => 出生地址: ['大秦家街道', '大秦家村民委员会', '123']
2025-02-18 13:30:20,233 - INFO - 查询 => {'儿童管理机构': ['道头卫生院', '道头路家村卫生室'], '出生地址': ['大秦家街道', '大秦家村民委员会', '123']}
2025-02-18 13:32:13,082 - ERROR - 查询 => 儿童管理机构: ['道头卫生院', '道头路家村卫生室']
2025-02-18 13:32:14,154 - ERROR - 查询 => 出生地址: ['大秦家街道', '大秦家村民委员会', '123']
2025-02-18 13:32:16,403 - INFO - 查询 => {'儿童管理机构': ['道头卫生院', '道头路家村卫生室'], '出生地址': ['大秦家街道', '大秦家村民委员会', '123']}
2025-02-18 13:33:14,348 - ERROR - 查询 => 儿童管理机构: ['道头卫生院', '道头路家村卫生室']
2025-02-18 13:33:15,407 - ERROR - 查询 => 出生地址: ['大秦家街道', '大秦家村民委员会', '123']
2025-02-18 13:34:58,224 - ERROR - 查询 => 儿童管理机构: ['道头卫生院', '道头路家村卫生室']
2025-02-18 13:34:59,283 - ERROR - 查询 => 出生地址: ['大秦家街道', '大秦家村民委员会', '123']
2025-02-18 13:38:10,124 - ERROR - 查询 => 儿童管理机构: ['道头卫生院', '道头路家村卫生室']
2025-02-18 13:38:11,248 - ERROR - 查询 => 出生地址: ['大秦家街道', '大秦家村民委员会', '123']
2025-02-18 13:40:54,059 - ERROR - 查询 => 儿童管理机构: ['道头卫生院', '道头路家村卫生室']
2025-02-18 13:40:55,122 - ERROR - 查询 => 出生地址: ['大秦家街道', '大秦家村民委员会', '123']
2025-02-18 13:44:56,862 - ERROR - 查询 => 儿童管理机构: ['道头卫生院', '道头路家村卫生室']
2025-02-18 13:44:57,933 - ERROR - 查询 => 出生地址: ['大秦家街道', '大秦家村民委员会', '123']
2025-02-18 13:46:20,111 - ERROR - 查询 => 儿童管理机构: ['道头卫生院', '道头路家村卫生室']
2025-02-18 13:46:21,207 - ERROR - 查询 => 出生地址: ['大秦家街道', '大秦家村民委员会', '123']
2025-02-18 13:48:03,631 - ERROR - 查询 => 儿童管理机构: ['道头卫生院', '道头路家村卫生室']
2025-02-18 13:48:04,695 - ERROR - 查询 => 出生地址: ['大秦家街道', '大秦家村民委员会', '123']
2025-02-18 13:51:12,090 - ERROR - 查询 => 儿童管理机构: ['道头卫生院', '道头路家村卫生室']
2025-02-18 13:51:12,092 - ERROR - 查询 => 出生地址: ['大秦家街道', '大秦家村民委员会', '123']
2025-02-18 13:52:54,554 - ERROR - 查询 => 儿童管理机构: ['道头卫生院', '道头路家村卫生室']
2025-02-18 13:52:55,718 - ERROR - 查询 => 出生地址: ['大秦家街道', '大秦家村民委员会', '123']
2025-02-18 13:52:58,027 - INFO - 查询 => {'儿童管理机构': ['道头卫生院', '道头路家村卫生室'], '出生地址': ['大秦家街道', '大秦家村民委员会', '123']}
2025-02-18 13:54:13,839 - INFO - 查询 => {'儿童管理机构': ['道头卫生院', '道头路家村卫生室'], '出生地址': ['大秦家街道', '大秦家村民委员会', '123']}
2025-02-18 13:57:50,956 - INFO - 查询 => {'儿童管理机构': ['道头卫生院', '道头路家村卫生室'], '出生地址': ['大秦家街道', '大秦家村民委员会', '123']}
2025-02-18 14:32:24,913 - INFO - 查询 => {'儿童管理机构': ['道头卫生院', '道头路家村卫生室'], '出生地址': ['大秦家街道', '大秦家村民委员会', '123']}
2025-02-18 15:28:48,268 - ERROR - 新增 => 出生日期: [[2025, 1, 1]]
2025-02-18 15:28:49,345 - ERROR - 新增 => 出生地址: ['山东省', '烟台市', '招远市', '泉山街道', '花园社区居民委员会', '东方路444号']
2025-02-18 15:45:42,287 - ERROR - 新增 => 管理类别: ['中途迁入管理', '4']
2025-02-18 15:48:11,856 - ERROR - 新增 => 管理类别: ['中途迁入管理', '4']
2025-02-18 15:54:23,426 - ERROR - 新增 => 出生日期: [2025, 1, 1]
2025-02-18 15:54:23,430 - ERROR - 新增 => 身份证号: 310101201501011123
2025-02-18 15:54:23,432 - ERROR - 新增 => 出生地址: ['山东省', '烟台市', '招远市', '泉山街道', '花园社区居民委员会', '东方路444号']
2025-02-18 15:54:23,433 - ERROR - 新增 => 母亲姓名: yoyo
2025-02-18 15:54:23,435 - ERROR - 新增 => 母亲职业: 军人
2025-02-18 15:54:23,436 - ERROR - 新增 => 母亲身份证号: 310101198004112345
2025-02-18 15:54:23,437 - ERROR - 新增 => 母亲联系电话: 02158776544
2025-02-18 15:54:23,439 - ERROR - 新增 => 父亲姓名: john
2025-02-18 15:54:23,440 - ERROR - 新增 => 父亲职业: 专业技术人员
2025-02-18 15:54:23,441 - ERROR - 新增 => 父亲身份证号: 310101198004112346
2025-02-18 15:54:23,442 - ERROR - 新增 => 父亲联系电话: 02158776546
2025-02-18 15:54:23,443 - ERROR - 新增 => 家庭住址: ['山东省', '烟台市', '招远市', '辛庄镇', '小宋家村民委员会', '东方路111号']
2025-02-18 15:54:23,444 - ERROR - 新增 => 同步出生地: 是
2025-02-18 15:54:23,445 - ERROR - 新增 => 管理类别: ['中途迁入管理', '4']
2025-02-18 16:55:32,394 - INFO - 查询 => {'身份证号': '321254202501154625'}
2025-02-18 16:58:46,120 - INFO - 查询 => {'身份证号': '321254202501154625'}
2025-02-18 17:02:17,167 - INFO - 查询 => {'身份证号': '110101202401015310'}
2025-02-18 17:07:42,627 - INFO - 查询 => {'身份证号': '110101202401015310'}
2025-02-18 17:16:16,763 - INFO - 查询 => {'身份证号': '110101202401015310'}
2025-02-18 17:22:03,565 - INFO - 查询 => {'身份证号': '110101202401015310'}
2025-02-18 17:24:32,775 - INFO - 查询 => {'身份证号': '110101202401015310'}
2025-02-18 17:26:07,605 - INFO - 查询 => {'身份证号': '110101202401015310'}
2025-02-18 17:28:01,843 - INFO - 查询 => {'身份证号': '110101202401015310'}
2025-02-18 17:31:52,825 - INFO - 查询 => {'身份证号': '110101202401015310'}
2025-02-18 17:43:32,219 - INFO - 查询 => {'身份证号': '110101202401015310'}
2025-02-18 17:45:16,153 - INFO - 查询 => {'身份证号': '110101202401015310'}
2025-02-18 17:51:28,116 - INFO - 查询 => {'身份证号': '110101202401015310'}
2025-02-18 17:52:39,001 - INFO - 查询 => {'身份证号': '110101202401015310'}
2025-02-18 17:53:36,538 - INFO - 查询 => {'身份证号': '110101202401015310'}
2025-02-18 17:54:42,077 - INFO - 查询 => {'身份证号': '110101202401015310'}
