2025-02-10 17:42:51,405 - ERROR - 查询 => 随访日期: [[2025, 1, 1], [2025, 1, 2]]
2025-02-10 17:43:22,657 - INFO - 查询 => {'姓名': '胡成', '身份证号': '230202194504020016', '管理机构': ['招远市卫健局'], '随访日期': [[2025, 1, 1], [2025, 1, 2]], '随访医生': 'zhangsan', '随访方式': '电话', '是否终止管理': '否', '空腹血糖': [11, 12], '随访评价结果': '不良反应', '出生日期范围': [[2025, 2, 5], [2025, 2, 6]], '数据源': '公卫随访', '现住址': ['泉山街道', '花园社区居民委员会', '123']}
2025-02-10 17:47:49,314 - INFO - 查询 => {'姓名': '胡成', '身份证号': '230202194504020016', '管理机构': ['招远市卫健局'], '随访日期': [[2025, 1, 1], [2025, 1, 2]], '随访医生': 'zhangsan', '随访方式': '电话', '是否终止管理': '否', '空腹血糖': [11, 12], '随访评价结果': '不良反应', '出生日期范围': [[2025, 2, 5], [2025, 2, 6]], '数据源': '公卫随访', '现住址': ['泉山街道', '花园社区居民委员会', '123']}
2025-02-10 17:50:07,782 - INFO - 查询 => {'身份证号': '370685202402190640'}
2025-02-10 17:50:27,956 - ERROR - [{'随访医生': 'test'}, '详情']失败！
2025-02-11 09:21:26,082 - INFO - 查询 => {'身份证号': '370685202402190640'}
2025-02-11 09:21:44,678 - ERROR - [{'随访医生': 'test'}, '详情']失败！
2025-02-11 09:38:06,693 - INFO - 查询 => {'身份证号': '370685202402190640'}
2025-02-11 09:38:07,156 - ERROR - [{'随访医生': 'test'}, '详情']失败！
2025-02-11 09:39:42,803 - INFO - 查询 => {'身份证号': '370685202402190640'}
2025-02-11 09:39:43,279 - ERROR - [{'随访医生': 'test'}, '详情']失败！
2025-02-11 09:40:44,673 - INFO - 查询 => {'身份证号': '370685202402190640'}
2025-02-11 09:40:45,152 - ERROR - [{'随访医生': 'test'}, '详情']失败！
2025-02-11 09:42:46,835 - INFO - 查询 => {'身份证号': '370685202402190640'}
2025-02-11 09:42:47,323 - ERROR - [{'随访医生': 'test'}, '详情']失败！
2025-02-11 09:43:53,360 - INFO - 查询 => {'身份证号': '370685202402190640'}
2025-02-11 09:43:55,938 - INFO - 点击[{'随访医生': 'test'}, '详情']
2025-02-11 09:51:20,001 - INFO - 查询 => {'身份证号': '370685202402190640'}
2025-02-11 09:51:22,660 - INFO - 点击[{'随访医生': 'test'}, '详情']
2025-02-11 09:52:07,295 - INFO - 查询 => {'身份证号': '370685202402190640'}
2025-02-11 09:52:09,957 - INFO - 点击[{'随访医生': 'test'}, '详情']
2025-02-11 09:54:44,078 - INFO - 查询 => {'身份证号': '370685202402190640'}
2025-02-11 09:54:46,732 - INFO - 点击[{'随访医生': 'test'}, '详情']
2025-02-11 09:57:00,577 - INFO - 查询 => {'身份证号': '370685202402190640'}
2025-02-11 09:57:01,063 - ERROR - [{'随访医生': 'test'}, '删除']失败！
2025-02-11 09:57:57,230 - INFO - 查询 => {'身份证号': '370685202402190640'}
2025-02-11 09:57:59,895 - INFO - 点击[{'随访医生': 'test'}, '删除']
2025-02-11 10:34:06,682 - INFO - 查询 => {'身份证号': '370685202402190640'}
2025-02-11 10:34:09,361 - INFO - 点击[{'随访医生': 'test'}, '详情']
2025-02-11 10:40:33,327 - INFO - 查询 => {'身份证号': '370685202402190640'}
2025-02-11 10:40:33,731 - ERROR - [{'随访医生': 'test'}, '详情']失败！
2025-02-11 10:42:32,373 - INFO - 查询 => {'身份证号': '370685202402190640'}
2025-02-11 10:42:35,082 - INFO - 点击[{'随访医生': 'test'}, '详情']
2025-02-11 10:44:16,073 - INFO - 查询 => {'身份证号': '370685202402190640'}
2025-02-11 10:44:18,738 - INFO - 点击[{'随访医生': 'test'}, '详情']
2025-02-11 10:46:46,695 - INFO - 查询 => {'身份证号': '370685202402190640'}
2025-02-11 10:46:53,937 - INFO - 点击[{'随访医生': 'test'}, '详情']
2025-02-11 10:47:18,149 - INFO - 查询 => {'身份证号': '370685202402190640'}
2025-02-11 10:47:25,389 - INFO - 点击[{'随访医生': 'test'}, '详情']
2025-02-11 10:57:20,981 - INFO - 查询 => {'身份证号': '370685202402190640'}
2025-02-11 10:57:21,066 - ERROR - [{'随访医生': 'test'}, '详情']失败！
2025-02-11 10:58:11,136 - INFO - 查询 => {'身份证号': '370685202402190640'}
2025-02-11 10:58:15,770 - INFO - 点击[{'随访医生': 'test'}, '详情']
2025-02-11 11:00:02,378 - INFO - 查询 => {'身份证号': '370685202402190640'}
2025-02-11 11:00:09,621 - INFO - 点击[{'随访医生': 'test'}, '详情']
2025-02-11 11:00:35,504 - INFO - 查询 => {'身份证号': '370685202402190640'}
2025-02-11 11:00:42,734 - INFO - 点击[{'随访医生': 'test'}, '详情']
2025-02-11 11:01:22,299 - INFO - 查询 => {'身份证号': '370685202402190640'}
2025-02-11 11:01:29,494 - INFO - 点击[{'随访医生': 'test'}, '详情']
2025-02-11 11:07:10,909 - INFO - 查询 => {'身份证号': '370685202402190640'}
2025-02-11 11:07:22,592 - INFO - 点击[{'随访医生': 'test'}, '详情']
2025-02-11 11:09:08,081 - INFO - 查询 => {'身份证号': '370685202402190640'}
2025-02-11 11:09:12,961 - INFO - 点击[{'随访医生': 'test'}, '详情']
2025-02-11 11:12:13,396 - INFO - 查询 => {'身份证号': '370685202402190640'}
2025-02-11 11:12:18,260 - INFO - 点击[{'随访医生': 'test'}, '详情']
2025-02-11 11:20:22,660 - INFO - 查询 => {'身份证号': '370685202402190640'}
2025-02-11 11:20:27,524 - INFO - 点击[{'随访医生': 'test'}, '详情']
2025-02-11 12:10:46,808 - INFO - 查询 => {'身份证号': '370685202402190640'}
2025-02-11 12:10:53,689 - INFO - 点击[{'随访医生': 'test'}, '详情']
2025-02-14 14:30:47,306 - INFO - 查询 => {'身份证号': '370685202402190640'}
2025-02-14 14:30:51,952 - ERROR - {'operate': '详情', 'option': {'随访日期': '2025-02-02'}}失败！
2025-02-14 14:30:59,393 - INFO - 点击详情
2025-02-14 14:31:35,461 - INFO - 查询 => {'身份证号': '370685202402190640'}
2025-02-14 14:31:40,116 - ERROR - {'operate': '详情', 'option': {'随访日期': '2025-02-02'}}失败！
2025-02-14 14:32:58,674 - INFO - 点击详情
2025-02-14 14:36:09,580 - INFO - 查询 => {'身份证号': '370685202402190640'}
2025-02-14 14:36:14,275 - ERROR - {'operate': '编辑', 'option': {'随访日期': '2025-02-02'}}失败！
2025-02-14 14:36:26,611 - ERROR - {'operate': '编辑', 'index': {'随访日期': '2025-02-09', 'operate2': '编辑或新增'}, 'value': {'随访日期': [2025, 2, 13], '随访方式': '网络', '症状': ['头痛头晕', {'其他': '123'}, '下肢水肿'], '血压': [11, 12], '身高': '177', '体重': [66, 77], '足背动脉搏动': '未检测', '其他': '测试一下', '日吸烟量': [11, 14], '日饮酒量': [112, 144], '运动频率实际': '每天', '运动频率目标': '不运动', '运动时长': [11, 23], '日主食量': [1, 5], '饮食情况': '不控制', '心理调整评价结果': '差', '随访遵医行为': '一般', '辅助检查': '1212', '服药情况': '完全遵医嘱', '药物不良反应': ['有', '5555'], '随访评价结果': '不良反应', '下一步管理措施': '两次控制不满意转诊随访', '用药情况药物名称1': '阿莫西林100', '用药情况用法用量1每日': '每日一次', '用药情况用法用量1每次': '1', '用药情况药物名称2': '阿莫西林冲剂', '用药情况用法用量2每日': '每日二次', '用药情况用法用量2每次': '2', '用药情况药物名称3': '阿莫西林测试', '用药情况用法用量3每日': '每日三次', '用药情况用法用量3每次': '3', '用药调整意见药物名称1': '阿莫西林胶囊', '用药调整意见用法用量1每日': '一次性', '用药调整意见用法用量1每次': '4', '用药调整意见药物名称2': '阿莫西林钠克拉维酸钾（二叶克）', '用药调整意见用法用量2每日': '必要时', '用药调整意见用法用量2每次': '5', '用药调整意见药物名称3': '阿莫西林钠/克拉维酸钾', '用药调整意见用法用量3每日': '一次性', '用药调整意见用法用量3每次': '6', '转诊原因': '123', '转入医疗机构及科室': '456', '联系人': '789', '联系人电话': '1000', '结果': '到位', '备注': 'nonono', '下次随访日期': [2025, 4, 9], '随访医生': '测试1', '居民签字': '张三丰'}}失败！
2025-02-14 14:39:12,333 - INFO - 查询 => {'身份证号': '370685202402190640'}
2025-02-14 14:39:24,682 - ERROR - {'operate': '编辑', 'index': {'随访日期': '2025-02-09', 'operate2': '编辑或新增'}, 'value': {'随访日期': [2025, 2, 13], '随访方式': '网络', '症状': ['头痛头晕', {'其他': '123'}, '下肢水肿'], '血压': [11, 12], '身高': '177', '体重': [66, 77], '足背动脉搏动': '未检测', '其他': '测试一下', '日吸烟量': [11, 14], '日饮酒量': [112, 144], '运动频率实际': '每天', '运动频率目标': '不运动', '运动时长': [11, 23], '日主食量': [1, 5], '饮食情况': '不控制', '心理调整评价结果': '差', '随访遵医行为': '一般', '辅助检查': '1212', '服药情况': '完全遵医嘱', '药物不良反应': ['有', '5555'], '随访评价结果': '不良反应', '下一步管理措施': '两次控制不满意转诊随访', '用药情况药物名称1': '阿莫西林100', '用药情况用法用量1每日': '每日一次', '用药情况用法用量1每次': '1', '用药情况药物名称2': '阿莫西林冲剂', '用药情况用法用量2每日': '每日二次', '用药情况用法用量2每次': '2', '用药情况药物名称3': '阿莫西林测试', '用药情况用法用量3每日': '每日三次', '用药情况用法用量3每次': '3', '用药调整意见药物名称1': '阿莫西林胶囊', '用药调整意见用法用量1每日': '一次性', '用药调整意见用法用量1每次': '4', '用药调整意见药物名称2': '阿莫西林钠克拉维酸钾（二叶克）', '用药调整意见用法用量2每日': '必要时', '用药调整意见用法用量2每次': '5', '用药调整意见药物名称3': '阿莫西林钠/克拉维酸钾', '用药调整意见用法用量3每日': '一次性', '用药调整意见用法用量3每次': '6', '转诊原因': '123', '转入医疗机构及科室': '456', '联系人': '789', '联系人电话': '1000', '结果': '到位', '备注': 'nonono', '下次随访日期': [2025, 4, 9], '随访医生': '测试1', '居民签字': '张三丰'}}失败！
2025-02-14 14:40:30,984 - INFO - 查询 => {'身份证号': '370685202402190640'}
2025-02-14 14:40:35,640 - ERROR - {'operate': '编辑', 'option': {'随访日期': '2025-02-09'}}失败！
2025-02-14 14:40:48,001 - ERROR - {'operate': '编辑', 'index': {'随访日期': '2025-02-09', 'operate2': '编辑或新增'}, 'value': {'随访日期': [2025, 2, 13], '随访方式': '网络', '症状': ['头痛头晕', {'其他': '123'}, '下肢水肿'], '血压': [11, 12], '身高': '177', '体重': [66, 77], '足背动脉搏动': '未检测', '其他': '测试一下', '日吸烟量': [11, 14], '日饮酒量': [112, 144], '运动频率实际': '每天', '运动频率目标': '不运动', '运动时长': [11, 23], '日主食量': [1, 5], '饮食情况': '不控制', '心理调整评价结果': '差', '随访遵医行为': '一般', '辅助检查': '1212', '服药情况': '完全遵医嘱', '药物不良反应': ['有', '5555'], '随访评价结果': '不良反应', '下一步管理措施': '两次控制不满意转诊随访', '用药情况药物名称1': '阿莫西林100', '用药情况用法用量1每日': '每日一次', '用药情况用法用量1每次': '1', '用药情况药物名称2': '阿莫西林冲剂', '用药情况用法用量2每日': '每日二次', '用药情况用法用量2每次': '2', '用药情况药物名称3': '阿莫西林测试', '用药情况用法用量3每日': '每日三次', '用药情况用法用量3每次': '3', '用药调整意见药物名称1': '阿莫西林胶囊', '用药调整意见用法用量1每日': '一次性', '用药调整意见用法用量1每次': '4', '用药调整意见药物名称2': '阿莫西林钠克拉维酸钾（二叶克）', '用药调整意见用法用量2每日': '必要时', '用药调整意见用法用量2每次': '5', '用药调整意见药物名称3': '阿莫西林钠/克拉维酸钾', '用药调整意见用法用量3每日': '一次性', '用药调整意见用法用量3每次': '6', '转诊原因': '123', '转入医疗机构及科室': '456', '联系人': '789', '联系人电话': '1000', '结果': '到位', '备注': 'nonono', '下次随访日期': [2025, 4, 9], '随访医生': '测试1', '居民签字': '张三丰'}}失败！
2025-02-14 14:45:11,690 - INFO - 查询 => {'身份证号': '370685202402190640'}
2025-02-14 14:45:18,475 - ERROR - {'operate': '编辑', 'option': {'随访日期': '2025-02-09'}}失败！
2025-02-14 14:45:35,072 - ERROR - {'operate': '编辑', 'index': {'随访日期': '2025-02-09', 'operate2': '编辑或新增'}, 'value': {'随访日期': [2025, 2, 13], '随访方式': '网络', '症状': ['头痛头晕', {'其他': '123'}, '下肢水肿'], '血压': [11, 12], '身高': '177', '体重': [66, 77], '足背动脉搏动': '未检测', '其他': '测试一下', '日吸烟量': [11, 14], '日饮酒量': [112, 144], '运动频率实际': '每天', '运动频率目标': '不运动', '运动时长': [11, 23], '日主食量': [1, 5], '饮食情况': '不控制', '心理调整评价结果': '差', '随访遵医行为': '一般', '辅助检查': '1212', '服药情况': '完全遵医嘱', '药物不良反应': ['有', '5555'], '随访评价结果': '不良反应', '下一步管理措施': '两次控制不满意转诊随访', '用药情况药物名称1': '阿莫西林100', '用药情况用法用量1每日': '每日一次', '用药情况用法用量1每次': '1', '用药情况药物名称2': '阿莫西林冲剂', '用药情况用法用量2每日': '每日二次', '用药情况用法用量2每次': '2', '用药情况药物名称3': '阿莫西林测试', '用药情况用法用量3每日': '每日三次', '用药情况用法用量3每次': '3', '用药调整意见药物名称1': '阿莫西林胶囊', '用药调整意见用法用量1每日': '一次性', '用药调整意见用法用量1每次': '4', '用药调整意见药物名称2': '阿莫西林钠克拉维酸钾（二叶克）', '用药调整意见用法用量2每日': '必要时', '用药调整意见用法用量2每次': '5', '用药调整意见药物名称3': '阿莫西林钠/克拉维酸钾', '用药调整意见用法用量3每日': '一次性', '用药调整意见用法用量3每次': '6', '转诊原因': '123', '转入医疗机构及科室': '456', '联系人': '789', '联系人电话': '1000', '结果': '到位', '备注': 'nonono', '下次随访日期': [2025, 4, 9], '随访医生': '测试1', '居民签字': '张三丰'}}失败！
2025-02-14 14:47:55,616 - INFO - 查询 => {'身份证号': '370685202402190640'}
2025-02-14 14:48:02,408 - ERROR - {'operate': '编辑', 'option': {'随访日期': '2025-02-09'}}失败！
2025-02-14 14:48:14,928 - ERROR - {'operate': '编辑', 'index': {'operate2': '引入上次新增'}, 'value': {'随访日期': [2025, 3, 9], '下次随访日期': [2025, 5, 9]}}失败！
2025-02-14 14:50:09,348 - INFO - 查询 => {'身份证号': '370685202402190640'}
2025-02-14 14:50:16,122 - ERROR - {'operate': '编辑', 'option': {'随访日期': '2025-02-09'}}失败！
2025-02-14 14:50:28,646 - ERROR - {'operate': '编辑', 'index': {'operate2': '引入上次新增'}, 'value': {'随访日期': [2025, 3, 9], '下次随访日期': [2025, 5, 9]}}失败！
2025-02-14 14:53:08,600 - INFO - 查询 => {'身份证号': '370685202402190640'}
2025-02-14 14:53:15,404 - ERROR - {'operate': '编辑', 'option': {'随访日期': '2025-02-09'}}失败！
2025-02-14 14:53:25,295 - ERROR - {'operate': '编辑', 'index': {'operate2': '引入上次新增'}, 'value': {'随访日期': [2025, 3, 9], '下次随访日期': [2025, 5, 9]}}失败！
2025-02-14 14:54:24,579 - INFO - 查询 => {'身份证号': '370685202402190640'}
2025-02-14 14:54:31,360 - INFO - 点击删除
2025-02-14 15:36:21,792 - ERROR - 查询 => 身份证号: 370685202402190640
2025-02-14 15:36:23,846 - INFO - 查询 => {'身份证号': '370685202402190640'}
2025-02-14 15:36:34,113 - ERROR - {'operate': '编辑', 'option': {'随访日期': '2025-02-09'}}失败！
2025-02-14 15:36:46,396 - ERROR - {'operate': '编辑', 'index': {'随访日期': '2025-02-09', 'operate2': '编辑或新增'}, 'value': {'随访日期': [2025, 2, 13], '随访方式': '网络', '症状': ['头痛头晕', {'其他': '123'}, '下肢水肿'], '血压': [11, 12], '身高': '177', '体重': [66, 77], '足背动脉搏动': '未检测', '其他': '测试一下', '日吸烟量': [11, 14], '日饮酒量': [112, 144], '运动频率实际': '每天', '运动频率目标': '不运动', '运动时长': [11, 23], '日主食量': [1, 5], '饮食情况': '不控制', '心理调整评价结果': '差', '随访遵医行为': '一般', '辅助检查': '1212', '服药情况': '完全遵医嘱', '药物不良反应': ['有', '5555'], '随访评价结果': '不良反应', '下一步管理措施': '两次控制不满意转诊随访', '用药情况药物名称1': '阿莫西林100', '用药情况用法用量1每日': '每日一次', '用药情况用法用量1每次': '1', '用药情况药物名称2': '阿莫西林冲剂', '用药情况用法用量2每日': '每日二次', '用药情况用法用量2每次': '2', '用药情况药物名称3': '阿莫西林测试', '用药情况用法用量3每日': '每日三次', '用药情况用法用量3每次': '3', '用药调整意见药物名称1': '阿莫西林胶囊', '用药调整意见用法用量1每日': '一次性', '用药调整意见用法用量1每次': '4', '用药调整意见药物名称2': '阿莫西林钠克拉维酸钾（二叶克）', '用药调整意见用法用量2每日': '必要时', '用药调整意见用法用量2每次': '5', '用药调整意见药物名称3': '阿莫西林钠/克拉维酸钾', '用药调整意见用法用量3每日': '一次性', '用药调整意见用法用量3每次': '6', '转诊原因': '123', '转入医疗机构及科室': '456', '联系人': '789', '联系人电话': '1000', '结果': '到位', '备注': 'nonono', '下次随访日期': [2025, 4, 9], '随访医生': '测试1', '居民签字': '张三丰'}}失败！
2025-02-14 16:26:11,414 - INFO - 查询 => {'身份证号': '370685202402190640'}
2025-02-14 16:26:18,196 - ERROR - {'operate': '编辑', 'option': {'随访日期': '2025-02-09'}}失败！
2025-02-14 16:26:34,056 - ERROR - {'operate': '编辑', 'index': {'随访日期': '2025-02-09', 'operate2': '编辑或新增'}, 'value': {'随访日期': [2025, 2, 13], '随访方式': '网络', '症状': ['头痛头晕', {'其他': '123'}, '下肢水肿'], '血压': [11, 12], '身高': '177', '体重': [66, 77], '足背动脉搏动': '未检测', '其他': '测试一下', '日吸烟量': [11, 14], '日饮酒量': [112, 144], '运动频率实际': '每天', '运动频率目标': '不运动', '运动时长': [11, 23], '日主食量': [1, 5], '饮食情况': '不控制', '心理调整评价结果': '差', '随访遵医行为': '一般', '辅助检查': '1212', '服药情况': '完全遵医嘱', '药物不良反应': ['有', '5555'], '随访评价结果': '不良反应', '下一步管理措施': '两次控制不满意转诊随访', '用药情况药物名称1': '阿莫西林100', '用药情况用法用量1每日': '每日一次', '用药情况用法用量1每次': '1', '用药情况药物名称2': '阿莫西林冲剂', '用药情况用法用量2每日': '每日二次', '用药情况用法用量2每次': '2', '用药情况药物名称3': '阿莫西林测试', '用药情况用法用量3每日': '每日三次', '用药情况用法用量3每次': '3', '用药调整意见药物名称1': '阿莫西林胶囊', '用药调整意见用法用量1每日': '一次性', '用药调整意见用法用量1每次': '4', '用药调整意见药物名称2': '阿莫西林钠克拉维酸钾（二叶克）', '用药调整意见用法用量2每日': '必要时', '用药调整意见用法用量2每次': '5', '用药调整意见药物名称3': '阿莫西林钠/克拉维酸钾', '用药调整意见用法用量3每日': '一次性', '用药调整意见用法用量3每次': '6', '转诊原因': '123', '转入医疗机构及科室': '456', '联系人': '789', '联系人电话': '1000', '结果': '到位', '备注': 'nonono', '下次随访日期': [2025, 4, 9], '随访医生': '测试1', '居民签字': '张三丰'}}失败！
2025-02-14 16:27:18,268 - INFO - 查询 => {'身份证号': '370685202402190640'}
2025-02-14 16:27:25,049 - INFO - 点击删除
