[2026-02-23T21:20:46.918+0800] {local_task_job_runner.py:123} INFO - ::group::Pre task execution logs
[2026-02-23T21:20:46.930+0800] {taskinstance.py:2631} INFO - Dependencies all met for dep_context=non-requeueable deps ti=<TaskInstance: c_1p1n1n_1_DAGs.c_1p1n1n_TASK1 dataset_triggered__2026-02-23T13:20:37.087075+00:00 [queued]>
[2026-02-23T21:20:46.937+0800] {taskinstance.py:2631} INFO - Dependencies all met for dep_context=requeueable deps ti=<TaskInstance: c_1p1n1n_1_DAGs.c_1p1n1n_TASK1 dataset_triggered__2026-02-23T13:20:37.087075+00:00 [queued]>
[2026-02-23T21:20:46.937+0800] {taskinstance.py:2884} INFO - Starting attempt 1 of 1
[2026-02-23T21:20:46.949+0800] {taskinstance.py:2907} INFO - Executing <Task(PythonOperator): c_1p1n1n_TASK1> on 2026-02-23 13:20:37.087075+00:00
[2026-02-23T21:20:46.952+0800] {standard_task_runner.py:72} INFO - Started process 8882 to run task
[2026-02-23T21:20:46.959+0800] {standard_task_runner.py:104} INFO - Running: ['airflow', 'tasks', 'run', 'c_1p1n1n_1_DAGs', 'c_1p1n1n_TASK1', 'dataset_triggered__2026-02-23T13:20:37.087075+00:00', '--job-id', '191', '--raw', '--subdir', 'DAGS_FOLDER/producer_consumer /1p1n1n.py', '--cfg-path', '/var/folders/f7/4z7jtb213fs0mtgbw_0vs2600000gn/T/tmphjgqk9n3']
[2026-02-23T21:20:46.963+0800] {standard_task_runner.py:105} INFO - Job 191: Subtask c_1p1n1n_TASK1
[2026-02-23T21:20:47.188+0800] {task_command.py:467} INFO - Running <TaskInstance: c_1p1n1n_1_DAGs.c_1p1n1n_TASK1 dataset_triggered__2026-02-23T13:20:37.087075+00:00 [running]> on host localhost-2.local
[2026-02-23T21:20:47.255+0800] {taskinstance.py:3157} INFO - Exporting env vars: AIRFLOW_CTX_DAG_OWNER='airflow' AIRFLOW_CTX_DAG_ID='c_1p1n1n_1_DAGs' AIRFLOW_CTX_TASK_ID='c_1p1n1n_TASK1' AIRFLOW_CTX_EXECUTION_DATE='2026-02-23T13:20:37.087075+00:00' AIRFLOW_CTX_TRY_NUMBER='1' AIRFLOW_CTX_DAG_RUN_ID='dataset_triggered__2026-02-23T13:20:37.087075+00:00'
[2026-02-23T21:20:47.261+0800] {taskinstance.py:740} INFO - ::endgroup::
[2026-02-23T21:20:47.277+0800] {logging_mixin.py:190} INFO - 检测到订单数据更新，开始清洗...
[2026-02-23T21:20:47.292+0800] {logging_mixin.py:190} INFO - ✅ 成功从消费者 p_1p1n1n_DAGs.p_1p1n1n_TASK 获取 XCom 值: ('333',)
[2026-02-23T21:20:47.292+0800] {logging_mixin.py:190} INFO - 【消费者1】从生产者获取的返回值: ('333',)
[2026-02-23T21:20:47.293+0800] {python.py:240} INFO - Done. Returned value was: 334
[2026-02-23T21:20:47.313+0800] {taskinstance.py:349} INFO - ::group::Post task execution logs
[2026-02-23T21:20:47.314+0800] {taskinstance.py:361} INFO - Marking task as SUCCESS. dag_id=c_1p1n1n_1_DAGs, task_id=c_1p1n1n_TASK1, run_id=dataset_triggered__2026-02-23T13:20:37.087075+00:00, execution_date=20260223T132037, start_date=20260223T132046, end_date=20260223T132047
[2026-02-23T21:20:47.361+0800] {local_task_job_runner.py:266} INFO - Task exited with return code 0
[2026-02-23T21:20:47.498+0800] {taskinstance.py:3924} INFO - 0 downstream tasks scheduled from follow-on schedule check
[2026-02-23T21:20:47.499+0800] {local_task_job_runner.py:245} INFO - ::endgroup::
