[2026-02-26T13:41:27.345+0800] {local_task_job_runner.py:123} INFO - ::group::Pre task execution logs
[2026-02-26T13:41:27.366+0800] {taskinstance.py:2631} INFO - Dependencies all met for dep_context=non-requeueable deps ti=<TaskInstance: integrated_cdrd_workflow.consumer1_task manual__2026-02-26T05:41:13.610728+00:00 [queued]>
[2026-02-26T13:41:27.374+0800] {taskinstance.py:2631} INFO - Dependencies all met for dep_context=requeueable deps ti=<TaskInstance: integrated_cdrd_workflow.consumer1_task manual__2026-02-26T05:41:13.610728+00:00 [queued]>
[2026-02-26T13:41:27.375+0800] {taskinstance.py:2884} INFO - Starting attempt 1 of 1
[2026-02-26T13:41:27.388+0800] {taskinstance.py:2907} INFO - Executing <Task(PythonOperator): consumer1_task> on 2026-02-26 05:41:13.610728+00:00
[2026-02-26T13:41:27.392+0800] {standard_task_runner.py:72} INFO - Started process 13299 to run task
[2026-02-26T13:41:27.399+0800] {standard_task_runner.py:104} INFO - Running: ['airflow', 'tasks', 'run', 'integrated_cdrd_workflow', 'consumer1_task', 'manual__2026-02-26T05:41:13.610728+00:00', '--job-id', '414', '--raw', '--subdir', 'DAGS_FOLDER/tag_CDRD/cdrd_1p1n2t.py', '--cfg-path', '/var/folders/f7/4z7jtb213fs0mtgbw_0vs2600000gn/T/tmpmill2eak']
[2026-02-26T13:41:27.404+0800] {standard_task_runner.py:105} INFO - Job 414: Subtask consumer1_task
[2026-02-26T13:41:27.462+0800] {task_command.py:467} INFO - Running <TaskInstance: integrated_cdrd_workflow.consumer1_task manual__2026-02-26T05:41:13.610728+00:00 [running]> on host localhost-2.local
[2026-02-26T13:41:27.545+0800] {taskinstance.py:3157} INFO - Exporting env vars: AIRFLOW_CTX_DAG_OWNER='airflow' AIRFLOW_CTX_DAG_ID='integrated_cdrd_workflow' AIRFLOW_CTX_TASK_ID='consumer1_task' AIRFLOW_CTX_EXECUTION_DATE='2026-02-26T05:41:13.610728+00:00' AIRFLOW_CTX_TRY_NUMBER='1' AIRFLOW_CTX_DAG_RUN_ID='manual__2026-02-26T05:41:13.610728+00:00'
[2026-02-26T13:41:27.547+0800] {taskinstance.py:740} INFO - ::endgroup::
[2026-02-26T13:41:27.585+0800] {logging_mixin.py:190} INFO - ✅ 成功从消费者 p_cdrd_all.p_cdrd_TASK 获取 XCom 值: [[11, '系统管理', '用户管理', None, '{"k1": "select count(*) as qty from sys_user where job_num=\'{result[\'job_num\']}\'", "v1": 1}', '新增用户.py'], [12, '系统管理', '角色管理', None, '{"k1": "select count(*) as qty from sys_role where role_name=\'{result[\'role_name\']}\'", "v1": 1}', '编辑角色.py']]
[2026-02-26T13:41:27.975+0800] {logging_mixin.py:190} INFO - 随机生成测试数据: [['杨超', '15506470745', 'yang52@example.net', '169127', '125565']]
[2026-02-26T13:41:36.624+0800] {logging_mixin.py:190} INFO - 正则替换结果: {"k1": "select count(*) as qty from sys_user where job_num='125565'", "v1": 1}
[2026-02-26T13:41:36.625+0800] {logging_mixin.py:190} INFO - 解析后的验证数据: {'k1': "select count(*) as qty from sys_user where job_num='125565'", 'v1': 1}
[2026-02-26T13:41:36.635+0800] {logging_mixin.py:190} INFO - 查询结果: 0
[2026-02-26T13:41:36.636+0800] {logging_mixin.py:190} INFO - ❌ 断言失败
[2026-02-26T13:41:36.729+0800] {python.py:240} INFO - Done. Returned value was: None
[2026-02-26T13:41:36.739+0800] {taskinstance.py:349} INFO - ::group::Post task execution logs
[2026-02-26T13:41:36.740+0800] {taskinstance.py:361} INFO - Marking task as SUCCESS. dag_id=integrated_cdrd_workflow, task_id=consumer1_task, run_id=manual__2026-02-26T05:41:13.610728+00:00, execution_date=20260226T054113, start_date=20260226T054127, end_date=20260226T054136
[2026-02-26T13:41:36.792+0800] {local_task_job_runner.py:266} INFO - Task exited with return code 0
[2026-02-26T13:41:36.817+0800] {taskinstance.py:3924} INFO - 0 downstream tasks scheduled from follow-on schedule check
[2026-02-26T13:41:36.818+0800] {local_task_job_runner.py:245} INFO - ::endgroup::
