[2026-02-13T11:58:18.227+0800] {local_task_job_runner.py:123} INFO - ::group::Pre task execution logs
[2026-02-13T11:58:18.239+0800] {taskinstance.py:2631} INFO - Dependencies all met for dep_context=non-requeueable deps ti=<TaskInstance: producer_dw_order_sync.sync_order_data manual__2026-02-13T03:58:13.633239+00:00 [queued]>
[2026-02-13T11:58:18.245+0800] {taskinstance.py:2631} INFO - Dependencies all met for dep_context=requeueable deps ti=<TaskInstance: producer_dw_order_sync.sync_order_data manual__2026-02-13T03:58:13.633239+00:00 [queued]>
[2026-02-13T11:58:18.246+0800] {taskinstance.py:2884} INFO - Starting attempt 1 of 1
[2026-02-13T11:58:18.362+0800] {taskinstance.py:2907} INFO - Executing <Task(PythonOperator): sync_order_data> on 2026-02-13 03:58:13.633239+00:00
[2026-02-13T11:58:18.366+0800] {standard_task_runner.py:72} INFO - Started process 7917 to run task
[2026-02-13T11:58:18.372+0800] {standard_task_runner.py:104} INFO - Running: ['airflow', 'tasks', 'run', 'producer_dw_order_sync', 'sync_order_data', 'manual__2026-02-13T03:58:13.633239+00:00', '--job-id', '53', '--raw', '--subdir', 'DAGS_FOLDER/dataset_demo.py', '--cfg-path', '/var/folders/f7/4z7jtb213fs0mtgbw_0vs2600000gn/T/tmp454bm0ba']
[2026-02-13T11:58:18.377+0800] {standard_task_runner.py:105} INFO - Job 53: Subtask sync_order_data
[2026-02-13T11:58:18.422+0800] {task_command.py:467} INFO - Running <TaskInstance: producer_dw_order_sync.sync_order_data manual__2026-02-13T03:58:13.633239+00:00 [running]> on host localhost-2.local
[2026-02-13T11:58:18.499+0800] {taskinstance.py:3157} INFO - Exporting env vars: AIRFLOW_CTX_DAG_OWNER='airflow' AIRFLOW_CTX_DAG_ID='producer_dw_order_sync' AIRFLOW_CTX_TASK_ID='sync_order_data' AIRFLOW_CTX_EXECUTION_DATE='2026-02-13T03:58:13.633239+00:00' AIRFLOW_CTX_TRY_NUMBER='1' AIRFLOW_CTX_DAG_RUN_ID='manual__2026-02-13T03:58:13.633239+00:00'
[2026-02-13T11:58:18.500+0800] {taskinstance.py:740} INFO - ::endgroup::
[2026-02-13T11:58:18.522+0800] {logging_mixin.py:190} INFO - 开始同步订单数据...
[2026-02-13T11:58:18.523+0800] {logging_mixin.py:190} INFO - 订单数据同步完成！已更新 dw_order 表
[2026-02-13T11:58:18.534+0800] {base.py:84} INFO - Retrieving connection 'mysql_234_crm'
[2026-02-13T11:58:18.672+0800] {sql.py:457} INFO - Running statement: UPDATE a_test1 SET sex = 6 where name='titi', parameters: None
[2026-02-13T11:58:18.691+0800] {sql.py:466} INFO - Rows affected: 0
[2026-02-13T11:58:18.706+0800] {base.py:84} INFO - Retrieving connection 'mysql_234_crm'
[2026-02-13T11:58:18.763+0800] {sql.py:457} INFO - Running statement:  SELECT sex FROM a_test1 where name='titi', parameters: None
[2026-02-13T11:58:18.782+0800] {sql.py:466} INFO - Rows affected: 1
[2026-02-13T11:58:18.802+0800] {logging_mixin.py:190} INFO - ✅ MySQL 连接成功！测试查询结果: ('6',)
[2026-02-13T11:58:18.802+0800] {python.py:240} INFO - Done. Returned value was: ('6',)
[2026-02-13T11:58:18.828+0800] {taskinstance.py:349} INFO - ::group::Post task execution logs
[2026-02-13T11:58:18.829+0800] {taskinstance.py:361} INFO - Marking task as SUCCESS. dag_id=producer_dw_order_sync, task_id=sync_order_data, run_id=manual__2026-02-13T03:58:13.633239+00:00, execution_date=20260213T035813, start_date=20260213T035818, end_date=20260213T035818
[2026-02-13T11:58:18.878+0800] {local_task_job_runner.py:266} INFO - Task exited with return code 0
[2026-02-13T11:58:18.895+0800] {taskinstance.py:3924} INFO - 0 downstream tasks scheduled from follow-on schedule check
[2026-02-13T11:58:18.896+0800] {local_task_job_runner.py:245} INFO - ::endgroup::
