2025-03-31 13:09:14,696 - INFO - 查询 => {'身份证号': '310110194304210023'}
2025-03-31 13:09:18,957 - ERROR - 失败 =>{'operate': '健康评估', 'option': {'身份证号': '310110194304210023'}}
2025-03-31 13:10:12,039 - ERROR - 查询 => 家庭医生: 小猴子
2025-03-31 13:10:14,134 - INFO - 查询 => {'姓名': '张三', '身份证号': '410203196112238333', '家庭医生': '小猴子'}
2025-04-03 09:40:26,463 - ERROR - 查询 => 家庭医生: 小猴子
2025-04-03 09:40:28,583 - INFO - 查询 => {'姓名': '张三', '身份证号': '410203196112238333', '家庭医生': '小猴子'}
2025-04-03 09:49:55,799 - ERROR - 查询 => 家庭医生: 小猴子
2025-04-03 09:49:57,922 - INFO - 查询 => {'姓名': '张三', '身份证号': '410203196112238333', '家庭医生': '小猴子'}
2025-04-07 11:41:02,971 - ERROR - 查询 => 姓名: 张三
2025-04-07 11:41:03,203 - ERROR - 查询 => 身份证号: 410203196112238333
2025-04-07 11:41:03,431 - ERROR - 查询 => 家庭医生: 小猴子
2025-04-07 11:41:51,622 - INFO - Received signal: SIGINT
2025-04-07 11:41:51,624 - INFO - Program is terminating...
2025-04-07 11:41:52,124 - WARNING - Retrying (Retry(total=2, connect=None, read=None, redirect=None, status=None)) after connection broken by 'NewConnectionError('<urllib3.connection.HTTPConnection object at 0x7fcd25fb3250>: Failed to establish a new connection: [Errno 61] Connection refused')': /session/5f88e024a97c355d9d57b43d7bec4f0e/element
2025-04-07 11:41:52,126 - WARNING - Retrying (Retry(total=1, connect=None, read=None, redirect=None, status=None)) after connection broken by 'NewConnectionError('<urllib3.connection.HTTPConnection object at 0x7fcd25fb3580>: Failed to establish a new connection: [Errno 61] Connection refused')': /session/5f88e024a97c355d9d57b43d7bec4f0e/element
2025-04-07 11:41:52,129 - WARNING - Retrying (Retry(total=0, connect=None, read=None, redirect=None, status=None)) after connection broken by 'NewConnectionError('<urllib3.connection.HTTPConnection object at 0x7fcd25fb34c0>: Failed to establish a new connection: [Errno 61] Connection refused')': /session/5f88e024a97c355d9d57b43d7bec4f0e/element
2025-04-07 11:41:52,133 - WARNING - Retrying (Retry(total=2, connect=None, read=None, redirect=None, status=None)) after connection broken by 'NewConnectionError('<urllib3.connection.HTTPConnection object at 0x7fcd25fb3c40>: Failed to establish a new connection: [Errno 61] Connection refused')': /session/5f88e024a97c355d9d57b43d7bec4f0e/element
2025-04-07 11:41:52,135 - WARNING - Retrying (Retry(total=1, connect=None, read=None, redirect=None, status=None)) after connection broken by 'NewConnectionError('<urllib3.connection.HTTPConnection object at 0x7fcd25fb3d90>: Failed to establish a new connection: [Errno 61] Connection refused')': /session/5f88e024a97c355d9d57b43d7bec4f0e/element
2025-04-07 11:41:52,138 - WARNING - Retrying (Retry(total=0, connect=None, read=None, redirect=None, status=None)) after connection broken by 'NewConnectionError('<urllib3.connection.HTTPConnection object at 0x7fcd25fb3ee0>: Failed to establish a new connection: [Errno 61] Connection refused')': /session/5f88e024a97c355d9d57b43d7bec4f0e/element
2025-04-07 11:41:52,143 - WARNING - Retrying (Retry(total=2, connect=None, read=None, redirect=None, status=None)) after connection broken by 'NewConnectionError('<urllib3.connection.HTTPConnection object at 0x7fcd26028310>: Failed to establish a new connection: [Errno 61] Connection refused')': /session/5f88e024a97c355d9d57b43d7bec4f0e/element
2025-04-07 11:41:52,145 - WARNING - Retrying (Retry(total=1, connect=None, read=None, redirect=None, status=None)) after connection broken by 'NewConnectionError('<urllib3.connection.HTTPConnection object at 0x7fcd260284f0>: Failed to establish a new connection: [Errno 61] Connection refused')': /session/5f88e024a97c355d9d57b43d7bec4f0e/element
2025-04-07 11:41:52,147 - WARNING - Retrying (Retry(total=0, connect=None, read=None, redirect=None, status=None)) after connection broken by 'NewConnectionError('<urllib3.connection.HTTPConnection object at 0x7fcd260286a0>: Failed to establish a new connection: [Errno 61] Connection refused')': /session/5f88e024a97c355d9d57b43d7bec4f0e/element
2025-04-07 11:41:52,152 - WARNING - Retrying (Retry(total=2, connect=None, read=None, redirect=None, status=None)) after connection broken by 'NewConnectionError('<urllib3.connection.HTTPConnection object at 0x7fcd26028ac0>: Failed to establish a new connection: [Errno 61] Connection refused')': /session/5f88e024a97c355d9d57b43d7bec4f0e/element
2025-04-07 11:41:52,154 - WARNING - Retrying (Retry(total=1, connect=None, read=None, redirect=None, status=None)) after connection broken by 'NewConnectionError('<urllib3.connection.HTTPConnection object at 0x7fcd26028ca0>: Failed to establish a new connection: [Errno 61] Connection refused')': /session/5f88e024a97c355d9d57b43d7bec4f0e/element
2025-04-07 11:41:52,157 - WARNING - Retrying (Retry(total=0, connect=None, read=None, redirect=None, status=None)) after connection broken by 'NewConnectionError('<urllib3.connection.HTTPConnection object at 0x7fcd26028e50>: Failed to establish a new connection: [Errno 61] Connection refused')': /session/5f88e024a97c355d9d57b43d7bec4f0e/element
2025-04-07 11:42:21,623 - INFO - Received signal: SIGINT
2025-04-07 11:42:21,624 - INFO - Program is terminating...
2025-04-07 11:42:21,704 - WARNING - Retrying (Retry(total=2, connect=None, read=None, redirect=None, status=None)) after connection broken by 'NewConnectionError('<urllib3.connection.HTTPConnection object at 0x7ff5eeec93f0>: Failed to establish a new connection: [Errno 61] Connection refused')': /session/d99615ff65a52dccbce302fb9d8dc666/element
2025-04-07 11:42:21,713 - WARNING - Retrying (Retry(total=1, connect=None, read=None, redirect=None, status=None)) after connection broken by 'NewConnectionError('<urllib3.connection.HTTPConnection object at 0x7ff5eeec9600>: Failed to establish a new connection: [Errno 61] Connection refused')': /session/d99615ff65a52dccbce302fb9d8dc666/element
2025-04-07 11:42:21,715 - WARNING - Retrying (Retry(total=0, connect=None, read=None, redirect=None, status=None)) after connection broken by 'NewConnectionError('<urllib3.connection.HTTPConnection object at 0x7ff5eeec95a0>: Failed to establish a new connection: [Errno 61] Connection refused')': /session/d99615ff65a52dccbce302fb9d8dc666/element
2025-04-07 11:42:21,718 - ERROR - 查询 => 家庭医生: 小猴子
2025-04-07 11:42:21,726 - WARNING - Retrying (Retry(total=2, connect=None, read=None, redirect=None, status=None)) after connection broken by 'NewConnectionError('<urllib3.connection.HTTPConnection object at 0x7ff5eeec99f0>: Failed to establish a new connection: [Errno 61] Connection refused')': /session/d99615ff65a52dccbce302fb9d8dc666/element
2025-04-07 11:42:21,729 - WARNING - Retrying (Retry(total=1, connect=None, read=None, redirect=None, status=None)) after connection broken by 'NewConnectionError('<urllib3.connection.HTTPConnection object at 0x7ff5eeec9ba0>: Failed to establish a new connection: [Errno 61] Connection refused')': /session/d99615ff65a52dccbce302fb9d8dc666/element
2025-04-07 11:42:21,731 - WARNING - Retrying (Retry(total=0, connect=None, read=None, redirect=None, status=None)) after connection broken by 'NewConnectionError('<urllib3.connection.HTTPConnection object at 0x7ff5eeec9cf0>: Failed to establish a new connection: [Errno 61] Connection refused')': /session/d99615ff65a52dccbce302fb9d8dc666/element
2025-04-07 11:42:21,736 - WARNING - Retrying (Retry(total=2, connect=None, read=None, redirect=None, status=None)) after connection broken by 'NewConnectionError('<urllib3.connection.HTTPConnection object at 0x7ff5eeeca050>: Failed to establish a new connection: [Errno 61] Connection refused')': /session/d99615ff65a52dccbce302fb9d8dc666/element
2025-04-07 11:42:21,739 - WARNING - Retrying (Retry(total=1, connect=None, read=None, redirect=None, status=None)) after connection broken by 'NewConnectionError('<urllib3.connection.HTTPConnection object at 0x7ff5eeeca170>: Failed to establish a new connection: [Errno 61] Connection refused')': /session/d99615ff65a52dccbce302fb9d8dc666/element
2025-04-07 11:42:21,742 - WARNING - Retrying (Retry(total=0, connect=None, read=None, redirect=None, status=None)) after connection broken by 'NewConnectionError('<urllib3.connection.HTTPConnection object at 0x7ff5eeec96f0>: Failed to establish a new connection: [Errno 61] Connection refused')': /session/d99615ff65a52dccbce302fb9d8dc666/element
2025-04-07 11:42:21,748 - WARNING - Retrying (Retry(total=2, connect=None, read=None, redirect=None, status=None)) after connection broken by 'NewConnectionError('<urllib3.connection.HTTPConnection object at 0x7ff5eeec94b0>: Failed to establish a new connection: [Errno 61] Connection refused')': /session/d99615ff65a52dccbce302fb9d8dc666/element
2025-04-07 11:42:21,750 - WARNING - Retrying (Retry(total=1, connect=None, read=None, redirect=None, status=None)) after connection broken by 'NewConnectionError('<urllib3.connection.HTTPConnection object at 0x7ff5eeeca1d0>: Failed to establish a new connection: [Errno 61] Connection refused')': /session/d99615ff65a52dccbce302fb9d8dc666/element
2025-04-07 11:42:21,753 - WARNING - Retrying (Retry(total=0, connect=None, read=None, redirect=None, status=None)) after connection broken by 'NewConnectionError('<urllib3.connection.HTTPConnection object at 0x7ff5eeeca320>: Failed to establish a new connection: [Errno 61] Connection refused')': /session/d99615ff65a52dccbce302fb9d8dc666/element
2025-04-07 11:42:21,761 - WARNING - Retrying (Retry(total=2, connect=None, read=None, redirect=None, status=None)) after connection broken by 'NewConnectionError('<urllib3.connection.HTTPConnection object at 0x7ff5eeeca680>: Failed to establish a new connection: [Errno 61] Connection refused')': /session/d99615ff65a52dccbce302fb9d8dc666/element
2025-04-07 11:42:21,766 - WARNING - Retrying (Retry(total=1, connect=None, read=None, redirect=None, status=None)) after connection broken by 'NewConnectionError('<urllib3.connection.HTTPConnection object at 0x7ff5eeeca860>: Failed to establish a new connection: [Errno 61] Connection refused')': /session/d99615ff65a52dccbce302fb9d8dc666/element
2025-04-07 11:42:21,769 - WARNING - Retrying (Retry(total=0, connect=None, read=None, redirect=None, status=None)) after connection broken by 'NewConnectionError('<urllib3.connection.HTTPConnection object at 0x7ff5eeecaa10>: Failed to establish a new connection: [Errno 61] Connection refused')': /session/d99615ff65a52dccbce302fb9d8dc666/element
2025-04-07 11:42:21,778 - WARNING - Retrying (Retry(total=2, connect=None, read=None, redirect=None, status=None)) after connection broken by 'NewConnectionError('<urllib3.connection.HTTPConnection object at 0x7ff5eeecae30>: Failed to establish a new connection: [Errno 61] Connection refused')': /session/d99615ff65a52dccbce302fb9d8dc666/element
2025-04-07 11:42:21,781 - WARNING - Retrying (Retry(total=1, connect=None, read=None, redirect=None, status=None)) after connection broken by 'NewConnectionError('<urllib3.connection.HTTPConnection object at 0x7ff5eeecb010>: Failed to establish a new connection: [Errno 61] Connection refused')': /session/d99615ff65a52dccbce302fb9d8dc666/element
2025-04-07 11:42:21,783 - WARNING - Retrying (Retry(total=0, connect=None, read=None, redirect=None, status=None)) after connection broken by 'NewConnectionError('<urllib3.connection.HTTPConnection object at 0x7ff5eeecb1c0>: Failed to establish a new connection: [Errno 61] Connection refused')': /session/d99615ff65a52dccbce302fb9d8dc666/element
2025-04-07 11:42:21,789 - WARNING - Retrying (Retry(total=2, connect=None, read=None, redirect=None, status=None)) after connection broken by 'NewConnectionError('<urllib3.connection.HTTPConnection object at 0x7ff5eeecb5e0>: Failed to establish a new connection: [Errno 61] Connection refused')': /session/d99615ff65a52dccbce302fb9d8dc666/element
2025-04-07 11:42:21,792 - WARNING - Retrying (Retry(total=1, connect=None, read=None, redirect=None, status=None)) after connection broken by 'NewConnectionError('<urllib3.connection.HTTPConnection object at 0x7ff5eeecb7c0>: Failed to establish a new connection: [Errno 61] Connection refused')': /session/d99615ff65a52dccbce302fb9d8dc666/element
2025-04-07 11:42:21,794 - WARNING - Retrying (Retry(total=0, connect=None, read=None, redirect=None, status=None)) after connection broken by 'NewConnectionError('<urllib3.connection.HTTPConnection object at 0x7ff5eeecb970>: Failed to establish a new connection: [Errno 61] Connection refused')': /session/d99615ff65a52dccbce302fb9d8dc666/element
2025-04-07 11:42:21,799 - WARNING - Retrying (Retry(total=2, connect=None, read=None, redirect=None, status=None)) after connection broken by 'NewConnectionError('<urllib3.connection.HTTPConnection object at 0x7ff5eeecbd90>: Failed to establish a new connection: [Errno 61] Connection refused')': /session/d99615ff65a52dccbce302fb9d8dc666/element
2025-04-07 11:42:21,802 - WARNING - Retrying (Retry(total=1, connect=None, read=None, redirect=None, status=None)) after connection broken by 'NewConnectionError('<urllib3.connection.HTTPConnection object at 0x7ff5eeecbf70>: Failed to establish a new connection: [Errno 61] Connection refused')': /session/d99615ff65a52dccbce302fb9d8dc666/element
2025-04-07 11:42:21,805 - WARNING - Retrying (Retry(total=0, connect=None, read=None, redirect=None, status=None)) after connection broken by 'NewConnectionError('<urllib3.connection.HTTPConnection object at 0x7ff5ef050160>: Failed to establish a new connection: [Errno 61] Connection refused')': /session/d99615ff65a52dccbce302fb9d8dc666/element
2025-04-07 11:42:21,810 - WARNING - Retrying (Retry(total=2, connect=None, read=None, redirect=None, status=None)) after connection broken by 'NewConnectionError('<urllib3.connection.HTTPConnection object at 0x7ff5ef050580>: Failed to establish a new connection: [Errno 61] Connection refused')': /session/d99615ff65a52dccbce302fb9d8dc666/element
2025-04-07 11:42:21,813 - WARNING - Retrying (Retry(total=1, connect=None, read=None, redirect=None, status=None)) after connection broken by 'NewConnectionError('<urllib3.connection.HTTPConnection object at 0x7ff5ef050760>: Failed to establish a new connection: [Errno 61] Connection refused')': /session/d99615ff65a52dccbce302fb9d8dc666/element
2025-04-07 11:42:21,815 - WARNING - Retrying (Retry(total=0, connect=None, read=None, redirect=None, status=None)) after connection broken by 'NewConnectionError('<urllib3.connection.HTTPConnection object at 0x7ff5ef050910>: Failed to establish a new connection: [Errno 61] Connection refused')': /session/d99615ff65a52dccbce302fb9d8dc666/element
2025-04-07 12:30:27,911 - ERROR - 查询 => 家庭医生: 小猴子
2025-04-07 12:30:30,016 - INFO - 查询 => {'姓名': '张三', '身份证号': '410203196112238333', '家庭医生': '小猴子'}
2025-04-07 13:02:30,455 - ERROR - 查询 => 家庭医生: 小猴子
2025-04-07 13:02:32,560 - INFO - 查询 => {'姓名': '张三', '身份证号': '410203196112238333', '家庭医生': '小猴子'}
2025-04-08 10:04:24,421 - ERROR - 查询 => 姓名: 张三
2025-04-08 10:04:24,736 - ERROR - 查询 => 身份证号: 410203196112238333
2025-04-08 10:04:25,012 - ERROR - 查询 => 家庭医生: 小猴子
2025-04-08 10:05:13,372 - INFO - Received signal: SIGINT
2025-04-08 10:05:13,373 - INFO - Program is terminating...
2025-04-08 10:05:13,635 - WARNING - Retrying (Retry(total=2, connect=None, read=None, redirect=None, status=None)) after connection broken by 'NewConnectionError('<urllib3.connection.HTTPConnection object at 0x7fa9a37a3160>: Failed to establish a new connection: [Errno 61] Connection refused')': /session/0af02c1bb99dcbb173224ba3d08a445c/element
2025-04-08 10:05:13,638 - WARNING - Retrying (Retry(total=1, connect=None, read=None, redirect=None, status=None)) after connection broken by 'NewConnectionError('<urllib3.connection.HTTPConnection object at 0x7fa9a37a3880>: Failed to establish a new connection: [Errno 61] Connection refused')': /session/0af02c1bb99dcbb173224ba3d08a445c/element
2025-04-08 10:05:13,640 - WARNING - Retrying (Retry(total=0, connect=None, read=None, redirect=None, status=None)) after connection broken by 'NewConnectionError('<urllib3.connection.HTTPConnection object at 0x7fa9a37a3940>: Failed to establish a new connection: [Errno 61] Connection refused')': /session/0af02c1bb99dcbb173224ba3d08a445c/element
2025-04-08 10:05:13,645 - WARNING - Retrying (Retry(total=2, connect=None, read=None, redirect=None, status=None)) after connection broken by 'NewConnectionError('<urllib3.connection.HTTPConnection object at 0x7fa9a37a3f70>: Failed to establish a new connection: [Errno 61] Connection refused')': /session/0af02c1bb99dcbb173224ba3d08a445c/element
2025-04-08 10:05:13,647 - WARNING - Retrying (Retry(total=1, connect=None, read=None, redirect=None, status=None)) after connection broken by 'NewConnectionError('<urllib3.connection.HTTPConnection object at 0x7fa9a3814100>: Failed to establish a new connection: [Errno 61] Connection refused')': /session/0af02c1bb99dcbb173224ba3d08a445c/element
2025-04-08 10:05:13,649 - WARNING - Retrying (Retry(total=0, connect=None, read=None, redirect=None, status=None)) after connection broken by 'NewConnectionError('<urllib3.connection.HTTPConnection object at 0x7fa9a3814250>: Failed to establish a new connection: [Errno 61] Connection refused')': /session/0af02c1bb99dcbb173224ba3d08a445c/element
2025-04-08 10:05:13,654 - WARNING - Retrying (Retry(total=2, connect=None, read=None, redirect=None, status=None)) after connection broken by 'NewConnectionError('<urllib3.connection.HTTPConnection object at 0x7fa9a37a35e0>: Failed to establish a new connection: [Errno 61] Connection refused')': /session/0af02c1bb99dcbb173224ba3d08a445c/element
2025-04-08 10:05:13,656 - WARNING - Retrying (Retry(total=1, connect=None, read=None, redirect=None, status=None)) after connection broken by 'NewConnectionError('<urllib3.connection.HTTPConnection object at 0x7fa9a3814400>: Failed to establish a new connection: [Errno 61] Connection refused')': /session/0af02c1bb99dcbb173224ba3d08a445c/element
2025-04-08 10:05:13,659 - WARNING - Retrying (Retry(total=0, connect=None, read=None, redirect=None, status=None)) after connection broken by 'NewConnectionError('<urllib3.connection.HTTPConnection object at 0x7fa9a38145b0>: Failed to establish a new connection: [Errno 61] Connection refused')': /session/0af02c1bb99dcbb173224ba3d08a445c/element
2025-04-08 10:05:13,664 - WARNING - Retrying (Retry(total=2, connect=None, read=None, redirect=None, status=None)) after connection broken by 'NewConnectionError('<urllib3.connection.HTTPConnection object at 0x7fa9a38149d0>: Failed to establish a new connection: [Errno 61] Connection refused')': /session/0af02c1bb99dcbb173224ba3d08a445c/element
2025-04-08 10:05:13,667 - WARNING - Retrying (Retry(total=1, connect=None, read=None, redirect=None, status=None)) after connection broken by 'NewConnectionError('<urllib3.connection.HTTPConnection object at 0x7fa9a3814bb0>: Failed to establish a new connection: [Errno 61] Connection refused')': /session/0af02c1bb99dcbb173224ba3d08a445c/element
2025-04-08 10:05:13,669 - WARNING - Retrying (Retry(total=0, connect=None, read=None, redirect=None, status=None)) after connection broken by 'NewConnectionError('<urllib3.connection.HTTPConnection object at 0x7fa9a3814d60>: Failed to establish a new connection: [Errno 61] Connection refused')': /session/0af02c1bb99dcbb173224ba3d08a445c/element
2025-04-08 14:46:22,468 - ERROR - 查询 => 家庭医生: 小猴子
2025-04-08 14:46:24,662 - INFO - 查询 => {'姓名': '张三', '身份证号': '410203196112238333', '家庭医生': '小猴子'}
2025-04-08 15:41:35,031 - ERROR - 查询 => 家庭医生: 小猴子
2025-04-08 15:41:37,129 - INFO - 查询 => {'姓名': '张三', '身份证号': '410203196112238333', '家庭医生': '小猴子'}
