2025-03-31 11:41:19,960 - ERROR - 查询 => 重点人群: 
2025-03-31 11:41:52,986 - INFO - 查询 => {'姓名': '张三', '身份证号': '410203196112238333', '人群分类': '老年人', '家庭医生': '小猴子', '签约日期范围': [[2025, 1, 1], [2025, 1, 3]], '年度评估状态': '待评估', '重点人群': '', '最近一次评估日期': [[2025, 2, 1], [2025, 2, 2]], '最近一次确认日期': [[2025, 3, 1], [2025, 3, 3]], '本年度上传情况': '本年度已上传', '已点击上传': '是'}
2025-03-31 11:45:05,750 - INFO - 查询 => {'身份证号': '420200198907079120'}
2025-03-31 11:45:10,156 - ERROR - 失败 =>{'operate': '健康评估', 'option': {'身份证号': '420200198907079120'}}
2025-03-31 11:46:43,098 - INFO - 查询 => {'身份证号': '420200198907079120'}
2025-03-31 11:46:47,481 - ERROR - 失败 =>{'operate': '健康评估', 'option': {'身份证号': '310110194304210023'}}
2025-03-31 11:47:19,196 - INFO - 查询 => {'身份证号': '310110194304210023'}
2025-03-31 11:47:23,611 - ERROR - 失败 =>{'operate': '健康评估', 'option': {'身份证号': '310110194304210023'}}
2025-03-31 11:56:00,744 - INFO - 查询 => {'身份证号': '310110194304210023'}
2025-03-31 11:56:05,210 - ERROR - 失败 =>{'operate': '健康评估', 'option': {'身份证号': '310110194304210023'}}
2025-03-31 11:57:59,773 - INFO - 查询 => {'身份证号': '310110194304210023'}
2025-03-31 11:58:14,697 - ERROR - 失败 =>{'operate': '健康评估', 'option': {'身份证号': '310110194304210023'}}
2025-03-31 12:01:21,462 - INFO - 查询 => {'身份证号': '310110194304210023'}
2025-03-31 12:01:36,332 - ERROR - 失败 =>{'operate': '健康评估', 'option': {'身份证号': '310110194304210023'}}
2025-03-31 12:06:33,279 - INFO - 查询 => {'身份证号': '310110194304210023'}
2025-03-31 12:06:39,821 - INFO - {'operate': '健康评估', 'option': {'身份证号': '310110194304210023'}}
2025-03-31 12:07:54,420 - INFO - 查询 => {'身份证号': '310110194304210023'}
2025-03-31 12:08:00,967 - INFO - {'operate': '健康评估', 'option': {'身份证号': '310110194304210023'}}
2025-03-31 12:08:03,116 - INFO - {'operate': '健康评估之新增评估', 'data': {}}
2025-03-31 12:08:32,809 - INFO - 查询 => {'身份证号': '310110194304210023'}
2025-03-31 12:08:39,387 - INFO - {'operate': '健康评估', 'option': {'身份证号': '310110194304210023'}}
2025-03-31 12:08:43,709 - INFO - {'operate': '健康评估之新增评估', 'data': {}}
2025-04-07 11:44:08,471 - INFO - 查询 => {'身份证号': '310110195503220018'}
2025-04-07 11:44:14,973 - INFO - {'operate': '健康评估', 'option': {'身份证号': '310110195503220018'}}
