2025-03-28 17:29:28,606 - INFO - 查询 => {'姓名': '张三', '身份证号': '110101202307019439', '人群分类': '老年人', '家庭医生': '小猴子', '上次服务日期': [[2025, 1, 1], [2025, 1, 3]]}
2025-03-28 17:35:56,968 - INFO - 查询 => {'身份证号': '410203196112238333'}
2025-03-28 17:36:03,392 - INFO - {'operate': '服务记录', 'option': {'身份证号': '410203196112238333'}}
2025-03-28 17:36:05,489 - INFO - {'operate': '服务记录', 'data': {}}
2025-03-28 17:42:16,209 - INFO - 查询 => {'身份证号': '410203196112238333'}
2025-03-28 17:42:22,712 - INFO - {'operate': '新增服务', 'option': {'身份证号': '410203196112238333'}}
2025-03-28 17:42:22,979 - ERROR - 失败 =>{'operate': '新增服务', 'data': {'服务时间': [2025, 1, 2], '服务形式': '微信', '服务内容': ['随访管理：医嘱及用药记录', {'其他': '123'}]}}
2025-03-28 17:46:06,923 - INFO - 查询 => {'身份证号': '410203196112238333'}
2025-03-28 17:46:13,382 - INFO - {'operate': '新增服务', 'option': {'身份证号': '410203196112238333'}}
2025-03-28 17:46:13,648 - ERROR - 失败 =>{'operate': '新增服务', 'data': {'服务时间': [2025, 1, 2], '服务形式': '微信', '服务内容': ['随访管理：医嘱及用药记录', {'其他': '123'}]}}
2025-03-28 17:47:31,554 - INFO - 查询 => {'身份证号': '410203196112238333'}
2025-03-28 17:47:38,032 - INFO - {'operate': '新增服务', 'option': {'身份证号': '410203196112238333'}}
2025-03-28 17:47:38,297 - ERROR - 失败 =>{'operate': '新增服务', 'data': {'服务时间': [2025, 1, 2], '服务形式': '微信', '服务内容': ['随访管理：医嘱及用药记录', {'其他': '123'}]}}
2025-03-28 17:48:31,908 - INFO - 查询 => {'身份证号': '410203196112238333'}
2025-03-28 17:48:38,399 - INFO - {'operate': '新增服务', 'option': {'身份证号': '410203196112238333'}}
2025-03-28 17:48:38,475 - ERROR - 失败 =>{'operate': '新增服务', 'data': {'服务时间': [2025, 1, 2], '服务形式': '微信', '服务内容': ['随访管理：医嘱及用药记录', {'其他': '123'}]}}
2025-03-28 17:50:53,838 - INFO - 查询 => {'身份证号': '410203196112238333'}
2025-03-28 17:51:00,303 - INFO - {'operate': '新增服务', 'option': {'身份证号': '410203196112238333'}}
2025-03-28 17:51:13,404 - INFO - {'operate': '新增服务', 'data': {'服务时间': [2025, 1, 2], '服务形式': '微信', '服务内容': ['随访管理：医嘱及用药记录', {'其他': '123'}]}}
2025-03-28 17:52:09,567 - INFO - 查询 => {'身份证号': '410203196112238333'}
2025-03-28 17:52:16,036 - INFO - {'operate': '新增服务', 'option': {'身份证号': '410203196112238333'}}
2025-03-28 17:52:28,501 - ERROR - 失败 =>{'operate': '新增服务', 'data': {'服务时间': [2025, 1, 2], '服务形式': '微信', '服务内容': ['随访管理：医嘱及用药记录', {'其他': '123'}]}}
2025-03-28 17:53:05,744 - INFO - 查询 => {'身份证号': '410203196112238333'}
2025-03-28 17:53:12,227 - INFO - {'operate': '新增服务', 'option': {'身份证号': '410203196112238333'}}
2025-03-28 17:53:28,109 - INFO - {'operate': '新增服务', 'data': {'服务时间': [2025, 1, 2], '服务形式': '微信', '服务内容': ['随访管理：医嘱及用药记录', {'其他服务': '123'}]}}
2025-03-31 11:29:17,443 - INFO - 查询 => {'身份证号': '410203196112238333'}
