[2026-02-11T12:19:57.902+0800] {processor.py:161} INFO - Started process (PID=8254) to work on /Users/linghuchong/miniconda3/envs/py310/lib/python3.10/site-packages/airflow/example_dags/example_branch_operator_decorator.py
[2026-02-11T12:19:57.903+0800] {processor.py:830} INFO - Processing file /Users/linghuchong/miniconda3/envs/py310/lib/python3.10/site-packages/airflow/example_dags/example_branch_operator_decorator.py for tasks to queue
[2026-02-11T12:19:57.904+0800] {logging_mixin.py:188} INFO - [2026-02-11T12:19:57.904+0800] {dagbag.py:540} INFO - Filling up the DagBag from /Users/linghuchong/miniconda3/envs/py310/lib/python3.10/site-packages/airflow/example_dags/example_branch_operator_decorator.py
[2026-02-11T12:19:57.954+0800] {processor.py:840} INFO - DAG(s) 'example_branch_python_operator_decorator' retrieved from /Users/linghuchong/miniconda3/envs/py310/lib/python3.10/site-packages/airflow/example_dags/example_branch_operator_decorator.py
[2026-02-11T12:19:58.177+0800] {logging_mixin.py:188} INFO - [2026-02-11T12:19:58.176+0800] {override.py:1769} INFO - Created Permission View: can read on DAG:example_branch_python_operator_decorator
[2026-02-11T12:19:58.185+0800] {logging_mixin.py:188} INFO - [2026-02-11T12:19:58.185+0800] {override.py:1769} INFO - Created Permission View: can edit on DAG:example_branch_python_operator_decorator
[2026-02-11T12:19:58.191+0800] {logging_mixin.py:188} INFO - [2026-02-11T12:19:58.191+0800] {override.py:1769} INFO - Created Permission View: can delete on DAG:example_branch_python_operator_decorator
[2026-02-11T12:19:58.191+0800] {logging_mixin.py:188} INFO - [2026-02-11T12:19:58.191+0800] {dag.py:3047} INFO - Sync 1 DAGs
[2026-02-11T12:19:58.201+0800] {logging_mixin.py:188} INFO - [2026-02-11T12:19:58.201+0800] {dag.py:3069} INFO - Creating ORM DAG for example_branch_python_operator_decorator
[2026-02-11T12:19:58.211+0800] {logging_mixin.py:188} INFO - [2026-02-11T12:19:58.211+0800] {dag.py:3834} INFO - Setting next_dagrun for example_branch_python_operator_decorator to 2026-02-10 00:00:00+00:00, run_after=2026-02-11 00:00:00+00:00
[2026-02-11T12:19:58.232+0800] {processor.py:183} INFO - Processing /Users/linghuchong/miniconda3/envs/py310/lib/python3.10/site-packages/airflow/example_dags/example_branch_operator_decorator.py took 0.330 seconds
[2026-02-11T12:25:23.691+0800] {processor.py:161} INFO - Started process (PID=8442) to work on /Users/linghuchong/miniconda3/envs/py310/lib/python3.10/site-packages/airflow/example_dags/example_branch_operator_decorator.py
[2026-02-11T12:25:23.693+0800] {processor.py:830} INFO - Processing file /Users/linghuchong/miniconda3/envs/py310/lib/python3.10/site-packages/airflow/example_dags/example_branch_operator_decorator.py for tasks to queue
[2026-02-11T12:25:23.695+0800] {logging_mixin.py:188} INFO - [2026-02-11T12:25:23.694+0800] {dagbag.py:540} INFO - Filling up the DagBag from /Users/linghuchong/miniconda3/envs/py310/lib/python3.10/site-packages/airflow/example_dags/example_branch_operator_decorator.py
[2026-02-11T12:25:23.750+0800] {processor.py:840} INFO - DAG(s) 'example_branch_python_operator_decorator' retrieved from /Users/linghuchong/miniconda3/envs/py310/lib/python3.10/site-packages/airflow/example_dags/example_branch_operator_decorator.py
[2026-02-11T12:25:23.999+0800] {logging_mixin.py:188} INFO - [2026-02-11T12:25:23.998+0800] {dag.py:3047} INFO - Sync 1 DAGs
[2026-02-11T12:25:24.021+0800] {logging_mixin.py:188} INFO - [2026-02-11T12:25:24.020+0800] {dag.py:3834} INFO - Setting next_dagrun for example_branch_python_operator_decorator to 2026-02-10 00:00:00+00:00, run_after=2026-02-11 00:00:00+00:00
[2026-02-11T12:25:24.044+0800] {processor.py:183} INFO - Processing /Users/linghuchong/miniconda3/envs/py310/lib/python3.10/site-packages/airflow/example_dags/example_branch_operator_decorator.py took 0.354 seconds
[2026-02-11T13:08:53.196+0800] {processor.py:161} INFO - Started process (PID=8614) to work on /Users/linghuchong/miniconda3/envs/py310/lib/python3.10/site-packages/airflow/example_dags/example_branch_operator_decorator.py
[2026-02-11T13:08:53.199+0800] {processor.py:830} INFO - Processing file /Users/linghuchong/miniconda3/envs/py310/lib/python3.10/site-packages/airflow/example_dags/example_branch_operator_decorator.py for tasks to queue
[2026-02-11T13:08:53.200+0800] {logging_mixin.py:188} INFO - [2026-02-11T13:08:53.200+0800] {dagbag.py:540} INFO - Filling up the DagBag from /Users/linghuchong/miniconda3/envs/py310/lib/python3.10/site-packages/airflow/example_dags/example_branch_operator_decorator.py
[2026-02-11T13:08:53.272+0800] {processor.py:840} INFO - DAG(s) 'example_branch_python_operator_decorator' retrieved from /Users/linghuchong/miniconda3/envs/py310/lib/python3.10/site-packages/airflow/example_dags/example_branch_operator_decorator.py
[2026-02-11T13:08:53.578+0800] {logging_mixin.py:188} INFO - [2026-02-11T13:08:53.577+0800] {dag.py:3047} INFO - Sync 1 DAGs
[2026-02-11T13:08:53.613+0800] {logging_mixin.py:188} INFO - [2026-02-11T13:08:53.613+0800] {dag.py:3834} INFO - Setting next_dagrun for example_branch_python_operator_decorator to 2026-02-10 00:00:00+00:00, run_after=2026-02-11 00:00:00+00:00
[2026-02-11T13:08:53.637+0800] {processor.py:183} INFO - Processing /Users/linghuchong/miniconda3/envs/py310/lib/python3.10/site-packages/airflow/example_dags/example_branch_operator_decorator.py took 0.442 seconds
[2026-02-11T13:22:17.704+0800] {processor.py:161} INFO - Started process (PID=9180) to work on /Users/linghuchong/miniconda3/envs/py310/lib/python3.10/site-packages/airflow/example_dags/example_branch_operator_decorator.py
[2026-02-11T13:22:17.707+0800] {processor.py:830} INFO - Processing file /Users/linghuchong/miniconda3/envs/py310/lib/python3.10/site-packages/airflow/example_dags/example_branch_operator_decorator.py for tasks to queue
[2026-02-11T13:22:17.709+0800] {logging_mixin.py:188} INFO - [2026-02-11T13:22:17.708+0800] {dagbag.py:540} INFO - Filling up the DagBag from /Users/linghuchong/miniconda3/envs/py310/lib/python3.10/site-packages/airflow/example_dags/example_branch_operator_decorator.py
[2026-02-11T13:22:17.765+0800] {processor.py:840} INFO - DAG(s) 'example_branch_python_operator_decorator' retrieved from /Users/linghuchong/miniconda3/envs/py310/lib/python3.10/site-packages/airflow/example_dags/example_branch_operator_decorator.py
[2026-02-11T13:22:18.003+0800] {logging_mixin.py:188} INFO - [2026-02-11T13:22:18.002+0800] {dag.py:3047} INFO - Sync 1 DAGs
[2026-02-11T13:22:18.024+0800] {logging_mixin.py:188} INFO - [2026-02-11T13:22:18.024+0800] {dag.py:3834} INFO - Setting next_dagrun for example_branch_python_operator_decorator to 2026-02-10 00:00:00+00:00, run_after=2026-02-11 00:00:00+00:00
[2026-02-11T13:22:18.050+0800] {processor.py:183} INFO - Processing /Users/linghuchong/miniconda3/envs/py310/lib/python3.10/site-packages/airflow/example_dags/example_branch_operator_decorator.py took 0.346 seconds
[2026-02-11T13:27:51.274+0800] {processor.py:161} INFO - Started process (PID=9339) to work on /Users/linghuchong/miniconda3/envs/py310/lib/python3.10/site-packages/airflow/example_dags/example_branch_operator_decorator.py
[2026-02-11T13:27:51.275+0800] {processor.py:830} INFO - Processing file /Users/linghuchong/miniconda3/envs/py310/lib/python3.10/site-packages/airflow/example_dags/example_branch_operator_decorator.py for tasks to queue
[2026-02-11T13:27:51.277+0800] {logging_mixin.py:188} INFO - [2026-02-11T13:27:51.276+0800] {dagbag.py:540} INFO - Filling up the DagBag from /Users/linghuchong/miniconda3/envs/py310/lib/python3.10/site-packages/airflow/example_dags/example_branch_operator_decorator.py
[2026-02-11T13:27:51.331+0800] {processor.py:840} INFO - DAG(s) 'example_branch_python_operator_decorator' retrieved from /Users/linghuchong/miniconda3/envs/py310/lib/python3.10/site-packages/airflow/example_dags/example_branch_operator_decorator.py
[2026-02-11T13:27:51.611+0800] {logging_mixin.py:188} INFO - [2026-02-11T13:27:51.610+0800] {dag.py:3047} INFO - Sync 1 DAGs
[2026-02-11T13:27:51.631+0800] {logging_mixin.py:188} INFO - [2026-02-11T13:27:51.630+0800] {dag.py:3834} INFO - Setting next_dagrun for example_branch_python_operator_decorator to 2026-02-10 00:00:00+00:00, run_after=2026-02-11 00:00:00+00:00
[2026-02-11T13:27:51.660+0800] {processor.py:183} INFO - Processing /Users/linghuchong/miniconda3/envs/py310/lib/python3.10/site-packages/airflow/example_dags/example_branch_operator_decorator.py took 0.386 seconds
[2026-02-11T13:33:40.680+0800] {processor.py:161} INFO - Started process (PID=9536) to work on /Users/linghuchong/miniconda3/envs/py310/lib/python3.10/site-packages/airflow/example_dags/example_branch_operator_decorator.py
[2026-02-11T13:33:40.683+0800] {processor.py:830} INFO - Processing file /Users/linghuchong/miniconda3/envs/py310/lib/python3.10/site-packages/airflow/example_dags/example_branch_operator_decorator.py for tasks to queue
[2026-02-11T13:33:40.684+0800] {logging_mixin.py:188} INFO - [2026-02-11T13:33:40.684+0800] {dagbag.py:540} INFO - Filling up the DagBag from /Users/linghuchong/miniconda3/envs/py310/lib/python3.10/site-packages/airflow/example_dags/example_branch_operator_decorator.py
[2026-02-11T13:33:40.743+0800] {processor.py:840} INFO - DAG(s) 'example_branch_python_operator_decorator' retrieved from /Users/linghuchong/miniconda3/envs/py310/lib/python3.10/site-packages/airflow/example_dags/example_branch_operator_decorator.py
[2026-02-11T13:33:40.969+0800] {logging_mixin.py:188} INFO - [2026-02-11T13:33:40.969+0800] {dag.py:3047} INFO - Sync 1 DAGs
[2026-02-11T13:33:40.987+0800] {logging_mixin.py:188} INFO - [2026-02-11T13:33:40.987+0800] {dag.py:3834} INFO - Setting next_dagrun for example_branch_python_operator_decorator to 2026-02-10 00:00:00+00:00, run_after=2026-02-11 00:00:00+00:00
[2026-02-11T13:33:41.010+0800] {processor.py:183} INFO - Processing /Users/linghuchong/miniconda3/envs/py310/lib/python3.10/site-packages/airflow/example_dags/example_branch_operator_decorator.py took 0.332 seconds
[2026-02-11T16:22:01.925+0800] {processor.py:161} INFO - Started process (PID=14571) to work on /Users/linghuchong/miniconda3/envs/py310/lib/python3.10/site-packages/airflow/example_dags/example_branch_operator_decorator.py
[2026-02-11T16:22:01.927+0800] {processor.py:830} INFO - Processing file /Users/linghuchong/miniconda3/envs/py310/lib/python3.10/site-packages/airflow/example_dags/example_branch_operator_decorator.py for tasks to queue
[2026-02-11T16:22:01.928+0800] {logging_mixin.py:188} INFO - [2026-02-11T16:22:01.928+0800] {dagbag.py:540} INFO - Filling up the DagBag from /Users/linghuchong/miniconda3/envs/py310/lib/python3.10/site-packages/airflow/example_dags/example_branch_operator_decorator.py
[2026-02-11T16:22:01.981+0800] {processor.py:840} INFO - DAG(s) 'example_branch_python_operator_decorator' retrieved from /Users/linghuchong/miniconda3/envs/py310/lib/python3.10/site-packages/airflow/example_dags/example_branch_operator_decorator.py
[2026-02-11T16:22:02.278+0800] {logging_mixin.py:188} INFO - [2026-02-11T16:22:02.277+0800] {dag.py:3047} INFO - Sync 1 DAGs
[2026-02-11T16:22:02.297+0800] {logging_mixin.py:188} INFO - [2026-02-11T16:22:02.296+0800] {dag.py:3834} INFO - Setting next_dagrun for example_branch_python_operator_decorator to 2026-02-10 00:00:00+00:00, run_after=2026-02-11 00:00:00+00:00
[2026-02-11T16:22:02.322+0800] {processor.py:183} INFO - Processing /Users/linghuchong/miniconda3/envs/py310/lib/python3.10/site-packages/airflow/example_dags/example_branch_operator_decorator.py took 0.398 seconds
[2026-02-11T16:26:04.266+0800] {processor.py:161} INFO - Started process (PID=14809) to work on /Users/linghuchong/miniconda3/envs/py310/lib/python3.10/site-packages/airflow/example_dags/example_branch_operator_decorator.py
[2026-02-11T16:26:04.269+0800] {processor.py:830} INFO - Processing file /Users/linghuchong/miniconda3/envs/py310/lib/python3.10/site-packages/airflow/example_dags/example_branch_operator_decorator.py for tasks to queue
[2026-02-11T16:26:04.271+0800] {logging_mixin.py:188} INFO - [2026-02-11T16:26:04.270+0800] {dagbag.py:540} INFO - Filling up the DagBag from /Users/linghuchong/miniconda3/envs/py310/lib/python3.10/site-packages/airflow/example_dags/example_branch_operator_decorator.py
[2026-02-11T16:26:04.324+0800] {processor.py:840} INFO - DAG(s) 'example_branch_python_operator_decorator' retrieved from /Users/linghuchong/miniconda3/envs/py310/lib/python3.10/site-packages/airflow/example_dags/example_branch_operator_decorator.py
[2026-02-11T16:26:04.587+0800] {logging_mixin.py:188} INFO - [2026-02-11T16:26:04.586+0800] {dag.py:3047} INFO - Sync 1 DAGs
[2026-02-11T16:26:04.605+0800] {logging_mixin.py:188} INFO - [2026-02-11T16:26:04.605+0800] {dag.py:3834} INFO - Setting next_dagrun for example_branch_python_operator_decorator to 2026-02-10 00:00:00+00:00, run_after=2026-02-11 00:00:00+00:00
[2026-02-11T16:26:04.628+0800] {processor.py:183} INFO - Processing /Users/linghuchong/miniconda3/envs/py310/lib/python3.10/site-packages/airflow/example_dags/example_branch_operator_decorator.py took 0.363 seconds
[2026-02-11T16:32:34.504+0800] {processor.py:161} INFO - Started process (PID=15247) to work on /Users/linghuchong/miniconda3/envs/py310/lib/python3.10/site-packages/airflow/example_dags/example_branch_operator_decorator.py
[2026-02-11T16:32:34.505+0800] {processor.py:830} INFO - Processing file /Users/linghuchong/miniconda3/envs/py310/lib/python3.10/site-packages/airflow/example_dags/example_branch_operator_decorator.py for tasks to queue
[2026-02-11T16:32:34.506+0800] {logging_mixin.py:188} INFO - [2026-02-11T16:32:34.506+0800] {dagbag.py:540} INFO - Filling up the DagBag from /Users/linghuchong/miniconda3/envs/py310/lib/python3.10/site-packages/airflow/example_dags/example_branch_operator_decorator.py
[2026-02-11T16:32:34.586+0800] {processor.py:840} INFO - DAG(s) 'example_branch_python_operator_decorator' retrieved from /Users/linghuchong/miniconda3/envs/py310/lib/python3.10/site-packages/airflow/example_dags/example_branch_operator_decorator.py
[2026-02-11T16:32:34.613+0800] {logging_mixin.py:188} INFO - [2026-02-11T16:32:34.612+0800] {dag.py:3047} INFO - Sync 1 DAGs
[2026-02-11T16:32:34.774+0800] {logging_mixin.py:188} INFO - [2026-02-11T16:32:34.773+0800] {dag.py:3834} INFO - Setting next_dagrun for example_branch_python_operator_decorator to 2026-02-10 00:00:00+00:00, run_after=2026-02-11 00:00:00+00:00
[2026-02-11T16:32:34.796+0800] {processor.py:183} INFO - Processing /Users/linghuchong/miniconda3/envs/py310/lib/python3.10/site-packages/airflow/example_dags/example_branch_operator_decorator.py took 0.293 seconds
[2026-02-11T16:38:49.385+0800] {processor.py:161} INFO - Started process (PID=15585) to work on /Users/linghuchong/miniconda3/envs/py310/lib/python3.10/site-packages/airflow/example_dags/example_branch_operator_decorator.py
[2026-02-11T16:38:49.386+0800] {processor.py:830} INFO - Processing file /Users/linghuchong/miniconda3/envs/py310/lib/python3.10/site-packages/airflow/example_dags/example_branch_operator_decorator.py for tasks to queue
[2026-02-11T16:38:49.388+0800] {logging_mixin.py:188} INFO - [2026-02-11T16:38:49.387+0800] {dagbag.py:540} INFO - Filling up the DagBag from /Users/linghuchong/miniconda3/envs/py310/lib/python3.10/site-packages/airflow/example_dags/example_branch_operator_decorator.py
[2026-02-11T16:38:49.436+0800] {processor.py:840} INFO - DAG(s) 'example_branch_python_operator_decorator' retrieved from /Users/linghuchong/miniconda3/envs/py310/lib/python3.10/site-packages/airflow/example_dags/example_branch_operator_decorator.py
[2026-02-11T16:38:49.662+0800] {logging_mixin.py:188} INFO - [2026-02-11T16:38:49.661+0800] {dag.py:3047} INFO - Sync 1 DAGs
[2026-02-11T16:38:49.680+0800] {logging_mixin.py:188} INFO - [2026-02-11T16:38:49.680+0800] {dag.py:3834} INFO - Setting next_dagrun for example_branch_python_operator_decorator to 2026-02-10 00:00:00+00:00, run_after=2026-02-11 00:00:00+00:00
[2026-02-11T16:38:49.705+0800] {processor.py:183} INFO - Processing /Users/linghuchong/miniconda3/envs/py310/lib/python3.10/site-packages/airflow/example_dags/example_branch_operator_decorator.py took 0.320 seconds
[2026-02-11T16:44:52.289+0800] {processor.py:161} INFO - Started process (PID=16043) to work on /Users/linghuchong/miniconda3/envs/py310/lib/python3.10/site-packages/airflow/example_dags/example_branch_operator_decorator.py
[2026-02-11T16:44:52.292+0800] {processor.py:830} INFO - Processing file /Users/linghuchong/miniconda3/envs/py310/lib/python3.10/site-packages/airflow/example_dags/example_branch_operator_decorator.py for tasks to queue
[2026-02-11T16:44:52.293+0800] {logging_mixin.py:188} INFO - [2026-02-11T16:44:52.293+0800] {dagbag.py:540} INFO - Filling up the DagBag from /Users/linghuchong/miniconda3/envs/py310/lib/python3.10/site-packages/airflow/example_dags/example_branch_operator_decorator.py
[2026-02-11T16:44:52.348+0800] {processor.py:840} INFO - DAG(s) 'example_branch_python_operator_decorator' retrieved from /Users/linghuchong/miniconda3/envs/py310/lib/python3.10/site-packages/airflow/example_dags/example_branch_operator_decorator.py
[2026-02-11T16:44:52.608+0800] {logging_mixin.py:188} INFO - [2026-02-11T16:44:52.608+0800] {dag.py:3047} INFO - Sync 1 DAGs
[2026-02-11T16:44:52.627+0800] {logging_mixin.py:188} INFO - [2026-02-11T16:44:52.627+0800] {dag.py:3834} INFO - Setting next_dagrun for example_branch_python_operator_decorator to 2026-02-10 00:00:00+00:00, run_after=2026-02-11 00:00:00+00:00
[2026-02-11T16:44:52.652+0800] {processor.py:183} INFO - Processing /Users/linghuchong/miniconda3/envs/py310/lib/python3.10/site-packages/airflow/example_dags/example_branch_operator_decorator.py took 0.364 seconds
[2026-02-11T16:51:43.950+0800] {processor.py:161} INFO - Started process (PID=16400) to work on /Users/linghuchong/miniconda3/envs/py310/lib/python3.10/site-packages/airflow/example_dags/example_branch_operator_decorator.py
[2026-02-11T16:51:43.951+0800] {processor.py:830} INFO - Processing file /Users/linghuchong/miniconda3/envs/py310/lib/python3.10/site-packages/airflow/example_dags/example_branch_operator_decorator.py for tasks to queue
[2026-02-11T16:51:43.952+0800] {logging_mixin.py:188} INFO - [2026-02-11T16:51:43.952+0800] {dagbag.py:540} INFO - Filling up the DagBag from /Users/linghuchong/miniconda3/envs/py310/lib/python3.10/site-packages/airflow/example_dags/example_branch_operator_decorator.py
[2026-02-11T16:51:44.014+0800] {processor.py:840} INFO - DAG(s) 'example_branch_python_operator_decorator' retrieved from /Users/linghuchong/miniconda3/envs/py310/lib/python3.10/site-packages/airflow/example_dags/example_branch_operator_decorator.py
[2026-02-11T16:51:44.267+0800] {logging_mixin.py:188} INFO - [2026-02-11T16:51:44.266+0800] {dag.py:3047} INFO - Sync 1 DAGs
[2026-02-11T16:51:44.291+0800] {logging_mixin.py:188} INFO - [2026-02-11T16:51:44.291+0800] {dag.py:3834} INFO - Setting next_dagrun for example_branch_python_operator_decorator to 2026-02-10 00:00:00+00:00, run_after=2026-02-11 00:00:00+00:00
[2026-02-11T16:51:44.318+0800] {processor.py:183} INFO - Processing /Users/linghuchong/miniconda3/envs/py310/lib/python3.10/site-packages/airflow/example_dags/example_branch_operator_decorator.py took 0.369 seconds
[2026-02-11T16:58:11.522+0800] {processor.py:161} INFO - Started process (PID=16653) to work on /Users/linghuchong/miniconda3/envs/py310/lib/python3.10/site-packages/airflow/example_dags/example_branch_operator_decorator.py
[2026-02-11T16:58:11.525+0800] {processor.py:830} INFO - Processing file /Users/linghuchong/miniconda3/envs/py310/lib/python3.10/site-packages/airflow/example_dags/example_branch_operator_decorator.py for tasks to queue
[2026-02-11T16:58:11.527+0800] {logging_mixin.py:188} INFO - [2026-02-11T16:58:11.526+0800] {dagbag.py:540} INFO - Filling up the DagBag from /Users/linghuchong/miniconda3/envs/py310/lib/python3.10/site-packages/airflow/example_dags/example_branch_operator_decorator.py
[2026-02-11T16:58:11.582+0800] {processor.py:840} INFO - DAG(s) 'example_branch_python_operator_decorator' retrieved from /Users/linghuchong/miniconda3/envs/py310/lib/python3.10/site-packages/airflow/example_dags/example_branch_operator_decorator.py
[2026-02-11T16:58:11.861+0800] {logging_mixin.py:188} INFO - [2026-02-11T16:58:11.860+0800] {dag.py:3047} INFO - Sync 1 DAGs
[2026-02-11T16:58:11.881+0800] {logging_mixin.py:188} INFO - [2026-02-11T16:58:11.881+0800] {dag.py:3834} INFO - Setting next_dagrun for example_branch_python_operator_decorator to 2026-02-10 00:00:00+00:00, run_after=2026-02-11 00:00:00+00:00
[2026-02-11T16:58:11.907+0800] {processor.py:183} INFO - Processing /Users/linghuchong/miniconda3/envs/py310/lib/python3.10/site-packages/airflow/example_dags/example_branch_operator_decorator.py took 0.386 seconds
[2026-02-11T17:05:19.139+0800] {processor.py:161} INFO - Started process (PID=16933) to work on /Users/linghuchong/miniconda3/envs/py310/lib/python3.10/site-packages/airflow/example_dags/example_branch_operator_decorator.py
[2026-02-11T17:05:19.142+0800] {processor.py:830} INFO - Processing file /Users/linghuchong/miniconda3/envs/py310/lib/python3.10/site-packages/airflow/example_dags/example_branch_operator_decorator.py for tasks to queue
[2026-02-11T17:05:19.143+0800] {logging_mixin.py:188} INFO - [2026-02-11T17:05:19.143+0800] {dagbag.py:540} INFO - Filling up the DagBag from /Users/linghuchong/miniconda3/envs/py310/lib/python3.10/site-packages/airflow/example_dags/example_branch_operator_decorator.py
[2026-02-11T17:05:19.196+0800] {processor.py:840} INFO - DAG(s) 'example_branch_python_operator_decorator' retrieved from /Users/linghuchong/miniconda3/envs/py310/lib/python3.10/site-packages/airflow/example_dags/example_branch_operator_decorator.py
[2026-02-11T17:05:19.438+0800] {logging_mixin.py:188} INFO - [2026-02-11T17:05:19.437+0800] {dag.py:3047} INFO - Sync 1 DAGs
[2026-02-11T17:05:19.456+0800] {logging_mixin.py:188} INFO - [2026-02-11T17:05:19.456+0800] {dag.py:3834} INFO - Setting next_dagrun for example_branch_python_operator_decorator to 2026-02-10 00:00:00+00:00, run_after=2026-02-11 00:00:00+00:00
[2026-02-11T17:05:19.477+0800] {processor.py:183} INFO - Processing /Users/linghuchong/miniconda3/envs/py310/lib/python3.10/site-packages/airflow/example_dags/example_branch_operator_decorator.py took 0.339 seconds
[2026-02-11T17:17:28.279+0800] {processor.py:161} INFO - Started process (PID=17805) to work on /Users/linghuchong/miniconda3/envs/py310/lib/python3.10/site-packages/airflow/example_dags/example_branch_operator_decorator.py
[2026-02-11T17:17:28.282+0800] {processor.py:830} INFO - Processing file /Users/linghuchong/miniconda3/envs/py310/lib/python3.10/site-packages/airflow/example_dags/example_branch_operator_decorator.py for tasks to queue
[2026-02-11T17:17:28.283+0800] {logging_mixin.py:188} INFO - [2026-02-11T17:17:28.283+0800] {dagbag.py:540} INFO - Filling up the DagBag from /Users/linghuchong/miniconda3/envs/py310/lib/python3.10/site-packages/airflow/example_dags/example_branch_operator_decorator.py
[2026-02-11T17:17:28.333+0800] {processor.py:840} INFO - DAG(s) 'example_branch_python_operator_decorator' retrieved from /Users/linghuchong/miniconda3/envs/py310/lib/python3.10/site-packages/airflow/example_dags/example_branch_operator_decorator.py
[2026-02-11T17:17:28.556+0800] {logging_mixin.py:188} INFO - [2026-02-11T17:17:28.555+0800] {dag.py:3047} INFO - Sync 1 DAGs
[2026-02-11T17:17:28.573+0800] {logging_mixin.py:188} INFO - [2026-02-11T17:17:28.573+0800] {dag.py:3834} INFO - Setting next_dagrun for example_branch_python_operator_decorator to 2026-02-10 00:00:00+00:00, run_after=2026-02-11 00:00:00+00:00
[2026-02-11T17:17:28.596+0800] {processor.py:183} INFO - Processing /Users/linghuchong/miniconda3/envs/py310/lib/python3.10/site-packages/airflow/example_dags/example_branch_operator_decorator.py took 0.317 seconds
[2026-02-11T17:20:45.104+0800] {processor.py:161} INFO - Started process (PID=17895) to work on /Users/linghuchong/miniconda3/envs/py310/lib/python3.10/site-packages/airflow/example_dags/example_branch_operator_decorator.py
[2026-02-11T17:20:45.107+0800] {processor.py:830} INFO - Processing file /Users/linghuchong/miniconda3/envs/py310/lib/python3.10/site-packages/airflow/example_dags/example_branch_operator_decorator.py for tasks to queue
[2026-02-11T17:20:45.108+0800] {logging_mixin.py:188} INFO - [2026-02-11T17:20:45.107+0800] {dagbag.py:540} INFO - Filling up the DagBag from /Users/linghuchong/miniconda3/envs/py310/lib/python3.10/site-packages/airflow/example_dags/example_branch_operator_decorator.py
[2026-02-11T17:20:45.161+0800] {processor.py:840} INFO - DAG(s) 'example_branch_python_operator_decorator' retrieved from /Users/linghuchong/miniconda3/envs/py310/lib/python3.10/site-packages/airflow/example_dags/example_branch_operator_decorator.py
[2026-02-11T17:20:45.404+0800] {logging_mixin.py:188} INFO - [2026-02-11T17:20:45.403+0800] {dag.py:3047} INFO - Sync 1 DAGs
[2026-02-11T17:20:45.421+0800] {logging_mixin.py:188} INFO - [2026-02-11T17:20:45.420+0800] {dag.py:3834} INFO - Setting next_dagrun for example_branch_python_operator_decorator to 2026-02-10 00:00:00+00:00, run_after=2026-02-11 00:00:00+00:00
[2026-02-11T17:20:45.444+0800] {processor.py:183} INFO - Processing /Users/linghuchong/miniconda3/envs/py310/lib/python3.10/site-packages/airflow/example_dags/example_branch_operator_decorator.py took 0.341 seconds
[2026-02-11T17:26:11.504+0800] {processor.py:161} INFO - Started process (PID=18074) to work on /Users/linghuchong/miniconda3/envs/py310/lib/python3.10/site-packages/airflow/example_dags/example_branch_operator_decorator.py
[2026-02-11T17:26:11.506+0800] {processor.py:830} INFO - Processing file /Users/linghuchong/miniconda3/envs/py310/lib/python3.10/site-packages/airflow/example_dags/example_branch_operator_decorator.py for tasks to queue
[2026-02-11T17:26:11.507+0800] {logging_mixin.py:188} INFO - [2026-02-11T17:26:11.507+0800] {dagbag.py:540} INFO - Filling up the DagBag from /Users/linghuchong/miniconda3/envs/py310/lib/python3.10/site-packages/airflow/example_dags/example_branch_operator_decorator.py
[2026-02-11T17:26:11.554+0800] {processor.py:840} INFO - DAG(s) 'example_branch_python_operator_decorator' retrieved from /Users/linghuchong/miniconda3/envs/py310/lib/python3.10/site-packages/airflow/example_dags/example_branch_operator_decorator.py
[2026-02-11T17:26:11.760+0800] {logging_mixin.py:188} INFO - [2026-02-11T17:26:11.760+0800] {dag.py:3047} INFO - Sync 1 DAGs
[2026-02-11T17:26:11.778+0800] {logging_mixin.py:188} INFO - [2026-02-11T17:26:11.777+0800] {dag.py:3834} INFO - Setting next_dagrun for example_branch_python_operator_decorator to 2026-02-10 00:00:00+00:00, run_after=2026-02-11 00:00:00+00:00
[2026-02-11T17:26:11.799+0800] {processor.py:183} INFO - Processing /Users/linghuchong/miniconda3/envs/py310/lib/python3.10/site-packages/airflow/example_dags/example_branch_operator_decorator.py took 0.297 seconds
[2026-02-11T17:31:55.591+0800] {processor.py:161} INFO - Started process (PID=18269) to work on /Users/linghuchong/miniconda3/envs/py310/lib/python3.10/site-packages/airflow/example_dags/example_branch_operator_decorator.py
[2026-02-11T17:31:55.594+0800] {processor.py:830} INFO - Processing file /Users/linghuchong/miniconda3/envs/py310/lib/python3.10/site-packages/airflow/example_dags/example_branch_operator_decorator.py for tasks to queue
[2026-02-11T17:31:55.595+0800] {logging_mixin.py:188} INFO - [2026-02-11T17:31:55.595+0800] {dagbag.py:540} INFO - Filling up the DagBag from /Users/linghuchong/miniconda3/envs/py310/lib/python3.10/site-packages/airflow/example_dags/example_branch_operator_decorator.py
[2026-02-11T17:31:55.652+0800] {processor.py:840} INFO - DAG(s) 'example_branch_python_operator_decorator' retrieved from /Users/linghuchong/miniconda3/envs/py310/lib/python3.10/site-packages/airflow/example_dags/example_branch_operator_decorator.py
[2026-02-11T17:31:55.888+0800] {logging_mixin.py:188} INFO - [2026-02-11T17:31:55.887+0800] {dag.py:3047} INFO - Sync 1 DAGs
[2026-02-11T17:31:55.909+0800] {logging_mixin.py:188} INFO - [2026-02-11T17:31:55.908+0800] {dag.py:3834} INFO - Setting next_dagrun for example_branch_python_operator_decorator to 2026-02-10 00:00:00+00:00, run_after=2026-02-11 00:00:00+00:00
[2026-02-11T17:31:55.931+0800] {processor.py:183} INFO - Processing /Users/linghuchong/miniconda3/envs/py310/lib/python3.10/site-packages/airflow/example_dags/example_branch_operator_decorator.py took 0.341 seconds
[2026-02-11T17:38:01.888+0800] {processor.py:161} INFO - Started process (PID=18598) to work on /Users/linghuchong/miniconda3/envs/py310/lib/python3.10/site-packages/airflow/example_dags/example_branch_operator_decorator.py
[2026-02-11T17:38:01.890+0800] {processor.py:830} INFO - Processing file /Users/linghuchong/miniconda3/envs/py310/lib/python3.10/site-packages/airflow/example_dags/example_branch_operator_decorator.py for tasks to queue
[2026-02-11T17:38:01.891+0800] {logging_mixin.py:188} INFO - [2026-02-11T17:38:01.890+0800] {dagbag.py:540} INFO - Filling up the DagBag from /Users/linghuchong/miniconda3/envs/py310/lib/python3.10/site-packages/airflow/example_dags/example_branch_operator_decorator.py
[2026-02-11T17:38:01.943+0800] {processor.py:840} INFO - DAG(s) 'example_branch_python_operator_decorator' retrieved from /Users/linghuchong/miniconda3/envs/py310/lib/python3.10/site-packages/airflow/example_dags/example_branch_operator_decorator.py
[2026-02-11T17:38:02.204+0800] {logging_mixin.py:188} INFO - [2026-02-11T17:38:02.203+0800] {dag.py:3047} INFO - Sync 1 DAGs
[2026-02-11T17:38:02.222+0800] {logging_mixin.py:188} INFO - [2026-02-11T17:38:02.222+0800] {dag.py:3834} INFO - Setting next_dagrun for example_branch_python_operator_decorator to 2026-02-10 00:00:00+00:00, run_after=2026-02-11 00:00:00+00:00
[2026-02-11T17:38:02.247+0800] {processor.py:183} INFO - Processing /Users/linghuchong/miniconda3/envs/py310/lib/python3.10/site-packages/airflow/example_dags/example_branch_operator_decorator.py took 0.360 seconds
[2026-02-11T17:44:13.615+0800] {processor.py:161} INFO - Started process (PID=19381) to work on /Users/linghuchong/miniconda3/envs/py310/lib/python3.10/site-packages/airflow/example_dags/example_branch_operator_decorator.py
[2026-02-11T17:44:13.618+0800] {processor.py:830} INFO - Processing file /Users/linghuchong/miniconda3/envs/py310/lib/python3.10/site-packages/airflow/example_dags/example_branch_operator_decorator.py for tasks to queue
[2026-02-11T17:44:13.619+0800] {logging_mixin.py:188} INFO - [2026-02-11T17:44:13.619+0800] {dagbag.py:540} INFO - Filling up the DagBag from /Users/linghuchong/miniconda3/envs/py310/lib/python3.10/site-packages/airflow/example_dags/example_branch_operator_decorator.py
[2026-02-11T17:44:13.681+0800] {processor.py:840} INFO - DAG(s) 'example_branch_python_operator_decorator' retrieved from /Users/linghuchong/miniconda3/envs/py310/lib/python3.10/site-packages/airflow/example_dags/example_branch_operator_decorator.py
[2026-02-11T17:44:13.923+0800] {logging_mixin.py:188} INFO - [2026-02-11T17:44:13.923+0800] {dag.py:3047} INFO - Sync 1 DAGs
[2026-02-11T17:44:13.945+0800] {logging_mixin.py:188} INFO - [2026-02-11T17:44:13.945+0800] {dag.py:3834} INFO - Setting next_dagrun for example_branch_python_operator_decorator to 2026-02-10 00:00:00+00:00, run_after=2026-02-11 00:00:00+00:00
[2026-02-11T17:44:13.969+0800] {processor.py:183} INFO - Processing /Users/linghuchong/miniconda3/envs/py310/lib/python3.10/site-packages/airflow/example_dags/example_branch_operator_decorator.py took 0.355 seconds
[2026-02-11T17:50:21.585+0800] {processor.py:161} INFO - Started process (PID=19846) to work on /Users/linghuchong/miniconda3/envs/py310/lib/python3.10/site-packages/airflow/example_dags/example_branch_operator_decorator.py
[2026-02-11T17:50:21.588+0800] {processor.py:830} INFO - Processing file /Users/linghuchong/miniconda3/envs/py310/lib/python3.10/site-packages/airflow/example_dags/example_branch_operator_decorator.py for tasks to queue
[2026-02-11T17:50:21.589+0800] {logging_mixin.py:188} INFO - [2026-02-11T17:50:21.589+0800] {dagbag.py:540} INFO - Filling up the DagBag from /Users/linghuchong/miniconda3/envs/py310/lib/python3.10/site-packages/airflow/example_dags/example_branch_operator_decorator.py
[2026-02-11T17:50:21.641+0800] {processor.py:840} INFO - DAG(s) 'example_branch_python_operator_decorator' retrieved from /Users/linghuchong/miniconda3/envs/py310/lib/python3.10/site-packages/airflow/example_dags/example_branch_operator_decorator.py
[2026-02-11T17:50:21.856+0800] {logging_mixin.py:188} INFO - [2026-02-11T17:50:21.855+0800] {dag.py:3047} INFO - Sync 1 DAGs
[2026-02-11T17:50:21.875+0800] {logging_mixin.py:188} INFO - [2026-02-11T17:50:21.875+0800] {dag.py:3834} INFO - Setting next_dagrun for example_branch_python_operator_decorator to 2026-02-10 00:00:00+00:00, run_after=2026-02-11 00:00:00+00:00
[2026-02-11T17:50:21.897+0800] {processor.py:183} INFO - Processing /Users/linghuchong/miniconda3/envs/py310/lib/python3.10/site-packages/airflow/example_dags/example_branch_operator_decorator.py took 0.313 seconds
[2026-02-11T17:56:35.981+0800] {processor.py:161} INFO - Started process (PID=20072) to work on /Users/linghuchong/miniconda3/envs/py310/lib/python3.10/site-packages/airflow/example_dags/example_branch_operator_decorator.py
[2026-02-11T17:56:35.983+0800] {processor.py:830} INFO - Processing file /Users/linghuchong/miniconda3/envs/py310/lib/python3.10/site-packages/airflow/example_dags/example_branch_operator_decorator.py for tasks to queue
[2026-02-11T17:56:35.985+0800] {logging_mixin.py:188} INFO - [2026-02-11T17:56:35.984+0800] {dagbag.py:540} INFO - Filling up the DagBag from /Users/linghuchong/miniconda3/envs/py310/lib/python3.10/site-packages/airflow/example_dags/example_branch_operator_decorator.py
[2026-02-11T17:56:36.039+0800] {processor.py:840} INFO - DAG(s) 'example_branch_python_operator_decorator' retrieved from /Users/linghuchong/miniconda3/envs/py310/lib/python3.10/site-packages/airflow/example_dags/example_branch_operator_decorator.py
[2026-02-11T17:56:36.259+0800] {logging_mixin.py:188} INFO - [2026-02-11T17:56:36.258+0800] {dag.py:3047} INFO - Sync 1 DAGs
[2026-02-11T17:56:36.278+0800] {logging_mixin.py:188} INFO - [2026-02-11T17:56:36.278+0800] {dag.py:3834} INFO - Setting next_dagrun for example_branch_python_operator_decorator to 2026-02-10 00:00:00+00:00, run_after=2026-02-11 00:00:00+00:00
[2026-02-11T17:56:36.303+0800] {processor.py:183} INFO - Processing /Users/linghuchong/miniconda3/envs/py310/lib/python3.10/site-packages/airflow/example_dags/example_branch_operator_decorator.py took 0.323 seconds
