[2026-02-11T12:18:59.135+0800] {processor.py:161} INFO - Started process (PID=8210) to work on /Users/linghuchong/miniconda3/envs/py310/lib/python3.10/site-packages/airflow/example_dags/example_params_ui_tutorial.py
[2026-02-11T12:18:59.136+0800] {processor.py:830} INFO - Processing file /Users/linghuchong/miniconda3/envs/py310/lib/python3.10/site-packages/airflow/example_dags/example_params_ui_tutorial.py for tasks to queue
[2026-02-11T12:18:59.137+0800] {logging_mixin.py:188} INFO - [2026-02-11T12:18:59.137+0800] {dagbag.py:540} INFO - Filling up the DagBag from /Users/linghuchong/miniconda3/envs/py310/lib/python3.10/site-packages/airflow/example_dags/example_params_ui_tutorial.py
[2026-02-11T12:18:59.175+0800] {processor.py:840} INFO - DAG(s) 'example_params_ui_tutorial' retrieved from /Users/linghuchong/miniconda3/envs/py310/lib/python3.10/site-packages/airflow/example_dags/example_params_ui_tutorial.py
[2026-02-11T12:18:59.629+0800] {logging_mixin.py:188} INFO - [2026-02-11T12:18:59.628+0800] {override.py:1769} INFO - Created Permission View: can edit on DAG:example_params_ui_tutorial
[2026-02-11T12:18:59.651+0800] {logging_mixin.py:188} INFO - [2026-02-11T12:18:59.650+0800] {override.py:1769} INFO - Created Permission View: can read on DAG:example_params_ui_tutorial
[2026-02-11T12:18:59.662+0800] {logging_mixin.py:188} INFO - [2026-02-11T12:18:59.661+0800] {override.py:1769} INFO - Created Permission View: can delete on DAG:example_params_ui_tutorial
[2026-02-11T12:18:59.662+0800] {logging_mixin.py:188} INFO - [2026-02-11T12:18:59.662+0800] {dag.py:3047} INFO - Sync 1 DAGs
[2026-02-11T12:18:59.679+0800] {logging_mixin.py:188} INFO - [2026-02-11T12:18:59.678+0800] {dag.py:3069} INFO - Creating ORM DAG for example_params_ui_tutorial
[2026-02-11T12:18:59.681+0800] {logging_mixin.py:188} INFO - [2026-02-11T12:18:59.680+0800] {dag.py:3834} INFO - Setting next_dagrun for example_params_ui_tutorial to None, run_after=None
[2026-02-11T12:18:59.702+0800] {processor.py:183} INFO - Processing /Users/linghuchong/miniconda3/envs/py310/lib/python3.10/site-packages/airflow/example_dags/example_params_ui_tutorial.py took 0.567 seconds
[2026-02-11T12:22:19.068+0800] {processor.py:161} INFO - Started process (PID=8360) to work on /Users/linghuchong/miniconda3/envs/py310/lib/python3.10/site-packages/airflow/example_dags/example_params_ui_tutorial.py
[2026-02-11T12:22:19.071+0800] {processor.py:830} INFO - Processing file /Users/linghuchong/miniconda3/envs/py310/lib/python3.10/site-packages/airflow/example_dags/example_params_ui_tutorial.py for tasks to queue
[2026-02-11T12:22:19.072+0800] {logging_mixin.py:188} INFO - [2026-02-11T12:22:19.072+0800] {dagbag.py:540} INFO - Filling up the DagBag from /Users/linghuchong/miniconda3/envs/py310/lib/python3.10/site-packages/airflow/example_dags/example_params_ui_tutorial.py
[2026-02-11T12:22:19.110+0800] {processor.py:840} INFO - DAG(s) 'example_params_ui_tutorial' retrieved from /Users/linghuchong/miniconda3/envs/py310/lib/python3.10/site-packages/airflow/example_dags/example_params_ui_tutorial.py
[2026-02-11T12:22:19.309+0800] {logging_mixin.py:188} INFO - [2026-02-11T12:22:19.308+0800] {dag.py:3047} INFO - Sync 1 DAGs
[2026-02-11T12:22:19.318+0800] {logging_mixin.py:188} INFO - [2026-02-11T12:22:19.318+0800] {dag.py:3834} INFO - Setting next_dagrun for example_params_ui_tutorial to None, run_after=None
[2026-02-11T12:22:19.339+0800] {processor.py:183} INFO - Processing /Users/linghuchong/miniconda3/envs/py310/lib/python3.10/site-packages/airflow/example_dags/example_params_ui_tutorial.py took 0.271 seconds
[2026-02-11T12:24:59.826+0800] {processor.py:161} INFO - Started process (PID=8427) to work on /Users/linghuchong/miniconda3/envs/py310/lib/python3.10/site-packages/airflow/example_dags/example_params_ui_tutorial.py
[2026-02-11T12:24:59.827+0800] {processor.py:830} INFO - Processing file /Users/linghuchong/miniconda3/envs/py310/lib/python3.10/site-packages/airflow/example_dags/example_params_ui_tutorial.py for tasks to queue
[2026-02-11T12:24:59.828+0800] {logging_mixin.py:188} INFO - [2026-02-11T12:24:59.828+0800] {dagbag.py:540} INFO - Filling up the DagBag from /Users/linghuchong/miniconda3/envs/py310/lib/python3.10/site-packages/airflow/example_dags/example_params_ui_tutorial.py
[2026-02-11T12:24:59.870+0800] {processor.py:840} INFO - DAG(s) 'example_params_ui_tutorial' retrieved from /Users/linghuchong/miniconda3/envs/py310/lib/python3.10/site-packages/airflow/example_dags/example_params_ui_tutorial.py
[2026-02-11T12:25:00.028+0800] {logging_mixin.py:188} INFO - [2026-02-11T12:25:00.027+0800] {dag.py:3047} INFO - Sync 1 DAGs
[2026-02-11T12:25:00.037+0800] {logging_mixin.py:188} INFO - [2026-02-11T12:25:00.037+0800] {dag.py:3834} INFO - Setting next_dagrun for example_params_ui_tutorial to None, run_after=None
[2026-02-11T12:25:00.059+0800] {processor.py:183} INFO - Processing /Users/linghuchong/miniconda3/envs/py310/lib/python3.10/site-packages/airflow/example_dags/example_params_ui_tutorial.py took 0.234 seconds
[2026-02-11T12:27:34.115+0800] {processor.py:161} INFO - Started process (PID=8490) to work on /Users/linghuchong/miniconda3/envs/py310/lib/python3.10/site-packages/airflow/example_dags/example_params_ui_tutorial.py
[2026-02-11T12:27:34.117+0800] {processor.py:830} INFO - Processing file /Users/linghuchong/miniconda3/envs/py310/lib/python3.10/site-packages/airflow/example_dags/example_params_ui_tutorial.py for tasks to queue
[2026-02-11T12:27:34.118+0800] {logging_mixin.py:188} INFO - [2026-02-11T12:27:34.118+0800] {dagbag.py:540} INFO - Filling up the DagBag from /Users/linghuchong/miniconda3/envs/py310/lib/python3.10/site-packages/airflow/example_dags/example_params_ui_tutorial.py
[2026-02-11T12:27:34.157+0800] {processor.py:840} INFO - DAG(s) 'example_params_ui_tutorial' retrieved from /Users/linghuchong/miniconda3/envs/py310/lib/python3.10/site-packages/airflow/example_dags/example_params_ui_tutorial.py
[2026-02-11T12:27:34.298+0800] {logging_mixin.py:188} INFO - [2026-02-11T12:27:34.298+0800] {dag.py:3047} INFO - Sync 1 DAGs
[2026-02-11T12:27:34.307+0800] {logging_mixin.py:188} INFO - [2026-02-11T12:27:34.307+0800] {dag.py:3834} INFO - Setting next_dagrun for example_params_ui_tutorial to None, run_after=None
[2026-02-11T12:27:34.329+0800] {processor.py:183} INFO - Processing /Users/linghuchong/miniconda3/envs/py310/lib/python3.10/site-packages/airflow/example_dags/example_params_ui_tutorial.py took 0.215 seconds
[2026-02-11T13:08:32.100+0800] {processor.py:161} INFO - Started process (PID=8594) to work on /Users/linghuchong/miniconda3/envs/py310/lib/python3.10/site-packages/airflow/example_dags/example_params_ui_tutorial.py
[2026-02-11T13:08:32.101+0800] {processor.py:830} INFO - Processing file /Users/linghuchong/miniconda3/envs/py310/lib/python3.10/site-packages/airflow/example_dags/example_params_ui_tutorial.py for tasks to queue
[2026-02-11T13:08:32.102+0800] {logging_mixin.py:188} INFO - [2026-02-11T13:08:32.102+0800] {dagbag.py:540} INFO - Filling up the DagBag from /Users/linghuchong/miniconda3/envs/py310/lib/python3.10/site-packages/airflow/example_dags/example_params_ui_tutorial.py
[2026-02-11T13:08:32.144+0800] {processor.py:840} INFO - DAG(s) 'example_params_ui_tutorial' retrieved from /Users/linghuchong/miniconda3/envs/py310/lib/python3.10/site-packages/airflow/example_dags/example_params_ui_tutorial.py
[2026-02-11T13:08:32.315+0800] {logging_mixin.py:188} INFO - [2026-02-11T13:08:32.315+0800] {dag.py:3047} INFO - Sync 1 DAGs
[2026-02-11T13:08:32.325+0800] {logging_mixin.py:188} INFO - [2026-02-11T13:08:32.325+0800] {dag.py:3834} INFO - Setting next_dagrun for example_params_ui_tutorial to None, run_after=None
[2026-02-11T13:08:32.350+0800] {processor.py:183} INFO - Processing /Users/linghuchong/miniconda3/envs/py310/lib/python3.10/site-packages/airflow/example_dags/example_params_ui_tutorial.py took 0.251 seconds
[2026-02-11T13:11:11.784+0800] {processor.py:161} INFO - Started process (PID=8668) to work on /Users/linghuchong/miniconda3/envs/py310/lib/python3.10/site-packages/airflow/example_dags/example_params_ui_tutorial.py
[2026-02-11T13:11:11.786+0800] {processor.py:830} INFO - Processing file /Users/linghuchong/miniconda3/envs/py310/lib/python3.10/site-packages/airflow/example_dags/example_params_ui_tutorial.py for tasks to queue
[2026-02-11T13:11:11.788+0800] {logging_mixin.py:188} INFO - [2026-02-11T13:11:11.788+0800] {dagbag.py:540} INFO - Filling up the DagBag from /Users/linghuchong/miniconda3/envs/py310/lib/python3.10/site-packages/airflow/example_dags/example_params_ui_tutorial.py
[2026-02-11T13:11:11.830+0800] {processor.py:840} INFO - DAG(s) 'example_params_ui_tutorial' retrieved from /Users/linghuchong/miniconda3/envs/py310/lib/python3.10/site-packages/airflow/example_dags/example_params_ui_tutorial.py
[2026-02-11T13:11:11.990+0800] {logging_mixin.py:188} INFO - [2026-02-11T13:11:11.989+0800] {dag.py:3047} INFO - Sync 1 DAGs
[2026-02-11T13:11:11.999+0800] {logging_mixin.py:188} INFO - [2026-02-11T13:11:11.999+0800] {dag.py:3834} INFO - Setting next_dagrun for example_params_ui_tutorial to None, run_after=None
[2026-02-11T13:11:12.024+0800] {processor.py:183} INFO - Processing /Users/linghuchong/miniconda3/envs/py310/lib/python3.10/site-packages/airflow/example_dags/example_params_ui_tutorial.py took 0.241 seconds
[2026-02-11T13:21:24.026+0800] {processor.py:161} INFO - Started process (PID=9159) to work on /Users/linghuchong/miniconda3/envs/py310/lib/python3.10/site-packages/airflow/example_dags/example_params_ui_tutorial.py
[2026-02-11T13:21:24.029+0800] {processor.py:830} INFO - Processing file /Users/linghuchong/miniconda3/envs/py310/lib/python3.10/site-packages/airflow/example_dags/example_params_ui_tutorial.py for tasks to queue
[2026-02-11T13:21:24.030+0800] {logging_mixin.py:188} INFO - [2026-02-11T13:21:24.030+0800] {dagbag.py:540} INFO - Filling up the DagBag from /Users/linghuchong/miniconda3/envs/py310/lib/python3.10/site-packages/airflow/example_dags/example_params_ui_tutorial.py
[2026-02-11T13:21:24.075+0800] {processor.py:840} INFO - DAG(s) 'example_params_ui_tutorial' retrieved from /Users/linghuchong/miniconda3/envs/py310/lib/python3.10/site-packages/airflow/example_dags/example_params_ui_tutorial.py
[2026-02-11T13:21:24.246+0800] {logging_mixin.py:188} INFO - [2026-02-11T13:21:24.246+0800] {dag.py:3047} INFO - Sync 1 DAGs
[2026-02-11T13:21:24.257+0800] {logging_mixin.py:188} INFO - [2026-02-11T13:21:24.257+0800] {dag.py:3834} INFO - Setting next_dagrun for example_params_ui_tutorial to None, run_after=None
[2026-02-11T13:21:24.278+0800] {processor.py:183} INFO - Processing /Users/linghuchong/miniconda3/envs/py310/lib/python3.10/site-packages/airflow/example_dags/example_params_ui_tutorial.py took 0.253 seconds
[2026-02-11T13:24:39.148+0800] {processor.py:161} INFO - Started process (PID=9251) to work on /Users/linghuchong/miniconda3/envs/py310/lib/python3.10/site-packages/airflow/example_dags/example_params_ui_tutorial.py
[2026-02-11T13:24:39.150+0800] {processor.py:830} INFO - Processing file /Users/linghuchong/miniconda3/envs/py310/lib/python3.10/site-packages/airflow/example_dags/example_params_ui_tutorial.py for tasks to queue
[2026-02-11T13:24:39.151+0800] {logging_mixin.py:188} INFO - [2026-02-11T13:24:39.151+0800] {dagbag.py:540} INFO - Filling up the DagBag from /Users/linghuchong/miniconda3/envs/py310/lib/python3.10/site-packages/airflow/example_dags/example_params_ui_tutorial.py
[2026-02-11T13:24:39.190+0800] {processor.py:840} INFO - DAG(s) 'example_params_ui_tutorial' retrieved from /Users/linghuchong/miniconda3/envs/py310/lib/python3.10/site-packages/airflow/example_dags/example_params_ui_tutorial.py
[2026-02-11T13:24:39.348+0800] {logging_mixin.py:188} INFO - [2026-02-11T13:24:39.348+0800] {dag.py:3047} INFO - Sync 1 DAGs
[2026-02-11T13:24:39.359+0800] {logging_mixin.py:188} INFO - [2026-02-11T13:24:39.359+0800] {dag.py:3834} INFO - Setting next_dagrun for example_params_ui_tutorial to None, run_after=None
[2026-02-11T13:24:39.379+0800] {processor.py:183} INFO - Processing /Users/linghuchong/miniconda3/envs/py310/lib/python3.10/site-packages/airflow/example_dags/example_params_ui_tutorial.py took 0.232 seconds
[2026-02-11T13:27:26.920+0800] {processor.py:161} INFO - Started process (PID=9333) to work on /Users/linghuchong/miniconda3/envs/py310/lib/python3.10/site-packages/airflow/example_dags/example_params_ui_tutorial.py
[2026-02-11T13:27:26.921+0800] {processor.py:830} INFO - Processing file /Users/linghuchong/miniconda3/envs/py310/lib/python3.10/site-packages/airflow/example_dags/example_params_ui_tutorial.py for tasks to queue
[2026-02-11T13:27:26.922+0800] {logging_mixin.py:188} INFO - [2026-02-11T13:27:26.922+0800] {dagbag.py:540} INFO - Filling up the DagBag from /Users/linghuchong/miniconda3/envs/py310/lib/python3.10/site-packages/airflow/example_dags/example_params_ui_tutorial.py
[2026-02-11T13:27:26.962+0800] {processor.py:840} INFO - DAG(s) 'example_params_ui_tutorial' retrieved from /Users/linghuchong/miniconda3/envs/py310/lib/python3.10/site-packages/airflow/example_dags/example_params_ui_tutorial.py
[2026-02-11T13:27:27.126+0800] {logging_mixin.py:188} INFO - [2026-02-11T13:27:27.126+0800] {dag.py:3047} INFO - Sync 1 DAGs
[2026-02-11T13:27:27.137+0800] {logging_mixin.py:188} INFO - [2026-02-11T13:27:27.136+0800] {dag.py:3834} INFO - Setting next_dagrun for example_params_ui_tutorial to None, run_after=None
[2026-02-11T13:27:27.158+0800] {processor.py:183} INFO - Processing /Users/linghuchong/miniconda3/envs/py310/lib/python3.10/site-packages/airflow/example_dags/example_params_ui_tutorial.py took 0.239 seconds
[2026-02-11T13:30:16.403+0800] {processor.py:161} INFO - Started process (PID=9423) to work on /Users/linghuchong/miniconda3/envs/py310/lib/python3.10/site-packages/airflow/example_dags/example_params_ui_tutorial.py
[2026-02-11T13:30:16.405+0800] {processor.py:830} INFO - Processing file /Users/linghuchong/miniconda3/envs/py310/lib/python3.10/site-packages/airflow/example_dags/example_params_ui_tutorial.py for tasks to queue
[2026-02-11T13:30:16.407+0800] {logging_mixin.py:188} INFO - [2026-02-11T13:30:16.406+0800] {dagbag.py:540} INFO - Filling up the DagBag from /Users/linghuchong/miniconda3/envs/py310/lib/python3.10/site-packages/airflow/example_dags/example_params_ui_tutorial.py
[2026-02-11T13:30:16.448+0800] {processor.py:840} INFO - DAG(s) 'example_params_ui_tutorial' retrieved from /Users/linghuchong/miniconda3/envs/py310/lib/python3.10/site-packages/airflow/example_dags/example_params_ui_tutorial.py
[2026-02-11T13:30:16.618+0800] {logging_mixin.py:188} INFO - [2026-02-11T13:30:16.618+0800] {dag.py:3047} INFO - Sync 1 DAGs
[2026-02-11T13:30:16.634+0800] {logging_mixin.py:188} INFO - [2026-02-11T13:30:16.634+0800] {dag.py:3834} INFO - Setting next_dagrun for example_params_ui_tutorial to None, run_after=None
[2026-02-11T13:30:16.659+0800] {processor.py:183} INFO - Processing /Users/linghuchong/miniconda3/envs/py310/lib/python3.10/site-packages/airflow/example_dags/example_params_ui_tutorial.py took 0.257 seconds
[2026-02-11T13:33:16.243+0800] {processor.py:161} INFO - Started process (PID=9530) to work on /Users/linghuchong/miniconda3/envs/py310/lib/python3.10/site-packages/airflow/example_dags/example_params_ui_tutorial.py
[2026-02-11T13:33:16.244+0800] {processor.py:830} INFO - Processing file /Users/linghuchong/miniconda3/envs/py310/lib/python3.10/site-packages/airflow/example_dags/example_params_ui_tutorial.py for tasks to queue
[2026-02-11T13:33:16.245+0800] {logging_mixin.py:188} INFO - [2026-02-11T13:33:16.245+0800] {dagbag.py:540} INFO - Filling up the DagBag from /Users/linghuchong/miniconda3/envs/py310/lib/python3.10/site-packages/airflow/example_dags/example_params_ui_tutorial.py
[2026-02-11T13:33:16.285+0800] {processor.py:840} INFO - DAG(s) 'example_params_ui_tutorial' retrieved from /Users/linghuchong/miniconda3/envs/py310/lib/python3.10/site-packages/airflow/example_dags/example_params_ui_tutorial.py
[2026-02-11T13:33:16.446+0800] {logging_mixin.py:188} INFO - [2026-02-11T13:33:16.446+0800] {dag.py:3047} INFO - Sync 1 DAGs
[2026-02-11T13:33:16.457+0800] {logging_mixin.py:188} INFO - [2026-02-11T13:33:16.456+0800] {dag.py:3834} INFO - Setting next_dagrun for example_params_ui_tutorial to None, run_after=None
[2026-02-11T13:33:16.478+0800] {processor.py:183} INFO - Processing /Users/linghuchong/miniconda3/envs/py310/lib/python3.10/site-packages/airflow/example_dags/example_params_ui_tutorial.py took 0.236 seconds
[2026-02-11T13:36:06.351+0800] {processor.py:161} INFO - Started process (PID=9635) to work on /Users/linghuchong/miniconda3/envs/py310/lib/python3.10/site-packages/airflow/example_dags/example_params_ui_tutorial.py
[2026-02-11T13:36:06.358+0800] {processor.py:830} INFO - Processing file /Users/linghuchong/miniconda3/envs/py310/lib/python3.10/site-packages/airflow/example_dags/example_params_ui_tutorial.py for tasks to queue
[2026-02-11T13:36:06.360+0800] {logging_mixin.py:188} INFO - [2026-02-11T13:36:06.359+0800] {dagbag.py:540} INFO - Filling up the DagBag from /Users/linghuchong/miniconda3/envs/py310/lib/python3.10/site-packages/airflow/example_dags/example_params_ui_tutorial.py
[2026-02-11T13:36:06.399+0800] {processor.py:840} INFO - DAG(s) 'example_params_ui_tutorial' retrieved from /Users/linghuchong/miniconda3/envs/py310/lib/python3.10/site-packages/airflow/example_dags/example_params_ui_tutorial.py
[2026-02-11T13:36:06.551+0800] {logging_mixin.py:188} INFO - [2026-02-11T13:36:06.551+0800] {dag.py:3047} INFO - Sync 1 DAGs
[2026-02-11T13:36:06.561+0800] {logging_mixin.py:188} INFO - [2026-02-11T13:36:06.561+0800] {dag.py:3834} INFO - Setting next_dagrun for example_params_ui_tutorial to None, run_after=None
[2026-02-11T13:36:06.583+0800] {processor.py:183} INFO - Processing /Users/linghuchong/miniconda3/envs/py310/lib/python3.10/site-packages/airflow/example_dags/example_params_ui_tutorial.py took 0.232 seconds
[2026-02-11T16:20:32.312+0800] {processor.py:161} INFO - Started process (PID=14506) to work on /Users/linghuchong/miniconda3/envs/py310/lib/python3.10/site-packages/airflow/example_dags/example_params_ui_tutorial.py
[2026-02-11T16:20:32.315+0800] {processor.py:830} INFO - Processing file /Users/linghuchong/miniconda3/envs/py310/lib/python3.10/site-packages/airflow/example_dags/example_params_ui_tutorial.py for tasks to queue
[2026-02-11T16:20:32.316+0800] {logging_mixin.py:188} INFO - [2026-02-11T16:20:32.316+0800] {dagbag.py:540} INFO - Filling up the DagBag from /Users/linghuchong/miniconda3/envs/py310/lib/python3.10/site-packages/airflow/example_dags/example_params_ui_tutorial.py
[2026-02-11T16:20:32.357+0800] {processor.py:840} INFO - DAG(s) 'example_params_ui_tutorial' retrieved from /Users/linghuchong/miniconda3/envs/py310/lib/python3.10/site-packages/airflow/example_dags/example_params_ui_tutorial.py
[2026-02-11T16:20:32.380+0800] {logging_mixin.py:188} INFO - [2026-02-11T16:20:32.380+0800] {dag.py:3047} INFO - Sync 1 DAGs
[2026-02-11T16:20:32.481+0800] {logging_mixin.py:188} INFO - [2026-02-11T16:20:32.481+0800] {dag.py:3834} INFO - Setting next_dagrun for example_params_ui_tutorial to None, run_after=None
[2026-02-11T16:20:32.500+0800] {processor.py:183} INFO - Processing /Users/linghuchong/miniconda3/envs/py310/lib/python3.10/site-packages/airflow/example_dags/example_params_ui_tutorial.py took 0.189 seconds
[2026-02-11T16:24:58.812+0800] {processor.py:161} INFO - Started process (PID=14765) to work on /Users/linghuchong/miniconda3/envs/py310/lib/python3.10/site-packages/airflow/example_dags/example_params_ui_tutorial.py
[2026-02-11T16:24:58.815+0800] {processor.py:830} INFO - Processing file /Users/linghuchong/miniconda3/envs/py310/lib/python3.10/site-packages/airflow/example_dags/example_params_ui_tutorial.py for tasks to queue
[2026-02-11T16:24:58.815+0800] {logging_mixin.py:188} INFO - [2026-02-11T16:24:58.815+0800] {dagbag.py:540} INFO - Filling up the DagBag from /Users/linghuchong/miniconda3/envs/py310/lib/python3.10/site-packages/airflow/example_dags/example_params_ui_tutorial.py
[2026-02-11T16:24:58.856+0800] {processor.py:840} INFO - DAG(s) 'example_params_ui_tutorial' retrieved from /Users/linghuchong/miniconda3/envs/py310/lib/python3.10/site-packages/airflow/example_dags/example_params_ui_tutorial.py
[2026-02-11T16:24:59.183+0800] {logging_mixin.py:188} INFO - [2026-02-11T16:24:59.183+0800] {dag.py:3047} INFO - Sync 1 DAGs
[2026-02-11T16:24:59.197+0800] {logging_mixin.py:188} INFO - [2026-02-11T16:24:59.197+0800] {dag.py:3834} INFO - Setting next_dagrun for example_params_ui_tutorial to None, run_after=None
[2026-02-11T16:24:59.227+0800] {processor.py:183} INFO - Processing /Users/linghuchong/miniconda3/envs/py310/lib/python3.10/site-packages/airflow/example_dags/example_params_ui_tutorial.py took 0.416 seconds
[2026-02-11T16:28:34.970+0800] {processor.py:161} INFO - Started process (PID=14881) to work on /Users/linghuchong/miniconda3/envs/py310/lib/python3.10/site-packages/airflow/example_dags/example_params_ui_tutorial.py
[2026-02-11T16:28:34.973+0800] {processor.py:830} INFO - Processing file /Users/linghuchong/miniconda3/envs/py310/lib/python3.10/site-packages/airflow/example_dags/example_params_ui_tutorial.py for tasks to queue
[2026-02-11T16:28:34.974+0800] {logging_mixin.py:188} INFO - [2026-02-11T16:28:34.974+0800] {dagbag.py:540} INFO - Filling up the DagBag from /Users/linghuchong/miniconda3/envs/py310/lib/python3.10/site-packages/airflow/example_dags/example_params_ui_tutorial.py
[2026-02-11T16:28:35.017+0800] {processor.py:840} INFO - DAG(s) 'example_params_ui_tutorial' retrieved from /Users/linghuchong/miniconda3/envs/py310/lib/python3.10/site-packages/airflow/example_dags/example_params_ui_tutorial.py
[2026-02-11T16:28:35.264+0800] {logging_mixin.py:188} INFO - [2026-02-11T16:28:35.264+0800] {dag.py:3047} INFO - Sync 1 DAGs
[2026-02-11T16:28:35.274+0800] {logging_mixin.py:188} INFO - [2026-02-11T16:28:35.274+0800] {dag.py:3834} INFO - Setting next_dagrun for example_params_ui_tutorial to None, run_after=None
[2026-02-11T16:28:35.298+0800] {processor.py:183} INFO - Processing /Users/linghuchong/miniconda3/envs/py310/lib/python3.10/site-packages/airflow/example_dags/example_params_ui_tutorial.py took 0.329 seconds
[2026-02-11T16:31:42.151+0800] {processor.py:161} INFO - Started process (PID=15131) to work on /Users/linghuchong/miniconda3/envs/py310/lib/python3.10/site-packages/airflow/example_dags/example_params_ui_tutorial.py
[2026-02-11T16:31:42.152+0800] {processor.py:830} INFO - Processing file /Users/linghuchong/miniconda3/envs/py310/lib/python3.10/site-packages/airflow/example_dags/example_params_ui_tutorial.py for tasks to queue
[2026-02-11T16:31:42.153+0800] {logging_mixin.py:188} INFO - [2026-02-11T16:31:42.153+0800] {dagbag.py:540} INFO - Filling up the DagBag from /Users/linghuchong/miniconda3/envs/py310/lib/python3.10/site-packages/airflow/example_dags/example_params_ui_tutorial.py
[2026-02-11T16:31:42.197+0800] {processor.py:840} INFO - DAG(s) 'example_params_ui_tutorial' retrieved from /Users/linghuchong/miniconda3/envs/py310/lib/python3.10/site-packages/airflow/example_dags/example_params_ui_tutorial.py
[2026-02-11T16:31:42.387+0800] {logging_mixin.py:188} INFO - [2026-02-11T16:31:42.387+0800] {dag.py:3047} INFO - Sync 1 DAGs
[2026-02-11T16:31:42.398+0800] {logging_mixin.py:188} INFO - [2026-02-11T16:31:42.397+0800] {dag.py:3834} INFO - Setting next_dagrun for example_params_ui_tutorial to None, run_after=None
[2026-02-11T16:31:42.424+0800] {processor.py:183} INFO - Processing /Users/linghuchong/miniconda3/envs/py310/lib/python3.10/site-packages/airflow/example_dags/example_params_ui_tutorial.py took 0.274 seconds
[2026-02-11T16:34:55.557+0800] {processor.py:161} INFO - Started process (PID=15316) to work on /Users/linghuchong/miniconda3/envs/py310/lib/python3.10/site-packages/airflow/example_dags/example_params_ui_tutorial.py
[2026-02-11T16:34:55.558+0800] {processor.py:830} INFO - Processing file /Users/linghuchong/miniconda3/envs/py310/lib/python3.10/site-packages/airflow/example_dags/example_params_ui_tutorial.py for tasks to queue
[2026-02-11T16:34:55.559+0800] {logging_mixin.py:188} INFO - [2026-02-11T16:34:55.559+0800] {dagbag.py:540} INFO - Filling up the DagBag from /Users/linghuchong/miniconda3/envs/py310/lib/python3.10/site-packages/airflow/example_dags/example_params_ui_tutorial.py
[2026-02-11T16:34:55.598+0800] {processor.py:840} INFO - DAG(s) 'example_params_ui_tutorial' retrieved from /Users/linghuchong/miniconda3/envs/py310/lib/python3.10/site-packages/airflow/example_dags/example_params_ui_tutorial.py
[2026-02-11T16:34:55.851+0800] {logging_mixin.py:188} INFO - [2026-02-11T16:34:55.851+0800] {dag.py:3047} INFO - Sync 1 DAGs
[2026-02-11T16:34:55.860+0800] {logging_mixin.py:188} INFO - [2026-02-11T16:34:55.860+0800] {dag.py:3834} INFO - Setting next_dagrun for example_params_ui_tutorial to None, run_after=None
[2026-02-11T16:34:55.883+0800] {processor.py:183} INFO - Processing /Users/linghuchong/miniconda3/envs/py310/lib/python3.10/site-packages/airflow/example_dags/example_params_ui_tutorial.py took 0.326 seconds
[2026-02-11T16:38:05.998+0800] {processor.py:161} INFO - Started process (PID=15541) to work on /Users/linghuchong/miniconda3/envs/py310/lib/python3.10/site-packages/airflow/example_dags/example_params_ui_tutorial.py
[2026-02-11T16:38:05.999+0800] {processor.py:830} INFO - Processing file /Users/linghuchong/miniconda3/envs/py310/lib/python3.10/site-packages/airflow/example_dags/example_params_ui_tutorial.py for tasks to queue
[2026-02-11T16:38:05.999+0800] {logging_mixin.py:188} INFO - [2026-02-11T16:38:05.999+0800] {dagbag.py:540} INFO - Filling up the DagBag from /Users/linghuchong/miniconda3/envs/py310/lib/python3.10/site-packages/airflow/example_dags/example_params_ui_tutorial.py
[2026-02-11T16:38:06.046+0800] {processor.py:840} INFO - DAG(s) 'example_params_ui_tutorial' retrieved from /Users/linghuchong/miniconda3/envs/py310/lib/python3.10/site-packages/airflow/example_dags/example_params_ui_tutorial.py
[2026-02-11T16:38:06.199+0800] {logging_mixin.py:188} INFO - [2026-02-11T16:38:06.199+0800] {dag.py:3047} INFO - Sync 1 DAGs
[2026-02-11T16:38:06.209+0800] {logging_mixin.py:188} INFO - [2026-02-11T16:38:06.209+0800] {dag.py:3834} INFO - Setting next_dagrun for example_params_ui_tutorial to None, run_after=None
[2026-02-11T16:38:06.232+0800] {processor.py:183} INFO - Processing /Users/linghuchong/miniconda3/envs/py310/lib/python3.10/site-packages/airflow/example_dags/example_params_ui_tutorial.py took 0.236 seconds
[2026-02-11T16:41:03.723+0800] {processor.py:161} INFO - Started process (PID=15749) to work on /Users/linghuchong/miniconda3/envs/py310/lib/python3.10/site-packages/airflow/example_dags/example_params_ui_tutorial.py
[2026-02-11T16:41:03.724+0800] {processor.py:830} INFO - Processing file /Users/linghuchong/miniconda3/envs/py310/lib/python3.10/site-packages/airflow/example_dags/example_params_ui_tutorial.py for tasks to queue
[2026-02-11T16:41:03.725+0800] {logging_mixin.py:188} INFO - [2026-02-11T16:41:03.725+0800] {dagbag.py:540} INFO - Filling up the DagBag from /Users/linghuchong/miniconda3/envs/py310/lib/python3.10/site-packages/airflow/example_dags/example_params_ui_tutorial.py
[2026-02-11T16:41:03.763+0800] {processor.py:840} INFO - DAG(s) 'example_params_ui_tutorial' retrieved from /Users/linghuchong/miniconda3/envs/py310/lib/python3.10/site-packages/airflow/example_dags/example_params_ui_tutorial.py
[2026-02-11T16:41:03.925+0800] {logging_mixin.py:188} INFO - [2026-02-11T16:41:03.924+0800] {dag.py:3047} INFO - Sync 1 DAGs
[2026-02-11T16:41:03.935+0800] {logging_mixin.py:188} INFO - [2026-02-11T16:41:03.935+0800] {dag.py:3834} INFO - Setting next_dagrun for example_params_ui_tutorial to None, run_after=None
[2026-02-11T16:41:03.960+0800] {processor.py:183} INFO - Processing /Users/linghuchong/miniconda3/envs/py310/lib/python3.10/site-packages/airflow/example_dags/example_params_ui_tutorial.py took 0.238 seconds
[2026-02-11T16:44:08.400+0800] {processor.py:161} INFO - Started process (PID=16011) to work on /Users/linghuchong/miniconda3/envs/py310/lib/python3.10/site-packages/airflow/example_dags/example_params_ui_tutorial.py
[2026-02-11T16:44:08.403+0800] {processor.py:830} INFO - Processing file /Users/linghuchong/miniconda3/envs/py310/lib/python3.10/site-packages/airflow/example_dags/example_params_ui_tutorial.py for tasks to queue
[2026-02-11T16:44:08.405+0800] {logging_mixin.py:188} INFO - [2026-02-11T16:44:08.404+0800] {dagbag.py:540} INFO - Filling up the DagBag from /Users/linghuchong/miniconda3/envs/py310/lib/python3.10/site-packages/airflow/example_dags/example_params_ui_tutorial.py
[2026-02-11T16:44:08.447+0800] {processor.py:840} INFO - DAG(s) 'example_params_ui_tutorial' retrieved from /Users/linghuchong/miniconda3/envs/py310/lib/python3.10/site-packages/airflow/example_dags/example_params_ui_tutorial.py
[2026-02-11T16:44:08.610+0800] {logging_mixin.py:188} INFO - [2026-02-11T16:44:08.610+0800] {dag.py:3047} INFO - Sync 1 DAGs
[2026-02-11T16:44:08.621+0800] {logging_mixin.py:188} INFO - [2026-02-11T16:44:08.620+0800] {dag.py:3834} INFO - Setting next_dagrun for example_params_ui_tutorial to None, run_after=None
[2026-02-11T16:44:08.647+0800] {processor.py:183} INFO - Processing /Users/linghuchong/miniconda3/envs/py310/lib/python3.10/site-packages/airflow/example_dags/example_params_ui_tutorial.py took 0.248 seconds
[2026-02-11T16:47:21.086+0800] {processor.py:161} INFO - Started process (PID=16130) to work on /Users/linghuchong/miniconda3/envs/py310/lib/python3.10/site-packages/airflow/example_dags/example_params_ui_tutorial.py
[2026-02-11T16:47:21.087+0800] {processor.py:830} INFO - Processing file /Users/linghuchong/miniconda3/envs/py310/lib/python3.10/site-packages/airflow/example_dags/example_params_ui_tutorial.py for tasks to queue
[2026-02-11T16:47:21.088+0800] {logging_mixin.py:188} INFO - [2026-02-11T16:47:21.088+0800] {dagbag.py:540} INFO - Filling up the DagBag from /Users/linghuchong/miniconda3/envs/py310/lib/python3.10/site-packages/airflow/example_dags/example_params_ui_tutorial.py
[2026-02-11T16:47:21.133+0800] {processor.py:840} INFO - DAG(s) 'example_params_ui_tutorial' retrieved from /Users/linghuchong/miniconda3/envs/py310/lib/python3.10/site-packages/airflow/example_dags/example_params_ui_tutorial.py
[2026-02-11T16:47:21.158+0800] {logging_mixin.py:188} INFO - [2026-02-11T16:47:21.158+0800] {dag.py:3047} INFO - Sync 1 DAGs
[2026-02-11T16:47:21.261+0800] {logging_mixin.py:188} INFO - [2026-02-11T16:47:21.261+0800] {dag.py:3834} INFO - Setting next_dagrun for example_params_ui_tutorial to None, run_after=None
[2026-02-11T16:47:21.283+0800] {processor.py:183} INFO - Processing /Users/linghuchong/miniconda3/envs/py310/lib/python3.10/site-packages/airflow/example_dags/example_params_ui_tutorial.py took 0.198 seconds
[2026-02-11T16:50:41.219+0800] {processor.py:161} INFO - Started process (PID=16349) to work on /Users/linghuchong/miniconda3/envs/py310/lib/python3.10/site-packages/airflow/example_dags/example_params_ui_tutorial.py
[2026-02-11T16:50:41.221+0800] {processor.py:830} INFO - Processing file /Users/linghuchong/miniconda3/envs/py310/lib/python3.10/site-packages/airflow/example_dags/example_params_ui_tutorial.py for tasks to queue
[2026-02-11T16:50:41.223+0800] {logging_mixin.py:188} INFO - [2026-02-11T16:50:41.222+0800] {dagbag.py:540} INFO - Filling up the DagBag from /Users/linghuchong/miniconda3/envs/py310/lib/python3.10/site-packages/airflow/example_dags/example_params_ui_tutorial.py
[2026-02-11T16:50:41.275+0800] {processor.py:840} INFO - DAG(s) 'example_params_ui_tutorial' retrieved from /Users/linghuchong/miniconda3/envs/py310/lib/python3.10/site-packages/airflow/example_dags/example_params_ui_tutorial.py
[2026-02-11T16:50:41.567+0800] {logging_mixin.py:188} INFO - [2026-02-11T16:50:41.567+0800] {dag.py:3047} INFO - Sync 1 DAGs
[2026-02-11T16:50:41.580+0800] {logging_mixin.py:188} INFO - [2026-02-11T16:50:41.580+0800] {dag.py:3834} INFO - Setting next_dagrun for example_params_ui_tutorial to None, run_after=None
[2026-02-11T16:50:41.606+0800] {processor.py:183} INFO - Processing /Users/linghuchong/miniconda3/envs/py310/lib/python3.10/site-packages/airflow/example_dags/example_params_ui_tutorial.py took 0.388 seconds
[2026-02-11T16:54:14.195+0800] {processor.py:161} INFO - Started process (PID=16506) to work on /Users/linghuchong/miniconda3/envs/py310/lib/python3.10/site-packages/airflow/example_dags/example_params_ui_tutorial.py
[2026-02-11T16:54:14.198+0800] {processor.py:830} INFO - Processing file /Users/linghuchong/miniconda3/envs/py310/lib/python3.10/site-packages/airflow/example_dags/example_params_ui_tutorial.py for tasks to queue
[2026-02-11T16:54:14.199+0800] {logging_mixin.py:188} INFO - [2026-02-11T16:54:14.199+0800] {dagbag.py:540} INFO - Filling up the DagBag from /Users/linghuchong/miniconda3/envs/py310/lib/python3.10/site-packages/airflow/example_dags/example_params_ui_tutorial.py
[2026-02-11T16:54:14.240+0800] {processor.py:840} INFO - DAG(s) 'example_params_ui_tutorial' retrieved from /Users/linghuchong/miniconda3/envs/py310/lib/python3.10/site-packages/airflow/example_dags/example_params_ui_tutorial.py
[2026-02-11T16:54:14.397+0800] {logging_mixin.py:188} INFO - [2026-02-11T16:54:14.397+0800] {dag.py:3047} INFO - Sync 1 DAGs
[2026-02-11T16:54:14.408+0800] {logging_mixin.py:188} INFO - [2026-02-11T16:54:14.407+0800] {dag.py:3834} INFO - Setting next_dagrun for example_params_ui_tutorial to None, run_after=None
[2026-02-11T16:54:14.430+0800] {processor.py:183} INFO - Processing /Users/linghuchong/miniconda3/envs/py310/lib/python3.10/site-packages/airflow/example_dags/example_params_ui_tutorial.py took 0.236 seconds
[2026-02-11T16:57:19.203+0800] {processor.py:161} INFO - Started process (PID=16627) to work on /Users/linghuchong/miniconda3/envs/py310/lib/python3.10/site-packages/airflow/example_dags/example_params_ui_tutorial.py
[2026-02-11T16:57:19.206+0800] {processor.py:830} INFO - Processing file /Users/linghuchong/miniconda3/envs/py310/lib/python3.10/site-packages/airflow/example_dags/example_params_ui_tutorial.py for tasks to queue
[2026-02-11T16:57:19.207+0800] {logging_mixin.py:188} INFO - [2026-02-11T16:57:19.207+0800] {dagbag.py:540} INFO - Filling up the DagBag from /Users/linghuchong/miniconda3/envs/py310/lib/python3.10/site-packages/airflow/example_dags/example_params_ui_tutorial.py
[2026-02-11T16:57:19.247+0800] {processor.py:840} INFO - DAG(s) 'example_params_ui_tutorial' retrieved from /Users/linghuchong/miniconda3/envs/py310/lib/python3.10/site-packages/airflow/example_dags/example_params_ui_tutorial.py
[2026-02-11T16:57:19.405+0800] {logging_mixin.py:188} INFO - [2026-02-11T16:57:19.405+0800] {dag.py:3047} INFO - Sync 1 DAGs
[2026-02-11T16:57:19.415+0800] {logging_mixin.py:188} INFO - [2026-02-11T16:57:19.415+0800] {dag.py:3834} INFO - Setting next_dagrun for example_params_ui_tutorial to None, run_after=None
[2026-02-11T16:57:19.439+0800] {processor.py:183} INFO - Processing /Users/linghuchong/miniconda3/envs/py310/lib/python3.10/site-packages/airflow/example_dags/example_params_ui_tutorial.py took 0.237 seconds
[2026-02-11T17:00:52.116+0800] {processor.py:161} INFO - Started process (PID=16739) to work on /Users/linghuchong/miniconda3/envs/py310/lib/python3.10/site-packages/airflow/example_dags/example_params_ui_tutorial.py
[2026-02-11T17:00:52.118+0800] {processor.py:830} INFO - Processing file /Users/linghuchong/miniconda3/envs/py310/lib/python3.10/site-packages/airflow/example_dags/example_params_ui_tutorial.py for tasks to queue
[2026-02-11T17:00:52.119+0800] {logging_mixin.py:188} INFO - [2026-02-11T17:00:52.118+0800] {dagbag.py:540} INFO - Filling up the DagBag from /Users/linghuchong/miniconda3/envs/py310/lib/python3.10/site-packages/airflow/example_dags/example_params_ui_tutorial.py
[2026-02-11T17:00:52.163+0800] {processor.py:840} INFO - DAG(s) 'example_params_ui_tutorial' retrieved from /Users/linghuchong/miniconda3/envs/py310/lib/python3.10/site-packages/airflow/example_dags/example_params_ui_tutorial.py
[2026-02-11T17:00:52.332+0800] {logging_mixin.py:188} INFO - [2026-02-11T17:00:52.331+0800] {dag.py:3047} INFO - Sync 1 DAGs
[2026-02-11T17:00:52.341+0800] {logging_mixin.py:188} INFO - [2026-02-11T17:00:52.341+0800] {dag.py:3834} INFO - Setting next_dagrun for example_params_ui_tutorial to None, run_after=None
[2026-02-11T17:00:52.362+0800] {processor.py:183} INFO - Processing /Users/linghuchong/miniconda3/envs/py310/lib/python3.10/site-packages/airflow/example_dags/example_params_ui_tutorial.py took 0.246 seconds
[2026-02-11T17:04:21.185+0800] {processor.py:161} INFO - Started process (PID=16909) to work on /Users/linghuchong/miniconda3/envs/py310/lib/python3.10/site-packages/airflow/example_dags/example_params_ui_tutorial.py
[2026-02-11T17:04:21.188+0800] {processor.py:830} INFO - Processing file /Users/linghuchong/miniconda3/envs/py310/lib/python3.10/site-packages/airflow/example_dags/example_params_ui_tutorial.py for tasks to queue
[2026-02-11T17:04:21.189+0800] {logging_mixin.py:188} INFO - [2026-02-11T17:04:21.189+0800] {dagbag.py:540} INFO - Filling up the DagBag from /Users/linghuchong/miniconda3/envs/py310/lib/python3.10/site-packages/airflow/example_dags/example_params_ui_tutorial.py
[2026-02-11T17:04:21.234+0800] {processor.py:840} INFO - DAG(s) 'example_params_ui_tutorial' retrieved from /Users/linghuchong/miniconda3/envs/py310/lib/python3.10/site-packages/airflow/example_dags/example_params_ui_tutorial.py
[2026-02-11T17:04:21.642+0800] {logging_mixin.py:188} INFO - [2026-02-11T17:04:21.642+0800] {dag.py:3047} INFO - Sync 1 DAGs
[2026-02-11T17:04:21.656+0800] {logging_mixin.py:188} INFO - [2026-02-11T17:04:21.655+0800] {dag.py:3834} INFO - Setting next_dagrun for example_params_ui_tutorial to None, run_after=None
[2026-02-11T17:04:21.680+0800] {processor.py:183} INFO - Processing /Users/linghuchong/miniconda3/envs/py310/lib/python3.10/site-packages/airflow/example_dags/example_params_ui_tutorial.py took 0.496 seconds
[2026-02-11T17:16:31.317+0800] {processor.py:161} INFO - Started process (PID=17781) to work on /Users/linghuchong/miniconda3/envs/py310/lib/python3.10/site-packages/airflow/example_dags/example_params_ui_tutorial.py
[2026-02-11T17:16:31.318+0800] {processor.py:830} INFO - Processing file /Users/linghuchong/miniconda3/envs/py310/lib/python3.10/site-packages/airflow/example_dags/example_params_ui_tutorial.py for tasks to queue
[2026-02-11T17:16:31.319+0800] {logging_mixin.py:188} INFO - [2026-02-11T17:16:31.319+0800] {dagbag.py:540} INFO - Filling up the DagBag from /Users/linghuchong/miniconda3/envs/py310/lib/python3.10/site-packages/airflow/example_dags/example_params_ui_tutorial.py
[2026-02-11T17:16:31.360+0800] {processor.py:840} INFO - DAG(s) 'example_params_ui_tutorial' retrieved from /Users/linghuchong/miniconda3/envs/py310/lib/python3.10/site-packages/airflow/example_dags/example_params_ui_tutorial.py
[2026-02-11T17:16:31.627+0800] {logging_mixin.py:188} INFO - [2026-02-11T17:16:31.627+0800] {dag.py:3047} INFO - Sync 1 DAGs
[2026-02-11T17:16:31.637+0800] {logging_mixin.py:188} INFO - [2026-02-11T17:16:31.637+0800] {dag.py:3834} INFO - Setting next_dagrun for example_params_ui_tutorial to None, run_after=None
[2026-02-11T17:16:31.658+0800] {processor.py:183} INFO - Processing /Users/linghuchong/miniconda3/envs/py310/lib/python3.10/site-packages/airflow/example_dags/example_params_ui_tutorial.py took 0.342 seconds
[2026-02-11T17:19:54.376+0800] {processor.py:161} INFO - Started process (PID=17872) to work on /Users/linghuchong/miniconda3/envs/py310/lib/python3.10/site-packages/airflow/example_dags/example_params_ui_tutorial.py
[2026-02-11T17:19:54.379+0800] {processor.py:830} INFO - Processing file /Users/linghuchong/miniconda3/envs/py310/lib/python3.10/site-packages/airflow/example_dags/example_params_ui_tutorial.py for tasks to queue
[2026-02-11T17:19:54.380+0800] {logging_mixin.py:188} INFO - [2026-02-11T17:19:54.380+0800] {dagbag.py:540} INFO - Filling up the DagBag from /Users/linghuchong/miniconda3/envs/py310/lib/python3.10/site-packages/airflow/example_dags/example_params_ui_tutorial.py
[2026-02-11T17:19:54.417+0800] {processor.py:840} INFO - DAG(s) 'example_params_ui_tutorial' retrieved from /Users/linghuchong/miniconda3/envs/py310/lib/python3.10/site-packages/airflow/example_dags/example_params_ui_tutorial.py
[2026-02-11T17:19:54.567+0800] {logging_mixin.py:188} INFO - [2026-02-11T17:19:54.567+0800] {dag.py:3047} INFO - Sync 1 DAGs
[2026-02-11T17:19:54.577+0800] {logging_mixin.py:188} INFO - [2026-02-11T17:19:54.577+0800] {dag.py:3834} INFO - Setting next_dagrun for example_params_ui_tutorial to None, run_after=None
[2026-02-11T17:19:54.599+0800] {processor.py:183} INFO - Processing /Users/linghuchong/miniconda3/envs/py310/lib/python3.10/site-packages/airflow/example_dags/example_params_ui_tutorial.py took 0.223 seconds
[2026-02-11T17:22:41.155+0800] {processor.py:161} INFO - Started process (PID=17971) to work on /Users/linghuchong/miniconda3/envs/py310/lib/python3.10/site-packages/airflow/example_dags/example_params_ui_tutorial.py
[2026-02-11T17:22:41.158+0800] {processor.py:830} INFO - Processing file /Users/linghuchong/miniconda3/envs/py310/lib/python3.10/site-packages/airflow/example_dags/example_params_ui_tutorial.py for tasks to queue
[2026-02-11T17:22:41.159+0800] {logging_mixin.py:188} INFO - [2026-02-11T17:22:41.159+0800] {dagbag.py:540} INFO - Filling up the DagBag from /Users/linghuchong/miniconda3/envs/py310/lib/python3.10/site-packages/airflow/example_dags/example_params_ui_tutorial.py
[2026-02-11T17:22:41.195+0800] {processor.py:840} INFO - DAG(s) 'example_params_ui_tutorial' retrieved from /Users/linghuchong/miniconda3/envs/py310/lib/python3.10/site-packages/airflow/example_dags/example_params_ui_tutorial.py
[2026-02-11T17:22:41.348+0800] {logging_mixin.py:188} INFO - [2026-02-11T17:22:41.348+0800] {dag.py:3047} INFO - Sync 1 DAGs
[2026-02-11T17:22:41.358+0800] {logging_mixin.py:188} INFO - [2026-02-11T17:22:41.358+0800] {dag.py:3834} INFO - Setting next_dagrun for example_params_ui_tutorial to None, run_after=None
[2026-02-11T17:22:41.380+0800] {processor.py:183} INFO - Processing /Users/linghuchong/miniconda3/envs/py310/lib/python3.10/site-packages/airflow/example_dags/example_params_ui_tutorial.py took 0.226 seconds
[2026-02-11T17:25:22.546+0800] {processor.py:161} INFO - Started process (PID=18043) to work on /Users/linghuchong/miniconda3/envs/py310/lib/python3.10/site-packages/airflow/example_dags/example_params_ui_tutorial.py
[2026-02-11T17:25:22.549+0800] {processor.py:830} INFO - Processing file /Users/linghuchong/miniconda3/envs/py310/lib/python3.10/site-packages/airflow/example_dags/example_params_ui_tutorial.py for tasks to queue
[2026-02-11T17:25:22.550+0800] {logging_mixin.py:188} INFO - [2026-02-11T17:25:22.550+0800] {dagbag.py:540} INFO - Filling up the DagBag from /Users/linghuchong/miniconda3/envs/py310/lib/python3.10/site-packages/airflow/example_dags/example_params_ui_tutorial.py
[2026-02-11T17:25:22.586+0800] {processor.py:840} INFO - DAG(s) 'example_params_ui_tutorial' retrieved from /Users/linghuchong/miniconda3/envs/py310/lib/python3.10/site-packages/airflow/example_dags/example_params_ui_tutorial.py
[2026-02-11T17:25:22.734+0800] {logging_mixin.py:188} INFO - [2026-02-11T17:25:22.734+0800] {dag.py:3047} INFO - Sync 1 DAGs
[2026-02-11T17:25:22.744+0800] {logging_mixin.py:188} INFO - [2026-02-11T17:25:22.743+0800] {dag.py:3834} INFO - Setting next_dagrun for example_params_ui_tutorial to None, run_after=None
[2026-02-11T17:25:22.765+0800] {processor.py:183} INFO - Processing /Users/linghuchong/miniconda3/envs/py310/lib/python3.10/site-packages/airflow/example_dags/example_params_ui_tutorial.py took 0.220 seconds
[2026-02-11T17:28:04.088+0800] {processor.py:161} INFO - Started process (PID=18138) to work on /Users/linghuchong/miniconda3/envs/py310/lib/python3.10/site-packages/airflow/example_dags/example_params_ui_tutorial.py
[2026-02-11T17:28:04.090+0800] {processor.py:830} INFO - Processing file /Users/linghuchong/miniconda3/envs/py310/lib/python3.10/site-packages/airflow/example_dags/example_params_ui_tutorial.py for tasks to queue
[2026-02-11T17:28:04.091+0800] {logging_mixin.py:188} INFO - [2026-02-11T17:28:04.091+0800] {dagbag.py:540} INFO - Filling up the DagBag from /Users/linghuchong/miniconda3/envs/py310/lib/python3.10/site-packages/airflow/example_dags/example_params_ui_tutorial.py
[2026-02-11T17:28:04.129+0800] {processor.py:840} INFO - DAG(s) 'example_params_ui_tutorial' retrieved from /Users/linghuchong/miniconda3/envs/py310/lib/python3.10/site-packages/airflow/example_dags/example_params_ui_tutorial.py
[2026-02-11T17:28:04.281+0800] {logging_mixin.py:188} INFO - [2026-02-11T17:28:04.281+0800] {dag.py:3047} INFO - Sync 1 DAGs
[2026-02-11T17:28:04.291+0800] {logging_mixin.py:188} INFO - [2026-02-11T17:28:04.291+0800] {dag.py:3834} INFO - Setting next_dagrun for example_params_ui_tutorial to None, run_after=None
[2026-02-11T17:28:04.313+0800] {processor.py:183} INFO - Processing /Users/linghuchong/miniconda3/envs/py310/lib/python3.10/site-packages/airflow/example_dags/example_params_ui_tutorial.py took 0.227 seconds
[2026-02-11T17:30:59.558+0800] {processor.py:161} INFO - Started process (PID=18247) to work on /Users/linghuchong/miniconda3/envs/py310/lib/python3.10/site-packages/airflow/example_dags/example_params_ui_tutorial.py
[2026-02-11T17:30:59.561+0800] {processor.py:830} INFO - Processing file /Users/linghuchong/miniconda3/envs/py310/lib/python3.10/site-packages/airflow/example_dags/example_params_ui_tutorial.py for tasks to queue
[2026-02-11T17:30:59.562+0800] {logging_mixin.py:188} INFO - [2026-02-11T17:30:59.562+0800] {dagbag.py:540} INFO - Filling up the DagBag from /Users/linghuchong/miniconda3/envs/py310/lib/python3.10/site-packages/airflow/example_dags/example_params_ui_tutorial.py
[2026-02-11T17:30:59.602+0800] {processor.py:840} INFO - DAG(s) 'example_params_ui_tutorial' retrieved from /Users/linghuchong/miniconda3/envs/py310/lib/python3.10/site-packages/airflow/example_dags/example_params_ui_tutorial.py
[2026-02-11T17:30:59.775+0800] {logging_mixin.py:188} INFO - [2026-02-11T17:30:59.775+0800] {dag.py:3047} INFO - Sync 1 DAGs
[2026-02-11T17:30:59.786+0800] {logging_mixin.py:188} INFO - [2026-02-11T17:30:59.785+0800] {dag.py:3834} INFO - Setting next_dagrun for example_params_ui_tutorial to None, run_after=None
[2026-02-11T17:30:59.807+0800] {processor.py:183} INFO - Processing /Users/linghuchong/miniconda3/envs/py310/lib/python3.10/site-packages/airflow/example_dags/example_params_ui_tutorial.py took 0.250 seconds
[2026-02-11T17:34:01.125+0800] {processor.py:161} INFO - Started process (PID=18341) to work on /Users/linghuchong/miniconda3/envs/py310/lib/python3.10/site-packages/airflow/example_dags/example_params_ui_tutorial.py
[2026-02-11T17:34:01.126+0800] {processor.py:830} INFO - Processing file /Users/linghuchong/miniconda3/envs/py310/lib/python3.10/site-packages/airflow/example_dags/example_params_ui_tutorial.py for tasks to queue
[2026-02-11T17:34:01.128+0800] {logging_mixin.py:188} INFO - [2026-02-11T17:34:01.127+0800] {dagbag.py:540} INFO - Filling up the DagBag from /Users/linghuchong/miniconda3/envs/py310/lib/python3.10/site-packages/airflow/example_dags/example_params_ui_tutorial.py
[2026-02-11T17:34:01.168+0800] {processor.py:840} INFO - DAG(s) 'example_params_ui_tutorial' retrieved from /Users/linghuchong/miniconda3/envs/py310/lib/python3.10/site-packages/airflow/example_dags/example_params_ui_tutorial.py
[2026-02-11T17:34:01.333+0800] {logging_mixin.py:188} INFO - [2026-02-11T17:34:01.333+0800] {dag.py:3047} INFO - Sync 1 DAGs
[2026-02-11T17:34:01.344+0800] {logging_mixin.py:188} INFO - [2026-02-11T17:34:01.344+0800] {dag.py:3834} INFO - Setting next_dagrun for example_params_ui_tutorial to None, run_after=None
[2026-02-11T17:34:01.366+0800] {processor.py:183} INFO - Processing /Users/linghuchong/miniconda3/envs/py310/lib/python3.10/site-packages/airflow/example_dags/example_params_ui_tutorial.py took 0.241 seconds
[2026-02-11T17:37:05.736+0800] {processor.py:161} INFO - Started process (PID=18566) to work on /Users/linghuchong/miniconda3/envs/py310/lib/python3.10/site-packages/airflow/example_dags/example_params_ui_tutorial.py
[2026-02-11T17:37:05.737+0800] {processor.py:830} INFO - Processing file /Users/linghuchong/miniconda3/envs/py310/lib/python3.10/site-packages/airflow/example_dags/example_params_ui_tutorial.py for tasks to queue
[2026-02-11T17:37:05.738+0800] {logging_mixin.py:188} INFO - [2026-02-11T17:37:05.738+0800] {dagbag.py:540} INFO - Filling up the DagBag from /Users/linghuchong/miniconda3/envs/py310/lib/python3.10/site-packages/airflow/example_dags/example_params_ui_tutorial.py
[2026-02-11T17:37:05.782+0800] {processor.py:840} INFO - DAG(s) 'example_params_ui_tutorial' retrieved from /Users/linghuchong/miniconda3/envs/py310/lib/python3.10/site-packages/airflow/example_dags/example_params_ui_tutorial.py
[2026-02-11T17:37:05.956+0800] {logging_mixin.py:188} INFO - [2026-02-11T17:37:05.955+0800] {dag.py:3047} INFO - Sync 1 DAGs
[2026-02-11T17:37:05.966+0800] {logging_mixin.py:188} INFO - [2026-02-11T17:37:05.965+0800] {dag.py:3834} INFO - Setting next_dagrun for example_params_ui_tutorial to None, run_after=None
[2026-02-11T17:37:05.989+0800] {processor.py:183} INFO - Processing /Users/linghuchong/miniconda3/envs/py310/lib/python3.10/site-packages/airflow/example_dags/example_params_ui_tutorial.py took 0.253 seconds
[2026-02-11T17:40:11.174+0800] {processor.py:161} INFO - Started process (PID=18850) to work on /Users/linghuchong/miniconda3/envs/py310/lib/python3.10/site-packages/airflow/example_dags/example_params_ui_tutorial.py
[2026-02-11T17:40:11.177+0800] {processor.py:830} INFO - Processing file /Users/linghuchong/miniconda3/envs/py310/lib/python3.10/site-packages/airflow/example_dags/example_params_ui_tutorial.py for tasks to queue
[2026-02-11T17:40:11.178+0800] {logging_mixin.py:188} INFO - [2026-02-11T17:40:11.177+0800] {dagbag.py:540} INFO - Filling up the DagBag from /Users/linghuchong/miniconda3/envs/py310/lib/python3.10/site-packages/airflow/example_dags/example_params_ui_tutorial.py
[2026-02-11T17:40:11.222+0800] {processor.py:840} INFO - DAG(s) 'example_params_ui_tutorial' retrieved from /Users/linghuchong/miniconda3/envs/py310/lib/python3.10/site-packages/airflow/example_dags/example_params_ui_tutorial.py
[2026-02-11T17:40:11.402+0800] {logging_mixin.py:188} INFO - [2026-02-11T17:40:11.401+0800] {dag.py:3047} INFO - Sync 1 DAGs
[2026-02-11T17:40:11.414+0800] {logging_mixin.py:188} INFO - [2026-02-11T17:40:11.414+0800] {dag.py:3834} INFO - Setting next_dagrun for example_params_ui_tutorial to None, run_after=None
[2026-02-11T17:40:11.436+0800] {processor.py:183} INFO - Processing /Users/linghuchong/miniconda3/envs/py310/lib/python3.10/site-packages/airflow/example_dags/example_params_ui_tutorial.py took 0.263 seconds
[2026-02-11T17:43:17.735+0800] {processor.py:161} INFO - Started process (PID=19238) to work on /Users/linghuchong/miniconda3/envs/py310/lib/python3.10/site-packages/airflow/example_dags/example_params_ui_tutorial.py
[2026-02-11T17:43:17.738+0800] {processor.py:830} INFO - Processing file /Users/linghuchong/miniconda3/envs/py310/lib/python3.10/site-packages/airflow/example_dags/example_params_ui_tutorial.py for tasks to queue
[2026-02-11T17:43:17.739+0800] {logging_mixin.py:188} INFO - [2026-02-11T17:43:17.739+0800] {dagbag.py:540} INFO - Filling up the DagBag from /Users/linghuchong/miniconda3/envs/py310/lib/python3.10/site-packages/airflow/example_dags/example_params_ui_tutorial.py
[2026-02-11T17:43:17.783+0800] {processor.py:840} INFO - DAG(s) 'example_params_ui_tutorial' retrieved from /Users/linghuchong/miniconda3/envs/py310/lib/python3.10/site-packages/airflow/example_dags/example_params_ui_tutorial.py
[2026-02-11T17:43:17.956+0800] {logging_mixin.py:188} INFO - [2026-02-11T17:43:17.956+0800] {dag.py:3047} INFO - Sync 1 DAGs
[2026-02-11T17:43:17.967+0800] {logging_mixin.py:188} INFO - [2026-02-11T17:43:17.966+0800] {dag.py:3834} INFO - Setting next_dagrun for example_params_ui_tutorial to None, run_after=None
[2026-02-11T17:43:17.990+0800] {processor.py:183} INFO - Processing /Users/linghuchong/miniconda3/envs/py310/lib/python3.10/site-packages/airflow/example_dags/example_params_ui_tutorial.py took 0.256 seconds
[2026-02-11T17:46:25.627+0800] {processor.py:161} INFO - Started process (PID=19675) to work on /Users/linghuchong/miniconda3/envs/py310/lib/python3.10/site-packages/airflow/example_dags/example_params_ui_tutorial.py
[2026-02-11T17:46:25.628+0800] {processor.py:830} INFO - Processing file /Users/linghuchong/miniconda3/envs/py310/lib/python3.10/site-packages/airflow/example_dags/example_params_ui_tutorial.py for tasks to queue
[2026-02-11T17:46:25.629+0800] {logging_mixin.py:188} INFO - [2026-02-11T17:46:25.629+0800] {dagbag.py:540} INFO - Filling up the DagBag from /Users/linghuchong/miniconda3/envs/py310/lib/python3.10/site-packages/airflow/example_dags/example_params_ui_tutorial.py
[2026-02-11T17:46:25.676+0800] {processor.py:840} INFO - DAG(s) 'example_params_ui_tutorial' retrieved from /Users/linghuchong/miniconda3/envs/py310/lib/python3.10/site-packages/airflow/example_dags/example_params_ui_tutorial.py
[2026-02-11T17:46:25.893+0800] {logging_mixin.py:188} INFO - [2026-02-11T17:46:25.892+0800] {dag.py:3047} INFO - Sync 1 DAGs
[2026-02-11T17:46:25.907+0800] {logging_mixin.py:188} INFO - [2026-02-11T17:46:25.907+0800] {dag.py:3834} INFO - Setting next_dagrun for example_params_ui_tutorial to None, run_after=None
[2026-02-11T17:46:25.932+0800] {processor.py:183} INFO - Processing /Users/linghuchong/miniconda3/envs/py310/lib/python3.10/site-packages/airflow/example_dags/example_params_ui_tutorial.py took 0.306 seconds
[2026-02-11T17:49:26.641+0800] {processor.py:161} INFO - Started process (PID=19820) to work on /Users/linghuchong/miniconda3/envs/py310/lib/python3.10/site-packages/airflow/example_dags/example_params_ui_tutorial.py
[2026-02-11T17:49:26.644+0800] {processor.py:830} INFO - Processing file /Users/linghuchong/miniconda3/envs/py310/lib/python3.10/site-packages/airflow/example_dags/example_params_ui_tutorial.py for tasks to queue
[2026-02-11T17:49:26.644+0800] {logging_mixin.py:188} INFO - [2026-02-11T17:49:26.644+0800] {dagbag.py:540} INFO - Filling up the DagBag from /Users/linghuchong/miniconda3/envs/py310/lib/python3.10/site-packages/airflow/example_dags/example_params_ui_tutorial.py
[2026-02-11T17:49:26.693+0800] {processor.py:840} INFO - DAG(s) 'example_params_ui_tutorial' retrieved from /Users/linghuchong/miniconda3/envs/py310/lib/python3.10/site-packages/airflow/example_dags/example_params_ui_tutorial.py
[2026-02-11T17:49:26.882+0800] {logging_mixin.py:188} INFO - [2026-02-11T17:49:26.882+0800] {dag.py:3047} INFO - Sync 1 DAGs
[2026-02-11T17:49:26.892+0800] {logging_mixin.py:188} INFO - [2026-02-11T17:49:26.892+0800] {dag.py:3834} INFO - Setting next_dagrun for example_params_ui_tutorial to None, run_after=None
[2026-02-11T17:49:26.914+0800] {processor.py:183} INFO - Processing /Users/linghuchong/miniconda3/envs/py310/lib/python3.10/site-packages/airflow/example_dags/example_params_ui_tutorial.py took 0.274 seconds
[2026-02-11T17:52:33.526+0800] {processor.py:161} INFO - Started process (PID=19910) to work on /Users/linghuchong/miniconda3/envs/py310/lib/python3.10/site-packages/airflow/example_dags/example_params_ui_tutorial.py
[2026-02-11T17:52:33.529+0800] {processor.py:830} INFO - Processing file /Users/linghuchong/miniconda3/envs/py310/lib/python3.10/site-packages/airflow/example_dags/example_params_ui_tutorial.py for tasks to queue
[2026-02-11T17:52:33.530+0800] {logging_mixin.py:188} INFO - [2026-02-11T17:52:33.530+0800] {dagbag.py:540} INFO - Filling up the DagBag from /Users/linghuchong/miniconda3/envs/py310/lib/python3.10/site-packages/airflow/example_dags/example_params_ui_tutorial.py
[2026-02-11T17:52:33.567+0800] {processor.py:840} INFO - DAG(s) 'example_params_ui_tutorial' retrieved from /Users/linghuchong/miniconda3/envs/py310/lib/python3.10/site-packages/airflow/example_dags/example_params_ui_tutorial.py
[2026-02-11T17:52:33.722+0800] {logging_mixin.py:188} INFO - [2026-02-11T17:52:33.722+0800] {dag.py:3047} INFO - Sync 1 DAGs
[2026-02-11T17:52:33.731+0800] {logging_mixin.py:188} INFO - [2026-02-11T17:52:33.731+0800] {dag.py:3834} INFO - Setting next_dagrun for example_params_ui_tutorial to None, run_after=None
[2026-02-11T17:52:33.754+0800] {processor.py:183} INFO - Processing /Users/linghuchong/miniconda3/envs/py310/lib/python3.10/site-packages/airflow/example_dags/example_params_ui_tutorial.py took 0.229 seconds
[2026-02-11T17:55:37.033+0800] {processor.py:161} INFO - Started process (PID=20041) to work on /Users/linghuchong/miniconda3/envs/py310/lib/python3.10/site-packages/airflow/example_dags/example_params_ui_tutorial.py
[2026-02-11T17:55:37.036+0800] {processor.py:830} INFO - Processing file /Users/linghuchong/miniconda3/envs/py310/lib/python3.10/site-packages/airflow/example_dags/example_params_ui_tutorial.py for tasks to queue
[2026-02-11T17:55:37.037+0800] {logging_mixin.py:188} INFO - [2026-02-11T17:55:37.036+0800] {dagbag.py:540} INFO - Filling up the DagBag from /Users/linghuchong/miniconda3/envs/py310/lib/python3.10/site-packages/airflow/example_dags/example_params_ui_tutorial.py
[2026-02-11T17:55:37.074+0800] {processor.py:840} INFO - DAG(s) 'example_params_ui_tutorial' retrieved from /Users/linghuchong/miniconda3/envs/py310/lib/python3.10/site-packages/airflow/example_dags/example_params_ui_tutorial.py
[2026-02-11T17:55:37.224+0800] {logging_mixin.py:188} INFO - [2026-02-11T17:55:37.224+0800] {dag.py:3047} INFO - Sync 1 DAGs
[2026-02-11T17:55:37.234+0800] {logging_mixin.py:188} INFO - [2026-02-11T17:55:37.234+0800] {dag.py:3834} INFO - Setting next_dagrun for example_params_ui_tutorial to None, run_after=None
[2026-02-11T17:55:37.256+0800] {processor.py:183} INFO - Processing /Users/linghuchong/miniconda3/envs/py310/lib/python3.10/site-packages/airflow/example_dags/example_params_ui_tutorial.py took 0.224 seconds
[2026-02-11T17:58:46.232+0800] {processor.py:161} INFO - Started process (PID=20126) to work on /Users/linghuchong/miniconda3/envs/py310/lib/python3.10/site-packages/airflow/example_dags/example_params_ui_tutorial.py
[2026-02-11T17:58:46.233+0800] {processor.py:830} INFO - Processing file /Users/linghuchong/miniconda3/envs/py310/lib/python3.10/site-packages/airflow/example_dags/example_params_ui_tutorial.py for tasks to queue
[2026-02-11T17:58:46.234+0800] {logging_mixin.py:188} INFO - [2026-02-11T17:58:46.234+0800] {dagbag.py:540} INFO - Filling up the DagBag from /Users/linghuchong/miniconda3/envs/py310/lib/python3.10/site-packages/airflow/example_dags/example_params_ui_tutorial.py
[2026-02-11T17:58:46.282+0800] {processor.py:840} INFO - DAG(s) 'example_params_ui_tutorial' retrieved from /Users/linghuchong/miniconda3/envs/py310/lib/python3.10/site-packages/airflow/example_dags/example_params_ui_tutorial.py
[2026-02-11T17:58:46.608+0800] {logging_mixin.py:188} INFO - [2026-02-11T17:58:46.608+0800] {dag.py:3047} INFO - Sync 1 DAGs
[2026-02-11T17:58:46.623+0800] {logging_mixin.py:188} INFO - [2026-02-11T17:58:46.623+0800] {dag.py:3834} INFO - Setting next_dagrun for example_params_ui_tutorial to None, run_after=None
[2026-02-11T17:58:46.647+0800] {processor.py:183} INFO - Processing /Users/linghuchong/miniconda3/envs/py310/lib/python3.10/site-packages/airflow/example_dags/example_params_ui_tutorial.py took 0.416 seconds
[2026-02-11T18:02:05.919+0800] {processor.py:161} INFO - Started process (PID=20399) to work on /Users/linghuchong/miniconda3/envs/py310/lib/python3.10/site-packages/airflow/example_dags/example_params_ui_tutorial.py
[2026-02-11T18:02:05.920+0800] {processor.py:830} INFO - Processing file /Users/linghuchong/miniconda3/envs/py310/lib/python3.10/site-packages/airflow/example_dags/example_params_ui_tutorial.py for tasks to queue
[2026-02-11T18:02:05.921+0800] {logging_mixin.py:188} INFO - [2026-02-11T18:02:05.921+0800] {dagbag.py:540} INFO - Filling up the DagBag from /Users/linghuchong/miniconda3/envs/py310/lib/python3.10/site-packages/airflow/example_dags/example_params_ui_tutorial.py
[2026-02-11T18:02:05.964+0800] {processor.py:840} INFO - DAG(s) 'example_params_ui_tutorial' retrieved from /Users/linghuchong/miniconda3/envs/py310/lib/python3.10/site-packages/airflow/example_dags/example_params_ui_tutorial.py
[2026-02-11T18:02:06.249+0800] {logging_mixin.py:188} INFO - [2026-02-11T18:02:06.248+0800] {dag.py:3047} INFO - Sync 1 DAGs
[2026-02-11T18:02:06.261+0800] {logging_mixin.py:188} INFO - [2026-02-11T18:02:06.260+0800] {dag.py:3834} INFO - Setting next_dagrun for example_params_ui_tutorial to None, run_after=None
[2026-02-11T18:02:06.286+0800] {processor.py:183} INFO - Processing /Users/linghuchong/miniconda3/envs/py310/lib/python3.10/site-packages/airflow/example_dags/example_params_ui_tutorial.py took 0.368 seconds
