[2026-02-11T12:19:53.089+0800] {processor.py:161} INFO - Started process (PID=8253) to work on /Users/linghuchong/miniconda3/envs/py310/lib/python3.10/site-packages/airflow/example_dags/example_branch_python_dop_operator_3.py
[2026-02-11T12:19:53.090+0800] {processor.py:830} INFO - Processing file /Users/linghuchong/miniconda3/envs/py310/lib/python3.10/site-packages/airflow/example_dags/example_branch_python_dop_operator_3.py for tasks to queue
[2026-02-11T12:19:53.091+0800] {logging_mixin.py:188} INFO - [2026-02-11T12:19:53.091+0800] {dagbag.py:540} INFO - Filling up the DagBag from /Users/linghuchong/miniconda3/envs/py310/lib/python3.10/site-packages/airflow/example_dags/example_branch_python_dop_operator_3.py
[2026-02-11T12:19:53.190+0800] {processor.py:840} INFO - DAG(s) 'example_branch_dop_operator_v3' retrieved from /Users/linghuchong/miniconda3/envs/py310/lib/python3.10/site-packages/airflow/example_dags/example_branch_python_dop_operator_3.py
[2026-02-11T12:19:53.512+0800] {logging_mixin.py:188} INFO - [2026-02-11T12:19:53.511+0800] {override.py:1769} INFO - Created Permission View: can delete on DAG:example_branch_dop_operator_v3
[2026-02-11T12:19:53.521+0800] {logging_mixin.py:188} INFO - [2026-02-11T12:19:53.521+0800] {override.py:1769} INFO - Created Permission View: can edit on DAG:example_branch_dop_operator_v3
[2026-02-11T12:19:53.529+0800] {logging_mixin.py:188} INFO - [2026-02-11T12:19:53.528+0800] {override.py:1769} INFO - Created Permission View: can read on DAG:example_branch_dop_operator_v3
[2026-02-11T12:19:53.529+0800] {logging_mixin.py:188} INFO - [2026-02-11T12:19:53.529+0800] {dag.py:3047} INFO - Sync 1 DAGs
[2026-02-11T12:19:53.569+0800] {logging_mixin.py:188} INFO - [2026-02-11T12:19:53.569+0800] {dag.py:3069} INFO - Creating ORM DAG for example_branch_dop_operator_v3
[2026-02-11T12:19:53.599+0800] {logging_mixin.py:188} INFO - [2026-02-11T12:19:53.599+0800] {dag.py:3834} INFO - Setting next_dagrun for example_branch_dop_operator_v3 to 2026-02-11 04:18:00+00:00, run_after=2026-02-11 04:19:00+00:00
[2026-02-11T12:19:53.631+0800] {processor.py:183} INFO - Processing /Users/linghuchong/miniconda3/envs/py310/lib/python3.10/site-packages/airflow/example_dags/example_branch_python_dop_operator_3.py took 0.543 seconds
[2026-02-11T12:25:19.895+0800] {processor.py:161} INFO - Started process (PID=8441) to work on /Users/linghuchong/miniconda3/envs/py310/lib/python3.10/site-packages/airflow/example_dags/example_branch_python_dop_operator_3.py
[2026-02-11T12:25:19.898+0800] {processor.py:830} INFO - Processing file /Users/linghuchong/miniconda3/envs/py310/lib/python3.10/site-packages/airflow/example_dags/example_branch_python_dop_operator_3.py for tasks to queue
[2026-02-11T12:25:19.899+0800] {logging_mixin.py:188} INFO - [2026-02-11T12:25:19.899+0800] {dagbag.py:540} INFO - Filling up the DagBag from /Users/linghuchong/miniconda3/envs/py310/lib/python3.10/site-packages/airflow/example_dags/example_branch_python_dop_operator_3.py
[2026-02-11T12:25:19.940+0800] {processor.py:840} INFO - DAG(s) 'example_branch_dop_operator_v3' retrieved from /Users/linghuchong/miniconda3/envs/py310/lib/python3.10/site-packages/airflow/example_dags/example_branch_python_dop_operator_3.py
[2026-02-11T12:25:20.072+0800] {logging_mixin.py:188} INFO - [2026-02-11T12:25:20.071+0800] {dag.py:3047} INFO - Sync 1 DAGs
[2026-02-11T12:25:20.098+0800] {logging_mixin.py:188} INFO - [2026-02-11T12:25:20.098+0800] {dag.py:3834} INFO - Setting next_dagrun for example_branch_dop_operator_v3 to 2026-02-11 04:24:00+00:00, run_after=2026-02-11 04:25:00+00:00
[2026-02-11T12:25:20.118+0800] {processor.py:183} INFO - Processing /Users/linghuchong/miniconda3/envs/py310/lib/python3.10/site-packages/airflow/example_dags/example_branch_python_dop_operator_3.py took 0.224 seconds
[2026-02-11T13:08:48.446+0800] {processor.py:161} INFO - Started process (PID=8611) to work on /Users/linghuchong/miniconda3/envs/py310/lib/python3.10/site-packages/airflow/example_dags/example_branch_python_dop_operator_3.py
[2026-02-11T13:08:48.449+0800] {processor.py:830} INFO - Processing file /Users/linghuchong/miniconda3/envs/py310/lib/python3.10/site-packages/airflow/example_dags/example_branch_python_dop_operator_3.py for tasks to queue
[2026-02-11T13:08:48.450+0800] {logging_mixin.py:188} INFO - [2026-02-11T13:08:48.449+0800] {dagbag.py:540} INFO - Filling up the DagBag from /Users/linghuchong/miniconda3/envs/py310/lib/python3.10/site-packages/airflow/example_dags/example_branch_python_dop_operator_3.py
[2026-02-11T13:08:48.490+0800] {processor.py:840} INFO - DAG(s) 'example_branch_dop_operator_v3' retrieved from /Users/linghuchong/miniconda3/envs/py310/lib/python3.10/site-packages/airflow/example_dags/example_branch_python_dop_operator_3.py
[2026-02-11T13:08:48.624+0800] {logging_mixin.py:188} INFO - [2026-02-11T13:08:48.624+0800] {dag.py:3047} INFO - Sync 1 DAGs
[2026-02-11T13:08:48.648+0800] {logging_mixin.py:188} INFO - [2026-02-11T13:08:48.648+0800] {dag.py:3834} INFO - Setting next_dagrun for example_branch_dop_operator_v3 to 2026-02-11 05:07:00+00:00, run_after=2026-02-11 05:08:00+00:00
[2026-02-11T13:08:48.674+0800] {processor.py:183} INFO - Processing /Users/linghuchong/miniconda3/envs/py310/lib/python3.10/site-packages/airflow/example_dags/example_branch_python_dop_operator_3.py took 0.229 seconds
[2026-02-11T13:22:13.717+0800] {processor.py:161} INFO - Started process (PID=9179) to work on /Users/linghuchong/miniconda3/envs/py310/lib/python3.10/site-packages/airflow/example_dags/example_branch_python_dop_operator_3.py
[2026-02-11T13:22:13.719+0800] {processor.py:830} INFO - Processing file /Users/linghuchong/miniconda3/envs/py310/lib/python3.10/site-packages/airflow/example_dags/example_branch_python_dop_operator_3.py for tasks to queue
[2026-02-11T13:22:13.721+0800] {logging_mixin.py:188} INFO - [2026-02-11T13:22:13.721+0800] {dagbag.py:540} INFO - Filling up the DagBag from /Users/linghuchong/miniconda3/envs/py310/lib/python3.10/site-packages/airflow/example_dags/example_branch_python_dop_operator_3.py
[2026-02-11T13:22:13.759+0800] {processor.py:840} INFO - DAG(s) 'example_branch_dop_operator_v3' retrieved from /Users/linghuchong/miniconda3/envs/py310/lib/python3.10/site-packages/airflow/example_dags/example_branch_python_dop_operator_3.py
[2026-02-11T13:22:13.880+0800] {logging_mixin.py:188} INFO - [2026-02-11T13:22:13.880+0800] {dag.py:3047} INFO - Sync 1 DAGs
[2026-02-11T13:22:13.912+0800] {logging_mixin.py:188} INFO - [2026-02-11T13:22:13.912+0800] {dag.py:3834} INFO - Setting next_dagrun for example_branch_dop_operator_v3 to 2026-02-11 05:21:00+00:00, run_after=2026-02-11 05:22:00+00:00
[2026-02-11T13:22:13.934+0800] {processor.py:183} INFO - Processing /Users/linghuchong/miniconda3/envs/py310/lib/python3.10/site-packages/airflow/example_dags/example_branch_python_dop_operator_3.py took 0.218 seconds
[2026-02-11T13:27:46.933+0800] {processor.py:161} INFO - Started process (PID=9338) to work on /Users/linghuchong/miniconda3/envs/py310/lib/python3.10/site-packages/airflow/example_dags/example_branch_python_dop_operator_3.py
[2026-02-11T13:27:46.936+0800] {processor.py:830} INFO - Processing file /Users/linghuchong/miniconda3/envs/py310/lib/python3.10/site-packages/airflow/example_dags/example_branch_python_dop_operator_3.py for tasks to queue
[2026-02-11T13:27:46.937+0800] {logging_mixin.py:188} INFO - [2026-02-11T13:27:46.936+0800] {dagbag.py:540} INFO - Filling up the DagBag from /Users/linghuchong/miniconda3/envs/py310/lib/python3.10/site-packages/airflow/example_dags/example_branch_python_dop_operator_3.py
[2026-02-11T13:27:46.993+0800] {processor.py:840} INFO - DAG(s) 'example_branch_dop_operator_v3' retrieved from /Users/linghuchong/miniconda3/envs/py310/lib/python3.10/site-packages/airflow/example_dags/example_branch_python_dop_operator_3.py
[2026-02-11T13:27:47.199+0800] {logging_mixin.py:188} INFO - [2026-02-11T13:27:47.199+0800] {dag.py:3047} INFO - Sync 1 DAGs
[2026-02-11T13:27:47.224+0800] {logging_mixin.py:188} INFO - [2026-02-11T13:27:47.224+0800] {dag.py:3834} INFO - Setting next_dagrun for example_branch_dop_operator_v3 to 2026-02-11 05:26:00+00:00, run_after=2026-02-11 05:27:00+00:00
[2026-02-11T13:27:47.244+0800] {processor.py:183} INFO - Processing /Users/linghuchong/miniconda3/envs/py310/lib/python3.10/site-packages/airflow/example_dags/example_branch_python_dop_operator_3.py took 0.312 seconds
[2026-02-11T13:33:36.026+0800] {processor.py:161} INFO - Started process (PID=9535) to work on /Users/linghuchong/miniconda3/envs/py310/lib/python3.10/site-packages/airflow/example_dags/example_branch_python_dop_operator_3.py
[2026-02-11T13:33:36.029+0800] {processor.py:830} INFO - Processing file /Users/linghuchong/miniconda3/envs/py310/lib/python3.10/site-packages/airflow/example_dags/example_branch_python_dop_operator_3.py for tasks to queue
[2026-02-11T13:33:36.031+0800] {logging_mixin.py:188} INFO - [2026-02-11T13:33:36.030+0800] {dagbag.py:540} INFO - Filling up the DagBag from /Users/linghuchong/miniconda3/envs/py310/lib/python3.10/site-packages/airflow/example_dags/example_branch_python_dop_operator_3.py
[2026-02-11T13:33:36.068+0800] {processor.py:840} INFO - DAG(s) 'example_branch_dop_operator_v3' retrieved from /Users/linghuchong/miniconda3/envs/py310/lib/python3.10/site-packages/airflow/example_dags/example_branch_python_dop_operator_3.py
[2026-02-11T13:33:36.189+0800] {logging_mixin.py:188} INFO - [2026-02-11T13:33:36.188+0800] {dag.py:3047} INFO - Sync 1 DAGs
[2026-02-11T13:33:36.211+0800] {logging_mixin.py:188} INFO - [2026-02-11T13:33:36.210+0800] {dag.py:3834} INFO - Setting next_dagrun for example_branch_dop_operator_v3 to 2026-02-11 05:32:00+00:00, run_after=2026-02-11 05:33:00+00:00
[2026-02-11T13:33:36.233+0800] {processor.py:183} INFO - Processing /Users/linghuchong/miniconda3/envs/py310/lib/python3.10/site-packages/airflow/example_dags/example_branch_python_dop_operator_3.py took 0.208 seconds
[2026-02-11T16:21:57.935+0800] {processor.py:161} INFO - Started process (PID=14570) to work on /Users/linghuchong/miniconda3/envs/py310/lib/python3.10/site-packages/airflow/example_dags/example_branch_python_dop_operator_3.py
[2026-02-11T16:21:57.936+0800] {processor.py:830} INFO - Processing file /Users/linghuchong/miniconda3/envs/py310/lib/python3.10/site-packages/airflow/example_dags/example_branch_python_dop_operator_3.py for tasks to queue
[2026-02-11T16:21:57.937+0800] {logging_mixin.py:188} INFO - [2026-02-11T16:21:57.937+0800] {dagbag.py:540} INFO - Filling up the DagBag from /Users/linghuchong/miniconda3/envs/py310/lib/python3.10/site-packages/airflow/example_dags/example_branch_python_dop_operator_3.py
[2026-02-11T16:21:57.977+0800] {processor.py:840} INFO - DAG(s) 'example_branch_dop_operator_v3' retrieved from /Users/linghuchong/miniconda3/envs/py310/lib/python3.10/site-packages/airflow/example_dags/example_branch_python_dop_operator_3.py
[2026-02-11T16:21:58.202+0800] {logging_mixin.py:188} INFO - [2026-02-11T16:21:58.202+0800] {dag.py:3047} INFO - Sync 1 DAGs
[2026-02-11T16:21:58.228+0800] {logging_mixin.py:188} INFO - [2026-02-11T16:21:58.228+0800] {dag.py:3834} INFO - Setting next_dagrun for example_branch_dop_operator_v3 to 2026-02-11 08:20:00+00:00, run_after=2026-02-11 08:21:00+00:00
[2026-02-11T16:21:58.251+0800] {processor.py:183} INFO - Processing /Users/linghuchong/miniconda3/envs/py310/lib/python3.10/site-packages/airflow/example_dags/example_branch_python_dop_operator_3.py took 0.316 seconds
[2026-02-11T16:26:00.294+0800] {processor.py:161} INFO - Started process (PID=14805) to work on /Users/linghuchong/miniconda3/envs/py310/lib/python3.10/site-packages/airflow/example_dags/example_branch_python_dop_operator_3.py
[2026-02-11T16:26:00.297+0800] {processor.py:830} INFO - Processing file /Users/linghuchong/miniconda3/envs/py310/lib/python3.10/site-packages/airflow/example_dags/example_branch_python_dop_operator_3.py for tasks to queue
[2026-02-11T16:26:00.298+0800] {logging_mixin.py:188} INFO - [2026-02-11T16:26:00.298+0800] {dagbag.py:540} INFO - Filling up the DagBag from /Users/linghuchong/miniconda3/envs/py310/lib/python3.10/site-packages/airflow/example_dags/example_branch_python_dop_operator_3.py
[2026-02-11T16:26:00.335+0800] {processor.py:840} INFO - DAG(s) 'example_branch_dop_operator_v3' retrieved from /Users/linghuchong/miniconda3/envs/py310/lib/python3.10/site-packages/airflow/example_dags/example_branch_python_dop_operator_3.py
[2026-02-11T16:26:00.546+0800] {logging_mixin.py:188} INFO - [2026-02-11T16:26:00.545+0800] {dag.py:3047} INFO - Sync 1 DAGs
[2026-02-11T16:26:00.571+0800] {logging_mixin.py:188} INFO - [2026-02-11T16:26:00.571+0800] {dag.py:3834} INFO - Setting next_dagrun for example_branch_dop_operator_v3 to 2026-02-11 08:25:00+00:00, run_after=2026-02-11 08:26:00+00:00
[2026-02-11T16:26:00.590+0800] {processor.py:183} INFO - Processing /Users/linghuchong/miniconda3/envs/py310/lib/python3.10/site-packages/airflow/example_dags/example_branch_python_dop_operator_3.py took 0.297 seconds
[2026-02-11T16:32:26.263+0800] {processor.py:161} INFO - Started process (PID=15239) to work on /Users/linghuchong/miniconda3/envs/py310/lib/python3.10/site-packages/airflow/example_dags/example_branch_python_dop_operator_3.py
[2026-02-11T16:32:26.264+0800] {processor.py:830} INFO - Processing file /Users/linghuchong/miniconda3/envs/py310/lib/python3.10/site-packages/airflow/example_dags/example_branch_python_dop_operator_3.py for tasks to queue
[2026-02-11T16:32:26.266+0800] {logging_mixin.py:188} INFO - [2026-02-11T16:32:26.266+0800] {dagbag.py:540} INFO - Filling up the DagBag from /Users/linghuchong/miniconda3/envs/py310/lib/python3.10/site-packages/airflow/example_dags/example_branch_python_dop_operator_3.py
[2026-02-11T16:32:26.313+0800] {processor.py:840} INFO - DAG(s) 'example_branch_dop_operator_v3' retrieved from /Users/linghuchong/miniconda3/envs/py310/lib/python3.10/site-packages/airflow/example_dags/example_branch_python_dop_operator_3.py
[2026-02-11T16:32:26.346+0800] {logging_mixin.py:188} INFO - [2026-02-11T16:32:26.346+0800] {dag.py:3047} INFO - Sync 1 DAGs
[2026-02-11T16:32:26.478+0800] {logging_mixin.py:188} INFO - [2026-02-11T16:32:26.478+0800] {dag.py:3834} INFO - Setting next_dagrun for example_branch_dop_operator_v3 to 2026-02-11 08:31:00+00:00, run_after=2026-02-11 08:32:00+00:00
[2026-02-11T16:32:26.500+0800] {processor.py:183} INFO - Processing /Users/linghuchong/miniconda3/envs/py310/lib/python3.10/site-packages/airflow/example_dags/example_branch_python_dop_operator_3.py took 0.238 seconds
[2026-02-11T16:38:45.404+0800] {processor.py:161} INFO - Started process (PID=15584) to work on /Users/linghuchong/miniconda3/envs/py310/lib/python3.10/site-packages/airflow/example_dags/example_branch_python_dop_operator_3.py
[2026-02-11T16:38:45.405+0800] {processor.py:830} INFO - Processing file /Users/linghuchong/miniconda3/envs/py310/lib/python3.10/site-packages/airflow/example_dags/example_branch_python_dop_operator_3.py for tasks to queue
[2026-02-11T16:38:45.406+0800] {logging_mixin.py:188} INFO - [2026-02-11T16:38:45.406+0800] {dagbag.py:540} INFO - Filling up the DagBag from /Users/linghuchong/miniconda3/envs/py310/lib/python3.10/site-packages/airflow/example_dags/example_branch_python_dop_operator_3.py
[2026-02-11T16:38:45.444+0800] {processor.py:840} INFO - DAG(s) 'example_branch_dop_operator_v3' retrieved from /Users/linghuchong/miniconda3/envs/py310/lib/python3.10/site-packages/airflow/example_dags/example_branch_python_dop_operator_3.py
[2026-02-11T16:38:45.691+0800] {logging_mixin.py:188} INFO - [2026-02-11T16:38:45.691+0800] {dag.py:3047} INFO - Sync 1 DAGs
[2026-02-11T16:38:45.716+0800] {logging_mixin.py:188} INFO - [2026-02-11T16:38:45.715+0800] {dag.py:3834} INFO - Setting next_dagrun for example_branch_dop_operator_v3 to 2026-02-11 08:37:00+00:00, run_after=2026-02-11 08:38:00+00:00
[2026-02-11T16:38:45.737+0800] {processor.py:183} INFO - Processing /Users/linghuchong/miniconda3/envs/py310/lib/python3.10/site-packages/airflow/example_dags/example_branch_python_dop_operator_3.py took 0.334 seconds
[2026-02-11T16:44:48.414+0800] {processor.py:161} INFO - Started process (PID=16042) to work on /Users/linghuchong/miniconda3/envs/py310/lib/python3.10/site-packages/airflow/example_dags/example_branch_python_dop_operator_3.py
[2026-02-11T16:44:48.416+0800] {processor.py:830} INFO - Processing file /Users/linghuchong/miniconda3/envs/py310/lib/python3.10/site-packages/airflow/example_dags/example_branch_python_dop_operator_3.py for tasks to queue
[2026-02-11T16:44:48.417+0800] {logging_mixin.py:188} INFO - [2026-02-11T16:44:48.416+0800] {dagbag.py:540} INFO - Filling up the DagBag from /Users/linghuchong/miniconda3/envs/py310/lib/python3.10/site-packages/airflow/example_dags/example_branch_python_dop_operator_3.py
[2026-02-11T16:44:48.454+0800] {processor.py:840} INFO - DAG(s) 'example_branch_dop_operator_v3' retrieved from /Users/linghuchong/miniconda3/envs/py310/lib/python3.10/site-packages/airflow/example_dags/example_branch_python_dop_operator_3.py
[2026-02-11T16:44:48.577+0800] {logging_mixin.py:188} INFO - [2026-02-11T16:44:48.577+0800] {dag.py:3047} INFO - Sync 1 DAGs
[2026-02-11T16:44:48.603+0800] {logging_mixin.py:188} INFO - [2026-02-11T16:44:48.603+0800] {dag.py:3834} INFO - Setting next_dagrun for example_branch_dop_operator_v3 to 2026-02-11 08:43:00+00:00, run_after=2026-02-11 08:44:00+00:00
[2026-02-11T16:44:48.624+0800] {processor.py:183} INFO - Processing /Users/linghuchong/miniconda3/envs/py310/lib/python3.10/site-packages/airflow/example_dags/example_branch_python_dop_operator_3.py took 0.210 seconds
[2026-02-11T16:51:39.124+0800] {processor.py:161} INFO - Started process (PID=16392) to work on /Users/linghuchong/miniconda3/envs/py310/lib/python3.10/site-packages/airflow/example_dags/example_branch_python_dop_operator_3.py
[2026-02-11T16:51:39.127+0800] {processor.py:830} INFO - Processing file /Users/linghuchong/miniconda3/envs/py310/lib/python3.10/site-packages/airflow/example_dags/example_branch_python_dop_operator_3.py for tasks to queue
[2026-02-11T16:51:39.128+0800] {logging_mixin.py:188} INFO - [2026-02-11T16:51:39.128+0800] {dagbag.py:540} INFO - Filling up the DagBag from /Users/linghuchong/miniconda3/envs/py310/lib/python3.10/site-packages/airflow/example_dags/example_branch_python_dop_operator_3.py
[2026-02-11T16:51:39.170+0800] {processor.py:840} INFO - DAG(s) 'example_branch_dop_operator_v3' retrieved from /Users/linghuchong/miniconda3/envs/py310/lib/python3.10/site-packages/airflow/example_dags/example_branch_python_dop_operator_3.py
[2026-02-11T16:51:39.392+0800] {logging_mixin.py:188} INFO - [2026-02-11T16:51:39.392+0800] {dag.py:3047} INFO - Sync 1 DAGs
[2026-02-11T16:51:39.418+0800] {logging_mixin.py:188} INFO - [2026-02-11T16:51:39.418+0800] {dag.py:3834} INFO - Setting next_dagrun for example_branch_dop_operator_v3 to 2026-02-11 08:50:00+00:00, run_after=2026-02-11 08:51:00+00:00
[2026-02-11T16:51:39.440+0800] {processor.py:183} INFO - Processing /Users/linghuchong/miniconda3/envs/py310/lib/python3.10/site-packages/airflow/example_dags/example_branch_python_dop_operator_3.py took 0.317 seconds
[2026-02-11T16:58:05.694+0800] {processor.py:161} INFO - Started process (PID=16652) to work on /Users/linghuchong/miniconda3/envs/py310/lib/python3.10/site-packages/airflow/example_dags/example_branch_python_dop_operator_3.py
[2026-02-11T16:58:05.698+0800] {processor.py:830} INFO - Processing file /Users/linghuchong/miniconda3/envs/py310/lib/python3.10/site-packages/airflow/example_dags/example_branch_python_dop_operator_3.py for tasks to queue
[2026-02-11T16:58:05.700+0800] {logging_mixin.py:188} INFO - [2026-02-11T16:58:05.699+0800] {dagbag.py:540} INFO - Filling up the DagBag from /Users/linghuchong/miniconda3/envs/py310/lib/python3.10/site-packages/airflow/example_dags/example_branch_python_dop_operator_3.py
[2026-02-11T16:58:05.748+0800] {processor.py:840} INFO - DAG(s) 'example_branch_dop_operator_v3' retrieved from /Users/linghuchong/miniconda3/envs/py310/lib/python3.10/site-packages/airflow/example_dags/example_branch_python_dop_operator_3.py
[2026-02-11T16:58:05.884+0800] {logging_mixin.py:188} INFO - [2026-02-11T16:58:05.884+0800] {dag.py:3047} INFO - Sync 1 DAGs
[2026-02-11T16:58:05.908+0800] {logging_mixin.py:188} INFO - [2026-02-11T16:58:05.908+0800] {dag.py:3834} INFO - Setting next_dagrun for example_branch_dop_operator_v3 to 2026-02-11 08:57:00+00:00, run_after=2026-02-11 08:58:00+00:00
[2026-02-11T16:58:05.929+0800] {processor.py:183} INFO - Processing /Users/linghuchong/miniconda3/envs/py310/lib/python3.10/site-packages/airflow/example_dags/example_branch_python_dop_operator_3.py took 0.237 seconds
[2026-02-11T17:05:15.125+0800] {processor.py:161} INFO - Started process (PID=16932) to work on /Users/linghuchong/miniconda3/envs/py310/lib/python3.10/site-packages/airflow/example_dags/example_branch_python_dop_operator_3.py
[2026-02-11T17:05:15.127+0800] {processor.py:830} INFO - Processing file /Users/linghuchong/miniconda3/envs/py310/lib/python3.10/site-packages/airflow/example_dags/example_branch_python_dop_operator_3.py for tasks to queue
[2026-02-11T17:05:15.128+0800] {logging_mixin.py:188} INFO - [2026-02-11T17:05:15.128+0800] {dagbag.py:540} INFO - Filling up the DagBag from /Users/linghuchong/miniconda3/envs/py310/lib/python3.10/site-packages/airflow/example_dags/example_branch_python_dop_operator_3.py
[2026-02-11T17:05:15.172+0800] {processor.py:840} INFO - DAG(s) 'example_branch_dop_operator_v3' retrieved from /Users/linghuchong/miniconda3/envs/py310/lib/python3.10/site-packages/airflow/example_dags/example_branch_python_dop_operator_3.py
[2026-02-11T17:05:15.407+0800] {logging_mixin.py:188} INFO - [2026-02-11T17:05:15.406+0800] {dag.py:3047} INFO - Sync 1 DAGs
[2026-02-11T17:05:15.430+0800] {logging_mixin.py:188} INFO - [2026-02-11T17:05:15.430+0800] {dag.py:3834} INFO - Setting next_dagrun for example_branch_dop_operator_v3 to 2026-02-11 09:04:00+00:00, run_after=2026-02-11 09:05:00+00:00
[2026-02-11T17:05:15.452+0800] {processor.py:183} INFO - Processing /Users/linghuchong/miniconda3/envs/py310/lib/python3.10/site-packages/airflow/example_dags/example_branch_python_dop_operator_3.py took 0.327 seconds
[2026-02-11T17:17:24.321+0800] {processor.py:161} INFO - Started process (PID=17802) to work on /Users/linghuchong/miniconda3/envs/py310/lib/python3.10/site-packages/airflow/example_dags/example_branch_python_dop_operator_3.py
[2026-02-11T17:17:24.324+0800] {processor.py:830} INFO - Processing file /Users/linghuchong/miniconda3/envs/py310/lib/python3.10/site-packages/airflow/example_dags/example_branch_python_dop_operator_3.py for tasks to queue
[2026-02-11T17:17:24.325+0800] {logging_mixin.py:188} INFO - [2026-02-11T17:17:24.325+0800] {dagbag.py:540} INFO - Filling up the DagBag from /Users/linghuchong/miniconda3/envs/py310/lib/python3.10/site-packages/airflow/example_dags/example_branch_python_dop_operator_3.py
[2026-02-11T17:17:24.364+0800] {processor.py:840} INFO - DAG(s) 'example_branch_dop_operator_v3' retrieved from /Users/linghuchong/miniconda3/envs/py310/lib/python3.10/site-packages/airflow/example_dags/example_branch_python_dop_operator_3.py
[2026-02-11T17:17:24.579+0800] {logging_mixin.py:188} INFO - [2026-02-11T17:17:24.578+0800] {dag.py:3047} INFO - Sync 1 DAGs
[2026-02-11T17:17:24.604+0800] {logging_mixin.py:188} INFO - [2026-02-11T17:17:24.603+0800] {dag.py:3834} INFO - Setting next_dagrun for example_branch_dop_operator_v3 to 2026-02-11 09:16:00+00:00, run_after=2026-02-11 09:17:00+00:00
[2026-02-11T17:17:24.625+0800] {processor.py:183} INFO - Processing /Users/linghuchong/miniconda3/envs/py310/lib/python3.10/site-packages/airflow/example_dags/example_branch_python_dop_operator_3.py took 0.305 seconds
[2026-02-11T17:20:41.262+0800] {processor.py:161} INFO - Started process (PID=17890) to work on /Users/linghuchong/miniconda3/envs/py310/lib/python3.10/site-packages/airflow/example_dags/example_branch_python_dop_operator_3.py
[2026-02-11T17:20:41.265+0800] {processor.py:830} INFO - Processing file /Users/linghuchong/miniconda3/envs/py310/lib/python3.10/site-packages/airflow/example_dags/example_branch_python_dop_operator_3.py for tasks to queue
[2026-02-11T17:20:41.266+0800] {logging_mixin.py:188} INFO - [2026-02-11T17:20:41.265+0800] {dagbag.py:540} INFO - Filling up the DagBag from /Users/linghuchong/miniconda3/envs/py310/lib/python3.10/site-packages/airflow/example_dags/example_branch_python_dop_operator_3.py
[2026-02-11T17:20:41.301+0800] {processor.py:840} INFO - DAG(s) 'example_branch_dop_operator_v3' retrieved from /Users/linghuchong/miniconda3/envs/py310/lib/python3.10/site-packages/airflow/example_dags/example_branch_python_dop_operator_3.py
[2026-02-11T17:20:41.505+0800] {logging_mixin.py:188} INFO - [2026-02-11T17:20:41.505+0800] {dag.py:3047} INFO - Sync 1 DAGs
[2026-02-11T17:20:41.530+0800] {logging_mixin.py:188} INFO - [2026-02-11T17:20:41.529+0800] {dag.py:3834} INFO - Setting next_dagrun for example_branch_dop_operator_v3 to 2026-02-11 09:19:00+00:00, run_after=2026-02-11 09:20:00+00:00
[2026-02-11T17:20:41.549+0800] {processor.py:183} INFO - Processing /Users/linghuchong/miniconda3/envs/py310/lib/python3.10/site-packages/airflow/example_dags/example_branch_python_dop_operator_3.py took 0.288 seconds
[2026-02-11T17:26:07.773+0800] {processor.py:161} INFO - Started process (PID=18073) to work on /Users/linghuchong/miniconda3/envs/py310/lib/python3.10/site-packages/airflow/example_dags/example_branch_python_dop_operator_3.py
[2026-02-11T17:26:07.774+0800] {processor.py:830} INFO - Processing file /Users/linghuchong/miniconda3/envs/py310/lib/python3.10/site-packages/airflow/example_dags/example_branch_python_dop_operator_3.py for tasks to queue
[2026-02-11T17:26:07.775+0800] {logging_mixin.py:188} INFO - [2026-02-11T17:26:07.775+0800] {dagbag.py:540} INFO - Filling up the DagBag from /Users/linghuchong/miniconda3/envs/py310/lib/python3.10/site-packages/airflow/example_dags/example_branch_python_dop_operator_3.py
[2026-02-11T17:26:07.812+0800] {processor.py:840} INFO - DAG(s) 'example_branch_dop_operator_v3' retrieved from /Users/linghuchong/miniconda3/envs/py310/lib/python3.10/site-packages/airflow/example_dags/example_branch_python_dop_operator_3.py
[2026-02-11T17:26:07.924+0800] {logging_mixin.py:188} INFO - [2026-02-11T17:26:07.923+0800] {dag.py:3047} INFO - Sync 1 DAGs
[2026-02-11T17:26:07.948+0800] {logging_mixin.py:188} INFO - [2026-02-11T17:26:07.947+0800] {dag.py:3834} INFO - Setting next_dagrun for example_branch_dop_operator_v3 to 2026-02-11 09:25:00+00:00, run_after=2026-02-11 09:26:00+00:00
[2026-02-11T17:26:07.967+0800] {processor.py:183} INFO - Processing /Users/linghuchong/miniconda3/envs/py310/lib/python3.10/site-packages/airflow/example_dags/example_branch_python_dop_operator_3.py took 0.195 seconds
[2026-02-11T17:31:51.583+0800] {processor.py:161} INFO - Started process (PID=18268) to work on /Users/linghuchong/miniconda3/envs/py310/lib/python3.10/site-packages/airflow/example_dags/example_branch_python_dop_operator_3.py
[2026-02-11T17:31:51.586+0800] {processor.py:830} INFO - Processing file /Users/linghuchong/miniconda3/envs/py310/lib/python3.10/site-packages/airflow/example_dags/example_branch_python_dop_operator_3.py for tasks to queue
[2026-02-11T17:31:51.587+0800] {logging_mixin.py:188} INFO - [2026-02-11T17:31:51.587+0800] {dagbag.py:540} INFO - Filling up the DagBag from /Users/linghuchong/miniconda3/envs/py310/lib/python3.10/site-packages/airflow/example_dags/example_branch_python_dop_operator_3.py
[2026-02-11T17:31:51.626+0800] {processor.py:840} INFO - DAG(s) 'example_branch_dop_operator_v3' retrieved from /Users/linghuchong/miniconda3/envs/py310/lib/python3.10/site-packages/airflow/example_dags/example_branch_python_dop_operator_3.py
[2026-02-11T17:31:51.757+0800] {logging_mixin.py:188} INFO - [2026-02-11T17:31:51.757+0800] {dag.py:3047} INFO - Sync 1 DAGs
[2026-02-11T17:31:51.779+0800] {logging_mixin.py:188} INFO - [2026-02-11T17:31:51.779+0800] {dag.py:3834} INFO - Setting next_dagrun for example_branch_dop_operator_v3 to 2026-02-11 09:30:00+00:00, run_after=2026-02-11 09:31:00+00:00
[2026-02-11T17:31:51.805+0800] {processor.py:183} INFO - Processing /Users/linghuchong/miniconda3/envs/py310/lib/python3.10/site-packages/airflow/example_dags/example_branch_python_dop_operator_3.py took 0.223 seconds
[2026-02-11T17:37:58.217+0800] {processor.py:161} INFO - Started process (PID=18597) to work on /Users/linghuchong/miniconda3/envs/py310/lib/python3.10/site-packages/airflow/example_dags/example_branch_python_dop_operator_3.py
[2026-02-11T17:37:58.221+0800] {processor.py:830} INFO - Processing file /Users/linghuchong/miniconda3/envs/py310/lib/python3.10/site-packages/airflow/example_dags/example_branch_python_dop_operator_3.py for tasks to queue
[2026-02-11T17:37:58.222+0800] {logging_mixin.py:188} INFO - [2026-02-11T17:37:58.222+0800] {dagbag.py:540} INFO - Filling up the DagBag from /Users/linghuchong/miniconda3/envs/py310/lib/python3.10/site-packages/airflow/example_dags/example_branch_python_dop_operator_3.py
[2026-02-11T17:37:58.269+0800] {processor.py:840} INFO - DAG(s) 'example_branch_dop_operator_v3' retrieved from /Users/linghuchong/miniconda3/envs/py310/lib/python3.10/site-packages/airflow/example_dags/example_branch_python_dop_operator_3.py
[2026-02-11T17:37:58.390+0800] {logging_mixin.py:188} INFO - [2026-02-11T17:37:58.389+0800] {dag.py:3047} INFO - Sync 1 DAGs
[2026-02-11T17:37:58.412+0800] {logging_mixin.py:188} INFO - [2026-02-11T17:37:58.412+0800] {dag.py:3834} INFO - Setting next_dagrun for example_branch_dop_operator_v3 to 2026-02-11 09:36:00+00:00, run_after=2026-02-11 09:37:00+00:00
[2026-02-11T17:37:58.434+0800] {processor.py:183} INFO - Processing /Users/linghuchong/miniconda3/envs/py310/lib/python3.10/site-packages/airflow/example_dags/example_branch_python_dop_operator_3.py took 0.217 seconds
[2026-02-11T17:44:09.623+0800] {processor.py:161} INFO - Started process (PID=19380) to work on /Users/linghuchong/miniconda3/envs/py310/lib/python3.10/site-packages/airflow/example_dags/example_branch_python_dop_operator_3.py
[2026-02-11T17:44:09.626+0800] {processor.py:830} INFO - Processing file /Users/linghuchong/miniconda3/envs/py310/lib/python3.10/site-packages/airflow/example_dags/example_branch_python_dop_operator_3.py for tasks to queue
[2026-02-11T17:44:09.627+0800] {logging_mixin.py:188} INFO - [2026-02-11T17:44:09.627+0800] {dagbag.py:540} INFO - Filling up the DagBag from /Users/linghuchong/miniconda3/envs/py310/lib/python3.10/site-packages/airflow/example_dags/example_branch_python_dop_operator_3.py
[2026-02-11T17:44:09.664+0800] {processor.py:840} INFO - DAG(s) 'example_branch_dop_operator_v3' retrieved from /Users/linghuchong/miniconda3/envs/py310/lib/python3.10/site-packages/airflow/example_dags/example_branch_python_dop_operator_3.py
[2026-02-11T17:44:09.781+0800] {logging_mixin.py:188} INFO - [2026-02-11T17:44:09.781+0800] {dag.py:3047} INFO - Sync 1 DAGs
[2026-02-11T17:44:09.810+0800] {logging_mixin.py:188} INFO - [2026-02-11T17:44:09.809+0800] {dag.py:3834} INFO - Setting next_dagrun for example_branch_dop_operator_v3 to 2026-02-11 09:43:00+00:00, run_after=2026-02-11 09:44:00+00:00
[2026-02-11T17:44:09.831+0800] {processor.py:183} INFO - Processing /Users/linghuchong/miniconda3/envs/py310/lib/python3.10/site-packages/airflow/example_dags/example_branch_python_dop_operator_3.py took 0.209 seconds
[2026-02-11T17:50:17.442+0800] {processor.py:161} INFO - Started process (PID=19845) to work on /Users/linghuchong/miniconda3/envs/py310/lib/python3.10/site-packages/airflow/example_dags/example_branch_python_dop_operator_3.py
[2026-02-11T17:50:17.445+0800] {processor.py:830} INFO - Processing file /Users/linghuchong/miniconda3/envs/py310/lib/python3.10/site-packages/airflow/example_dags/example_branch_python_dop_operator_3.py for tasks to queue
[2026-02-11T17:50:17.446+0800] {logging_mixin.py:188} INFO - [2026-02-11T17:50:17.446+0800] {dagbag.py:540} INFO - Filling up the DagBag from /Users/linghuchong/miniconda3/envs/py310/lib/python3.10/site-packages/airflow/example_dags/example_branch_python_dop_operator_3.py
[2026-02-11T17:50:17.482+0800] {processor.py:840} INFO - DAG(s) 'example_branch_dop_operator_v3' retrieved from /Users/linghuchong/miniconda3/envs/py310/lib/python3.10/site-packages/airflow/example_dags/example_branch_python_dop_operator_3.py
[2026-02-11T17:50:17.603+0800] {logging_mixin.py:188} INFO - [2026-02-11T17:50:17.602+0800] {dag.py:3047} INFO - Sync 1 DAGs
[2026-02-11T17:50:17.627+0800] {logging_mixin.py:188} INFO - [2026-02-11T17:50:17.626+0800] {dag.py:3834} INFO - Setting next_dagrun for example_branch_dop_operator_v3 to 2026-02-11 09:49:00+00:00, run_after=2026-02-11 09:50:00+00:00
[2026-02-11T17:50:17.648+0800] {processor.py:183} INFO - Processing /Users/linghuchong/miniconda3/envs/py310/lib/python3.10/site-packages/airflow/example_dags/example_branch_python_dop_operator_3.py took 0.206 seconds
[2026-02-11T17:56:32.324+0800] {processor.py:161} INFO - Started process (PID=20069) to work on /Users/linghuchong/miniconda3/envs/py310/lib/python3.10/site-packages/airflow/example_dags/example_branch_python_dop_operator_3.py
[2026-02-11T17:56:32.327+0800] {processor.py:830} INFO - Processing file /Users/linghuchong/miniconda3/envs/py310/lib/python3.10/site-packages/airflow/example_dags/example_branch_python_dop_operator_3.py for tasks to queue
[2026-02-11T17:56:32.328+0800] {logging_mixin.py:188} INFO - [2026-02-11T17:56:32.328+0800] {dagbag.py:540} INFO - Filling up the DagBag from /Users/linghuchong/miniconda3/envs/py310/lib/python3.10/site-packages/airflow/example_dags/example_branch_python_dop_operator_3.py
[2026-02-11T17:56:32.366+0800] {processor.py:840} INFO - DAG(s) 'example_branch_dop_operator_v3' retrieved from /Users/linghuchong/miniconda3/envs/py310/lib/python3.10/site-packages/airflow/example_dags/example_branch_python_dop_operator_3.py
[2026-02-11T17:56:32.483+0800] {logging_mixin.py:188} INFO - [2026-02-11T17:56:32.483+0800] {dag.py:3047} INFO - Sync 1 DAGs
[2026-02-11T17:56:32.508+0800] {logging_mixin.py:188} INFO - [2026-02-11T17:56:32.508+0800] {dag.py:3834} INFO - Setting next_dagrun for example_branch_dop_operator_v3 to 2026-02-11 09:55:00+00:00, run_after=2026-02-11 09:56:00+00:00
[2026-02-11T17:56:32.529+0800] {processor.py:183} INFO - Processing /Users/linghuchong/miniconda3/envs/py310/lib/python3.10/site-packages/airflow/example_dags/example_branch_python_dop_operator_3.py took 0.206 seconds
[2026-02-11T18:02:58.723+0800] {processor.py:161} INFO - Started process (PID=20624) to work on /Users/linghuchong/miniconda3/envs/py310/lib/python3.10/site-packages/airflow/example_dags/example_branch_python_dop_operator_3.py
[2026-02-11T18:02:58.724+0800] {processor.py:830} INFO - Processing file /Users/linghuchong/miniconda3/envs/py310/lib/python3.10/site-packages/airflow/example_dags/example_branch_python_dop_operator_3.py for tasks to queue
[2026-02-11T18:02:58.725+0800] {logging_mixin.py:188} INFO - [2026-02-11T18:02:58.725+0800] {dagbag.py:540} INFO - Filling up the DagBag from /Users/linghuchong/miniconda3/envs/py310/lib/python3.10/site-packages/airflow/example_dags/example_branch_python_dop_operator_3.py
[2026-02-11T18:02:58.775+0800] {processor.py:840} INFO - DAG(s) 'example_branch_dop_operator_v3' retrieved from /Users/linghuchong/miniconda3/envs/py310/lib/python3.10/site-packages/airflow/example_dags/example_branch_python_dop_operator_3.py
[2026-02-11T18:02:58.986+0800] {logging_mixin.py:188} INFO - [2026-02-11T18:02:58.986+0800] {dag.py:3047} INFO - Sync 1 DAGs
[2026-02-11T18:02:59.013+0800] {logging_mixin.py:188} INFO - [2026-02-11T18:02:59.012+0800] {dag.py:3834} INFO - Setting next_dagrun for example_branch_dop_operator_v3 to 2026-02-11 10:01:00+00:00, run_after=2026-02-11 10:02:00+00:00
[2026-02-11T18:02:59.034+0800] {processor.py:183} INFO - Processing /Users/linghuchong/miniconda3/envs/py310/lib/python3.10/site-packages/airflow/example_dags/example_branch_python_dop_operator_3.py took 0.312 seconds
[2026-02-11T19:53:16.411+0800] {processor.py:161} INFO - Started process (PID=1215) to work on /Users/linghuchong/miniconda3/envs/py310/lib/python3.10/site-packages/airflow/example_dags/example_branch_python_dop_operator_3.py
[2026-02-11T19:53:16.413+0800] {processor.py:830} INFO - Processing file /Users/linghuchong/miniconda3/envs/py310/lib/python3.10/site-packages/airflow/example_dags/example_branch_python_dop_operator_3.py for tasks to queue
[2026-02-11T19:53:16.414+0800] {logging_mixin.py:188} INFO - [2026-02-11T19:53:16.413+0800] {dagbag.py:540} INFO - Filling up the DagBag from /Users/linghuchong/miniconda3/envs/py310/lib/python3.10/site-packages/airflow/example_dags/example_branch_python_dop_operator_3.py
[2026-02-11T19:53:16.451+0800] {processor.py:840} INFO - DAG(s) 'example_branch_dop_operator_v3' retrieved from /Users/linghuchong/miniconda3/envs/py310/lib/python3.10/site-packages/airflow/example_dags/example_branch_python_dop_operator_3.py
[2026-02-11T19:53:16.563+0800] {logging_mixin.py:188} INFO - [2026-02-11T19:53:16.563+0800] {dag.py:3047} INFO - Sync 1 DAGs
[2026-02-11T19:53:16.583+0800] {logging_mixin.py:188} INFO - [2026-02-11T19:53:16.583+0800] {dag.py:3834} INFO - Setting next_dagrun for example_branch_dop_operator_v3 to 2026-02-11 11:52:00+00:00, run_after=2026-02-11 11:53:00+00:00
[2026-02-11T19:53:16.605+0800] {processor.py:183} INFO - Processing /Users/linghuchong/miniconda3/envs/py310/lib/python3.10/site-packages/airflow/example_dags/example_branch_python_dop_operator_3.py took 0.194 seconds
[2026-02-11T19:56:49.005+0800] {processor.py:161} INFO - Started process (PID=1403) to work on /Users/linghuchong/miniconda3/envs/py310/lib/python3.10/site-packages/airflow/example_dags/example_branch_python_dop_operator_3.py
[2026-02-11T19:56:49.006+0800] {processor.py:830} INFO - Processing file /Users/linghuchong/miniconda3/envs/py310/lib/python3.10/site-packages/airflow/example_dags/example_branch_python_dop_operator_3.py for tasks to queue
[2026-02-11T19:56:49.007+0800] {logging_mixin.py:188} INFO - [2026-02-11T19:56:49.007+0800] {dagbag.py:540} INFO - Filling up the DagBag from /Users/linghuchong/miniconda3/envs/py310/lib/python3.10/site-packages/airflow/example_dags/example_branch_python_dop_operator_3.py
[2026-02-11T19:56:49.050+0800] {processor.py:840} INFO - DAG(s) 'example_branch_dop_operator_v3' retrieved from /Users/linghuchong/miniconda3/envs/py310/lib/python3.10/site-packages/airflow/example_dags/example_branch_python_dop_operator_3.py
[2026-02-11T19:56:49.179+0800] {logging_mixin.py:188} INFO - [2026-02-11T19:56:49.178+0800] {dag.py:3047} INFO - Sync 1 DAGs
[2026-02-11T19:56:49.203+0800] {logging_mixin.py:188} INFO - [2026-02-11T19:56:49.203+0800] {dag.py:3834} INFO - Setting next_dagrun for example_branch_dop_operator_v3 to 2026-02-11 11:55:00+00:00, run_after=2026-02-11 11:56:00+00:00
[2026-02-11T19:56:49.226+0800] {processor.py:183} INFO - Processing /Users/linghuchong/miniconda3/envs/py310/lib/python3.10/site-packages/airflow/example_dags/example_branch_python_dop_operator_3.py took 0.222 seconds
[2026-02-11T21:03:24.766+0800] {processor.py:161} INFO - Started process (PID=1617) to work on /Users/linghuchong/miniconda3/envs/py310/lib/python3.10/site-packages/airflow/example_dags/example_branch_python_dop_operator_3.py
[2026-02-11T21:03:24.767+0800] {processor.py:830} INFO - Processing file /Users/linghuchong/miniconda3/envs/py310/lib/python3.10/site-packages/airflow/example_dags/example_branch_python_dop_operator_3.py for tasks to queue
[2026-02-11T21:03:24.767+0800] {logging_mixin.py:188} INFO - [2026-02-11T21:03:24.767+0800] {dagbag.py:540} INFO - Filling up the DagBag from /Users/linghuchong/miniconda3/envs/py310/lib/python3.10/site-packages/airflow/example_dags/example_branch_python_dop_operator_3.py
[2026-02-11T21:03:24.801+0800] {processor.py:840} INFO - DAG(s) 'example_branch_dop_operator_v3' retrieved from /Users/linghuchong/miniconda3/envs/py310/lib/python3.10/site-packages/airflow/example_dags/example_branch_python_dop_operator_3.py
[2026-02-11T21:03:24.902+0800] {logging_mixin.py:188} INFO - [2026-02-11T21:03:24.902+0800] {dag.py:3047} INFO - Sync 1 DAGs
[2026-02-11T21:03:24.922+0800] {logging_mixin.py:188} INFO - [2026-02-11T21:03:24.922+0800] {dag.py:3834} INFO - Setting next_dagrun for example_branch_dop_operator_v3 to 2026-02-11 13:02:00+00:00, run_after=2026-02-11 13:03:00+00:00
[2026-02-11T21:03:24.941+0800] {processor.py:183} INFO - Processing /Users/linghuchong/miniconda3/envs/py310/lib/python3.10/site-packages/airflow/example_dags/example_branch_python_dop_operator_3.py took 0.176 seconds
[2026-02-11T21:09:37.957+0800] {processor.py:161} INFO - Started process (PID=2166) to work on /Users/linghuchong/miniconda3/envs/py310/lib/python3.10/site-packages/airflow/example_dags/example_branch_python_dop_operator_3.py
[2026-02-11T21:09:37.958+0800] {processor.py:830} INFO - Processing file /Users/linghuchong/miniconda3/envs/py310/lib/python3.10/site-packages/airflow/example_dags/example_branch_python_dop_operator_3.py for tasks to queue
[2026-02-11T21:09:37.959+0800] {logging_mixin.py:188} INFO - [2026-02-11T21:09:37.959+0800] {dagbag.py:540} INFO - Filling up the DagBag from /Users/linghuchong/miniconda3/envs/py310/lib/python3.10/site-packages/airflow/example_dags/example_branch_python_dop_operator_3.py
[2026-02-11T21:09:37.991+0800] {processor.py:840} INFO - DAG(s) 'example_branch_dop_operator_v3' retrieved from /Users/linghuchong/miniconda3/envs/py310/lib/python3.10/site-packages/airflow/example_dags/example_branch_python_dop_operator_3.py
[2026-02-11T21:09:38.193+0800] {logging_mixin.py:188} INFO - [2026-02-11T21:09:38.193+0800] {dag.py:3047} INFO - Sync 1 DAGs
[2026-02-11T21:09:38.221+0800] {logging_mixin.py:188} INFO - [2026-02-11T21:09:38.221+0800] {dag.py:3834} INFO - Setting next_dagrun for example_branch_dop_operator_v3 to 2026-02-11 13:08:00+00:00, run_after=2026-02-11 13:09:00+00:00
[2026-02-11T21:09:38.238+0800] {processor.py:183} INFO - Processing /Users/linghuchong/miniconda3/envs/py310/lib/python3.10/site-packages/airflow/example_dags/example_branch_python_dop_operator_3.py took 0.282 seconds
[2026-02-11T21:15:44.907+0800] {processor.py:161} INFO - Started process (PID=2701) to work on /Users/linghuchong/miniconda3/envs/py310/lib/python3.10/site-packages/airflow/example_dags/example_branch_python_dop_operator_3.py
[2026-02-11T21:15:44.908+0800] {processor.py:830} INFO - Processing file /Users/linghuchong/miniconda3/envs/py310/lib/python3.10/site-packages/airflow/example_dags/example_branch_python_dop_operator_3.py for tasks to queue
[2026-02-11T21:15:44.908+0800] {logging_mixin.py:188} INFO - [2026-02-11T21:15:44.908+0800] {dagbag.py:540} INFO - Filling up the DagBag from /Users/linghuchong/miniconda3/envs/py310/lib/python3.10/site-packages/airflow/example_dags/example_branch_python_dop_operator_3.py
[2026-02-11T21:15:44.946+0800] {processor.py:840} INFO - DAG(s) 'example_branch_dop_operator_v3' retrieved from /Users/linghuchong/miniconda3/envs/py310/lib/python3.10/site-packages/airflow/example_dags/example_branch_python_dop_operator_3.py
[2026-02-11T21:15:45.072+0800] {logging_mixin.py:188} INFO - [2026-02-11T21:15:45.072+0800] {dag.py:3047} INFO - Sync 1 DAGs
[2026-02-11T21:15:45.095+0800] {logging_mixin.py:188} INFO - [2026-02-11T21:15:45.094+0800] {dag.py:3834} INFO - Setting next_dagrun for example_branch_dop_operator_v3 to 2026-02-11 13:14:00+00:00, run_after=2026-02-11 13:15:00+00:00
[2026-02-11T21:15:45.112+0800] {processor.py:183} INFO - Processing /Users/linghuchong/miniconda3/envs/py310/lib/python3.10/site-packages/airflow/example_dags/example_branch_python_dop_operator_3.py took 0.207 seconds
[2026-02-11T21:21:53.394+0800] {processor.py:161} INFO - Started process (PID=3041) to work on /Users/linghuchong/miniconda3/envs/py310/lib/python3.10/site-packages/airflow/example_dags/example_branch_python_dop_operator_3.py
[2026-02-11T21:21:53.396+0800] {processor.py:830} INFO - Processing file /Users/linghuchong/miniconda3/envs/py310/lib/python3.10/site-packages/airflow/example_dags/example_branch_python_dop_operator_3.py for tasks to queue
[2026-02-11T21:21:53.396+0800] {logging_mixin.py:188} INFO - [2026-02-11T21:21:53.396+0800] {dagbag.py:540} INFO - Filling up the DagBag from /Users/linghuchong/miniconda3/envs/py310/lib/python3.10/site-packages/airflow/example_dags/example_branch_python_dop_operator_3.py
[2026-02-11T21:21:53.445+0800] {processor.py:840} INFO - DAG(s) 'example_branch_dop_operator_v3' retrieved from /Users/linghuchong/miniconda3/envs/py310/lib/python3.10/site-packages/airflow/example_dags/example_branch_python_dop_operator_3.py
[2026-02-11T21:21:53.739+0800] {logging_mixin.py:188} INFO - [2026-02-11T21:21:53.739+0800] {dag.py:3047} INFO - Sync 1 DAGs
[2026-02-11T21:21:53.784+0800] {logging_mixin.py:188} INFO - [2026-02-11T21:21:53.783+0800] {dag.py:3834} INFO - Setting next_dagrun for example_branch_dop_operator_v3 to 2026-02-11 13:20:00+00:00, run_after=2026-02-11 13:21:00+00:00
[2026-02-11T21:21:53.853+0800] {processor.py:183} INFO - Processing /Users/linghuchong/miniconda3/envs/py310/lib/python3.10/site-packages/airflow/example_dags/example_branch_python_dop_operator_3.py took 0.460 seconds
[2026-02-11T21:28:05.214+0800] {processor.py:161} INFO - Started process (PID=3393) to work on /Users/linghuchong/miniconda3/envs/py310/lib/python3.10/site-packages/airflow/example_dags/example_branch_python_dop_operator_3.py
[2026-02-11T21:28:05.217+0800] {processor.py:830} INFO - Processing file /Users/linghuchong/miniconda3/envs/py310/lib/python3.10/site-packages/airflow/example_dags/example_branch_python_dop_operator_3.py for tasks to queue
[2026-02-11T21:28:05.218+0800] {logging_mixin.py:188} INFO - [2026-02-11T21:28:05.217+0800] {dagbag.py:540} INFO - Filling up the DagBag from /Users/linghuchong/miniconda3/envs/py310/lib/python3.10/site-packages/airflow/example_dags/example_branch_python_dop_operator_3.py
[2026-02-11T21:28:05.253+0800] {processor.py:840} INFO - DAG(s) 'example_branch_dop_operator_v3' retrieved from /Users/linghuchong/miniconda3/envs/py310/lib/python3.10/site-packages/airflow/example_dags/example_branch_python_dop_operator_3.py
[2026-02-11T21:28:05.454+0800] {logging_mixin.py:188} INFO - [2026-02-11T21:28:05.454+0800] {dag.py:3047} INFO - Sync 1 DAGs
[2026-02-11T21:28:05.477+0800] {logging_mixin.py:188} INFO - [2026-02-11T21:28:05.477+0800] {dag.py:3834} INFO - Setting next_dagrun for example_branch_dop_operator_v3 to 2026-02-11 13:27:00+00:00, run_after=2026-02-11 13:28:00+00:00
[2026-02-11T21:28:05.496+0800] {processor.py:183} INFO - Processing /Users/linghuchong/miniconda3/envs/py310/lib/python3.10/site-packages/airflow/example_dags/example_branch_python_dop_operator_3.py took 0.283 seconds
[2026-02-11T21:33:19.502+0800] {processor.py:161} INFO - Started process (PID=3645) to work on /Users/linghuchong/miniconda3/envs/py310/lib/python3.10/site-packages/airflow/example_dags/example_branch_python_dop_operator_3.py
[2026-02-11T21:33:19.503+0800] {processor.py:830} INFO - Processing file /Users/linghuchong/miniconda3/envs/py310/lib/python3.10/site-packages/airflow/example_dags/example_branch_python_dop_operator_3.py for tasks to queue
[2026-02-11T21:33:19.504+0800] {logging_mixin.py:188} INFO - [2026-02-11T21:33:19.504+0800] {dagbag.py:540} INFO - Filling up the DagBag from /Users/linghuchong/miniconda3/envs/py310/lib/python3.10/site-packages/airflow/example_dags/example_branch_python_dop_operator_3.py
[2026-02-11T21:33:19.536+0800] {processor.py:840} INFO - DAG(s) 'example_branch_dop_operator_v3' retrieved from /Users/linghuchong/miniconda3/envs/py310/lib/python3.10/site-packages/airflow/example_dags/example_branch_python_dop_operator_3.py
[2026-02-11T21:33:19.642+0800] {logging_mixin.py:188} INFO - [2026-02-11T21:33:19.642+0800] {dag.py:3047} INFO - Sync 1 DAGs
[2026-02-11T21:33:19.664+0800] {logging_mixin.py:188} INFO - [2026-02-11T21:33:19.663+0800] {dag.py:3834} INFO - Setting next_dagrun for example_branch_dop_operator_v3 to 2026-02-11 13:32:00+00:00, run_after=2026-02-11 13:33:00+00:00
[2026-02-11T21:33:19.683+0800] {processor.py:183} INFO - Processing /Users/linghuchong/miniconda3/envs/py310/lib/python3.10/site-packages/airflow/example_dags/example_branch_python_dop_operator_3.py took 0.182 seconds
[2026-02-11T21:39:25.028+0800] {processor.py:161} INFO - Started process (PID=4003) to work on /Users/linghuchong/miniconda3/envs/py310/lib/python3.10/site-packages/airflow/example_dags/example_branch_python_dop_operator_3.py
[2026-02-11T21:39:25.029+0800] {processor.py:830} INFO - Processing file /Users/linghuchong/miniconda3/envs/py310/lib/python3.10/site-packages/airflow/example_dags/example_branch_python_dop_operator_3.py for tasks to queue
[2026-02-11T21:39:25.030+0800] {logging_mixin.py:188} INFO - [2026-02-11T21:39:25.030+0800] {dagbag.py:540} INFO - Filling up the DagBag from /Users/linghuchong/miniconda3/envs/py310/lib/python3.10/site-packages/airflow/example_dags/example_branch_python_dop_operator_3.py
[2026-02-11T21:39:25.068+0800] {processor.py:840} INFO - DAG(s) 'example_branch_dop_operator_v3' retrieved from /Users/linghuchong/miniconda3/envs/py310/lib/python3.10/site-packages/airflow/example_dags/example_branch_python_dop_operator_3.py
[2026-02-11T21:39:25.189+0800] {logging_mixin.py:188} INFO - [2026-02-11T21:39:25.189+0800] {dag.py:3047} INFO - Sync 1 DAGs
[2026-02-11T21:39:25.209+0800] {logging_mixin.py:188} INFO - [2026-02-11T21:39:25.209+0800] {dag.py:3834} INFO - Setting next_dagrun for example_branch_dop_operator_v3 to 2026-02-11 13:38:00+00:00, run_after=2026-02-11 13:39:00+00:00
[2026-02-11T21:39:25.232+0800] {processor.py:183} INFO - Processing /Users/linghuchong/miniconda3/envs/py310/lib/python3.10/site-packages/airflow/example_dags/example_branch_python_dop_operator_3.py took 0.205 seconds
[2026-02-11T21:45:34.236+0800] {processor.py:161} INFO - Started process (PID=4474) to work on /Users/linghuchong/miniconda3/envs/py310/lib/python3.10/site-packages/airflow/example_dags/example_branch_python_dop_operator_3.py
[2026-02-11T21:45:34.237+0800] {processor.py:830} INFO - Processing file /Users/linghuchong/miniconda3/envs/py310/lib/python3.10/site-packages/airflow/example_dags/example_branch_python_dop_operator_3.py for tasks to queue
[2026-02-11T21:45:34.238+0800] {logging_mixin.py:188} INFO - [2026-02-11T21:45:34.238+0800] {dagbag.py:540} INFO - Filling up the DagBag from /Users/linghuchong/miniconda3/envs/py310/lib/python3.10/site-packages/airflow/example_dags/example_branch_python_dop_operator_3.py
[2026-02-11T21:45:34.281+0800] {processor.py:840} INFO - DAG(s) 'example_branch_dop_operator_v3' retrieved from /Users/linghuchong/miniconda3/envs/py310/lib/python3.10/site-packages/airflow/example_dags/example_branch_python_dop_operator_3.py
[2026-02-11T21:45:34.402+0800] {logging_mixin.py:188} INFO - [2026-02-11T21:45:34.401+0800] {dag.py:3047} INFO - Sync 1 DAGs
[2026-02-11T21:45:34.422+0800] {logging_mixin.py:188} INFO - [2026-02-11T21:45:34.422+0800] {dag.py:3834} INFO - Setting next_dagrun for example_branch_dop_operator_v3 to 2026-02-11 13:44:00+00:00, run_after=2026-02-11 13:45:00+00:00
[2026-02-11T21:45:34.442+0800] {processor.py:183} INFO - Processing /Users/linghuchong/miniconda3/envs/py310/lib/python3.10/site-packages/airflow/example_dags/example_branch_python_dop_operator_3.py took 0.206 seconds
[2026-02-11T21:51:33.463+0800] {processor.py:161} INFO - Started process (PID=4757) to work on /Users/linghuchong/miniconda3/envs/py310/lib/python3.10/site-packages/airflow/example_dags/example_branch_python_dop_operator_3.py
[2026-02-11T21:51:33.466+0800] {processor.py:830} INFO - Processing file /Users/linghuchong/miniconda3/envs/py310/lib/python3.10/site-packages/airflow/example_dags/example_branch_python_dop_operator_3.py for tasks to queue
[2026-02-11T21:51:33.467+0800] {logging_mixin.py:188} INFO - [2026-02-11T21:51:33.467+0800] {dagbag.py:540} INFO - Filling up the DagBag from /Users/linghuchong/miniconda3/envs/py310/lib/python3.10/site-packages/airflow/example_dags/example_branch_python_dop_operator_3.py
[2026-02-11T21:51:33.501+0800] {processor.py:840} INFO - DAG(s) 'example_branch_dop_operator_v3' retrieved from /Users/linghuchong/miniconda3/envs/py310/lib/python3.10/site-packages/airflow/example_dags/example_branch_python_dop_operator_3.py
[2026-02-11T21:51:33.609+0800] {logging_mixin.py:188} INFO - [2026-02-11T21:51:33.608+0800] {dag.py:3047} INFO - Sync 1 DAGs
[2026-02-11T21:51:33.628+0800] {logging_mixin.py:188} INFO - [2026-02-11T21:51:33.628+0800] {dag.py:3834} INFO - Setting next_dagrun for example_branch_dop_operator_v3 to 2026-02-11 13:50:00+00:00, run_after=2026-02-11 13:51:00+00:00
[2026-02-11T21:51:33.648+0800] {processor.py:183} INFO - Processing /Users/linghuchong/miniconda3/envs/py310/lib/python3.10/site-packages/airflow/example_dags/example_branch_python_dop_operator_3.py took 0.185 seconds
[2026-02-11T21:57:23.251+0800] {processor.py:161} INFO - Started process (PID=5007) to work on /Users/linghuchong/miniconda3/envs/py310/lib/python3.10/site-packages/airflow/example_dags/example_branch_python_dop_operator_3.py
[2026-02-11T21:57:23.254+0800] {processor.py:830} INFO - Processing file /Users/linghuchong/miniconda3/envs/py310/lib/python3.10/site-packages/airflow/example_dags/example_branch_python_dop_operator_3.py for tasks to queue
[2026-02-11T21:57:23.255+0800] {logging_mixin.py:188} INFO - [2026-02-11T21:57:23.255+0800] {dagbag.py:540} INFO - Filling up the DagBag from /Users/linghuchong/miniconda3/envs/py310/lib/python3.10/site-packages/airflow/example_dags/example_branch_python_dop_operator_3.py
[2026-02-11T21:57:23.294+0800] {processor.py:840} INFO - DAG(s) 'example_branch_dop_operator_v3' retrieved from /Users/linghuchong/miniconda3/envs/py310/lib/python3.10/site-packages/airflow/example_dags/example_branch_python_dop_operator_3.py
[2026-02-11T21:57:23.503+0800] {logging_mixin.py:188} INFO - [2026-02-11T21:57:23.502+0800] {dag.py:3047} INFO - Sync 1 DAGs
[2026-02-11T21:57:23.527+0800] {logging_mixin.py:188} INFO - [2026-02-11T21:57:23.527+0800] {dag.py:3834} INFO - Setting next_dagrun for example_branch_dop_operator_v3 to 2026-02-11 13:56:00+00:00, run_after=2026-02-11 13:57:00+00:00
[2026-02-11T21:57:23.552+0800] {processor.py:183} INFO - Processing /Users/linghuchong/miniconda3/envs/py310/lib/python3.10/site-packages/airflow/example_dags/example_branch_python_dop_operator_3.py took 0.302 seconds
[2026-02-11T22:03:21.268+0800] {processor.py:161} INFO - Started process (PID=5237) to work on /Users/linghuchong/miniconda3/envs/py310/lib/python3.10/site-packages/airflow/example_dags/example_branch_python_dop_operator_3.py
[2026-02-11T22:03:21.271+0800] {processor.py:830} INFO - Processing file /Users/linghuchong/miniconda3/envs/py310/lib/python3.10/site-packages/airflow/example_dags/example_branch_python_dop_operator_3.py for tasks to queue
[2026-02-11T22:03:21.272+0800] {logging_mixin.py:188} INFO - [2026-02-11T22:03:21.272+0800] {dagbag.py:540} INFO - Filling up the DagBag from /Users/linghuchong/miniconda3/envs/py310/lib/python3.10/site-packages/airflow/example_dags/example_branch_python_dop_operator_3.py
[2026-02-11T22:03:21.306+0800] {processor.py:840} INFO - DAG(s) 'example_branch_dop_operator_v3' retrieved from /Users/linghuchong/miniconda3/envs/py310/lib/python3.10/site-packages/airflow/example_dags/example_branch_python_dop_operator_3.py
[2026-02-11T22:03:21.414+0800] {logging_mixin.py:188} INFO - [2026-02-11T22:03:21.414+0800] {dag.py:3047} INFO - Sync 1 DAGs
[2026-02-11T22:03:21.438+0800] {logging_mixin.py:188} INFO - [2026-02-11T22:03:21.438+0800] {dag.py:3834} INFO - Setting next_dagrun for example_branch_dop_operator_v3 to 2026-02-11 14:02:00+00:00, run_after=2026-02-11 14:03:00+00:00
[2026-02-11T22:03:21.458+0800] {processor.py:183} INFO - Processing /Users/linghuchong/miniconda3/envs/py310/lib/python3.10/site-packages/airflow/example_dags/example_branch_python_dop_operator_3.py took 0.191 seconds
[2026-02-11T22:09:05.067+0800] {processor.py:161} INFO - Started process (PID=5471) to work on /Users/linghuchong/miniconda3/envs/py310/lib/python3.10/site-packages/airflow/example_dags/example_branch_python_dop_operator_3.py
[2026-02-11T22:09:05.068+0800] {processor.py:830} INFO - Processing file /Users/linghuchong/miniconda3/envs/py310/lib/python3.10/site-packages/airflow/example_dags/example_branch_python_dop_operator_3.py for tasks to queue
[2026-02-11T22:09:05.069+0800] {logging_mixin.py:188} INFO - [2026-02-11T22:09:05.068+0800] {dagbag.py:540} INFO - Filling up the DagBag from /Users/linghuchong/miniconda3/envs/py310/lib/python3.10/site-packages/airflow/example_dags/example_branch_python_dop_operator_3.py
[2026-02-11T22:09:05.105+0800] {processor.py:840} INFO - DAG(s) 'example_branch_dop_operator_v3' retrieved from /Users/linghuchong/miniconda3/envs/py310/lib/python3.10/site-packages/airflow/example_dags/example_branch_python_dop_operator_3.py
[2026-02-11T22:09:05.212+0800] {logging_mixin.py:188} INFO - [2026-02-11T22:09:05.211+0800] {dag.py:3047} INFO - Sync 1 DAGs
[2026-02-11T22:09:05.232+0800] {logging_mixin.py:188} INFO - [2026-02-11T22:09:05.232+0800] {dag.py:3834} INFO - Setting next_dagrun for example_branch_dop_operator_v3 to 2026-02-11 14:08:00+00:00, run_after=2026-02-11 14:09:00+00:00
[2026-02-11T22:09:05.252+0800] {processor.py:183} INFO - Processing /Users/linghuchong/miniconda3/envs/py310/lib/python3.10/site-packages/airflow/example_dags/example_branch_python_dop_operator_3.py took 0.187 seconds
[2026-02-11T22:14:15.536+0800] {processor.py:161} INFO - Started process (PID=5595) to work on /Users/linghuchong/miniconda3/envs/py310/lib/python3.10/site-packages/airflow/example_dags/example_branch_python_dop_operator_3.py
[2026-02-11T22:14:15.537+0800] {processor.py:830} INFO - Processing file /Users/linghuchong/miniconda3/envs/py310/lib/python3.10/site-packages/airflow/example_dags/example_branch_python_dop_operator_3.py for tasks to queue
[2026-02-11T22:14:15.538+0800] {logging_mixin.py:188} INFO - [2026-02-11T22:14:15.538+0800] {dagbag.py:540} INFO - Filling up the DagBag from /Users/linghuchong/miniconda3/envs/py310/lib/python3.10/site-packages/airflow/example_dags/example_branch_python_dop_operator_3.py
[2026-02-11T22:14:15.571+0800] {processor.py:840} INFO - DAG(s) 'example_branch_dop_operator_v3' retrieved from /Users/linghuchong/miniconda3/envs/py310/lib/python3.10/site-packages/airflow/example_dags/example_branch_python_dop_operator_3.py
[2026-02-11T22:14:15.674+0800] {logging_mixin.py:188} INFO - [2026-02-11T22:14:15.673+0800] {dag.py:3047} INFO - Sync 1 DAGs
[2026-02-11T22:14:15.697+0800] {logging_mixin.py:188} INFO - [2026-02-11T22:14:15.697+0800] {dag.py:3834} INFO - Setting next_dagrun for example_branch_dop_operator_v3 to 2026-02-11 14:13:00+00:00, run_after=2026-02-11 14:14:00+00:00
[2026-02-11T22:14:15.717+0800] {processor.py:183} INFO - Processing /Users/linghuchong/miniconda3/envs/py310/lib/python3.10/site-packages/airflow/example_dags/example_branch_python_dop_operator_3.py took 0.182 seconds
[2026-02-11T22:19:42.404+0800] {processor.py:161} INFO - Started process (PID=5739) to work on /Users/linghuchong/miniconda3/envs/py310/lib/python3.10/site-packages/airflow/example_dags/example_branch_python_dop_operator_3.py
[2026-02-11T22:19:42.405+0800] {processor.py:830} INFO - Processing file /Users/linghuchong/miniconda3/envs/py310/lib/python3.10/site-packages/airflow/example_dags/example_branch_python_dop_operator_3.py for tasks to queue
[2026-02-11T22:19:42.406+0800] {logging_mixin.py:188} INFO - [2026-02-11T22:19:42.405+0800] {dagbag.py:540} INFO - Filling up the DagBag from /Users/linghuchong/miniconda3/envs/py310/lib/python3.10/site-packages/airflow/example_dags/example_branch_python_dop_operator_3.py
[2026-02-11T22:19:42.466+0800] {processor.py:840} INFO - DAG(s) 'example_branch_dop_operator_v3' retrieved from /Users/linghuchong/miniconda3/envs/py310/lib/python3.10/site-packages/airflow/example_dags/example_branch_python_dop_operator_3.py
[2026-02-11T22:19:42.600+0800] {logging_mixin.py:188} INFO - [2026-02-11T22:19:42.599+0800] {dag.py:3047} INFO - Sync 1 DAGs
[2026-02-11T22:19:42.623+0800] {logging_mixin.py:188} INFO - [2026-02-11T22:19:42.623+0800] {dag.py:3834} INFO - Setting next_dagrun for example_branch_dop_operator_v3 to 2026-02-11 14:18:00+00:00, run_after=2026-02-11 14:19:00+00:00
[2026-02-11T22:19:42.648+0800] {processor.py:183} INFO - Processing /Users/linghuchong/miniconda3/envs/py310/lib/python3.10/site-packages/airflow/example_dags/example_branch_python_dop_operator_3.py took 0.245 seconds
[2026-02-11T22:26:05.108+0800] {processor.py:161} INFO - Started process (PID=6075) to work on /Users/linghuchong/miniconda3/envs/py310/lib/python3.10/site-packages/airflow/example_dags/example_branch_python_dop_operator_3.py
[2026-02-11T22:26:05.110+0800] {processor.py:830} INFO - Processing file /Users/linghuchong/miniconda3/envs/py310/lib/python3.10/site-packages/airflow/example_dags/example_branch_python_dop_operator_3.py for tasks to queue
[2026-02-11T22:26:05.111+0800] {logging_mixin.py:188} INFO - [2026-02-11T22:26:05.111+0800] {dagbag.py:540} INFO - Filling up the DagBag from /Users/linghuchong/miniconda3/envs/py310/lib/python3.10/site-packages/airflow/example_dags/example_branch_python_dop_operator_3.py
[2026-02-11T22:26:05.144+0800] {processor.py:840} INFO - DAG(s) 'example_branch_dop_operator_v3' retrieved from /Users/linghuchong/miniconda3/envs/py310/lib/python3.10/site-packages/airflow/example_dags/example_branch_python_dop_operator_3.py
[2026-02-11T22:26:05.329+0800] {logging_mixin.py:188} INFO - [2026-02-11T22:26:05.328+0800] {dag.py:3047} INFO - Sync 1 DAGs
[2026-02-11T22:26:05.347+0800] {logging_mixin.py:188} INFO - [2026-02-11T22:26:05.347+0800] {dag.py:3834} INFO - Setting next_dagrun for example_branch_dop_operator_v3 to 2026-02-11 14:25:00+00:00, run_after=2026-02-11 14:26:00+00:00
[2026-02-11T22:26:05.368+0800] {processor.py:183} INFO - Processing /Users/linghuchong/miniconda3/envs/py310/lib/python3.10/site-packages/airflow/example_dags/example_branch_python_dop_operator_3.py took 0.261 seconds
[2026-02-11T22:31:14.661+0800] {processor.py:161} INFO - Started process (PID=6198) to work on /Users/linghuchong/miniconda3/envs/py310/lib/python3.10/site-packages/airflow/example_dags/example_branch_python_dop_operator_3.py
[2026-02-11T22:31:14.664+0800] {processor.py:830} INFO - Processing file /Users/linghuchong/miniconda3/envs/py310/lib/python3.10/site-packages/airflow/example_dags/example_branch_python_dop_operator_3.py for tasks to queue
[2026-02-11T22:31:14.665+0800] {logging_mixin.py:188} INFO - [2026-02-11T22:31:14.664+0800] {dagbag.py:540} INFO - Filling up the DagBag from /Users/linghuchong/miniconda3/envs/py310/lib/python3.10/site-packages/airflow/example_dags/example_branch_python_dop_operator_3.py
[2026-02-11T22:31:14.698+0800] {processor.py:840} INFO - DAG(s) 'example_branch_dop_operator_v3' retrieved from /Users/linghuchong/miniconda3/envs/py310/lib/python3.10/site-packages/airflow/example_dags/example_branch_python_dop_operator_3.py
[2026-02-11T22:31:14.805+0800] {logging_mixin.py:188} INFO - [2026-02-11T22:31:14.804+0800] {dag.py:3047} INFO - Sync 1 DAGs
[2026-02-11T22:31:14.829+0800] {logging_mixin.py:188} INFO - [2026-02-11T22:31:14.829+0800] {dag.py:3834} INFO - Setting next_dagrun for example_branch_dop_operator_v3 to 2026-02-11 14:30:00+00:00, run_after=2026-02-11 14:31:00+00:00
[2026-02-11T22:31:14.848+0800] {processor.py:183} INFO - Processing /Users/linghuchong/miniconda3/envs/py310/lib/python3.10/site-packages/airflow/example_dags/example_branch_python_dop_operator_3.py took 0.188 seconds
[2026-02-11T22:37:30.384+0800] {processor.py:161} INFO - Started process (PID=6497) to work on /Users/linghuchong/miniconda3/envs/py310/lib/python3.10/site-packages/airflow/example_dags/example_branch_python_dop_operator_3.py
[2026-02-11T22:37:30.388+0800] {processor.py:830} INFO - Processing file /Users/linghuchong/miniconda3/envs/py310/lib/python3.10/site-packages/airflow/example_dags/example_branch_python_dop_operator_3.py for tasks to queue
[2026-02-11T22:37:30.389+0800] {logging_mixin.py:188} INFO - [2026-02-11T22:37:30.388+0800] {dagbag.py:540} INFO - Filling up the DagBag from /Users/linghuchong/miniconda3/envs/py310/lib/python3.10/site-packages/airflow/example_dags/example_branch_python_dop_operator_3.py
[2026-02-11T22:37:30.430+0800] {processor.py:840} INFO - DAG(s) 'example_branch_dop_operator_v3' retrieved from /Users/linghuchong/miniconda3/envs/py310/lib/python3.10/site-packages/airflow/example_dags/example_branch_python_dop_operator_3.py
[2026-02-11T22:37:30.646+0800] {logging_mixin.py:188} INFO - [2026-02-11T22:37:30.646+0800] {dag.py:3047} INFO - Sync 1 DAGs
[2026-02-11T22:37:30.665+0800] {logging_mixin.py:188} INFO - [2026-02-11T22:37:30.665+0800] {dag.py:3834} INFO - Setting next_dagrun for example_branch_dop_operator_v3 to 2026-02-11 14:36:00+00:00, run_after=2026-02-11 14:37:00+00:00
[2026-02-11T22:37:30.688+0800] {processor.py:183} INFO - Processing /Users/linghuchong/miniconda3/envs/py310/lib/python3.10/site-packages/airflow/example_dags/example_branch_python_dop_operator_3.py took 0.305 seconds
[2026-02-11T22:44:22.277+0800] {processor.py:161} INFO - Started process (PID=6876) to work on /Users/linghuchong/miniconda3/envs/py310/lib/python3.10/site-packages/airflow/example_dags/example_branch_python_dop_operator_3.py
[2026-02-11T22:44:22.280+0800] {processor.py:830} INFO - Processing file /Users/linghuchong/miniconda3/envs/py310/lib/python3.10/site-packages/airflow/example_dags/example_branch_python_dop_operator_3.py for tasks to queue
[2026-02-11T22:44:22.282+0800] {logging_mixin.py:188} INFO - [2026-02-11T22:44:22.281+0800] {dagbag.py:540} INFO - Filling up the DagBag from /Users/linghuchong/miniconda3/envs/py310/lib/python3.10/site-packages/airflow/example_dags/example_branch_python_dop_operator_3.py
[2026-02-11T22:44:22.319+0800] {processor.py:840} INFO - DAG(s) 'example_branch_dop_operator_v3' retrieved from /Users/linghuchong/miniconda3/envs/py310/lib/python3.10/site-packages/airflow/example_dags/example_branch_python_dop_operator_3.py
[2026-02-11T22:44:22.523+0800] {logging_mixin.py:188} INFO - [2026-02-11T22:44:22.523+0800] {dag.py:3047} INFO - Sync 1 DAGs
[2026-02-11T22:44:22.545+0800] {logging_mixin.py:188} INFO - [2026-02-11T22:44:22.545+0800] {dag.py:3834} INFO - Setting next_dagrun for example_branch_dop_operator_v3 to 2026-02-11 14:43:00+00:00, run_after=2026-02-11 14:44:00+00:00
[2026-02-11T22:44:22.566+0800] {processor.py:183} INFO - Processing /Users/linghuchong/miniconda3/envs/py310/lib/python3.10/site-packages/airflow/example_dags/example_branch_python_dop_operator_3.py took 0.290 seconds
