[2026-02-11T12:19:23.203+0800] {processor.py:161} INFO - Started process (PID=8221) to work on /Users/linghuchong/miniconda3/envs/py310/lib/python3.10/site-packages/airflow/example_dags/example_kubernetes_executor.py
[2026-02-11T12:19:23.204+0800] {processor.py:830} INFO - Processing file /Users/linghuchong/miniconda3/envs/py310/lib/python3.10/site-packages/airflow/example_dags/example_kubernetes_executor.py for tasks to queue
[2026-02-11T12:19:23.205+0800] {logging_mixin.py:188} INFO - [2026-02-11T12:19:23.205+0800] {dagbag.py:540} INFO - Filling up the DagBag from /Users/linghuchong/miniconda3/envs/py310/lib/python3.10/site-packages/airflow/example_dags/example_kubernetes_executor.py
[2026-02-11T12:19:23.251+0800] {processor.py:840} INFO - DAG(s) 'example_kubernetes_executor' retrieved from /Users/linghuchong/miniconda3/envs/py310/lib/python3.10/site-packages/airflow/example_dags/example_kubernetes_executor.py
[2026-02-11T12:19:23.486+0800] {logging_mixin.py:188} INFO - [2026-02-11T12:19:23.486+0800] {override.py:1769} INFO - Created Permission View: can delete on DAG:example_kubernetes_executor
[2026-02-11T12:19:23.495+0800] {logging_mixin.py:188} INFO - [2026-02-11T12:19:23.494+0800] {override.py:1769} INFO - Created Permission View: can read on DAG:example_kubernetes_executor
[2026-02-11T12:19:23.501+0800] {logging_mixin.py:188} INFO - [2026-02-11T12:19:23.500+0800] {override.py:1769} INFO - Created Permission View: can edit on DAG:example_kubernetes_executor
[2026-02-11T12:19:23.501+0800] {logging_mixin.py:188} INFO - [2026-02-11T12:19:23.501+0800] {dag.py:3047} INFO - Sync 1 DAGs
[2026-02-11T12:19:23.511+0800] {logging_mixin.py:188} INFO - [2026-02-11T12:19:23.511+0800] {dag.py:3069} INFO - Creating ORM DAG for example_kubernetes_executor
[2026-02-11T12:19:23.512+0800] {logging_mixin.py:188} INFO - [2026-02-11T12:19:23.511+0800] {dag.py:3834} INFO - Setting next_dagrun for example_kubernetes_executor to None, run_after=None
[2026-02-11T12:19:23.531+0800] {processor.py:183} INFO - Processing /Users/linghuchong/miniconda3/envs/py310/lib/python3.10/site-packages/airflow/example_dags/example_kubernetes_executor.py took 0.328 seconds
[2026-02-11T12:22:42.650+0800] {processor.py:161} INFO - Started process (PID=8373) to work on /Users/linghuchong/miniconda3/envs/py310/lib/python3.10/site-packages/airflow/example_dags/example_kubernetes_executor.py
[2026-02-11T12:22:42.653+0800] {processor.py:830} INFO - Processing file /Users/linghuchong/miniconda3/envs/py310/lib/python3.10/site-packages/airflow/example_dags/example_kubernetes_executor.py for tasks to queue
[2026-02-11T12:22:42.654+0800] {logging_mixin.py:188} INFO - [2026-02-11T12:22:42.654+0800] {dagbag.py:540} INFO - Filling up the DagBag from /Users/linghuchong/miniconda3/envs/py310/lib/python3.10/site-packages/airflow/example_dags/example_kubernetes_executor.py
[2026-02-11T12:22:42.704+0800] {processor.py:840} INFO - DAG(s) 'example_kubernetes_executor' retrieved from /Users/linghuchong/miniconda3/envs/py310/lib/python3.10/site-packages/airflow/example_dags/example_kubernetes_executor.py
[2026-02-11T12:22:42.818+0800] {logging_mixin.py:188} INFO - [2026-02-11T12:22:42.818+0800] {dag.py:3047} INFO - Sync 1 DAGs
[2026-02-11T12:22:42.827+0800] {logging_mixin.py:188} INFO - [2026-02-11T12:22:42.827+0800] {dag.py:3834} INFO - Setting next_dagrun for example_kubernetes_executor to None, run_after=None
[2026-02-11T12:22:42.848+0800] {processor.py:183} INFO - Processing /Users/linghuchong/miniconda3/envs/py310/lib/python3.10/site-packages/airflow/example_dags/example_kubernetes_executor.py took 0.198 seconds
[2026-02-11T12:27:52.381+0800] {processor.py:161} INFO - Started process (PID=8495) to work on /Users/linghuchong/miniconda3/envs/py310/lib/python3.10/site-packages/airflow/example_dags/example_kubernetes_executor.py
[2026-02-11T12:27:52.384+0800] {processor.py:830} INFO - Processing file /Users/linghuchong/miniconda3/envs/py310/lib/python3.10/site-packages/airflow/example_dags/example_kubernetes_executor.py for tasks to queue
[2026-02-11T12:27:52.385+0800] {logging_mixin.py:188} INFO - [2026-02-11T12:27:52.385+0800] {dagbag.py:540} INFO - Filling up the DagBag from /Users/linghuchong/miniconda3/envs/py310/lib/python3.10/site-packages/airflow/example_dags/example_kubernetes_executor.py
[2026-02-11T12:27:52.423+0800] {processor.py:840} INFO - DAG(s) 'example_kubernetes_executor' retrieved from /Users/linghuchong/miniconda3/envs/py310/lib/python3.10/site-packages/airflow/example_dags/example_kubernetes_executor.py
[2026-02-11T12:27:52.533+0800] {logging_mixin.py:188} INFO - [2026-02-11T12:27:52.532+0800] {dag.py:3047} INFO - Sync 1 DAGs
[2026-02-11T12:27:52.542+0800] {logging_mixin.py:188} INFO - [2026-02-11T12:27:52.542+0800] {dag.py:3834} INFO - Setting next_dagrun for example_kubernetes_executor to None, run_after=None
[2026-02-11T12:27:52.562+0800] {processor.py:183} INFO - Processing /Users/linghuchong/miniconda3/envs/py310/lib/python3.10/site-packages/airflow/example_dags/example_kubernetes_executor.py took 0.182 seconds
[2026-02-11T13:11:31.802+0800] {processor.py:161} INFO - Started process (PID=8675) to work on /Users/linghuchong/miniconda3/envs/py310/lib/python3.10/site-packages/airflow/example_dags/example_kubernetes_executor.py
[2026-02-11T13:11:31.803+0800] {processor.py:830} INFO - Processing file /Users/linghuchong/miniconda3/envs/py310/lib/python3.10/site-packages/airflow/example_dags/example_kubernetes_executor.py for tasks to queue
[2026-02-11T13:11:31.803+0800] {logging_mixin.py:188} INFO - [2026-02-11T13:11:31.803+0800] {dagbag.py:540} INFO - Filling up the DagBag from /Users/linghuchong/miniconda3/envs/py310/lib/python3.10/site-packages/airflow/example_dags/example_kubernetes_executor.py
[2026-02-11T13:11:31.848+0800] {processor.py:840} INFO - DAG(s) 'example_kubernetes_executor' retrieved from /Users/linghuchong/miniconda3/envs/py310/lib/python3.10/site-packages/airflow/example_dags/example_kubernetes_executor.py
[2026-02-11T13:11:31.988+0800] {logging_mixin.py:188} INFO - [2026-02-11T13:11:31.988+0800] {dag.py:3047} INFO - Sync 1 DAGs
[2026-02-11T13:11:31.998+0800] {logging_mixin.py:188} INFO - [2026-02-11T13:11:31.997+0800] {dag.py:3834} INFO - Setting next_dagrun for example_kubernetes_executor to None, run_after=None
[2026-02-11T13:11:32.023+0800] {processor.py:183} INFO - Processing /Users/linghuchong/miniconda3/envs/py310/lib/python3.10/site-packages/airflow/example_dags/example_kubernetes_executor.py took 0.222 seconds
[2026-02-11T13:21:46.869+0800] {processor.py:161} INFO - Started process (PID=9167) to work on /Users/linghuchong/miniconda3/envs/py310/lib/python3.10/site-packages/airflow/example_dags/example_kubernetes_executor.py
[2026-02-11T13:21:46.872+0800] {processor.py:830} INFO - Processing file /Users/linghuchong/miniconda3/envs/py310/lib/python3.10/site-packages/airflow/example_dags/example_kubernetes_executor.py for tasks to queue
[2026-02-11T13:21:46.873+0800] {logging_mixin.py:188} INFO - [2026-02-11T13:21:46.873+0800] {dagbag.py:540} INFO - Filling up the DagBag from /Users/linghuchong/miniconda3/envs/py310/lib/python3.10/site-packages/airflow/example_dags/example_kubernetes_executor.py
[2026-02-11T13:21:46.913+0800] {processor.py:840} INFO - DAG(s) 'example_kubernetes_executor' retrieved from /Users/linghuchong/miniconda3/envs/py310/lib/python3.10/site-packages/airflow/example_dags/example_kubernetes_executor.py
[2026-02-11T13:21:47.033+0800] {logging_mixin.py:188} INFO - [2026-02-11T13:21:47.033+0800] {dag.py:3047} INFO - Sync 1 DAGs
[2026-02-11T13:21:47.044+0800] {logging_mixin.py:188} INFO - [2026-02-11T13:21:47.044+0800] {dag.py:3834} INFO - Setting next_dagrun for example_kubernetes_executor to None, run_after=None
[2026-02-11T13:21:47.066+0800] {processor.py:183} INFO - Processing /Users/linghuchong/miniconda3/envs/py310/lib/python3.10/site-packages/airflow/example_dags/example_kubernetes_executor.py took 0.197 seconds
[2026-02-11T13:25:02.023+0800] {processor.py:161} INFO - Started process (PID=9266) to work on /Users/linghuchong/miniconda3/envs/py310/lib/python3.10/site-packages/airflow/example_dags/example_kubernetes_executor.py
[2026-02-11T13:25:02.025+0800] {processor.py:830} INFO - Processing file /Users/linghuchong/miniconda3/envs/py310/lib/python3.10/site-packages/airflow/example_dags/example_kubernetes_executor.py for tasks to queue
[2026-02-11T13:25:02.027+0800] {logging_mixin.py:188} INFO - [2026-02-11T13:25:02.026+0800] {dagbag.py:540} INFO - Filling up the DagBag from /Users/linghuchong/miniconda3/envs/py310/lib/python3.10/site-packages/airflow/example_dags/example_kubernetes_executor.py
[2026-02-11T13:25:02.069+0800] {processor.py:840} INFO - DAG(s) 'example_kubernetes_executor' retrieved from /Users/linghuchong/miniconda3/envs/py310/lib/python3.10/site-packages/airflow/example_dags/example_kubernetes_executor.py
[2026-02-11T13:25:02.195+0800] {logging_mixin.py:188} INFO - [2026-02-11T13:25:02.195+0800] {dag.py:3047} INFO - Sync 1 DAGs
[2026-02-11T13:25:02.205+0800] {logging_mixin.py:188} INFO - [2026-02-11T13:25:02.205+0800] {dag.py:3834} INFO - Setting next_dagrun for example_kubernetes_executor to None, run_after=None
[2026-02-11T13:25:02.227+0800] {processor.py:183} INFO - Processing /Users/linghuchong/miniconda3/envs/py310/lib/python3.10/site-packages/airflow/example_dags/example_kubernetes_executor.py took 0.205 seconds
[2026-02-11T13:30:41.325+0800] {processor.py:161} INFO - Started process (PID=9439) to work on /Users/linghuchong/miniconda3/envs/py310/lib/python3.10/site-packages/airflow/example_dags/example_kubernetes_executor.py
[2026-02-11T13:30:41.328+0800] {processor.py:830} INFO - Processing file /Users/linghuchong/miniconda3/envs/py310/lib/python3.10/site-packages/airflow/example_dags/example_kubernetes_executor.py for tasks to queue
[2026-02-11T13:30:41.329+0800] {logging_mixin.py:188} INFO - [2026-02-11T13:30:41.329+0800] {dagbag.py:540} INFO - Filling up the DagBag from /Users/linghuchong/miniconda3/envs/py310/lib/python3.10/site-packages/airflow/example_dags/example_kubernetes_executor.py
[2026-02-11T13:30:41.366+0800] {processor.py:840} INFO - DAG(s) 'example_kubernetes_executor' retrieved from /Users/linghuchong/miniconda3/envs/py310/lib/python3.10/site-packages/airflow/example_dags/example_kubernetes_executor.py
[2026-02-11T13:30:41.500+0800] {logging_mixin.py:188} INFO - [2026-02-11T13:30:41.499+0800] {dag.py:3047} INFO - Sync 1 DAGs
[2026-02-11T13:30:41.511+0800] {logging_mixin.py:188} INFO - [2026-02-11T13:30:41.511+0800] {dag.py:3834} INFO - Setting next_dagrun for example_kubernetes_executor to None, run_after=None
[2026-02-11T13:30:41.531+0800] {processor.py:183} INFO - Processing /Users/linghuchong/miniconda3/envs/py310/lib/python3.10/site-packages/airflow/example_dags/example_kubernetes_executor.py took 0.207 seconds
[2026-02-11T13:36:29.991+0800] {processor.py:161} INFO - Started process (PID=9645) to work on /Users/linghuchong/miniconda3/envs/py310/lib/python3.10/site-packages/airflow/example_dags/example_kubernetes_executor.py
[2026-02-11T13:36:29.994+0800] {processor.py:830} INFO - Processing file /Users/linghuchong/miniconda3/envs/py310/lib/python3.10/site-packages/airflow/example_dags/example_kubernetes_executor.py for tasks to queue
[2026-02-11T13:36:29.995+0800] {logging_mixin.py:188} INFO - [2026-02-11T13:36:29.995+0800] {dagbag.py:540} INFO - Filling up the DagBag from /Users/linghuchong/miniconda3/envs/py310/lib/python3.10/site-packages/airflow/example_dags/example_kubernetes_executor.py
[2026-02-11T13:36:30.037+0800] {processor.py:840} INFO - DAG(s) 'example_kubernetes_executor' retrieved from /Users/linghuchong/miniconda3/envs/py310/lib/python3.10/site-packages/airflow/example_dags/example_kubernetes_executor.py
[2026-02-11T13:36:30.166+0800] {logging_mixin.py:188} INFO - [2026-02-11T13:36:30.165+0800] {dag.py:3047} INFO - Sync 1 DAGs
[2026-02-11T13:36:30.175+0800] {logging_mixin.py:188} INFO - [2026-02-11T13:36:30.175+0800] {dag.py:3834} INFO - Setting next_dagrun for example_kubernetes_executor to None, run_after=None
[2026-02-11T13:36:30.198+0800] {processor.py:183} INFO - Processing /Users/linghuchong/miniconda3/envs/py310/lib/python3.10/site-packages/airflow/example_dags/example_kubernetes_executor.py took 0.208 seconds
[2026-02-11T16:21:17.744+0800] {processor.py:161} INFO - Started process (PID=14531) to work on /Users/linghuchong/miniconda3/envs/py310/lib/python3.10/site-packages/airflow/example_dags/example_kubernetes_executor.py
[2026-02-11T16:21:17.747+0800] {processor.py:830} INFO - Processing file /Users/linghuchong/miniconda3/envs/py310/lib/python3.10/site-packages/airflow/example_dags/example_kubernetes_executor.py for tasks to queue
[2026-02-11T16:21:17.748+0800] {logging_mixin.py:188} INFO - [2026-02-11T16:21:17.748+0800] {dagbag.py:540} INFO - Filling up the DagBag from /Users/linghuchong/miniconda3/envs/py310/lib/python3.10/site-packages/airflow/example_dags/example_kubernetes_executor.py
[2026-02-11T16:21:17.796+0800] {processor.py:840} INFO - DAG(s) 'example_kubernetes_executor' retrieved from /Users/linghuchong/miniconda3/envs/py310/lib/python3.10/site-packages/airflow/example_dags/example_kubernetes_executor.py
[2026-02-11T16:21:18.091+0800] {logging_mixin.py:188} INFO - [2026-02-11T16:21:18.090+0800] {dag.py:3047} INFO - Sync 1 DAGs
[2026-02-11T16:21:18.108+0800] {logging_mixin.py:188} INFO - [2026-02-11T16:21:18.107+0800] {dag.py:3834} INFO - Setting next_dagrun for example_kubernetes_executor to None, run_after=None
[2026-02-11T16:21:18.159+0800] {processor.py:183} INFO - Processing /Users/linghuchong/miniconda3/envs/py310/lib/python3.10/site-packages/airflow/example_dags/example_kubernetes_executor.py took 0.415 seconds
[2026-02-11T16:25:31.634+0800] {processor.py:161} INFO - Started process (PID=14787) to work on /Users/linghuchong/miniconda3/envs/py310/lib/python3.10/site-packages/airflow/example_dags/example_kubernetes_executor.py
[2026-02-11T16:25:31.637+0800] {processor.py:830} INFO - Processing file /Users/linghuchong/miniconda3/envs/py310/lib/python3.10/site-packages/airflow/example_dags/example_kubernetes_executor.py for tasks to queue
[2026-02-11T16:25:31.638+0800] {logging_mixin.py:188} INFO - [2026-02-11T16:25:31.638+0800] {dagbag.py:540} INFO - Filling up the DagBag from /Users/linghuchong/miniconda3/envs/py310/lib/python3.10/site-packages/airflow/example_dags/example_kubernetes_executor.py
[2026-02-11T16:25:31.680+0800] {processor.py:840} INFO - DAG(s) 'example_kubernetes_executor' retrieved from /Users/linghuchong/miniconda3/envs/py310/lib/python3.10/site-packages/airflow/example_dags/example_kubernetes_executor.py
[2026-02-11T16:25:31.702+0800] {logging_mixin.py:188} INFO - [2026-02-11T16:25:31.702+0800] {dag.py:3047} INFO - Sync 1 DAGs
[2026-02-11T16:25:31.798+0800] {logging_mixin.py:188} INFO - [2026-02-11T16:25:31.798+0800] {dag.py:3834} INFO - Setting next_dagrun for example_kubernetes_executor to None, run_after=None
[2026-02-11T16:25:31.821+0800] {processor.py:183} INFO - Processing /Users/linghuchong/miniconda3/envs/py310/lib/python3.10/site-packages/airflow/example_dags/example_kubernetes_executor.py took 0.188 seconds
[2026-02-11T16:28:58.656+0800] {processor.py:161} INFO - Started process (PID=14899) to work on /Users/linghuchong/miniconda3/envs/py310/lib/python3.10/site-packages/airflow/example_dags/example_kubernetes_executor.py
[2026-02-11T16:28:58.659+0800] {processor.py:830} INFO - Processing file /Users/linghuchong/miniconda3/envs/py310/lib/python3.10/site-packages/airflow/example_dags/example_kubernetes_executor.py for tasks to queue
[2026-02-11T16:28:58.660+0800] {logging_mixin.py:188} INFO - [2026-02-11T16:28:58.660+0800] {dagbag.py:540} INFO - Filling up the DagBag from /Users/linghuchong/miniconda3/envs/py310/lib/python3.10/site-packages/airflow/example_dags/example_kubernetes_executor.py
[2026-02-11T16:28:58.702+0800] {processor.py:840} INFO - DAG(s) 'example_kubernetes_executor' retrieved from /Users/linghuchong/miniconda3/envs/py310/lib/python3.10/site-packages/airflow/example_dags/example_kubernetes_executor.py
[2026-02-11T16:28:58.917+0800] {logging_mixin.py:188} INFO - [2026-02-11T16:28:58.916+0800] {dag.py:3047} INFO - Sync 1 DAGs
[2026-02-11T16:28:58.927+0800] {logging_mixin.py:188} INFO - [2026-02-11T16:28:58.926+0800] {dag.py:3834} INFO - Setting next_dagrun for example_kubernetes_executor to None, run_after=None
[2026-02-11T16:28:58.948+0800] {processor.py:183} INFO - Processing /Users/linghuchong/miniconda3/envs/py310/lib/python3.10/site-packages/airflow/example_dags/example_kubernetes_executor.py took 0.293 seconds
[2026-02-11T16:32:08.521+0800] {processor.py:161} INFO - Started process (PID=15212) to work on /Users/linghuchong/miniconda3/envs/py310/lib/python3.10/site-packages/airflow/example_dags/example_kubernetes_executor.py
[2026-02-11T16:32:08.522+0800] {processor.py:830} INFO - Processing file /Users/linghuchong/miniconda3/envs/py310/lib/python3.10/site-packages/airflow/example_dags/example_kubernetes_executor.py for tasks to queue
[2026-02-11T16:32:08.523+0800] {logging_mixin.py:188} INFO - [2026-02-11T16:32:08.523+0800] {dagbag.py:540} INFO - Filling up the DagBag from /Users/linghuchong/miniconda3/envs/py310/lib/python3.10/site-packages/airflow/example_dags/example_kubernetes_executor.py
[2026-02-11T16:32:08.567+0800] {processor.py:840} INFO - DAG(s) 'example_kubernetes_executor' retrieved from /Users/linghuchong/miniconda3/envs/py310/lib/python3.10/site-packages/airflow/example_dags/example_kubernetes_executor.py
[2026-02-11T16:32:08.790+0800] {logging_mixin.py:188} INFO - [2026-02-11T16:32:08.790+0800] {dag.py:3047} INFO - Sync 1 DAGs
[2026-02-11T16:32:08.801+0800] {logging_mixin.py:188} INFO - [2026-02-11T16:32:08.800+0800] {dag.py:3834} INFO - Setting next_dagrun for example_kubernetes_executor to None, run_after=None
[2026-02-11T16:32:08.822+0800] {processor.py:183} INFO - Processing /Users/linghuchong/miniconda3/envs/py310/lib/python3.10/site-packages/airflow/example_dags/example_kubernetes_executor.py took 0.302 seconds
[2026-02-11T16:35:19.409+0800] {processor.py:161} INFO - Started process (PID=15352) to work on /Users/linghuchong/miniconda3/envs/py310/lib/python3.10/site-packages/airflow/example_dags/example_kubernetes_executor.py
[2026-02-11T16:35:19.412+0800] {processor.py:830} INFO - Processing file /Users/linghuchong/miniconda3/envs/py310/lib/python3.10/site-packages/airflow/example_dags/example_kubernetes_executor.py for tasks to queue
[2026-02-11T16:35:19.413+0800] {logging_mixin.py:188} INFO - [2026-02-11T16:35:19.413+0800] {dagbag.py:540} INFO - Filling up the DagBag from /Users/linghuchong/miniconda3/envs/py310/lib/python3.10/site-packages/airflow/example_dags/example_kubernetes_executor.py
[2026-02-11T16:35:19.453+0800] {processor.py:840} INFO - DAG(s) 'example_kubernetes_executor' retrieved from /Users/linghuchong/miniconda3/envs/py310/lib/python3.10/site-packages/airflow/example_dags/example_kubernetes_executor.py
[2026-02-11T16:35:19.674+0800] {logging_mixin.py:188} INFO - [2026-02-11T16:35:19.673+0800] {dag.py:3047} INFO - Sync 1 DAGs
[2026-02-11T16:35:19.684+0800] {logging_mixin.py:188} INFO - [2026-02-11T16:35:19.683+0800] {dag.py:3834} INFO - Setting next_dagrun for example_kubernetes_executor to None, run_after=None
[2026-02-11T16:35:19.706+0800] {processor.py:183} INFO - Processing /Users/linghuchong/miniconda3/envs/py310/lib/python3.10/site-packages/airflow/example_dags/example_kubernetes_executor.py took 0.298 seconds
[2026-02-11T16:38:29.900+0800] {processor.py:161} INFO - Started process (PID=15570) to work on /Users/linghuchong/miniconda3/envs/py310/lib/python3.10/site-packages/airflow/example_dags/example_kubernetes_executor.py
[2026-02-11T16:38:29.903+0800] {processor.py:830} INFO - Processing file /Users/linghuchong/miniconda3/envs/py310/lib/python3.10/site-packages/airflow/example_dags/example_kubernetes_executor.py for tasks to queue
[2026-02-11T16:38:29.904+0800] {logging_mixin.py:188} INFO - [2026-02-11T16:38:29.904+0800] {dagbag.py:540} INFO - Filling up the DagBag from /Users/linghuchong/miniconda3/envs/py310/lib/python3.10/site-packages/airflow/example_dags/example_kubernetes_executor.py
[2026-02-11T16:38:29.948+0800] {processor.py:840} INFO - DAG(s) 'example_kubernetes_executor' retrieved from /Users/linghuchong/miniconda3/envs/py310/lib/python3.10/site-packages/airflow/example_dags/example_kubernetes_executor.py
[2026-02-11T16:38:30.079+0800] {logging_mixin.py:188} INFO - [2026-02-11T16:38:30.079+0800] {dag.py:3047} INFO - Sync 1 DAGs
[2026-02-11T16:38:30.092+0800] {logging_mixin.py:188} INFO - [2026-02-11T16:38:30.092+0800] {dag.py:3834} INFO - Setting next_dagrun for example_kubernetes_executor to None, run_after=None
[2026-02-11T16:38:30.113+0800] {processor.py:183} INFO - Processing /Users/linghuchong/miniconda3/envs/py310/lib/python3.10/site-packages/airflow/example_dags/example_kubernetes_executor.py took 0.214 seconds
[2026-02-11T16:41:26.974+0800] {processor.py:161} INFO - Started process (PID=15760) to work on /Users/linghuchong/miniconda3/envs/py310/lib/python3.10/site-packages/airflow/example_dags/example_kubernetes_executor.py
[2026-02-11T16:41:26.977+0800] {processor.py:830} INFO - Processing file /Users/linghuchong/miniconda3/envs/py310/lib/python3.10/site-packages/airflow/example_dags/example_kubernetes_executor.py for tasks to queue
[2026-02-11T16:41:26.978+0800] {logging_mixin.py:188} INFO - [2026-02-11T16:41:26.978+0800] {dagbag.py:540} INFO - Filling up the DagBag from /Users/linghuchong/miniconda3/envs/py310/lib/python3.10/site-packages/airflow/example_dags/example_kubernetes_executor.py
[2026-02-11T16:41:27.020+0800] {processor.py:840} INFO - DAG(s) 'example_kubernetes_executor' retrieved from /Users/linghuchong/miniconda3/envs/py310/lib/python3.10/site-packages/airflow/example_dags/example_kubernetes_executor.py
[2026-02-11T16:41:27.144+0800] {logging_mixin.py:188} INFO - [2026-02-11T16:41:27.144+0800] {dag.py:3047} INFO - Sync 1 DAGs
[2026-02-11T16:41:27.154+0800] {logging_mixin.py:188} INFO - [2026-02-11T16:41:27.154+0800] {dag.py:3834} INFO - Setting next_dagrun for example_kubernetes_executor to None, run_after=None
[2026-02-11T16:41:27.174+0800] {processor.py:183} INFO - Processing /Users/linghuchong/miniconda3/envs/py310/lib/python3.10/site-packages/airflow/example_dags/example_kubernetes_executor.py took 0.200 seconds
[2026-02-11T16:44:33.040+0800] {processor.py:161} INFO - Started process (PID=16026) to work on /Users/linghuchong/miniconda3/envs/py310/lib/python3.10/site-packages/airflow/example_dags/example_kubernetes_executor.py
[2026-02-11T16:44:33.043+0800] {processor.py:830} INFO - Processing file /Users/linghuchong/miniconda3/envs/py310/lib/python3.10/site-packages/airflow/example_dags/example_kubernetes_executor.py for tasks to queue
[2026-02-11T16:44:33.044+0800] {logging_mixin.py:188} INFO - [2026-02-11T16:44:33.044+0800] {dagbag.py:540} INFO - Filling up the DagBag from /Users/linghuchong/miniconda3/envs/py310/lib/python3.10/site-packages/airflow/example_dags/example_kubernetes_executor.py
[2026-02-11T16:44:33.085+0800] {processor.py:840} INFO - DAG(s) 'example_kubernetes_executor' retrieved from /Users/linghuchong/miniconda3/envs/py310/lib/python3.10/site-packages/airflow/example_dags/example_kubernetes_executor.py
[2026-02-11T16:44:33.207+0800] {logging_mixin.py:188} INFO - [2026-02-11T16:44:33.206+0800] {dag.py:3047} INFO - Sync 1 DAGs
[2026-02-11T16:44:33.216+0800] {logging_mixin.py:188} INFO - [2026-02-11T16:44:33.216+0800] {dag.py:3834} INFO - Setting next_dagrun for example_kubernetes_executor to None, run_after=None
[2026-02-11T16:44:33.241+0800] {processor.py:183} INFO - Processing /Users/linghuchong/miniconda3/envs/py310/lib/python3.10/site-packages/airflow/example_dags/example_kubernetes_executor.py took 0.202 seconds
[2026-02-11T16:47:46.683+0800] {processor.py:161} INFO - Started process (PID=16150) to work on /Users/linghuchong/miniconda3/envs/py310/lib/python3.10/site-packages/airflow/example_dags/example_kubernetes_executor.py
[2026-02-11T16:47:46.686+0800] {processor.py:830} INFO - Processing file /Users/linghuchong/miniconda3/envs/py310/lib/python3.10/site-packages/airflow/example_dags/example_kubernetes_executor.py for tasks to queue
[2026-02-11T16:47:46.687+0800] {logging_mixin.py:188} INFO - [2026-02-11T16:47:46.687+0800] {dagbag.py:540} INFO - Filling up the DagBag from /Users/linghuchong/miniconda3/envs/py310/lib/python3.10/site-packages/airflow/example_dags/example_kubernetes_executor.py
[2026-02-11T16:47:46.728+0800] {processor.py:840} INFO - DAG(s) 'example_kubernetes_executor' retrieved from /Users/linghuchong/miniconda3/envs/py310/lib/python3.10/site-packages/airflow/example_dags/example_kubernetes_executor.py
[2026-02-11T16:47:46.959+0800] {logging_mixin.py:188} INFO - [2026-02-11T16:47:46.958+0800] {dag.py:3047} INFO - Sync 1 DAGs
[2026-02-11T16:47:46.969+0800] {logging_mixin.py:188} INFO - [2026-02-11T16:47:46.969+0800] {dag.py:3834} INFO - Setting next_dagrun for example_kubernetes_executor to None, run_after=None
[2026-02-11T16:47:46.989+0800] {processor.py:183} INFO - Processing /Users/linghuchong/miniconda3/envs/py310/lib/python3.10/site-packages/airflow/example_dags/example_kubernetes_executor.py took 0.307 seconds
[2026-02-11T16:51:18.140+0800] {processor.py:161} INFO - Started process (PID=16377) to work on /Users/linghuchong/miniconda3/envs/py310/lib/python3.10/site-packages/airflow/example_dags/example_kubernetes_executor.py
[2026-02-11T16:51:18.142+0800] {processor.py:830} INFO - Processing file /Users/linghuchong/miniconda3/envs/py310/lib/python3.10/site-packages/airflow/example_dags/example_kubernetes_executor.py for tasks to queue
[2026-02-11T16:51:18.143+0800] {logging_mixin.py:188} INFO - [2026-02-11T16:51:18.143+0800] {dagbag.py:540} INFO - Filling up the DagBag from /Users/linghuchong/miniconda3/envs/py310/lib/python3.10/site-packages/airflow/example_dags/example_kubernetes_executor.py
[2026-02-11T16:51:18.185+0800] {processor.py:840} INFO - DAG(s) 'example_kubernetes_executor' retrieved from /Users/linghuchong/miniconda3/envs/py310/lib/python3.10/site-packages/airflow/example_dags/example_kubernetes_executor.py
[2026-02-11T16:51:18.423+0800] {logging_mixin.py:188} INFO - [2026-02-11T16:51:18.423+0800] {dag.py:3047} INFO - Sync 1 DAGs
[2026-02-11T16:51:18.434+0800] {logging_mixin.py:188} INFO - [2026-02-11T16:51:18.433+0800] {dag.py:3834} INFO - Setting next_dagrun for example_kubernetes_executor to None, run_after=None
[2026-02-11T16:51:18.457+0800] {processor.py:183} INFO - Processing /Users/linghuchong/miniconda3/envs/py310/lib/python3.10/site-packages/airflow/example_dags/example_kubernetes_executor.py took 0.318 seconds
[2026-02-11T16:54:38.359+0800] {processor.py:161} INFO - Started process (PID=16519) to work on /Users/linghuchong/miniconda3/envs/py310/lib/python3.10/site-packages/airflow/example_dags/example_kubernetes_executor.py
[2026-02-11T16:54:38.362+0800] {processor.py:830} INFO - Processing file /Users/linghuchong/miniconda3/envs/py310/lib/python3.10/site-packages/airflow/example_dags/example_kubernetes_executor.py for tasks to queue
[2026-02-11T16:54:38.363+0800] {logging_mixin.py:188} INFO - [2026-02-11T16:54:38.363+0800] {dagbag.py:540} INFO - Filling up the DagBag from /Users/linghuchong/miniconda3/envs/py310/lib/python3.10/site-packages/airflow/example_dags/example_kubernetes_executor.py
[2026-02-11T16:54:38.412+0800] {processor.py:840} INFO - DAG(s) 'example_kubernetes_executor' retrieved from /Users/linghuchong/miniconda3/envs/py310/lib/python3.10/site-packages/airflow/example_dags/example_kubernetes_executor.py
[2026-02-11T16:54:38.560+0800] {logging_mixin.py:188} INFO - [2026-02-11T16:54:38.560+0800] {dag.py:3047} INFO - Sync 1 DAGs
[2026-02-11T16:54:38.570+0800] {logging_mixin.py:188} INFO - [2026-02-11T16:54:38.569+0800] {dag.py:3834} INFO - Setting next_dagrun for example_kubernetes_executor to None, run_after=None
[2026-02-11T16:54:38.594+0800] {processor.py:183} INFO - Processing /Users/linghuchong/miniconda3/envs/py310/lib/python3.10/site-packages/airflow/example_dags/example_kubernetes_executor.py took 0.235 seconds
[2026-02-11T16:57:42.732+0800] {processor.py:161} INFO - Started process (PID=16642) to work on /Users/linghuchong/miniconda3/envs/py310/lib/python3.10/site-packages/airflow/example_dags/example_kubernetes_executor.py
[2026-02-11T16:57:42.735+0800] {processor.py:830} INFO - Processing file /Users/linghuchong/miniconda3/envs/py310/lib/python3.10/site-packages/airflow/example_dags/example_kubernetes_executor.py for tasks to queue
[2026-02-11T16:57:42.737+0800] {logging_mixin.py:188} INFO - [2026-02-11T16:57:42.736+0800] {dagbag.py:540} INFO - Filling up the DagBag from /Users/linghuchong/miniconda3/envs/py310/lib/python3.10/site-packages/airflow/example_dags/example_kubernetes_executor.py
[2026-02-11T16:57:42.786+0800] {processor.py:840} INFO - DAG(s) 'example_kubernetes_executor' retrieved from /Users/linghuchong/miniconda3/envs/py310/lib/python3.10/site-packages/airflow/example_dags/example_kubernetes_executor.py
[2026-02-11T16:57:42.917+0800] {logging_mixin.py:188} INFO - [2026-02-11T16:57:42.916+0800] {dag.py:3047} INFO - Sync 1 DAGs
[2026-02-11T16:57:42.929+0800] {logging_mixin.py:188} INFO - [2026-02-11T16:57:42.929+0800] {dag.py:3834} INFO - Setting next_dagrun for example_kubernetes_executor to None, run_after=None
[2026-02-11T16:57:42.952+0800] {processor.py:183} INFO - Processing /Users/linghuchong/miniconda3/envs/py310/lib/python3.10/site-packages/airflow/example_dags/example_kubernetes_executor.py took 0.221 seconds
[2026-02-11T17:01:18.430+0800] {processor.py:161} INFO - Started process (PID=16765) to work on /Users/linghuchong/miniconda3/envs/py310/lib/python3.10/site-packages/airflow/example_dags/example_kubernetes_executor.py
[2026-02-11T17:01:18.433+0800] {processor.py:830} INFO - Processing file /Users/linghuchong/miniconda3/envs/py310/lib/python3.10/site-packages/airflow/example_dags/example_kubernetes_executor.py for tasks to queue
[2026-02-11T17:01:18.434+0800] {logging_mixin.py:188} INFO - [2026-02-11T17:01:18.434+0800] {dagbag.py:540} INFO - Filling up the DagBag from /Users/linghuchong/miniconda3/envs/py310/lib/python3.10/site-packages/airflow/example_dags/example_kubernetes_executor.py
[2026-02-11T17:01:18.476+0800] {processor.py:840} INFO - DAG(s) 'example_kubernetes_executor' retrieved from /Users/linghuchong/miniconda3/envs/py310/lib/python3.10/site-packages/airflow/example_dags/example_kubernetes_executor.py
[2026-02-11T17:01:18.498+0800] {logging_mixin.py:188} INFO - [2026-02-11T17:01:18.497+0800] {dag.py:3047} INFO - Sync 1 DAGs
[2026-02-11T17:01:18.595+0800] {logging_mixin.py:188} INFO - [2026-02-11T17:01:18.595+0800] {dag.py:3834} INFO - Setting next_dagrun for example_kubernetes_executor to None, run_after=None
[2026-02-11T17:01:18.617+0800] {processor.py:183} INFO - Processing /Users/linghuchong/miniconda3/envs/py310/lib/python3.10/site-packages/airflow/example_dags/example_kubernetes_executor.py took 0.187 seconds
[2026-02-11T17:04:44.950+0800] {processor.py:161} INFO - Started process (PID=16921) to work on /Users/linghuchong/miniconda3/envs/py310/lib/python3.10/site-packages/airflow/example_dags/example_kubernetes_executor.py
[2026-02-11T17:04:44.952+0800] {processor.py:830} INFO - Processing file /Users/linghuchong/miniconda3/envs/py310/lib/python3.10/site-packages/airflow/example_dags/example_kubernetes_executor.py for tasks to queue
[2026-02-11T17:04:44.954+0800] {logging_mixin.py:188} INFO - [2026-02-11T17:04:44.953+0800] {dagbag.py:540} INFO - Filling up the DagBag from /Users/linghuchong/miniconda3/envs/py310/lib/python3.10/site-packages/airflow/example_dags/example_kubernetes_executor.py
[2026-02-11T17:04:44.995+0800] {processor.py:840} INFO - DAG(s) 'example_kubernetes_executor' retrieved from /Users/linghuchong/miniconda3/envs/py310/lib/python3.10/site-packages/airflow/example_dags/example_kubernetes_executor.py
[2026-02-11T17:04:45.235+0800] {logging_mixin.py:188} INFO - [2026-02-11T17:04:45.235+0800] {dag.py:3047} INFO - Sync 1 DAGs
[2026-02-11T17:04:45.245+0800] {logging_mixin.py:188} INFO - [2026-02-11T17:04:45.245+0800] {dag.py:3834} INFO - Setting next_dagrun for example_kubernetes_executor to None, run_after=None
[2026-02-11T17:04:45.268+0800] {processor.py:183} INFO - Processing /Users/linghuchong/miniconda3/envs/py310/lib/python3.10/site-packages/airflow/example_dags/example_kubernetes_executor.py took 0.319 seconds
[2026-02-11T17:16:56.080+0800] {processor.py:161} INFO - Started process (PID=17792) to work on /Users/linghuchong/miniconda3/envs/py310/lib/python3.10/site-packages/airflow/example_dags/example_kubernetes_executor.py
[2026-02-11T17:16:56.083+0800] {processor.py:830} INFO - Processing file /Users/linghuchong/miniconda3/envs/py310/lib/python3.10/site-packages/airflow/example_dags/example_kubernetes_executor.py for tasks to queue
[2026-02-11T17:16:56.084+0800] {logging_mixin.py:188} INFO - [2026-02-11T17:16:56.084+0800] {dagbag.py:540} INFO - Filling up the DagBag from /Users/linghuchong/miniconda3/envs/py310/lib/python3.10/site-packages/airflow/example_dags/example_kubernetes_executor.py
[2026-02-11T17:16:56.125+0800] {processor.py:840} INFO - DAG(s) 'example_kubernetes_executor' retrieved from /Users/linghuchong/miniconda3/envs/py310/lib/python3.10/site-packages/airflow/example_dags/example_kubernetes_executor.py
[2026-02-11T17:16:56.345+0800] {logging_mixin.py:188} INFO - [2026-02-11T17:16:56.345+0800] {dag.py:3047} INFO - Sync 1 DAGs
[2026-02-11T17:16:56.355+0800] {logging_mixin.py:188} INFO - [2026-02-11T17:16:56.355+0800] {dag.py:3834} INFO - Setting next_dagrun for example_kubernetes_executor to None, run_after=None
[2026-02-11T17:16:56.378+0800] {processor.py:183} INFO - Processing /Users/linghuchong/miniconda3/envs/py310/lib/python3.10/site-packages/airflow/example_dags/example_kubernetes_executor.py took 0.298 seconds
[2026-02-11T17:20:15.858+0800] {processor.py:161} INFO - Started process (PID=17881) to work on /Users/linghuchong/miniconda3/envs/py310/lib/python3.10/site-packages/airflow/example_dags/example_kubernetes_executor.py
[2026-02-11T17:20:15.861+0800] {processor.py:830} INFO - Processing file /Users/linghuchong/miniconda3/envs/py310/lib/python3.10/site-packages/airflow/example_dags/example_kubernetes_executor.py for tasks to queue
[2026-02-11T17:20:15.862+0800] {logging_mixin.py:188} INFO - [2026-02-11T17:20:15.861+0800] {dagbag.py:540} INFO - Filling up the DagBag from /Users/linghuchong/miniconda3/envs/py310/lib/python3.10/site-packages/airflow/example_dags/example_kubernetes_executor.py
[2026-02-11T17:20:15.900+0800] {processor.py:840} INFO - DAG(s) 'example_kubernetes_executor' retrieved from /Users/linghuchong/miniconda3/envs/py310/lib/python3.10/site-packages/airflow/example_dags/example_kubernetes_executor.py
[2026-02-11T17:20:16.014+0800] {logging_mixin.py:188} INFO - [2026-02-11T17:20:16.013+0800] {dag.py:3047} INFO - Sync 1 DAGs
[2026-02-11T17:20:16.024+0800] {logging_mixin.py:188} INFO - [2026-02-11T17:20:16.023+0800] {dag.py:3834} INFO - Setting next_dagrun for example_kubernetes_executor to None, run_after=None
[2026-02-11T17:20:16.045+0800] {processor.py:183} INFO - Processing /Users/linghuchong/miniconda3/envs/py310/lib/python3.10/site-packages/airflow/example_dags/example_kubernetes_executor.py took 0.188 seconds
[2026-02-11T17:23:02.665+0800] {processor.py:161} INFO - Started process (PID=17982) to work on /Users/linghuchong/miniconda3/envs/py310/lib/python3.10/site-packages/airflow/example_dags/example_kubernetes_executor.py
[2026-02-11T17:23:02.668+0800] {processor.py:830} INFO - Processing file /Users/linghuchong/miniconda3/envs/py310/lib/python3.10/site-packages/airflow/example_dags/example_kubernetes_executor.py for tasks to queue
[2026-02-11T17:23:02.670+0800] {logging_mixin.py:188} INFO - [2026-02-11T17:23:02.669+0800] {dagbag.py:540} INFO - Filling up the DagBag from /Users/linghuchong/miniconda3/envs/py310/lib/python3.10/site-packages/airflow/example_dags/example_kubernetes_executor.py
[2026-02-11T17:23:02.709+0800] {processor.py:840} INFO - DAG(s) 'example_kubernetes_executor' retrieved from /Users/linghuchong/miniconda3/envs/py310/lib/python3.10/site-packages/airflow/example_dags/example_kubernetes_executor.py
[2026-02-11T17:23:02.827+0800] {logging_mixin.py:188} INFO - [2026-02-11T17:23:02.826+0800] {dag.py:3047} INFO - Sync 1 DAGs
[2026-02-11T17:23:02.836+0800] {logging_mixin.py:188} INFO - [2026-02-11T17:23:02.836+0800] {dag.py:3834} INFO - Setting next_dagrun for example_kubernetes_executor to None, run_after=None
[2026-02-11T17:23:02.858+0800] {processor.py:183} INFO - Processing /Users/linghuchong/miniconda3/envs/py310/lib/python3.10/site-packages/airflow/example_dags/example_kubernetes_executor.py took 0.193 seconds
[2026-02-11T17:28:27.106+0800] {processor.py:161} INFO - Started process (PID=18157) to work on /Users/linghuchong/miniconda3/envs/py310/lib/python3.10/site-packages/airflow/example_dags/example_kubernetes_executor.py
[2026-02-11T17:28:27.109+0800] {processor.py:830} INFO - Processing file /Users/linghuchong/miniconda3/envs/py310/lib/python3.10/site-packages/airflow/example_dags/example_kubernetes_executor.py for tasks to queue
[2026-02-11T17:28:27.110+0800] {logging_mixin.py:188} INFO - [2026-02-11T17:28:27.110+0800] {dagbag.py:540} INFO - Filling up the DagBag from /Users/linghuchong/miniconda3/envs/py310/lib/python3.10/site-packages/airflow/example_dags/example_kubernetes_executor.py
[2026-02-11T17:28:27.148+0800] {processor.py:840} INFO - DAG(s) 'example_kubernetes_executor' retrieved from /Users/linghuchong/miniconda3/envs/py310/lib/python3.10/site-packages/airflow/example_dags/example_kubernetes_executor.py
[2026-02-11T17:28:27.263+0800] {logging_mixin.py:188} INFO - [2026-02-11T17:28:27.263+0800] {dag.py:3047} INFO - Sync 1 DAGs
[2026-02-11T17:28:27.273+0800] {logging_mixin.py:188} INFO - [2026-02-11T17:28:27.273+0800] {dag.py:3834} INFO - Setting next_dagrun for example_kubernetes_executor to None, run_after=None
[2026-02-11T17:28:27.296+0800] {processor.py:183} INFO - Processing /Users/linghuchong/miniconda3/envs/py310/lib/python3.10/site-packages/airflow/example_dags/example_kubernetes_executor.py took 0.191 seconds
[2026-02-11T17:31:23.637+0800] {processor.py:161} INFO - Started process (PID=18256) to work on /Users/linghuchong/miniconda3/envs/py310/lib/python3.10/site-packages/airflow/example_dags/example_kubernetes_executor.py
[2026-02-11T17:31:23.639+0800] {processor.py:830} INFO - Processing file /Users/linghuchong/miniconda3/envs/py310/lib/python3.10/site-packages/airflow/example_dags/example_kubernetes_executor.py for tasks to queue
[2026-02-11T17:31:23.640+0800] {logging_mixin.py:188} INFO - [2026-02-11T17:31:23.639+0800] {dagbag.py:540} INFO - Filling up the DagBag from /Users/linghuchong/miniconda3/envs/py310/lib/python3.10/site-packages/airflow/example_dags/example_kubernetes_executor.py
[2026-02-11T17:31:23.685+0800] {processor.py:840} INFO - DAG(s) 'example_kubernetes_executor' retrieved from /Users/linghuchong/miniconda3/envs/py310/lib/python3.10/site-packages/airflow/example_dags/example_kubernetes_executor.py
[2026-02-11T17:31:23.836+0800] {logging_mixin.py:188} INFO - [2026-02-11T17:31:23.835+0800] {dag.py:3047} INFO - Sync 1 DAGs
[2026-02-11T17:31:23.846+0800] {logging_mixin.py:188} INFO - [2026-02-11T17:31:23.845+0800] {dag.py:3834} INFO - Setting next_dagrun for example_kubernetes_executor to None, run_after=None
[2026-02-11T17:31:23.870+0800] {processor.py:183} INFO - Processing /Users/linghuchong/miniconda3/envs/py310/lib/python3.10/site-packages/airflow/example_dags/example_kubernetes_executor.py took 0.234 seconds
[2026-02-11T17:34:25.646+0800] {processor.py:161} INFO - Started process (PID=18358) to work on /Users/linghuchong/miniconda3/envs/py310/lib/python3.10/site-packages/airflow/example_dags/example_kubernetes_executor.py
[2026-02-11T17:34:25.647+0800] {processor.py:830} INFO - Processing file /Users/linghuchong/miniconda3/envs/py310/lib/python3.10/site-packages/airflow/example_dags/example_kubernetes_executor.py for tasks to queue
[2026-02-11T17:34:25.647+0800] {logging_mixin.py:188} INFO - [2026-02-11T17:34:25.647+0800] {dagbag.py:540} INFO - Filling up the DagBag from /Users/linghuchong/miniconda3/envs/py310/lib/python3.10/site-packages/airflow/example_dags/example_kubernetes_executor.py
[2026-02-11T17:34:25.697+0800] {processor.py:840} INFO - DAG(s) 'example_kubernetes_executor' retrieved from /Users/linghuchong/miniconda3/envs/py310/lib/python3.10/site-packages/airflow/example_dags/example_kubernetes_executor.py
[2026-02-11T17:34:25.867+0800] {logging_mixin.py:188} INFO - [2026-02-11T17:34:25.867+0800] {dag.py:3047} INFO - Sync 1 DAGs
[2026-02-11T17:34:25.879+0800] {logging_mixin.py:188} INFO - [2026-02-11T17:34:25.879+0800] {dag.py:3834} INFO - Setting next_dagrun for example_kubernetes_executor to None, run_after=None
[2026-02-11T17:34:25.908+0800] {processor.py:183} INFO - Processing /Users/linghuchong/miniconda3/envs/py310/lib/python3.10/site-packages/airflow/example_dags/example_kubernetes_executor.py took 0.263 seconds
[2026-02-11T17:37:29.599+0800] {processor.py:161} INFO - Started process (PID=18576) to work on /Users/linghuchong/miniconda3/envs/py310/lib/python3.10/site-packages/airflow/example_dags/example_kubernetes_executor.py
[2026-02-11T17:37:29.601+0800] {processor.py:830} INFO - Processing file /Users/linghuchong/miniconda3/envs/py310/lib/python3.10/site-packages/airflow/example_dags/example_kubernetes_executor.py for tasks to queue
[2026-02-11T17:37:29.603+0800] {logging_mixin.py:188} INFO - [2026-02-11T17:37:29.603+0800] {dagbag.py:540} INFO - Filling up the DagBag from /Users/linghuchong/miniconda3/envs/py310/lib/python3.10/site-packages/airflow/example_dags/example_kubernetes_executor.py
[2026-02-11T17:37:29.646+0800] {processor.py:840} INFO - DAG(s) 'example_kubernetes_executor' retrieved from /Users/linghuchong/miniconda3/envs/py310/lib/python3.10/site-packages/airflow/example_dags/example_kubernetes_executor.py
[2026-02-11T17:37:29.797+0800] {logging_mixin.py:188} INFO - [2026-02-11T17:37:29.797+0800] {dag.py:3047} INFO - Sync 1 DAGs
[2026-02-11T17:37:29.808+0800] {logging_mixin.py:188} INFO - [2026-02-11T17:37:29.808+0800] {dag.py:3834} INFO - Setting next_dagrun for example_kubernetes_executor to None, run_after=None
[2026-02-11T17:37:29.829+0800] {processor.py:183} INFO - Processing /Users/linghuchong/miniconda3/envs/py310/lib/python3.10/site-packages/airflow/example_dags/example_kubernetes_executor.py took 0.231 seconds
[2026-02-11T17:40:36.853+0800] {processor.py:161} INFO - Started process (PID=18880) to work on /Users/linghuchong/miniconda3/envs/py310/lib/python3.10/site-packages/airflow/example_dags/example_kubernetes_executor.py
[2026-02-11T17:40:36.854+0800] {processor.py:830} INFO - Processing file /Users/linghuchong/miniconda3/envs/py310/lib/python3.10/site-packages/airflow/example_dags/example_kubernetes_executor.py for tasks to queue
[2026-02-11T17:40:36.858+0800] {logging_mixin.py:188} INFO - [2026-02-11T17:40:36.858+0800] {dagbag.py:540} INFO - Filling up the DagBag from /Users/linghuchong/miniconda3/envs/py310/lib/python3.10/site-packages/airflow/example_dags/example_kubernetes_executor.py
[2026-02-11T17:40:36.909+0800] {processor.py:840} INFO - DAG(s) 'example_kubernetes_executor' retrieved from /Users/linghuchong/miniconda3/envs/py310/lib/python3.10/site-packages/airflow/example_dags/example_kubernetes_executor.py
[2026-02-11T17:40:37.042+0800] {logging_mixin.py:188} INFO - [2026-02-11T17:40:37.042+0800] {dag.py:3047} INFO - Sync 1 DAGs
[2026-02-11T17:40:37.052+0800] {logging_mixin.py:188} INFO - [2026-02-11T17:40:37.052+0800] {dag.py:3834} INFO - Setting next_dagrun for example_kubernetes_executor to None, run_after=None
[2026-02-11T17:40:37.073+0800] {processor.py:183} INFO - Processing /Users/linghuchong/miniconda3/envs/py310/lib/python3.10/site-packages/airflow/example_dags/example_kubernetes_executor.py took 0.221 seconds
[2026-02-11T17:43:41.399+0800] {processor.py:161} INFO - Started process (PID=19269) to work on /Users/linghuchong/miniconda3/envs/py310/lib/python3.10/site-packages/airflow/example_dags/example_kubernetes_executor.py
[2026-02-11T17:43:41.401+0800] {processor.py:830} INFO - Processing file /Users/linghuchong/miniconda3/envs/py310/lib/python3.10/site-packages/airflow/example_dags/example_kubernetes_executor.py for tasks to queue
[2026-02-11T17:43:41.401+0800] {logging_mixin.py:188} INFO - [2026-02-11T17:43:41.401+0800] {dagbag.py:540} INFO - Filling up the DagBag from /Users/linghuchong/miniconda3/envs/py310/lib/python3.10/site-packages/airflow/example_dags/example_kubernetes_executor.py
[2026-02-11T17:43:41.445+0800] {processor.py:840} INFO - DAG(s) 'example_kubernetes_executor' retrieved from /Users/linghuchong/miniconda3/envs/py310/lib/python3.10/site-packages/airflow/example_dags/example_kubernetes_executor.py
[2026-02-11T17:43:41.581+0800] {logging_mixin.py:188} INFO - [2026-02-11T17:43:41.580+0800] {dag.py:3047} INFO - Sync 1 DAGs
[2026-02-11T17:43:41.592+0800] {logging_mixin.py:188} INFO - [2026-02-11T17:43:41.591+0800] {dag.py:3834} INFO - Setting next_dagrun for example_kubernetes_executor to None, run_after=None
[2026-02-11T17:43:41.613+0800] {processor.py:183} INFO - Processing /Users/linghuchong/miniconda3/envs/py310/lib/python3.10/site-packages/airflow/example_dags/example_kubernetes_executor.py took 0.214 seconds
[2026-02-11T17:46:49.220+0800] {processor.py:161} INFO - Started process (PID=19694) to work on /Users/linghuchong/miniconda3/envs/py310/lib/python3.10/site-packages/airflow/example_dags/example_kubernetes_executor.py
[2026-02-11T17:46:49.221+0800] {processor.py:830} INFO - Processing file /Users/linghuchong/miniconda3/envs/py310/lib/python3.10/site-packages/airflow/example_dags/example_kubernetes_executor.py for tasks to queue
[2026-02-11T17:46:49.222+0800] {logging_mixin.py:188} INFO - [2026-02-11T17:46:49.222+0800] {dagbag.py:540} INFO - Filling up the DagBag from /Users/linghuchong/miniconda3/envs/py310/lib/python3.10/site-packages/airflow/example_dags/example_kubernetes_executor.py
[2026-02-11T17:46:49.281+0800] {processor.py:840} INFO - DAG(s) 'example_kubernetes_executor' retrieved from /Users/linghuchong/miniconda3/envs/py310/lib/python3.10/site-packages/airflow/example_dags/example_kubernetes_executor.py
[2026-02-11T17:46:49.421+0800] {logging_mixin.py:188} INFO - [2026-02-11T17:46:49.421+0800] {dag.py:3047} INFO - Sync 1 DAGs
[2026-02-11T17:46:49.436+0800] {logging_mixin.py:188} INFO - [2026-02-11T17:46:49.435+0800] {dag.py:3834} INFO - Setting next_dagrun for example_kubernetes_executor to None, run_after=None
[2026-02-11T17:46:49.466+0800] {processor.py:183} INFO - Processing /Users/linghuchong/miniconda3/envs/py310/lib/python3.10/site-packages/airflow/example_dags/example_kubernetes_executor.py took 0.247 seconds
[2026-02-11T17:49:50.219+0800] {processor.py:161} INFO - Started process (PID=19831) to work on /Users/linghuchong/miniconda3/envs/py310/lib/python3.10/site-packages/airflow/example_dags/example_kubernetes_executor.py
[2026-02-11T17:49:50.222+0800] {processor.py:830} INFO - Processing file /Users/linghuchong/miniconda3/envs/py310/lib/python3.10/site-packages/airflow/example_dags/example_kubernetes_executor.py for tasks to queue
[2026-02-11T17:49:50.223+0800] {logging_mixin.py:188} INFO - [2026-02-11T17:49:50.223+0800] {dagbag.py:540} INFO - Filling up the DagBag from /Users/linghuchong/miniconda3/envs/py310/lib/python3.10/site-packages/airflow/example_dags/example_kubernetes_executor.py
[2026-02-11T17:49:50.277+0800] {processor.py:840} INFO - DAG(s) 'example_kubernetes_executor' retrieved from /Users/linghuchong/miniconda3/envs/py310/lib/python3.10/site-packages/airflow/example_dags/example_kubernetes_executor.py
[2026-02-11T17:49:50.422+0800] {logging_mixin.py:188} INFO - [2026-02-11T17:49:50.422+0800] {dag.py:3047} INFO - Sync 1 DAGs
[2026-02-11T17:49:50.433+0800] {logging_mixin.py:188} INFO - [2026-02-11T17:49:50.433+0800] {dag.py:3834} INFO - Setting next_dagrun for example_kubernetes_executor to None, run_after=None
[2026-02-11T17:49:50.455+0800] {processor.py:183} INFO - Processing /Users/linghuchong/miniconda3/envs/py310/lib/python3.10/site-packages/airflow/example_dags/example_kubernetes_executor.py took 0.238 seconds
[2026-02-11T17:52:59.908+0800] {processor.py:161} INFO - Started process (PID=19918) to work on /Users/linghuchong/miniconda3/envs/py310/lib/python3.10/site-packages/airflow/example_dags/example_kubernetes_executor.py
[2026-02-11T17:52:59.911+0800] {processor.py:830} INFO - Processing file /Users/linghuchong/miniconda3/envs/py310/lib/python3.10/site-packages/airflow/example_dags/example_kubernetes_executor.py for tasks to queue
[2026-02-11T17:52:59.912+0800] {logging_mixin.py:188} INFO - [2026-02-11T17:52:59.912+0800] {dagbag.py:540} INFO - Filling up the DagBag from /Users/linghuchong/miniconda3/envs/py310/lib/python3.10/site-packages/airflow/example_dags/example_kubernetes_executor.py
[2026-02-11T17:52:59.956+0800] {processor.py:840} INFO - DAG(s) 'example_kubernetes_executor' retrieved from /Users/linghuchong/miniconda3/envs/py310/lib/python3.10/site-packages/airflow/example_dags/example_kubernetes_executor.py
[2026-02-11T17:53:00.098+0800] {logging_mixin.py:188} INFO - [2026-02-11T17:53:00.097+0800] {dag.py:3047} INFO - Sync 1 DAGs
[2026-02-11T17:53:00.108+0800] {logging_mixin.py:188} INFO - [2026-02-11T17:53:00.107+0800] {dag.py:3834} INFO - Setting next_dagrun for example_kubernetes_executor to None, run_after=None
[2026-02-11T17:53:00.131+0800] {processor.py:183} INFO - Processing /Users/linghuchong/miniconda3/envs/py310/lib/python3.10/site-packages/airflow/example_dags/example_kubernetes_executor.py took 0.224 seconds
[2026-02-11T17:56:01.963+0800] {processor.py:161} INFO - Started process (PID=20054) to work on /Users/linghuchong/miniconda3/envs/py310/lib/python3.10/site-packages/airflow/example_dags/example_kubernetes_executor.py
[2026-02-11T17:56:01.966+0800] {processor.py:830} INFO - Processing file /Users/linghuchong/miniconda3/envs/py310/lib/python3.10/site-packages/airflow/example_dags/example_kubernetes_executor.py for tasks to queue
[2026-02-11T17:56:01.967+0800] {logging_mixin.py:188} INFO - [2026-02-11T17:56:01.967+0800] {dagbag.py:540} INFO - Filling up the DagBag from /Users/linghuchong/miniconda3/envs/py310/lib/python3.10/site-packages/airflow/example_dags/example_kubernetes_executor.py
[2026-02-11T17:56:02.009+0800] {processor.py:840} INFO - DAG(s) 'example_kubernetes_executor' retrieved from /Users/linghuchong/miniconda3/envs/py310/lib/python3.10/site-packages/airflow/example_dags/example_kubernetes_executor.py
[2026-02-11T17:56:02.132+0800] {logging_mixin.py:188} INFO - [2026-02-11T17:56:02.132+0800] {dag.py:3047} INFO - Sync 1 DAGs
[2026-02-11T17:56:02.142+0800] {logging_mixin.py:188} INFO - [2026-02-11T17:56:02.142+0800] {dag.py:3834} INFO - Setting next_dagrun for example_kubernetes_executor to None, run_after=None
[2026-02-11T17:56:02.164+0800] {processor.py:183} INFO - Processing /Users/linghuchong/miniconda3/envs/py310/lib/python3.10/site-packages/airflow/example_dags/example_kubernetes_executor.py took 0.201 seconds
[2026-02-11T17:59:12.040+0800] {processor.py:161} INFO - Started process (PID=20144) to work on /Users/linghuchong/miniconda3/envs/py310/lib/python3.10/site-packages/airflow/example_dags/example_kubernetes_executor.py
[2026-02-11T17:59:12.043+0800] {processor.py:830} INFO - Processing file /Users/linghuchong/miniconda3/envs/py310/lib/python3.10/site-packages/airflow/example_dags/example_kubernetes_executor.py for tasks to queue
[2026-02-11T17:59:12.044+0800] {logging_mixin.py:188} INFO - [2026-02-11T17:59:12.044+0800] {dagbag.py:540} INFO - Filling up the DagBag from /Users/linghuchong/miniconda3/envs/py310/lib/python3.10/site-packages/airflow/example_dags/example_kubernetes_executor.py
[2026-02-11T17:59:12.094+0800] {processor.py:840} INFO - DAG(s) 'example_kubernetes_executor' retrieved from /Users/linghuchong/miniconda3/envs/py310/lib/python3.10/site-packages/airflow/example_dags/example_kubernetes_executor.py
[2026-02-11T17:59:12.237+0800] {logging_mixin.py:188} INFO - [2026-02-11T17:59:12.236+0800] {dag.py:3047} INFO - Sync 1 DAGs
[2026-02-11T17:59:12.249+0800] {logging_mixin.py:188} INFO - [2026-02-11T17:59:12.249+0800] {dag.py:3834} INFO - Setting next_dagrun for example_kubernetes_executor to None, run_after=None
[2026-02-11T17:59:12.273+0800] {processor.py:183} INFO - Processing /Users/linghuchong/miniconda3/envs/py310/lib/python3.10/site-packages/airflow/example_dags/example_kubernetes_executor.py took 0.234 seconds
[2026-02-11T18:02:31.312+0800] {processor.py:161} INFO - Started process (PID=20413) to work on /Users/linghuchong/miniconda3/envs/py310/lib/python3.10/site-packages/airflow/example_dags/example_kubernetes_executor.py
[2026-02-11T18:02:31.314+0800] {processor.py:830} INFO - Processing file /Users/linghuchong/miniconda3/envs/py310/lib/python3.10/site-packages/airflow/example_dags/example_kubernetes_executor.py for tasks to queue
[2026-02-11T18:02:31.315+0800] {logging_mixin.py:188} INFO - [2026-02-11T18:02:31.314+0800] {dagbag.py:540} INFO - Filling up the DagBag from /Users/linghuchong/miniconda3/envs/py310/lib/python3.10/site-packages/airflow/example_dags/example_kubernetes_executor.py
[2026-02-11T18:02:31.355+0800] {processor.py:840} INFO - DAG(s) 'example_kubernetes_executor' retrieved from /Users/linghuchong/miniconda3/envs/py310/lib/python3.10/site-packages/airflow/example_dags/example_kubernetes_executor.py
[2026-02-11T18:02:31.594+0800] {logging_mixin.py:188} INFO - [2026-02-11T18:02:31.593+0800] {dag.py:3047} INFO - Sync 1 DAGs
[2026-02-11T18:02:31.604+0800] {logging_mixin.py:188} INFO - [2026-02-11T18:02:31.604+0800] {dag.py:3834} INFO - Setting next_dagrun for example_kubernetes_executor to None, run_after=None
[2026-02-11T18:02:31.624+0800] {processor.py:183} INFO - Processing /Users/linghuchong/miniconda3/envs/py310/lib/python3.10/site-packages/airflow/example_dags/example_kubernetes_executor.py took 0.313 seconds
