[2026-02-11T12:18:46.108+0800] {processor.py:161} INFO - Started process (PID=8206) to work on /Users/linghuchong/miniconda3/envs/py310/lib/python3.10/site-packages/airflow/example_dags/example_python_operator.py
[2026-02-11T12:18:46.111+0800] {processor.py:830} INFO - Processing file /Users/linghuchong/miniconda3/envs/py310/lib/python3.10/site-packages/airflow/example_dags/example_python_operator.py for tasks to queue
[2026-02-11T12:18:46.114+0800] {logging_mixin.py:188} INFO - [2026-02-11T12:18:46.113+0800] {dagbag.py:540} INFO - Filling up the DagBag from /Users/linghuchong/miniconda3/envs/py310/lib/python3.10/site-packages/airflow/example_dags/example_python_operator.py
[2026-02-11T12:18:46.158+0800] {processor.py:840} INFO - DAG(s) 'example_python_operator' retrieved from /Users/linghuchong/miniconda3/envs/py310/lib/python3.10/site-packages/airflow/example_dags/example_python_operator.py
[2026-02-11T12:18:46.555+0800] {logging_mixin.py:188} INFO - [2026-02-11T12:18:46.547+0800] {override.py:1769} INFO - Created Permission View: can delete on DAG:example_python_operator
[2026-02-11T12:18:46.603+0800] {logging_mixin.py:188} INFO - [2026-02-11T12:18:46.602+0800] {override.py:1769} INFO - Created Permission View: can edit on DAG:example_python_operator
[2026-02-11T12:18:46.620+0800] {logging_mixin.py:188} INFO - [2026-02-11T12:18:46.619+0800] {override.py:1769} INFO - Created Permission View: can read on DAG:example_python_operator
[2026-02-11T12:18:46.621+0800] {logging_mixin.py:188} INFO - [2026-02-11T12:18:46.621+0800] {dag.py:3047} INFO - Sync 1 DAGs
[2026-02-11T12:18:46.641+0800] {logging_mixin.py:188} INFO - [2026-02-11T12:18:46.640+0800] {dag.py:3069} INFO - Creating ORM DAG for example_python_operator
[2026-02-11T12:18:46.641+0800] {logging_mixin.py:188} INFO - [2026-02-11T12:18:46.641+0800] {dag.py:3834} INFO - Setting next_dagrun for example_python_operator to None, run_after=None
[2026-02-11T12:18:46.669+0800] {processor.py:183} INFO - Processing /Users/linghuchong/miniconda3/envs/py310/lib/python3.10/site-packages/airflow/example_dags/example_python_operator.py took 0.562 seconds
[2026-02-11T12:22:08.407+0800] {processor.py:161} INFO - Started process (PID=8357) to work on /Users/linghuchong/miniconda3/envs/py310/lib/python3.10/site-packages/airflow/example_dags/example_python_operator.py
[2026-02-11T12:22:08.410+0800] {processor.py:830} INFO - Processing file /Users/linghuchong/miniconda3/envs/py310/lib/python3.10/site-packages/airflow/example_dags/example_python_operator.py for tasks to queue
[2026-02-11T12:22:08.411+0800] {logging_mixin.py:188} INFO - [2026-02-11T12:22:08.410+0800] {dagbag.py:540} INFO - Filling up the DagBag from /Users/linghuchong/miniconda3/envs/py310/lib/python3.10/site-packages/airflow/example_dags/example_python_operator.py
[2026-02-11T12:22:08.438+0800] {processor.py:840} INFO - DAG(s) 'example_python_operator' retrieved from /Users/linghuchong/miniconda3/envs/py310/lib/python3.10/site-packages/airflow/example_dags/example_python_operator.py
[2026-02-11T12:22:08.671+0800] {logging_mixin.py:188} INFO - [2026-02-11T12:22:08.670+0800] {dag.py:3047} INFO - Sync 1 DAGs
[2026-02-11T12:22:08.680+0800] {logging_mixin.py:188} INFO - [2026-02-11T12:22:08.679+0800] {dag.py:3834} INFO - Setting next_dagrun for example_python_operator to None, run_after=None
[2026-02-11T12:22:08.697+0800] {processor.py:183} INFO - Processing /Users/linghuchong/miniconda3/envs/py310/lib/python3.10/site-packages/airflow/example_dags/example_python_operator.py took 0.292 seconds
[2026-02-11T12:24:48.034+0800] {processor.py:161} INFO - Started process (PID=8424) to work on /Users/linghuchong/miniconda3/envs/py310/lib/python3.10/site-packages/airflow/example_dags/example_python_operator.py
[2026-02-11T12:24:48.037+0800] {processor.py:830} INFO - Processing file /Users/linghuchong/miniconda3/envs/py310/lib/python3.10/site-packages/airflow/example_dags/example_python_operator.py for tasks to queue
[2026-02-11T12:24:48.041+0800] {logging_mixin.py:188} INFO - [2026-02-11T12:24:48.041+0800] {dagbag.py:540} INFO - Filling up the DagBag from /Users/linghuchong/miniconda3/envs/py310/lib/python3.10/site-packages/airflow/example_dags/example_python_operator.py
[2026-02-11T12:24:48.073+0800] {processor.py:840} INFO - DAG(s) 'example_python_operator' retrieved from /Users/linghuchong/miniconda3/envs/py310/lib/python3.10/site-packages/airflow/example_dags/example_python_operator.py
[2026-02-11T12:24:48.332+0800] {logging_mixin.py:188} INFO - [2026-02-11T12:24:48.332+0800] {dag.py:3047} INFO - Sync 1 DAGs
[2026-02-11T12:24:48.342+0800] {logging_mixin.py:188} INFO - [2026-02-11T12:24:48.342+0800] {dag.py:3834} INFO - Setting next_dagrun for example_python_operator to None, run_after=None
[2026-02-11T12:24:48.364+0800] {processor.py:183} INFO - Processing /Users/linghuchong/miniconda3/envs/py310/lib/python3.10/site-packages/airflow/example_dags/example_python_operator.py took 0.332 seconds
[2026-02-11T12:27:24.606+0800] {processor.py:161} INFO - Started process (PID=8487) to work on /Users/linghuchong/miniconda3/envs/py310/lib/python3.10/site-packages/airflow/example_dags/example_python_operator.py
[2026-02-11T12:27:24.609+0800] {processor.py:830} INFO - Processing file /Users/linghuchong/miniconda3/envs/py310/lib/python3.10/site-packages/airflow/example_dags/example_python_operator.py for tasks to queue
[2026-02-11T12:27:24.610+0800] {logging_mixin.py:188} INFO - [2026-02-11T12:27:24.610+0800] {dagbag.py:540} INFO - Filling up the DagBag from /Users/linghuchong/miniconda3/envs/py310/lib/python3.10/site-packages/airflow/example_dags/example_python_operator.py
[2026-02-11T12:27:24.639+0800] {processor.py:840} INFO - DAG(s) 'example_python_operator' retrieved from /Users/linghuchong/miniconda3/envs/py310/lib/python3.10/site-packages/airflow/example_dags/example_python_operator.py
[2026-02-11T12:27:24.875+0800] {logging_mixin.py:188} INFO - [2026-02-11T12:27:24.874+0800] {dag.py:3047} INFO - Sync 1 DAGs
[2026-02-11T12:27:24.884+0800] {logging_mixin.py:188} INFO - [2026-02-11T12:27:24.884+0800] {dag.py:3834} INFO - Setting next_dagrun for example_python_operator to None, run_after=None
[2026-02-11T12:27:24.906+0800] {processor.py:183} INFO - Processing /Users/linghuchong/miniconda3/envs/py310/lib/python3.10/site-packages/airflow/example_dags/example_python_operator.py took 0.301 seconds
[2026-02-11T13:08:20.151+0800] {processor.py:161} INFO - Started process (PID=8561) to work on /Users/linghuchong/miniconda3/envs/py310/lib/python3.10/site-packages/airflow/example_dags/example_python_operator.py
[2026-02-11T13:08:20.153+0800] {processor.py:830} INFO - Processing file /Users/linghuchong/miniconda3/envs/py310/lib/python3.10/site-packages/airflow/example_dags/example_python_operator.py for tasks to queue
[2026-02-11T13:08:20.154+0800] {logging_mixin.py:188} INFO - [2026-02-11T13:08:20.153+0800] {dagbag.py:540} INFO - Filling up the DagBag from /Users/linghuchong/miniconda3/envs/py310/lib/python3.10/site-packages/airflow/example_dags/example_python_operator.py
[2026-02-11T13:08:20.180+0800] {processor.py:840} INFO - DAG(s) 'example_python_operator' retrieved from /Users/linghuchong/miniconda3/envs/py310/lib/python3.10/site-packages/airflow/example_dags/example_python_operator.py
[2026-02-11T13:08:20.425+0800] {logging_mixin.py:188} INFO - [2026-02-11T13:08:20.425+0800] {dag.py:3047} INFO - Sync 1 DAGs
[2026-02-11T13:08:20.435+0800] {logging_mixin.py:188} INFO - [2026-02-11T13:08:20.435+0800] {dag.py:3834} INFO - Setting next_dagrun for example_python_operator to None, run_after=None
[2026-02-11T13:08:20.455+0800] {processor.py:183} INFO - Processing /Users/linghuchong/miniconda3/envs/py310/lib/python3.10/site-packages/airflow/example_dags/example_python_operator.py took 0.306 seconds
[2026-02-11T13:10:59.917+0800] {processor.py:161} INFO - Started process (PID=8662) to work on /Users/linghuchong/miniconda3/envs/py310/lib/python3.10/site-packages/airflow/example_dags/example_python_operator.py
[2026-02-11T13:10:59.920+0800] {processor.py:830} INFO - Processing file /Users/linghuchong/miniconda3/envs/py310/lib/python3.10/site-packages/airflow/example_dags/example_python_operator.py for tasks to queue
[2026-02-11T13:10:59.921+0800] {logging_mixin.py:188} INFO - [2026-02-11T13:10:59.921+0800] {dagbag.py:540} INFO - Filling up the DagBag from /Users/linghuchong/miniconda3/envs/py310/lib/python3.10/site-packages/airflow/example_dags/example_python_operator.py
[2026-02-11T13:10:59.949+0800] {processor.py:840} INFO - DAG(s) 'example_python_operator' retrieved from /Users/linghuchong/miniconda3/envs/py310/lib/python3.10/site-packages/airflow/example_dags/example_python_operator.py
[2026-02-11T13:11:00.198+0800] {logging_mixin.py:188} INFO - [2026-02-11T13:11:00.197+0800] {dag.py:3047} INFO - Sync 1 DAGs
[2026-02-11T13:11:00.208+0800] {logging_mixin.py:188} INFO - [2026-02-11T13:11:00.208+0800] {dag.py:3834} INFO - Setting next_dagrun for example_python_operator to None, run_after=None
[2026-02-11T13:11:00.229+0800] {processor.py:183} INFO - Processing /Users/linghuchong/miniconda3/envs/py310/lib/python3.10/site-packages/airflow/example_dags/example_python_operator.py took 0.313 seconds
[2026-02-11T13:21:11.867+0800] {processor.py:161} INFO - Started process (PID=9142) to work on /Users/linghuchong/miniconda3/envs/py310/lib/python3.10/site-packages/airflow/example_dags/example_python_operator.py
[2026-02-11T13:21:11.868+0800] {processor.py:830} INFO - Processing file /Users/linghuchong/miniconda3/envs/py310/lib/python3.10/site-packages/airflow/example_dags/example_python_operator.py for tasks to queue
[2026-02-11T13:21:11.869+0800] {logging_mixin.py:188} INFO - [2026-02-11T13:21:11.869+0800] {dagbag.py:540} INFO - Filling up the DagBag from /Users/linghuchong/miniconda3/envs/py310/lib/python3.10/site-packages/airflow/example_dags/example_python_operator.py
[2026-02-11T13:21:11.898+0800] {processor.py:840} INFO - DAG(s) 'example_python_operator' retrieved from /Users/linghuchong/miniconda3/envs/py310/lib/python3.10/site-packages/airflow/example_dags/example_python_operator.py
[2026-02-11T13:21:12.148+0800] {logging_mixin.py:188} INFO - [2026-02-11T13:21:12.147+0800] {dag.py:3047} INFO - Sync 1 DAGs
[2026-02-11T13:21:12.160+0800] {logging_mixin.py:188} INFO - [2026-02-11T13:21:12.159+0800] {dag.py:3834} INFO - Setting next_dagrun for example_python_operator to None, run_after=None
[2026-02-11T13:21:12.182+0800] {processor.py:183} INFO - Processing /Users/linghuchong/miniconda3/envs/py310/lib/python3.10/site-packages/airflow/example_dags/example_python_operator.py took 0.315 seconds
[2026-02-11T13:24:27.541+0800] {processor.py:161} INFO - Started process (PID=9248) to work on /Users/linghuchong/miniconda3/envs/py310/lib/python3.10/site-packages/airflow/example_dags/example_python_operator.py
[2026-02-11T13:24:27.544+0800] {processor.py:830} INFO - Processing file /Users/linghuchong/miniconda3/envs/py310/lib/python3.10/site-packages/airflow/example_dags/example_python_operator.py for tasks to queue
[2026-02-11T13:24:27.545+0800] {logging_mixin.py:188} INFO - [2026-02-11T13:24:27.545+0800] {dagbag.py:540} INFO - Filling up the DagBag from /Users/linghuchong/miniconda3/envs/py310/lib/python3.10/site-packages/airflow/example_dags/example_python_operator.py
[2026-02-11T13:24:27.573+0800] {processor.py:840} INFO - DAG(s) 'example_python_operator' retrieved from /Users/linghuchong/miniconda3/envs/py310/lib/python3.10/site-packages/airflow/example_dags/example_python_operator.py
[2026-02-11T13:24:27.824+0800] {logging_mixin.py:188} INFO - [2026-02-11T13:24:27.824+0800] {dag.py:3047} INFO - Sync 1 DAGs
[2026-02-11T13:24:27.834+0800] {logging_mixin.py:188} INFO - [2026-02-11T13:24:27.834+0800] {dag.py:3834} INFO - Setting next_dagrun for example_python_operator to None, run_after=None
[2026-02-11T13:24:27.856+0800] {processor.py:183} INFO - Processing /Users/linghuchong/miniconda3/envs/py310/lib/python3.10/site-packages/airflow/example_dags/example_python_operator.py took 0.316 seconds
[2026-02-11T13:27:14.362+0800] {processor.py:161} INFO - Started process (PID=9330) to work on /Users/linghuchong/miniconda3/envs/py310/lib/python3.10/site-packages/airflow/example_dags/example_python_operator.py
[2026-02-11T13:27:14.363+0800] {processor.py:830} INFO - Processing file /Users/linghuchong/miniconda3/envs/py310/lib/python3.10/site-packages/airflow/example_dags/example_python_operator.py for tasks to queue
[2026-02-11T13:27:14.364+0800] {logging_mixin.py:188} INFO - [2026-02-11T13:27:14.364+0800] {dagbag.py:540} INFO - Filling up the DagBag from /Users/linghuchong/miniconda3/envs/py310/lib/python3.10/site-packages/airflow/example_dags/example_python_operator.py
[2026-02-11T13:27:14.395+0800] {processor.py:840} INFO - DAG(s) 'example_python_operator' retrieved from /Users/linghuchong/miniconda3/envs/py310/lib/python3.10/site-packages/airflow/example_dags/example_python_operator.py
[2026-02-11T13:27:14.718+0800] {logging_mixin.py:188} INFO - [2026-02-11T13:27:14.715+0800] {dag.py:3047} INFO - Sync 1 DAGs
[2026-02-11T13:27:14.732+0800] {logging_mixin.py:188} INFO - [2026-02-11T13:27:14.732+0800] {dag.py:3834} INFO - Setting next_dagrun for example_python_operator to None, run_after=None
[2026-02-11T13:27:14.755+0800] {processor.py:183} INFO - Processing /Users/linghuchong/miniconda3/envs/py310/lib/python3.10/site-packages/airflow/example_dags/example_python_operator.py took 0.394 seconds
[2026-02-11T13:30:04.136+0800] {processor.py:161} INFO - Started process (PID=9417) to work on /Users/linghuchong/miniconda3/envs/py310/lib/python3.10/site-packages/airflow/example_dags/example_python_operator.py
[2026-02-11T13:30:04.139+0800] {processor.py:830} INFO - Processing file /Users/linghuchong/miniconda3/envs/py310/lib/python3.10/site-packages/airflow/example_dags/example_python_operator.py for tasks to queue
[2026-02-11T13:30:04.141+0800] {logging_mixin.py:188} INFO - [2026-02-11T13:30:04.141+0800] {dagbag.py:540} INFO - Filling up the DagBag from /Users/linghuchong/miniconda3/envs/py310/lib/python3.10/site-packages/airflow/example_dags/example_python_operator.py
[2026-02-11T13:30:04.173+0800] {processor.py:840} INFO - DAG(s) 'example_python_operator' retrieved from /Users/linghuchong/miniconda3/envs/py310/lib/python3.10/site-packages/airflow/example_dags/example_python_operator.py
[2026-02-11T13:30:04.449+0800] {logging_mixin.py:188} INFO - [2026-02-11T13:30:04.448+0800] {dag.py:3047} INFO - Sync 1 DAGs
[2026-02-11T13:30:04.459+0800] {logging_mixin.py:188} INFO - [2026-02-11T13:30:04.459+0800] {dag.py:3834} INFO - Setting next_dagrun for example_python_operator to None, run_after=None
[2026-02-11T13:30:04.481+0800] {processor.py:183} INFO - Processing /Users/linghuchong/miniconda3/envs/py310/lib/python3.10/site-packages/airflow/example_dags/example_python_operator.py took 0.345 seconds
[2026-02-11T13:33:03.407+0800] {processor.py:161} INFO - Started process (PID=9519) to work on /Users/linghuchong/miniconda3/envs/py310/lib/python3.10/site-packages/airflow/example_dags/example_python_operator.py
[2026-02-11T13:33:03.410+0800] {processor.py:830} INFO - Processing file /Users/linghuchong/miniconda3/envs/py310/lib/python3.10/site-packages/airflow/example_dags/example_python_operator.py for tasks to queue
[2026-02-11T13:33:03.411+0800] {logging_mixin.py:188} INFO - [2026-02-11T13:33:03.411+0800] {dagbag.py:540} INFO - Filling up the DagBag from /Users/linghuchong/miniconda3/envs/py310/lib/python3.10/site-packages/airflow/example_dags/example_python_operator.py
[2026-02-11T13:33:03.441+0800] {processor.py:840} INFO - DAG(s) 'example_python_operator' retrieved from /Users/linghuchong/miniconda3/envs/py310/lib/python3.10/site-packages/airflow/example_dags/example_python_operator.py
[2026-02-11T13:33:03.701+0800] {logging_mixin.py:188} INFO - [2026-02-11T13:33:03.700+0800] {dag.py:3047} INFO - Sync 1 DAGs
[2026-02-11T13:33:03.711+0800] {logging_mixin.py:188} INFO - [2026-02-11T13:33:03.711+0800] {dag.py:3834} INFO - Setting next_dagrun for example_python_operator to None, run_after=None
[2026-02-11T13:33:03.734+0800] {processor.py:183} INFO - Processing /Users/linghuchong/miniconda3/envs/py310/lib/python3.10/site-packages/airflow/example_dags/example_python_operator.py took 0.328 seconds
[2026-02-11T13:35:54.298+0800] {processor.py:161} INFO - Started process (PID=9623) to work on /Users/linghuchong/miniconda3/envs/py310/lib/python3.10/site-packages/airflow/example_dags/example_python_operator.py
[2026-02-11T13:35:54.300+0800] {processor.py:830} INFO - Processing file /Users/linghuchong/miniconda3/envs/py310/lib/python3.10/site-packages/airflow/example_dags/example_python_operator.py for tasks to queue
[2026-02-11T13:35:54.301+0800] {logging_mixin.py:188} INFO - [2026-02-11T13:35:54.301+0800] {dagbag.py:540} INFO - Filling up the DagBag from /Users/linghuchong/miniconda3/envs/py310/lib/python3.10/site-packages/airflow/example_dags/example_python_operator.py
[2026-02-11T13:35:54.333+0800] {processor.py:840} INFO - DAG(s) 'example_python_operator' retrieved from /Users/linghuchong/miniconda3/envs/py310/lib/python3.10/site-packages/airflow/example_dags/example_python_operator.py
[2026-02-11T13:35:54.576+0800] {logging_mixin.py:188} INFO - [2026-02-11T13:35:54.575+0800] {dag.py:3047} INFO - Sync 1 DAGs
[2026-02-11T13:35:54.585+0800] {logging_mixin.py:188} INFO - [2026-02-11T13:35:54.585+0800] {dag.py:3834} INFO - Setting next_dagrun for example_python_operator to None, run_after=None
[2026-02-11T13:35:54.606+0800] {processor.py:183} INFO - Processing /Users/linghuchong/miniconda3/envs/py310/lib/python3.10/site-packages/airflow/example_dags/example_python_operator.py took 0.310 seconds
[2026-02-11T16:20:03.917+0800] {processor.py:161} INFO - Started process (PID=14467) to work on /Users/linghuchong/miniconda3/envs/py310/lib/python3.10/site-packages/airflow/example_dags/example_python_operator.py
[2026-02-11T16:20:03.918+0800] {processor.py:830} INFO - Processing file /Users/linghuchong/miniconda3/envs/py310/lib/python3.10/site-packages/airflow/example_dags/example_python_operator.py for tasks to queue
[2026-02-11T16:20:03.919+0800] {logging_mixin.py:188} INFO - [2026-02-11T16:20:03.919+0800] {dagbag.py:540} INFO - Filling up the DagBag from /Users/linghuchong/miniconda3/envs/py310/lib/python3.10/site-packages/airflow/example_dags/example_python_operator.py
[2026-02-11T16:20:03.967+0800] {processor.py:840} INFO - DAG(s) 'example_python_operator' retrieved from /Users/linghuchong/miniconda3/envs/py310/lib/python3.10/site-packages/airflow/example_dags/example_python_operator.py
[2026-02-11T16:20:04.222+0800] {logging_mixin.py:188} INFO - [2026-02-11T16:20:04.220+0800] {dag.py:3047} INFO - Sync 1 DAGs
[2026-02-11T16:20:04.237+0800] {logging_mixin.py:188} INFO - [2026-02-11T16:20:04.237+0800] {dag.py:3834} INFO - Setting next_dagrun for example_python_operator to None, run_after=None
[2026-02-11T16:20:04.292+0800] {processor.py:183} INFO - Processing /Users/linghuchong/miniconda3/envs/py310/lib/python3.10/site-packages/airflow/example_dags/example_python_operator.py took 0.376 seconds
[2026-02-11T16:24:46.049+0800] {processor.py:161} INFO - Started process (PID=14757) to work on /Users/linghuchong/miniconda3/envs/py310/lib/python3.10/site-packages/airflow/example_dags/example_python_operator.py
[2026-02-11T16:24:46.051+0800] {processor.py:830} INFO - Processing file /Users/linghuchong/miniconda3/envs/py310/lib/python3.10/site-packages/airflow/example_dags/example_python_operator.py for tasks to queue
[2026-02-11T16:24:46.056+0800] {logging_mixin.py:188} INFO - [2026-02-11T16:24:46.056+0800] {dagbag.py:540} INFO - Filling up the DagBag from /Users/linghuchong/miniconda3/envs/py310/lib/python3.10/site-packages/airflow/example_dags/example_python_operator.py
[2026-02-11T16:24:46.085+0800] {processor.py:840} INFO - DAG(s) 'example_python_operator' retrieved from /Users/linghuchong/miniconda3/envs/py310/lib/python3.10/site-packages/airflow/example_dags/example_python_operator.py
[2026-02-11T16:24:46.328+0800] {logging_mixin.py:188} INFO - [2026-02-11T16:24:46.327+0800] {dag.py:3047} INFO - Sync 1 DAGs
[2026-02-11T16:24:46.339+0800] {logging_mixin.py:188} INFO - [2026-02-11T16:24:46.339+0800] {dag.py:3834} INFO - Setting next_dagrun for example_python_operator to None, run_after=None
[2026-02-11T16:24:46.362+0800] {processor.py:183} INFO - Processing /Users/linghuchong/miniconda3/envs/py310/lib/python3.10/site-packages/airflow/example_dags/example_python_operator.py took 0.314 seconds
[2026-02-11T16:28:22.541+0800] {processor.py:161} INFO - Started process (PID=14878) to work on /Users/linghuchong/miniconda3/envs/py310/lib/python3.10/site-packages/airflow/example_dags/example_python_operator.py
[2026-02-11T16:28:22.542+0800] {processor.py:830} INFO - Processing file /Users/linghuchong/miniconda3/envs/py310/lib/python3.10/site-packages/airflow/example_dags/example_python_operator.py for tasks to queue
[2026-02-11T16:28:22.543+0800] {logging_mixin.py:188} INFO - [2026-02-11T16:28:22.543+0800] {dagbag.py:540} INFO - Filling up the DagBag from /Users/linghuchong/miniconda3/envs/py310/lib/python3.10/site-packages/airflow/example_dags/example_python_operator.py
[2026-02-11T16:28:22.570+0800] {processor.py:840} INFO - DAG(s) 'example_python_operator' retrieved from /Users/linghuchong/miniconda3/envs/py310/lib/python3.10/site-packages/airflow/example_dags/example_python_operator.py
[2026-02-11T16:28:22.782+0800] {logging_mixin.py:188} INFO - [2026-02-11T16:28:22.781+0800] {dag.py:3047} INFO - Sync 1 DAGs
[2026-02-11T16:28:22.792+0800] {logging_mixin.py:188} INFO - [2026-02-11T16:28:22.792+0800] {dag.py:3834} INFO - Setting next_dagrun for example_python_operator to None, run_after=None
[2026-02-11T16:28:22.816+0800] {processor.py:183} INFO - Processing /Users/linghuchong/miniconda3/envs/py310/lib/python3.10/site-packages/airflow/example_dags/example_python_operator.py took 0.276 seconds
[2026-02-11T16:31:28.294+0800] {processor.py:161} INFO - Started process (PID=15124) to work on /Users/linghuchong/miniconda3/envs/py310/lib/python3.10/site-packages/airflow/example_dags/example_python_operator.py
[2026-02-11T16:31:28.295+0800] {processor.py:830} INFO - Processing file /Users/linghuchong/miniconda3/envs/py310/lib/python3.10/site-packages/airflow/example_dags/example_python_operator.py for tasks to queue
[2026-02-11T16:31:28.296+0800] {logging_mixin.py:188} INFO - [2026-02-11T16:31:28.296+0800] {dagbag.py:540} INFO - Filling up the DagBag from /Users/linghuchong/miniconda3/envs/py310/lib/python3.10/site-packages/airflow/example_dags/example_python_operator.py
[2026-02-11T16:31:28.367+0800] {processor.py:840} INFO - DAG(s) 'example_python_operator' retrieved from /Users/linghuchong/miniconda3/envs/py310/lib/python3.10/site-packages/airflow/example_dags/example_python_operator.py
[2026-02-11T16:31:28.764+0800] {logging_mixin.py:188} INFO - [2026-02-11T16:31:28.764+0800] {dag.py:3047} INFO - Sync 1 DAGs
[2026-02-11T16:31:28.774+0800] {logging_mixin.py:188} INFO - [2026-02-11T16:31:28.774+0800] {dag.py:3834} INFO - Setting next_dagrun for example_python_operator to None, run_after=None
[2026-02-11T16:31:28.805+0800] {processor.py:183} INFO - Processing /Users/linghuchong/miniconda3/envs/py310/lib/python3.10/site-packages/airflow/example_dags/example_python_operator.py took 0.512 seconds
[2026-02-11T16:34:43.298+0800] {processor.py:161} INFO - Started process (PID=15312) to work on /Users/linghuchong/miniconda3/envs/py310/lib/python3.10/site-packages/airflow/example_dags/example_python_operator.py
[2026-02-11T16:34:43.300+0800] {processor.py:830} INFO - Processing file /Users/linghuchong/miniconda3/envs/py310/lib/python3.10/site-packages/airflow/example_dags/example_python_operator.py for tasks to queue
[2026-02-11T16:34:43.302+0800] {logging_mixin.py:188} INFO - [2026-02-11T16:34:43.301+0800] {dagbag.py:540} INFO - Filling up the DagBag from /Users/linghuchong/miniconda3/envs/py310/lib/python3.10/site-packages/airflow/example_dags/example_python_operator.py
[2026-02-11T16:34:43.331+0800] {processor.py:840} INFO - DAG(s) 'example_python_operator' retrieved from /Users/linghuchong/miniconda3/envs/py310/lib/python3.10/site-packages/airflow/example_dags/example_python_operator.py
[2026-02-11T16:34:43.541+0800] {logging_mixin.py:188} INFO - [2026-02-11T16:34:43.541+0800] {dag.py:3047} INFO - Sync 1 DAGs
[2026-02-11T16:34:43.551+0800] {logging_mixin.py:188} INFO - [2026-02-11T16:34:43.551+0800] {dag.py:3834} INFO - Setting next_dagrun for example_python_operator to None, run_after=None
[2026-02-11T16:34:43.574+0800] {processor.py:183} INFO - Processing /Users/linghuchong/miniconda3/envs/py310/lib/python3.10/site-packages/airflow/example_dags/example_python_operator.py took 0.277 seconds
[2026-02-11T16:37:53.890+0800] {processor.py:161} INFO - Started process (PID=15535) to work on /Users/linghuchong/miniconda3/envs/py310/lib/python3.10/site-packages/airflow/example_dags/example_python_operator.py
[2026-02-11T16:37:53.891+0800] {processor.py:830} INFO - Processing file /Users/linghuchong/miniconda3/envs/py310/lib/python3.10/site-packages/airflow/example_dags/example_python_operator.py for tasks to queue
[2026-02-11T16:37:53.893+0800] {logging_mixin.py:188} INFO - [2026-02-11T16:37:53.893+0800] {dagbag.py:540} INFO - Filling up the DagBag from /Users/linghuchong/miniconda3/envs/py310/lib/python3.10/site-packages/airflow/example_dags/example_python_operator.py
[2026-02-11T16:37:53.946+0800] {processor.py:840} INFO - DAG(s) 'example_python_operator' retrieved from /Users/linghuchong/miniconda3/envs/py310/lib/python3.10/site-packages/airflow/example_dags/example_python_operator.py
[2026-02-11T16:37:54.301+0800] {logging_mixin.py:188} INFO - [2026-02-11T16:37:54.300+0800] {dag.py:3047} INFO - Sync 1 DAGs
[2026-02-11T16:37:54.315+0800] {logging_mixin.py:188} INFO - [2026-02-11T16:37:54.314+0800] {dag.py:3834} INFO - Setting next_dagrun for example_python_operator to None, run_after=None
[2026-02-11T16:37:54.352+0800] {processor.py:183} INFO - Processing /Users/linghuchong/miniconda3/envs/py310/lib/python3.10/site-packages/airflow/example_dags/example_python_operator.py took 0.464 seconds
[2026-02-11T16:40:51.944+0800] {processor.py:161} INFO - Started process (PID=15743) to work on /Users/linghuchong/miniconda3/envs/py310/lib/python3.10/site-packages/airflow/example_dags/example_python_operator.py
[2026-02-11T16:40:51.946+0800] {processor.py:830} INFO - Processing file /Users/linghuchong/miniconda3/envs/py310/lib/python3.10/site-packages/airflow/example_dags/example_python_operator.py for tasks to queue
[2026-02-11T16:40:51.946+0800] {logging_mixin.py:188} INFO - [2026-02-11T16:40:51.946+0800] {dagbag.py:540} INFO - Filling up the DagBag from /Users/linghuchong/miniconda3/envs/py310/lib/python3.10/site-packages/airflow/example_dags/example_python_operator.py
[2026-02-11T16:40:51.977+0800] {processor.py:840} INFO - DAG(s) 'example_python_operator' retrieved from /Users/linghuchong/miniconda3/envs/py310/lib/python3.10/site-packages/airflow/example_dags/example_python_operator.py
[2026-02-11T16:40:52.233+0800] {logging_mixin.py:188} INFO - [2026-02-11T16:40:52.233+0800] {dag.py:3047} INFO - Sync 1 DAGs
[2026-02-11T16:40:52.243+0800] {logging_mixin.py:188} INFO - [2026-02-11T16:40:52.243+0800] {dag.py:3834} INFO - Setting next_dagrun for example_python_operator to None, run_after=None
[2026-02-11T16:40:52.266+0800] {processor.py:183} INFO - Processing /Users/linghuchong/miniconda3/envs/py310/lib/python3.10/site-packages/airflow/example_dags/example_python_operator.py took 0.322 seconds
[2026-02-11T16:43:55.834+0800] {processor.py:161} INFO - Started process (PID=15992) to work on /Users/linghuchong/miniconda3/envs/py310/lib/python3.10/site-packages/airflow/example_dags/example_python_operator.py
[2026-02-11T16:43:55.836+0800] {processor.py:830} INFO - Processing file /Users/linghuchong/miniconda3/envs/py310/lib/python3.10/site-packages/airflow/example_dags/example_python_operator.py for tasks to queue
[2026-02-11T16:43:55.838+0800] {logging_mixin.py:188} INFO - [2026-02-11T16:43:55.837+0800] {dagbag.py:540} INFO - Filling up the DagBag from /Users/linghuchong/miniconda3/envs/py310/lib/python3.10/site-packages/airflow/example_dags/example_python_operator.py
[2026-02-11T16:43:55.869+0800] {processor.py:840} INFO - DAG(s) 'example_python_operator' retrieved from /Users/linghuchong/miniconda3/envs/py310/lib/python3.10/site-packages/airflow/example_dags/example_python_operator.py
[2026-02-11T16:43:56.124+0800] {logging_mixin.py:188} INFO - [2026-02-11T16:43:56.124+0800] {dag.py:3047} INFO - Sync 1 DAGs
[2026-02-11T16:43:56.134+0800] {logging_mixin.py:188} INFO - [2026-02-11T16:43:56.134+0800] {dag.py:3834} INFO - Setting next_dagrun for example_python_operator to None, run_after=None
[2026-02-11T16:43:56.159+0800] {processor.py:183} INFO - Processing /Users/linghuchong/miniconda3/envs/py310/lib/python3.10/site-packages/airflow/example_dags/example_python_operator.py took 0.326 seconds
[2026-02-11T16:47:00.300+0800] {processor.py:161} INFO - Started process (PID=16117) to work on /Users/linghuchong/miniconda3/envs/py310/lib/python3.10/site-packages/airflow/example_dags/example_python_operator.py
[2026-02-11T16:47:00.301+0800] {processor.py:830} INFO - Processing file /Users/linghuchong/miniconda3/envs/py310/lib/python3.10/site-packages/airflow/example_dags/example_python_operator.py for tasks to queue
[2026-02-11T16:47:00.302+0800] {logging_mixin.py:188} INFO - [2026-02-11T16:47:00.302+0800] {dagbag.py:540} INFO - Filling up the DagBag from /Users/linghuchong/miniconda3/envs/py310/lib/python3.10/site-packages/airflow/example_dags/example_python_operator.py
[2026-02-11T16:47:00.338+0800] {processor.py:840} INFO - DAG(s) 'example_python_operator' retrieved from /Users/linghuchong/miniconda3/envs/py310/lib/python3.10/site-packages/airflow/example_dags/example_python_operator.py
[2026-02-11T16:47:00.365+0800] {logging_mixin.py:188} INFO - [2026-02-11T16:47:00.365+0800] {dag.py:3047} INFO - Sync 1 DAGs
[2026-02-11T16:47:00.483+0800] {logging_mixin.py:188} INFO - [2026-02-11T16:47:00.483+0800] {dag.py:3834} INFO - Setting next_dagrun for example_python_operator to None, run_after=None
[2026-02-11T16:47:00.513+0800] {processor.py:183} INFO - Processing /Users/linghuchong/miniconda3/envs/py310/lib/python3.10/site-packages/airflow/example_dags/example_python_operator.py took 0.215 seconds
[2026-02-11T16:50:28.330+0800] {processor.py:161} INFO - Started process (PID=16335) to work on /Users/linghuchong/miniconda3/envs/py310/lib/python3.10/site-packages/airflow/example_dags/example_python_operator.py
[2026-02-11T16:50:28.331+0800] {processor.py:830} INFO - Processing file /Users/linghuchong/miniconda3/envs/py310/lib/python3.10/site-packages/airflow/example_dags/example_python_operator.py for tasks to queue
[2026-02-11T16:50:28.332+0800] {logging_mixin.py:188} INFO - [2026-02-11T16:50:28.332+0800] {dagbag.py:540} INFO - Filling up the DagBag from /Users/linghuchong/miniconda3/envs/py310/lib/python3.10/site-packages/airflow/example_dags/example_python_operator.py
[2026-02-11T16:50:28.360+0800] {processor.py:840} INFO - DAG(s) 'example_python_operator' retrieved from /Users/linghuchong/miniconda3/envs/py310/lib/python3.10/site-packages/airflow/example_dags/example_python_operator.py
[2026-02-11T16:50:28.570+0800] {logging_mixin.py:188} INFO - [2026-02-11T16:50:28.569+0800] {dag.py:3047} INFO - Sync 1 DAGs
[2026-02-11T16:50:28.579+0800] {logging_mixin.py:188} INFO - [2026-02-11T16:50:28.579+0800] {dag.py:3834} INFO - Setting next_dagrun for example_python_operator to None, run_after=None
[2026-02-11T16:50:28.601+0800] {processor.py:183} INFO - Processing /Users/linghuchong/miniconda3/envs/py310/lib/python3.10/site-packages/airflow/example_dags/example_python_operator.py took 0.272 seconds
[2026-02-11T16:54:02.607+0800] {processor.py:161} INFO - Started process (PID=16496) to work on /Users/linghuchong/miniconda3/envs/py310/lib/python3.10/site-packages/airflow/example_dags/example_python_operator.py
[2026-02-11T16:54:02.610+0800] {processor.py:830} INFO - Processing file /Users/linghuchong/miniconda3/envs/py310/lib/python3.10/site-packages/airflow/example_dags/example_python_operator.py for tasks to queue
[2026-02-11T16:54:02.611+0800] {logging_mixin.py:188} INFO - [2026-02-11T16:54:02.611+0800] {dagbag.py:540} INFO - Filling up the DagBag from /Users/linghuchong/miniconda3/envs/py310/lib/python3.10/site-packages/airflow/example_dags/example_python_operator.py
[2026-02-11T16:54:02.647+0800] {processor.py:840} INFO - DAG(s) 'example_python_operator' retrieved from /Users/linghuchong/miniconda3/envs/py310/lib/python3.10/site-packages/airflow/example_dags/example_python_operator.py
[2026-02-11T16:54:02.928+0800] {logging_mixin.py:188} INFO - [2026-02-11T16:54:02.928+0800] {dag.py:3047} INFO - Sync 1 DAGs
[2026-02-11T16:54:02.940+0800] {logging_mixin.py:188} INFO - [2026-02-11T16:54:02.940+0800] {dag.py:3834} INFO - Setting next_dagrun for example_python_operator to None, run_after=None
[2026-02-11T16:54:02.966+0800] {processor.py:183} INFO - Processing /Users/linghuchong/miniconda3/envs/py310/lib/python3.10/site-packages/airflow/example_dags/example_python_operator.py took 0.360 seconds
[2026-02-11T16:57:06.938+0800] {processor.py:161} INFO - Started process (PID=16624) to work on /Users/linghuchong/miniconda3/envs/py310/lib/python3.10/site-packages/airflow/example_dags/example_python_operator.py
[2026-02-11T16:57:06.941+0800] {processor.py:830} INFO - Processing file /Users/linghuchong/miniconda3/envs/py310/lib/python3.10/site-packages/airflow/example_dags/example_python_operator.py for tasks to queue
[2026-02-11T16:57:06.942+0800] {logging_mixin.py:188} INFO - [2026-02-11T16:57:06.942+0800] {dagbag.py:540} INFO - Filling up the DagBag from /Users/linghuchong/miniconda3/envs/py310/lib/python3.10/site-packages/airflow/example_dags/example_python_operator.py
[2026-02-11T16:57:06.970+0800] {processor.py:840} INFO - DAG(s) 'example_python_operator' retrieved from /Users/linghuchong/miniconda3/envs/py310/lib/python3.10/site-packages/airflow/example_dags/example_python_operator.py
[2026-02-11T16:57:07.227+0800] {logging_mixin.py:188} INFO - [2026-02-11T16:57:07.227+0800] {dag.py:3047} INFO - Sync 1 DAGs
[2026-02-11T16:57:07.238+0800] {logging_mixin.py:188} INFO - [2026-02-11T16:57:07.237+0800] {dag.py:3834} INFO - Setting next_dagrun for example_python_operator to None, run_after=None
[2026-02-11T16:57:07.259+0800] {processor.py:183} INFO - Processing /Users/linghuchong/miniconda3/envs/py310/lib/python3.10/site-packages/airflow/example_dags/example_python_operator.py took 0.322 seconds
[2026-02-11T17:00:33.099+0800] {processor.py:161} INFO - Started process (PID=16719) to work on /Users/linghuchong/miniconda3/envs/py310/lib/python3.10/site-packages/airflow/example_dags/example_python_operator.py
[2026-02-11T17:00:33.102+0800] {processor.py:830} INFO - Processing file /Users/linghuchong/miniconda3/envs/py310/lib/python3.10/site-packages/airflow/example_dags/example_python_operator.py for tasks to queue
[2026-02-11T17:00:33.103+0800] {logging_mixin.py:188} INFO - [2026-02-11T17:00:33.103+0800] {dagbag.py:540} INFO - Filling up the DagBag from /Users/linghuchong/miniconda3/envs/py310/lib/python3.10/site-packages/airflow/example_dags/example_python_operator.py
[2026-02-11T17:00:33.131+0800] {processor.py:840} INFO - DAG(s) 'example_python_operator' retrieved from /Users/linghuchong/miniconda3/envs/py310/lib/python3.10/site-packages/airflow/example_dags/example_python_operator.py
[2026-02-11T17:00:33.382+0800] {logging_mixin.py:188} INFO - [2026-02-11T17:00:33.382+0800] {dag.py:3047} INFO - Sync 1 DAGs
[2026-02-11T17:00:33.391+0800] {logging_mixin.py:188} INFO - [2026-02-11T17:00:33.391+0800] {dag.py:3834} INFO - Setting next_dagrun for example_python_operator to None, run_after=None
[2026-02-11T17:00:33.415+0800] {processor.py:183} INFO - Processing /Users/linghuchong/miniconda3/envs/py310/lib/python3.10/site-packages/airflow/example_dags/example_python_operator.py took 0.317 seconds
[2026-02-11T17:04:08.504+0800] {processor.py:161} INFO - Started process (PID=16906) to work on /Users/linghuchong/miniconda3/envs/py310/lib/python3.10/site-packages/airflow/example_dags/example_python_operator.py
[2026-02-11T17:04:08.507+0800] {processor.py:830} INFO - Processing file /Users/linghuchong/miniconda3/envs/py310/lib/python3.10/site-packages/airflow/example_dags/example_python_operator.py for tasks to queue
[2026-02-11T17:04:08.508+0800] {logging_mixin.py:188} INFO - [2026-02-11T17:04:08.508+0800] {dagbag.py:540} INFO - Filling up the DagBag from /Users/linghuchong/miniconda3/envs/py310/lib/python3.10/site-packages/airflow/example_dags/example_python_operator.py
[2026-02-11T17:04:08.538+0800] {processor.py:840} INFO - DAG(s) 'example_python_operator' retrieved from /Users/linghuchong/miniconda3/envs/py310/lib/python3.10/site-packages/airflow/example_dags/example_python_operator.py
[2026-02-11T17:04:08.784+0800] {logging_mixin.py:188} INFO - [2026-02-11T17:04:08.783+0800] {dag.py:3047} INFO - Sync 1 DAGs
[2026-02-11T17:04:08.798+0800] {logging_mixin.py:188} INFO - [2026-02-11T17:04:08.798+0800] {dag.py:3834} INFO - Setting next_dagrun for example_python_operator to None, run_after=None
[2026-02-11T17:04:08.827+0800] {processor.py:183} INFO - Processing /Users/linghuchong/miniconda3/envs/py310/lib/python3.10/site-packages/airflow/example_dags/example_python_operator.py took 0.324 seconds
[2026-02-11T17:16:19.209+0800] {processor.py:161} INFO - Started process (PID=17778) to work on /Users/linghuchong/miniconda3/envs/py310/lib/python3.10/site-packages/airflow/example_dags/example_python_operator.py
[2026-02-11T17:16:19.210+0800] {processor.py:830} INFO - Processing file /Users/linghuchong/miniconda3/envs/py310/lib/python3.10/site-packages/airflow/example_dags/example_python_operator.py for tasks to queue
[2026-02-11T17:16:19.211+0800] {logging_mixin.py:188} INFO - [2026-02-11T17:16:19.211+0800] {dagbag.py:540} INFO - Filling up the DagBag from /Users/linghuchong/miniconda3/envs/py310/lib/python3.10/site-packages/airflow/example_dags/example_python_operator.py
[2026-02-11T17:16:19.239+0800] {processor.py:840} INFO - DAG(s) 'example_python_operator' retrieved from /Users/linghuchong/miniconda3/envs/py310/lib/python3.10/site-packages/airflow/example_dags/example_python_operator.py
[2026-02-11T17:16:19.453+0800] {logging_mixin.py:188} INFO - [2026-02-11T17:16:19.452+0800] {dag.py:3047} INFO - Sync 1 DAGs
[2026-02-11T17:16:19.462+0800] {logging_mixin.py:188} INFO - [2026-02-11T17:16:19.461+0800] {dag.py:3834} INFO - Setting next_dagrun for example_python_operator to None, run_after=None
[2026-02-11T17:16:19.481+0800] {processor.py:183} INFO - Processing /Users/linghuchong/miniconda3/envs/py310/lib/python3.10/site-packages/airflow/example_dags/example_python_operator.py took 0.272 seconds
[2026-02-11T17:19:42.615+0800] {processor.py:161} INFO - Started process (PID=17869) to work on /Users/linghuchong/miniconda3/envs/py310/lib/python3.10/site-packages/airflow/example_dags/example_python_operator.py
[2026-02-11T17:19:42.616+0800] {processor.py:830} INFO - Processing file /Users/linghuchong/miniconda3/envs/py310/lib/python3.10/site-packages/airflow/example_dags/example_python_operator.py for tasks to queue
[2026-02-11T17:19:42.617+0800] {logging_mixin.py:188} INFO - [2026-02-11T17:19:42.617+0800] {dagbag.py:540} INFO - Filling up the DagBag from /Users/linghuchong/miniconda3/envs/py310/lib/python3.10/site-packages/airflow/example_dags/example_python_operator.py
[2026-02-11T17:19:42.645+0800] {processor.py:840} INFO - DAG(s) 'example_python_operator' retrieved from /Users/linghuchong/miniconda3/envs/py310/lib/python3.10/site-packages/airflow/example_dags/example_python_operator.py
[2026-02-11T17:19:42.888+0800] {logging_mixin.py:188} INFO - [2026-02-11T17:19:42.888+0800] {dag.py:3047} INFO - Sync 1 DAGs
[2026-02-11T17:19:42.899+0800] {logging_mixin.py:188} INFO - [2026-02-11T17:19:42.898+0800] {dag.py:3834} INFO - Setting next_dagrun for example_python_operator to None, run_after=None
[2026-02-11T17:19:42.918+0800] {processor.py:183} INFO - Processing /Users/linghuchong/miniconda3/envs/py310/lib/python3.10/site-packages/airflow/example_dags/example_python_operator.py took 0.304 seconds
[2026-02-11T17:22:29.862+0800] {processor.py:161} INFO - Started process (PID=17966) to work on /Users/linghuchong/miniconda3/envs/py310/lib/python3.10/site-packages/airflow/example_dags/example_python_operator.py
[2026-02-11T17:22:29.865+0800] {processor.py:830} INFO - Processing file /Users/linghuchong/miniconda3/envs/py310/lib/python3.10/site-packages/airflow/example_dags/example_python_operator.py for tasks to queue
[2026-02-11T17:22:29.866+0800] {logging_mixin.py:188} INFO - [2026-02-11T17:22:29.866+0800] {dagbag.py:540} INFO - Filling up the DagBag from /Users/linghuchong/miniconda3/envs/py310/lib/python3.10/site-packages/airflow/example_dags/example_python_operator.py
[2026-02-11T17:22:29.893+0800] {processor.py:840} INFO - DAG(s) 'example_python_operator' retrieved from /Users/linghuchong/miniconda3/envs/py310/lib/python3.10/site-packages/airflow/example_dags/example_python_operator.py
[2026-02-11T17:22:30.130+0800] {logging_mixin.py:188} INFO - [2026-02-11T17:22:30.130+0800] {dag.py:3047} INFO - Sync 1 DAGs
[2026-02-11T17:22:30.139+0800] {logging_mixin.py:188} INFO - [2026-02-11T17:22:30.139+0800] {dag.py:3834} INFO - Setting next_dagrun for example_python_operator to None, run_after=None
[2026-02-11T17:22:30.162+0800] {processor.py:183} INFO - Processing /Users/linghuchong/miniconda3/envs/py310/lib/python3.10/site-packages/airflow/example_dags/example_python_operator.py took 0.301 seconds
[2026-02-11T17:25:10.993+0800] {processor.py:161} INFO - Started process (PID=18040) to work on /Users/linghuchong/miniconda3/envs/py310/lib/python3.10/site-packages/airflow/example_dags/example_python_operator.py
[2026-02-11T17:25:10.996+0800] {processor.py:830} INFO - Processing file /Users/linghuchong/miniconda3/envs/py310/lib/python3.10/site-packages/airflow/example_dags/example_python_operator.py for tasks to queue
[2026-02-11T17:25:10.997+0800] {logging_mixin.py:188} INFO - [2026-02-11T17:25:10.997+0800] {dagbag.py:540} INFO - Filling up the DagBag from /Users/linghuchong/miniconda3/envs/py310/lib/python3.10/site-packages/airflow/example_dags/example_python_operator.py
[2026-02-11T17:25:11.028+0800] {processor.py:840} INFO - DAG(s) 'example_python_operator' retrieved from /Users/linghuchong/miniconda3/envs/py310/lib/python3.10/site-packages/airflow/example_dags/example_python_operator.py
[2026-02-11T17:25:11.270+0800] {logging_mixin.py:188} INFO - [2026-02-11T17:25:11.270+0800] {dag.py:3047} INFO - Sync 1 DAGs
[2026-02-11T17:25:11.279+0800] {logging_mixin.py:188} INFO - [2026-02-11T17:25:11.279+0800] {dag.py:3834} INFO - Setting next_dagrun for example_python_operator to None, run_after=None
[2026-02-11T17:25:11.300+0800] {processor.py:183} INFO - Processing /Users/linghuchong/miniconda3/envs/py310/lib/python3.10/site-packages/airflow/example_dags/example_python_operator.py took 0.307 seconds
[2026-02-11T17:27:52.362+0800] {processor.py:161} INFO - Started process (PID=18127) to work on /Users/linghuchong/miniconda3/envs/py310/lib/python3.10/site-packages/airflow/example_dags/example_python_operator.py
[2026-02-11T17:27:52.363+0800] {processor.py:830} INFO - Processing file /Users/linghuchong/miniconda3/envs/py310/lib/python3.10/site-packages/airflow/example_dags/example_python_operator.py for tasks to queue
[2026-02-11T17:27:52.363+0800] {logging_mixin.py:188} INFO - [2026-02-11T17:27:52.363+0800] {dagbag.py:540} INFO - Filling up the DagBag from /Users/linghuchong/miniconda3/envs/py310/lib/python3.10/site-packages/airflow/example_dags/example_python_operator.py
[2026-02-11T17:27:52.391+0800] {processor.py:840} INFO - DAG(s) 'example_python_operator' retrieved from /Users/linghuchong/miniconda3/envs/py310/lib/python3.10/site-packages/airflow/example_dags/example_python_operator.py
[2026-02-11T17:27:52.627+0800] {logging_mixin.py:188} INFO - [2026-02-11T17:27:52.626+0800] {dag.py:3047} INFO - Sync 1 DAGs
[2026-02-11T17:27:52.636+0800] {logging_mixin.py:188} INFO - [2026-02-11T17:27:52.635+0800] {dag.py:3834} INFO - Setting next_dagrun for example_python_operator to None, run_after=None
[2026-02-11T17:27:52.658+0800] {processor.py:183} INFO - Processing /Users/linghuchong/miniconda3/envs/py310/lib/python3.10/site-packages/airflow/example_dags/example_python_operator.py took 0.297 seconds
[2026-02-11T17:30:47.534+0800] {processor.py:161} INFO - Started process (PID=18244) to work on /Users/linghuchong/miniconda3/envs/py310/lib/python3.10/site-packages/airflow/example_dags/example_python_operator.py
[2026-02-11T17:30:47.537+0800] {processor.py:830} INFO - Processing file /Users/linghuchong/miniconda3/envs/py310/lib/python3.10/site-packages/airflow/example_dags/example_python_operator.py for tasks to queue
[2026-02-11T17:30:47.538+0800] {logging_mixin.py:188} INFO - [2026-02-11T17:30:47.538+0800] {dagbag.py:540} INFO - Filling up the DagBag from /Users/linghuchong/miniconda3/envs/py310/lib/python3.10/site-packages/airflow/example_dags/example_python_operator.py
[2026-02-11T17:30:47.568+0800] {processor.py:840} INFO - DAG(s) 'example_python_operator' retrieved from /Users/linghuchong/miniconda3/envs/py310/lib/python3.10/site-packages/airflow/example_dags/example_python_operator.py
[2026-02-11T17:30:47.830+0800] {logging_mixin.py:188} INFO - [2026-02-11T17:30:47.829+0800] {dag.py:3047} INFO - Sync 1 DAGs
[2026-02-11T17:30:47.840+0800] {logging_mixin.py:188} INFO - [2026-02-11T17:30:47.839+0800] {dag.py:3834} INFO - Setting next_dagrun for example_python_operator to None, run_after=None
[2026-02-11T17:30:47.862+0800] {processor.py:183} INFO - Processing /Users/linghuchong/miniconda3/envs/py310/lib/python3.10/site-packages/airflow/example_dags/example_python_operator.py took 0.329 seconds
[2026-02-11T17:33:48.786+0800] {processor.py:161} INFO - Started process (PID=18333) to work on /Users/linghuchong/miniconda3/envs/py310/lib/python3.10/site-packages/airflow/example_dags/example_python_operator.py
[2026-02-11T17:33:48.787+0800] {processor.py:830} INFO - Processing file /Users/linghuchong/miniconda3/envs/py310/lib/python3.10/site-packages/airflow/example_dags/example_python_operator.py for tasks to queue
[2026-02-11T17:33:48.788+0800] {logging_mixin.py:188} INFO - [2026-02-11T17:33:48.788+0800] {dagbag.py:540} INFO - Filling up the DagBag from /Users/linghuchong/miniconda3/envs/py310/lib/python3.10/site-packages/airflow/example_dags/example_python_operator.py
[2026-02-11T17:33:48.818+0800] {processor.py:840} INFO - DAG(s) 'example_python_operator' retrieved from /Users/linghuchong/miniconda3/envs/py310/lib/python3.10/site-packages/airflow/example_dags/example_python_operator.py
[2026-02-11T17:33:49.054+0800] {logging_mixin.py:188} INFO - [2026-02-11T17:33:49.054+0800] {dag.py:3047} INFO - Sync 1 DAGs
[2026-02-11T17:33:49.065+0800] {logging_mixin.py:188} INFO - [2026-02-11T17:33:49.065+0800] {dag.py:3834} INFO - Setting next_dagrun for example_python_operator to None, run_after=None
[2026-02-11T17:33:49.090+0800] {processor.py:183} INFO - Processing /Users/linghuchong/miniconda3/envs/py310/lib/python3.10/site-packages/airflow/example_dags/example_python_operator.py took 0.304 seconds
[2026-02-11T17:36:53.092+0800] {processor.py:161} INFO - Started process (PID=18559) to work on /Users/linghuchong/miniconda3/envs/py310/lib/python3.10/site-packages/airflow/example_dags/example_python_operator.py
[2026-02-11T17:36:53.094+0800] {processor.py:830} INFO - Processing file /Users/linghuchong/miniconda3/envs/py310/lib/python3.10/site-packages/airflow/example_dags/example_python_operator.py for tasks to queue
[2026-02-11T17:36:53.097+0800] {logging_mixin.py:188} INFO - [2026-02-11T17:36:53.095+0800] {dagbag.py:540} INFO - Filling up the DagBag from /Users/linghuchong/miniconda3/envs/py310/lib/python3.10/site-packages/airflow/example_dags/example_python_operator.py
[2026-02-11T17:36:53.157+0800] {processor.py:840} INFO - DAG(s) 'example_python_operator' retrieved from /Users/linghuchong/miniconda3/envs/py310/lib/python3.10/site-packages/airflow/example_dags/example_python_operator.py
[2026-02-11T17:36:53.505+0800] {logging_mixin.py:188} INFO - [2026-02-11T17:36:53.503+0800] {dag.py:3047} INFO - Sync 1 DAGs
[2026-02-11T17:36:53.517+0800] {logging_mixin.py:188} INFO - [2026-02-11T17:36:53.517+0800] {dag.py:3834} INFO - Setting next_dagrun for example_python_operator to None, run_after=None
[2026-02-11T17:36:53.541+0800] {processor.py:183} INFO - Processing /Users/linghuchong/miniconda3/envs/py310/lib/python3.10/site-packages/airflow/example_dags/example_python_operator.py took 0.450 seconds
[2026-02-11T17:39:58.886+0800] {processor.py:161} INFO - Started process (PID=18840) to work on /Users/linghuchong/miniconda3/envs/py310/lib/python3.10/site-packages/airflow/example_dags/example_python_operator.py
[2026-02-11T17:39:58.887+0800] {processor.py:830} INFO - Processing file /Users/linghuchong/miniconda3/envs/py310/lib/python3.10/site-packages/airflow/example_dags/example_python_operator.py for tasks to queue
[2026-02-11T17:39:58.887+0800] {logging_mixin.py:188} INFO - [2026-02-11T17:39:58.887+0800] {dagbag.py:540} INFO - Filling up the DagBag from /Users/linghuchong/miniconda3/envs/py310/lib/python3.10/site-packages/airflow/example_dags/example_python_operator.py
[2026-02-11T17:39:58.918+0800] {processor.py:840} INFO - DAG(s) 'example_python_operator' retrieved from /Users/linghuchong/miniconda3/envs/py310/lib/python3.10/site-packages/airflow/example_dags/example_python_operator.py
[2026-02-11T17:39:59.179+0800] {logging_mixin.py:188} INFO - [2026-02-11T17:39:59.179+0800] {dag.py:3047} INFO - Sync 1 DAGs
[2026-02-11T17:39:59.191+0800] {logging_mixin.py:188} INFO - [2026-02-11T17:39:59.191+0800] {dag.py:3834} INFO - Setting next_dagrun for example_python_operator to None, run_after=None
[2026-02-11T17:39:59.221+0800] {processor.py:183} INFO - Processing /Users/linghuchong/miniconda3/envs/py310/lib/python3.10/site-packages/airflow/example_dags/example_python_operator.py took 0.336 seconds
[2026-02-11T17:43:03.861+0800] {processor.py:161} INFO - Started process (PID=19133) to work on /Users/linghuchong/miniconda3/envs/py310/lib/python3.10/site-packages/airflow/example_dags/example_python_operator.py
[2026-02-11T17:43:03.862+0800] {processor.py:830} INFO - Processing file /Users/linghuchong/miniconda3/envs/py310/lib/python3.10/site-packages/airflow/example_dags/example_python_operator.py for tasks to queue
[2026-02-11T17:43:03.863+0800] {logging_mixin.py:188} INFO - [2026-02-11T17:43:03.863+0800] {dagbag.py:540} INFO - Filling up the DagBag from /Users/linghuchong/miniconda3/envs/py310/lib/python3.10/site-packages/airflow/example_dags/example_python_operator.py
[2026-02-11T17:43:03.893+0800] {processor.py:840} INFO - DAG(s) 'example_python_operator' retrieved from /Users/linghuchong/miniconda3/envs/py310/lib/python3.10/site-packages/airflow/example_dags/example_python_operator.py
[2026-02-11T17:43:04.166+0800] {logging_mixin.py:188} INFO - [2026-02-11T17:43:04.165+0800] {dag.py:3047} INFO - Sync 1 DAGs
[2026-02-11T17:43:04.175+0800] {logging_mixin.py:188} INFO - [2026-02-11T17:43:04.175+0800] {dag.py:3834} INFO - Setting next_dagrun for example_python_operator to None, run_after=None
[2026-02-11T17:43:04.198+0800] {processor.py:183} INFO - Processing /Users/linghuchong/miniconda3/envs/py310/lib/python3.10/site-packages/airflow/example_dags/example_python_operator.py took 0.338 seconds
[2026-02-11T17:46:12.905+0800] {processor.py:161} INFO - Started process (PID=19672) to work on /Users/linghuchong/miniconda3/envs/py310/lib/python3.10/site-packages/airflow/example_dags/example_python_operator.py
[2026-02-11T17:46:12.908+0800] {processor.py:830} INFO - Processing file /Users/linghuchong/miniconda3/envs/py310/lib/python3.10/site-packages/airflow/example_dags/example_python_operator.py for tasks to queue
[2026-02-11T17:46:12.909+0800] {logging_mixin.py:188} INFO - [2026-02-11T17:46:12.909+0800] {dagbag.py:540} INFO - Filling up the DagBag from /Users/linghuchong/miniconda3/envs/py310/lib/python3.10/site-packages/airflow/example_dags/example_python_operator.py
[2026-02-11T17:46:12.938+0800] {processor.py:840} INFO - DAG(s) 'example_python_operator' retrieved from /Users/linghuchong/miniconda3/envs/py310/lib/python3.10/site-packages/airflow/example_dags/example_python_operator.py
[2026-02-11T17:46:13.193+0800] {logging_mixin.py:188} INFO - [2026-02-11T17:46:13.192+0800] {dag.py:3047} INFO - Sync 1 DAGs
[2026-02-11T17:46:13.202+0800] {logging_mixin.py:188} INFO - [2026-02-11T17:46:13.202+0800] {dag.py:3834} INFO - Setting next_dagrun for example_python_operator to None, run_after=None
[2026-02-11T17:46:13.222+0800] {processor.py:183} INFO - Processing /Users/linghuchong/miniconda3/envs/py310/lib/python3.10/site-packages/airflow/example_dags/example_python_operator.py took 0.318 seconds
[2026-02-11T17:49:14.554+0800] {processor.py:161} INFO - Started process (PID=19817) to work on /Users/linghuchong/miniconda3/envs/py310/lib/python3.10/site-packages/airflow/example_dags/example_python_operator.py
[2026-02-11T17:49:14.556+0800] {processor.py:830} INFO - Processing file /Users/linghuchong/miniconda3/envs/py310/lib/python3.10/site-packages/airflow/example_dags/example_python_operator.py for tasks to queue
[2026-02-11T17:49:14.557+0800] {logging_mixin.py:188} INFO - [2026-02-11T17:49:14.557+0800] {dagbag.py:540} INFO - Filling up the DagBag from /Users/linghuchong/miniconda3/envs/py310/lib/python3.10/site-packages/airflow/example_dags/example_python_operator.py
[2026-02-11T17:49:14.586+0800] {processor.py:840} INFO - DAG(s) 'example_python_operator' retrieved from /Users/linghuchong/miniconda3/envs/py310/lib/python3.10/site-packages/airflow/example_dags/example_python_operator.py
[2026-02-11T17:49:14.828+0800] {logging_mixin.py:188} INFO - [2026-02-11T17:49:14.828+0800] {dag.py:3047} INFO - Sync 1 DAGs
[2026-02-11T17:49:14.838+0800] {logging_mixin.py:188} INFO - [2026-02-11T17:49:14.837+0800] {dag.py:3834} INFO - Setting next_dagrun for example_python_operator to None, run_after=None
[2026-02-11T17:49:14.859+0800] {processor.py:183} INFO - Processing /Users/linghuchong/miniconda3/envs/py310/lib/python3.10/site-packages/airflow/example_dags/example_python_operator.py took 0.307 seconds
[2026-02-11T17:52:20.226+0800] {processor.py:161} INFO - Started process (PID=19900) to work on /Users/linghuchong/miniconda3/envs/py310/lib/python3.10/site-packages/airflow/example_dags/example_python_operator.py
[2026-02-11T17:52:20.228+0800] {processor.py:830} INFO - Processing file /Users/linghuchong/miniconda3/envs/py310/lib/python3.10/site-packages/airflow/example_dags/example_python_operator.py for tasks to queue
[2026-02-11T17:52:20.230+0800] {logging_mixin.py:188} INFO - [2026-02-11T17:52:20.230+0800] {dagbag.py:540} INFO - Filling up the DagBag from /Users/linghuchong/miniconda3/envs/py310/lib/python3.10/site-packages/airflow/example_dags/example_python_operator.py
[2026-02-11T17:52:20.258+0800] {processor.py:840} INFO - DAG(s) 'example_python_operator' retrieved from /Users/linghuchong/miniconda3/envs/py310/lib/python3.10/site-packages/airflow/example_dags/example_python_operator.py
[2026-02-11T17:52:20.501+0800] {logging_mixin.py:188} INFO - [2026-02-11T17:52:20.500+0800] {dag.py:3047} INFO - Sync 1 DAGs
[2026-02-11T17:52:20.510+0800] {logging_mixin.py:188} INFO - [2026-02-11T17:52:20.510+0800] {dag.py:3834} INFO - Setting next_dagrun for example_python_operator to None, run_after=None
[2026-02-11T17:52:20.532+0800] {processor.py:183} INFO - Processing /Users/linghuchong/miniconda3/envs/py310/lib/python3.10/site-packages/airflow/example_dags/example_python_operator.py took 0.307 seconds
[2026-02-11T17:55:25.430+0800] {processor.py:161} INFO - Started process (PID=20037) to work on /Users/linghuchong/miniconda3/envs/py310/lib/python3.10/site-packages/airflow/example_dags/example_python_operator.py
[2026-02-11T17:55:25.433+0800] {processor.py:830} INFO - Processing file /Users/linghuchong/miniconda3/envs/py310/lib/python3.10/site-packages/airflow/example_dags/example_python_operator.py for tasks to queue
[2026-02-11T17:55:25.435+0800] {logging_mixin.py:188} INFO - [2026-02-11T17:55:25.434+0800] {dagbag.py:540} INFO - Filling up the DagBag from /Users/linghuchong/miniconda3/envs/py310/lib/python3.10/site-packages/airflow/example_dags/example_python_operator.py
[2026-02-11T17:55:25.463+0800] {processor.py:840} INFO - DAG(s) 'example_python_operator' retrieved from /Users/linghuchong/miniconda3/envs/py310/lib/python3.10/site-packages/airflow/example_dags/example_python_operator.py
[2026-02-11T17:55:25.703+0800] {logging_mixin.py:188} INFO - [2026-02-11T17:55:25.703+0800] {dag.py:3047} INFO - Sync 1 DAGs
[2026-02-11T17:55:25.717+0800] {logging_mixin.py:188} INFO - [2026-02-11T17:55:25.717+0800] {dag.py:3834} INFO - Setting next_dagrun for example_python_operator to None, run_after=None
[2026-02-11T17:55:25.737+0800] {processor.py:183} INFO - Processing /Users/linghuchong/miniconda3/envs/py310/lib/python3.10/site-packages/airflow/example_dags/example_python_operator.py took 0.307 seconds
[2026-02-11T17:58:33.193+0800] {processor.py:161} INFO - Started process (PID=20119) to work on /Users/linghuchong/miniconda3/envs/py310/lib/python3.10/site-packages/airflow/example_dags/example_python_operator.py
[2026-02-11T17:58:33.194+0800] {processor.py:830} INFO - Processing file /Users/linghuchong/miniconda3/envs/py310/lib/python3.10/site-packages/airflow/example_dags/example_python_operator.py for tasks to queue
[2026-02-11T17:58:33.195+0800] {logging_mixin.py:188} INFO - [2026-02-11T17:58:33.195+0800] {dagbag.py:540} INFO - Filling up the DagBag from /Users/linghuchong/miniconda3/envs/py310/lib/python3.10/site-packages/airflow/example_dags/example_python_operator.py
[2026-02-11T17:58:33.231+0800] {processor.py:840} INFO - DAG(s) 'example_python_operator' retrieved from /Users/linghuchong/miniconda3/envs/py310/lib/python3.10/site-packages/airflow/example_dags/example_python_operator.py
[2026-02-11T17:58:33.628+0800] {logging_mixin.py:188} INFO - [2026-02-11T17:58:33.627+0800] {dag.py:3047} INFO - Sync 1 DAGs
[2026-02-11T17:58:33.684+0800] {logging_mixin.py:188} INFO - [2026-02-11T17:58:33.684+0800] {dag.py:3834} INFO - Setting next_dagrun for example_python_operator to None, run_after=None
[2026-02-11T17:58:33.706+0800] {processor.py:183} INFO - Processing /Users/linghuchong/miniconda3/envs/py310/lib/python3.10/site-packages/airflow/example_dags/example_python_operator.py took 0.514 seconds
[2026-02-11T18:01:53.725+0800] {processor.py:161} INFO - Started process (PID=20387) to work on /Users/linghuchong/miniconda3/envs/py310/lib/python3.10/site-packages/airflow/example_dags/example_python_operator.py
[2026-02-11T18:01:53.726+0800] {processor.py:830} INFO - Processing file /Users/linghuchong/miniconda3/envs/py310/lib/python3.10/site-packages/airflow/example_dags/example_python_operator.py for tasks to queue
[2026-02-11T18:01:53.728+0800] {logging_mixin.py:188} INFO - [2026-02-11T18:01:53.727+0800] {dagbag.py:540} INFO - Filling up the DagBag from /Users/linghuchong/miniconda3/envs/py310/lib/python3.10/site-packages/airflow/example_dags/example_python_operator.py
[2026-02-11T18:01:53.764+0800] {processor.py:840} INFO - DAG(s) 'example_python_operator' retrieved from /Users/linghuchong/miniconda3/envs/py310/lib/python3.10/site-packages/airflow/example_dags/example_python_operator.py
[2026-02-11T18:01:54.012+0800] {logging_mixin.py:188} INFO - [2026-02-11T18:01:54.011+0800] {dag.py:3047} INFO - Sync 1 DAGs
[2026-02-11T18:01:54.022+0800] {logging_mixin.py:188} INFO - [2026-02-11T18:01:54.022+0800] {dag.py:3834} INFO - Setting next_dagrun for example_python_operator to None, run_after=None
[2026-02-11T18:01:54.047+0800] {processor.py:183} INFO - Processing /Users/linghuchong/miniconda3/envs/py310/lib/python3.10/site-packages/airflow/example_dags/example_python_operator.py took 0.323 seconds
