[2026-02-11T12:18:50.615+0800] {processor.py:161} INFO - Started process (PID=8208) to work on /Users/linghuchong/miniconda3/envs/py310/lib/python3.10/site-packages/airflow/example_dags/example_python_decorator.py
[2026-02-11T12:18:50.616+0800] {processor.py:830} INFO - Processing file /Users/linghuchong/miniconda3/envs/py310/lib/python3.10/site-packages/airflow/example_dags/example_python_decorator.py for tasks to queue
[2026-02-11T12:18:50.617+0800] {logging_mixin.py:188} INFO - [2026-02-11T12:18:50.617+0800] {dagbag.py:540} INFO - Filling up the DagBag from /Users/linghuchong/miniconda3/envs/py310/lib/python3.10/site-packages/airflow/example_dags/example_python_decorator.py
[2026-02-11T12:18:50.663+0800] {processor.py:840} INFO - DAG(s) 'example_python_decorator' retrieved from /Users/linghuchong/miniconda3/envs/py310/lib/python3.10/site-packages/airflow/example_dags/example_python_decorator.py
[2026-02-11T12:18:50.887+0800] {logging_mixin.py:188} INFO - [2026-02-11T12:18:50.887+0800] {override.py:1769} INFO - Created Permission View: can edit on DAG:example_python_decorator
[2026-02-11T12:18:50.895+0800] {logging_mixin.py:188} INFO - [2026-02-11T12:18:50.895+0800] {override.py:1769} INFO - Created Permission View: can delete on DAG:example_python_decorator
[2026-02-11T12:18:50.901+0800] {logging_mixin.py:188} INFO - [2026-02-11T12:18:50.901+0800] {override.py:1769} INFO - Created Permission View: can read on DAG:example_python_decorator
[2026-02-11T12:18:50.902+0800] {logging_mixin.py:188} INFO - [2026-02-11T12:18:50.901+0800] {dag.py:3047} INFO - Sync 1 DAGs
[2026-02-11T12:18:50.911+0800] {logging_mixin.py:188} INFO - [2026-02-11T12:18:50.911+0800] {dag.py:3069} INFO - Creating ORM DAG for example_python_decorator
[2026-02-11T12:18:50.912+0800] {logging_mixin.py:188} INFO - [2026-02-11T12:18:50.912+0800] {dag.py:3834} INFO - Setting next_dagrun for example_python_decorator to None, run_after=None
[2026-02-11T12:18:50.928+0800] {processor.py:183} INFO - Processing /Users/linghuchong/miniconda3/envs/py310/lib/python3.10/site-packages/airflow/example_dags/example_python_decorator.py took 0.313 seconds
[2026-02-11T12:22:12.279+0800] {processor.py:161} INFO - Started process (PID=8358) to work on /Users/linghuchong/miniconda3/envs/py310/lib/python3.10/site-packages/airflow/example_dags/example_python_decorator.py
[2026-02-11T12:22:12.280+0800] {processor.py:830} INFO - Processing file /Users/linghuchong/miniconda3/envs/py310/lib/python3.10/site-packages/airflow/example_dags/example_python_decorator.py for tasks to queue
[2026-02-11T12:22:12.281+0800] {logging_mixin.py:188} INFO - [2026-02-11T12:22:12.281+0800] {dagbag.py:540} INFO - Filling up the DagBag from /Users/linghuchong/miniconda3/envs/py310/lib/python3.10/site-packages/airflow/example_dags/example_python_decorator.py
[2026-02-11T12:22:12.321+0800] {processor.py:840} INFO - DAG(s) 'example_python_decorator' retrieved from /Users/linghuchong/miniconda3/envs/py310/lib/python3.10/site-packages/airflow/example_dags/example_python_decorator.py
[2026-02-11T12:22:12.530+0800] {logging_mixin.py:188} INFO - [2026-02-11T12:22:12.530+0800] {dag.py:3047} INFO - Sync 1 DAGs
[2026-02-11T12:22:12.540+0800] {logging_mixin.py:188} INFO - [2026-02-11T12:22:12.540+0800] {dag.py:3834} INFO - Setting next_dagrun for example_python_decorator to None, run_after=None
[2026-02-11T12:22:12.563+0800] {processor.py:183} INFO - Processing /Users/linghuchong/miniconda3/envs/py310/lib/python3.10/site-packages/airflow/example_dags/example_python_decorator.py took 0.285 seconds
[2026-02-11T12:24:52.159+0800] {processor.py:161} INFO - Started process (PID=8425) to work on /Users/linghuchong/miniconda3/envs/py310/lib/python3.10/site-packages/airflow/example_dags/example_python_decorator.py
[2026-02-11T12:24:52.161+0800] {processor.py:830} INFO - Processing file /Users/linghuchong/miniconda3/envs/py310/lib/python3.10/site-packages/airflow/example_dags/example_python_decorator.py for tasks to queue
[2026-02-11T12:24:52.162+0800] {logging_mixin.py:188} INFO - [2026-02-11T12:24:52.162+0800] {dagbag.py:540} INFO - Filling up the DagBag from /Users/linghuchong/miniconda3/envs/py310/lib/python3.10/site-packages/airflow/example_dags/example_python_decorator.py
[2026-02-11T12:24:52.203+0800] {processor.py:840} INFO - DAG(s) 'example_python_decorator' retrieved from /Users/linghuchong/miniconda3/envs/py310/lib/python3.10/site-packages/airflow/example_dags/example_python_decorator.py
[2026-02-11T12:24:52.413+0800] {logging_mixin.py:188} INFO - [2026-02-11T12:24:52.413+0800] {dag.py:3047} INFO - Sync 1 DAGs
[2026-02-11T12:24:52.423+0800] {logging_mixin.py:188} INFO - [2026-02-11T12:24:52.423+0800] {dag.py:3834} INFO - Setting next_dagrun for example_python_decorator to None, run_after=None
[2026-02-11T12:24:52.441+0800] {processor.py:183} INFO - Processing /Users/linghuchong/miniconda3/envs/py310/lib/python3.10/site-packages/airflow/example_dags/example_python_decorator.py took 0.282 seconds
[2026-02-11T12:27:27.474+0800] {processor.py:161} INFO - Started process (PID=8488) to work on /Users/linghuchong/miniconda3/envs/py310/lib/python3.10/site-packages/airflow/example_dags/example_python_decorator.py
[2026-02-11T12:27:27.477+0800] {processor.py:830} INFO - Processing file /Users/linghuchong/miniconda3/envs/py310/lib/python3.10/site-packages/airflow/example_dags/example_python_decorator.py for tasks to queue
[2026-02-11T12:27:27.478+0800] {logging_mixin.py:188} INFO - [2026-02-11T12:27:27.478+0800] {dagbag.py:540} INFO - Filling up the DagBag from /Users/linghuchong/miniconda3/envs/py310/lib/python3.10/site-packages/airflow/example_dags/example_python_decorator.py
[2026-02-11T12:27:27.515+0800] {processor.py:840} INFO - DAG(s) 'example_python_decorator' retrieved from /Users/linghuchong/miniconda3/envs/py310/lib/python3.10/site-packages/airflow/example_dags/example_python_decorator.py
[2026-02-11T12:27:27.714+0800] {logging_mixin.py:188} INFO - [2026-02-11T12:27:27.713+0800] {dag.py:3047} INFO - Sync 1 DAGs
[2026-02-11T12:27:27.722+0800] {logging_mixin.py:188} INFO - [2026-02-11T12:27:27.722+0800] {dag.py:3834} INFO - Setting next_dagrun for example_python_decorator to None, run_after=None
[2026-02-11T12:27:27.743+0800] {processor.py:183} INFO - Processing /Users/linghuchong/miniconda3/envs/py310/lib/python3.10/site-packages/airflow/example_dags/example_python_decorator.py took 0.270 seconds
[2026-02-11T13:08:23.817+0800] {processor.py:161} INFO - Started process (PID=8581) to work on /Users/linghuchong/miniconda3/envs/py310/lib/python3.10/site-packages/airflow/example_dags/example_python_decorator.py
[2026-02-11T13:08:23.818+0800] {processor.py:830} INFO - Processing file /Users/linghuchong/miniconda3/envs/py310/lib/python3.10/site-packages/airflow/example_dags/example_python_decorator.py for tasks to queue
[2026-02-11T13:08:23.819+0800] {logging_mixin.py:188} INFO - [2026-02-11T13:08:23.819+0800] {dagbag.py:540} INFO - Filling up the DagBag from /Users/linghuchong/miniconda3/envs/py310/lib/python3.10/site-packages/airflow/example_dags/example_python_decorator.py
[2026-02-11T13:08:23.865+0800] {processor.py:840} INFO - DAG(s) 'example_python_decorator' retrieved from /Users/linghuchong/miniconda3/envs/py310/lib/python3.10/site-packages/airflow/example_dags/example_python_decorator.py
[2026-02-11T13:08:24.082+0800] {logging_mixin.py:188} INFO - [2026-02-11T13:08:24.082+0800] {dag.py:3047} INFO - Sync 1 DAGs
[2026-02-11T13:08:24.093+0800] {logging_mixin.py:188} INFO - [2026-02-11T13:08:24.093+0800] {dag.py:3834} INFO - Setting next_dagrun for example_python_decorator to None, run_after=None
[2026-02-11T13:08:24.117+0800] {processor.py:183} INFO - Processing /Users/linghuchong/miniconda3/envs/py310/lib/python3.10/site-packages/airflow/example_dags/example_python_decorator.py took 0.301 seconds
[2026-02-11T13:11:03.816+0800] {processor.py:161} INFO - Started process (PID=8666) to work on /Users/linghuchong/miniconda3/envs/py310/lib/python3.10/site-packages/airflow/example_dags/example_python_decorator.py
[2026-02-11T13:11:03.820+0800] {processor.py:830} INFO - Processing file /Users/linghuchong/miniconda3/envs/py310/lib/python3.10/site-packages/airflow/example_dags/example_python_decorator.py for tasks to queue
[2026-02-11T13:11:03.823+0800] {logging_mixin.py:188} INFO - [2026-02-11T13:11:03.823+0800] {dagbag.py:540} INFO - Filling up the DagBag from /Users/linghuchong/miniconda3/envs/py310/lib/python3.10/site-packages/airflow/example_dags/example_python_decorator.py
[2026-02-11T13:11:03.891+0800] {processor.py:840} INFO - DAG(s) 'example_python_decorator' retrieved from /Users/linghuchong/miniconda3/envs/py310/lib/python3.10/site-packages/airflow/example_dags/example_python_decorator.py
[2026-02-11T13:11:04.129+0800] {logging_mixin.py:188} INFO - [2026-02-11T13:11:04.128+0800] {dag.py:3047} INFO - Sync 1 DAGs
[2026-02-11T13:11:04.139+0800] {logging_mixin.py:188} INFO - [2026-02-11T13:11:04.139+0800] {dag.py:3834} INFO - Setting next_dagrun for example_python_decorator to None, run_after=None
[2026-02-11T13:11:04.165+0800] {processor.py:183} INFO - Processing /Users/linghuchong/miniconda3/envs/py310/lib/python3.10/site-packages/airflow/example_dags/example_python_decorator.py took 0.351 seconds
[2026-02-11T13:21:16.565+0800] {processor.py:161} INFO - Started process (PID=9153) to work on /Users/linghuchong/miniconda3/envs/py310/lib/python3.10/site-packages/airflow/example_dags/example_python_decorator.py
[2026-02-11T13:21:16.567+0800] {processor.py:830} INFO - Processing file /Users/linghuchong/miniconda3/envs/py310/lib/python3.10/site-packages/airflow/example_dags/example_python_decorator.py for tasks to queue
[2026-02-11T13:21:16.568+0800] {logging_mixin.py:188} INFO - [2026-02-11T13:21:16.567+0800] {dagbag.py:540} INFO - Filling up the DagBag from /Users/linghuchong/miniconda3/envs/py310/lib/python3.10/site-packages/airflow/example_dags/example_python_decorator.py
[2026-02-11T13:21:16.610+0800] {processor.py:840} INFO - DAG(s) 'example_python_decorator' retrieved from /Users/linghuchong/miniconda3/envs/py310/lib/python3.10/site-packages/airflow/example_dags/example_python_decorator.py
[2026-02-11T13:21:16.896+0800] {logging_mixin.py:188} INFO - [2026-02-11T13:21:16.896+0800] {dag.py:3047} INFO - Sync 1 DAGs
[2026-02-11T13:21:16.906+0800] {logging_mixin.py:188} INFO - [2026-02-11T13:21:16.905+0800] {dag.py:3834} INFO - Setting next_dagrun for example_python_decorator to None, run_after=None
[2026-02-11T13:21:16.926+0800] {processor.py:183} INFO - Processing /Users/linghuchong/miniconda3/envs/py310/lib/python3.10/site-packages/airflow/example_dags/example_python_decorator.py took 0.362 seconds
[2026-02-11T13:24:31.327+0800] {processor.py:161} INFO - Started process (PID=9249) to work on /Users/linghuchong/miniconda3/envs/py310/lib/python3.10/site-packages/airflow/example_dags/example_python_decorator.py
[2026-02-11T13:24:31.329+0800] {processor.py:830} INFO - Processing file /Users/linghuchong/miniconda3/envs/py310/lib/python3.10/site-packages/airflow/example_dags/example_python_decorator.py for tasks to queue
[2026-02-11T13:24:31.331+0800] {logging_mixin.py:188} INFO - [2026-02-11T13:24:31.330+0800] {dagbag.py:540} INFO - Filling up the DagBag from /Users/linghuchong/miniconda3/envs/py310/lib/python3.10/site-packages/airflow/example_dags/example_python_decorator.py
[2026-02-11T13:24:31.370+0800] {processor.py:840} INFO - DAG(s) 'example_python_decorator' retrieved from /Users/linghuchong/miniconda3/envs/py310/lib/python3.10/site-packages/airflow/example_dags/example_python_decorator.py
[2026-02-11T13:24:31.568+0800] {logging_mixin.py:188} INFO - [2026-02-11T13:24:31.568+0800] {dag.py:3047} INFO - Sync 1 DAGs
[2026-02-11T13:24:31.577+0800] {logging_mixin.py:188} INFO - [2026-02-11T13:24:31.577+0800] {dag.py:3834} INFO - Setting next_dagrun for example_python_decorator to None, run_after=None
[2026-02-11T13:24:31.597+0800] {processor.py:183} INFO - Processing /Users/linghuchong/miniconda3/envs/py310/lib/python3.10/site-packages/airflow/example_dags/example_python_decorator.py took 0.271 seconds
[2026-02-11T13:27:18.818+0800] {processor.py:161} INFO - Started process (PID=9331) to work on /Users/linghuchong/miniconda3/envs/py310/lib/python3.10/site-packages/airflow/example_dags/example_python_decorator.py
[2026-02-11T13:27:18.821+0800] {processor.py:830} INFO - Processing file /Users/linghuchong/miniconda3/envs/py310/lib/python3.10/site-packages/airflow/example_dags/example_python_decorator.py for tasks to queue
[2026-02-11T13:27:18.822+0800] {logging_mixin.py:188} INFO - [2026-02-11T13:27:18.821+0800] {dagbag.py:540} INFO - Filling up the DagBag from /Users/linghuchong/miniconda3/envs/py310/lib/python3.10/site-packages/airflow/example_dags/example_python_decorator.py
[2026-02-11T13:27:18.864+0800] {processor.py:840} INFO - DAG(s) 'example_python_decorator' retrieved from /Users/linghuchong/miniconda3/envs/py310/lib/python3.10/site-packages/airflow/example_dags/example_python_decorator.py
[2026-02-11T13:27:19.078+0800] {logging_mixin.py:188} INFO - [2026-02-11T13:27:19.077+0800] {dag.py:3047} INFO - Sync 1 DAGs
[2026-02-11T13:27:19.088+0800] {logging_mixin.py:188} INFO - [2026-02-11T13:27:19.088+0800] {dag.py:3834} INFO - Setting next_dagrun for example_python_decorator to None, run_after=None
[2026-02-11T13:27:19.110+0800] {processor.py:183} INFO - Processing /Users/linghuchong/miniconda3/envs/py310/lib/python3.10/site-packages/airflow/example_dags/example_python_decorator.py took 0.293 seconds
[2026-02-11T13:30:08.569+0800] {processor.py:161} INFO - Started process (PID=9418) to work on /Users/linghuchong/miniconda3/envs/py310/lib/python3.10/site-packages/airflow/example_dags/example_python_decorator.py
[2026-02-11T13:30:08.571+0800] {processor.py:830} INFO - Processing file /Users/linghuchong/miniconda3/envs/py310/lib/python3.10/site-packages/airflow/example_dags/example_python_decorator.py for tasks to queue
[2026-02-11T13:30:08.572+0800] {logging_mixin.py:188} INFO - [2026-02-11T13:30:08.572+0800] {dagbag.py:540} INFO - Filling up the DagBag from /Users/linghuchong/miniconda3/envs/py310/lib/python3.10/site-packages/airflow/example_dags/example_python_decorator.py
[2026-02-11T13:30:08.626+0800] {processor.py:840} INFO - DAG(s) 'example_python_decorator' retrieved from /Users/linghuchong/miniconda3/envs/py310/lib/python3.10/site-packages/airflow/example_dags/example_python_decorator.py
[2026-02-11T13:30:08.906+0800] {logging_mixin.py:188} INFO - [2026-02-11T13:30:08.906+0800] {dag.py:3047} INFO - Sync 1 DAGs
[2026-02-11T13:30:08.916+0800] {logging_mixin.py:188} INFO - [2026-02-11T13:30:08.916+0800] {dag.py:3834} INFO - Setting next_dagrun for example_python_decorator to None, run_after=None
[2026-02-11T13:30:08.938+0800] {processor.py:183} INFO - Processing /Users/linghuchong/miniconda3/envs/py310/lib/python3.10/site-packages/airflow/example_dags/example_python_decorator.py took 0.370 seconds
[2026-02-11T13:33:08.332+0800] {processor.py:161} INFO - Started process (PID=9520) to work on /Users/linghuchong/miniconda3/envs/py310/lib/python3.10/site-packages/airflow/example_dags/example_python_decorator.py
[2026-02-11T13:33:08.335+0800] {processor.py:830} INFO - Processing file /Users/linghuchong/miniconda3/envs/py310/lib/python3.10/site-packages/airflow/example_dags/example_python_decorator.py for tasks to queue
[2026-02-11T13:33:08.336+0800] {logging_mixin.py:188} INFO - [2026-02-11T13:33:08.336+0800] {dagbag.py:540} INFO - Filling up the DagBag from /Users/linghuchong/miniconda3/envs/py310/lib/python3.10/site-packages/airflow/example_dags/example_python_decorator.py
[2026-02-11T13:33:08.376+0800] {processor.py:840} INFO - DAG(s) 'example_python_decorator' retrieved from /Users/linghuchong/miniconda3/envs/py310/lib/python3.10/site-packages/airflow/example_dags/example_python_decorator.py
[2026-02-11T13:33:08.608+0800] {logging_mixin.py:188} INFO - [2026-02-11T13:33:08.608+0800] {dag.py:3047} INFO - Sync 1 DAGs
[2026-02-11T13:33:08.618+0800] {logging_mixin.py:188} INFO - [2026-02-11T13:33:08.617+0800] {dag.py:3834} INFO - Setting next_dagrun for example_python_decorator to None, run_after=None
[2026-02-11T13:33:08.639+0800] {processor.py:183} INFO - Processing /Users/linghuchong/miniconda3/envs/py310/lib/python3.10/site-packages/airflow/example_dags/example_python_decorator.py took 0.308 seconds
[2026-02-11T13:35:58.268+0800] {processor.py:161} INFO - Started process (PID=9626) to work on /Users/linghuchong/miniconda3/envs/py310/lib/python3.10/site-packages/airflow/example_dags/example_python_decorator.py
[2026-02-11T13:35:58.271+0800] {processor.py:830} INFO - Processing file /Users/linghuchong/miniconda3/envs/py310/lib/python3.10/site-packages/airflow/example_dags/example_python_decorator.py for tasks to queue
[2026-02-11T13:35:58.272+0800] {logging_mixin.py:188} INFO - [2026-02-11T13:35:58.272+0800] {dagbag.py:540} INFO - Filling up the DagBag from /Users/linghuchong/miniconda3/envs/py310/lib/python3.10/site-packages/airflow/example_dags/example_python_decorator.py
[2026-02-11T13:35:58.313+0800] {processor.py:840} INFO - DAG(s) 'example_python_decorator' retrieved from /Users/linghuchong/miniconda3/envs/py310/lib/python3.10/site-packages/airflow/example_dags/example_python_decorator.py
[2026-02-11T13:35:58.526+0800] {logging_mixin.py:188} INFO - [2026-02-11T13:35:58.526+0800] {dag.py:3047} INFO - Sync 1 DAGs
[2026-02-11T13:35:58.536+0800] {logging_mixin.py:188} INFO - [2026-02-11T13:35:58.536+0800] {dag.py:3834} INFO - Setting next_dagrun for example_python_decorator to None, run_after=None
[2026-02-11T13:35:58.558+0800] {processor.py:183} INFO - Processing /Users/linghuchong/miniconda3/envs/py310/lib/python3.10/site-packages/airflow/example_dags/example_python_decorator.py took 0.290 seconds
[2026-02-11T16:20:13.615+0800] {processor.py:161} INFO - Started process (PID=14472) to work on /Users/linghuchong/miniconda3/envs/py310/lib/python3.10/site-packages/airflow/example_dags/example_python_decorator.py
[2026-02-11T16:20:13.617+0800] {processor.py:830} INFO - Processing file /Users/linghuchong/miniconda3/envs/py310/lib/python3.10/site-packages/airflow/example_dags/example_python_decorator.py for tasks to queue
[2026-02-11T16:20:13.618+0800] {logging_mixin.py:188} INFO - [2026-02-11T16:20:13.618+0800] {dagbag.py:540} INFO - Filling up the DagBag from /Users/linghuchong/miniconda3/envs/py310/lib/python3.10/site-packages/airflow/example_dags/example_python_decorator.py
[2026-02-11T16:20:13.664+0800] {processor.py:840} INFO - DAG(s) 'example_python_decorator' retrieved from /Users/linghuchong/miniconda3/envs/py310/lib/python3.10/site-packages/airflow/example_dags/example_python_decorator.py
[2026-02-11T16:20:13.924+0800] {logging_mixin.py:188} INFO - [2026-02-11T16:20:13.923+0800] {dag.py:3047} INFO - Sync 1 DAGs
[2026-02-11T16:20:13.934+0800] {logging_mixin.py:188} INFO - [2026-02-11T16:20:13.934+0800] {dag.py:3834} INFO - Setting next_dagrun for example_python_decorator to None, run_after=None
[2026-02-11T16:20:13.956+0800] {processor.py:183} INFO - Processing /Users/linghuchong/miniconda3/envs/py310/lib/python3.10/site-packages/airflow/example_dags/example_python_decorator.py took 0.341 seconds
[2026-02-11T16:24:50.946+0800] {processor.py:161} INFO - Started process (PID=14759) to work on /Users/linghuchong/miniconda3/envs/py310/lib/python3.10/site-packages/airflow/example_dags/example_python_decorator.py
[2026-02-11T16:24:50.948+0800] {processor.py:830} INFO - Processing file /Users/linghuchong/miniconda3/envs/py310/lib/python3.10/site-packages/airflow/example_dags/example_python_decorator.py for tasks to queue
[2026-02-11T16:24:50.949+0800] {logging_mixin.py:188} INFO - [2026-02-11T16:24:50.949+0800] {dagbag.py:540} INFO - Filling up the DagBag from /Users/linghuchong/miniconda3/envs/py310/lib/python3.10/site-packages/airflow/example_dags/example_python_decorator.py
[2026-02-11T16:24:50.994+0800] {processor.py:840} INFO - DAG(s) 'example_python_decorator' retrieved from /Users/linghuchong/miniconda3/envs/py310/lib/python3.10/site-packages/airflow/example_dags/example_python_decorator.py
[2026-02-11T16:24:51.227+0800] {logging_mixin.py:188} INFO - [2026-02-11T16:24:51.227+0800] {dag.py:3047} INFO - Sync 1 DAGs
[2026-02-11T16:24:51.238+0800] {logging_mixin.py:188} INFO - [2026-02-11T16:24:51.237+0800] {dag.py:3834} INFO - Setting next_dagrun for example_python_decorator to None, run_after=None
[2026-02-11T16:24:51.259+0800] {processor.py:183} INFO - Processing /Users/linghuchong/miniconda3/envs/py310/lib/python3.10/site-packages/airflow/example_dags/example_python_decorator.py took 0.314 seconds
[2026-02-11T16:28:26.488+0800] {processor.py:161} INFO - Started process (PID=14879) to work on /Users/linghuchong/miniconda3/envs/py310/lib/python3.10/site-packages/airflow/example_dags/example_python_decorator.py
[2026-02-11T16:28:26.492+0800] {processor.py:830} INFO - Processing file /Users/linghuchong/miniconda3/envs/py310/lib/python3.10/site-packages/airflow/example_dags/example_python_decorator.py for tasks to queue
[2026-02-11T16:28:26.493+0800] {logging_mixin.py:188} INFO - [2026-02-11T16:28:26.493+0800] {dagbag.py:540} INFO - Filling up the DagBag from /Users/linghuchong/miniconda3/envs/py310/lib/python3.10/site-packages/airflow/example_dags/example_python_decorator.py
[2026-02-11T16:28:26.543+0800] {processor.py:840} INFO - DAG(s) 'example_python_decorator' retrieved from /Users/linghuchong/miniconda3/envs/py310/lib/python3.10/site-packages/airflow/example_dags/example_python_decorator.py
[2026-02-11T16:28:26.770+0800] {logging_mixin.py:188} INFO - [2026-02-11T16:28:26.770+0800] {dag.py:3047} INFO - Sync 1 DAGs
[2026-02-11T16:28:26.781+0800] {logging_mixin.py:188} INFO - [2026-02-11T16:28:26.780+0800] {dag.py:3834} INFO - Setting next_dagrun for example_python_decorator to None, run_after=None
[2026-02-11T16:28:26.804+0800] {processor.py:183} INFO - Processing /Users/linghuchong/miniconda3/envs/py310/lib/python3.10/site-packages/airflow/example_dags/example_python_decorator.py took 0.317 seconds
[2026-02-11T16:31:32.619+0800] {processor.py:161} INFO - Started process (PID=15126) to work on /Users/linghuchong/miniconda3/envs/py310/lib/python3.10/site-packages/airflow/example_dags/example_python_decorator.py
[2026-02-11T16:31:32.622+0800] {processor.py:830} INFO - Processing file /Users/linghuchong/miniconda3/envs/py310/lib/python3.10/site-packages/airflow/example_dags/example_python_decorator.py for tasks to queue
[2026-02-11T16:31:32.626+0800] {logging_mixin.py:188} INFO - [2026-02-11T16:31:32.625+0800] {dagbag.py:540} INFO - Filling up the DagBag from /Users/linghuchong/miniconda3/envs/py310/lib/python3.10/site-packages/airflow/example_dags/example_python_decorator.py
[2026-02-11T16:31:32.714+0800] {processor.py:840} INFO - DAG(s) 'example_python_decorator' retrieved from /Users/linghuchong/miniconda3/envs/py310/lib/python3.10/site-packages/airflow/example_dags/example_python_decorator.py
[2026-02-11T16:31:33.058+0800] {logging_mixin.py:188} INFO - [2026-02-11T16:31:33.057+0800] {dag.py:3047} INFO - Sync 1 DAGs
[2026-02-11T16:31:33.077+0800] {logging_mixin.py:188} INFO - [2026-02-11T16:31:33.077+0800] {dag.py:3834} INFO - Setting next_dagrun for example_python_decorator to None, run_after=None
[2026-02-11T16:31:33.098+0800] {processor.py:183} INFO - Processing /Users/linghuchong/miniconda3/envs/py310/lib/python3.10/site-packages/airflow/example_dags/example_python_decorator.py took 0.481 seconds
[2026-02-11T16:34:47.182+0800] {processor.py:161} INFO - Started process (PID=15314) to work on /Users/linghuchong/miniconda3/envs/py310/lib/python3.10/site-packages/airflow/example_dags/example_python_decorator.py
[2026-02-11T16:34:47.188+0800] {processor.py:830} INFO - Processing file /Users/linghuchong/miniconda3/envs/py310/lib/python3.10/site-packages/airflow/example_dags/example_python_decorator.py for tasks to queue
[2026-02-11T16:34:47.190+0800] {logging_mixin.py:188} INFO - [2026-02-11T16:34:47.189+0800] {dagbag.py:540} INFO - Filling up the DagBag from /Users/linghuchong/miniconda3/envs/py310/lib/python3.10/site-packages/airflow/example_dags/example_python_decorator.py
[2026-02-11T16:34:47.231+0800] {processor.py:840} INFO - DAG(s) 'example_python_decorator' retrieved from /Users/linghuchong/miniconda3/envs/py310/lib/python3.10/site-packages/airflow/example_dags/example_python_decorator.py
[2026-02-11T16:34:47.440+0800] {logging_mixin.py:188} INFO - [2026-02-11T16:34:47.439+0800] {dag.py:3047} INFO - Sync 1 DAGs
[2026-02-11T16:34:47.449+0800] {logging_mixin.py:188} INFO - [2026-02-11T16:34:47.449+0800] {dag.py:3834} INFO - Setting next_dagrun for example_python_decorator to None, run_after=None
[2026-02-11T16:34:47.471+0800] {processor.py:183} INFO - Processing /Users/linghuchong/miniconda3/envs/py310/lib/python3.10/site-packages/airflow/example_dags/example_python_decorator.py took 0.291 seconds
[2026-02-11T16:37:58.041+0800] {processor.py:161} INFO - Started process (PID=15536) to work on /Users/linghuchong/miniconda3/envs/py310/lib/python3.10/site-packages/airflow/example_dags/example_python_decorator.py
[2026-02-11T16:37:58.042+0800] {processor.py:830} INFO - Processing file /Users/linghuchong/miniconda3/envs/py310/lib/python3.10/site-packages/airflow/example_dags/example_python_decorator.py for tasks to queue
[2026-02-11T16:37:58.043+0800] {logging_mixin.py:188} INFO - [2026-02-11T16:37:58.042+0800] {dagbag.py:540} INFO - Filling up the DagBag from /Users/linghuchong/miniconda3/envs/py310/lib/python3.10/site-packages/airflow/example_dags/example_python_decorator.py
[2026-02-11T16:37:58.082+0800] {processor.py:840} INFO - DAG(s) 'example_python_decorator' retrieved from /Users/linghuchong/miniconda3/envs/py310/lib/python3.10/site-packages/airflow/example_dags/example_python_decorator.py
[2026-02-11T16:37:58.292+0800] {logging_mixin.py:188} INFO - [2026-02-11T16:37:58.292+0800] {dag.py:3047} INFO - Sync 1 DAGs
[2026-02-11T16:37:58.301+0800] {logging_mixin.py:188} INFO - [2026-02-11T16:37:58.301+0800] {dag.py:3834} INFO - Setting next_dagrun for example_python_decorator to None, run_after=None
[2026-02-11T16:37:58.322+0800] {processor.py:183} INFO - Processing /Users/linghuchong/miniconda3/envs/py310/lib/python3.10/site-packages/airflow/example_dags/example_python_decorator.py took 0.282 seconds
[2026-02-11T16:40:55.907+0800] {processor.py:161} INFO - Started process (PID=15744) to work on /Users/linghuchong/miniconda3/envs/py310/lib/python3.10/site-packages/airflow/example_dags/example_python_decorator.py
[2026-02-11T16:40:55.908+0800] {processor.py:830} INFO - Processing file /Users/linghuchong/miniconda3/envs/py310/lib/python3.10/site-packages/airflow/example_dags/example_python_decorator.py for tasks to queue
[2026-02-11T16:40:55.909+0800] {logging_mixin.py:188} INFO - [2026-02-11T16:40:55.909+0800] {dagbag.py:540} INFO - Filling up the DagBag from /Users/linghuchong/miniconda3/envs/py310/lib/python3.10/site-packages/airflow/example_dags/example_python_decorator.py
[2026-02-11T16:40:55.949+0800] {processor.py:840} INFO - DAG(s) 'example_python_decorator' retrieved from /Users/linghuchong/miniconda3/envs/py310/lib/python3.10/site-packages/airflow/example_dags/example_python_decorator.py
[2026-02-11T16:40:56.161+0800] {logging_mixin.py:188} INFO - [2026-02-11T16:40:56.161+0800] {dag.py:3047} INFO - Sync 1 DAGs
[2026-02-11T16:40:56.171+0800] {logging_mixin.py:188} INFO - [2026-02-11T16:40:56.171+0800] {dag.py:3834} INFO - Setting next_dagrun for example_python_decorator to None, run_after=None
[2026-02-11T16:40:56.203+0800] {processor.py:183} INFO - Processing /Users/linghuchong/miniconda3/envs/py310/lib/python3.10/site-packages/airflow/example_dags/example_python_decorator.py took 0.297 seconds
[2026-02-11T16:44:00.163+0800] {processor.py:161} INFO - Started process (PID=16006) to work on /Users/linghuchong/miniconda3/envs/py310/lib/python3.10/site-packages/airflow/example_dags/example_python_decorator.py
[2026-02-11T16:44:00.165+0800] {processor.py:830} INFO - Processing file /Users/linghuchong/miniconda3/envs/py310/lib/python3.10/site-packages/airflow/example_dags/example_python_decorator.py for tasks to queue
[2026-02-11T16:44:00.167+0800] {logging_mixin.py:188} INFO - [2026-02-11T16:44:00.167+0800] {dagbag.py:540} INFO - Filling up the DagBag from /Users/linghuchong/miniconda3/envs/py310/lib/python3.10/site-packages/airflow/example_dags/example_python_decorator.py
[2026-02-11T16:44:00.209+0800] {processor.py:840} INFO - DAG(s) 'example_python_decorator' retrieved from /Users/linghuchong/miniconda3/envs/py310/lib/python3.10/site-packages/airflow/example_dags/example_python_decorator.py
[2026-02-11T16:44:00.425+0800] {logging_mixin.py:188} INFO - [2026-02-11T16:44:00.425+0800] {dag.py:3047} INFO - Sync 1 DAGs
[2026-02-11T16:44:00.435+0800] {logging_mixin.py:188} INFO - [2026-02-11T16:44:00.435+0800] {dag.py:3834} INFO - Setting next_dagrun for example_python_decorator to None, run_after=None
[2026-02-11T16:44:00.456+0800] {processor.py:183} INFO - Processing /Users/linghuchong/miniconda3/envs/py310/lib/python3.10/site-packages/airflow/example_dags/example_python_decorator.py took 0.294 seconds
[2026-02-11T16:47:04.316+0800] {processor.py:161} INFO - Started process (PID=16121) to work on /Users/linghuchong/miniconda3/envs/py310/lib/python3.10/site-packages/airflow/example_dags/example_python_decorator.py
[2026-02-11T16:47:04.319+0800] {processor.py:830} INFO - Processing file /Users/linghuchong/miniconda3/envs/py310/lib/python3.10/site-packages/airflow/example_dags/example_python_decorator.py for tasks to queue
[2026-02-11T16:47:04.320+0800] {logging_mixin.py:188} INFO - [2026-02-11T16:47:04.320+0800] {dagbag.py:540} INFO - Filling up the DagBag from /Users/linghuchong/miniconda3/envs/py310/lib/python3.10/site-packages/airflow/example_dags/example_python_decorator.py
[2026-02-11T16:47:04.361+0800] {processor.py:840} INFO - DAG(s) 'example_python_decorator' retrieved from /Users/linghuchong/miniconda3/envs/py310/lib/python3.10/site-packages/airflow/example_dags/example_python_decorator.py
[2026-02-11T16:47:04.384+0800] {logging_mixin.py:188} INFO - [2026-02-11T16:47:04.384+0800] {dag.py:3047} INFO - Sync 1 DAGs
[2026-02-11T16:47:04.483+0800] {logging_mixin.py:188} INFO - [2026-02-11T16:47:04.483+0800] {dag.py:3834} INFO - Setting next_dagrun for example_python_decorator to None, run_after=None
[2026-02-11T16:47:04.504+0800] {processor.py:183} INFO - Processing /Users/linghuchong/miniconda3/envs/py310/lib/python3.10/site-packages/airflow/example_dags/example_python_decorator.py took 0.189 seconds
[2026-02-11T16:50:32.907+0800] {processor.py:161} INFO - Started process (PID=16338) to work on /Users/linghuchong/miniconda3/envs/py310/lib/python3.10/site-packages/airflow/example_dags/example_python_decorator.py
[2026-02-11T16:50:32.909+0800] {processor.py:830} INFO - Processing file /Users/linghuchong/miniconda3/envs/py310/lib/python3.10/site-packages/airflow/example_dags/example_python_decorator.py for tasks to queue
[2026-02-11T16:50:32.910+0800] {logging_mixin.py:188} INFO - [2026-02-11T16:50:32.910+0800] {dagbag.py:540} INFO - Filling up the DagBag from /Users/linghuchong/miniconda3/envs/py310/lib/python3.10/site-packages/airflow/example_dags/example_python_decorator.py
[2026-02-11T16:50:33.001+0800] {processor.py:840} INFO - DAG(s) 'example_python_decorator' retrieved from /Users/linghuchong/miniconda3/envs/py310/lib/python3.10/site-packages/airflow/example_dags/example_python_decorator.py
[2026-02-11T16:50:33.243+0800] {logging_mixin.py:188} INFO - [2026-02-11T16:50:33.243+0800] {dag.py:3047} INFO - Sync 1 DAGs
[2026-02-11T16:50:33.253+0800] {logging_mixin.py:188} INFO - [2026-02-11T16:50:33.252+0800] {dag.py:3834} INFO - Setting next_dagrun for example_python_decorator to None, run_after=None
[2026-02-11T16:50:33.275+0800] {processor.py:183} INFO - Processing /Users/linghuchong/miniconda3/envs/py310/lib/python3.10/site-packages/airflow/example_dags/example_python_decorator.py took 0.369 seconds
[2026-02-11T16:54:06.200+0800] {processor.py:161} INFO - Started process (PID=16502) to work on /Users/linghuchong/miniconda3/envs/py310/lib/python3.10/site-packages/airflow/example_dags/example_python_decorator.py
[2026-02-11T16:54:06.203+0800] {processor.py:830} INFO - Processing file /Users/linghuchong/miniconda3/envs/py310/lib/python3.10/site-packages/airflow/example_dags/example_python_decorator.py for tasks to queue
[2026-02-11T16:54:06.204+0800] {logging_mixin.py:188} INFO - [2026-02-11T16:54:06.204+0800] {dagbag.py:540} INFO - Filling up the DagBag from /Users/linghuchong/miniconda3/envs/py310/lib/python3.10/site-packages/airflow/example_dags/example_python_decorator.py
[2026-02-11T16:54:06.249+0800] {processor.py:840} INFO - DAG(s) 'example_python_decorator' retrieved from /Users/linghuchong/miniconda3/envs/py310/lib/python3.10/site-packages/airflow/example_dags/example_python_decorator.py
[2026-02-11T16:54:06.579+0800] {logging_mixin.py:188} INFO - [2026-02-11T16:54:06.578+0800] {dag.py:3047} INFO - Sync 1 DAGs
[2026-02-11T16:54:06.589+0800] {logging_mixin.py:188} INFO - [2026-02-11T16:54:06.589+0800] {dag.py:3834} INFO - Setting next_dagrun for example_python_decorator to None, run_after=None
[2026-02-11T16:54:06.611+0800] {processor.py:183} INFO - Processing /Users/linghuchong/miniconda3/envs/py310/lib/python3.10/site-packages/airflow/example_dags/example_python_decorator.py took 0.412 seconds
[2026-02-11T16:57:11.001+0800] {processor.py:161} INFO - Started process (PID=16625) to work on /Users/linghuchong/miniconda3/envs/py310/lib/python3.10/site-packages/airflow/example_dags/example_python_decorator.py
[2026-02-11T16:57:11.005+0800] {processor.py:830} INFO - Processing file /Users/linghuchong/miniconda3/envs/py310/lib/python3.10/site-packages/airflow/example_dags/example_python_decorator.py for tasks to queue
[2026-02-11T16:57:11.006+0800] {logging_mixin.py:188} INFO - [2026-02-11T16:57:11.006+0800] {dagbag.py:540} INFO - Filling up the DagBag from /Users/linghuchong/miniconda3/envs/py310/lib/python3.10/site-packages/airflow/example_dags/example_python_decorator.py
[2026-02-11T16:57:11.048+0800] {processor.py:840} INFO - DAG(s) 'example_python_decorator' retrieved from /Users/linghuchong/miniconda3/envs/py310/lib/python3.10/site-packages/airflow/example_dags/example_python_decorator.py
[2026-02-11T16:57:11.267+0800] {logging_mixin.py:188} INFO - [2026-02-11T16:57:11.267+0800] {dag.py:3047} INFO - Sync 1 DAGs
[2026-02-11T16:57:11.277+0800] {logging_mixin.py:188} INFO - [2026-02-11T16:57:11.277+0800] {dag.py:3834} INFO - Setting next_dagrun for example_python_decorator to None, run_after=None
[2026-02-11T16:57:11.300+0800] {processor.py:183} INFO - Processing /Users/linghuchong/miniconda3/envs/py310/lib/python3.10/site-packages/airflow/example_dags/example_python_decorator.py took 0.300 seconds
[2026-02-11T17:00:44.042+0800] {processor.py:161} INFO - Started process (PID=16728) to work on /Users/linghuchong/miniconda3/envs/py310/lib/python3.10/site-packages/airflow/example_dags/example_python_decorator.py
[2026-02-11T17:00:44.045+0800] {processor.py:830} INFO - Processing file /Users/linghuchong/miniconda3/envs/py310/lib/python3.10/site-packages/airflow/example_dags/example_python_decorator.py for tasks to queue
[2026-02-11T17:00:44.047+0800] {logging_mixin.py:188} INFO - [2026-02-11T17:00:44.047+0800] {dagbag.py:540} INFO - Filling up the DagBag from /Users/linghuchong/miniconda3/envs/py310/lib/python3.10/site-packages/airflow/example_dags/example_python_decorator.py
[2026-02-11T17:00:44.097+0800] {processor.py:840} INFO - DAG(s) 'example_python_decorator' retrieved from /Users/linghuchong/miniconda3/envs/py310/lib/python3.10/site-packages/airflow/example_dags/example_python_decorator.py
[2026-02-11T17:00:44.405+0800] {logging_mixin.py:188} INFO - [2026-02-11T17:00:44.405+0800] {dag.py:3047} INFO - Sync 1 DAGs
[2026-02-11T17:00:44.416+0800] {logging_mixin.py:188} INFO - [2026-02-11T17:00:44.416+0800] {dag.py:3834} INFO - Setting next_dagrun for example_python_decorator to None, run_after=None
[2026-02-11T17:00:44.437+0800] {processor.py:183} INFO - Processing /Users/linghuchong/miniconda3/envs/py310/lib/python3.10/site-packages/airflow/example_dags/example_python_decorator.py took 0.396 seconds
[2026-02-11T17:04:12.687+0800] {processor.py:161} INFO - Started process (PID=16907) to work on /Users/linghuchong/miniconda3/envs/py310/lib/python3.10/site-packages/airflow/example_dags/example_python_decorator.py
[2026-02-11T17:04:12.690+0800] {processor.py:830} INFO - Processing file /Users/linghuchong/miniconda3/envs/py310/lib/python3.10/site-packages/airflow/example_dags/example_python_decorator.py for tasks to queue
[2026-02-11T17:04:12.691+0800] {logging_mixin.py:188} INFO - [2026-02-11T17:04:12.690+0800] {dagbag.py:540} INFO - Filling up the DagBag from /Users/linghuchong/miniconda3/envs/py310/lib/python3.10/site-packages/airflow/example_dags/example_python_decorator.py
[2026-02-11T17:04:12.735+0800] {processor.py:840} INFO - DAG(s) 'example_python_decorator' retrieved from /Users/linghuchong/miniconda3/envs/py310/lib/python3.10/site-packages/airflow/example_dags/example_python_decorator.py
[2026-02-11T17:04:12.966+0800] {logging_mixin.py:188} INFO - [2026-02-11T17:04:12.966+0800] {dag.py:3047} INFO - Sync 1 DAGs
[2026-02-11T17:04:12.977+0800] {logging_mixin.py:188} INFO - [2026-02-11T17:04:12.976+0800] {dag.py:3834} INFO - Setting next_dagrun for example_python_decorator to None, run_after=None
[2026-02-11T17:04:13.000+0800] {processor.py:183} INFO - Processing /Users/linghuchong/miniconda3/envs/py310/lib/python3.10/site-packages/airflow/example_dags/example_python_decorator.py took 0.314 seconds
[2026-02-11T17:16:23.217+0800] {processor.py:161} INFO - Started process (PID=17779) to work on /Users/linghuchong/miniconda3/envs/py310/lib/python3.10/site-packages/airflow/example_dags/example_python_decorator.py
[2026-02-11T17:16:23.220+0800] {processor.py:830} INFO - Processing file /Users/linghuchong/miniconda3/envs/py310/lib/python3.10/site-packages/airflow/example_dags/example_python_decorator.py for tasks to queue
[2026-02-11T17:16:23.221+0800] {logging_mixin.py:188} INFO - [2026-02-11T17:16:23.221+0800] {dagbag.py:540} INFO - Filling up the DagBag from /Users/linghuchong/miniconda3/envs/py310/lib/python3.10/site-packages/airflow/example_dags/example_python_decorator.py
[2026-02-11T17:16:23.280+0800] {processor.py:840} INFO - DAG(s) 'example_python_decorator' retrieved from /Users/linghuchong/miniconda3/envs/py310/lib/python3.10/site-packages/airflow/example_dags/example_python_decorator.py
[2026-02-11T17:16:23.491+0800] {logging_mixin.py:188} INFO - [2026-02-11T17:16:23.491+0800] {dag.py:3047} INFO - Sync 1 DAGs
[2026-02-11T17:16:23.501+0800] {logging_mixin.py:188} INFO - [2026-02-11T17:16:23.501+0800] {dag.py:3834} INFO - Setting next_dagrun for example_python_decorator to None, run_after=None
[2026-02-11T17:16:23.523+0800] {processor.py:183} INFO - Processing /Users/linghuchong/miniconda3/envs/py310/lib/python3.10/site-packages/airflow/example_dags/example_python_decorator.py took 0.306 seconds
[2026-02-11T17:19:46.812+0800] {processor.py:161} INFO - Started process (PID=17870) to work on /Users/linghuchong/miniconda3/envs/py310/lib/python3.10/site-packages/airflow/example_dags/example_python_decorator.py
[2026-02-11T17:19:46.813+0800] {processor.py:830} INFO - Processing file /Users/linghuchong/miniconda3/envs/py310/lib/python3.10/site-packages/airflow/example_dags/example_python_decorator.py for tasks to queue
[2026-02-11T17:19:46.814+0800] {logging_mixin.py:188} INFO - [2026-02-11T17:19:46.814+0800] {dagbag.py:540} INFO - Filling up the DagBag from /Users/linghuchong/miniconda3/envs/py310/lib/python3.10/site-packages/airflow/example_dags/example_python_decorator.py
[2026-02-11T17:19:46.853+0800] {processor.py:840} INFO - DAG(s) 'example_python_decorator' retrieved from /Users/linghuchong/miniconda3/envs/py310/lib/python3.10/site-packages/airflow/example_dags/example_python_decorator.py
[2026-02-11T17:19:47.076+0800] {logging_mixin.py:188} INFO - [2026-02-11T17:19:47.075+0800] {dag.py:3047} INFO - Sync 1 DAGs
[2026-02-11T17:19:47.085+0800] {logging_mixin.py:188} INFO - [2026-02-11T17:19:47.085+0800] {dag.py:3834} INFO - Setting next_dagrun for example_python_decorator to None, run_after=None
[2026-02-11T17:19:47.104+0800] {processor.py:183} INFO - Processing /Users/linghuchong/miniconda3/envs/py310/lib/python3.10/site-packages/airflow/example_dags/example_python_decorator.py took 0.293 seconds
[2026-02-11T17:22:33.619+0800] {processor.py:161} INFO - Started process (PID=17967) to work on /Users/linghuchong/miniconda3/envs/py310/lib/python3.10/site-packages/airflow/example_dags/example_python_decorator.py
[2026-02-11T17:22:33.623+0800] {processor.py:830} INFO - Processing file /Users/linghuchong/miniconda3/envs/py310/lib/python3.10/site-packages/airflow/example_dags/example_python_decorator.py for tasks to queue
[2026-02-11T17:22:33.624+0800] {logging_mixin.py:188} INFO - [2026-02-11T17:22:33.624+0800] {dagbag.py:540} INFO - Filling up the DagBag from /Users/linghuchong/miniconda3/envs/py310/lib/python3.10/site-packages/airflow/example_dags/example_python_decorator.py
[2026-02-11T17:22:33.662+0800] {processor.py:840} INFO - DAG(s) 'example_python_decorator' retrieved from /Users/linghuchong/miniconda3/envs/py310/lib/python3.10/site-packages/airflow/example_dags/example_python_decorator.py
[2026-02-11T17:22:33.864+0800] {logging_mixin.py:188} INFO - [2026-02-11T17:22:33.864+0800] {dag.py:3047} INFO - Sync 1 DAGs
[2026-02-11T17:22:33.873+0800] {logging_mixin.py:188} INFO - [2026-02-11T17:22:33.873+0800] {dag.py:3834} INFO - Setting next_dagrun for example_python_decorator to None, run_after=None
[2026-02-11T17:22:33.894+0800] {processor.py:183} INFO - Processing /Users/linghuchong/miniconda3/envs/py310/lib/python3.10/site-packages/airflow/example_dags/example_python_decorator.py took 0.275 seconds
[2026-02-11T17:25:14.919+0800] {processor.py:161} INFO - Started process (PID=18041) to work on /Users/linghuchong/miniconda3/envs/py310/lib/python3.10/site-packages/airflow/example_dags/example_python_decorator.py
[2026-02-11T17:25:14.922+0800] {processor.py:830} INFO - Processing file /Users/linghuchong/miniconda3/envs/py310/lib/python3.10/site-packages/airflow/example_dags/example_python_decorator.py for tasks to queue
[2026-02-11T17:25:14.923+0800] {logging_mixin.py:188} INFO - [2026-02-11T17:25:14.923+0800] {dagbag.py:540} INFO - Filling up the DagBag from /Users/linghuchong/miniconda3/envs/py310/lib/python3.10/site-packages/airflow/example_dags/example_python_decorator.py
[2026-02-11T17:25:14.962+0800] {processor.py:840} INFO - DAG(s) 'example_python_decorator' retrieved from /Users/linghuchong/miniconda3/envs/py310/lib/python3.10/site-packages/airflow/example_dags/example_python_decorator.py
[2026-02-11T17:25:15.189+0800] {logging_mixin.py:188} INFO - [2026-02-11T17:25:15.189+0800] {dag.py:3047} INFO - Sync 1 DAGs
[2026-02-11T17:25:15.198+0800] {logging_mixin.py:188} INFO - [2026-02-11T17:25:15.198+0800] {dag.py:3834} INFO - Setting next_dagrun for example_python_decorator to None, run_after=None
[2026-02-11T17:25:15.219+0800] {processor.py:183} INFO - Processing /Users/linghuchong/miniconda3/envs/py310/lib/python3.10/site-packages/airflow/example_dags/example_python_decorator.py took 0.301 seconds
[2026-02-11T17:27:56.442+0800] {processor.py:161} INFO - Started process (PID=18128) to work on /Users/linghuchong/miniconda3/envs/py310/lib/python3.10/site-packages/airflow/example_dags/example_python_decorator.py
[2026-02-11T17:27:56.443+0800] {processor.py:830} INFO - Processing file /Users/linghuchong/miniconda3/envs/py310/lib/python3.10/site-packages/airflow/example_dags/example_python_decorator.py for tasks to queue
[2026-02-11T17:27:56.444+0800] {logging_mixin.py:188} INFO - [2026-02-11T17:27:56.444+0800] {dagbag.py:540} INFO - Filling up the DagBag from /Users/linghuchong/miniconda3/envs/py310/lib/python3.10/site-packages/airflow/example_dags/example_python_decorator.py
[2026-02-11T17:27:56.486+0800] {processor.py:840} INFO - DAG(s) 'example_python_decorator' retrieved from /Users/linghuchong/miniconda3/envs/py310/lib/python3.10/site-packages/airflow/example_dags/example_python_decorator.py
[2026-02-11T17:27:56.704+0800] {logging_mixin.py:188} INFO - [2026-02-11T17:27:56.704+0800] {dag.py:3047} INFO - Sync 1 DAGs
[2026-02-11T17:27:56.716+0800] {logging_mixin.py:188} INFO - [2026-02-11T17:27:56.715+0800] {dag.py:3834} INFO - Setting next_dagrun for example_python_decorator to None, run_after=None
[2026-02-11T17:27:56.736+0800] {processor.py:183} INFO - Processing /Users/linghuchong/miniconda3/envs/py310/lib/python3.10/site-packages/airflow/example_dags/example_python_decorator.py took 0.295 seconds
[2026-02-11T17:30:51.418+0800] {processor.py:161} INFO - Started process (PID=18245) to work on /Users/linghuchong/miniconda3/envs/py310/lib/python3.10/site-packages/airflow/example_dags/example_python_decorator.py
[2026-02-11T17:30:51.420+0800] {processor.py:830} INFO - Processing file /Users/linghuchong/miniconda3/envs/py310/lib/python3.10/site-packages/airflow/example_dags/example_python_decorator.py for tasks to queue
[2026-02-11T17:30:51.421+0800] {logging_mixin.py:188} INFO - [2026-02-11T17:30:51.421+0800] {dagbag.py:540} INFO - Filling up the DagBag from /Users/linghuchong/miniconda3/envs/py310/lib/python3.10/site-packages/airflow/example_dags/example_python_decorator.py
[2026-02-11T17:30:51.467+0800] {processor.py:840} INFO - DAG(s) 'example_python_decorator' retrieved from /Users/linghuchong/miniconda3/envs/py310/lib/python3.10/site-packages/airflow/example_dags/example_python_decorator.py
[2026-02-11T17:30:51.694+0800] {logging_mixin.py:188} INFO - [2026-02-11T17:30:51.694+0800] {dag.py:3047} INFO - Sync 1 DAGs
[2026-02-11T17:30:51.704+0800] {logging_mixin.py:188} INFO - [2026-02-11T17:30:51.704+0800] {dag.py:3834} INFO - Setting next_dagrun for example_python_decorator to None, run_after=None
[2026-02-11T17:30:51.727+0800] {processor.py:183} INFO - Processing /Users/linghuchong/miniconda3/envs/py310/lib/python3.10/site-packages/airflow/example_dags/example_python_decorator.py took 0.310 seconds
[2026-02-11T17:33:53.251+0800] {processor.py:161} INFO - Started process (PID=18334) to work on /Users/linghuchong/miniconda3/envs/py310/lib/python3.10/site-packages/airflow/example_dags/example_python_decorator.py
[2026-02-11T17:33:53.252+0800] {processor.py:830} INFO - Processing file /Users/linghuchong/miniconda3/envs/py310/lib/python3.10/site-packages/airflow/example_dags/example_python_decorator.py for tasks to queue
[2026-02-11T17:33:53.253+0800] {logging_mixin.py:188} INFO - [2026-02-11T17:33:53.253+0800] {dagbag.py:540} INFO - Filling up the DagBag from /Users/linghuchong/miniconda3/envs/py310/lib/python3.10/site-packages/airflow/example_dags/example_python_decorator.py
[2026-02-11T17:33:53.297+0800] {processor.py:840} INFO - DAG(s) 'example_python_decorator' retrieved from /Users/linghuchong/miniconda3/envs/py310/lib/python3.10/site-packages/airflow/example_dags/example_python_decorator.py
[2026-02-11T17:33:53.544+0800] {logging_mixin.py:188} INFO - [2026-02-11T17:33:53.544+0800] {dag.py:3047} INFO - Sync 1 DAGs
[2026-02-11T17:33:53.559+0800] {logging_mixin.py:188} INFO - [2026-02-11T17:33:53.559+0800] {dag.py:3834} INFO - Setting next_dagrun for example_python_decorator to None, run_after=None
[2026-02-11T17:33:53.589+0800] {processor.py:183} INFO - Processing /Users/linghuchong/miniconda3/envs/py310/lib/python3.10/site-packages/airflow/example_dags/example_python_decorator.py took 0.339 seconds
[2026-02-11T17:36:57.336+0800] {processor.py:161} INFO - Started process (PID=18561) to work on /Users/linghuchong/miniconda3/envs/py310/lib/python3.10/site-packages/airflow/example_dags/example_python_decorator.py
[2026-02-11T17:36:57.337+0800] {processor.py:830} INFO - Processing file /Users/linghuchong/miniconda3/envs/py310/lib/python3.10/site-packages/airflow/example_dags/example_python_decorator.py for tasks to queue
[2026-02-11T17:36:57.338+0800] {logging_mixin.py:188} INFO - [2026-02-11T17:36:57.338+0800] {dagbag.py:540} INFO - Filling up the DagBag from /Users/linghuchong/miniconda3/envs/py310/lib/python3.10/site-packages/airflow/example_dags/example_python_decorator.py
[2026-02-11T17:36:57.382+0800] {processor.py:840} INFO - DAG(s) 'example_python_decorator' retrieved from /Users/linghuchong/miniconda3/envs/py310/lib/python3.10/site-packages/airflow/example_dags/example_python_decorator.py
[2026-02-11T17:36:57.600+0800] {logging_mixin.py:188} INFO - [2026-02-11T17:36:57.599+0800] {dag.py:3047} INFO - Sync 1 DAGs
[2026-02-11T17:36:57.611+0800] {logging_mixin.py:188} INFO - [2026-02-11T17:36:57.610+0800] {dag.py:3834} INFO - Setting next_dagrun for example_python_decorator to None, run_after=None
[2026-02-11T17:36:57.631+0800] {processor.py:183} INFO - Processing /Users/linghuchong/miniconda3/envs/py310/lib/python3.10/site-packages/airflow/example_dags/example_python_decorator.py took 0.295 seconds
[2026-02-11T17:40:03.728+0800] {processor.py:161} INFO - Started process (PID=18847) to work on /Users/linghuchong/miniconda3/envs/py310/lib/python3.10/site-packages/airflow/example_dags/example_python_decorator.py
[2026-02-11T17:40:03.730+0800] {processor.py:830} INFO - Processing file /Users/linghuchong/miniconda3/envs/py310/lib/python3.10/site-packages/airflow/example_dags/example_python_decorator.py for tasks to queue
[2026-02-11T17:40:03.731+0800] {logging_mixin.py:188} INFO - [2026-02-11T17:40:03.731+0800] {dagbag.py:540} INFO - Filling up the DagBag from /Users/linghuchong/miniconda3/envs/py310/lib/python3.10/site-packages/airflow/example_dags/example_python_decorator.py
[2026-02-11T17:40:03.773+0800] {processor.py:840} INFO - DAG(s) 'example_python_decorator' retrieved from /Users/linghuchong/miniconda3/envs/py310/lib/python3.10/site-packages/airflow/example_dags/example_python_decorator.py
[2026-02-11T17:40:03.995+0800] {logging_mixin.py:188} INFO - [2026-02-11T17:40:03.994+0800] {dag.py:3047} INFO - Sync 1 DAGs
[2026-02-11T17:40:04.005+0800] {logging_mixin.py:188} INFO - [2026-02-11T17:40:04.005+0800] {dag.py:3834} INFO - Setting next_dagrun for example_python_decorator to None, run_after=None
[2026-02-11T17:40:04.029+0800] {processor.py:183} INFO - Processing /Users/linghuchong/miniconda3/envs/py310/lib/python3.10/site-packages/airflow/example_dags/example_python_decorator.py took 0.301 seconds
[2026-02-11T17:43:08.094+0800] {processor.py:161} INFO - Started process (PID=19134) to work on /Users/linghuchong/miniconda3/envs/py310/lib/python3.10/site-packages/airflow/example_dags/example_python_decorator.py
[2026-02-11T17:43:08.097+0800] {processor.py:830} INFO - Processing file /Users/linghuchong/miniconda3/envs/py310/lib/python3.10/site-packages/airflow/example_dags/example_python_decorator.py for tasks to queue
[2026-02-11T17:43:08.099+0800] {logging_mixin.py:188} INFO - [2026-02-11T17:43:08.098+0800] {dagbag.py:540} INFO - Filling up the DagBag from /Users/linghuchong/miniconda3/envs/py310/lib/python3.10/site-packages/airflow/example_dags/example_python_decorator.py
[2026-02-11T17:43:08.140+0800] {processor.py:840} INFO - DAG(s) 'example_python_decorator' retrieved from /Users/linghuchong/miniconda3/envs/py310/lib/python3.10/site-packages/airflow/example_dags/example_python_decorator.py
[2026-02-11T17:43:08.360+0800] {logging_mixin.py:188} INFO - [2026-02-11T17:43:08.359+0800] {dag.py:3047} INFO - Sync 1 DAGs
[2026-02-11T17:43:08.371+0800] {logging_mixin.py:188} INFO - [2026-02-11T17:43:08.371+0800] {dag.py:3834} INFO - Setting next_dagrun for example_python_decorator to None, run_after=None
[2026-02-11T17:43:08.390+0800] {processor.py:183} INFO - Processing /Users/linghuchong/miniconda3/envs/py310/lib/python3.10/site-packages/airflow/example_dags/example_python_decorator.py took 0.297 seconds
[2026-02-11T17:46:17.177+0800] {processor.py:161} INFO - Started process (PID=19673) to work on /Users/linghuchong/miniconda3/envs/py310/lib/python3.10/site-packages/airflow/example_dags/example_python_decorator.py
[2026-02-11T17:46:17.180+0800] {processor.py:830} INFO - Processing file /Users/linghuchong/miniconda3/envs/py310/lib/python3.10/site-packages/airflow/example_dags/example_python_decorator.py for tasks to queue
[2026-02-11T17:46:17.181+0800] {logging_mixin.py:188} INFO - [2026-02-11T17:46:17.181+0800] {dagbag.py:540} INFO - Filling up the DagBag from /Users/linghuchong/miniconda3/envs/py310/lib/python3.10/site-packages/airflow/example_dags/example_python_decorator.py
[2026-02-11T17:46:17.231+0800] {processor.py:840} INFO - DAG(s) 'example_python_decorator' retrieved from /Users/linghuchong/miniconda3/envs/py310/lib/python3.10/site-packages/airflow/example_dags/example_python_decorator.py
[2026-02-11T17:46:17.481+0800] {logging_mixin.py:188} INFO - [2026-02-11T17:46:17.481+0800] {dag.py:3047} INFO - Sync 1 DAGs
[2026-02-11T17:46:17.493+0800] {logging_mixin.py:188} INFO - [2026-02-11T17:46:17.493+0800] {dag.py:3834} INFO - Setting next_dagrun for example_python_decorator to None, run_after=None
[2026-02-11T17:46:17.518+0800] {processor.py:183} INFO - Processing /Users/linghuchong/miniconda3/envs/py310/lib/python3.10/site-packages/airflow/example_dags/example_python_decorator.py took 0.342 seconds
[2026-02-11T17:49:18.527+0800] {processor.py:161} INFO - Started process (PID=19818) to work on /Users/linghuchong/miniconda3/envs/py310/lib/python3.10/site-packages/airflow/example_dags/example_python_decorator.py
[2026-02-11T17:49:18.530+0800] {processor.py:830} INFO - Processing file /Users/linghuchong/miniconda3/envs/py310/lib/python3.10/site-packages/airflow/example_dags/example_python_decorator.py for tasks to queue
[2026-02-11T17:49:18.531+0800] {logging_mixin.py:188} INFO - [2026-02-11T17:49:18.531+0800] {dagbag.py:540} INFO - Filling up the DagBag from /Users/linghuchong/miniconda3/envs/py310/lib/python3.10/site-packages/airflow/example_dags/example_python_decorator.py
[2026-02-11T17:49:18.570+0800] {processor.py:840} INFO - DAG(s) 'example_python_decorator' retrieved from /Users/linghuchong/miniconda3/envs/py310/lib/python3.10/site-packages/airflow/example_dags/example_python_decorator.py
[2026-02-11T17:49:18.777+0800] {logging_mixin.py:188} INFO - [2026-02-11T17:49:18.777+0800] {dag.py:3047} INFO - Sync 1 DAGs
[2026-02-11T17:49:18.787+0800] {logging_mixin.py:188} INFO - [2026-02-11T17:49:18.786+0800] {dag.py:3834} INFO - Setting next_dagrun for example_python_decorator to None, run_after=None
[2026-02-11T17:49:18.810+0800] {processor.py:183} INFO - Processing /Users/linghuchong/miniconda3/envs/py310/lib/python3.10/site-packages/airflow/example_dags/example_python_decorator.py took 0.284 seconds
[2026-02-11T17:52:25.730+0800] {processor.py:161} INFO - Started process (PID=19905) to work on /Users/linghuchong/miniconda3/envs/py310/lib/python3.10/site-packages/airflow/example_dags/example_python_decorator.py
[2026-02-11T17:52:25.733+0800] {processor.py:830} INFO - Processing file /Users/linghuchong/miniconda3/envs/py310/lib/python3.10/site-packages/airflow/example_dags/example_python_decorator.py for tasks to queue
[2026-02-11T17:52:25.734+0800] {logging_mixin.py:188} INFO - [2026-02-11T17:52:25.734+0800] {dagbag.py:540} INFO - Filling up the DagBag from /Users/linghuchong/miniconda3/envs/py310/lib/python3.10/site-packages/airflow/example_dags/example_python_decorator.py
[2026-02-11T17:52:25.781+0800] {processor.py:840} INFO - DAG(s) 'example_python_decorator' retrieved from /Users/linghuchong/miniconda3/envs/py310/lib/python3.10/site-packages/airflow/example_dags/example_python_decorator.py
[2026-02-11T17:52:26.066+0800] {logging_mixin.py:188} INFO - [2026-02-11T17:52:26.066+0800] {dag.py:3047} INFO - Sync 1 DAGs
[2026-02-11T17:52:26.075+0800] {logging_mixin.py:188} INFO - [2026-02-11T17:52:26.075+0800] {dag.py:3834} INFO - Setting next_dagrun for example_python_decorator to None, run_after=None
[2026-02-11T17:52:26.099+0800] {processor.py:183} INFO - Processing /Users/linghuchong/miniconda3/envs/py310/lib/python3.10/site-packages/airflow/example_dags/example_python_decorator.py took 0.369 seconds
[2026-02-11T17:55:29.329+0800] {processor.py:161} INFO - Started process (PID=20039) to work on /Users/linghuchong/miniconda3/envs/py310/lib/python3.10/site-packages/airflow/example_dags/example_python_decorator.py
[2026-02-11T17:55:29.332+0800] {processor.py:830} INFO - Processing file /Users/linghuchong/miniconda3/envs/py310/lib/python3.10/site-packages/airflow/example_dags/example_python_decorator.py for tasks to queue
[2026-02-11T17:55:29.333+0800] {logging_mixin.py:188} INFO - [2026-02-11T17:55:29.333+0800] {dagbag.py:540} INFO - Filling up the DagBag from /Users/linghuchong/miniconda3/envs/py310/lib/python3.10/site-packages/airflow/example_dags/example_python_decorator.py
[2026-02-11T17:55:29.376+0800] {processor.py:840} INFO - DAG(s) 'example_python_decorator' retrieved from /Users/linghuchong/miniconda3/envs/py310/lib/python3.10/site-packages/airflow/example_dags/example_python_decorator.py
[2026-02-11T17:55:29.585+0800] {logging_mixin.py:188} INFO - [2026-02-11T17:55:29.584+0800] {dag.py:3047} INFO - Sync 1 DAGs
[2026-02-11T17:55:29.594+0800] {logging_mixin.py:188} INFO - [2026-02-11T17:55:29.594+0800] {dag.py:3834} INFO - Setting next_dagrun for example_python_decorator to None, run_after=None
[2026-02-11T17:55:29.616+0800] {processor.py:183} INFO - Processing /Users/linghuchong/miniconda3/envs/py310/lib/python3.10/site-packages/airflow/example_dags/example_python_decorator.py took 0.288 seconds
[2026-02-11T17:58:37.373+0800] {processor.py:161} INFO - Started process (PID=20120) to work on /Users/linghuchong/miniconda3/envs/py310/lib/python3.10/site-packages/airflow/example_dags/example_python_decorator.py
[2026-02-11T17:58:37.376+0800] {processor.py:830} INFO - Processing file /Users/linghuchong/miniconda3/envs/py310/lib/python3.10/site-packages/airflow/example_dags/example_python_decorator.py for tasks to queue
[2026-02-11T17:58:37.377+0800] {logging_mixin.py:188} INFO - [2026-02-11T17:58:37.377+0800] {dagbag.py:540} INFO - Filling up the DagBag from /Users/linghuchong/miniconda3/envs/py310/lib/python3.10/site-packages/airflow/example_dags/example_python_decorator.py
[2026-02-11T17:58:37.418+0800] {processor.py:840} INFO - DAG(s) 'example_python_decorator' retrieved from /Users/linghuchong/miniconda3/envs/py310/lib/python3.10/site-packages/airflow/example_dags/example_python_decorator.py
[2026-02-11T17:58:37.636+0800] {logging_mixin.py:188} INFO - [2026-02-11T17:58:37.635+0800] {dag.py:3047} INFO - Sync 1 DAGs
[2026-02-11T17:58:37.645+0800] {logging_mixin.py:188} INFO - [2026-02-11T17:58:37.645+0800] {dag.py:3834} INFO - Setting next_dagrun for example_python_decorator to None, run_after=None
[2026-02-11T17:58:37.665+0800] {processor.py:183} INFO - Processing /Users/linghuchong/miniconda3/envs/py310/lib/python3.10/site-packages/airflow/example_dags/example_python_decorator.py took 0.292 seconds
[2026-02-11T18:01:57.663+0800] {processor.py:161} INFO - Started process (PID=20394) to work on /Users/linghuchong/miniconda3/envs/py310/lib/python3.10/site-packages/airflow/example_dags/example_python_decorator.py
[2026-02-11T18:01:57.665+0800] {processor.py:830} INFO - Processing file /Users/linghuchong/miniconda3/envs/py310/lib/python3.10/site-packages/airflow/example_dags/example_python_decorator.py for tasks to queue
[2026-02-11T18:01:57.666+0800] {logging_mixin.py:188} INFO - [2026-02-11T18:01:57.666+0800] {dagbag.py:540} INFO - Filling up the DagBag from /Users/linghuchong/miniconda3/envs/py310/lib/python3.10/site-packages/airflow/example_dags/example_python_decorator.py
[2026-02-11T18:01:57.716+0800] {processor.py:840} INFO - DAG(s) 'example_python_decorator' retrieved from /Users/linghuchong/miniconda3/envs/py310/lib/python3.10/site-packages/airflow/example_dags/example_python_decorator.py
[2026-02-11T18:01:57.965+0800] {logging_mixin.py:188} INFO - [2026-02-11T18:01:57.964+0800] {dag.py:3047} INFO - Sync 1 DAGs
[2026-02-11T18:01:57.976+0800] {logging_mixin.py:188} INFO - [2026-02-11T18:01:57.976+0800] {dag.py:3834} INFO - Setting next_dagrun for example_python_decorator to None, run_after=None
[2026-02-11T18:01:58.003+0800] {processor.py:183} INFO - Processing /Users/linghuchong/miniconda3/envs/py310/lib/python3.10/site-packages/airflow/example_dags/example_python_decorator.py took 0.341 seconds
