[2026-02-11T12:20:14.500+0800] {processor.py:161} INFO - Started process (PID=8261) to work on /Users/linghuchong/miniconda3/envs/py310/lib/python3.10/site-packages/airflow/example_dags/example_branch_datetime_operator.py
[2026-02-11T12:20:14.501+0800] {processor.py:830} INFO - Processing file /Users/linghuchong/miniconda3/envs/py310/lib/python3.10/site-packages/airflow/example_dags/example_branch_datetime_operator.py for tasks to queue
[2026-02-11T12:20:14.502+0800] {logging_mixin.py:188} INFO - [2026-02-11T12:20:14.502+0800] {dagbag.py:540} INFO - Filling up the DagBag from /Users/linghuchong/miniconda3/envs/py310/lib/python3.10/site-packages/airflow/example_dags/example_branch_datetime_operator.py
[2026-02-11T12:20:14.520+0800] {processor.py:840} INFO - DAG(s) 'example_branch_datetime_operator_2', 'example_branch_datetime_operator', 'example_branch_datetime_operator_3' retrieved from /Users/linghuchong/miniconda3/envs/py310/lib/python3.10/site-packages/airflow/example_dags/example_branch_datetime_operator.py
[2026-02-11T12:20:14.735+0800] {logging_mixin.py:188} INFO - [2026-02-11T12:20:14.735+0800] {override.py:1769} INFO - Created Permission View: can edit on DAG:example_branch_datetime_operator_2
[2026-02-11T12:20:14.745+0800] {logging_mixin.py:188} INFO - [2026-02-11T12:20:14.745+0800] {override.py:1769} INFO - Created Permission View: can read on DAG:example_branch_datetime_operator_2
[2026-02-11T12:20:14.751+0800] {logging_mixin.py:188} INFO - [2026-02-11T12:20:14.751+0800] {override.py:1769} INFO - Created Permission View: can delete on DAG:example_branch_datetime_operator_2
[2026-02-11T12:20:14.769+0800] {logging_mixin.py:188} INFO - [2026-02-11T12:20:14.769+0800] {override.py:1769} INFO - Created Permission View: can edit on DAG:example_branch_datetime_operator
[2026-02-11T12:20:14.778+0800] {logging_mixin.py:188} INFO - [2026-02-11T12:20:14.778+0800] {override.py:1769} INFO - Created Permission View: can read on DAG:example_branch_datetime_operator
[2026-02-11T12:20:14.784+0800] {logging_mixin.py:188} INFO - [2026-02-11T12:20:14.784+0800] {override.py:1769} INFO - Created Permission View: can delete on DAG:example_branch_datetime_operator
[2026-02-11T12:20:14.796+0800] {logging_mixin.py:188} INFO - [2026-02-11T12:20:14.795+0800] {override.py:1769} INFO - Created Permission View: can edit on DAG:example_branch_datetime_operator_3
[2026-02-11T12:20:14.801+0800] {logging_mixin.py:188} INFO - [2026-02-11T12:20:14.801+0800] {override.py:1769} INFO - Created Permission View: can read on DAG:example_branch_datetime_operator_3
[2026-02-11T12:20:14.807+0800] {logging_mixin.py:188} INFO - [2026-02-11T12:20:14.807+0800] {override.py:1769} INFO - Created Permission View: can delete on DAG:example_branch_datetime_operator_3
[2026-02-11T12:20:14.807+0800] {logging_mixin.py:188} INFO - [2026-02-11T12:20:14.807+0800] {dag.py:3047} INFO - Sync 3 DAGs
[2026-02-11T12:20:14.817+0800] {logging_mixin.py:188} INFO - [2026-02-11T12:20:14.817+0800] {dag.py:3069} INFO - Creating ORM DAG for example_branch_datetime_operator_2
[2026-02-11T12:20:14.818+0800] {logging_mixin.py:188} INFO - [2026-02-11T12:20:14.818+0800] {dag.py:3069} INFO - Creating ORM DAG for example_branch_datetime_operator
[2026-02-11T12:20:14.818+0800] {logging_mixin.py:188} INFO - [2026-02-11T12:20:14.818+0800] {dag.py:3069} INFO - Creating ORM DAG for example_branch_datetime_operator_3
[2026-02-11T12:20:14.830+0800] {logging_mixin.py:188} INFO - [2026-02-11T12:20:14.829+0800] {dag.py:3834} INFO - Setting next_dagrun for example_branch_datetime_operator to 2026-02-10 00:00:00+00:00, run_after=2026-02-11 00:00:00+00:00
[2026-02-11T12:20:14.832+0800] {logging_mixin.py:188} INFO - [2026-02-11T12:20:14.832+0800] {dag.py:3834} INFO - Setting next_dagrun for example_branch_datetime_operator_2 to 2026-02-10 00:00:00+00:00, run_after=2026-02-11 00:00:00+00:00
[2026-02-11T12:20:14.834+0800] {logging_mixin.py:188} INFO - [2026-02-11T12:20:14.833+0800] {dag.py:3834} INFO - Setting next_dagrun for example_branch_datetime_operator_3 to 2026-02-10 00:00:00+00:00, run_after=2026-02-11 00:00:00+00:00
[2026-02-11T12:20:14.851+0800] {processor.py:183} INFO - Processing /Users/linghuchong/miniconda3/envs/py310/lib/python3.10/site-packages/airflow/example_dags/example_branch_datetime_operator.py took 0.351 seconds
[2026-02-11T12:25:39.429+0800] {processor.py:161} INFO - Started process (PID=8446) to work on /Users/linghuchong/miniconda3/envs/py310/lib/python3.10/site-packages/airflow/example_dags/example_branch_datetime_operator.py
[2026-02-11T12:25:39.432+0800] {processor.py:830} INFO - Processing file /Users/linghuchong/miniconda3/envs/py310/lib/python3.10/site-packages/airflow/example_dags/example_branch_datetime_operator.py for tasks to queue
[2026-02-11T12:25:39.434+0800] {logging_mixin.py:188} INFO - [2026-02-11T12:25:39.433+0800] {dagbag.py:540} INFO - Filling up the DagBag from /Users/linghuchong/miniconda3/envs/py310/lib/python3.10/site-packages/airflow/example_dags/example_branch_datetime_operator.py
[2026-02-11T12:25:39.449+0800] {processor.py:840} INFO - DAG(s) 'example_branch_datetime_operator', 'example_branch_datetime_operator_2', 'example_branch_datetime_operator_3' retrieved from /Users/linghuchong/miniconda3/envs/py310/lib/python3.10/site-packages/airflow/example_dags/example_branch_datetime_operator.py
[2026-02-11T12:25:39.601+0800] {logging_mixin.py:188} INFO - [2026-02-11T12:25:39.600+0800] {dag.py:3047} INFO - Sync 3 DAGs
[2026-02-11T12:25:39.621+0800] {logging_mixin.py:188} INFO - [2026-02-11T12:25:39.620+0800] {dag.py:3834} INFO - Setting next_dagrun for example_branch_datetime_operator to 2026-02-10 00:00:00+00:00, run_after=2026-02-11 00:00:00+00:00
[2026-02-11T12:25:39.626+0800] {logging_mixin.py:188} INFO - [2026-02-11T12:25:39.625+0800] {dag.py:3834} INFO - Setting next_dagrun for example_branch_datetime_operator_2 to 2026-02-10 00:00:00+00:00, run_after=2026-02-11 00:00:00+00:00
[2026-02-11T12:25:39.628+0800] {logging_mixin.py:188} INFO - [2026-02-11T12:25:39.628+0800] {dag.py:3834} INFO - Setting next_dagrun for example_branch_datetime_operator_3 to 2026-02-10 00:00:00+00:00, run_after=2026-02-11 00:00:00+00:00
[2026-02-11T12:25:39.648+0800] {processor.py:183} INFO - Processing /Users/linghuchong/miniconda3/envs/py310/lib/python3.10/site-packages/airflow/example_dags/example_branch_datetime_operator.py took 0.220 seconds
[2026-02-11T13:09:09.492+0800] {processor.py:161} INFO - Started process (PID=8625) to work on /Users/linghuchong/miniconda3/envs/py310/lib/python3.10/site-packages/airflow/example_dags/example_branch_datetime_operator.py
[2026-02-11T13:09:09.495+0800] {processor.py:830} INFO - Processing file /Users/linghuchong/miniconda3/envs/py310/lib/python3.10/site-packages/airflow/example_dags/example_branch_datetime_operator.py for tasks to queue
[2026-02-11T13:09:09.496+0800] {logging_mixin.py:188} INFO - [2026-02-11T13:09:09.496+0800] {dagbag.py:540} INFO - Filling up the DagBag from /Users/linghuchong/miniconda3/envs/py310/lib/python3.10/site-packages/airflow/example_dags/example_branch_datetime_operator.py
[2026-02-11T13:09:09.511+0800] {processor.py:840} INFO - DAG(s) 'example_branch_datetime_operator', 'example_branch_datetime_operator_3', 'example_branch_datetime_operator_2' retrieved from /Users/linghuchong/miniconda3/envs/py310/lib/python3.10/site-packages/airflow/example_dags/example_branch_datetime_operator.py
[2026-02-11T13:09:09.644+0800] {logging_mixin.py:188} INFO - [2026-02-11T13:09:09.643+0800] {dag.py:3047} INFO - Sync 3 DAGs
[2026-02-11T13:09:09.665+0800] {logging_mixin.py:188} INFO - [2026-02-11T13:09:09.665+0800] {dag.py:3834} INFO - Setting next_dagrun for example_branch_datetime_operator to 2026-02-10 00:00:00+00:00, run_after=2026-02-11 00:00:00+00:00
[2026-02-11T13:09:09.669+0800] {logging_mixin.py:188} INFO - [2026-02-11T13:09:09.669+0800] {dag.py:3834} INFO - Setting next_dagrun for example_branch_datetime_operator_2 to 2026-02-10 00:00:00+00:00, run_after=2026-02-11 00:00:00+00:00
[2026-02-11T13:09:09.673+0800] {logging_mixin.py:188} INFO - [2026-02-11T13:09:09.672+0800] {dag.py:3834} INFO - Setting next_dagrun for example_branch_datetime_operator_3 to 2026-02-10 00:00:00+00:00, run_after=2026-02-11 00:00:00+00:00
[2026-02-11T13:09:09.692+0800] {processor.py:183} INFO - Processing /Users/linghuchong/miniconda3/envs/py310/lib/python3.10/site-packages/airflow/example_dags/example_branch_datetime_operator.py took 0.200 seconds
[2026-02-11T13:22:33.600+0800] {processor.py:161} INFO - Started process (PID=9186) to work on /Users/linghuchong/miniconda3/envs/py310/lib/python3.10/site-packages/airflow/example_dags/example_branch_datetime_operator.py
[2026-02-11T13:22:33.603+0800] {processor.py:830} INFO - Processing file /Users/linghuchong/miniconda3/envs/py310/lib/python3.10/site-packages/airflow/example_dags/example_branch_datetime_operator.py for tasks to queue
[2026-02-11T13:22:33.605+0800] {logging_mixin.py:188} INFO - [2026-02-11T13:22:33.605+0800] {dagbag.py:540} INFO - Filling up the DagBag from /Users/linghuchong/miniconda3/envs/py310/lib/python3.10/site-packages/airflow/example_dags/example_branch_datetime_operator.py
[2026-02-11T13:22:33.621+0800] {processor.py:840} INFO - DAG(s) 'example_branch_datetime_operator_2', 'example_branch_datetime_operator_3', 'example_branch_datetime_operator' retrieved from /Users/linghuchong/miniconda3/envs/py310/lib/python3.10/site-packages/airflow/example_dags/example_branch_datetime_operator.py
[2026-02-11T13:22:33.762+0800] {logging_mixin.py:188} INFO - [2026-02-11T13:22:33.762+0800] {dag.py:3047} INFO - Sync 3 DAGs
[2026-02-11T13:22:33.785+0800] {logging_mixin.py:188} INFO - [2026-02-11T13:22:33.785+0800] {dag.py:3834} INFO - Setting next_dagrun for example_branch_datetime_operator to 2026-02-10 00:00:00+00:00, run_after=2026-02-11 00:00:00+00:00
[2026-02-11T13:22:33.791+0800] {logging_mixin.py:188} INFO - [2026-02-11T13:22:33.791+0800] {dag.py:3834} INFO - Setting next_dagrun for example_branch_datetime_operator_2 to 2026-02-10 00:00:00+00:00, run_after=2026-02-11 00:00:00+00:00
[2026-02-11T13:22:33.794+0800] {logging_mixin.py:188} INFO - [2026-02-11T13:22:33.793+0800] {dag.py:3834} INFO - Setting next_dagrun for example_branch_datetime_operator_3 to 2026-02-10 00:00:00+00:00, run_after=2026-02-11 00:00:00+00:00
[2026-02-11T13:22:33.815+0800] {processor.py:183} INFO - Processing /Users/linghuchong/miniconda3/envs/py310/lib/python3.10/site-packages/airflow/example_dags/example_branch_datetime_operator.py took 0.215 seconds
[2026-02-11T13:28:07.992+0800] {processor.py:161} INFO - Started process (PID=9355) to work on /Users/linghuchong/miniconda3/envs/py310/lib/python3.10/site-packages/airflow/example_dags/example_branch_datetime_operator.py
[2026-02-11T13:28:07.995+0800] {processor.py:830} INFO - Processing file /Users/linghuchong/miniconda3/envs/py310/lib/python3.10/site-packages/airflow/example_dags/example_branch_datetime_operator.py for tasks to queue
[2026-02-11T13:28:07.996+0800] {logging_mixin.py:188} INFO - [2026-02-11T13:28:07.996+0800] {dagbag.py:540} INFO - Filling up the DagBag from /Users/linghuchong/miniconda3/envs/py310/lib/python3.10/site-packages/airflow/example_dags/example_branch_datetime_operator.py
[2026-02-11T13:28:08.013+0800] {processor.py:840} INFO - DAG(s) 'example_branch_datetime_operator', 'example_branch_datetime_operator_3', 'example_branch_datetime_operator_2' retrieved from /Users/linghuchong/miniconda3/envs/py310/lib/python3.10/site-packages/airflow/example_dags/example_branch_datetime_operator.py
[2026-02-11T13:28:08.156+0800] {logging_mixin.py:188} INFO - [2026-02-11T13:28:08.155+0800] {dag.py:3047} INFO - Sync 3 DAGs
[2026-02-11T13:28:08.178+0800] {logging_mixin.py:188} INFO - [2026-02-11T13:28:08.178+0800] {dag.py:3834} INFO - Setting next_dagrun for example_branch_datetime_operator to 2026-02-10 00:00:00+00:00, run_after=2026-02-11 00:00:00+00:00
[2026-02-11T13:28:08.184+0800] {logging_mixin.py:188} INFO - [2026-02-11T13:28:08.184+0800] {dag.py:3834} INFO - Setting next_dagrun for example_branch_datetime_operator_2 to 2026-02-10 00:00:00+00:00, run_after=2026-02-11 00:00:00+00:00
[2026-02-11T13:28:08.187+0800] {logging_mixin.py:188} INFO - [2026-02-11T13:28:08.187+0800] {dag.py:3834} INFO - Setting next_dagrun for example_branch_datetime_operator_3 to 2026-02-10 00:00:00+00:00, run_after=2026-02-11 00:00:00+00:00
[2026-02-11T13:28:08.208+0800] {processor.py:183} INFO - Processing /Users/linghuchong/miniconda3/envs/py310/lib/python3.10/site-packages/airflow/example_dags/example_branch_datetime_operator.py took 0.218 seconds
[2026-02-11T13:34:00.806+0800] {processor.py:161} INFO - Started process (PID=9550) to work on /Users/linghuchong/miniconda3/envs/py310/lib/python3.10/site-packages/airflow/example_dags/example_branch_datetime_operator.py
[2026-02-11T13:34:00.809+0800] {processor.py:830} INFO - Processing file /Users/linghuchong/miniconda3/envs/py310/lib/python3.10/site-packages/airflow/example_dags/example_branch_datetime_operator.py for tasks to queue
[2026-02-11T13:34:00.810+0800] {logging_mixin.py:188} INFO - [2026-02-11T13:34:00.810+0800] {dagbag.py:540} INFO - Filling up the DagBag from /Users/linghuchong/miniconda3/envs/py310/lib/python3.10/site-packages/airflow/example_dags/example_branch_datetime_operator.py
[2026-02-11T13:34:00.826+0800] {processor.py:840} INFO - DAG(s) 'example_branch_datetime_operator', 'example_branch_datetime_operator_3', 'example_branch_datetime_operator_2' retrieved from /Users/linghuchong/miniconda3/envs/py310/lib/python3.10/site-packages/airflow/example_dags/example_branch_datetime_operator.py
[2026-02-11T13:34:00.962+0800] {logging_mixin.py:188} INFO - [2026-02-11T13:34:00.961+0800] {dag.py:3047} INFO - Sync 3 DAGs
[2026-02-11T13:34:00.984+0800] {logging_mixin.py:188} INFO - [2026-02-11T13:34:00.984+0800] {dag.py:3834} INFO - Setting next_dagrun for example_branch_datetime_operator to 2026-02-10 00:00:00+00:00, run_after=2026-02-11 00:00:00+00:00
[2026-02-11T13:34:00.989+0800] {logging_mixin.py:188} INFO - [2026-02-11T13:34:00.989+0800] {dag.py:3834} INFO - Setting next_dagrun for example_branch_datetime_operator_2 to 2026-02-10 00:00:00+00:00, run_after=2026-02-11 00:00:00+00:00
[2026-02-11T13:34:00.991+0800] {logging_mixin.py:188} INFO - [2026-02-11T13:34:00.991+0800] {dag.py:3834} INFO - Setting next_dagrun for example_branch_datetime_operator_3 to 2026-02-10 00:00:00+00:00, run_after=2026-02-11 00:00:00+00:00
[2026-02-11T13:34:01.009+0800] {processor.py:183} INFO - Processing /Users/linghuchong/miniconda3/envs/py310/lib/python3.10/site-packages/airflow/example_dags/example_branch_datetime_operator.py took 0.204 seconds
[2026-02-11T16:22:18.282+0800] {processor.py:161} INFO - Started process (PID=14585) to work on /Users/linghuchong/miniconda3/envs/py310/lib/python3.10/site-packages/airflow/example_dags/example_branch_datetime_operator.py
[2026-02-11T16:22:18.286+0800] {processor.py:830} INFO - Processing file /Users/linghuchong/miniconda3/envs/py310/lib/python3.10/site-packages/airflow/example_dags/example_branch_datetime_operator.py for tasks to queue
[2026-02-11T16:22:18.287+0800] {logging_mixin.py:188} INFO - [2026-02-11T16:22:18.287+0800] {dagbag.py:540} INFO - Filling up the DagBag from /Users/linghuchong/miniconda3/envs/py310/lib/python3.10/site-packages/airflow/example_dags/example_branch_datetime_operator.py
[2026-02-11T16:22:18.301+0800] {processor.py:840} INFO - DAG(s) 'example_branch_datetime_operator', 'example_branch_datetime_operator_2', 'example_branch_datetime_operator_3' retrieved from /Users/linghuchong/miniconda3/envs/py310/lib/python3.10/site-packages/airflow/example_dags/example_branch_datetime_operator.py
[2026-02-11T16:22:18.553+0800] {logging_mixin.py:188} INFO - [2026-02-11T16:22:18.553+0800] {dag.py:3047} INFO - Sync 3 DAGs
[2026-02-11T16:22:18.575+0800] {logging_mixin.py:188} INFO - [2026-02-11T16:22:18.575+0800] {dag.py:3834} INFO - Setting next_dagrun for example_branch_datetime_operator to 2026-02-10 00:00:00+00:00, run_after=2026-02-11 00:00:00+00:00
[2026-02-11T16:22:18.580+0800] {logging_mixin.py:188} INFO - [2026-02-11T16:22:18.579+0800] {dag.py:3834} INFO - Setting next_dagrun for example_branch_datetime_operator_2 to 2026-02-10 00:00:00+00:00, run_after=2026-02-11 00:00:00+00:00
[2026-02-11T16:22:18.583+0800] {logging_mixin.py:188} INFO - [2026-02-11T16:22:18.583+0800] {dag.py:3834} INFO - Setting next_dagrun for example_branch_datetime_operator_3 to 2026-02-10 00:00:00+00:00, run_after=2026-02-11 00:00:00+00:00
[2026-02-11T16:22:18.605+0800] {processor.py:183} INFO - Processing /Users/linghuchong/miniconda3/envs/py310/lib/python3.10/site-packages/airflow/example_dags/example_branch_datetime_operator.py took 0.324 seconds
[2026-02-11T16:29:14.599+0800] {processor.py:161} INFO - Started process (PID=14909) to work on /Users/linghuchong/miniconda3/envs/py310/lib/python3.10/site-packages/airflow/example_dags/example_branch_datetime_operator.py
[2026-02-11T16:29:14.600+0800] {processor.py:830} INFO - Processing file /Users/linghuchong/miniconda3/envs/py310/lib/python3.10/site-packages/airflow/example_dags/example_branch_datetime_operator.py for tasks to queue
[2026-02-11T16:29:14.601+0800] {logging_mixin.py:188} INFO - [2026-02-11T16:29:14.601+0800] {dagbag.py:540} INFO - Filling up the DagBag from /Users/linghuchong/miniconda3/envs/py310/lib/python3.10/site-packages/airflow/example_dags/example_branch_datetime_operator.py
[2026-02-11T16:29:14.614+0800] {processor.py:840} INFO - DAG(s) 'example_branch_datetime_operator_2', 'example_branch_datetime_operator', 'example_branch_datetime_operator_3' retrieved from /Users/linghuchong/miniconda3/envs/py310/lib/python3.10/site-packages/airflow/example_dags/example_branch_datetime_operator.py
[2026-02-11T16:29:14.844+0800] {logging_mixin.py:188} INFO - [2026-02-11T16:29:14.844+0800] {dag.py:3047} INFO - Sync 3 DAGs
[2026-02-11T16:29:14.865+0800] {logging_mixin.py:188} INFO - [2026-02-11T16:29:14.865+0800] {dag.py:3834} INFO - Setting next_dagrun for example_branch_datetime_operator to 2026-02-10 00:00:00+00:00, run_after=2026-02-11 00:00:00+00:00
[2026-02-11T16:29:14.869+0800] {logging_mixin.py:188} INFO - [2026-02-11T16:29:14.869+0800] {dag.py:3834} INFO - Setting next_dagrun for example_branch_datetime_operator_2 to 2026-02-10 00:00:00+00:00, run_after=2026-02-11 00:00:00+00:00
[2026-02-11T16:29:14.872+0800] {logging_mixin.py:188} INFO - [2026-02-11T16:29:14.872+0800] {dag.py:3834} INFO - Setting next_dagrun for example_branch_datetime_operator_3 to 2026-02-10 00:00:00+00:00, run_after=2026-02-11 00:00:00+00:00
[2026-02-11T16:29:14.894+0800] {processor.py:183} INFO - Processing /Users/linghuchong/miniconda3/envs/py310/lib/python3.10/site-packages/airflow/example_dags/example_branch_datetime_operator.py took 0.295 seconds
[2026-02-11T16:35:47.354+0800] {processor.py:161} INFO - Started process (PID=15389) to work on /Users/linghuchong/miniconda3/envs/py310/lib/python3.10/site-packages/airflow/example_dags/example_branch_datetime_operator.py
[2026-02-11T16:35:47.357+0800] {processor.py:830} INFO - Processing file /Users/linghuchong/miniconda3/envs/py310/lib/python3.10/site-packages/airflow/example_dags/example_branch_datetime_operator.py for tasks to queue
[2026-02-11T16:35:47.358+0800] {logging_mixin.py:188} INFO - [2026-02-11T16:35:47.358+0800] {dagbag.py:540} INFO - Filling up the DagBag from /Users/linghuchong/miniconda3/envs/py310/lib/python3.10/site-packages/airflow/example_dags/example_branch_datetime_operator.py
[2026-02-11T16:35:47.371+0800] {processor.py:840} INFO - DAG(s) 'example_branch_datetime_operator', 'example_branch_datetime_operator_3', 'example_branch_datetime_operator_2' retrieved from /Users/linghuchong/miniconda3/envs/py310/lib/python3.10/site-packages/airflow/example_dags/example_branch_datetime_operator.py
[2026-02-11T16:35:47.598+0800] {logging_mixin.py:188} INFO - [2026-02-11T16:35:47.598+0800] {dag.py:3047} INFO - Sync 3 DAGs
[2026-02-11T16:35:47.620+0800] {logging_mixin.py:188} INFO - [2026-02-11T16:35:47.620+0800] {dag.py:3834} INFO - Setting next_dagrun for example_branch_datetime_operator to 2026-02-10 00:00:00+00:00, run_after=2026-02-11 00:00:00+00:00
[2026-02-11T16:35:47.624+0800] {logging_mixin.py:188} INFO - [2026-02-11T16:35:47.624+0800] {dag.py:3834} INFO - Setting next_dagrun for example_branch_datetime_operator_2 to 2026-02-10 00:00:00+00:00, run_after=2026-02-11 00:00:00+00:00
[2026-02-11T16:35:47.626+0800] {logging_mixin.py:188} INFO - [2026-02-11T16:35:47.626+0800] {dag.py:3834} INFO - Setting next_dagrun for example_branch_datetime_operator_3 to 2026-02-10 00:00:00+00:00, run_after=2026-02-11 00:00:00+00:00
[2026-02-11T16:35:47.648+0800] {processor.py:183} INFO - Processing /Users/linghuchong/miniconda3/envs/py310/lib/python3.10/site-packages/airflow/example_dags/example_branch_datetime_operator.py took 0.295 seconds
[2026-02-11T16:41:42.902+0800] {processor.py:161} INFO - Started process (PID=15765) to work on /Users/linghuchong/miniconda3/envs/py310/lib/python3.10/site-packages/airflow/example_dags/example_branch_datetime_operator.py
[2026-02-11T16:41:42.904+0800] {processor.py:830} INFO - Processing file /Users/linghuchong/miniconda3/envs/py310/lib/python3.10/site-packages/airflow/example_dags/example_branch_datetime_operator.py for tasks to queue
[2026-02-11T16:41:42.906+0800] {logging_mixin.py:188} INFO - [2026-02-11T16:41:42.905+0800] {dagbag.py:540} INFO - Filling up the DagBag from /Users/linghuchong/miniconda3/envs/py310/lib/python3.10/site-packages/airflow/example_dags/example_branch_datetime_operator.py
[2026-02-11T16:41:42.920+0800] {processor.py:840} INFO - DAG(s) 'example_branch_datetime_operator_3', 'example_branch_datetime_operator_2', 'example_branch_datetime_operator' retrieved from /Users/linghuchong/miniconda3/envs/py310/lib/python3.10/site-packages/airflow/example_dags/example_branch_datetime_operator.py
[2026-02-11T16:41:43.068+0800] {logging_mixin.py:188} INFO - [2026-02-11T16:41:43.068+0800] {dag.py:3047} INFO - Sync 3 DAGs
[2026-02-11T16:41:43.091+0800] {logging_mixin.py:188} INFO - [2026-02-11T16:41:43.091+0800] {dag.py:3834} INFO - Setting next_dagrun for example_branch_datetime_operator to 2026-02-10 00:00:00+00:00, run_after=2026-02-11 00:00:00+00:00
[2026-02-11T16:41:43.097+0800] {logging_mixin.py:188} INFO - [2026-02-11T16:41:43.097+0800] {dag.py:3834} INFO - Setting next_dagrun for example_branch_datetime_operator_2 to 2026-02-10 00:00:00+00:00, run_after=2026-02-11 00:00:00+00:00
[2026-02-11T16:41:43.100+0800] {logging_mixin.py:188} INFO - [2026-02-11T16:41:43.100+0800] {dag.py:3834} INFO - Setting next_dagrun for example_branch_datetime_operator_3 to 2026-02-10 00:00:00+00:00, run_after=2026-02-11 00:00:00+00:00
[2026-02-11T16:41:43.121+0800] {processor.py:183} INFO - Processing /Users/linghuchong/miniconda3/envs/py310/lib/python3.10/site-packages/airflow/example_dags/example_branch_datetime_operator.py took 0.220 seconds
[2026-02-11T16:48:05.434+0800] {processor.py:161} INFO - Started process (PID=16164) to work on /Users/linghuchong/miniconda3/envs/py310/lib/python3.10/site-packages/airflow/example_dags/example_branch_datetime_operator.py
[2026-02-11T16:48:05.436+0800] {processor.py:830} INFO - Processing file /Users/linghuchong/miniconda3/envs/py310/lib/python3.10/site-packages/airflow/example_dags/example_branch_datetime_operator.py for tasks to queue
[2026-02-11T16:48:05.437+0800] {logging_mixin.py:188} INFO - [2026-02-11T16:48:05.437+0800] {dagbag.py:540} INFO - Filling up the DagBag from /Users/linghuchong/miniconda3/envs/py310/lib/python3.10/site-packages/airflow/example_dags/example_branch_datetime_operator.py
[2026-02-11T16:48:05.451+0800] {processor.py:840} INFO - DAG(s) 'example_branch_datetime_operator', 'example_branch_datetime_operator_3', 'example_branch_datetime_operator_2' retrieved from /Users/linghuchong/miniconda3/envs/py310/lib/python3.10/site-packages/airflow/example_dags/example_branch_datetime_operator.py
[2026-02-11T16:48:05.739+0800] {logging_mixin.py:188} INFO - [2026-02-11T16:48:05.738+0800] {dag.py:3047} INFO - Sync 3 DAGs
[2026-02-11T16:48:05.762+0800] {logging_mixin.py:188} INFO - [2026-02-11T16:48:05.761+0800] {dag.py:3834} INFO - Setting next_dagrun for example_branch_datetime_operator to 2026-02-10 00:00:00+00:00, run_after=2026-02-11 00:00:00+00:00
[2026-02-11T16:48:05.766+0800] {logging_mixin.py:188} INFO - [2026-02-11T16:48:05.766+0800] {dag.py:3834} INFO - Setting next_dagrun for example_branch_datetime_operator_2 to 2026-02-10 00:00:00+00:00, run_after=2026-02-11 00:00:00+00:00
[2026-02-11T16:48:05.769+0800] {logging_mixin.py:188} INFO - [2026-02-11T16:48:05.769+0800] {dag.py:3834} INFO - Setting next_dagrun for example_branch_datetime_operator_3 to 2026-02-10 00:00:00+00:00, run_after=2026-02-11 00:00:00+00:00
[2026-02-11T16:48:05.792+0800] {processor.py:183} INFO - Processing /Users/linghuchong/miniconda3/envs/py310/lib/python3.10/site-packages/airflow/example_dags/example_branch_datetime_operator.py took 0.358 seconds
[2026-02-11T16:54:55.534+0800] {processor.py:161} INFO - Started process (PID=16531) to work on /Users/linghuchong/miniconda3/envs/py310/lib/python3.10/site-packages/airflow/example_dags/example_branch_datetime_operator.py
[2026-02-11T16:54:55.537+0800] {processor.py:830} INFO - Processing file /Users/linghuchong/miniconda3/envs/py310/lib/python3.10/site-packages/airflow/example_dags/example_branch_datetime_operator.py for tasks to queue
[2026-02-11T16:54:55.539+0800] {logging_mixin.py:188} INFO - [2026-02-11T16:54:55.538+0800] {dagbag.py:540} INFO - Filling up the DagBag from /Users/linghuchong/miniconda3/envs/py310/lib/python3.10/site-packages/airflow/example_dags/example_branch_datetime_operator.py
[2026-02-11T16:54:55.553+0800] {processor.py:840} INFO - DAG(s) 'example_branch_datetime_operator_2', 'example_branch_datetime_operator', 'example_branch_datetime_operator_3' retrieved from /Users/linghuchong/miniconda3/envs/py310/lib/python3.10/site-packages/airflow/example_dags/example_branch_datetime_operator.py
[2026-02-11T16:54:55.794+0800] {logging_mixin.py:188} INFO - [2026-02-11T16:54:55.793+0800] {dag.py:3047} INFO - Sync 3 DAGs
[2026-02-11T16:54:55.815+0800] {logging_mixin.py:188} INFO - [2026-02-11T16:54:55.815+0800] {dag.py:3834} INFO - Setting next_dagrun for example_branch_datetime_operator to 2026-02-10 00:00:00+00:00, run_after=2026-02-11 00:00:00+00:00
[2026-02-11T16:54:55.820+0800] {logging_mixin.py:188} INFO - [2026-02-11T16:54:55.819+0800] {dag.py:3834} INFO - Setting next_dagrun for example_branch_datetime_operator_2 to 2026-02-10 00:00:00+00:00, run_after=2026-02-11 00:00:00+00:00
[2026-02-11T16:54:55.822+0800] {logging_mixin.py:188} INFO - [2026-02-11T16:54:55.822+0800] {dag.py:3834} INFO - Setting next_dagrun for example_branch_datetime_operator_3 to 2026-02-10 00:00:00+00:00, run_after=2026-02-11 00:00:00+00:00
[2026-02-11T16:54:55.843+0800] {processor.py:183} INFO - Processing /Users/linghuchong/miniconda3/envs/py310/lib/python3.10/site-packages/airflow/example_dags/example_branch_datetime_operator.py took 0.310 seconds
[2026-02-11T17:01:43.028+0800] {processor.py:161} INFO - Started process (PID=16782) to work on /Users/linghuchong/miniconda3/envs/py310/lib/python3.10/site-packages/airflow/example_dags/example_branch_datetime_operator.py
[2026-02-11T17:01:43.030+0800] {processor.py:830} INFO - Processing file /Users/linghuchong/miniconda3/envs/py310/lib/python3.10/site-packages/airflow/example_dags/example_branch_datetime_operator.py for tasks to queue
[2026-02-11T17:01:43.031+0800] {logging_mixin.py:188} INFO - [2026-02-11T17:01:43.030+0800] {dagbag.py:540} INFO - Filling up the DagBag from /Users/linghuchong/miniconda3/envs/py310/lib/python3.10/site-packages/airflow/example_dags/example_branch_datetime_operator.py
[2026-02-11T17:01:43.045+0800] {processor.py:840} INFO - DAG(s) 'example_branch_datetime_operator_2', 'example_branch_datetime_operator_3', 'example_branch_datetime_operator' retrieved from /Users/linghuchong/miniconda3/envs/py310/lib/python3.10/site-packages/airflow/example_dags/example_branch_datetime_operator.py
[2026-02-11T17:01:43.275+0800] {logging_mixin.py:188} INFO - [2026-02-11T17:01:43.275+0800] {dag.py:3047} INFO - Sync 3 DAGs
[2026-02-11T17:01:43.297+0800] {logging_mixin.py:188} INFO - [2026-02-11T17:01:43.297+0800] {dag.py:3834} INFO - Setting next_dagrun for example_branch_datetime_operator to 2026-02-10 00:00:00+00:00, run_after=2026-02-11 00:00:00+00:00
[2026-02-11T17:01:43.302+0800] {logging_mixin.py:188} INFO - [2026-02-11T17:01:43.302+0800] {dag.py:3834} INFO - Setting next_dagrun for example_branch_datetime_operator_2 to 2026-02-10 00:00:00+00:00, run_after=2026-02-11 00:00:00+00:00
[2026-02-11T17:01:43.305+0800] {logging_mixin.py:188} INFO - [2026-02-11T17:01:43.305+0800] {dag.py:3834} INFO - Setting next_dagrun for example_branch_datetime_operator_3 to 2026-02-10 00:00:00+00:00, run_after=2026-02-11 00:00:00+00:00
[2026-02-11T17:01:43.325+0800] {processor.py:183} INFO - Processing /Users/linghuchong/miniconda3/envs/py310/lib/python3.10/site-packages/airflow/example_dags/example_branch_datetime_operator.py took 0.298 seconds
[2026-02-11T17:05:37.153+0800] {processor.py:161} INFO - Started process (PID=16943) to work on /Users/linghuchong/miniconda3/envs/py310/lib/python3.10/site-packages/airflow/example_dags/example_branch_datetime_operator.py
[2026-02-11T17:05:37.155+0800] {processor.py:830} INFO - Processing file /Users/linghuchong/miniconda3/envs/py310/lib/python3.10/site-packages/airflow/example_dags/example_branch_datetime_operator.py for tasks to queue
[2026-02-11T17:05:37.157+0800] {logging_mixin.py:188} INFO - [2026-02-11T17:05:37.156+0800] {dagbag.py:540} INFO - Filling up the DagBag from /Users/linghuchong/miniconda3/envs/py310/lib/python3.10/site-packages/airflow/example_dags/example_branch_datetime_operator.py
[2026-02-11T17:05:37.170+0800] {processor.py:840} INFO - DAG(s) 'example_branch_datetime_operator_3', 'example_branch_datetime_operator_2', 'example_branch_datetime_operator' retrieved from /Users/linghuchong/miniconda3/envs/py310/lib/python3.10/site-packages/airflow/example_dags/example_branch_datetime_operator.py
[2026-02-11T17:05:37.312+0800] {logging_mixin.py:188} INFO - [2026-02-11T17:05:37.311+0800] {dag.py:3047} INFO - Sync 3 DAGs
[2026-02-11T17:05:37.339+0800] {logging_mixin.py:188} INFO - [2026-02-11T17:05:37.338+0800] {dag.py:3834} INFO - Setting next_dagrun for example_branch_datetime_operator to 2026-02-10 00:00:00+00:00, run_after=2026-02-11 00:00:00+00:00
[2026-02-11T17:05:37.344+0800] {logging_mixin.py:188} INFO - [2026-02-11T17:05:37.343+0800] {dag.py:3834} INFO - Setting next_dagrun for example_branch_datetime_operator_2 to 2026-02-10 00:00:00+00:00, run_after=2026-02-11 00:00:00+00:00
[2026-02-11T17:05:37.346+0800] {logging_mixin.py:188} INFO - [2026-02-11T17:05:37.346+0800] {dag.py:3834} INFO - Setting next_dagrun for example_branch_datetime_operator_3 to 2026-02-10 00:00:00+00:00, run_after=2026-02-11 00:00:00+00:00
[2026-02-11T17:05:37.367+0800] {processor.py:183} INFO - Processing /Users/linghuchong/miniconda3/envs/py310/lib/python3.10/site-packages/airflow/example_dags/example_branch_datetime_operator.py took 0.215 seconds
[2026-02-11T17:17:44.451+0800] {processor.py:161} INFO - Started process (PID=17812) to work on /Users/linghuchong/miniconda3/envs/py310/lib/python3.10/site-packages/airflow/example_dags/example_branch_datetime_operator.py
[2026-02-11T17:17:44.453+0800] {processor.py:830} INFO - Processing file /Users/linghuchong/miniconda3/envs/py310/lib/python3.10/site-packages/airflow/example_dags/example_branch_datetime_operator.py for tasks to queue
[2026-02-11T17:17:44.454+0800] {logging_mixin.py:188} INFO - [2026-02-11T17:17:44.454+0800] {dagbag.py:540} INFO - Filling up the DagBag from /Users/linghuchong/miniconda3/envs/py310/lib/python3.10/site-packages/airflow/example_dags/example_branch_datetime_operator.py
[2026-02-11T17:17:44.468+0800] {processor.py:840} INFO - DAG(s) 'example_branch_datetime_operator_3', 'example_branch_datetime_operator_2', 'example_branch_datetime_operator' retrieved from /Users/linghuchong/miniconda3/envs/py310/lib/python3.10/site-packages/airflow/example_dags/example_branch_datetime_operator.py
[2026-02-11T17:17:44.730+0800] {logging_mixin.py:188} INFO - [2026-02-11T17:17:44.729+0800] {dag.py:3047} INFO - Sync 3 DAGs
[2026-02-11T17:17:44.753+0800] {logging_mixin.py:188} INFO - [2026-02-11T17:17:44.753+0800] {dag.py:3834} INFO - Setting next_dagrun for example_branch_datetime_operator to 2026-02-10 00:00:00+00:00, run_after=2026-02-11 00:00:00+00:00
[2026-02-11T17:17:44.757+0800] {logging_mixin.py:188} INFO - [2026-02-11T17:17:44.757+0800] {dag.py:3834} INFO - Setting next_dagrun for example_branch_datetime_operator_2 to 2026-02-10 00:00:00+00:00, run_after=2026-02-11 00:00:00+00:00
[2026-02-11T17:17:44.760+0800] {logging_mixin.py:188} INFO - [2026-02-11T17:17:44.760+0800] {dag.py:3834} INFO - Setting next_dagrun for example_branch_datetime_operator_3 to 2026-02-10 00:00:00+00:00, run_after=2026-02-11 00:00:00+00:00
[2026-02-11T17:17:44.785+0800] {processor.py:183} INFO - Processing /Users/linghuchong/miniconda3/envs/py310/lib/python3.10/site-packages/airflow/example_dags/example_branch_datetime_operator.py took 0.335 seconds
[2026-02-11T17:23:16.697+0800] {processor.py:161} INFO - Started process (PID=17986) to work on /Users/linghuchong/miniconda3/envs/py310/lib/python3.10/site-packages/airflow/example_dags/example_branch_datetime_operator.py
[2026-02-11T17:23:16.700+0800] {processor.py:830} INFO - Processing file /Users/linghuchong/miniconda3/envs/py310/lib/python3.10/site-packages/airflow/example_dags/example_branch_datetime_operator.py for tasks to queue
[2026-02-11T17:23:16.701+0800] {logging_mixin.py:188} INFO - [2026-02-11T17:23:16.701+0800] {dagbag.py:540} INFO - Filling up the DagBag from /Users/linghuchong/miniconda3/envs/py310/lib/python3.10/site-packages/airflow/example_dags/example_branch_datetime_operator.py
[2026-02-11T17:23:16.713+0800] {processor.py:840} INFO - DAG(s) 'example_branch_datetime_operator_3', 'example_branch_datetime_operator_2', 'example_branch_datetime_operator' retrieved from /Users/linghuchong/miniconda3/envs/py310/lib/python3.10/site-packages/airflow/example_dags/example_branch_datetime_operator.py
[2026-02-11T17:23:16.836+0800] {logging_mixin.py:188} INFO - [2026-02-11T17:23:16.836+0800] {dag.py:3047} INFO - Sync 3 DAGs
[2026-02-11T17:23:16.858+0800] {logging_mixin.py:188} INFO - [2026-02-11T17:23:16.857+0800] {dag.py:3834} INFO - Setting next_dagrun for example_branch_datetime_operator to 2026-02-10 00:00:00+00:00, run_after=2026-02-11 00:00:00+00:00
[2026-02-11T17:23:16.863+0800] {logging_mixin.py:188} INFO - [2026-02-11T17:23:16.862+0800] {dag.py:3834} INFO - Setting next_dagrun for example_branch_datetime_operator_2 to 2026-02-10 00:00:00+00:00, run_after=2026-02-11 00:00:00+00:00
[2026-02-11T17:23:16.866+0800] {logging_mixin.py:188} INFO - [2026-02-11T17:23:16.865+0800] {dag.py:3834} INFO - Setting next_dagrun for example_branch_datetime_operator_3 to 2026-02-10 00:00:00+00:00, run_after=2026-02-11 00:00:00+00:00
[2026-02-11T17:23:16.886+0800] {processor.py:183} INFO - Processing /Users/linghuchong/miniconda3/envs/py310/lib/python3.10/site-packages/airflow/example_dags/example_branch_datetime_operator.py took 0.189 seconds
[2026-02-11T17:28:42.152+0800] {processor.py:161} INFO - Started process (PID=18163) to work on /Users/linghuchong/miniconda3/envs/py310/lib/python3.10/site-packages/airflow/example_dags/example_branch_datetime_operator.py
[2026-02-11T17:28:42.155+0800] {processor.py:830} INFO - Processing file /Users/linghuchong/miniconda3/envs/py310/lib/python3.10/site-packages/airflow/example_dags/example_branch_datetime_operator.py for tasks to queue
[2026-02-11T17:28:42.156+0800] {logging_mixin.py:188} INFO - [2026-02-11T17:28:42.155+0800] {dagbag.py:540} INFO - Filling up the DagBag from /Users/linghuchong/miniconda3/envs/py310/lib/python3.10/site-packages/airflow/example_dags/example_branch_datetime_operator.py
[2026-02-11T17:28:42.168+0800] {processor.py:840} INFO - DAG(s) 'example_branch_datetime_operator_2', 'example_branch_datetime_operator_3', 'example_branch_datetime_operator' retrieved from /Users/linghuchong/miniconda3/envs/py310/lib/python3.10/site-packages/airflow/example_dags/example_branch_datetime_operator.py
[2026-02-11T17:28:42.292+0800] {logging_mixin.py:188} INFO - [2026-02-11T17:28:42.292+0800] {dag.py:3047} INFO - Sync 3 DAGs
[2026-02-11T17:28:42.312+0800] {logging_mixin.py:188} INFO - [2026-02-11T17:28:42.311+0800] {dag.py:3834} INFO - Setting next_dagrun for example_branch_datetime_operator to 2026-02-10 00:00:00+00:00, run_after=2026-02-11 00:00:00+00:00
[2026-02-11T17:28:42.316+0800] {logging_mixin.py:188} INFO - [2026-02-11T17:28:42.316+0800] {dag.py:3834} INFO - Setting next_dagrun for example_branch_datetime_operator_2 to 2026-02-10 00:00:00+00:00, run_after=2026-02-11 00:00:00+00:00
[2026-02-11T17:28:42.318+0800] {logging_mixin.py:188} INFO - [2026-02-11T17:28:42.318+0800] {dag.py:3834} INFO - Setting next_dagrun for example_branch_datetime_operator_3 to 2026-02-10 00:00:00+00:00, run_after=2026-02-11 00:00:00+00:00
[2026-02-11T17:28:42.335+0800] {processor.py:183} INFO - Processing /Users/linghuchong/miniconda3/envs/py310/lib/python3.10/site-packages/airflow/example_dags/example_branch_datetime_operator.py took 0.184 seconds
[2026-02-11T17:34:42.284+0800] {processor.py:161} INFO - Started process (PID=18369) to work on /Users/linghuchong/miniconda3/envs/py310/lib/python3.10/site-packages/airflow/example_dags/example_branch_datetime_operator.py
[2026-02-11T17:34:42.288+0800] {processor.py:830} INFO - Processing file /Users/linghuchong/miniconda3/envs/py310/lib/python3.10/site-packages/airflow/example_dags/example_branch_datetime_operator.py for tasks to queue
[2026-02-11T17:34:42.289+0800] {logging_mixin.py:188} INFO - [2026-02-11T17:34:42.289+0800] {dagbag.py:540} INFO - Filling up the DagBag from /Users/linghuchong/miniconda3/envs/py310/lib/python3.10/site-packages/airflow/example_dags/example_branch_datetime_operator.py
[2026-02-11T17:34:42.305+0800] {processor.py:840} INFO - DAG(s) 'example_branch_datetime_operator_3', 'example_branch_datetime_operator', 'example_branch_datetime_operator_2' retrieved from /Users/linghuchong/miniconda3/envs/py310/lib/python3.10/site-packages/airflow/example_dags/example_branch_datetime_operator.py
[2026-02-11T17:34:42.587+0800] {logging_mixin.py:188} INFO - [2026-02-11T17:34:42.587+0800] {dag.py:3047} INFO - Sync 3 DAGs
[2026-02-11T17:34:42.618+0800] {logging_mixin.py:188} INFO - [2026-02-11T17:34:42.617+0800] {dag.py:3834} INFO - Setting next_dagrun for example_branch_datetime_operator to 2026-02-10 00:00:00+00:00, run_after=2026-02-11 00:00:00+00:00
[2026-02-11T17:34:42.626+0800] {logging_mixin.py:188} INFO - [2026-02-11T17:34:42.626+0800] {dag.py:3834} INFO - Setting next_dagrun for example_branch_datetime_operator_2 to 2026-02-10 00:00:00+00:00, run_after=2026-02-11 00:00:00+00:00
[2026-02-11T17:34:42.631+0800] {logging_mixin.py:188} INFO - [2026-02-11T17:34:42.631+0800] {dag.py:3834} INFO - Setting next_dagrun for example_branch_datetime_operator_3 to 2026-02-10 00:00:00+00:00, run_after=2026-02-11 00:00:00+00:00
[2026-02-11T17:34:42.656+0800] {processor.py:183} INFO - Processing /Users/linghuchong/miniconda3/envs/py310/lib/python3.10/site-packages/airflow/example_dags/example_branch_datetime_operator.py took 0.372 seconds
[2026-02-11T17:40:52.786+0800] {processor.py:161} INFO - Started process (PID=18890) to work on /Users/linghuchong/miniconda3/envs/py310/lib/python3.10/site-packages/airflow/example_dags/example_branch_datetime_operator.py
[2026-02-11T17:40:52.787+0800] {processor.py:830} INFO - Processing file /Users/linghuchong/miniconda3/envs/py310/lib/python3.10/site-packages/airflow/example_dags/example_branch_datetime_operator.py for tasks to queue
[2026-02-11T17:40:52.788+0800] {logging_mixin.py:188} INFO - [2026-02-11T17:40:52.788+0800] {dagbag.py:540} INFO - Filling up the DagBag from /Users/linghuchong/miniconda3/envs/py310/lib/python3.10/site-packages/airflow/example_dags/example_branch_datetime_operator.py
[2026-02-11T17:40:52.802+0800] {processor.py:840} INFO - DAG(s) 'example_branch_datetime_operator_2', 'example_branch_datetime_operator', 'example_branch_datetime_operator_3' retrieved from /Users/linghuchong/miniconda3/envs/py310/lib/python3.10/site-packages/airflow/example_dags/example_branch_datetime_operator.py
[2026-02-11T17:40:52.935+0800] {logging_mixin.py:188} INFO - [2026-02-11T17:40:52.934+0800] {dag.py:3047} INFO - Sync 3 DAGs
[2026-02-11T17:40:52.955+0800] {logging_mixin.py:188} INFO - [2026-02-11T17:40:52.955+0800] {dag.py:3834} INFO - Setting next_dagrun for example_branch_datetime_operator to 2026-02-10 00:00:00+00:00, run_after=2026-02-11 00:00:00+00:00
[2026-02-11T17:40:52.960+0800] {logging_mixin.py:188} INFO - [2026-02-11T17:40:52.960+0800] {dag.py:3834} INFO - Setting next_dagrun for example_branch_datetime_operator_2 to 2026-02-10 00:00:00+00:00, run_after=2026-02-11 00:00:00+00:00
[2026-02-11T17:40:52.963+0800] {logging_mixin.py:188} INFO - [2026-02-11T17:40:52.963+0800] {dag.py:3834} INFO - Setting next_dagrun for example_branch_datetime_operator_3 to 2026-02-10 00:00:00+00:00, run_after=2026-02-11 00:00:00+00:00
[2026-02-11T17:40:52.980+0800] {processor.py:183} INFO - Processing /Users/linghuchong/miniconda3/envs/py310/lib/python3.10/site-packages/airflow/example_dags/example_branch_datetime_operator.py took 0.195 seconds
[2026-02-11T17:47:06.260+0800] {processor.py:161} INFO - Started process (PID=19708) to work on /Users/linghuchong/miniconda3/envs/py310/lib/python3.10/site-packages/airflow/example_dags/example_branch_datetime_operator.py
[2026-02-11T17:47:06.266+0800] {processor.py:830} INFO - Processing file /Users/linghuchong/miniconda3/envs/py310/lib/python3.10/site-packages/airflow/example_dags/example_branch_datetime_operator.py for tasks to queue
[2026-02-11T17:47:06.271+0800] {logging_mixin.py:188} INFO - [2026-02-11T17:47:06.271+0800] {dagbag.py:540} INFO - Filling up the DagBag from /Users/linghuchong/miniconda3/envs/py310/lib/python3.10/site-packages/airflow/example_dags/example_branch_datetime_operator.py
[2026-02-11T17:47:06.285+0800] {processor.py:840} INFO - DAG(s) 'example_branch_datetime_operator_3', 'example_branch_datetime_operator', 'example_branch_datetime_operator_2' retrieved from /Users/linghuchong/miniconda3/envs/py310/lib/python3.10/site-packages/airflow/example_dags/example_branch_datetime_operator.py
[2026-02-11T17:47:06.416+0800] {logging_mixin.py:188} INFO - [2026-02-11T17:47:06.416+0800] {dag.py:3047} INFO - Sync 3 DAGs
[2026-02-11T17:47:06.440+0800] {logging_mixin.py:188} INFO - [2026-02-11T17:47:06.440+0800] {dag.py:3834} INFO - Setting next_dagrun for example_branch_datetime_operator to 2026-02-10 00:00:00+00:00, run_after=2026-02-11 00:00:00+00:00
[2026-02-11T17:47:06.446+0800] {logging_mixin.py:188} INFO - [2026-02-11T17:47:06.445+0800] {dag.py:3834} INFO - Setting next_dagrun for example_branch_datetime_operator_2 to 2026-02-10 00:00:00+00:00, run_after=2026-02-11 00:00:00+00:00
[2026-02-11T17:47:06.448+0800] {logging_mixin.py:188} INFO - [2026-02-11T17:47:06.448+0800] {dag.py:3834} INFO - Setting next_dagrun for example_branch_datetime_operator_3 to 2026-02-10 00:00:00+00:00, run_after=2026-02-11 00:00:00+00:00
[2026-02-11T17:47:06.474+0800] {processor.py:183} INFO - Processing /Users/linghuchong/miniconda3/envs/py310/lib/python3.10/site-packages/airflow/example_dags/example_branch_datetime_operator.py took 0.214 seconds
[2026-02-11T17:53:16.690+0800] {processor.py:161} INFO - Started process (PID=19942) to work on /Users/linghuchong/miniconda3/envs/py310/lib/python3.10/site-packages/airflow/example_dags/example_branch_datetime_operator.py
[2026-02-11T17:53:16.694+0800] {processor.py:830} INFO - Processing file /Users/linghuchong/miniconda3/envs/py310/lib/python3.10/site-packages/airflow/example_dags/example_branch_datetime_operator.py for tasks to queue
[2026-02-11T17:53:16.695+0800] {logging_mixin.py:188} INFO - [2026-02-11T17:53:16.695+0800] {dagbag.py:540} INFO - Filling up the DagBag from /Users/linghuchong/miniconda3/envs/py310/lib/python3.10/site-packages/airflow/example_dags/example_branch_datetime_operator.py
[2026-02-11T17:53:16.708+0800] {processor.py:840} INFO - DAG(s) 'example_branch_datetime_operator_2', 'example_branch_datetime_operator', 'example_branch_datetime_operator_3' retrieved from /Users/linghuchong/miniconda3/envs/py310/lib/python3.10/site-packages/airflow/example_dags/example_branch_datetime_operator.py
[2026-02-11T17:53:16.836+0800] {logging_mixin.py:188} INFO - [2026-02-11T17:53:16.836+0800] {dag.py:3047} INFO - Sync 3 DAGs
[2026-02-11T17:53:16.858+0800] {logging_mixin.py:188} INFO - [2026-02-11T17:53:16.857+0800] {dag.py:3834} INFO - Setting next_dagrun for example_branch_datetime_operator to 2026-02-10 00:00:00+00:00, run_after=2026-02-11 00:00:00+00:00
[2026-02-11T17:53:16.863+0800] {logging_mixin.py:188} INFO - [2026-02-11T17:53:16.863+0800] {dag.py:3834} INFO - Setting next_dagrun for example_branch_datetime_operator_2 to 2026-02-10 00:00:00+00:00, run_after=2026-02-11 00:00:00+00:00
[2026-02-11T17:53:16.866+0800] {logging_mixin.py:188} INFO - [2026-02-11T17:53:16.866+0800] {dag.py:3834} INFO - Setting next_dagrun for example_branch_datetime_operator_3 to 2026-02-10 00:00:00+00:00, run_after=2026-02-11 00:00:00+00:00
[2026-02-11T17:53:16.885+0800] {processor.py:183} INFO - Processing /Users/linghuchong/miniconda3/envs/py310/lib/python3.10/site-packages/airflow/example_dags/example_branch_datetime_operator.py took 0.196 seconds
[2026-02-11T17:59:32.961+0800] {processor.py:161} INFO - Started process (PID=20193) to work on /Users/linghuchong/miniconda3/envs/py310/lib/python3.10/site-packages/airflow/example_dags/example_branch_datetime_operator.py
[2026-02-11T17:59:32.964+0800] {processor.py:830} INFO - Processing file /Users/linghuchong/miniconda3/envs/py310/lib/python3.10/site-packages/airflow/example_dags/example_branch_datetime_operator.py for tasks to queue
[2026-02-11T17:59:32.965+0800] {logging_mixin.py:188} INFO - [2026-02-11T17:59:32.965+0800] {dagbag.py:540} INFO - Filling up the DagBag from /Users/linghuchong/miniconda3/envs/py310/lib/python3.10/site-packages/airflow/example_dags/example_branch_datetime_operator.py
[2026-02-11T17:59:32.979+0800] {processor.py:840} INFO - DAG(s) 'example_branch_datetime_operator_2', 'example_branch_datetime_operator', 'example_branch_datetime_operator_3' retrieved from /Users/linghuchong/miniconda3/envs/py310/lib/python3.10/site-packages/airflow/example_dags/example_branch_datetime_operator.py
[2026-02-11T17:59:33.142+0800] {logging_mixin.py:188} INFO - [2026-02-11T17:59:33.142+0800] {dag.py:3047} INFO - Sync 3 DAGs
[2026-02-11T17:59:33.163+0800] {logging_mixin.py:188} INFO - [2026-02-11T17:59:33.163+0800] {dag.py:3834} INFO - Setting next_dagrun for example_branch_datetime_operator to 2026-02-10 00:00:00+00:00, run_after=2026-02-11 00:00:00+00:00
[2026-02-11T17:59:33.168+0800] {logging_mixin.py:188} INFO - [2026-02-11T17:59:33.168+0800] {dag.py:3834} INFO - Setting next_dagrun for example_branch_datetime_operator_2 to 2026-02-10 00:00:00+00:00, run_after=2026-02-11 00:00:00+00:00
[2026-02-11T17:59:33.171+0800] {logging_mixin.py:188} INFO - [2026-02-11T17:59:33.171+0800] {dag.py:3834} INFO - Setting next_dagrun for example_branch_datetime_operator_3 to 2026-02-10 00:00:00+00:00, run_after=2026-02-11 00:00:00+00:00
[2026-02-11T17:59:33.191+0800] {processor.py:183} INFO - Processing /Users/linghuchong/miniconda3/envs/py310/lib/python3.10/site-packages/airflow/example_dags/example_branch_datetime_operator.py took 0.231 seconds
[2026-02-11T18:05:35.786+0800] {processor.py:161} INFO - Started process (PID=20738) to work on /Users/linghuchong/miniconda3/envs/py310/lib/python3.10/site-packages/airflow/example_dags/example_branch_datetime_operator.py
[2026-02-11T18:05:35.787+0800] {processor.py:830} INFO - Processing file /Users/linghuchong/miniconda3/envs/py310/lib/python3.10/site-packages/airflow/example_dags/example_branch_datetime_operator.py for tasks to queue
[2026-02-11T18:05:35.787+0800] {logging_mixin.py:188} INFO - [2026-02-11T18:05:35.787+0800] {dagbag.py:540} INFO - Filling up the DagBag from /Users/linghuchong/miniconda3/envs/py310/lib/python3.10/site-packages/airflow/example_dags/example_branch_datetime_operator.py
[2026-02-11T18:05:35.805+0800] {processor.py:840} INFO - DAG(s) 'example_branch_datetime_operator_3', 'example_branch_datetime_operator_2', 'example_branch_datetime_operator' retrieved from /Users/linghuchong/miniconda3/envs/py310/lib/python3.10/site-packages/airflow/example_dags/example_branch_datetime_operator.py
[2026-02-11T18:05:35.994+0800] {logging_mixin.py:188} INFO - [2026-02-11T18:05:35.993+0800] {dag.py:3047} INFO - Sync 3 DAGs
[2026-02-11T18:05:36.012+0800] {logging_mixin.py:188} INFO - [2026-02-11T18:05:36.011+0800] {dag.py:3834} INFO - Setting next_dagrun for example_branch_datetime_operator to 2026-02-10 00:00:00+00:00, run_after=2026-02-11 00:00:00+00:00
[2026-02-11T18:05:36.015+0800] {logging_mixin.py:188} INFO - [2026-02-11T18:05:36.015+0800] {dag.py:3834} INFO - Setting next_dagrun for example_branch_datetime_operator_2 to 2026-02-10 00:00:00+00:00, run_after=2026-02-11 00:00:00+00:00
[2026-02-11T18:05:36.017+0800] {logging_mixin.py:188} INFO - [2026-02-11T18:05:36.017+0800] {dag.py:3834} INFO - Setting next_dagrun for example_branch_datetime_operator_3 to 2026-02-10 00:00:00+00:00, run_after=2026-02-11 00:00:00+00:00
[2026-02-11T18:05:36.035+0800] {processor.py:183} INFO - Processing /Users/linghuchong/miniconda3/envs/py310/lib/python3.10/site-packages/airflow/example_dags/example_branch_datetime_operator.py took 0.250 seconds
[2026-02-11T19:53:36.101+0800] {processor.py:161} INFO - Started process (PID=1227) to work on /Users/linghuchong/miniconda3/envs/py310/lib/python3.10/site-packages/airflow/example_dags/example_branch_datetime_operator.py
[2026-02-11T19:53:36.102+0800] {processor.py:830} INFO - Processing file /Users/linghuchong/miniconda3/envs/py310/lib/python3.10/site-packages/airflow/example_dags/example_branch_datetime_operator.py for tasks to queue
[2026-02-11T19:53:36.103+0800] {logging_mixin.py:188} INFO - [2026-02-11T19:53:36.103+0800] {dagbag.py:540} INFO - Filling up the DagBag from /Users/linghuchong/miniconda3/envs/py310/lib/python3.10/site-packages/airflow/example_dags/example_branch_datetime_operator.py
[2026-02-11T19:53:36.117+0800] {processor.py:840} INFO - DAG(s) 'example_branch_datetime_operator_3', 'example_branch_datetime_operator', 'example_branch_datetime_operator_2' retrieved from /Users/linghuchong/miniconda3/envs/py310/lib/python3.10/site-packages/airflow/example_dags/example_branch_datetime_operator.py
[2026-02-11T19:53:36.250+0800] {logging_mixin.py:188} INFO - [2026-02-11T19:53:36.250+0800] {dag.py:3047} INFO - Sync 3 DAGs
[2026-02-11T19:53:36.270+0800] {logging_mixin.py:188} INFO - [2026-02-11T19:53:36.270+0800] {dag.py:3834} INFO - Setting next_dagrun for example_branch_datetime_operator to 2026-02-10 00:00:00+00:00, run_after=2026-02-11 00:00:00+00:00
[2026-02-11T19:53:36.275+0800] {logging_mixin.py:188} INFO - [2026-02-11T19:53:36.274+0800] {dag.py:3834} INFO - Setting next_dagrun for example_branch_datetime_operator_2 to 2026-02-10 00:00:00+00:00, run_after=2026-02-11 00:00:00+00:00
[2026-02-11T19:53:36.277+0800] {logging_mixin.py:188} INFO - [2026-02-11T19:53:36.277+0800] {dag.py:3834} INFO - Setting next_dagrun for example_branch_datetime_operator_3 to 2026-02-10 00:00:00+00:00, run_after=2026-02-11 00:00:00+00:00
[2026-02-11T19:53:36.296+0800] {processor.py:183} INFO - Processing /Users/linghuchong/miniconda3/envs/py310/lib/python3.10/site-packages/airflow/example_dags/example_branch_datetime_operator.py took 0.195 seconds
[2026-02-11T21:00:21.345+0800] {processor.py:161} INFO - Started process (PID=1533) to work on /Users/linghuchong/miniconda3/envs/py310/lib/python3.10/site-packages/airflow/example_dags/example_branch_datetime_operator.py
[2026-02-11T21:00:21.345+0800] {processor.py:830} INFO - Processing file /Users/linghuchong/miniconda3/envs/py310/lib/python3.10/site-packages/airflow/example_dags/example_branch_datetime_operator.py for tasks to queue
[2026-02-11T21:00:21.346+0800] {logging_mixin.py:188} INFO - [2026-02-11T21:00:21.346+0800] {dagbag.py:540} INFO - Filling up the DagBag from /Users/linghuchong/miniconda3/envs/py310/lib/python3.10/site-packages/airflow/example_dags/example_branch_datetime_operator.py
[2026-02-11T21:00:21.358+0800] {processor.py:840} INFO - DAG(s) 'example_branch_datetime_operator_3', 'example_branch_datetime_operator_2', 'example_branch_datetime_operator' retrieved from /Users/linghuchong/miniconda3/envs/py310/lib/python3.10/site-packages/airflow/example_dags/example_branch_datetime_operator.py
[2026-02-11T21:00:21.534+0800] {logging_mixin.py:188} INFO - [2026-02-11T21:00:21.534+0800] {dag.py:3047} INFO - Sync 3 DAGs
[2026-02-11T21:00:21.559+0800] {logging_mixin.py:188} INFO - [2026-02-11T21:00:21.559+0800] {dag.py:3834} INFO - Setting next_dagrun for example_branch_datetime_operator to 2026-02-10 00:00:00+00:00, run_after=2026-02-11 00:00:00+00:00
[2026-02-11T21:00:21.564+0800] {logging_mixin.py:188} INFO - [2026-02-11T21:00:21.564+0800] {dag.py:3834} INFO - Setting next_dagrun for example_branch_datetime_operator_2 to 2026-02-10 00:00:00+00:00, run_after=2026-02-11 00:00:00+00:00
[2026-02-11T21:00:21.568+0800] {logging_mixin.py:188} INFO - [2026-02-11T21:00:21.568+0800] {dag.py:3834} INFO - Setting next_dagrun for example_branch_datetime_operator_3 to 2026-02-10 00:00:00+00:00, run_after=2026-02-11 00:00:00+00:00
[2026-02-11T21:00:21.591+0800] {processor.py:183} INFO - Processing /Users/linghuchong/miniconda3/envs/py310/lib/python3.10/site-packages/airflow/example_dags/example_branch_datetime_operator.py took 0.248 seconds
[2026-02-11T21:06:25.388+0800] {processor.py:161} INFO - Started process (PID=2086) to work on /Users/linghuchong/miniconda3/envs/py310/lib/python3.10/site-packages/airflow/example_dags/example_branch_datetime_operator.py
[2026-02-11T21:06:25.388+0800] {processor.py:830} INFO - Processing file /Users/linghuchong/miniconda3/envs/py310/lib/python3.10/site-packages/airflow/example_dags/example_branch_datetime_operator.py for tasks to queue
[2026-02-11T21:06:25.389+0800] {logging_mixin.py:188} INFO - [2026-02-11T21:06:25.389+0800] {dagbag.py:540} INFO - Filling up the DagBag from /Users/linghuchong/miniconda3/envs/py310/lib/python3.10/site-packages/airflow/example_dags/example_branch_datetime_operator.py
[2026-02-11T21:06:25.401+0800] {processor.py:840} INFO - DAG(s) 'example_branch_datetime_operator_2', 'example_branch_datetime_operator_3', 'example_branch_datetime_operator' retrieved from /Users/linghuchong/miniconda3/envs/py310/lib/python3.10/site-packages/airflow/example_dags/example_branch_datetime_operator.py
[2026-02-11T21:06:25.630+0800] {logging_mixin.py:188} INFO - [2026-02-11T21:06:25.630+0800] {dag.py:3047} INFO - Sync 3 DAGs
[2026-02-11T21:06:25.650+0800] {logging_mixin.py:188} INFO - [2026-02-11T21:06:25.649+0800] {dag.py:3834} INFO - Setting next_dagrun for example_branch_datetime_operator to 2026-02-10 00:00:00+00:00, run_after=2026-02-11 00:00:00+00:00
[2026-02-11T21:06:25.653+0800] {logging_mixin.py:188} INFO - [2026-02-11T21:06:25.653+0800] {dag.py:3834} INFO - Setting next_dagrun for example_branch_datetime_operator_2 to 2026-02-10 00:00:00+00:00, run_after=2026-02-11 00:00:00+00:00
[2026-02-11T21:06:25.656+0800] {logging_mixin.py:188} INFO - [2026-02-11T21:06:25.656+0800] {dag.py:3834} INFO - Setting next_dagrun for example_branch_datetime_operator_3 to 2026-02-10 00:00:00+00:00, run_after=2026-02-11 00:00:00+00:00
[2026-02-11T21:06:25.678+0800] {processor.py:183} INFO - Processing /Users/linghuchong/miniconda3/envs/py310/lib/python3.10/site-packages/airflow/example_dags/example_branch_datetime_operator.py took 0.291 seconds
[2026-02-11T21:12:23.846+0800] {processor.py:161} INFO - Started process (PID=2380) to work on /Users/linghuchong/miniconda3/envs/py310/lib/python3.10/site-packages/airflow/example_dags/example_branch_datetime_operator.py
[2026-02-11T21:12:23.848+0800] {processor.py:830} INFO - Processing file /Users/linghuchong/miniconda3/envs/py310/lib/python3.10/site-packages/airflow/example_dags/example_branch_datetime_operator.py for tasks to queue
[2026-02-11T21:12:23.849+0800] {logging_mixin.py:188} INFO - [2026-02-11T21:12:23.849+0800] {dagbag.py:540} INFO - Filling up the DagBag from /Users/linghuchong/miniconda3/envs/py310/lib/python3.10/site-packages/airflow/example_dags/example_branch_datetime_operator.py
[2026-02-11T21:12:23.862+0800] {processor.py:840} INFO - DAG(s) 'example_branch_datetime_operator', 'example_branch_datetime_operator_2', 'example_branch_datetime_operator_3' retrieved from /Users/linghuchong/miniconda3/envs/py310/lib/python3.10/site-packages/airflow/example_dags/example_branch_datetime_operator.py
[2026-02-11T21:12:23.983+0800] {logging_mixin.py:188} INFO - [2026-02-11T21:12:23.982+0800] {dag.py:3047} INFO - Sync 3 DAGs
[2026-02-11T21:12:24.001+0800] {logging_mixin.py:188} INFO - [2026-02-11T21:12:24.001+0800] {dag.py:3834} INFO - Setting next_dagrun for example_branch_datetime_operator to 2026-02-10 00:00:00+00:00, run_after=2026-02-11 00:00:00+00:00
[2026-02-11T21:12:24.006+0800] {logging_mixin.py:188} INFO - [2026-02-11T21:12:24.006+0800] {dag.py:3834} INFO - Setting next_dagrun for example_branch_datetime_operator_2 to 2026-02-10 00:00:00+00:00, run_after=2026-02-11 00:00:00+00:00
[2026-02-11T21:12:24.008+0800] {logging_mixin.py:188} INFO - [2026-02-11T21:12:24.008+0800] {dag.py:3834} INFO - Setting next_dagrun for example_branch_datetime_operator_3 to 2026-02-10 00:00:00+00:00, run_after=2026-02-11 00:00:00+00:00
[2026-02-11T21:12:24.029+0800] {processor.py:183} INFO - Processing /Users/linghuchong/miniconda3/envs/py310/lib/python3.10/site-packages/airflow/example_dags/example_branch_datetime_operator.py took 0.184 seconds
[2026-02-11T21:18:28.898+0800] {processor.py:161} INFO - Started process (PID=2841) to work on /Users/linghuchong/miniconda3/envs/py310/lib/python3.10/site-packages/airflow/example_dags/example_branch_datetime_operator.py
[2026-02-11T21:18:28.900+0800] {processor.py:830} INFO - Processing file /Users/linghuchong/miniconda3/envs/py310/lib/python3.10/site-packages/airflow/example_dags/example_branch_datetime_operator.py for tasks to queue
[2026-02-11T21:18:28.901+0800] {logging_mixin.py:188} INFO - [2026-02-11T21:18:28.900+0800] {dagbag.py:540} INFO - Filling up the DagBag from /Users/linghuchong/miniconda3/envs/py310/lib/python3.10/site-packages/airflow/example_dags/example_branch_datetime_operator.py
[2026-02-11T21:18:28.913+0800] {processor.py:840} INFO - DAG(s) 'example_branch_datetime_operator_2', 'example_branch_datetime_operator_3', 'example_branch_datetime_operator' retrieved from /Users/linghuchong/miniconda3/envs/py310/lib/python3.10/site-packages/airflow/example_dags/example_branch_datetime_operator.py
[2026-02-11T21:18:29.037+0800] {logging_mixin.py:188} INFO - [2026-02-11T21:18:29.036+0800] {dag.py:3047} INFO - Sync 3 DAGs
[2026-02-11T21:18:29.056+0800] {logging_mixin.py:188} INFO - [2026-02-11T21:18:29.056+0800] {dag.py:3834} INFO - Setting next_dagrun for example_branch_datetime_operator to 2026-02-10 00:00:00+00:00, run_after=2026-02-11 00:00:00+00:00
[2026-02-11T21:18:29.061+0800] {logging_mixin.py:188} INFO - [2026-02-11T21:18:29.060+0800] {dag.py:3834} INFO - Setting next_dagrun for example_branch_datetime_operator_2 to 2026-02-10 00:00:00+00:00, run_after=2026-02-11 00:00:00+00:00
[2026-02-11T21:18:29.063+0800] {logging_mixin.py:188} INFO - [2026-02-11T21:18:29.062+0800] {dag.py:3834} INFO - Setting next_dagrun for example_branch_datetime_operator_3 to 2026-02-10 00:00:00+00:00, run_after=2026-02-11 00:00:00+00:00
[2026-02-11T21:18:29.080+0800] {processor.py:183} INFO - Processing /Users/linghuchong/miniconda3/envs/py310/lib/python3.10/site-packages/airflow/example_dags/example_branch_datetime_operator.py took 0.183 seconds
[2026-02-11T21:24:56.044+0800] {processor.py:161} INFO - Started process (PID=3221) to work on /Users/linghuchong/miniconda3/envs/py310/lib/python3.10/site-packages/airflow/example_dags/example_branch_datetime_operator.py
[2026-02-11T21:24:56.048+0800] {processor.py:830} INFO - Processing file /Users/linghuchong/miniconda3/envs/py310/lib/python3.10/site-packages/airflow/example_dags/example_branch_datetime_operator.py for tasks to queue
[2026-02-11T21:24:56.050+0800] {logging_mixin.py:188} INFO - [2026-02-11T21:24:56.049+0800] {dagbag.py:540} INFO - Filling up the DagBag from /Users/linghuchong/miniconda3/envs/py310/lib/python3.10/site-packages/airflow/example_dags/example_branch_datetime_operator.py
[2026-02-11T21:24:56.066+0800] {processor.py:840} INFO - DAG(s) 'example_branch_datetime_operator_3', 'example_branch_datetime_operator_2', 'example_branch_datetime_operator' retrieved from /Users/linghuchong/miniconda3/envs/py310/lib/python3.10/site-packages/airflow/example_dags/example_branch_datetime_operator.py
[2026-02-11T21:24:56.301+0800] {logging_mixin.py:188} INFO - [2026-02-11T21:24:56.301+0800] {dag.py:3047} INFO - Sync 3 DAGs
[2026-02-11T21:24:56.322+0800] {logging_mixin.py:188} INFO - [2026-02-11T21:24:56.322+0800] {dag.py:3834} INFO - Setting next_dagrun for example_branch_datetime_operator to 2026-02-10 00:00:00+00:00, run_after=2026-02-11 00:00:00+00:00
[2026-02-11T21:24:56.326+0800] {logging_mixin.py:188} INFO - [2026-02-11T21:24:56.326+0800] {dag.py:3834} INFO - Setting next_dagrun for example_branch_datetime_operator_2 to 2026-02-10 00:00:00+00:00, run_after=2026-02-11 00:00:00+00:00
[2026-02-11T21:24:56.330+0800] {logging_mixin.py:188} INFO - [2026-02-11T21:24:56.330+0800] {dag.py:3834} INFO - Setting next_dagrun for example_branch_datetime_operator_3 to 2026-02-10 00:00:00+00:00, run_after=2026-02-11 00:00:00+00:00
[2026-02-11T21:24:56.357+0800] {processor.py:183} INFO - Processing /Users/linghuchong/miniconda3/envs/py310/lib/python3.10/site-packages/airflow/example_dags/example_branch_datetime_operator.py took 0.314 seconds
[2026-02-11T21:30:35.952+0800] {processor.py:161} INFO - Started process (PID=3487) to work on /Users/linghuchong/miniconda3/envs/py310/lib/python3.10/site-packages/airflow/example_dags/example_branch_datetime_operator.py
[2026-02-11T21:30:35.953+0800] {processor.py:830} INFO - Processing file /Users/linghuchong/miniconda3/envs/py310/lib/python3.10/site-packages/airflow/example_dags/example_branch_datetime_operator.py for tasks to queue
[2026-02-11T21:30:35.954+0800] {logging_mixin.py:188} INFO - [2026-02-11T21:30:35.953+0800] {dagbag.py:540} INFO - Filling up the DagBag from /Users/linghuchong/miniconda3/envs/py310/lib/python3.10/site-packages/airflow/example_dags/example_branch_datetime_operator.py
[2026-02-11T21:30:35.968+0800] {processor.py:840} INFO - DAG(s) 'example_branch_datetime_operator_2', 'example_branch_datetime_operator_3', 'example_branch_datetime_operator' retrieved from /Users/linghuchong/miniconda3/envs/py310/lib/python3.10/site-packages/airflow/example_dags/example_branch_datetime_operator.py
[2026-02-11T21:30:36.084+0800] {logging_mixin.py:188} INFO - [2026-02-11T21:30:36.083+0800] {dag.py:3047} INFO - Sync 3 DAGs
[2026-02-11T21:30:36.101+0800] {logging_mixin.py:188} INFO - [2026-02-11T21:30:36.101+0800] {dag.py:3834} INFO - Setting next_dagrun for example_branch_datetime_operator to 2026-02-10 00:00:00+00:00, run_after=2026-02-11 00:00:00+00:00
[2026-02-11T21:30:36.105+0800] {logging_mixin.py:188} INFO - [2026-02-11T21:30:36.105+0800] {dag.py:3834} INFO - Setting next_dagrun for example_branch_datetime_operator_2 to 2026-02-10 00:00:00+00:00, run_after=2026-02-11 00:00:00+00:00
[2026-02-11T21:30:36.107+0800] {logging_mixin.py:188} INFO - [2026-02-11T21:30:36.107+0800] {dag.py:3834} INFO - Setting next_dagrun for example_branch_datetime_operator_3 to 2026-02-10 00:00:00+00:00, run_after=2026-02-11 00:00:00+00:00
[2026-02-11T21:30:36.124+0800] {processor.py:183} INFO - Processing /Users/linghuchong/miniconda3/envs/py310/lib/python3.10/site-packages/airflow/example_dags/example_branch_datetime_operator.py took 0.173 seconds
[2026-02-11T21:36:08.713+0800] {processor.py:161} INFO - Started process (PID=3802) to work on /Users/linghuchong/miniconda3/envs/py310/lib/python3.10/site-packages/airflow/example_dags/example_branch_datetime_operator.py
[2026-02-11T21:36:08.715+0800] {processor.py:830} INFO - Processing file /Users/linghuchong/miniconda3/envs/py310/lib/python3.10/site-packages/airflow/example_dags/example_branch_datetime_operator.py for tasks to queue
[2026-02-11T21:36:08.715+0800] {logging_mixin.py:188} INFO - [2026-02-11T21:36:08.715+0800] {dagbag.py:540} INFO - Filling up the DagBag from /Users/linghuchong/miniconda3/envs/py310/lib/python3.10/site-packages/airflow/example_dags/example_branch_datetime_operator.py
[2026-02-11T21:36:08.728+0800] {processor.py:840} INFO - DAG(s) 'example_branch_datetime_operator_2', 'example_branch_datetime_operator_3', 'example_branch_datetime_operator' retrieved from /Users/linghuchong/miniconda3/envs/py310/lib/python3.10/site-packages/airflow/example_dags/example_branch_datetime_operator.py
[2026-02-11T21:36:08.857+0800] {logging_mixin.py:188} INFO - [2026-02-11T21:36:08.857+0800] {dag.py:3047} INFO - Sync 3 DAGs
[2026-02-11T21:36:08.876+0800] {logging_mixin.py:188} INFO - [2026-02-11T21:36:08.875+0800] {dag.py:3834} INFO - Setting next_dagrun for example_branch_datetime_operator to 2026-02-10 00:00:00+00:00, run_after=2026-02-11 00:00:00+00:00
[2026-02-11T21:36:08.880+0800] {logging_mixin.py:188} INFO - [2026-02-11T21:36:08.880+0800] {dag.py:3834} INFO - Setting next_dagrun for example_branch_datetime_operator_2 to 2026-02-10 00:00:00+00:00, run_after=2026-02-11 00:00:00+00:00
[2026-02-11T21:36:08.882+0800] {logging_mixin.py:188} INFO - [2026-02-11T21:36:08.882+0800] {dag.py:3834} INFO - Setting next_dagrun for example_branch_datetime_operator_3 to 2026-02-10 00:00:00+00:00, run_after=2026-02-11 00:00:00+00:00
[2026-02-11T21:36:08.899+0800] {processor.py:183} INFO - Processing /Users/linghuchong/miniconda3/envs/py310/lib/python3.10/site-packages/airflow/example_dags/example_branch_datetime_operator.py took 0.186 seconds
[2026-02-11T21:42:09.457+0800] {processor.py:161} INFO - Started process (PID=4255) to work on /Users/linghuchong/miniconda3/envs/py310/lib/python3.10/site-packages/airflow/example_dags/example_branch_datetime_operator.py
[2026-02-11T21:42:09.460+0800] {processor.py:830} INFO - Processing file /Users/linghuchong/miniconda3/envs/py310/lib/python3.10/site-packages/airflow/example_dags/example_branch_datetime_operator.py for tasks to queue
[2026-02-11T21:42:09.462+0800] {logging_mixin.py:188} INFO - [2026-02-11T21:42:09.462+0800] {dagbag.py:540} INFO - Filling up the DagBag from /Users/linghuchong/miniconda3/envs/py310/lib/python3.10/site-packages/airflow/example_dags/example_branch_datetime_operator.py
[2026-02-11T21:42:09.482+0800] {processor.py:840} INFO - DAG(s) 'example_branch_datetime_operator_2', 'example_branch_datetime_operator_3', 'example_branch_datetime_operator' retrieved from /Users/linghuchong/miniconda3/envs/py310/lib/python3.10/site-packages/airflow/example_dags/example_branch_datetime_operator.py
[2026-02-11T21:42:09.618+0800] {logging_mixin.py:188} INFO - [2026-02-11T21:42:09.618+0800] {dag.py:3047} INFO - Sync 3 DAGs
[2026-02-11T21:42:09.642+0800] {logging_mixin.py:188} INFO - [2026-02-11T21:42:09.642+0800] {dag.py:3834} INFO - Setting next_dagrun for example_branch_datetime_operator to 2026-02-10 00:00:00+00:00, run_after=2026-02-11 00:00:00+00:00
[2026-02-11T21:42:09.648+0800] {logging_mixin.py:188} INFO - [2026-02-11T21:42:09.647+0800] {dag.py:3834} INFO - Setting next_dagrun for example_branch_datetime_operator_2 to 2026-02-10 00:00:00+00:00, run_after=2026-02-11 00:00:00+00:00
[2026-02-11T21:42:09.650+0800] {logging_mixin.py:188} INFO - [2026-02-11T21:42:09.650+0800] {dag.py:3834} INFO - Setting next_dagrun for example_branch_datetime_operator_3 to 2026-02-10 00:00:00+00:00, run_after=2026-02-11 00:00:00+00:00
[2026-02-11T21:42:09.668+0800] {processor.py:183} INFO - Processing /Users/linghuchong/miniconda3/envs/py310/lib/python3.10/site-packages/airflow/example_dags/example_branch_datetime_operator.py took 0.212 seconds
[2026-02-11T21:48:33.729+0800] {processor.py:161} INFO - Started process (PID=4631) to work on /Users/linghuchong/miniconda3/envs/py310/lib/python3.10/site-packages/airflow/example_dags/example_branch_datetime_operator.py
[2026-02-11T21:48:33.732+0800] {processor.py:830} INFO - Processing file /Users/linghuchong/miniconda3/envs/py310/lib/python3.10/site-packages/airflow/example_dags/example_branch_datetime_operator.py for tasks to queue
[2026-02-11T21:48:33.733+0800] {logging_mixin.py:188} INFO - [2026-02-11T21:48:33.733+0800] {dagbag.py:540} INFO - Filling up the DagBag from /Users/linghuchong/miniconda3/envs/py310/lib/python3.10/site-packages/airflow/example_dags/example_branch_datetime_operator.py
[2026-02-11T21:48:33.748+0800] {processor.py:840} INFO - DAG(s) 'example_branch_datetime_operator', 'example_branch_datetime_operator_2', 'example_branch_datetime_operator_3' retrieved from /Users/linghuchong/miniconda3/envs/py310/lib/python3.10/site-packages/airflow/example_dags/example_branch_datetime_operator.py
[2026-02-11T21:48:33.915+0800] {logging_mixin.py:188} INFO - [2026-02-11T21:48:33.915+0800] {dag.py:3047} INFO - Sync 3 DAGs
[2026-02-11T21:48:33.935+0800] {logging_mixin.py:188} INFO - [2026-02-11T21:48:33.934+0800] {dag.py:3834} INFO - Setting next_dagrun for example_branch_datetime_operator to 2026-02-10 00:00:00+00:00, run_after=2026-02-11 00:00:00+00:00
[2026-02-11T21:48:33.939+0800] {logging_mixin.py:188} INFO - [2026-02-11T21:48:33.939+0800] {dag.py:3834} INFO - Setting next_dagrun for example_branch_datetime_operator_2 to 2026-02-10 00:00:00+00:00, run_after=2026-02-11 00:00:00+00:00
[2026-02-11T21:48:33.941+0800] {logging_mixin.py:188} INFO - [2026-02-11T21:48:33.941+0800] {dag.py:3834} INFO - Setting next_dagrun for example_branch_datetime_operator_3 to 2026-02-10 00:00:00+00:00, run_after=2026-02-11 00:00:00+00:00
[2026-02-11T21:48:33.967+0800] {processor.py:183} INFO - Processing /Users/linghuchong/miniconda3/envs/py310/lib/python3.10/site-packages/airflow/example_dags/example_branch_datetime_operator.py took 0.239 seconds
[2026-02-11T21:54:34.309+0800] {processor.py:161} INFO - Started process (PID=4871) to work on /Users/linghuchong/miniconda3/envs/py310/lib/python3.10/site-packages/airflow/example_dags/example_branch_datetime_operator.py
[2026-02-11T21:54:34.311+0800] {processor.py:830} INFO - Processing file /Users/linghuchong/miniconda3/envs/py310/lib/python3.10/site-packages/airflow/example_dags/example_branch_datetime_operator.py for tasks to queue
[2026-02-11T21:54:34.312+0800] {logging_mixin.py:188} INFO - [2026-02-11T21:54:34.312+0800] {dagbag.py:540} INFO - Filling up the DagBag from /Users/linghuchong/miniconda3/envs/py310/lib/python3.10/site-packages/airflow/example_dags/example_branch_datetime_operator.py
[2026-02-11T21:54:34.325+0800] {processor.py:840} INFO - DAG(s) 'example_branch_datetime_operator', 'example_branch_datetime_operator_2', 'example_branch_datetime_operator_3' retrieved from /Users/linghuchong/miniconda3/envs/py310/lib/python3.10/site-packages/airflow/example_dags/example_branch_datetime_operator.py
[2026-02-11T21:54:34.532+0800] {logging_mixin.py:188} INFO - [2026-02-11T21:54:34.532+0800] {dag.py:3047} INFO - Sync 3 DAGs
[2026-02-11T21:54:34.549+0800] {logging_mixin.py:188} INFO - [2026-02-11T21:54:34.549+0800] {dag.py:3834} INFO - Setting next_dagrun for example_branch_datetime_operator to 2026-02-10 00:00:00+00:00, run_after=2026-02-11 00:00:00+00:00
[2026-02-11T21:54:34.553+0800] {logging_mixin.py:188} INFO - [2026-02-11T21:54:34.553+0800] {dag.py:3834} INFO - Setting next_dagrun for example_branch_datetime_operator_2 to 2026-02-10 00:00:00+00:00, run_after=2026-02-11 00:00:00+00:00
[2026-02-11T21:54:34.555+0800] {logging_mixin.py:188} INFO - [2026-02-11T21:54:34.555+0800] {dag.py:3834} INFO - Setting next_dagrun for example_branch_datetime_operator_3 to 2026-02-10 00:00:00+00:00, run_after=2026-02-11 00:00:00+00:00
[2026-02-11T21:54:34.573+0800] {processor.py:183} INFO - Processing /Users/linghuchong/miniconda3/envs/py310/lib/python3.10/site-packages/airflow/example_dags/example_branch_datetime_operator.py took 0.265 seconds
[2026-02-11T22:00:26.481+0800] {processor.py:161} INFO - Started process (PID=5093) to work on /Users/linghuchong/miniconda3/envs/py310/lib/python3.10/site-packages/airflow/example_dags/example_branch_datetime_operator.py
[2026-02-11T22:00:26.482+0800] {processor.py:830} INFO - Processing file /Users/linghuchong/miniconda3/envs/py310/lib/python3.10/site-packages/airflow/example_dags/example_branch_datetime_operator.py for tasks to queue
[2026-02-11T22:00:26.483+0800] {logging_mixin.py:188} INFO - [2026-02-11T22:00:26.483+0800] {dagbag.py:540} INFO - Filling up the DagBag from /Users/linghuchong/miniconda3/envs/py310/lib/python3.10/site-packages/airflow/example_dags/example_branch_datetime_operator.py
[2026-02-11T22:00:26.496+0800] {processor.py:840} INFO - DAG(s) 'example_branch_datetime_operator', 'example_branch_datetime_operator_3', 'example_branch_datetime_operator_2' retrieved from /Users/linghuchong/miniconda3/envs/py310/lib/python3.10/site-packages/airflow/example_dags/example_branch_datetime_operator.py
[2026-02-11T22:00:26.762+0800] {logging_mixin.py:188} INFO - [2026-02-11T22:00:26.761+0800] {dag.py:3047} INFO - Sync 3 DAGs
[2026-02-11T22:00:26.792+0800] {logging_mixin.py:188} INFO - [2026-02-11T22:00:26.792+0800] {dag.py:3834} INFO - Setting next_dagrun for example_branch_datetime_operator to 2026-02-10 00:00:00+00:00, run_after=2026-02-11 00:00:00+00:00
[2026-02-11T22:00:26.797+0800] {logging_mixin.py:188} INFO - [2026-02-11T22:00:26.797+0800] {dag.py:3834} INFO - Setting next_dagrun for example_branch_datetime_operator_2 to 2026-02-10 00:00:00+00:00, run_after=2026-02-11 00:00:00+00:00
[2026-02-11T22:00:26.800+0800] {logging_mixin.py:188} INFO - [2026-02-11T22:00:26.800+0800] {dag.py:3834} INFO - Setting next_dagrun for example_branch_datetime_operator_3 to 2026-02-10 00:00:00+00:00, run_after=2026-02-11 00:00:00+00:00
[2026-02-11T22:00:26.830+0800] {processor.py:183} INFO - Processing /Users/linghuchong/miniconda3/envs/py310/lib/python3.10/site-packages/airflow/example_dags/example_branch_datetime_operator.py took 0.350 seconds
[2026-02-11T22:06:13.411+0800] {processor.py:161} INFO - Started process (PID=5343) to work on /Users/linghuchong/miniconda3/envs/py310/lib/python3.10/site-packages/airflow/example_dags/example_branch_datetime_operator.py
[2026-02-11T22:06:13.414+0800] {processor.py:830} INFO - Processing file /Users/linghuchong/miniconda3/envs/py310/lib/python3.10/site-packages/airflow/example_dags/example_branch_datetime_operator.py for tasks to queue
[2026-02-11T22:06:13.415+0800] {logging_mixin.py:188} INFO - [2026-02-11T22:06:13.415+0800] {dagbag.py:540} INFO - Filling up the DagBag from /Users/linghuchong/miniconda3/envs/py310/lib/python3.10/site-packages/airflow/example_dags/example_branch_datetime_operator.py
[2026-02-11T22:06:13.429+0800] {processor.py:840} INFO - DAG(s) 'example_branch_datetime_operator', 'example_branch_datetime_operator_3', 'example_branch_datetime_operator_2' retrieved from /Users/linghuchong/miniconda3/envs/py310/lib/python3.10/site-packages/airflow/example_dags/example_branch_datetime_operator.py
[2026-02-11T22:06:13.552+0800] {logging_mixin.py:188} INFO - [2026-02-11T22:06:13.551+0800] {dag.py:3047} INFO - Sync 3 DAGs
[2026-02-11T22:06:13.572+0800] {logging_mixin.py:188} INFO - [2026-02-11T22:06:13.572+0800] {dag.py:3834} INFO - Setting next_dagrun for example_branch_datetime_operator to 2026-02-10 00:00:00+00:00, run_after=2026-02-11 00:00:00+00:00
[2026-02-11T22:06:13.576+0800] {logging_mixin.py:188} INFO - [2026-02-11T22:06:13.576+0800] {dag.py:3834} INFO - Setting next_dagrun for example_branch_datetime_operator_2 to 2026-02-10 00:00:00+00:00, run_after=2026-02-11 00:00:00+00:00
[2026-02-11T22:06:13.579+0800] {logging_mixin.py:188} INFO - [2026-02-11T22:06:13.578+0800] {dag.py:3834} INFO - Setting next_dagrun for example_branch_datetime_operator_3 to 2026-02-10 00:00:00+00:00, run_after=2026-02-11 00:00:00+00:00
[2026-02-11T22:06:13.596+0800] {processor.py:183} INFO - Processing /Users/linghuchong/miniconda3/envs/py310/lib/python3.10/site-packages/airflow/example_dags/example_branch_datetime_operator.py took 0.186 seconds
[2026-02-11T22:11:37.583+0800] {processor.py:161} INFO - Started process (PID=5525) to work on /Users/linghuchong/miniconda3/envs/py310/lib/python3.10/site-packages/airflow/example_dags/example_branch_datetime_operator.py
[2026-02-11T22:11:37.584+0800] {processor.py:830} INFO - Processing file /Users/linghuchong/miniconda3/envs/py310/lib/python3.10/site-packages/airflow/example_dags/example_branch_datetime_operator.py for tasks to queue
[2026-02-11T22:11:37.584+0800] {logging_mixin.py:188} INFO - [2026-02-11T22:11:37.584+0800] {dagbag.py:540} INFO - Filling up the DagBag from /Users/linghuchong/miniconda3/envs/py310/lib/python3.10/site-packages/airflow/example_dags/example_branch_datetime_operator.py
[2026-02-11T22:11:37.596+0800] {processor.py:840} INFO - DAG(s) 'example_branch_datetime_operator_3', 'example_branch_datetime_operator', 'example_branch_datetime_operator_2' retrieved from /Users/linghuchong/miniconda3/envs/py310/lib/python3.10/site-packages/airflow/example_dags/example_branch_datetime_operator.py
[2026-02-11T22:11:37.705+0800] {logging_mixin.py:188} INFO - [2026-02-11T22:11:37.705+0800] {dag.py:3047} INFO - Sync 3 DAGs
[2026-02-11T22:11:37.723+0800] {logging_mixin.py:188} INFO - [2026-02-11T22:11:37.723+0800] {dag.py:3834} INFO - Setting next_dagrun for example_branch_datetime_operator to 2026-02-10 00:00:00+00:00, run_after=2026-02-11 00:00:00+00:00
[2026-02-11T22:11:37.727+0800] {logging_mixin.py:188} INFO - [2026-02-11T22:11:37.727+0800] {dag.py:3834} INFO - Setting next_dagrun for example_branch_datetime_operator_2 to 2026-02-10 00:00:00+00:00, run_after=2026-02-11 00:00:00+00:00
[2026-02-11T22:11:37.729+0800] {logging_mixin.py:188} INFO - [2026-02-11T22:11:37.729+0800] {dag.py:3834} INFO - Setting next_dagrun for example_branch_datetime_operator_3 to 2026-02-10 00:00:00+00:00, run_after=2026-02-11 00:00:00+00:00
[2026-02-11T22:11:37.749+0800] {processor.py:183} INFO - Processing /Users/linghuchong/miniconda3/envs/py310/lib/python3.10/site-packages/airflow/example_dags/example_branch_datetime_operator.py took 0.167 seconds
[2026-02-11T22:16:54.097+0800] {processor.py:161} INFO - Started process (PID=5661) to work on /Users/linghuchong/miniconda3/envs/py310/lib/python3.10/site-packages/airflow/example_dags/example_branch_datetime_operator.py
[2026-02-11T22:16:54.098+0800] {processor.py:830} INFO - Processing file /Users/linghuchong/miniconda3/envs/py310/lib/python3.10/site-packages/airflow/example_dags/example_branch_datetime_operator.py for tasks to queue
[2026-02-11T22:16:54.099+0800] {logging_mixin.py:188} INFO - [2026-02-11T22:16:54.099+0800] {dagbag.py:540} INFO - Filling up the DagBag from /Users/linghuchong/miniconda3/envs/py310/lib/python3.10/site-packages/airflow/example_dags/example_branch_datetime_operator.py
[2026-02-11T22:16:54.114+0800] {processor.py:840} INFO - DAG(s) 'example_branch_datetime_operator_3', 'example_branch_datetime_operator_2', 'example_branch_datetime_operator' retrieved from /Users/linghuchong/miniconda3/envs/py310/lib/python3.10/site-packages/airflow/example_dags/example_branch_datetime_operator.py
[2026-02-11T22:16:54.262+0800] {logging_mixin.py:188} INFO - [2026-02-11T22:16:54.262+0800] {dag.py:3047} INFO - Sync 3 DAGs
[2026-02-11T22:16:54.280+0800] {logging_mixin.py:188} INFO - [2026-02-11T22:16:54.280+0800] {dag.py:3834} INFO - Setting next_dagrun for example_branch_datetime_operator to 2026-02-10 00:00:00+00:00, run_after=2026-02-11 00:00:00+00:00
[2026-02-11T22:16:54.284+0800] {logging_mixin.py:188} INFO - [2026-02-11T22:16:54.284+0800] {dag.py:3834} INFO - Setting next_dagrun for example_branch_datetime_operator_2 to 2026-02-10 00:00:00+00:00, run_after=2026-02-11 00:00:00+00:00
[2026-02-11T22:16:54.287+0800] {logging_mixin.py:188} INFO - [2026-02-11T22:16:54.286+0800] {dag.py:3834} INFO - Setting next_dagrun for example_branch_datetime_operator_3 to 2026-02-10 00:00:00+00:00, run_after=2026-02-11 00:00:00+00:00
[2026-02-11T22:16:54.303+0800] {processor.py:183} INFO - Processing /Users/linghuchong/miniconda3/envs/py310/lib/python3.10/site-packages/airflow/example_dags/example_branch_datetime_operator.py took 0.206 seconds
[2026-02-11T22:22:49.377+0800] {processor.py:161} INFO - Started process (PID=5902) to work on /Users/linghuchong/miniconda3/envs/py310/lib/python3.10/site-packages/airflow/example_dags/example_branch_datetime_operator.py
[2026-02-11T22:22:49.378+0800] {processor.py:830} INFO - Processing file /Users/linghuchong/miniconda3/envs/py310/lib/python3.10/site-packages/airflow/example_dags/example_branch_datetime_operator.py for tasks to queue
[2026-02-11T22:22:49.379+0800] {logging_mixin.py:188} INFO - [2026-02-11T22:22:49.378+0800] {dagbag.py:540} INFO - Filling up the DagBag from /Users/linghuchong/miniconda3/envs/py310/lib/python3.10/site-packages/airflow/example_dags/example_branch_datetime_operator.py
[2026-02-11T22:22:49.393+0800] {processor.py:840} INFO - DAG(s) 'example_branch_datetime_operator_3', 'example_branch_datetime_operator_2', 'example_branch_datetime_operator' retrieved from /Users/linghuchong/miniconda3/envs/py310/lib/python3.10/site-packages/airflow/example_dags/example_branch_datetime_operator.py
[2026-02-11T22:22:49.630+0800] {logging_mixin.py:188} INFO - [2026-02-11T22:22:49.629+0800] {dag.py:3047} INFO - Sync 3 DAGs
[2026-02-11T22:22:49.650+0800] {logging_mixin.py:188} INFO - [2026-02-11T22:22:49.650+0800] {dag.py:3834} INFO - Setting next_dagrun for example_branch_datetime_operator to 2026-02-10 00:00:00+00:00, run_after=2026-02-11 00:00:00+00:00
[2026-02-11T22:22:49.654+0800] {logging_mixin.py:188} INFO - [2026-02-11T22:22:49.654+0800] {dag.py:3834} INFO - Setting next_dagrun for example_branch_datetime_operator_2 to 2026-02-10 00:00:00+00:00, run_after=2026-02-11 00:00:00+00:00
[2026-02-11T22:22:49.657+0800] {logging_mixin.py:188} INFO - [2026-02-11T22:22:49.657+0800] {dag.py:3834} INFO - Setting next_dagrun for example_branch_datetime_operator_3 to 2026-02-10 00:00:00+00:00, run_after=2026-02-11 00:00:00+00:00
[2026-02-11T22:22:49.682+0800] {processor.py:183} INFO - Processing /Users/linghuchong/miniconda3/envs/py310/lib/python3.10/site-packages/airflow/example_dags/example_branch_datetime_operator.py took 0.306 seconds
[2026-02-11T22:28:38.002+0800] {processor.py:161} INFO - Started process (PID=6128) to work on /Users/linghuchong/miniconda3/envs/py310/lib/python3.10/site-packages/airflow/example_dags/example_branch_datetime_operator.py
[2026-02-11T22:28:38.005+0800] {processor.py:830} INFO - Processing file /Users/linghuchong/miniconda3/envs/py310/lib/python3.10/site-packages/airflow/example_dags/example_branch_datetime_operator.py for tasks to queue
[2026-02-11T22:28:38.007+0800] {logging_mixin.py:188} INFO - [2026-02-11T22:28:38.006+0800] {dagbag.py:540} INFO - Filling up the DagBag from /Users/linghuchong/miniconda3/envs/py310/lib/python3.10/site-packages/airflow/example_dags/example_branch_datetime_operator.py
[2026-02-11T22:28:38.020+0800] {processor.py:840} INFO - DAG(s) 'example_branch_datetime_operator', 'example_branch_datetime_operator_3', 'example_branch_datetime_operator_2' retrieved from /Users/linghuchong/miniconda3/envs/py310/lib/python3.10/site-packages/airflow/example_dags/example_branch_datetime_operator.py
[2026-02-11T22:28:38.132+0800] {logging_mixin.py:188} INFO - [2026-02-11T22:28:38.132+0800] {dag.py:3047} INFO - Sync 3 DAGs
[2026-02-11T22:28:38.151+0800] {logging_mixin.py:188} INFO - [2026-02-11T22:28:38.151+0800] {dag.py:3834} INFO - Setting next_dagrun for example_branch_datetime_operator to 2026-02-10 00:00:00+00:00, run_after=2026-02-11 00:00:00+00:00
[2026-02-11T22:28:38.155+0800] {logging_mixin.py:188} INFO - [2026-02-11T22:28:38.155+0800] {dag.py:3834} INFO - Setting next_dagrun for example_branch_datetime_operator_2 to 2026-02-10 00:00:00+00:00, run_after=2026-02-11 00:00:00+00:00
[2026-02-11T22:28:38.157+0800] {logging_mixin.py:188} INFO - [2026-02-11T22:28:38.157+0800] {dag.py:3834} INFO - Setting next_dagrun for example_branch_datetime_operator_3 to 2026-02-10 00:00:00+00:00, run_after=2026-02-11 00:00:00+00:00
[2026-02-11T22:28:38.172+0800] {processor.py:183} INFO - Processing /Users/linghuchong/miniconda3/envs/py310/lib/python3.10/site-packages/airflow/example_dags/example_branch_datetime_operator.py took 0.170 seconds
[2026-02-11T22:34:10.237+0800] {processor.py:161} INFO - Started process (PID=6358) to work on /Users/linghuchong/miniconda3/envs/py310/lib/python3.10/site-packages/airflow/example_dags/example_branch_datetime_operator.py
[2026-02-11T22:34:10.238+0800] {processor.py:830} INFO - Processing file /Users/linghuchong/miniconda3/envs/py310/lib/python3.10/site-packages/airflow/example_dags/example_branch_datetime_operator.py for tasks to queue
[2026-02-11T22:34:10.239+0800] {logging_mixin.py:188} INFO - [2026-02-11T22:34:10.238+0800] {dagbag.py:540} INFO - Filling up the DagBag from /Users/linghuchong/miniconda3/envs/py310/lib/python3.10/site-packages/airflow/example_dags/example_branch_datetime_operator.py
[2026-02-11T22:34:10.254+0800] {processor.py:840} INFO - DAG(s) 'example_branch_datetime_operator', 'example_branch_datetime_operator_2', 'example_branch_datetime_operator_3' retrieved from /Users/linghuchong/miniconda3/envs/py310/lib/python3.10/site-packages/airflow/example_dags/example_branch_datetime_operator.py
[2026-02-11T22:34:10.280+0800] {logging_mixin.py:188} INFO - [2026-02-11T22:34:10.280+0800] {dag.py:3047} INFO - Sync 3 DAGs
[2026-02-11T22:34:10.400+0800] {logging_mixin.py:188} INFO - [2026-02-11T22:34:10.400+0800] {dag.py:3834} INFO - Setting next_dagrun for example_branch_datetime_operator to 2026-02-10 00:00:00+00:00, run_after=2026-02-11 00:00:00+00:00
[2026-02-11T22:34:10.404+0800] {logging_mixin.py:188} INFO - [2026-02-11T22:34:10.404+0800] {dag.py:3834} INFO - Setting next_dagrun for example_branch_datetime_operator_2 to 2026-02-10 00:00:00+00:00, run_after=2026-02-11 00:00:00+00:00
[2026-02-11T22:34:10.406+0800] {logging_mixin.py:188} INFO - [2026-02-11T22:34:10.406+0800] {dag.py:3834} INFO - Setting next_dagrun for example_branch_datetime_operator_3 to 2026-02-10 00:00:00+00:00, run_after=2026-02-11 00:00:00+00:00
[2026-02-11T22:34:10.424+0800] {processor.py:183} INFO - Processing /Users/linghuchong/miniconda3/envs/py310/lib/python3.10/site-packages/airflow/example_dags/example_branch_datetime_operator.py took 0.189 seconds
[2026-02-11T22:40:40.812+0800] {processor.py:161} INFO - Started process (PID=6626) to work on /Users/linghuchong/miniconda3/envs/py310/lib/python3.10/site-packages/airflow/example_dags/example_branch_datetime_operator.py
[2026-02-11T22:40:40.814+0800] {processor.py:830} INFO - Processing file /Users/linghuchong/miniconda3/envs/py310/lib/python3.10/site-packages/airflow/example_dags/example_branch_datetime_operator.py for tasks to queue
[2026-02-11T22:40:40.815+0800] {logging_mixin.py:188} INFO - [2026-02-11T22:40:40.815+0800] {dagbag.py:540} INFO - Filling up the DagBag from /Users/linghuchong/miniconda3/envs/py310/lib/python3.10/site-packages/airflow/example_dags/example_branch_datetime_operator.py
[2026-02-11T22:40:40.830+0800] {processor.py:840} INFO - DAG(s) 'example_branch_datetime_operator_3', 'example_branch_datetime_operator', 'example_branch_datetime_operator_2' retrieved from /Users/linghuchong/miniconda3/envs/py310/lib/python3.10/site-packages/airflow/example_dags/example_branch_datetime_operator.py
[2026-02-11T22:40:41.082+0800] {logging_mixin.py:188} INFO - [2026-02-11T22:40:41.081+0800] {dag.py:3047} INFO - Sync 3 DAGs
[2026-02-11T22:40:41.100+0800] {logging_mixin.py:188} INFO - [2026-02-11T22:40:41.100+0800] {dag.py:3834} INFO - Setting next_dagrun for example_branch_datetime_operator to 2026-02-10 00:00:00+00:00, run_after=2026-02-11 00:00:00+00:00
[2026-02-11T22:40:41.104+0800] {logging_mixin.py:188} INFO - [2026-02-11T22:40:41.103+0800] {dag.py:3834} INFO - Setting next_dagrun for example_branch_datetime_operator_2 to 2026-02-10 00:00:00+00:00, run_after=2026-02-11 00:00:00+00:00
[2026-02-11T22:40:41.106+0800] {logging_mixin.py:188} INFO - [2026-02-11T22:40:41.106+0800] {dag.py:3834} INFO - Setting next_dagrun for example_branch_datetime_operator_3 to 2026-02-10 00:00:00+00:00, run_after=2026-02-11 00:00:00+00:00
[2026-02-11T22:40:41.124+0800] {processor.py:183} INFO - Processing /Users/linghuchong/miniconda3/envs/py310/lib/python3.10/site-packages/airflow/example_dags/example_branch_datetime_operator.py took 0.313 seconds
