[2026-02-11T12:17:36.693+0800] {processor.py:161} INFO - Started process (PID=8162) to work on /Users/linghuchong/miniconda3/envs/py310/lib/python3.10/site-packages/airflow/example_dags/example_trigger_controller_dag.py
[2026-02-11T12:17:36.693+0800] {processor.py:830} INFO - Processing file /Users/linghuchong/miniconda3/envs/py310/lib/python3.10/site-packages/airflow/example_dags/example_trigger_controller_dag.py for tasks to queue
[2026-02-11T12:17:36.694+0800] {logging_mixin.py:188} INFO - [2026-02-11T12:17:36.694+0800] {dagbag.py:540} INFO - Filling up the DagBag from /Users/linghuchong/miniconda3/envs/py310/lib/python3.10/site-packages/airflow/example_dags/example_trigger_controller_dag.py
[2026-02-11T12:17:36.705+0800] {processor.py:840} INFO - DAG(s) 'example_trigger_controller_dag' retrieved from /Users/linghuchong/miniconda3/envs/py310/lib/python3.10/site-packages/airflow/example_dags/example_trigger_controller_dag.py
[2026-02-11T12:17:36.922+0800] {logging_mixin.py:188} INFO - [2026-02-11T12:17:36.921+0800] {override.py:1769} INFO - Created Permission View: can edit on DAG:example_trigger_controller_dag
[2026-02-11T12:17:36.931+0800] {logging_mixin.py:188} INFO - [2026-02-11T12:17:36.931+0800] {override.py:1769} INFO - Created Permission View: can read on DAG:example_trigger_controller_dag
[2026-02-11T12:17:36.938+0800] {logging_mixin.py:188} INFO - [2026-02-11T12:17:36.937+0800] {override.py:1769} INFO - Created Permission View: can delete on DAG:example_trigger_controller_dag
[2026-02-11T12:17:36.938+0800] {logging_mixin.py:188} INFO - [2026-02-11T12:17:36.938+0800] {dag.py:3047} INFO - Sync 1 DAGs
[2026-02-11T12:17:36.948+0800] {logging_mixin.py:188} INFO - [2026-02-11T12:17:36.948+0800] {dag.py:3069} INFO - Creating ORM DAG for example_trigger_controller_dag
[2026-02-11T12:17:36.958+0800] {logging_mixin.py:188} INFO - [2026-02-11T12:17:36.957+0800] {dag.py:3834} INFO - Setting next_dagrun for example_trigger_controller_dag to 2021-01-01 00:00:00+00:00, run_after=2021-01-01 00:00:00+00:00
[2026-02-11T12:17:36.975+0800] {processor.py:183} INFO - Processing /Users/linghuchong/miniconda3/envs/py310/lib/python3.10/site-packages/airflow/example_dags/example_trigger_controller_dag.py took 0.284 seconds
[2026-02-11T12:21:16.303+0800] {processor.py:161} INFO - Started process (PID=8305) to work on /Users/linghuchong/miniconda3/envs/py310/lib/python3.10/site-packages/airflow/example_dags/example_trigger_controller_dag.py
[2026-02-11T12:21:16.306+0800] {processor.py:830} INFO - Processing file /Users/linghuchong/miniconda3/envs/py310/lib/python3.10/site-packages/airflow/example_dags/example_trigger_controller_dag.py for tasks to queue
[2026-02-11T12:21:16.307+0800] {logging_mixin.py:188} INFO - [2026-02-11T12:21:16.307+0800] {dagbag.py:540} INFO - Filling up the DagBag from /Users/linghuchong/miniconda3/envs/py310/lib/python3.10/site-packages/airflow/example_dags/example_trigger_controller_dag.py
[2026-02-11T12:21:16.318+0800] {processor.py:840} INFO - DAG(s) 'example_trigger_controller_dag' retrieved from /Users/linghuchong/miniconda3/envs/py310/lib/python3.10/site-packages/airflow/example_dags/example_trigger_controller_dag.py
[2026-02-11T12:21:16.429+0800] {logging_mixin.py:188} INFO - [2026-02-11T12:21:16.428+0800] {dag.py:3047} INFO - Sync 1 DAGs
[2026-02-11T12:21:16.447+0800] {logging_mixin.py:188} INFO - [2026-02-11T12:21:16.447+0800] {dag.py:3834} INFO - Setting next_dagrun for example_trigger_controller_dag to 2021-01-01 00:00:00+00:00, run_after=2021-01-01 00:00:00+00:00
[2026-02-11T12:21:16.468+0800] {processor.py:183} INFO - Processing /Users/linghuchong/miniconda3/envs/py310/lib/python3.10/site-packages/airflow/example_dags/example_trigger_controller_dag.py took 0.165 seconds
[2026-02-11T12:23:58.248+0800] {processor.py:161} INFO - Started process (PID=8404) to work on /Users/linghuchong/miniconda3/envs/py310/lib/python3.10/site-packages/airflow/example_dags/example_trigger_controller_dag.py
[2026-02-11T12:23:58.251+0800] {processor.py:830} INFO - Processing file /Users/linghuchong/miniconda3/envs/py310/lib/python3.10/site-packages/airflow/example_dags/example_trigger_controller_dag.py for tasks to queue
[2026-02-11T12:23:58.253+0800] {logging_mixin.py:188} INFO - [2026-02-11T12:23:58.252+0800] {dagbag.py:540} INFO - Filling up the DagBag from /Users/linghuchong/miniconda3/envs/py310/lib/python3.10/site-packages/airflow/example_dags/example_trigger_controller_dag.py
[2026-02-11T12:23:58.263+0800] {processor.py:840} INFO - DAG(s) 'example_trigger_controller_dag' retrieved from /Users/linghuchong/miniconda3/envs/py310/lib/python3.10/site-packages/airflow/example_dags/example_trigger_controller_dag.py
[2026-02-11T12:23:58.375+0800] {logging_mixin.py:188} INFO - [2026-02-11T12:23:58.374+0800] {dag.py:3047} INFO - Sync 1 DAGs
[2026-02-11T12:23:58.393+0800] {logging_mixin.py:188} INFO - [2026-02-11T12:23:58.393+0800] {dag.py:3834} INFO - Setting next_dagrun for example_trigger_controller_dag to 2021-01-01 00:00:00+00:00, run_after=2021-01-01 00:00:00+00:00
[2026-02-11T12:23:58.413+0800] {processor.py:183} INFO - Processing /Users/linghuchong/miniconda3/envs/py310/lib/python3.10/site-packages/airflow/example_dags/example_trigger_controller_dag.py took 0.166 seconds
[2026-02-11T12:26:38.217+0800] {processor.py:161} INFO - Started process (PID=8470) to work on /Users/linghuchong/miniconda3/envs/py310/lib/python3.10/site-packages/airflow/example_dags/example_trigger_controller_dag.py
[2026-02-11T12:26:38.220+0800] {processor.py:830} INFO - Processing file /Users/linghuchong/miniconda3/envs/py310/lib/python3.10/site-packages/airflow/example_dags/example_trigger_controller_dag.py for tasks to queue
[2026-02-11T12:26:38.221+0800] {logging_mixin.py:188} INFO - [2026-02-11T12:26:38.221+0800] {dagbag.py:540} INFO - Filling up the DagBag from /Users/linghuchong/miniconda3/envs/py310/lib/python3.10/site-packages/airflow/example_dags/example_trigger_controller_dag.py
[2026-02-11T12:26:38.232+0800] {processor.py:840} INFO - DAG(s) 'example_trigger_controller_dag' retrieved from /Users/linghuchong/miniconda3/envs/py310/lib/python3.10/site-packages/airflow/example_dags/example_trigger_controller_dag.py
[2026-02-11T12:26:38.343+0800] {logging_mixin.py:188} INFO - [2026-02-11T12:26:38.342+0800] {dag.py:3047} INFO - Sync 1 DAGs
[2026-02-11T12:26:38.361+0800] {logging_mixin.py:188} INFO - [2026-02-11T12:26:38.361+0800] {dag.py:3834} INFO - Setting next_dagrun for example_trigger_controller_dag to 2021-01-01 00:00:00+00:00, run_after=2021-01-01 00:00:00+00:00
[2026-02-11T12:26:38.383+0800] {processor.py:183} INFO - Processing /Users/linghuchong/miniconda3/envs/py310/lib/python3.10/site-packages/airflow/example_dags/example_trigger_controller_dag.py took 0.167 seconds
[2026-02-11T12:29:02.917+0800] {processor.py:161} INFO - Started process (PID=8526) to work on /Users/linghuchong/miniconda3/envs/py310/lib/python3.10/site-packages/airflow/example_dags/example_trigger_controller_dag.py
[2026-02-11T12:29:02.920+0800] {processor.py:830} INFO - Processing file /Users/linghuchong/miniconda3/envs/py310/lib/python3.10/site-packages/airflow/example_dags/example_trigger_controller_dag.py for tasks to queue
[2026-02-11T12:29:02.921+0800] {logging_mixin.py:188} INFO - [2026-02-11T12:29:02.921+0800] {dagbag.py:540} INFO - Filling up the DagBag from /Users/linghuchong/miniconda3/envs/py310/lib/python3.10/site-packages/airflow/example_dags/example_trigger_controller_dag.py
[2026-02-11T12:29:02.933+0800] {processor.py:840} INFO - DAG(s) 'example_trigger_controller_dag' retrieved from /Users/linghuchong/miniconda3/envs/py310/lib/python3.10/site-packages/airflow/example_dags/example_trigger_controller_dag.py
[2026-02-11T12:29:03.043+0800] {logging_mixin.py:188} INFO - [2026-02-11T12:29:03.042+0800] {dag.py:3047} INFO - Sync 1 DAGs
[2026-02-11T12:29:03.062+0800] {logging_mixin.py:188} INFO - [2026-02-11T12:29:03.061+0800] {dag.py:3834} INFO - Setting next_dagrun for example_trigger_controller_dag to 2021-01-01 00:00:00+00:00, run_after=2021-01-01 00:00:00+00:00
[2026-02-11T12:29:03.084+0800] {processor.py:183} INFO - Processing /Users/linghuchong/miniconda3/envs/py310/lib/python3.10/site-packages/airflow/example_dags/example_trigger_controller_dag.py took 0.168 seconds
[2026-02-11T13:10:09.563+0800] {processor.py:161} INFO - Started process (PID=8648) to work on /Users/linghuchong/miniconda3/envs/py310/lib/python3.10/site-packages/airflow/example_dags/example_trigger_controller_dag.py
[2026-02-11T13:10:09.566+0800] {processor.py:830} INFO - Processing file /Users/linghuchong/miniconda3/envs/py310/lib/python3.10/site-packages/airflow/example_dags/example_trigger_controller_dag.py for tasks to queue
[2026-02-11T13:10:09.567+0800] {logging_mixin.py:188} INFO - [2026-02-11T13:10:09.567+0800] {dagbag.py:540} INFO - Filling up the DagBag from /Users/linghuchong/miniconda3/envs/py310/lib/python3.10/site-packages/airflow/example_dags/example_trigger_controller_dag.py
[2026-02-11T13:10:09.578+0800] {processor.py:840} INFO - DAG(s) 'example_trigger_controller_dag' retrieved from /Users/linghuchong/miniconda3/envs/py310/lib/python3.10/site-packages/airflow/example_dags/example_trigger_controller_dag.py
[2026-02-11T13:10:09.708+0800] {logging_mixin.py:188} INFO - [2026-02-11T13:10:09.708+0800] {dag.py:3047} INFO - Sync 1 DAGs
[2026-02-11T13:10:09.727+0800] {logging_mixin.py:188} INFO - [2026-02-11T13:10:09.726+0800] {dag.py:3834} INFO - Setting next_dagrun for example_trigger_controller_dag to 2021-01-01 00:00:00+00:00, run_after=2021-01-01 00:00:00+00:00
[2026-02-11T13:10:09.746+0800] {processor.py:183} INFO - Processing /Users/linghuchong/miniconda3/envs/py310/lib/python3.10/site-packages/airflow/example_dags/example_trigger_controller_dag.py took 0.185 seconds
[2026-02-11T13:20:17.814+0800] {processor.py:161} INFO - Started process (PID=9097) to work on /Users/linghuchong/miniconda3/envs/py310/lib/python3.10/site-packages/airflow/example_dags/example_trigger_controller_dag.py
[2026-02-11T13:20:17.817+0800] {processor.py:830} INFO - Processing file /Users/linghuchong/miniconda3/envs/py310/lib/python3.10/site-packages/airflow/example_dags/example_trigger_controller_dag.py for tasks to queue
[2026-02-11T13:20:17.819+0800] {logging_mixin.py:188} INFO - [2026-02-11T13:20:17.818+0800] {dagbag.py:540} INFO - Filling up the DagBag from /Users/linghuchong/miniconda3/envs/py310/lib/python3.10/site-packages/airflow/example_dags/example_trigger_controller_dag.py
[2026-02-11T13:20:17.831+0800] {processor.py:840} INFO - DAG(s) 'example_trigger_controller_dag' retrieved from /Users/linghuchong/miniconda3/envs/py310/lib/python3.10/site-packages/airflow/example_dags/example_trigger_controller_dag.py
[2026-02-11T13:20:17.947+0800] {logging_mixin.py:188} INFO - [2026-02-11T13:20:17.947+0800] {dag.py:3047} INFO - Sync 1 DAGs
[2026-02-11T13:20:17.965+0800] {logging_mixin.py:188} INFO - [2026-02-11T13:20:17.965+0800] {dag.py:3834} INFO - Setting next_dagrun for example_trigger_controller_dag to 2021-01-01 00:00:00+00:00, run_after=2021-01-01 00:00:00+00:00
[2026-02-11T13:20:17.986+0800] {processor.py:183} INFO - Processing /Users/linghuchong/miniconda3/envs/py310/lib/python3.10/site-packages/airflow/example_dags/example_trigger_controller_dag.py took 0.173 seconds
[2026-02-11T13:23:36.957+0800] {processor.py:161} INFO - Started process (PID=9218) to work on /Users/linghuchong/miniconda3/envs/py310/lib/python3.10/site-packages/airflow/example_dags/example_trigger_controller_dag.py
[2026-02-11T13:23:36.961+0800] {processor.py:830} INFO - Processing file /Users/linghuchong/miniconda3/envs/py310/lib/python3.10/site-packages/airflow/example_dags/example_trigger_controller_dag.py for tasks to queue
[2026-02-11T13:23:36.962+0800] {logging_mixin.py:188} INFO - [2026-02-11T13:23:36.962+0800] {dagbag.py:540} INFO - Filling up the DagBag from /Users/linghuchong/miniconda3/envs/py310/lib/python3.10/site-packages/airflow/example_dags/example_trigger_controller_dag.py
[2026-02-11T13:23:36.973+0800] {processor.py:840} INFO - DAG(s) 'example_trigger_controller_dag' retrieved from /Users/linghuchong/miniconda3/envs/py310/lib/python3.10/site-packages/airflow/example_dags/example_trigger_controller_dag.py
[2026-02-11T13:23:37.095+0800] {logging_mixin.py:188} INFO - [2026-02-11T13:23:37.095+0800] {dag.py:3047} INFO - Sync 1 DAGs
[2026-02-11T13:23:37.113+0800] {logging_mixin.py:188} INFO - [2026-02-11T13:23:37.112+0800] {dag.py:3834} INFO - Setting next_dagrun for example_trigger_controller_dag to 2021-01-01 00:00:00+00:00, run_after=2021-01-01 00:00:00+00:00
[2026-02-11T13:23:37.135+0800] {processor.py:183} INFO - Processing /Users/linghuchong/miniconda3/envs/py310/lib/python3.10/site-packages/airflow/example_dags/example_trigger_controller_dag.py took 0.179 seconds
[2026-02-11T13:26:23.562+0800] {processor.py:161} INFO - Started process (PID=9312) to work on /Users/linghuchong/miniconda3/envs/py310/lib/python3.10/site-packages/airflow/example_dags/example_trigger_controller_dag.py
[2026-02-11T13:26:23.564+0800] {processor.py:830} INFO - Processing file /Users/linghuchong/miniconda3/envs/py310/lib/python3.10/site-packages/airflow/example_dags/example_trigger_controller_dag.py for tasks to queue
[2026-02-11T13:26:23.565+0800] {logging_mixin.py:188} INFO - [2026-02-11T13:26:23.565+0800] {dagbag.py:540} INFO - Filling up the DagBag from /Users/linghuchong/miniconda3/envs/py310/lib/python3.10/site-packages/airflow/example_dags/example_trigger_controller_dag.py
[2026-02-11T13:26:23.576+0800] {processor.py:840} INFO - DAG(s) 'example_trigger_controller_dag' retrieved from /Users/linghuchong/miniconda3/envs/py310/lib/python3.10/site-packages/airflow/example_dags/example_trigger_controller_dag.py
[2026-02-11T13:26:23.687+0800] {logging_mixin.py:188} INFO - [2026-02-11T13:26:23.687+0800] {dag.py:3047} INFO - Sync 1 DAGs
[2026-02-11T13:26:23.706+0800] {logging_mixin.py:188} INFO - [2026-02-11T13:26:23.706+0800] {dag.py:3834} INFO - Setting next_dagrun for example_trigger_controller_dag to 2021-01-01 00:00:00+00:00, run_after=2021-01-01 00:00:00+00:00
[2026-02-11T13:26:23.727+0800] {processor.py:183} INFO - Processing /Users/linghuchong/miniconda3/envs/py310/lib/python3.10/site-packages/airflow/example_dags/example_trigger_controller_dag.py took 0.166 seconds
[2026-02-11T13:29:13.560+0800] {processor.py:161} INFO - Started process (PID=9397) to work on /Users/linghuchong/miniconda3/envs/py310/lib/python3.10/site-packages/airflow/example_dags/example_trigger_controller_dag.py
[2026-02-11T13:29:13.563+0800] {processor.py:830} INFO - Processing file /Users/linghuchong/miniconda3/envs/py310/lib/python3.10/site-packages/airflow/example_dags/example_trigger_controller_dag.py for tasks to queue
[2026-02-11T13:29:13.564+0800] {logging_mixin.py:188} INFO - [2026-02-11T13:29:13.564+0800] {dagbag.py:540} INFO - Filling up the DagBag from /Users/linghuchong/miniconda3/envs/py310/lib/python3.10/site-packages/airflow/example_dags/example_trigger_controller_dag.py
[2026-02-11T13:29:13.575+0800] {processor.py:840} INFO - DAG(s) 'example_trigger_controller_dag' retrieved from /Users/linghuchong/miniconda3/envs/py310/lib/python3.10/site-packages/airflow/example_dags/example_trigger_controller_dag.py
[2026-02-11T13:29:13.695+0800] {logging_mixin.py:188} INFO - [2026-02-11T13:29:13.695+0800] {dag.py:3047} INFO - Sync 1 DAGs
[2026-02-11T13:29:13.716+0800] {logging_mixin.py:188} INFO - [2026-02-11T13:29:13.715+0800] {dag.py:3834} INFO - Setting next_dagrun for example_trigger_controller_dag to 2021-01-01 00:00:00+00:00, run_after=2021-01-01 00:00:00+00:00
[2026-02-11T13:29:13.737+0800] {processor.py:183} INFO - Processing /Users/linghuchong/miniconda3/envs/py310/lib/python3.10/site-packages/airflow/example_dags/example_trigger_controller_dag.py took 0.178 seconds
[2026-02-11T13:32:06.972+0800] {processor.py:161} INFO - Started process (PID=9489) to work on /Users/linghuchong/miniconda3/envs/py310/lib/python3.10/site-packages/airflow/example_dags/example_trigger_controller_dag.py
[2026-02-11T13:32:06.974+0800] {processor.py:830} INFO - Processing file /Users/linghuchong/miniconda3/envs/py310/lib/python3.10/site-packages/airflow/example_dags/example_trigger_controller_dag.py for tasks to queue
[2026-02-11T13:32:06.975+0800] {logging_mixin.py:188} INFO - [2026-02-11T13:32:06.975+0800] {dagbag.py:540} INFO - Filling up the DagBag from /Users/linghuchong/miniconda3/envs/py310/lib/python3.10/site-packages/airflow/example_dags/example_trigger_controller_dag.py
[2026-02-11T13:32:06.987+0800] {processor.py:840} INFO - DAG(s) 'example_trigger_controller_dag' retrieved from /Users/linghuchong/miniconda3/envs/py310/lib/python3.10/site-packages/airflow/example_dags/example_trigger_controller_dag.py
[2026-02-11T13:32:07.113+0800] {logging_mixin.py:188} INFO - [2026-02-11T13:32:07.113+0800] {dag.py:3047} INFO - Sync 1 DAGs
[2026-02-11T13:32:07.134+0800] {logging_mixin.py:188} INFO - [2026-02-11T13:32:07.134+0800] {dag.py:3834} INFO - Setting next_dagrun for example_trigger_controller_dag to 2021-01-01 00:00:00+00:00, run_after=2021-01-01 00:00:00+00:00
[2026-02-11T13:32:07.154+0800] {processor.py:183} INFO - Processing /Users/linghuchong/miniconda3/envs/py310/lib/python3.10/site-packages/airflow/example_dags/example_trigger_controller_dag.py took 0.183 seconds
[2026-02-11T13:35:02.529+0800] {processor.py:161} INFO - Started process (PID=9591) to work on /Users/linghuchong/miniconda3/envs/py310/lib/python3.10/site-packages/airflow/example_dags/example_trigger_controller_dag.py
[2026-02-11T13:35:02.532+0800] {processor.py:830} INFO - Processing file /Users/linghuchong/miniconda3/envs/py310/lib/python3.10/site-packages/airflow/example_dags/example_trigger_controller_dag.py for tasks to queue
[2026-02-11T13:35:02.533+0800] {logging_mixin.py:188} INFO - [2026-02-11T13:35:02.533+0800] {dagbag.py:540} INFO - Filling up the DagBag from /Users/linghuchong/miniconda3/envs/py310/lib/python3.10/site-packages/airflow/example_dags/example_trigger_controller_dag.py
[2026-02-11T13:35:02.546+0800] {processor.py:840} INFO - DAG(s) 'example_trigger_controller_dag' retrieved from /Users/linghuchong/miniconda3/envs/py310/lib/python3.10/site-packages/airflow/example_dags/example_trigger_controller_dag.py
[2026-02-11T13:35:02.667+0800] {logging_mixin.py:188} INFO - [2026-02-11T13:35:02.667+0800] {dag.py:3047} INFO - Sync 1 DAGs
[2026-02-11T13:35:02.688+0800] {logging_mixin.py:188} INFO - [2026-02-11T13:35:02.687+0800] {dag.py:3834} INFO - Setting next_dagrun for example_trigger_controller_dag to 2021-01-01 00:00:00+00:00, run_after=2021-01-01 00:00:00+00:00
[2026-02-11T13:35:02.709+0800] {processor.py:183} INFO - Processing /Users/linghuchong/miniconda3/envs/py310/lib/python3.10/site-packages/airflow/example_dags/example_trigger_controller_dag.py took 0.181 seconds
[2026-02-11T16:17:48.977+0800] {processor.py:161} INFO - Started process (PID=14358) to work on /Users/linghuchong/miniconda3/envs/py310/lib/python3.10/site-packages/airflow/example_dags/example_trigger_controller_dag.py
[2026-02-11T16:17:48.979+0800] {processor.py:830} INFO - Processing file /Users/linghuchong/miniconda3/envs/py310/lib/python3.10/site-packages/airflow/example_dags/example_trigger_controller_dag.py for tasks to queue
[2026-02-11T16:17:48.980+0800] {logging_mixin.py:188} INFO - [2026-02-11T16:17:48.980+0800] {dagbag.py:540} INFO - Filling up the DagBag from /Users/linghuchong/miniconda3/envs/py310/lib/python3.10/site-packages/airflow/example_dags/example_trigger_controller_dag.py
[2026-02-11T16:17:48.992+0800] {processor.py:840} INFO - DAG(s) 'example_trigger_controller_dag' retrieved from /Users/linghuchong/miniconda3/envs/py310/lib/python3.10/site-packages/airflow/example_dags/example_trigger_controller_dag.py
[2026-02-11T16:17:49.282+0800] {logging_mixin.py:188} INFO - [2026-02-11T16:17:49.281+0800] {dag.py:3047} INFO - Sync 1 DAGs
[2026-02-11T16:17:49.301+0800] {logging_mixin.py:188} INFO - [2026-02-11T16:17:49.301+0800] {dag.py:3834} INFO - Setting next_dagrun for example_trigger_controller_dag to 2021-01-01 00:00:00+00:00, run_after=2021-01-01 00:00:00+00:00
[2026-02-11T16:17:49.322+0800] {processor.py:183} INFO - Processing /Users/linghuchong/miniconda3/envs/py310/lib/python3.10/site-packages/airflow/example_dags/example_trigger_controller_dag.py took 0.345 seconds
[2026-02-11T16:23:49.410+0800] {processor.py:161} INFO - Started process (PID=14642) to work on /Users/linghuchong/miniconda3/envs/py310/lib/python3.10/site-packages/airflow/example_dags/example_trigger_controller_dag.py
[2026-02-11T16:23:49.413+0800] {processor.py:830} INFO - Processing file /Users/linghuchong/miniconda3/envs/py310/lib/python3.10/site-packages/airflow/example_dags/example_trigger_controller_dag.py for tasks to queue
[2026-02-11T16:23:49.413+0800] {logging_mixin.py:188} INFO - [2026-02-11T16:23:49.413+0800] {dagbag.py:540} INFO - Filling up the DagBag from /Users/linghuchong/miniconda3/envs/py310/lib/python3.10/site-packages/airflow/example_dags/example_trigger_controller_dag.py
[2026-02-11T16:23:49.425+0800] {processor.py:840} INFO - DAG(s) 'example_trigger_controller_dag' retrieved from /Users/linghuchong/miniconda3/envs/py310/lib/python3.10/site-packages/airflow/example_dags/example_trigger_controller_dag.py
[2026-02-11T16:23:49.631+0800] {logging_mixin.py:188} INFO - [2026-02-11T16:23:49.631+0800] {dag.py:3047} INFO - Sync 1 DAGs
[2026-02-11T16:23:49.649+0800] {logging_mixin.py:188} INFO - [2026-02-11T16:23:49.649+0800] {dag.py:3834} INFO - Setting next_dagrun for example_trigger_controller_dag to 2021-01-01 00:00:00+00:00, run_after=2021-01-01 00:00:00+00:00
[2026-02-11T16:23:49.670+0800] {processor.py:183} INFO - Processing /Users/linghuchong/miniconda3/envs/py310/lib/python3.10/site-packages/airflow/example_dags/example_trigger_controller_dag.py took 0.261 seconds
[2026-02-11T16:27:19.503+0800] {processor.py:161} INFO - Started process (PID=14836) to work on /Users/linghuchong/miniconda3/envs/py310/lib/python3.10/site-packages/airflow/example_dags/example_trigger_controller_dag.py
[2026-02-11T16:27:19.507+0800] {processor.py:830} INFO - Processing file /Users/linghuchong/miniconda3/envs/py310/lib/python3.10/site-packages/airflow/example_dags/example_trigger_controller_dag.py for tasks to queue
[2026-02-11T16:27:19.509+0800] {logging_mixin.py:188} INFO - [2026-02-11T16:27:19.509+0800] {dagbag.py:540} INFO - Filling up the DagBag from /Users/linghuchong/miniconda3/envs/py310/lib/python3.10/site-packages/airflow/example_dags/example_trigger_controller_dag.py
[2026-02-11T16:27:19.523+0800] {processor.py:840} INFO - DAG(s) 'example_trigger_controller_dag' retrieved from /Users/linghuchong/miniconda3/envs/py310/lib/python3.10/site-packages/airflow/example_dags/example_trigger_controller_dag.py
[2026-02-11T16:27:19.784+0800] {logging_mixin.py:188} INFO - [2026-02-11T16:27:19.783+0800] {dag.py:3047} INFO - Sync 1 DAGs
[2026-02-11T16:27:19.809+0800] {logging_mixin.py:188} INFO - [2026-02-11T16:27:19.808+0800] {dag.py:3834} INFO - Setting next_dagrun for example_trigger_controller_dag to 2021-01-01 00:00:00+00:00, run_after=2021-01-01 00:00:00+00:00
[2026-02-11T16:27:19.830+0800] {processor.py:183} INFO - Processing /Users/linghuchong/miniconda3/envs/py310/lib/python3.10/site-packages/airflow/example_dags/example_trigger_controller_dag.py took 0.327 seconds
[2026-02-11T16:30:33.897+0800] {processor.py:161} INFO - Started process (PID=14969) to work on /Users/linghuchong/miniconda3/envs/py310/lib/python3.10/site-packages/airflow/example_dags/example_trigger_controller_dag.py
[2026-02-11T16:30:33.899+0800] {processor.py:830} INFO - Processing file /Users/linghuchong/miniconda3/envs/py310/lib/python3.10/site-packages/airflow/example_dags/example_trigger_controller_dag.py for tasks to queue
[2026-02-11T16:30:33.899+0800] {logging_mixin.py:188} INFO - [2026-02-11T16:30:33.899+0800] {dagbag.py:540} INFO - Filling up the DagBag from /Users/linghuchong/miniconda3/envs/py310/lib/python3.10/site-packages/airflow/example_dags/example_trigger_controller_dag.py
[2026-02-11T16:30:33.911+0800] {processor.py:840} INFO - DAG(s) 'example_trigger_controller_dag' retrieved from /Users/linghuchong/miniconda3/envs/py310/lib/python3.10/site-packages/airflow/example_dags/example_trigger_controller_dag.py
[2026-02-11T16:30:34.150+0800] {logging_mixin.py:188} INFO - [2026-02-11T16:30:34.150+0800] {dag.py:3047} INFO - Sync 1 DAGs
[2026-02-11T16:30:34.175+0800] {logging_mixin.py:188} INFO - [2026-02-11T16:30:34.174+0800] {dag.py:3834} INFO - Setting next_dagrun for example_trigger_controller_dag to 2021-01-01 00:00:00+00:00, run_after=2021-01-01 00:00:00+00:00
[2026-02-11T16:30:34.205+0800] {processor.py:183} INFO - Processing /Users/linghuchong/miniconda3/envs/py310/lib/python3.10/site-packages/airflow/example_dags/example_trigger_controller_dag.py took 0.309 seconds
[2026-02-11T16:33:52.021+0800] {processor.py:161} INFO - Started process (PID=15289) to work on /Users/linghuchong/miniconda3/envs/py310/lib/python3.10/site-packages/airflow/example_dags/example_trigger_controller_dag.py
[2026-02-11T16:33:52.024+0800] {processor.py:830} INFO - Processing file /Users/linghuchong/miniconda3/envs/py310/lib/python3.10/site-packages/airflow/example_dags/example_trigger_controller_dag.py for tasks to queue
[2026-02-11T16:33:52.026+0800] {logging_mixin.py:188} INFO - [2026-02-11T16:33:52.025+0800] {dagbag.py:540} INFO - Filling up the DagBag from /Users/linghuchong/miniconda3/envs/py310/lib/python3.10/site-packages/airflow/example_dags/example_trigger_controller_dag.py
[2026-02-11T16:33:52.037+0800] {processor.py:840} INFO - DAG(s) 'example_trigger_controller_dag' retrieved from /Users/linghuchong/miniconda3/envs/py310/lib/python3.10/site-packages/airflow/example_dags/example_trigger_controller_dag.py
[2026-02-11T16:33:52.240+0800] {logging_mixin.py:188} INFO - [2026-02-11T16:33:52.240+0800] {dag.py:3047} INFO - Sync 1 DAGs
[2026-02-11T16:33:52.258+0800] {logging_mixin.py:188} INFO - [2026-02-11T16:33:52.258+0800] {dag.py:3834} INFO - Setting next_dagrun for example_trigger_controller_dag to 2021-01-01 00:00:00+00:00, run_after=2021-01-01 00:00:00+00:00
[2026-02-11T16:33:52.281+0800] {processor.py:183} INFO - Processing /Users/linghuchong/miniconda3/envs/py310/lib/python3.10/site-packages/airflow/example_dags/example_trigger_controller_dag.py took 0.262 seconds
[2026-02-11T16:37:01.956+0800] {processor.py:161} INFO - Started process (PID=15489) to work on /Users/linghuchong/miniconda3/envs/py310/lib/python3.10/site-packages/airflow/example_dags/example_trigger_controller_dag.py
[2026-02-11T16:37:01.959+0800] {processor.py:830} INFO - Processing file /Users/linghuchong/miniconda3/envs/py310/lib/python3.10/site-packages/airflow/example_dags/example_trigger_controller_dag.py for tasks to queue
[2026-02-11T16:37:01.960+0800] {logging_mixin.py:188} INFO - [2026-02-11T16:37:01.960+0800] {dagbag.py:540} INFO - Filling up the DagBag from /Users/linghuchong/miniconda3/envs/py310/lib/python3.10/site-packages/airflow/example_dags/example_trigger_controller_dag.py
[2026-02-11T16:37:01.975+0800] {processor.py:840} INFO - DAG(s) 'example_trigger_controller_dag' retrieved from /Users/linghuchong/miniconda3/envs/py310/lib/python3.10/site-packages/airflow/example_dags/example_trigger_controller_dag.py
[2026-02-11T16:37:02.094+0800] {logging_mixin.py:188} INFO - [2026-02-11T16:37:02.093+0800] {dag.py:3047} INFO - Sync 1 DAGs
[2026-02-11T16:37:02.113+0800] {logging_mixin.py:188} INFO - [2026-02-11T16:37:02.112+0800] {dag.py:3834} INFO - Setting next_dagrun for example_trigger_controller_dag to 2021-01-01 00:00:00+00:00, run_after=2021-01-01 00:00:00+00:00
[2026-02-11T16:37:02.133+0800] {processor.py:183} INFO - Processing /Users/linghuchong/miniconda3/envs/py310/lib/python3.10/site-packages/airflow/example_dags/example_trigger_controller_dag.py took 0.178 seconds
[2026-02-11T16:39:59.942+0800] {processor.py:161} INFO - Started process (PID=15702) to work on /Users/linghuchong/miniconda3/envs/py310/lib/python3.10/site-packages/airflow/example_dags/example_trigger_controller_dag.py
[2026-02-11T16:39:59.945+0800] {processor.py:830} INFO - Processing file /Users/linghuchong/miniconda3/envs/py310/lib/python3.10/site-packages/airflow/example_dags/example_trigger_controller_dag.py for tasks to queue
[2026-02-11T16:39:59.946+0800] {logging_mixin.py:188} INFO - [2026-02-11T16:39:59.946+0800] {dagbag.py:540} INFO - Filling up the DagBag from /Users/linghuchong/miniconda3/envs/py310/lib/python3.10/site-packages/airflow/example_dags/example_trigger_controller_dag.py
[2026-02-11T16:39:59.958+0800] {processor.py:840} INFO - DAG(s) 'example_trigger_controller_dag' retrieved from /Users/linghuchong/miniconda3/envs/py310/lib/python3.10/site-packages/airflow/example_dags/example_trigger_controller_dag.py
[2026-02-11T16:40:00.080+0800] {logging_mixin.py:188} INFO - [2026-02-11T16:40:00.080+0800] {dag.py:3047} INFO - Sync 1 DAGs
[2026-02-11T16:40:00.099+0800] {logging_mixin.py:188} INFO - [2026-02-11T16:40:00.099+0800] {dag.py:3834} INFO - Setting next_dagrun for example_trigger_controller_dag to 2021-01-01 00:00:00+00:00, run_after=2021-01-01 00:00:00+00:00
[2026-02-11T16:40:00.121+0800] {processor.py:183} INFO - Processing /Users/linghuchong/miniconda3/envs/py310/lib/python3.10/site-packages/airflow/example_dags/example_trigger_controller_dag.py took 0.179 seconds
[2026-02-11T16:43:02.212+0800] {processor.py:161} INFO - Started process (PID=15951) to work on /Users/linghuchong/miniconda3/envs/py310/lib/python3.10/site-packages/airflow/example_dags/example_trigger_controller_dag.py
[2026-02-11T16:43:02.215+0800] {processor.py:830} INFO - Processing file /Users/linghuchong/miniconda3/envs/py310/lib/python3.10/site-packages/airflow/example_dags/example_trigger_controller_dag.py for tasks to queue
[2026-02-11T16:43:02.216+0800] {logging_mixin.py:188} INFO - [2026-02-11T16:43:02.216+0800] {dagbag.py:540} INFO - Filling up the DagBag from /Users/linghuchong/miniconda3/envs/py310/lib/python3.10/site-packages/airflow/example_dags/example_trigger_controller_dag.py
[2026-02-11T16:43:02.228+0800] {processor.py:840} INFO - DAG(s) 'example_trigger_controller_dag' retrieved from /Users/linghuchong/miniconda3/envs/py310/lib/python3.10/site-packages/airflow/example_dags/example_trigger_controller_dag.py
[2026-02-11T16:43:02.347+0800] {logging_mixin.py:188} INFO - [2026-02-11T16:43:02.346+0800] {dag.py:3047} INFO - Sync 1 DAGs
[2026-02-11T16:43:02.365+0800] {logging_mixin.py:188} INFO - [2026-02-11T16:43:02.365+0800] {dag.py:3834} INFO - Setting next_dagrun for example_trigger_controller_dag to 2021-01-01 00:00:00+00:00, run_after=2021-01-01 00:00:00+00:00
[2026-02-11T16:43:02.385+0800] {processor.py:183} INFO - Processing /Users/linghuchong/miniconda3/envs/py310/lib/python3.10/site-packages/airflow/example_dags/example_trigger_controller_dag.py took 0.174 seconds
[2026-02-11T16:46:06.779+0800] {processor.py:161} INFO - Started process (PID=16080) to work on /Users/linghuchong/miniconda3/envs/py310/lib/python3.10/site-packages/airflow/example_dags/example_trigger_controller_dag.py
[2026-02-11T16:46:06.781+0800] {processor.py:830} INFO - Processing file /Users/linghuchong/miniconda3/envs/py310/lib/python3.10/site-packages/airflow/example_dags/example_trigger_controller_dag.py for tasks to queue
[2026-02-11T16:46:06.782+0800] {logging_mixin.py:188} INFO - [2026-02-11T16:46:06.782+0800] {dagbag.py:540} INFO - Filling up the DagBag from /Users/linghuchong/miniconda3/envs/py310/lib/python3.10/site-packages/airflow/example_dags/example_trigger_controller_dag.py
[2026-02-11T16:46:06.794+0800] {processor.py:840} INFO - DAG(s) 'example_trigger_controller_dag' retrieved from /Users/linghuchong/miniconda3/envs/py310/lib/python3.10/site-packages/airflow/example_dags/example_trigger_controller_dag.py
[2026-02-11T16:46:06.913+0800] {logging_mixin.py:188} INFO - [2026-02-11T16:46:06.913+0800] {dag.py:3047} INFO - Sync 1 DAGs
[2026-02-11T16:46:06.933+0800] {logging_mixin.py:188} INFO - [2026-02-11T16:46:06.933+0800] {dag.py:3834} INFO - Setting next_dagrun for example_trigger_controller_dag to 2021-01-01 00:00:00+00:00, run_after=2021-01-01 00:00:00+00:00
[2026-02-11T16:46:06.956+0800] {processor.py:183} INFO - Processing /Users/linghuchong/miniconda3/envs/py310/lib/python3.10/site-packages/airflow/example_dags/example_trigger_controller_dag.py took 0.178 seconds
[2026-02-11T16:49:23.891+0800] {processor.py:161} INFO - Started process (PID=16279) to work on /Users/linghuchong/miniconda3/envs/py310/lib/python3.10/site-packages/airflow/example_dags/example_trigger_controller_dag.py
[2026-02-11T16:49:23.892+0800] {processor.py:830} INFO - Processing file /Users/linghuchong/miniconda3/envs/py310/lib/python3.10/site-packages/airflow/example_dags/example_trigger_controller_dag.py for tasks to queue
[2026-02-11T16:49:23.893+0800] {logging_mixin.py:188} INFO - [2026-02-11T16:49:23.893+0800] {dagbag.py:540} INFO - Filling up the DagBag from /Users/linghuchong/miniconda3/envs/py310/lib/python3.10/site-packages/airflow/example_dags/example_trigger_controller_dag.py
[2026-02-11T16:49:23.906+0800] {processor.py:840} INFO - DAG(s) 'example_trigger_controller_dag' retrieved from /Users/linghuchong/miniconda3/envs/py310/lib/python3.10/site-packages/airflow/example_dags/example_trigger_controller_dag.py
[2026-02-11T16:49:24.156+0800] {logging_mixin.py:188} INFO - [2026-02-11T16:49:24.155+0800] {dag.py:3047} INFO - Sync 1 DAGs
[2026-02-11T16:49:24.176+0800] {logging_mixin.py:188} INFO - [2026-02-11T16:49:24.176+0800] {dag.py:3834} INFO - Setting next_dagrun for example_trigger_controller_dag to 2021-01-01 00:00:00+00:00, run_after=2021-01-01 00:00:00+00:00
[2026-02-11T16:49:24.199+0800] {processor.py:183} INFO - Processing /Users/linghuchong/miniconda3/envs/py310/lib/python3.10/site-packages/airflow/example_dags/example_trigger_controller_dag.py took 0.309 seconds
[2026-02-11T16:52:56.873+0800] {processor.py:161} INFO - Started process (PID=16436) to work on /Users/linghuchong/miniconda3/envs/py310/lib/python3.10/site-packages/airflow/example_dags/example_trigger_controller_dag.py
[2026-02-11T16:52:56.874+0800] {processor.py:830} INFO - Processing file /Users/linghuchong/miniconda3/envs/py310/lib/python3.10/site-packages/airflow/example_dags/example_trigger_controller_dag.py for tasks to queue
[2026-02-11T16:52:56.875+0800] {logging_mixin.py:188} INFO - [2026-02-11T16:52:56.875+0800] {dagbag.py:540} INFO - Filling up the DagBag from /Users/linghuchong/miniconda3/envs/py310/lib/python3.10/site-packages/airflow/example_dags/example_trigger_controller_dag.py
[2026-02-11T16:52:56.887+0800] {processor.py:840} INFO - DAG(s) 'example_trigger_controller_dag' retrieved from /Users/linghuchong/miniconda3/envs/py310/lib/python3.10/site-packages/airflow/example_dags/example_trigger_controller_dag.py
[2026-02-11T16:52:57.094+0800] {logging_mixin.py:188} INFO - [2026-02-11T16:52:57.094+0800] {dag.py:3047} INFO - Sync 1 DAGs
[2026-02-11T16:52:57.113+0800] {logging_mixin.py:188} INFO - [2026-02-11T16:52:57.113+0800] {dag.py:3834} INFO - Setting next_dagrun for example_trigger_controller_dag to 2021-01-01 00:00:00+00:00, run_after=2021-01-01 00:00:00+00:00
[2026-02-11T16:52:57.134+0800] {processor.py:183} INFO - Processing /Users/linghuchong/miniconda3/envs/py310/lib/python3.10/site-packages/airflow/example_dags/example_trigger_controller_dag.py took 0.262 seconds
[2026-02-11T16:56:14.145+0800] {processor.py:161} INFO - Started process (PID=16606) to work on /Users/linghuchong/miniconda3/envs/py310/lib/python3.10/site-packages/airflow/example_dags/example_trigger_controller_dag.py
[2026-02-11T16:56:14.148+0800] {processor.py:830} INFO - Processing file /Users/linghuchong/miniconda3/envs/py310/lib/python3.10/site-packages/airflow/example_dags/example_trigger_controller_dag.py for tasks to queue
[2026-02-11T16:56:14.149+0800] {logging_mixin.py:188} INFO - [2026-02-11T16:56:14.149+0800] {dagbag.py:540} INFO - Filling up the DagBag from /Users/linghuchong/miniconda3/envs/py310/lib/python3.10/site-packages/airflow/example_dags/example_trigger_controller_dag.py
[2026-02-11T16:56:14.160+0800] {processor.py:840} INFO - DAG(s) 'example_trigger_controller_dag' retrieved from /Users/linghuchong/miniconda3/envs/py310/lib/python3.10/site-packages/airflow/example_dags/example_trigger_controller_dag.py
[2026-02-11T16:56:14.278+0800] {logging_mixin.py:188} INFO - [2026-02-11T16:56:14.277+0800] {dag.py:3047} INFO - Sync 1 DAGs
[2026-02-11T16:56:14.298+0800] {logging_mixin.py:188} INFO - [2026-02-11T16:56:14.297+0800] {dag.py:3834} INFO - Setting next_dagrun for example_trigger_controller_dag to 2021-01-01 00:00:00+00:00, run_after=2021-01-01 00:00:00+00:00
[2026-02-11T16:56:14.319+0800] {processor.py:183} INFO - Processing /Users/linghuchong/miniconda3/envs/py310/lib/python3.10/site-packages/airflow/example_dags/example_trigger_controller_dag.py took 0.174 seconds
[2026-02-11T16:59:32.587+0800] {processor.py:161} INFO - Started process (PID=16679) to work on /Users/linghuchong/miniconda3/envs/py310/lib/python3.10/site-packages/airflow/example_dags/example_trigger_controller_dag.py
[2026-02-11T16:59:32.589+0800] {processor.py:830} INFO - Processing file /Users/linghuchong/miniconda3/envs/py310/lib/python3.10/site-packages/airflow/example_dags/example_trigger_controller_dag.py for tasks to queue
[2026-02-11T16:59:32.591+0800] {logging_mixin.py:188} INFO - [2026-02-11T16:59:32.590+0800] {dagbag.py:540} INFO - Filling up the DagBag from /Users/linghuchong/miniconda3/envs/py310/lib/python3.10/site-packages/airflow/example_dags/example_trigger_controller_dag.py
[2026-02-11T16:59:32.602+0800] {processor.py:840} INFO - DAG(s) 'example_trigger_controller_dag' retrieved from /Users/linghuchong/miniconda3/envs/py310/lib/python3.10/site-packages/airflow/example_dags/example_trigger_controller_dag.py
[2026-02-11T16:59:32.718+0800] {logging_mixin.py:188} INFO - [2026-02-11T16:59:32.718+0800] {dag.py:3047} INFO - Sync 1 DAGs
[2026-02-11T16:59:32.737+0800] {logging_mixin.py:188} INFO - [2026-02-11T16:59:32.737+0800] {dag.py:3834} INFO - Setting next_dagrun for example_trigger_controller_dag to 2021-01-01 00:00:00+00:00, run_after=2021-01-01 00:00:00+00:00
[2026-02-11T16:59:32.757+0800] {processor.py:183} INFO - Processing /Users/linghuchong/miniconda3/envs/py310/lib/python3.10/site-packages/airflow/example_dags/example_trigger_controller_dag.py took 0.171 seconds
[2026-02-11T17:03:14.876+0800] {processor.py:161} INFO - Started process (PID=16879) to work on /Users/linghuchong/miniconda3/envs/py310/lib/python3.10/site-packages/airflow/example_dags/example_trigger_controller_dag.py
[2026-02-11T17:03:14.879+0800] {processor.py:830} INFO - Processing file /Users/linghuchong/miniconda3/envs/py310/lib/python3.10/site-packages/airflow/example_dags/example_trigger_controller_dag.py for tasks to queue
[2026-02-11T17:03:14.880+0800] {logging_mixin.py:188} INFO - [2026-02-11T17:03:14.880+0800] {dagbag.py:540} INFO - Filling up the DagBag from /Users/linghuchong/miniconda3/envs/py310/lib/python3.10/site-packages/airflow/example_dags/example_trigger_controller_dag.py
[2026-02-11T17:03:14.893+0800] {processor.py:840} INFO - DAG(s) 'example_trigger_controller_dag' retrieved from /Users/linghuchong/miniconda3/envs/py310/lib/python3.10/site-packages/airflow/example_dags/example_trigger_controller_dag.py
[2026-02-11T17:03:15.119+0800] {logging_mixin.py:188} INFO - [2026-02-11T17:03:15.118+0800] {dag.py:3047} INFO - Sync 1 DAGs
[2026-02-11T17:03:15.144+0800] {logging_mixin.py:188} INFO - [2026-02-11T17:03:15.144+0800] {dag.py:3834} INFO - Setting next_dagrun for example_trigger_controller_dag to 2021-01-01 00:00:00+00:00, run_after=2021-01-01 00:00:00+00:00
[2026-02-11T17:03:15.166+0800] {processor.py:183} INFO - Processing /Users/linghuchong/miniconda3/envs/py310/lib/python3.10/site-packages/airflow/example_dags/example_trigger_controller_dag.py took 0.290 seconds
[2026-02-11T17:15:23.517+0800] {processor.py:161} INFO - Started process (PID=17729) to work on /Users/linghuchong/miniconda3/envs/py310/lib/python3.10/site-packages/airflow/example_dags/example_trigger_controller_dag.py
[2026-02-11T17:15:23.518+0800] {processor.py:830} INFO - Processing file /Users/linghuchong/miniconda3/envs/py310/lib/python3.10/site-packages/airflow/example_dags/example_trigger_controller_dag.py for tasks to queue
[2026-02-11T17:15:23.519+0800] {logging_mixin.py:188} INFO - [2026-02-11T17:15:23.519+0800] {dagbag.py:540} INFO - Filling up the DagBag from /Users/linghuchong/miniconda3/envs/py310/lib/python3.10/site-packages/airflow/example_dags/example_trigger_controller_dag.py
[2026-02-11T17:15:23.534+0800] {processor.py:840} INFO - DAG(s) 'example_trigger_controller_dag' retrieved from /Users/linghuchong/miniconda3/envs/py310/lib/python3.10/site-packages/airflow/example_dags/example_trigger_controller_dag.py
[2026-02-11T17:15:23.782+0800] {logging_mixin.py:188} INFO - [2026-02-11T17:15:23.782+0800] {dag.py:3047} INFO - Sync 1 DAGs
[2026-02-11T17:15:23.800+0800] {logging_mixin.py:188} INFO - [2026-02-11T17:15:23.800+0800] {dag.py:3834} INFO - Setting next_dagrun for example_trigger_controller_dag to 2021-01-01 00:00:00+00:00, run_after=2021-01-01 00:00:00+00:00
[2026-02-11T17:15:23.822+0800] {processor.py:183} INFO - Processing /Users/linghuchong/miniconda3/envs/py310/lib/python3.10/site-packages/airflow/example_dags/example_trigger_controller_dag.py took 0.307 seconds
[2026-02-11T17:18:55.094+0800] {processor.py:161} INFO - Started process (PID=17846) to work on /Users/linghuchong/miniconda3/envs/py310/lib/python3.10/site-packages/airflow/example_dags/example_trigger_controller_dag.py
[2026-02-11T17:18:55.097+0800] {processor.py:830} INFO - Processing file /Users/linghuchong/miniconda3/envs/py310/lib/python3.10/site-packages/airflow/example_dags/example_trigger_controller_dag.py for tasks to queue
[2026-02-11T17:18:55.098+0800] {logging_mixin.py:188} INFO - [2026-02-11T17:18:55.098+0800] {dagbag.py:540} INFO - Filling up the DagBag from /Users/linghuchong/miniconda3/envs/py310/lib/python3.10/site-packages/airflow/example_dags/example_trigger_controller_dag.py
[2026-02-11T17:18:55.109+0800] {processor.py:840} INFO - DAG(s) 'example_trigger_controller_dag' retrieved from /Users/linghuchong/miniconda3/envs/py310/lib/python3.10/site-packages/airflow/example_dags/example_trigger_controller_dag.py
[2026-02-11T17:18:55.220+0800] {logging_mixin.py:188} INFO - [2026-02-11T17:18:55.220+0800] {dag.py:3047} INFO - Sync 1 DAGs
[2026-02-11T17:18:55.239+0800] {logging_mixin.py:188} INFO - [2026-02-11T17:18:55.238+0800] {dag.py:3834} INFO - Setting next_dagrun for example_trigger_controller_dag to 2021-01-01 00:00:00+00:00, run_after=2021-01-01 00:00:00+00:00
[2026-02-11T17:18:55.260+0800] {processor.py:183} INFO - Processing /Users/linghuchong/miniconda3/envs/py310/lib/python3.10/site-packages/airflow/example_dags/example_trigger_controller_dag.py took 0.167 seconds
[2026-02-11T17:21:39.764+0800] {processor.py:161} INFO - Started process (PID=17913) to work on /Users/linghuchong/miniconda3/envs/py310/lib/python3.10/site-packages/airflow/example_dags/example_trigger_controller_dag.py
[2026-02-11T17:21:39.767+0800] {processor.py:830} INFO - Processing file /Users/linghuchong/miniconda3/envs/py310/lib/python3.10/site-packages/airflow/example_dags/example_trigger_controller_dag.py for tasks to queue
[2026-02-11T17:21:39.768+0800] {logging_mixin.py:188} INFO - [2026-02-11T17:21:39.768+0800] {dagbag.py:540} INFO - Filling up the DagBag from /Users/linghuchong/miniconda3/envs/py310/lib/python3.10/site-packages/airflow/example_dags/example_trigger_controller_dag.py
[2026-02-11T17:21:39.779+0800] {processor.py:840} INFO - DAG(s) 'example_trigger_controller_dag' retrieved from /Users/linghuchong/miniconda3/envs/py310/lib/python3.10/site-packages/airflow/example_dags/example_trigger_controller_dag.py
[2026-02-11T17:21:39.890+0800] {logging_mixin.py:188} INFO - [2026-02-11T17:21:39.890+0800] {dag.py:3047} INFO - Sync 1 DAGs
[2026-02-11T17:21:39.907+0800] {logging_mixin.py:188} INFO - [2026-02-11T17:21:39.907+0800] {dag.py:3834} INFO - Setting next_dagrun for example_trigger_controller_dag to 2021-01-01 00:00:00+00:00, run_after=2021-01-01 00:00:00+00:00
[2026-02-11T17:21:39.928+0800] {processor.py:183} INFO - Processing /Users/linghuchong/miniconda3/envs/py310/lib/python3.10/site-packages/airflow/example_dags/example_trigger_controller_dag.py took 0.165 seconds
[2026-02-11T17:24:25.127+0800] {processor.py:161} INFO - Started process (PID=18018) to work on /Users/linghuchong/miniconda3/envs/py310/lib/python3.10/site-packages/airflow/example_dags/example_trigger_controller_dag.py
[2026-02-11T17:24:25.128+0800] {processor.py:830} INFO - Processing file /Users/linghuchong/miniconda3/envs/py310/lib/python3.10/site-packages/airflow/example_dags/example_trigger_controller_dag.py for tasks to queue
[2026-02-11T17:24:25.129+0800] {logging_mixin.py:188} INFO - [2026-02-11T17:24:25.129+0800] {dagbag.py:540} INFO - Filling up the DagBag from /Users/linghuchong/miniconda3/envs/py310/lib/python3.10/site-packages/airflow/example_dags/example_trigger_controller_dag.py
[2026-02-11T17:24:25.140+0800] {processor.py:840} INFO - DAG(s) 'example_trigger_controller_dag' retrieved from /Users/linghuchong/miniconda3/envs/py310/lib/python3.10/site-packages/airflow/example_dags/example_trigger_controller_dag.py
[2026-02-11T17:24:25.250+0800] {logging_mixin.py:188} INFO - [2026-02-11T17:24:25.250+0800] {dag.py:3047} INFO - Sync 1 DAGs
[2026-02-11T17:24:25.268+0800] {logging_mixin.py:188} INFO - [2026-02-11T17:24:25.267+0800] {dag.py:3834} INFO - Setting next_dagrun for example_trigger_controller_dag to 2021-01-01 00:00:00+00:00, run_after=2021-01-01 00:00:00+00:00
[2026-02-11T17:24:25.290+0800] {processor.py:183} INFO - Processing /Users/linghuchong/miniconda3/envs/py310/lib/python3.10/site-packages/airflow/example_dags/example_trigger_controller_dag.py took 0.164 seconds
[2026-02-11T17:27:05.590+0800] {processor.py:161} INFO - Started process (PID=18098) to work on /Users/linghuchong/miniconda3/envs/py310/lib/python3.10/site-packages/airflow/example_dags/example_trigger_controller_dag.py
[2026-02-11T17:27:05.593+0800] {processor.py:830} INFO - Processing file /Users/linghuchong/miniconda3/envs/py310/lib/python3.10/site-packages/airflow/example_dags/example_trigger_controller_dag.py for tasks to queue
[2026-02-11T17:27:05.594+0800] {logging_mixin.py:188} INFO - [2026-02-11T17:27:05.593+0800] {dagbag.py:540} INFO - Filling up the DagBag from /Users/linghuchong/miniconda3/envs/py310/lib/python3.10/site-packages/airflow/example_dags/example_trigger_controller_dag.py
[2026-02-11T17:27:05.604+0800] {processor.py:840} INFO - DAG(s) 'example_trigger_controller_dag' retrieved from /Users/linghuchong/miniconda3/envs/py310/lib/python3.10/site-packages/airflow/example_dags/example_trigger_controller_dag.py
[2026-02-11T17:27:05.714+0800] {logging_mixin.py:188} INFO - [2026-02-11T17:27:05.714+0800] {dag.py:3047} INFO - Sync 1 DAGs
[2026-02-11T17:27:05.734+0800] {logging_mixin.py:188} INFO - [2026-02-11T17:27:05.733+0800] {dag.py:3834} INFO - Setting next_dagrun for example_trigger_controller_dag to 2021-01-01 00:00:00+00:00, run_after=2021-01-01 00:00:00+00:00
[2026-02-11T17:27:05.752+0800] {processor.py:183} INFO - Processing /Users/linghuchong/miniconda3/envs/py310/lib/python3.10/site-packages/airflow/example_dags/example_trigger_controller_dag.py took 0.163 seconds
[2026-02-11T17:29:50.962+0800] {processor.py:161} INFO - Started process (PID=18200) to work on /Users/linghuchong/miniconda3/envs/py310/lib/python3.10/site-packages/airflow/example_dags/example_trigger_controller_dag.py
[2026-02-11T17:29:50.965+0800] {processor.py:830} INFO - Processing file /Users/linghuchong/miniconda3/envs/py310/lib/python3.10/site-packages/airflow/example_dags/example_trigger_controller_dag.py for tasks to queue
[2026-02-11T17:29:50.966+0800] {logging_mixin.py:188} INFO - [2026-02-11T17:29:50.966+0800] {dagbag.py:540} INFO - Filling up the DagBag from /Users/linghuchong/miniconda3/envs/py310/lib/python3.10/site-packages/airflow/example_dags/example_trigger_controller_dag.py
[2026-02-11T17:29:50.977+0800] {processor.py:840} INFO - DAG(s) 'example_trigger_controller_dag' retrieved from /Users/linghuchong/miniconda3/envs/py310/lib/python3.10/site-packages/airflow/example_dags/example_trigger_controller_dag.py
[2026-02-11T17:29:51.090+0800] {logging_mixin.py:188} INFO - [2026-02-11T17:29:51.090+0800] {dag.py:3047} INFO - Sync 1 DAGs
[2026-02-11T17:29:51.108+0800] {logging_mixin.py:188} INFO - [2026-02-11T17:29:51.108+0800] {dag.py:3834} INFO - Setting next_dagrun for example_trigger_controller_dag to 2021-01-01 00:00:00+00:00, run_after=2021-01-01 00:00:00+00:00
[2026-02-11T17:29:51.128+0800] {processor.py:183} INFO - Processing /Users/linghuchong/miniconda3/envs/py310/lib/python3.10/site-packages/airflow/example_dags/example_trigger_controller_dag.py took 0.167 seconds
[2026-02-11T17:32:56.586+0800] {processor.py:161} INFO - Started process (PID=18303) to work on /Users/linghuchong/miniconda3/envs/py310/lib/python3.10/site-packages/airflow/example_dags/example_trigger_controller_dag.py
[2026-02-11T17:32:56.589+0800] {processor.py:830} INFO - Processing file /Users/linghuchong/miniconda3/envs/py310/lib/python3.10/site-packages/airflow/example_dags/example_trigger_controller_dag.py for tasks to queue
[2026-02-11T17:32:56.590+0800] {logging_mixin.py:188} INFO - [2026-02-11T17:32:56.590+0800] {dagbag.py:540} INFO - Filling up the DagBag from /Users/linghuchong/miniconda3/envs/py310/lib/python3.10/site-packages/airflow/example_dags/example_trigger_controller_dag.py
[2026-02-11T17:32:56.602+0800] {processor.py:840} INFO - DAG(s) 'example_trigger_controller_dag' retrieved from /Users/linghuchong/miniconda3/envs/py310/lib/python3.10/site-packages/airflow/example_dags/example_trigger_controller_dag.py
[2026-02-11T17:32:56.729+0800] {logging_mixin.py:188} INFO - [2026-02-11T17:32:56.728+0800] {dag.py:3047} INFO - Sync 1 DAGs
[2026-02-11T17:32:56.750+0800] {logging_mixin.py:188} INFO - [2026-02-11T17:32:56.749+0800] {dag.py:3834} INFO - Setting next_dagrun for example_trigger_controller_dag to 2021-01-01 00:00:00+00:00, run_after=2021-01-01 00:00:00+00:00
[2026-02-11T17:32:56.772+0800] {processor.py:183} INFO - Processing /Users/linghuchong/miniconda3/envs/py310/lib/python3.10/site-packages/airflow/example_dags/example_trigger_controller_dag.py took 0.186 seconds
[2026-02-11T17:35:57.479+0800] {processor.py:161} INFO - Started process (PID=18410) to work on /Users/linghuchong/miniconda3/envs/py310/lib/python3.10/site-packages/airflow/example_dags/example_trigger_controller_dag.py
[2026-02-11T17:35:57.482+0800] {processor.py:830} INFO - Processing file /Users/linghuchong/miniconda3/envs/py310/lib/python3.10/site-packages/airflow/example_dags/example_trigger_controller_dag.py for tasks to queue
[2026-02-11T17:35:57.483+0800] {logging_mixin.py:188} INFO - [2026-02-11T17:35:57.482+0800] {dagbag.py:540} INFO - Filling up the DagBag from /Users/linghuchong/miniconda3/envs/py310/lib/python3.10/site-packages/airflow/example_dags/example_trigger_controller_dag.py
[2026-02-11T17:35:57.496+0800] {processor.py:840} INFO - DAG(s) 'example_trigger_controller_dag' retrieved from /Users/linghuchong/miniconda3/envs/py310/lib/python3.10/site-packages/airflow/example_dags/example_trigger_controller_dag.py
[2026-02-11T17:35:57.625+0800] {logging_mixin.py:188} INFO - [2026-02-11T17:35:57.625+0800] {dag.py:3047} INFO - Sync 1 DAGs
[2026-02-11T17:35:57.644+0800] {logging_mixin.py:188} INFO - [2026-02-11T17:35:57.643+0800] {dag.py:3834} INFO - Setting next_dagrun for example_trigger_controller_dag to 2021-01-01 00:00:00+00:00, run_after=2021-01-01 00:00:00+00:00
[2026-02-11T17:35:57.667+0800] {processor.py:183} INFO - Processing /Users/linghuchong/miniconda3/envs/py310/lib/python3.10/site-packages/airflow/example_dags/example_trigger_controller_dag.py took 0.188 seconds
[2026-02-11T17:39:03.149+0800] {processor.py:161} INFO - Started process (PID=18624) to work on /Users/linghuchong/miniconda3/envs/py310/lib/python3.10/site-packages/airflow/example_dags/example_trigger_controller_dag.py
[2026-02-11T17:39:03.152+0800] {processor.py:830} INFO - Processing file /Users/linghuchong/miniconda3/envs/py310/lib/python3.10/site-packages/airflow/example_dags/example_trigger_controller_dag.py for tasks to queue
[2026-02-11T17:39:03.153+0800] {logging_mixin.py:188} INFO - [2026-02-11T17:39:03.153+0800] {dagbag.py:540} INFO - Filling up the DagBag from /Users/linghuchong/miniconda3/envs/py310/lib/python3.10/site-packages/airflow/example_dags/example_trigger_controller_dag.py
[2026-02-11T17:39:03.165+0800] {processor.py:840} INFO - DAG(s) 'example_trigger_controller_dag' retrieved from /Users/linghuchong/miniconda3/envs/py310/lib/python3.10/site-packages/airflow/example_dags/example_trigger_controller_dag.py
[2026-02-11T17:39:03.291+0800] {logging_mixin.py:188} INFO - [2026-02-11T17:39:03.291+0800] {dag.py:3047} INFO - Sync 1 DAGs
[2026-02-11T17:39:03.310+0800] {logging_mixin.py:188} INFO - [2026-02-11T17:39:03.310+0800] {dag.py:3834} INFO - Setting next_dagrun for example_trigger_controller_dag to 2021-01-01 00:00:00+00:00, run_after=2021-01-01 00:00:00+00:00
[2026-02-11T17:39:03.332+0800] {processor.py:183} INFO - Processing /Users/linghuchong/miniconda3/envs/py310/lib/python3.10/site-packages/airflow/example_dags/example_trigger_controller_dag.py took 0.184 seconds
[2026-02-11T17:42:11.192+0800] {processor.py:161} INFO - Started process (PID=18991) to work on /Users/linghuchong/miniconda3/envs/py310/lib/python3.10/site-packages/airflow/example_dags/example_trigger_controller_dag.py
[2026-02-11T17:42:11.193+0800] {processor.py:830} INFO - Processing file /Users/linghuchong/miniconda3/envs/py310/lib/python3.10/site-packages/airflow/example_dags/example_trigger_controller_dag.py for tasks to queue
[2026-02-11T17:42:11.194+0800] {logging_mixin.py:188} INFO - [2026-02-11T17:42:11.193+0800] {dagbag.py:540} INFO - Filling up the DagBag from /Users/linghuchong/miniconda3/envs/py310/lib/python3.10/site-packages/airflow/example_dags/example_trigger_controller_dag.py
[2026-02-11T17:42:11.205+0800] {processor.py:840} INFO - DAG(s) 'example_trigger_controller_dag' retrieved from /Users/linghuchong/miniconda3/envs/py310/lib/python3.10/site-packages/airflow/example_dags/example_trigger_controller_dag.py
[2026-02-11T17:42:11.325+0800] {logging_mixin.py:188} INFO - [2026-02-11T17:42:11.324+0800] {dag.py:3047} INFO - Sync 1 DAGs
[2026-02-11T17:42:11.343+0800] {logging_mixin.py:188} INFO - [2026-02-11T17:42:11.343+0800] {dag.py:3834} INFO - Setting next_dagrun for example_trigger_controller_dag to 2021-01-01 00:00:00+00:00, run_after=2021-01-01 00:00:00+00:00
[2026-02-11T17:42:11.366+0800] {processor.py:183} INFO - Processing /Users/linghuchong/miniconda3/envs/py310/lib/python3.10/site-packages/airflow/example_dags/example_trigger_controller_dag.py took 0.175 seconds
[2026-02-11T17:45:21.692+0800] {processor.py:161} INFO - Started process (PID=19632) to work on /Users/linghuchong/miniconda3/envs/py310/lib/python3.10/site-packages/airflow/example_dags/example_trigger_controller_dag.py
[2026-02-11T17:45:21.693+0800] {processor.py:830} INFO - Processing file /Users/linghuchong/miniconda3/envs/py310/lib/python3.10/site-packages/airflow/example_dags/example_trigger_controller_dag.py for tasks to queue
[2026-02-11T17:45:21.695+0800] {logging_mixin.py:188} INFO - [2026-02-11T17:45:21.694+0800] {dagbag.py:540} INFO - Filling up the DagBag from /Users/linghuchong/miniconda3/envs/py310/lib/python3.10/site-packages/airflow/example_dags/example_trigger_controller_dag.py
[2026-02-11T17:45:21.720+0800] {processor.py:840} INFO - DAG(s) 'example_trigger_controller_dag' retrieved from /Users/linghuchong/miniconda3/envs/py310/lib/python3.10/site-packages/airflow/example_dags/example_trigger_controller_dag.py
[2026-02-11T17:45:21.904+0800] {logging_mixin.py:188} INFO - [2026-02-11T17:45:21.904+0800] {dag.py:3047} INFO - Sync 1 DAGs
[2026-02-11T17:45:21.936+0800] {logging_mixin.py:188} INFO - [2026-02-11T17:45:21.936+0800] {dag.py:3834} INFO - Setting next_dagrun for example_trigger_controller_dag to 2021-01-01 00:00:00+00:00, run_after=2021-01-01 00:00:00+00:00
[2026-02-11T17:45:21.970+0800] {processor.py:183} INFO - Processing /Users/linghuchong/miniconda3/envs/py310/lib/python3.10/site-packages/airflow/example_dags/example_trigger_controller_dag.py took 0.280 seconds
[2026-02-11T17:48:23.749+0800] {processor.py:161} INFO - Started process (PID=19796) to work on /Users/linghuchong/miniconda3/envs/py310/lib/python3.10/site-packages/airflow/example_dags/example_trigger_controller_dag.py
[2026-02-11T17:48:23.753+0800] {processor.py:830} INFO - Processing file /Users/linghuchong/miniconda3/envs/py310/lib/python3.10/site-packages/airflow/example_dags/example_trigger_controller_dag.py for tasks to queue
[2026-02-11T17:48:23.754+0800] {logging_mixin.py:188} INFO - [2026-02-11T17:48:23.754+0800] {dagbag.py:540} INFO - Filling up the DagBag from /Users/linghuchong/miniconda3/envs/py310/lib/python3.10/site-packages/airflow/example_dags/example_trigger_controller_dag.py
[2026-02-11T17:48:23.767+0800] {processor.py:840} INFO - DAG(s) 'example_trigger_controller_dag' retrieved from /Users/linghuchong/miniconda3/envs/py310/lib/python3.10/site-packages/airflow/example_dags/example_trigger_controller_dag.py
[2026-02-11T17:48:23.896+0800] {logging_mixin.py:188} INFO - [2026-02-11T17:48:23.895+0800] {dag.py:3047} INFO - Sync 1 DAGs
[2026-02-11T17:48:23.915+0800] {logging_mixin.py:188} INFO - [2026-02-11T17:48:23.914+0800] {dag.py:3834} INFO - Setting next_dagrun for example_trigger_controller_dag to 2021-01-01 00:00:00+00:00, run_after=2021-01-01 00:00:00+00:00
[2026-02-11T17:48:23.935+0800] {processor.py:183} INFO - Processing /Users/linghuchong/miniconda3/envs/py310/lib/python3.10/site-packages/airflow/example_dags/example_trigger_controller_dag.py took 0.187 seconds
[2026-02-11T17:51:28.324+0800] {processor.py:161} INFO - Started process (PID=19876) to work on /Users/linghuchong/miniconda3/envs/py310/lib/python3.10/site-packages/airflow/example_dags/example_trigger_controller_dag.py
[2026-02-11T17:51:28.327+0800] {processor.py:830} INFO - Processing file /Users/linghuchong/miniconda3/envs/py310/lib/python3.10/site-packages/airflow/example_dags/example_trigger_controller_dag.py for tasks to queue
[2026-02-11T17:51:28.328+0800] {logging_mixin.py:188} INFO - [2026-02-11T17:51:28.328+0800] {dagbag.py:540} INFO - Filling up the DagBag from /Users/linghuchong/miniconda3/envs/py310/lib/python3.10/site-packages/airflow/example_dags/example_trigger_controller_dag.py
[2026-02-11T17:51:28.342+0800] {processor.py:840} INFO - DAG(s) 'example_trigger_controller_dag' retrieved from /Users/linghuchong/miniconda3/envs/py310/lib/python3.10/site-packages/airflow/example_dags/example_trigger_controller_dag.py
[2026-02-11T17:51:28.502+0800] {logging_mixin.py:188} INFO - [2026-02-11T17:51:28.501+0800] {dag.py:3047} INFO - Sync 1 DAGs
[2026-02-11T17:51:28.525+0800] {logging_mixin.py:188} INFO - [2026-02-11T17:51:28.525+0800] {dag.py:3834} INFO - Setting next_dagrun for example_trigger_controller_dag to 2021-01-01 00:00:00+00:00, run_after=2021-01-01 00:00:00+00:00
[2026-02-11T17:51:28.547+0800] {processor.py:183} INFO - Processing /Users/linghuchong/miniconda3/envs/py310/lib/python3.10/site-packages/airflow/example_dags/example_trigger_controller_dag.py took 0.223 seconds
[2026-02-11T17:54:33.572+0800] {processor.py:161} INFO - Started process (PID=20010) to work on /Users/linghuchong/miniconda3/envs/py310/lib/python3.10/site-packages/airflow/example_dags/example_trigger_controller_dag.py
[2026-02-11T17:54:33.573+0800] {processor.py:830} INFO - Processing file /Users/linghuchong/miniconda3/envs/py310/lib/python3.10/site-packages/airflow/example_dags/example_trigger_controller_dag.py for tasks to queue
[2026-02-11T17:54:33.574+0800] {logging_mixin.py:188} INFO - [2026-02-11T17:54:33.574+0800] {dagbag.py:540} INFO - Filling up the DagBag from /Users/linghuchong/miniconda3/envs/py310/lib/python3.10/site-packages/airflow/example_dags/example_trigger_controller_dag.py
[2026-02-11T17:54:33.585+0800] {processor.py:840} INFO - DAG(s) 'example_trigger_controller_dag' retrieved from /Users/linghuchong/miniconda3/envs/py310/lib/python3.10/site-packages/airflow/example_dags/example_trigger_controller_dag.py
[2026-02-11T17:54:33.699+0800] {logging_mixin.py:188} INFO - [2026-02-11T17:54:33.699+0800] {dag.py:3047} INFO - Sync 1 DAGs
[2026-02-11T17:54:33.717+0800] {logging_mixin.py:188} INFO - [2026-02-11T17:54:33.717+0800] {dag.py:3834} INFO - Setting next_dagrun for example_trigger_controller_dag to 2021-01-01 00:00:00+00:00, run_after=2021-01-01 00:00:00+00:00
[2026-02-11T17:54:33.737+0800] {processor.py:183} INFO - Processing /Users/linghuchong/miniconda3/envs/py310/lib/python3.10/site-packages/airflow/example_dags/example_trigger_controller_dag.py took 0.166 seconds
[2026-02-11T17:57:39.605+0800] {processor.py:161} INFO - Started process (PID=20099) to work on /Users/linghuchong/miniconda3/envs/py310/lib/python3.10/site-packages/airflow/example_dags/example_trigger_controller_dag.py
[2026-02-11T17:57:39.606+0800] {processor.py:830} INFO - Processing file /Users/linghuchong/miniconda3/envs/py310/lib/python3.10/site-packages/airflow/example_dags/example_trigger_controller_dag.py for tasks to queue
[2026-02-11T17:57:39.607+0800] {logging_mixin.py:188} INFO - [2026-02-11T17:57:39.607+0800] {dagbag.py:540} INFO - Filling up the DagBag from /Users/linghuchong/miniconda3/envs/py310/lib/python3.10/site-packages/airflow/example_dags/example_trigger_controller_dag.py
[2026-02-11T17:57:39.619+0800] {processor.py:840} INFO - DAG(s) 'example_trigger_controller_dag' retrieved from /Users/linghuchong/miniconda3/envs/py310/lib/python3.10/site-packages/airflow/example_dags/example_trigger_controller_dag.py
[2026-02-11T17:57:39.736+0800] {logging_mixin.py:188} INFO - [2026-02-11T17:57:39.736+0800] {dag.py:3047} INFO - Sync 1 DAGs
[2026-02-11T17:57:39.755+0800] {logging_mixin.py:188} INFO - [2026-02-11T17:57:39.755+0800] {dag.py:3834} INFO - Setting next_dagrun for example_trigger_controller_dag to 2021-01-01 00:00:00+00:00, run_after=2021-01-01 00:00:00+00:00
[2026-02-11T17:57:39.776+0800] {processor.py:183} INFO - Processing /Users/linghuchong/miniconda3/envs/py310/lib/python3.10/site-packages/airflow/example_dags/example_trigger_controller_dag.py took 0.173 seconds
[2026-02-11T18:00:54.840+0800] {processor.py:161} INFO - Started process (PID=20313) to work on /Users/linghuchong/miniconda3/envs/py310/lib/python3.10/site-packages/airflow/example_dags/example_trigger_controller_dag.py
[2026-02-11T18:00:54.843+0800] {processor.py:830} INFO - Processing file /Users/linghuchong/miniconda3/envs/py310/lib/python3.10/site-packages/airflow/example_dags/example_trigger_controller_dag.py for tasks to queue
[2026-02-11T18:00:54.844+0800] {logging_mixin.py:188} INFO - [2026-02-11T18:00:54.844+0800] {dagbag.py:540} INFO - Filling up the DagBag from /Users/linghuchong/miniconda3/envs/py310/lib/python3.10/site-packages/airflow/example_dags/example_trigger_controller_dag.py
[2026-02-11T18:00:54.858+0800] {processor.py:840} INFO - DAG(s) 'example_trigger_controller_dag' retrieved from /Users/linghuchong/miniconda3/envs/py310/lib/python3.10/site-packages/airflow/example_dags/example_trigger_controller_dag.py
[2026-02-11T18:00:55.081+0800] {logging_mixin.py:188} INFO - [2026-02-11T18:00:55.080+0800] {dag.py:3047} INFO - Sync 1 DAGs
[2026-02-11T18:00:55.101+0800] {logging_mixin.py:188} INFO - [2026-02-11T18:00:55.101+0800] {dag.py:3834} INFO - Setting next_dagrun for example_trigger_controller_dag to 2021-01-01 00:00:00+00:00, run_after=2021-01-01 00:00:00+00:00
[2026-02-11T18:00:55.124+0800] {processor.py:183} INFO - Processing /Users/linghuchong/miniconda3/envs/py310/lib/python3.10/site-packages/airflow/example_dags/example_trigger_controller_dag.py took 0.284 seconds
