[2026-02-11T12:19:03.500+0800] {processor.py:161} INFO - Started process (PID=8216) to work on /Users/linghuchong/miniconda3/envs/py310/lib/python3.10/site-packages/airflow/example_dags/example_params_trigger_ui.py
[2026-02-11T12:19:03.501+0800] {processor.py:830} INFO - Processing file /Users/linghuchong/miniconda3/envs/py310/lib/python3.10/site-packages/airflow/example_dags/example_params_trigger_ui.py for tasks to queue
[2026-02-11T12:19:03.502+0800] {logging_mixin.py:188} INFO - [2026-02-11T12:19:03.502+0800] {dagbag.py:540} INFO - Filling up the DagBag from /Users/linghuchong/miniconda3/envs/py310/lib/python3.10/site-packages/airflow/example_dags/example_params_trigger_ui.py
[2026-02-11T12:19:03.545+0800] {processor.py:840} INFO - DAG(s) 'example_params_trigger_ui' retrieved from /Users/linghuchong/miniconda3/envs/py310/lib/python3.10/site-packages/airflow/example_dags/example_params_trigger_ui.py
[2026-02-11T12:19:03.779+0800] {logging_mixin.py:188} INFO - [2026-02-11T12:19:03.778+0800] {override.py:1769} INFO - Created Permission View: can read on DAG:example_params_trigger_ui
[2026-02-11T12:19:03.787+0800] {logging_mixin.py:188} INFO - [2026-02-11T12:19:03.786+0800] {override.py:1769} INFO - Created Permission View: can edit on DAG:example_params_trigger_ui
[2026-02-11T12:19:03.795+0800] {logging_mixin.py:188} INFO - [2026-02-11T12:19:03.794+0800] {override.py:1769} INFO - Created Permission View: can delete on DAG:example_params_trigger_ui
[2026-02-11T12:19:03.795+0800] {logging_mixin.py:188} INFO - [2026-02-11T12:19:03.795+0800] {dag.py:3047} INFO - Sync 1 DAGs
[2026-02-11T12:19:03.806+0800] {logging_mixin.py:188} INFO - [2026-02-11T12:19:03.805+0800] {dag.py:3069} INFO - Creating ORM DAG for example_params_trigger_ui
[2026-02-11T12:19:03.806+0800] {logging_mixin.py:188} INFO - [2026-02-11T12:19:03.806+0800] {dag.py:3834} INFO - Setting next_dagrun for example_params_trigger_ui to None, run_after=None
[2026-02-11T12:19:03.824+0800] {processor.py:183} INFO - Processing /Users/linghuchong/miniconda3/envs/py310/lib/python3.10/site-packages/airflow/example_dags/example_params_trigger_ui.py took 0.325 seconds
[2026-02-11T12:22:22.901+0800] {processor.py:161} INFO - Started process (PID=8361) to work on /Users/linghuchong/miniconda3/envs/py310/lib/python3.10/site-packages/airflow/example_dags/example_params_trigger_ui.py
[2026-02-11T12:22:22.904+0800] {processor.py:830} INFO - Processing file /Users/linghuchong/miniconda3/envs/py310/lib/python3.10/site-packages/airflow/example_dags/example_params_trigger_ui.py for tasks to queue
[2026-02-11T12:22:22.905+0800] {logging_mixin.py:188} INFO - [2026-02-11T12:22:22.905+0800] {dagbag.py:540} INFO - Filling up the DagBag from /Users/linghuchong/miniconda3/envs/py310/lib/python3.10/site-packages/airflow/example_dags/example_params_trigger_ui.py
[2026-02-11T12:22:22.946+0800] {processor.py:840} INFO - DAG(s) 'example_params_trigger_ui' retrieved from /Users/linghuchong/miniconda3/envs/py310/lib/python3.10/site-packages/airflow/example_dags/example_params_trigger_ui.py
[2026-02-11T12:22:23.090+0800] {logging_mixin.py:188} INFO - [2026-02-11T12:22:23.090+0800] {dag.py:3047} INFO - Sync 1 DAGs
[2026-02-11T12:22:23.101+0800] {logging_mixin.py:188} INFO - [2026-02-11T12:22:23.101+0800] {dag.py:3834} INFO - Setting next_dagrun for example_params_trigger_ui to None, run_after=None
[2026-02-11T12:22:23.124+0800] {processor.py:183} INFO - Processing /Users/linghuchong/miniconda3/envs/py310/lib/python3.10/site-packages/airflow/example_dags/example_params_trigger_ui.py took 0.223 seconds
[2026-02-11T12:25:03.622+0800] {processor.py:161} INFO - Started process (PID=8431) to work on /Users/linghuchong/miniconda3/envs/py310/lib/python3.10/site-packages/airflow/example_dags/example_params_trigger_ui.py
[2026-02-11T12:25:03.625+0800] {processor.py:830} INFO - Processing file /Users/linghuchong/miniconda3/envs/py310/lib/python3.10/site-packages/airflow/example_dags/example_params_trigger_ui.py for tasks to queue
[2026-02-11T12:25:03.626+0800] {logging_mixin.py:188} INFO - [2026-02-11T12:25:03.626+0800] {dagbag.py:540} INFO - Filling up the DagBag from /Users/linghuchong/miniconda3/envs/py310/lib/python3.10/site-packages/airflow/example_dags/example_params_trigger_ui.py
[2026-02-11T12:25:03.667+0800] {processor.py:840} INFO - DAG(s) 'example_params_trigger_ui' retrieved from /Users/linghuchong/miniconda3/envs/py310/lib/python3.10/site-packages/airflow/example_dags/example_params_trigger_ui.py
[2026-02-11T12:25:03.817+0800] {logging_mixin.py:188} INFO - [2026-02-11T12:25:03.817+0800] {dag.py:3047} INFO - Sync 1 DAGs
[2026-02-11T12:25:03.827+0800] {logging_mixin.py:188} INFO - [2026-02-11T12:25:03.827+0800] {dag.py:3834} INFO - Setting next_dagrun for example_params_trigger_ui to None, run_after=None
[2026-02-11T12:25:03.848+0800] {processor.py:183} INFO - Processing /Users/linghuchong/miniconda3/envs/py310/lib/python3.10/site-packages/airflow/example_dags/example_params_trigger_ui.py took 0.227 seconds
[2026-02-11T12:27:37.776+0800] {processor.py:161} INFO - Started process (PID=8491) to work on /Users/linghuchong/miniconda3/envs/py310/lib/python3.10/site-packages/airflow/example_dags/example_params_trigger_ui.py
[2026-02-11T12:27:37.779+0800] {processor.py:830} INFO - Processing file /Users/linghuchong/miniconda3/envs/py310/lib/python3.10/site-packages/airflow/example_dags/example_params_trigger_ui.py for tasks to queue
[2026-02-11T12:27:37.780+0800] {logging_mixin.py:188} INFO - [2026-02-11T12:27:37.780+0800] {dagbag.py:540} INFO - Filling up the DagBag from /Users/linghuchong/miniconda3/envs/py310/lib/python3.10/site-packages/airflow/example_dags/example_params_trigger_ui.py
[2026-02-11T12:27:37.817+0800] {processor.py:840} INFO - DAG(s) 'example_params_trigger_ui' retrieved from /Users/linghuchong/miniconda3/envs/py310/lib/python3.10/site-packages/airflow/example_dags/example_params_trigger_ui.py
[2026-02-11T12:27:37.960+0800] {logging_mixin.py:188} INFO - [2026-02-11T12:27:37.960+0800] {dag.py:3047} INFO - Sync 1 DAGs
[2026-02-11T12:27:37.969+0800] {logging_mixin.py:188} INFO - [2026-02-11T12:27:37.969+0800] {dag.py:3834} INFO - Setting next_dagrun for example_params_trigger_ui to None, run_after=None
[2026-02-11T12:27:37.991+0800] {processor.py:183} INFO - Processing /Users/linghuchong/miniconda3/envs/py310/lib/python3.10/site-packages/airflow/example_dags/example_params_trigger_ui.py took 0.216 seconds
[2026-02-11T13:08:36.446+0800] {processor.py:161} INFO - Started process (PID=8599) to work on /Users/linghuchong/miniconda3/envs/py310/lib/python3.10/site-packages/airflow/example_dags/example_params_trigger_ui.py
[2026-02-11T13:08:36.448+0800] {processor.py:830} INFO - Processing file /Users/linghuchong/miniconda3/envs/py310/lib/python3.10/site-packages/airflow/example_dags/example_params_trigger_ui.py for tasks to queue
[2026-02-11T13:08:36.449+0800] {logging_mixin.py:188} INFO - [2026-02-11T13:08:36.448+0800] {dagbag.py:540} INFO - Filling up the DagBag from /Users/linghuchong/miniconda3/envs/py310/lib/python3.10/site-packages/airflow/example_dags/example_params_trigger_ui.py
[2026-02-11T13:08:36.491+0800] {processor.py:840} INFO - DAG(s) 'example_params_trigger_ui' retrieved from /Users/linghuchong/miniconda3/envs/py310/lib/python3.10/site-packages/airflow/example_dags/example_params_trigger_ui.py
[2026-02-11T13:08:36.722+0800] {logging_mixin.py:188} INFO - [2026-02-11T13:08:36.721+0800] {dag.py:3047} INFO - Sync 1 DAGs
[2026-02-11T13:08:36.747+0800] {logging_mixin.py:188} INFO - [2026-02-11T13:08:36.746+0800] {dag.py:3834} INFO - Setting next_dagrun for example_params_trigger_ui to None, run_after=None
[2026-02-11T13:08:36.775+0800] {processor.py:183} INFO - Processing /Users/linghuchong/miniconda3/envs/py310/lib/python3.10/site-packages/airflow/example_dags/example_params_trigger_ui.py took 0.330 seconds
[2026-02-11T13:11:15.717+0800] {processor.py:161} INFO - Started process (PID=8669) to work on /Users/linghuchong/miniconda3/envs/py310/lib/python3.10/site-packages/airflow/example_dags/example_params_trigger_ui.py
[2026-02-11T13:11:15.718+0800] {processor.py:830} INFO - Processing file /Users/linghuchong/miniconda3/envs/py310/lib/python3.10/site-packages/airflow/example_dags/example_params_trigger_ui.py for tasks to queue
[2026-02-11T13:11:15.719+0800] {logging_mixin.py:188} INFO - [2026-02-11T13:11:15.719+0800] {dagbag.py:540} INFO - Filling up the DagBag from /Users/linghuchong/miniconda3/envs/py310/lib/python3.10/site-packages/airflow/example_dags/example_params_trigger_ui.py
[2026-02-11T13:11:15.764+0800] {processor.py:840} INFO - DAG(s) 'example_params_trigger_ui' retrieved from /Users/linghuchong/miniconda3/envs/py310/lib/python3.10/site-packages/airflow/example_dags/example_params_trigger_ui.py
[2026-02-11T13:11:15.933+0800] {logging_mixin.py:188} INFO - [2026-02-11T13:11:15.932+0800] {dag.py:3047} INFO - Sync 1 DAGs
[2026-02-11T13:11:15.942+0800] {logging_mixin.py:188} INFO - [2026-02-11T13:11:15.942+0800] {dag.py:3834} INFO - Setting next_dagrun for example_params_trigger_ui to None, run_after=None
[2026-02-11T13:11:15.964+0800] {processor.py:183} INFO - Processing /Users/linghuchong/miniconda3/envs/py310/lib/python3.10/site-packages/airflow/example_dags/example_params_trigger_ui.py took 0.247 seconds
[2026-02-11T13:21:28.096+0800] {processor.py:161} INFO - Started process (PID=9160) to work on /Users/linghuchong/miniconda3/envs/py310/lib/python3.10/site-packages/airflow/example_dags/example_params_trigger_ui.py
[2026-02-11T13:21:28.098+0800] {processor.py:830} INFO - Processing file /Users/linghuchong/miniconda3/envs/py310/lib/python3.10/site-packages/airflow/example_dags/example_params_trigger_ui.py for tasks to queue
[2026-02-11T13:21:28.099+0800] {logging_mixin.py:188} INFO - [2026-02-11T13:21:28.099+0800] {dagbag.py:540} INFO - Filling up the DagBag from /Users/linghuchong/miniconda3/envs/py310/lib/python3.10/site-packages/airflow/example_dags/example_params_trigger_ui.py
[2026-02-11T13:21:28.142+0800] {processor.py:840} INFO - DAG(s) 'example_params_trigger_ui' retrieved from /Users/linghuchong/miniconda3/envs/py310/lib/python3.10/site-packages/airflow/example_dags/example_params_trigger_ui.py
[2026-02-11T13:21:28.298+0800] {logging_mixin.py:188} INFO - [2026-02-11T13:21:28.298+0800] {dag.py:3047} INFO - Sync 1 DAGs
[2026-02-11T13:21:28.308+0800] {logging_mixin.py:188} INFO - [2026-02-11T13:21:28.308+0800] {dag.py:3834} INFO - Setting next_dagrun for example_params_trigger_ui to None, run_after=None
[2026-02-11T13:21:28.328+0800] {processor.py:183} INFO - Processing /Users/linghuchong/miniconda3/envs/py310/lib/python3.10/site-packages/airflow/example_dags/example_params_trigger_ui.py took 0.233 seconds
[2026-02-11T13:24:42.854+0800] {processor.py:161} INFO - Started process (PID=9254) to work on /Users/linghuchong/miniconda3/envs/py310/lib/python3.10/site-packages/airflow/example_dags/example_params_trigger_ui.py
[2026-02-11T13:24:42.856+0800] {processor.py:830} INFO - Processing file /Users/linghuchong/miniconda3/envs/py310/lib/python3.10/site-packages/airflow/example_dags/example_params_trigger_ui.py for tasks to queue
[2026-02-11T13:24:42.857+0800] {logging_mixin.py:188} INFO - [2026-02-11T13:24:42.857+0800] {dagbag.py:540} INFO - Filling up the DagBag from /Users/linghuchong/miniconda3/envs/py310/lib/python3.10/site-packages/airflow/example_dags/example_params_trigger_ui.py
[2026-02-11T13:24:42.897+0800] {processor.py:840} INFO - DAG(s) 'example_params_trigger_ui' retrieved from /Users/linghuchong/miniconda3/envs/py310/lib/python3.10/site-packages/airflow/example_dags/example_params_trigger_ui.py
[2026-02-11T13:24:43.046+0800] {logging_mixin.py:188} INFO - [2026-02-11T13:24:43.046+0800] {dag.py:3047} INFO - Sync 1 DAGs
[2026-02-11T13:24:43.056+0800] {logging_mixin.py:188} INFO - [2026-02-11T13:24:43.055+0800] {dag.py:3834} INFO - Setting next_dagrun for example_params_trigger_ui to None, run_after=None
[2026-02-11T13:24:43.078+0800] {processor.py:183} INFO - Processing /Users/linghuchong/miniconda3/envs/py310/lib/python3.10/site-packages/airflow/example_dags/example_params_trigger_ui.py took 0.225 seconds
[2026-02-11T13:27:30.771+0800] {processor.py:161} INFO - Started process (PID=9334) to work on /Users/linghuchong/miniconda3/envs/py310/lib/python3.10/site-packages/airflow/example_dags/example_params_trigger_ui.py
[2026-02-11T13:27:30.774+0800] {processor.py:830} INFO - Processing file /Users/linghuchong/miniconda3/envs/py310/lib/python3.10/site-packages/airflow/example_dags/example_params_trigger_ui.py for tasks to queue
[2026-02-11T13:27:30.775+0800] {logging_mixin.py:188} INFO - [2026-02-11T13:27:30.775+0800] {dagbag.py:540} INFO - Filling up the DagBag from /Users/linghuchong/miniconda3/envs/py310/lib/python3.10/site-packages/airflow/example_dags/example_params_trigger_ui.py
[2026-02-11T13:27:30.817+0800] {processor.py:840} INFO - DAG(s) 'example_params_trigger_ui' retrieved from /Users/linghuchong/miniconda3/envs/py310/lib/python3.10/site-packages/airflow/example_dags/example_params_trigger_ui.py
[2026-02-11T13:27:30.970+0800] {logging_mixin.py:188} INFO - [2026-02-11T13:27:30.970+0800] {dag.py:3047} INFO - Sync 1 DAGs
[2026-02-11T13:27:30.980+0800] {logging_mixin.py:188} INFO - [2026-02-11T13:27:30.980+0800] {dag.py:3834} INFO - Setting next_dagrun for example_params_trigger_ui to None, run_after=None
[2026-02-11T13:27:31.003+0800] {processor.py:183} INFO - Processing /Users/linghuchong/miniconda3/envs/py310/lib/python3.10/site-packages/airflow/example_dags/example_params_trigger_ui.py took 0.233 seconds
[2026-02-11T13:30:20.204+0800] {processor.py:161} INFO - Started process (PID=9424) to work on /Users/linghuchong/miniconda3/envs/py310/lib/python3.10/site-packages/airflow/example_dags/example_params_trigger_ui.py
[2026-02-11T13:30:20.207+0800] {processor.py:830} INFO - Processing file /Users/linghuchong/miniconda3/envs/py310/lib/python3.10/site-packages/airflow/example_dags/example_params_trigger_ui.py for tasks to queue
[2026-02-11T13:30:20.208+0800] {logging_mixin.py:188} INFO - [2026-02-11T13:30:20.208+0800] {dagbag.py:540} INFO - Filling up the DagBag from /Users/linghuchong/miniconda3/envs/py310/lib/python3.10/site-packages/airflow/example_dags/example_params_trigger_ui.py
[2026-02-11T13:30:20.248+0800] {processor.py:840} INFO - DAG(s) 'example_params_trigger_ui' retrieved from /Users/linghuchong/miniconda3/envs/py310/lib/python3.10/site-packages/airflow/example_dags/example_params_trigger_ui.py
[2026-02-11T13:30:20.393+0800] {logging_mixin.py:188} INFO - [2026-02-11T13:30:20.392+0800] {dag.py:3047} INFO - Sync 1 DAGs
[2026-02-11T13:30:20.403+0800] {logging_mixin.py:188} INFO - [2026-02-11T13:30:20.403+0800] {dag.py:3834} INFO - Setting next_dagrun for example_params_trigger_ui to None, run_after=None
[2026-02-11T13:30:20.427+0800] {processor.py:183} INFO - Processing /Users/linghuchong/miniconda3/envs/py310/lib/python3.10/site-packages/airflow/example_dags/example_params_trigger_ui.py took 0.224 seconds
[2026-02-11T13:33:20.027+0800] {processor.py:161} INFO - Started process (PID=9531) to work on /Users/linghuchong/miniconda3/envs/py310/lib/python3.10/site-packages/airflow/example_dags/example_params_trigger_ui.py
[2026-02-11T13:33:20.030+0800] {processor.py:830} INFO - Processing file /Users/linghuchong/miniconda3/envs/py310/lib/python3.10/site-packages/airflow/example_dags/example_params_trigger_ui.py for tasks to queue
[2026-02-11T13:33:20.031+0800] {logging_mixin.py:188} INFO - [2026-02-11T13:33:20.030+0800] {dagbag.py:540} INFO - Filling up the DagBag from /Users/linghuchong/miniconda3/envs/py310/lib/python3.10/site-packages/airflow/example_dags/example_params_trigger_ui.py
[2026-02-11T13:33:20.070+0800] {processor.py:840} INFO - DAG(s) 'example_params_trigger_ui' retrieved from /Users/linghuchong/miniconda3/envs/py310/lib/python3.10/site-packages/airflow/example_dags/example_params_trigger_ui.py
[2026-02-11T13:33:20.230+0800] {logging_mixin.py:188} INFO - [2026-02-11T13:33:20.230+0800] {dag.py:3047} INFO - Sync 1 DAGs
[2026-02-11T13:33:20.241+0800] {logging_mixin.py:188} INFO - [2026-02-11T13:33:20.241+0800] {dag.py:3834} INFO - Setting next_dagrun for example_params_trigger_ui to None, run_after=None
[2026-02-11T13:33:20.264+0800] {processor.py:183} INFO - Processing /Users/linghuchong/miniconda3/envs/py310/lib/python3.10/site-packages/airflow/example_dags/example_params_trigger_ui.py took 0.238 seconds
[2026-02-11T13:36:10.451+0800] {processor.py:161} INFO - Started process (PID=9638) to work on /Users/linghuchong/miniconda3/envs/py310/lib/python3.10/site-packages/airflow/example_dags/example_params_trigger_ui.py
[2026-02-11T13:36:10.452+0800] {processor.py:830} INFO - Processing file /Users/linghuchong/miniconda3/envs/py310/lib/python3.10/site-packages/airflow/example_dags/example_params_trigger_ui.py for tasks to queue
[2026-02-11T13:36:10.453+0800] {logging_mixin.py:188} INFO - [2026-02-11T13:36:10.453+0800] {dagbag.py:540} INFO - Filling up the DagBag from /Users/linghuchong/miniconda3/envs/py310/lib/python3.10/site-packages/airflow/example_dags/example_params_trigger_ui.py
[2026-02-11T13:36:10.498+0800] {processor.py:840} INFO - DAG(s) 'example_params_trigger_ui' retrieved from /Users/linghuchong/miniconda3/envs/py310/lib/python3.10/site-packages/airflow/example_dags/example_params_trigger_ui.py
[2026-02-11T13:36:10.682+0800] {logging_mixin.py:188} INFO - [2026-02-11T13:36:10.681+0800] {dag.py:3047} INFO - Sync 1 DAGs
[2026-02-11T13:36:10.691+0800] {logging_mixin.py:188} INFO - [2026-02-11T13:36:10.691+0800] {dag.py:3834} INFO - Setting next_dagrun for example_params_trigger_ui to None, run_after=None
[2026-02-11T13:36:10.712+0800] {processor.py:183} INFO - Processing /Users/linghuchong/miniconda3/envs/py310/lib/python3.10/site-packages/airflow/example_dags/example_params_trigger_ui.py took 0.262 seconds
[2026-02-11T16:20:36.221+0800] {processor.py:161} INFO - Started process (PID=14509) to work on /Users/linghuchong/miniconda3/envs/py310/lib/python3.10/site-packages/airflow/example_dags/example_params_trigger_ui.py
[2026-02-11T16:20:36.223+0800] {processor.py:830} INFO - Processing file /Users/linghuchong/miniconda3/envs/py310/lib/python3.10/site-packages/airflow/example_dags/example_params_trigger_ui.py for tasks to queue
[2026-02-11T16:20:36.226+0800] {logging_mixin.py:188} INFO - [2026-02-11T16:20:36.225+0800] {dagbag.py:540} INFO - Filling up the DagBag from /Users/linghuchong/miniconda3/envs/py310/lib/python3.10/site-packages/airflow/example_dags/example_params_trigger_ui.py
[2026-02-11T16:20:36.268+0800] {processor.py:840} INFO - DAG(s) 'example_params_trigger_ui' retrieved from /Users/linghuchong/miniconda3/envs/py310/lib/python3.10/site-packages/airflow/example_dags/example_params_trigger_ui.py
[2026-02-11T16:20:36.291+0800] {logging_mixin.py:188} INFO - [2026-02-11T16:20:36.290+0800] {dag.py:3047} INFO - Sync 1 DAGs
[2026-02-11T16:20:36.392+0800] {logging_mixin.py:188} INFO - [2026-02-11T16:20:36.392+0800] {dag.py:3834} INFO - Setting next_dagrun for example_params_trigger_ui to None, run_after=None
[2026-02-11T16:20:36.419+0800] {processor.py:183} INFO - Processing /Users/linghuchong/miniconda3/envs/py310/lib/python3.10/site-packages/airflow/example_dags/example_params_trigger_ui.py took 0.199 seconds
[2026-02-11T16:25:02.730+0800] {processor.py:161} INFO - Started process (PID=14772) to work on /Users/linghuchong/miniconda3/envs/py310/lib/python3.10/site-packages/airflow/example_dags/example_params_trigger_ui.py
[2026-02-11T16:25:02.731+0800] {processor.py:830} INFO - Processing file /Users/linghuchong/miniconda3/envs/py310/lib/python3.10/site-packages/airflow/example_dags/example_params_trigger_ui.py for tasks to queue
[2026-02-11T16:25:02.732+0800] {logging_mixin.py:188} INFO - [2026-02-11T16:25:02.732+0800] {dagbag.py:540} INFO - Filling up the DagBag from /Users/linghuchong/miniconda3/envs/py310/lib/python3.10/site-packages/airflow/example_dags/example_params_trigger_ui.py
[2026-02-11T16:25:02.778+0800] {processor.py:840} INFO - DAG(s) 'example_params_trigger_ui' retrieved from /Users/linghuchong/miniconda3/envs/py310/lib/python3.10/site-packages/airflow/example_dags/example_params_trigger_ui.py
[2026-02-11T16:25:03.055+0800] {logging_mixin.py:188} INFO - [2026-02-11T16:25:03.055+0800] {dag.py:3047} INFO - Sync 1 DAGs
[2026-02-11T16:25:03.065+0800] {logging_mixin.py:188} INFO - [2026-02-11T16:25:03.065+0800] {dag.py:3834} INFO - Setting next_dagrun for example_params_trigger_ui to None, run_after=None
[2026-02-11T16:25:03.089+0800] {processor.py:183} INFO - Processing /Users/linghuchong/miniconda3/envs/py310/lib/python3.10/site-packages/airflow/example_dags/example_params_trigger_ui.py took 0.360 seconds
[2026-02-11T16:28:38.962+0800] {processor.py:161} INFO - Started process (PID=14890) to work on /Users/linghuchong/miniconda3/envs/py310/lib/python3.10/site-packages/airflow/example_dags/example_params_trigger_ui.py
[2026-02-11T16:28:38.965+0800] {processor.py:830} INFO - Processing file /Users/linghuchong/miniconda3/envs/py310/lib/python3.10/site-packages/airflow/example_dags/example_params_trigger_ui.py for tasks to queue
[2026-02-11T16:28:38.966+0800] {logging_mixin.py:188} INFO - [2026-02-11T16:28:38.966+0800] {dagbag.py:540} INFO - Filling up the DagBag from /Users/linghuchong/miniconda3/envs/py310/lib/python3.10/site-packages/airflow/example_dags/example_params_trigger_ui.py
[2026-02-11T16:28:39.008+0800] {processor.py:840} INFO - DAG(s) 'example_params_trigger_ui' retrieved from /Users/linghuchong/miniconda3/envs/py310/lib/python3.10/site-packages/airflow/example_dags/example_params_trigger_ui.py
[2026-02-11T16:28:39.245+0800] {logging_mixin.py:188} INFO - [2026-02-11T16:28:39.244+0800] {dag.py:3047} INFO - Sync 1 DAGs
[2026-02-11T16:28:39.254+0800] {logging_mixin.py:188} INFO - [2026-02-11T16:28:39.254+0800] {dag.py:3834} INFO - Setting next_dagrun for example_params_trigger_ui to None, run_after=None
[2026-02-11T16:28:39.278+0800] {processor.py:183} INFO - Processing /Users/linghuchong/miniconda3/envs/py310/lib/python3.10/site-packages/airflow/example_dags/example_params_trigger_ui.py took 0.317 seconds
[2026-02-11T16:31:47.342+0800] {processor.py:161} INFO - Started process (PID=15141) to work on /Users/linghuchong/miniconda3/envs/py310/lib/python3.10/site-packages/airflow/example_dags/example_params_trigger_ui.py
[2026-02-11T16:31:47.343+0800] {processor.py:830} INFO - Processing file /Users/linghuchong/miniconda3/envs/py310/lib/python3.10/site-packages/airflow/example_dags/example_params_trigger_ui.py for tasks to queue
[2026-02-11T16:31:47.344+0800] {logging_mixin.py:188} INFO - [2026-02-11T16:31:47.344+0800] {dagbag.py:540} INFO - Filling up the DagBag from /Users/linghuchong/miniconda3/envs/py310/lib/python3.10/site-packages/airflow/example_dags/example_params_trigger_ui.py
[2026-02-11T16:31:47.392+0800] {processor.py:840} INFO - DAG(s) 'example_params_trigger_ui' retrieved from /Users/linghuchong/miniconda3/envs/py310/lib/python3.10/site-packages/airflow/example_dags/example_params_trigger_ui.py
[2026-02-11T16:31:47.575+0800] {logging_mixin.py:188} INFO - [2026-02-11T16:31:47.575+0800] {dag.py:3047} INFO - Sync 1 DAGs
[2026-02-11T16:31:47.586+0800] {logging_mixin.py:188} INFO - [2026-02-11T16:31:47.586+0800] {dag.py:3834} INFO - Setting next_dagrun for example_params_trigger_ui to None, run_after=None
[2026-02-11T16:31:47.607+0800] {processor.py:183} INFO - Processing /Users/linghuchong/miniconda3/envs/py310/lib/python3.10/site-packages/airflow/example_dags/example_params_trigger_ui.py took 0.266 seconds
[2026-02-11T16:34:59.433+0800] {processor.py:161} INFO - Started process (PID=15323) to work on /Users/linghuchong/miniconda3/envs/py310/lib/python3.10/site-packages/airflow/example_dags/example_params_trigger_ui.py
[2026-02-11T16:34:59.435+0800] {processor.py:830} INFO - Processing file /Users/linghuchong/miniconda3/envs/py310/lib/python3.10/site-packages/airflow/example_dags/example_params_trigger_ui.py for tasks to queue
[2026-02-11T16:34:59.436+0800] {logging_mixin.py:188} INFO - [2026-02-11T16:34:59.436+0800] {dagbag.py:540} INFO - Filling up the DagBag from /Users/linghuchong/miniconda3/envs/py310/lib/python3.10/site-packages/airflow/example_dags/example_params_trigger_ui.py
[2026-02-11T16:34:59.479+0800] {processor.py:840} INFO - DAG(s) 'example_params_trigger_ui' retrieved from /Users/linghuchong/miniconda3/envs/py310/lib/python3.10/site-packages/airflow/example_dags/example_params_trigger_ui.py
[2026-02-11T16:34:59.756+0800] {logging_mixin.py:188} INFO - [2026-02-11T16:34:59.756+0800] {dag.py:3047} INFO - Sync 1 DAGs
[2026-02-11T16:34:59.767+0800] {logging_mixin.py:188} INFO - [2026-02-11T16:34:59.766+0800] {dag.py:3834} INFO - Setting next_dagrun for example_params_trigger_ui to None, run_after=None
[2026-02-11T16:34:59.787+0800] {processor.py:183} INFO - Processing /Users/linghuchong/miniconda3/envs/py310/lib/python3.10/site-packages/airflow/example_dags/example_params_trigger_ui.py took 0.356 seconds
[2026-02-11T16:38:10.032+0800] {processor.py:161} INFO - Started process (PID=15542) to work on /Users/linghuchong/miniconda3/envs/py310/lib/python3.10/site-packages/airflow/example_dags/example_params_trigger_ui.py
[2026-02-11T16:38:10.033+0800] {processor.py:830} INFO - Processing file /Users/linghuchong/miniconda3/envs/py310/lib/python3.10/site-packages/airflow/example_dags/example_params_trigger_ui.py for tasks to queue
[2026-02-11T16:38:10.034+0800] {logging_mixin.py:188} INFO - [2026-02-11T16:38:10.033+0800] {dagbag.py:540} INFO - Filling up the DagBag from /Users/linghuchong/miniconda3/envs/py310/lib/python3.10/site-packages/airflow/example_dags/example_params_trigger_ui.py
[2026-02-11T16:38:10.074+0800] {processor.py:840} INFO - DAG(s) 'example_params_trigger_ui' retrieved from /Users/linghuchong/miniconda3/envs/py310/lib/python3.10/site-packages/airflow/example_dags/example_params_trigger_ui.py
[2026-02-11T16:38:10.223+0800] {logging_mixin.py:188} INFO - [2026-02-11T16:38:10.223+0800] {dag.py:3047} INFO - Sync 1 DAGs
[2026-02-11T16:38:10.233+0800] {logging_mixin.py:188} INFO - [2026-02-11T16:38:10.233+0800] {dag.py:3834} INFO - Setting next_dagrun for example_params_trigger_ui to None, run_after=None
[2026-02-11T16:38:10.258+0800] {processor.py:183} INFO - Processing /Users/linghuchong/miniconda3/envs/py310/lib/python3.10/site-packages/airflow/example_dags/example_params_trigger_ui.py took 0.227 seconds
[2026-02-11T16:41:07.542+0800] {processor.py:161} INFO - Started process (PID=15750) to work on /Users/linghuchong/miniconda3/envs/py310/lib/python3.10/site-packages/airflow/example_dags/example_params_trigger_ui.py
[2026-02-11T16:41:07.543+0800] {processor.py:830} INFO - Processing file /Users/linghuchong/miniconda3/envs/py310/lib/python3.10/site-packages/airflow/example_dags/example_params_trigger_ui.py for tasks to queue
[2026-02-11T16:41:07.544+0800] {logging_mixin.py:188} INFO - [2026-02-11T16:41:07.543+0800] {dagbag.py:540} INFO - Filling up the DagBag from /Users/linghuchong/miniconda3/envs/py310/lib/python3.10/site-packages/airflow/example_dags/example_params_trigger_ui.py
[2026-02-11T16:41:07.583+0800] {processor.py:840} INFO - DAG(s) 'example_params_trigger_ui' retrieved from /Users/linghuchong/miniconda3/envs/py310/lib/python3.10/site-packages/airflow/example_dags/example_params_trigger_ui.py
[2026-02-11T16:41:07.737+0800] {logging_mixin.py:188} INFO - [2026-02-11T16:41:07.736+0800] {dag.py:3047} INFO - Sync 1 DAGs
[2026-02-11T16:41:07.747+0800] {logging_mixin.py:188} INFO - [2026-02-11T16:41:07.746+0800] {dag.py:3834} INFO - Setting next_dagrun for example_params_trigger_ui to None, run_after=None
[2026-02-11T16:41:07.767+0800] {processor.py:183} INFO - Processing /Users/linghuchong/miniconda3/envs/py310/lib/python3.10/site-packages/airflow/example_dags/example_params_trigger_ui.py took 0.227 seconds
[2026-02-11T16:44:12.364+0800] {processor.py:161} INFO - Started process (PID=16012) to work on /Users/linghuchong/miniconda3/envs/py310/lib/python3.10/site-packages/airflow/example_dags/example_params_trigger_ui.py
[2026-02-11T16:44:12.367+0800] {processor.py:830} INFO - Processing file /Users/linghuchong/miniconda3/envs/py310/lib/python3.10/site-packages/airflow/example_dags/example_params_trigger_ui.py for tasks to queue
[2026-02-11T16:44:12.368+0800] {logging_mixin.py:188} INFO - [2026-02-11T16:44:12.368+0800] {dagbag.py:540} INFO - Filling up the DagBag from /Users/linghuchong/miniconda3/envs/py310/lib/python3.10/site-packages/airflow/example_dags/example_params_trigger_ui.py
[2026-02-11T16:44:12.407+0800] {processor.py:840} INFO - DAG(s) 'example_params_trigger_ui' retrieved from /Users/linghuchong/miniconda3/envs/py310/lib/python3.10/site-packages/airflow/example_dags/example_params_trigger_ui.py
[2026-02-11T16:44:12.557+0800] {logging_mixin.py:188} INFO - [2026-02-11T16:44:12.556+0800] {dag.py:3047} INFO - Sync 1 DAGs
[2026-02-11T16:44:12.567+0800] {logging_mixin.py:188} INFO - [2026-02-11T16:44:12.567+0800] {dag.py:3834} INFO - Setting next_dagrun for example_params_trigger_ui to None, run_after=None
[2026-02-11T16:44:12.590+0800] {processor.py:183} INFO - Processing /Users/linghuchong/miniconda3/envs/py310/lib/python3.10/site-packages/airflow/example_dags/example_params_trigger_ui.py took 0.226 seconds
[2026-02-11T16:47:25.311+0800] {processor.py:161} INFO - Started process (PID=16132) to work on /Users/linghuchong/miniconda3/envs/py310/lib/python3.10/site-packages/airflow/example_dags/example_params_trigger_ui.py
[2026-02-11T16:47:25.315+0800] {processor.py:830} INFO - Processing file /Users/linghuchong/miniconda3/envs/py310/lib/python3.10/site-packages/airflow/example_dags/example_params_trigger_ui.py for tasks to queue
[2026-02-11T16:47:25.316+0800] {logging_mixin.py:188} INFO - [2026-02-11T16:47:25.316+0800] {dagbag.py:540} INFO - Filling up the DagBag from /Users/linghuchong/miniconda3/envs/py310/lib/python3.10/site-packages/airflow/example_dags/example_params_trigger_ui.py
[2026-02-11T16:47:25.363+0800] {processor.py:840} INFO - DAG(s) 'example_params_trigger_ui' retrieved from /Users/linghuchong/miniconda3/envs/py310/lib/python3.10/site-packages/airflow/example_dags/example_params_trigger_ui.py
[2026-02-11T16:47:25.733+0800] {logging_mixin.py:188} INFO - [2026-02-11T16:47:25.733+0800] {dag.py:3047} INFO - Sync 1 DAGs
[2026-02-11T16:47:25.746+0800] {logging_mixin.py:188} INFO - [2026-02-11T16:47:25.745+0800] {dag.py:3834} INFO - Setting next_dagrun for example_params_trigger_ui to None, run_after=None
[2026-02-11T16:47:25.771+0800] {processor.py:183} INFO - Processing /Users/linghuchong/miniconda3/envs/py310/lib/python3.10/site-packages/airflow/example_dags/example_params_trigger_ui.py took 0.461 seconds
[2026-02-11T16:50:46.004+0800] {processor.py:161} INFO - Started process (PID=16352) to work on /Users/linghuchong/miniconda3/envs/py310/lib/python3.10/site-packages/airflow/example_dags/example_params_trigger_ui.py
[2026-02-11T16:50:46.014+0800] {processor.py:830} INFO - Processing file /Users/linghuchong/miniconda3/envs/py310/lib/python3.10/site-packages/airflow/example_dags/example_params_trigger_ui.py for tasks to queue
[2026-02-11T16:50:46.015+0800] {logging_mixin.py:188} INFO - [2026-02-11T16:50:46.015+0800] {dagbag.py:540} INFO - Filling up the DagBag from /Users/linghuchong/miniconda3/envs/py310/lib/python3.10/site-packages/airflow/example_dags/example_params_trigger_ui.py
[2026-02-11T16:50:46.072+0800] {processor.py:840} INFO - DAG(s) 'example_params_trigger_ui' retrieved from /Users/linghuchong/miniconda3/envs/py310/lib/python3.10/site-packages/airflow/example_dags/example_params_trigger_ui.py
[2026-02-11T16:50:46.367+0800] {logging_mixin.py:188} INFO - [2026-02-11T16:50:46.366+0800] {dag.py:3047} INFO - Sync 1 DAGs
[2026-02-11T16:50:46.377+0800] {logging_mixin.py:188} INFO - [2026-02-11T16:50:46.377+0800] {dag.py:3834} INFO - Setting next_dagrun for example_params_trigger_ui to None, run_after=None
[2026-02-11T16:50:46.402+0800] {processor.py:183} INFO - Processing /Users/linghuchong/miniconda3/envs/py310/lib/python3.10/site-packages/airflow/example_dags/example_params_trigger_ui.py took 0.402 seconds
[2026-02-11T16:54:18.222+0800] {processor.py:161} INFO - Started process (PID=16508) to work on /Users/linghuchong/miniconda3/envs/py310/lib/python3.10/site-packages/airflow/example_dags/example_params_trigger_ui.py
[2026-02-11T16:54:18.225+0800] {processor.py:830} INFO - Processing file /Users/linghuchong/miniconda3/envs/py310/lib/python3.10/site-packages/airflow/example_dags/example_params_trigger_ui.py for tasks to queue
[2026-02-11T16:54:18.226+0800] {logging_mixin.py:188} INFO - [2026-02-11T16:54:18.226+0800] {dagbag.py:540} INFO - Filling up the DagBag from /Users/linghuchong/miniconda3/envs/py310/lib/python3.10/site-packages/airflow/example_dags/example_params_trigger_ui.py
[2026-02-11T16:54:18.268+0800] {processor.py:840} INFO - DAG(s) 'example_params_trigger_ui' retrieved from /Users/linghuchong/miniconda3/envs/py310/lib/python3.10/site-packages/airflow/example_dags/example_params_trigger_ui.py
[2026-02-11T16:54:18.428+0800] {logging_mixin.py:188} INFO - [2026-02-11T16:54:18.427+0800] {dag.py:3047} INFO - Sync 1 DAGs
[2026-02-11T16:54:18.438+0800] {logging_mixin.py:188} INFO - [2026-02-11T16:54:18.437+0800] {dag.py:3834} INFO - Setting next_dagrun for example_params_trigger_ui to None, run_after=None
[2026-02-11T16:54:18.461+0800] {processor.py:183} INFO - Processing /Users/linghuchong/miniconda3/envs/py310/lib/python3.10/site-packages/airflow/example_dags/example_params_trigger_ui.py took 0.240 seconds
[2026-02-11T16:57:22.686+0800] {processor.py:161} INFO - Started process (PID=16628) to work on /Users/linghuchong/miniconda3/envs/py310/lib/python3.10/site-packages/airflow/example_dags/example_params_trigger_ui.py
[2026-02-11T16:57:22.689+0800] {processor.py:830} INFO - Processing file /Users/linghuchong/miniconda3/envs/py310/lib/python3.10/site-packages/airflow/example_dags/example_params_trigger_ui.py for tasks to queue
[2026-02-11T16:57:22.690+0800] {logging_mixin.py:188} INFO - [2026-02-11T16:57:22.690+0800] {dagbag.py:540} INFO - Filling up the DagBag from /Users/linghuchong/miniconda3/envs/py310/lib/python3.10/site-packages/airflow/example_dags/example_params_trigger_ui.py
[2026-02-11T16:57:22.730+0800] {processor.py:840} INFO - DAG(s) 'example_params_trigger_ui' retrieved from /Users/linghuchong/miniconda3/envs/py310/lib/python3.10/site-packages/airflow/example_dags/example_params_trigger_ui.py
[2026-02-11T16:57:22.899+0800] {logging_mixin.py:188} INFO - [2026-02-11T16:57:22.899+0800] {dag.py:3047} INFO - Sync 1 DAGs
[2026-02-11T16:57:22.912+0800] {logging_mixin.py:188} INFO - [2026-02-11T16:57:22.912+0800] {dag.py:3834} INFO - Setting next_dagrun for example_params_trigger_ui to None, run_after=None
[2026-02-11T16:57:22.935+0800] {processor.py:183} INFO - Processing /Users/linghuchong/miniconda3/envs/py310/lib/python3.10/site-packages/airflow/example_dags/example_params_trigger_ui.py took 0.250 seconds
[2026-02-11T17:00:57.347+0800] {processor.py:161} INFO - Started process (PID=16741) to work on /Users/linghuchong/miniconda3/envs/py310/lib/python3.10/site-packages/airflow/example_dags/example_params_trigger_ui.py
[2026-02-11T17:00:57.348+0800] {processor.py:830} INFO - Processing file /Users/linghuchong/miniconda3/envs/py310/lib/python3.10/site-packages/airflow/example_dags/example_params_trigger_ui.py for tasks to queue
[2026-02-11T17:00:57.350+0800] {logging_mixin.py:188} INFO - [2026-02-11T17:00:57.349+0800] {dagbag.py:540} INFO - Filling up the DagBag from /Users/linghuchong/miniconda3/envs/py310/lib/python3.10/site-packages/airflow/example_dags/example_params_trigger_ui.py
[2026-02-11T17:00:57.392+0800] {processor.py:840} INFO - DAG(s) 'example_params_trigger_ui' retrieved from /Users/linghuchong/miniconda3/envs/py310/lib/python3.10/site-packages/airflow/example_dags/example_params_trigger_ui.py
[2026-02-11T17:00:57.588+0800] {logging_mixin.py:188} INFO - [2026-02-11T17:00:57.588+0800] {dag.py:3047} INFO - Sync 1 DAGs
[2026-02-11T17:00:57.600+0800] {logging_mixin.py:188} INFO - [2026-02-11T17:00:57.600+0800] {dag.py:3834} INFO - Setting next_dagrun for example_params_trigger_ui to None, run_after=None
[2026-02-11T17:00:57.624+0800] {processor.py:183} INFO - Processing /Users/linghuchong/miniconda3/envs/py310/lib/python3.10/site-packages/airflow/example_dags/example_params_trigger_ui.py took 0.277 seconds
[2026-02-11T17:04:25.364+0800] {processor.py:161} INFO - Started process (PID=16910) to work on /Users/linghuchong/miniconda3/envs/py310/lib/python3.10/site-packages/airflow/example_dags/example_params_trigger_ui.py
[2026-02-11T17:04:25.367+0800] {processor.py:830} INFO - Processing file /Users/linghuchong/miniconda3/envs/py310/lib/python3.10/site-packages/airflow/example_dags/example_params_trigger_ui.py for tasks to queue
[2026-02-11T17:04:25.368+0800] {logging_mixin.py:188} INFO - [2026-02-11T17:04:25.368+0800] {dagbag.py:540} INFO - Filling up the DagBag from /Users/linghuchong/miniconda3/envs/py310/lib/python3.10/site-packages/airflow/example_dags/example_params_trigger_ui.py
[2026-02-11T17:04:25.409+0800] {processor.py:840} INFO - DAG(s) 'example_params_trigger_ui' retrieved from /Users/linghuchong/miniconda3/envs/py310/lib/python3.10/site-packages/airflow/example_dags/example_params_trigger_ui.py
[2026-02-11T17:04:25.656+0800] {logging_mixin.py:188} INFO - [2026-02-11T17:04:25.655+0800] {dag.py:3047} INFO - Sync 1 DAGs
[2026-02-11T17:04:25.665+0800] {logging_mixin.py:188} INFO - [2026-02-11T17:04:25.665+0800] {dag.py:3834} INFO - Setting next_dagrun for example_params_trigger_ui to None, run_after=None
[2026-02-11T17:04:25.689+0800] {processor.py:183} INFO - Processing /Users/linghuchong/miniconda3/envs/py310/lib/python3.10/site-packages/airflow/example_dags/example_params_trigger_ui.py took 0.326 seconds
[2026-02-11T17:16:35.516+0800] {processor.py:161} INFO - Started process (PID=17784) to work on /Users/linghuchong/miniconda3/envs/py310/lib/python3.10/site-packages/airflow/example_dags/example_params_trigger_ui.py
[2026-02-11T17:16:35.517+0800] {processor.py:830} INFO - Processing file /Users/linghuchong/miniconda3/envs/py310/lib/python3.10/site-packages/airflow/example_dags/example_params_trigger_ui.py for tasks to queue
[2026-02-11T17:16:35.518+0800] {logging_mixin.py:188} INFO - [2026-02-11T17:16:35.518+0800] {dagbag.py:540} INFO - Filling up the DagBag from /Users/linghuchong/miniconda3/envs/py310/lib/python3.10/site-packages/airflow/example_dags/example_params_trigger_ui.py
[2026-02-11T17:16:35.565+0800] {processor.py:840} INFO - DAG(s) 'example_params_trigger_ui' retrieved from /Users/linghuchong/miniconda3/envs/py310/lib/python3.10/site-packages/airflow/example_dags/example_params_trigger_ui.py
[2026-02-11T17:16:35.816+0800] {logging_mixin.py:188} INFO - [2026-02-11T17:16:35.816+0800] {dag.py:3047} INFO - Sync 1 DAGs
[2026-02-11T17:16:35.826+0800] {logging_mixin.py:188} INFO - [2026-02-11T17:16:35.826+0800] {dag.py:3834} INFO - Setting next_dagrun for example_params_trigger_ui to None, run_after=None
[2026-02-11T17:16:35.853+0800] {processor.py:183} INFO - Processing /Users/linghuchong/miniconda3/envs/py310/lib/python3.10/site-packages/airflow/example_dags/example_params_trigger_ui.py took 0.339 seconds
[2026-02-11T17:19:58.168+0800] {processor.py:161} INFO - Started process (PID=17873) to work on /Users/linghuchong/miniconda3/envs/py310/lib/python3.10/site-packages/airflow/example_dags/example_params_trigger_ui.py
[2026-02-11T17:19:58.170+0800] {processor.py:830} INFO - Processing file /Users/linghuchong/miniconda3/envs/py310/lib/python3.10/site-packages/airflow/example_dags/example_params_trigger_ui.py for tasks to queue
[2026-02-11T17:19:58.171+0800] {logging_mixin.py:188} INFO - [2026-02-11T17:19:58.171+0800] {dagbag.py:540} INFO - Filling up the DagBag from /Users/linghuchong/miniconda3/envs/py310/lib/python3.10/site-packages/airflow/example_dags/example_params_trigger_ui.py
[2026-02-11T17:19:58.209+0800] {processor.py:840} INFO - DAG(s) 'example_params_trigger_ui' retrieved from /Users/linghuchong/miniconda3/envs/py310/lib/python3.10/site-packages/airflow/example_dags/example_params_trigger_ui.py
[2026-02-11T17:19:58.352+0800] {logging_mixin.py:188} INFO - [2026-02-11T17:19:58.351+0800] {dag.py:3047} INFO - Sync 1 DAGs
[2026-02-11T17:19:58.362+0800] {logging_mixin.py:188} INFO - [2026-02-11T17:19:58.362+0800] {dag.py:3834} INFO - Setting next_dagrun for example_params_trigger_ui to None, run_after=None
[2026-02-11T17:19:58.383+0800] {processor.py:183} INFO - Processing /Users/linghuchong/miniconda3/envs/py310/lib/python3.10/site-packages/airflow/example_dags/example_params_trigger_ui.py took 0.216 seconds
[2026-02-11T17:22:44.938+0800] {processor.py:161} INFO - Started process (PID=17974) to work on /Users/linghuchong/miniconda3/envs/py310/lib/python3.10/site-packages/airflow/example_dags/example_params_trigger_ui.py
[2026-02-11T17:22:44.940+0800] {processor.py:830} INFO - Processing file /Users/linghuchong/miniconda3/envs/py310/lib/python3.10/site-packages/airflow/example_dags/example_params_trigger_ui.py for tasks to queue
[2026-02-11T17:22:44.940+0800] {logging_mixin.py:188} INFO - [2026-02-11T17:22:44.940+0800] {dagbag.py:540} INFO - Filling up the DagBag from /Users/linghuchong/miniconda3/envs/py310/lib/python3.10/site-packages/airflow/example_dags/example_params_trigger_ui.py
[2026-02-11T17:22:44.978+0800] {processor.py:840} INFO - DAG(s) 'example_params_trigger_ui' retrieved from /Users/linghuchong/miniconda3/envs/py310/lib/python3.10/site-packages/airflow/example_dags/example_params_trigger_ui.py
[2026-02-11T17:22:45.120+0800] {logging_mixin.py:188} INFO - [2026-02-11T17:22:45.120+0800] {dag.py:3047} INFO - Sync 1 DAGs
[2026-02-11T17:22:45.129+0800] {logging_mixin.py:188} INFO - [2026-02-11T17:22:45.129+0800] {dag.py:3834} INFO - Setting next_dagrun for example_params_trigger_ui to None, run_after=None
[2026-02-11T17:22:45.152+0800] {processor.py:183} INFO - Processing /Users/linghuchong/miniconda3/envs/py310/lib/python3.10/site-packages/airflow/example_dags/example_params_trigger_ui.py took 0.214 seconds
[2026-02-11T17:25:26.471+0800] {processor.py:161} INFO - Started process (PID=18044) to work on /Users/linghuchong/miniconda3/envs/py310/lib/python3.10/site-packages/airflow/example_dags/example_params_trigger_ui.py
[2026-02-11T17:25:26.472+0800] {processor.py:830} INFO - Processing file /Users/linghuchong/miniconda3/envs/py310/lib/python3.10/site-packages/airflow/example_dags/example_params_trigger_ui.py for tasks to queue
[2026-02-11T17:25:26.473+0800] {logging_mixin.py:188} INFO - [2026-02-11T17:25:26.473+0800] {dagbag.py:540} INFO - Filling up the DagBag from /Users/linghuchong/miniconda3/envs/py310/lib/python3.10/site-packages/airflow/example_dags/example_params_trigger_ui.py
[2026-02-11T17:25:26.518+0800] {processor.py:840} INFO - DAG(s) 'example_params_trigger_ui' retrieved from /Users/linghuchong/miniconda3/envs/py310/lib/python3.10/site-packages/airflow/example_dags/example_params_trigger_ui.py
[2026-02-11T17:25:26.672+0800] {logging_mixin.py:188} INFO - [2026-02-11T17:25:26.672+0800] {dag.py:3047} INFO - Sync 1 DAGs
[2026-02-11T17:25:26.685+0800] {logging_mixin.py:188} INFO - [2026-02-11T17:25:26.685+0800] {dag.py:3834} INFO - Setting next_dagrun for example_params_trigger_ui to None, run_after=None
[2026-02-11T17:25:26.711+0800] {processor.py:183} INFO - Processing /Users/linghuchong/miniconda3/envs/py310/lib/python3.10/site-packages/airflow/example_dags/example_params_trigger_ui.py took 0.241 seconds
[2026-02-11T17:28:07.846+0800] {processor.py:161} INFO - Started process (PID=18139) to work on /Users/linghuchong/miniconda3/envs/py310/lib/python3.10/site-packages/airflow/example_dags/example_params_trigger_ui.py
[2026-02-11T17:28:07.847+0800] {processor.py:830} INFO - Processing file /Users/linghuchong/miniconda3/envs/py310/lib/python3.10/site-packages/airflow/example_dags/example_params_trigger_ui.py for tasks to queue
[2026-02-11T17:28:07.848+0800] {logging_mixin.py:188} INFO - [2026-02-11T17:28:07.848+0800] {dagbag.py:540} INFO - Filling up the DagBag from /Users/linghuchong/miniconda3/envs/py310/lib/python3.10/site-packages/airflow/example_dags/example_params_trigger_ui.py
[2026-02-11T17:28:07.888+0800] {processor.py:840} INFO - DAG(s) 'example_params_trigger_ui' retrieved from /Users/linghuchong/miniconda3/envs/py310/lib/python3.10/site-packages/airflow/example_dags/example_params_trigger_ui.py
[2026-02-11T17:28:08.039+0800] {logging_mixin.py:188} INFO - [2026-02-11T17:28:08.039+0800] {dag.py:3047} INFO - Sync 1 DAGs
[2026-02-11T17:28:08.051+0800] {logging_mixin.py:188} INFO - [2026-02-11T17:28:08.050+0800] {dag.py:3834} INFO - Setting next_dagrun for example_params_trigger_ui to None, run_after=None
[2026-02-11T17:28:08.071+0800] {processor.py:183} INFO - Processing /Users/linghuchong/miniconda3/envs/py310/lib/python3.10/site-packages/airflow/example_dags/example_params_trigger_ui.py took 0.226 seconds
[2026-02-11T17:31:03.670+0800] {processor.py:161} INFO - Started process (PID=18251) to work on /Users/linghuchong/miniconda3/envs/py310/lib/python3.10/site-packages/airflow/example_dags/example_params_trigger_ui.py
[2026-02-11T17:31:03.672+0800] {processor.py:830} INFO - Processing file /Users/linghuchong/miniconda3/envs/py310/lib/python3.10/site-packages/airflow/example_dags/example_params_trigger_ui.py for tasks to queue
[2026-02-11T17:31:03.673+0800] {logging_mixin.py:188} INFO - [2026-02-11T17:31:03.673+0800] {dagbag.py:540} INFO - Filling up the DagBag from /Users/linghuchong/miniconda3/envs/py310/lib/python3.10/site-packages/airflow/example_dags/example_params_trigger_ui.py
[2026-02-11T17:31:03.714+0800] {processor.py:840} INFO - DAG(s) 'example_params_trigger_ui' retrieved from /Users/linghuchong/miniconda3/envs/py310/lib/python3.10/site-packages/airflow/example_dags/example_params_trigger_ui.py
[2026-02-11T17:31:03.882+0800] {logging_mixin.py:188} INFO - [2026-02-11T17:31:03.881+0800] {dag.py:3047} INFO - Sync 1 DAGs
[2026-02-11T17:31:03.894+0800] {logging_mixin.py:188} INFO - [2026-02-11T17:31:03.894+0800] {dag.py:3834} INFO - Setting next_dagrun for example_params_trigger_ui to None, run_after=None
[2026-02-11T17:31:03.916+0800] {processor.py:183} INFO - Processing /Users/linghuchong/miniconda3/envs/py310/lib/python3.10/site-packages/airflow/example_dags/example_params_trigger_ui.py took 0.247 seconds
[2026-02-11T17:34:05.152+0800] {processor.py:161} INFO - Started process (PID=18345) to work on /Users/linghuchong/miniconda3/envs/py310/lib/python3.10/site-packages/airflow/example_dags/example_params_trigger_ui.py
[2026-02-11T17:34:05.153+0800] {processor.py:830} INFO - Processing file /Users/linghuchong/miniconda3/envs/py310/lib/python3.10/site-packages/airflow/example_dags/example_params_trigger_ui.py for tasks to queue
[2026-02-11T17:34:05.154+0800] {logging_mixin.py:188} INFO - [2026-02-11T17:34:05.154+0800] {dagbag.py:540} INFO - Filling up the DagBag from /Users/linghuchong/miniconda3/envs/py310/lib/python3.10/site-packages/airflow/example_dags/example_params_trigger_ui.py
[2026-02-11T17:34:05.196+0800] {processor.py:840} INFO - DAG(s) 'example_params_trigger_ui' retrieved from /Users/linghuchong/miniconda3/envs/py310/lib/python3.10/site-packages/airflow/example_dags/example_params_trigger_ui.py
[2026-02-11T17:34:05.359+0800] {logging_mixin.py:188} INFO - [2026-02-11T17:34:05.358+0800] {dag.py:3047} INFO - Sync 1 DAGs
[2026-02-11T17:34:05.368+0800] {logging_mixin.py:188} INFO - [2026-02-11T17:34:05.368+0800] {dag.py:3834} INFO - Setting next_dagrun for example_params_trigger_ui to None, run_after=None
[2026-02-11T17:34:05.392+0800] {processor.py:183} INFO - Processing /Users/linghuchong/miniconda3/envs/py310/lib/python3.10/site-packages/airflow/example_dags/example_params_trigger_ui.py took 0.241 seconds
[2026-02-11T17:37:10.099+0800] {processor.py:161} INFO - Started process (PID=18567) to work on /Users/linghuchong/miniconda3/envs/py310/lib/python3.10/site-packages/airflow/example_dags/example_params_trigger_ui.py
[2026-02-11T17:37:10.100+0800] {processor.py:830} INFO - Processing file /Users/linghuchong/miniconda3/envs/py310/lib/python3.10/site-packages/airflow/example_dags/example_params_trigger_ui.py for tasks to queue
[2026-02-11T17:37:10.101+0800] {logging_mixin.py:188} INFO - [2026-02-11T17:37:10.101+0800] {dagbag.py:540} INFO - Filling up the DagBag from /Users/linghuchong/miniconda3/envs/py310/lib/python3.10/site-packages/airflow/example_dags/example_params_trigger_ui.py
[2026-02-11T17:37:10.145+0800] {processor.py:840} INFO - DAG(s) 'example_params_trigger_ui' retrieved from /Users/linghuchong/miniconda3/envs/py310/lib/python3.10/site-packages/airflow/example_dags/example_params_trigger_ui.py
[2026-02-11T17:37:10.340+0800] {logging_mixin.py:188} INFO - [2026-02-11T17:37:10.339+0800] {dag.py:3047} INFO - Sync 1 DAGs
[2026-02-11T17:37:10.357+0800] {logging_mixin.py:188} INFO - [2026-02-11T17:37:10.356+0800] {dag.py:3834} INFO - Setting next_dagrun for example_params_trigger_ui to None, run_after=None
[2026-02-11T17:37:10.381+0800] {processor.py:183} INFO - Processing /Users/linghuchong/miniconda3/envs/py310/lib/python3.10/site-packages/airflow/example_dags/example_params_trigger_ui.py took 0.284 seconds
[2026-02-11T17:40:15.733+0800] {processor.py:161} INFO - Started process (PID=18851) to work on /Users/linghuchong/miniconda3/envs/py310/lib/python3.10/site-packages/airflow/example_dags/example_params_trigger_ui.py
[2026-02-11T17:40:15.734+0800] {processor.py:830} INFO - Processing file /Users/linghuchong/miniconda3/envs/py310/lib/python3.10/site-packages/airflow/example_dags/example_params_trigger_ui.py for tasks to queue
[2026-02-11T17:40:15.735+0800] {logging_mixin.py:188} INFO - [2026-02-11T17:40:15.735+0800] {dagbag.py:540} INFO - Filling up the DagBag from /Users/linghuchong/miniconda3/envs/py310/lib/python3.10/site-packages/airflow/example_dags/example_params_trigger_ui.py
[2026-02-11T17:40:15.832+0800] {processor.py:840} INFO - DAG(s) 'example_params_trigger_ui' retrieved from /Users/linghuchong/miniconda3/envs/py310/lib/python3.10/site-packages/airflow/example_dags/example_params_trigger_ui.py
[2026-02-11T17:40:16.057+0800] {logging_mixin.py:188} INFO - [2026-02-11T17:40:16.056+0800] {dag.py:3047} INFO - Sync 1 DAGs
[2026-02-11T17:40:16.067+0800] {logging_mixin.py:188} INFO - [2026-02-11T17:40:16.067+0800] {dag.py:3834} INFO - Setting next_dagrun for example_params_trigger_ui to None, run_after=None
[2026-02-11T17:40:16.095+0800] {processor.py:183} INFO - Processing /Users/linghuchong/miniconda3/envs/py310/lib/python3.10/site-packages/airflow/example_dags/example_params_trigger_ui.py took 0.363 seconds
[2026-02-11T17:43:21.604+0800] {processor.py:161} INFO - Started process (PID=19245) to work on /Users/linghuchong/miniconda3/envs/py310/lib/python3.10/site-packages/airflow/example_dags/example_params_trigger_ui.py
[2026-02-11T17:43:21.606+0800] {processor.py:830} INFO - Processing file /Users/linghuchong/miniconda3/envs/py310/lib/python3.10/site-packages/airflow/example_dags/example_params_trigger_ui.py for tasks to queue
[2026-02-11T17:43:21.607+0800] {logging_mixin.py:188} INFO - [2026-02-11T17:43:21.607+0800] {dagbag.py:540} INFO - Filling up the DagBag from /Users/linghuchong/miniconda3/envs/py310/lib/python3.10/site-packages/airflow/example_dags/example_params_trigger_ui.py
[2026-02-11T17:43:21.650+0800] {processor.py:840} INFO - DAG(s) 'example_params_trigger_ui' retrieved from /Users/linghuchong/miniconda3/envs/py310/lib/python3.10/site-packages/airflow/example_dags/example_params_trigger_ui.py
[2026-02-11T17:43:21.816+0800] {logging_mixin.py:188} INFO - [2026-02-11T17:43:21.815+0800] {dag.py:3047} INFO - Sync 1 DAGs
[2026-02-11T17:43:21.828+0800] {logging_mixin.py:188} INFO - [2026-02-11T17:43:21.828+0800] {dag.py:3834} INFO - Setting next_dagrun for example_params_trigger_ui to None, run_after=None
[2026-02-11T17:43:21.855+0800] {processor.py:183} INFO - Processing /Users/linghuchong/miniconda3/envs/py310/lib/python3.10/site-packages/airflow/example_dags/example_params_trigger_ui.py took 0.252 seconds
[2026-02-11T17:46:29.092+0800] {processor.py:161} INFO - Started process (PID=19676) to work on /Users/linghuchong/miniconda3/envs/py310/lib/python3.10/site-packages/airflow/example_dags/example_params_trigger_ui.py
[2026-02-11T17:46:29.093+0800] {processor.py:830} INFO - Processing file /Users/linghuchong/miniconda3/envs/py310/lib/python3.10/site-packages/airflow/example_dags/example_params_trigger_ui.py for tasks to queue
[2026-02-11T17:46:29.094+0800] {logging_mixin.py:188} INFO - [2026-02-11T17:46:29.094+0800] {dagbag.py:540} INFO - Filling up the DagBag from /Users/linghuchong/miniconda3/envs/py310/lib/python3.10/site-packages/airflow/example_dags/example_params_trigger_ui.py
[2026-02-11T17:46:29.132+0800] {processor.py:840} INFO - DAG(s) 'example_params_trigger_ui' retrieved from /Users/linghuchong/miniconda3/envs/py310/lib/python3.10/site-packages/airflow/example_dags/example_params_trigger_ui.py
[2026-02-11T17:46:29.280+0800] {logging_mixin.py:188} INFO - [2026-02-11T17:46:29.280+0800] {dag.py:3047} INFO - Sync 1 DAGs
[2026-02-11T17:46:29.290+0800] {logging_mixin.py:188} INFO - [2026-02-11T17:46:29.290+0800] {dag.py:3834} INFO - Setting next_dagrun for example_params_trigger_ui to None, run_after=None
[2026-02-11T17:46:29.312+0800] {processor.py:183} INFO - Processing /Users/linghuchong/miniconda3/envs/py310/lib/python3.10/site-packages/airflow/example_dags/example_params_trigger_ui.py took 0.221 seconds
[2026-02-11T17:49:30.912+0800] {processor.py:161} INFO - Started process (PID=19821) to work on /Users/linghuchong/miniconda3/envs/py310/lib/python3.10/site-packages/airflow/example_dags/example_params_trigger_ui.py
[2026-02-11T17:49:30.915+0800] {processor.py:830} INFO - Processing file /Users/linghuchong/miniconda3/envs/py310/lib/python3.10/site-packages/airflow/example_dags/example_params_trigger_ui.py for tasks to queue
[2026-02-11T17:49:30.916+0800] {logging_mixin.py:188} INFO - [2026-02-11T17:49:30.916+0800] {dagbag.py:540} INFO - Filling up the DagBag from /Users/linghuchong/miniconda3/envs/py310/lib/python3.10/site-packages/airflow/example_dags/example_params_trigger_ui.py
[2026-02-11T17:49:30.956+0800] {processor.py:840} INFO - DAG(s) 'example_params_trigger_ui' retrieved from /Users/linghuchong/miniconda3/envs/py310/lib/python3.10/site-packages/airflow/example_dags/example_params_trigger_ui.py
[2026-02-11T17:49:31.129+0800] {logging_mixin.py:188} INFO - [2026-02-11T17:49:31.128+0800] {dag.py:3047} INFO - Sync 1 DAGs
[2026-02-11T17:49:31.145+0800] {logging_mixin.py:188} INFO - [2026-02-11T17:49:31.145+0800] {dag.py:3834} INFO - Setting next_dagrun for example_params_trigger_ui to None, run_after=None
[2026-02-11T17:49:31.181+0800] {processor.py:183} INFO - Processing /Users/linghuchong/miniconda3/envs/py310/lib/python3.10/site-packages/airflow/example_dags/example_params_trigger_ui.py took 0.270 seconds
[2026-02-11T17:52:37.477+0800] {processor.py:161} INFO - Started process (PID=19911) to work on /Users/linghuchong/miniconda3/envs/py310/lib/python3.10/site-packages/airflow/example_dags/example_params_trigger_ui.py
[2026-02-11T17:52:37.478+0800] {processor.py:830} INFO - Processing file /Users/linghuchong/miniconda3/envs/py310/lib/python3.10/site-packages/airflow/example_dags/example_params_trigger_ui.py for tasks to queue
[2026-02-11T17:52:37.479+0800] {logging_mixin.py:188} INFO - [2026-02-11T17:52:37.478+0800] {dagbag.py:540} INFO - Filling up the DagBag from /Users/linghuchong/miniconda3/envs/py310/lib/python3.10/site-packages/airflow/example_dags/example_params_trigger_ui.py
[2026-02-11T17:52:37.520+0800] {processor.py:840} INFO - DAG(s) 'example_params_trigger_ui' retrieved from /Users/linghuchong/miniconda3/envs/py310/lib/python3.10/site-packages/airflow/example_dags/example_params_trigger_ui.py
[2026-02-11T17:52:37.674+0800] {logging_mixin.py:188} INFO - [2026-02-11T17:52:37.674+0800] {dag.py:3047} INFO - Sync 1 DAGs
[2026-02-11T17:52:37.685+0800] {logging_mixin.py:188} INFO - [2026-02-11T17:52:37.685+0800] {dag.py:3834} INFO - Setting next_dagrun for example_params_trigger_ui to None, run_after=None
[2026-02-11T17:52:37.709+0800] {processor.py:183} INFO - Processing /Users/linghuchong/miniconda3/envs/py310/lib/python3.10/site-packages/airflow/example_dags/example_params_trigger_ui.py took 0.233 seconds
[2026-02-11T17:55:41.886+0800] {processor.py:161} INFO - Started process (PID=20044) to work on /Users/linghuchong/miniconda3/envs/py310/lib/python3.10/site-packages/airflow/example_dags/example_params_trigger_ui.py
[2026-02-11T17:55:41.889+0800] {processor.py:830} INFO - Processing file /Users/linghuchong/miniconda3/envs/py310/lib/python3.10/site-packages/airflow/example_dags/example_params_trigger_ui.py for tasks to queue
[2026-02-11T17:55:41.890+0800] {logging_mixin.py:188} INFO - [2026-02-11T17:55:41.890+0800] {dagbag.py:540} INFO - Filling up the DagBag from /Users/linghuchong/miniconda3/envs/py310/lib/python3.10/site-packages/airflow/example_dags/example_params_trigger_ui.py
[2026-02-11T17:55:41.931+0800] {processor.py:840} INFO - DAG(s) 'example_params_trigger_ui' retrieved from /Users/linghuchong/miniconda3/envs/py310/lib/python3.10/site-packages/airflow/example_dags/example_params_trigger_ui.py
[2026-02-11T17:55:42.083+0800] {logging_mixin.py:188} INFO - [2026-02-11T17:55:42.082+0800] {dag.py:3047} INFO - Sync 1 DAGs
[2026-02-11T17:55:42.093+0800] {logging_mixin.py:188} INFO - [2026-02-11T17:55:42.092+0800] {dag.py:3834} INFO - Setting next_dagrun for example_params_trigger_ui to None, run_after=None
[2026-02-11T17:55:42.115+0800] {processor.py:183} INFO - Processing /Users/linghuchong/miniconda3/envs/py310/lib/python3.10/site-packages/airflow/example_dags/example_params_trigger_ui.py took 0.230 seconds
[2026-02-11T17:58:50.255+0800] {processor.py:161} INFO - Started process (PID=20133) to work on /Users/linghuchong/miniconda3/envs/py310/lib/python3.10/site-packages/airflow/example_dags/example_params_trigger_ui.py
[2026-02-11T17:58:50.258+0800] {processor.py:830} INFO - Processing file /Users/linghuchong/miniconda3/envs/py310/lib/python3.10/site-packages/airflow/example_dags/example_params_trigger_ui.py for tasks to queue
[2026-02-11T17:58:50.259+0800] {logging_mixin.py:188} INFO - [2026-02-11T17:58:50.259+0800] {dagbag.py:540} INFO - Filling up the DagBag from /Users/linghuchong/miniconda3/envs/py310/lib/python3.10/site-packages/airflow/example_dags/example_params_trigger_ui.py
[2026-02-11T17:58:50.299+0800] {processor.py:840} INFO - DAG(s) 'example_params_trigger_ui' retrieved from /Users/linghuchong/miniconda3/envs/py310/lib/python3.10/site-packages/airflow/example_dags/example_params_trigger_ui.py
[2026-02-11T17:58:50.448+0800] {logging_mixin.py:188} INFO - [2026-02-11T17:58:50.447+0800] {dag.py:3047} INFO - Sync 1 DAGs
[2026-02-11T17:58:50.457+0800] {logging_mixin.py:188} INFO - [2026-02-11T17:58:50.457+0800] {dag.py:3834} INFO - Setting next_dagrun for example_params_trigger_ui to None, run_after=None
[2026-02-11T17:58:50.477+0800] {processor.py:183} INFO - Processing /Users/linghuchong/miniconda3/envs/py310/lib/python3.10/site-packages/airflow/example_dags/example_params_trigger_ui.py took 0.223 seconds
[2026-02-11T18:02:10.362+0800] {processor.py:161} INFO - Started process (PID=20400) to work on /Users/linghuchong/miniconda3/envs/py310/lib/python3.10/site-packages/airflow/example_dags/example_params_trigger_ui.py
[2026-02-11T18:02:10.365+0800] {processor.py:830} INFO - Processing file /Users/linghuchong/miniconda3/envs/py310/lib/python3.10/site-packages/airflow/example_dags/example_params_trigger_ui.py for tasks to queue
[2026-02-11T18:02:10.366+0800] {logging_mixin.py:188} INFO - [2026-02-11T18:02:10.366+0800] {dagbag.py:540} INFO - Filling up the DagBag from /Users/linghuchong/miniconda3/envs/py310/lib/python3.10/site-packages/airflow/example_dags/example_params_trigger_ui.py
[2026-02-11T18:02:10.415+0800] {processor.py:840} INFO - DAG(s) 'example_params_trigger_ui' retrieved from /Users/linghuchong/miniconda3/envs/py310/lib/python3.10/site-packages/airflow/example_dags/example_params_trigger_ui.py
[2026-02-11T18:02:10.704+0800] {logging_mixin.py:188} INFO - [2026-02-11T18:02:10.704+0800] {dag.py:3047} INFO - Sync 1 DAGs
[2026-02-11T18:02:10.716+0800] {logging_mixin.py:188} INFO - [2026-02-11T18:02:10.716+0800] {dag.py:3834} INFO - Setting next_dagrun for example_params_trigger_ui to None, run_after=None
[2026-02-11T18:02:10.741+0800] {processor.py:183} INFO - Processing /Users/linghuchong/miniconda3/envs/py310/lib/python3.10/site-packages/airflow/example_dags/example_params_trigger_ui.py took 0.380 seconds
