[2026-02-11T12:18:00.846+0800] {processor.py:161} INFO - Started process (PID=8173) to work on /Users/linghuchong/miniconda3/envs/py310/lib/python3.10/site-packages/airflow/example_dags/example_task_group_decorator.py
[2026-02-11T12:18:00.847+0800] {processor.py:830} INFO - Processing file /Users/linghuchong/miniconda3/envs/py310/lib/python3.10/site-packages/airflow/example_dags/example_task_group_decorator.py for tasks to queue
[2026-02-11T12:18:00.848+0800] {logging_mixin.py:188} INFO - [2026-02-11T12:18:00.848+0800] {dagbag.py:540} INFO - Filling up the DagBag from /Users/linghuchong/miniconda3/envs/py310/lib/python3.10/site-packages/airflow/example_dags/example_task_group_decorator.py
[2026-02-11T12:18:00.894+0800] {processor.py:840} INFO - DAG(s) 'example_task_group_decorator' retrieved from /Users/linghuchong/miniconda3/envs/py310/lib/python3.10/site-packages/airflow/example_dags/example_task_group_decorator.py
[2026-02-11T12:18:01.143+0800] {logging_mixin.py:188} INFO - [2026-02-11T12:18:01.142+0800] {override.py:1769} INFO - Created Permission View: can read on DAG:example_task_group_decorator
[2026-02-11T12:18:01.152+0800] {logging_mixin.py:188} INFO - [2026-02-11T12:18:01.152+0800] {override.py:1769} INFO - Created Permission View: can delete on DAG:example_task_group_decorator
[2026-02-11T12:18:01.159+0800] {logging_mixin.py:188} INFO - [2026-02-11T12:18:01.158+0800] {override.py:1769} INFO - Created Permission View: can edit on DAG:example_task_group_decorator
[2026-02-11T12:18:01.159+0800] {logging_mixin.py:188} INFO - [2026-02-11T12:18:01.159+0800] {dag.py:3047} INFO - Sync 1 DAGs
[2026-02-11T12:18:01.170+0800] {logging_mixin.py:188} INFO - [2026-02-11T12:18:01.170+0800] {dag.py:3069} INFO - Creating ORM DAG for example_task_group_decorator
[2026-02-11T12:18:01.179+0800] {logging_mixin.py:188} INFO - [2026-02-11T12:18:01.179+0800] {dag.py:3834} INFO - Setting next_dagrun for example_task_group_decorator to 2026-02-10 00:00:00+00:00, run_after=2026-02-11 00:00:00+00:00
[2026-02-11T12:18:01.199+0800] {processor.py:183} INFO - Processing /Users/linghuchong/miniconda3/envs/py310/lib/python3.10/site-packages/airflow/example_dags/example_task_group_decorator.py took 0.354 seconds
[2026-02-11T12:21:24.235+0800] {processor.py:161} INFO - Started process (PID=8317) to work on /Users/linghuchong/miniconda3/envs/py310/lib/python3.10/site-packages/airflow/example_dags/example_task_group_decorator.py
[2026-02-11T12:21:24.238+0800] {processor.py:830} INFO - Processing file /Users/linghuchong/miniconda3/envs/py310/lib/python3.10/site-packages/airflow/example_dags/example_task_group_decorator.py for tasks to queue
[2026-02-11T12:21:24.239+0800] {logging_mixin.py:188} INFO - [2026-02-11T12:21:24.239+0800] {dagbag.py:540} INFO - Filling up the DagBag from /Users/linghuchong/miniconda3/envs/py310/lib/python3.10/site-packages/airflow/example_dags/example_task_group_decorator.py
[2026-02-11T12:21:24.291+0800] {processor.py:840} INFO - DAG(s) 'example_task_group_decorator' retrieved from /Users/linghuchong/miniconda3/envs/py310/lib/python3.10/site-packages/airflow/example_dags/example_task_group_decorator.py
[2026-02-11T12:21:24.408+0800] {logging_mixin.py:188} INFO - [2026-02-11T12:21:24.408+0800] {dag.py:3047} INFO - Sync 1 DAGs
[2026-02-11T12:21:24.428+0800] {logging_mixin.py:188} INFO - [2026-02-11T12:21:24.428+0800] {dag.py:3834} INFO - Setting next_dagrun for example_task_group_decorator to 2026-02-10 00:00:00+00:00, run_after=2026-02-11 00:00:00+00:00
[2026-02-11T12:21:24.445+0800] {processor.py:183} INFO - Processing /Users/linghuchong/miniconda3/envs/py310/lib/python3.10/site-packages/airflow/example_dags/example_task_group_decorator.py took 0.211 seconds
[2026-02-11T12:24:06.233+0800] {processor.py:161} INFO - Started process (PID=8411) to work on /Users/linghuchong/miniconda3/envs/py310/lib/python3.10/site-packages/airflow/example_dags/example_task_group_decorator.py
[2026-02-11T12:24:06.234+0800] {processor.py:830} INFO - Processing file /Users/linghuchong/miniconda3/envs/py310/lib/python3.10/site-packages/airflow/example_dags/example_task_group_decorator.py for tasks to queue
[2026-02-11T12:24:06.235+0800] {logging_mixin.py:188} INFO - [2026-02-11T12:24:06.235+0800] {dagbag.py:540} INFO - Filling up the DagBag from /Users/linghuchong/miniconda3/envs/py310/lib/python3.10/site-packages/airflow/example_dags/example_task_group_decorator.py
[2026-02-11T12:24:06.286+0800] {processor.py:840} INFO - DAG(s) 'example_task_group_decorator' retrieved from /Users/linghuchong/miniconda3/envs/py310/lib/python3.10/site-packages/airflow/example_dags/example_task_group_decorator.py
[2026-02-11T12:24:06.503+0800] {logging_mixin.py:188} INFO - [2026-02-11T12:24:06.502+0800] {dag.py:3047} INFO - Sync 1 DAGs
[2026-02-11T12:24:06.530+0800] {logging_mixin.py:188} INFO - [2026-02-11T12:24:06.530+0800] {dag.py:3834} INFO - Setting next_dagrun for example_task_group_decorator to 2026-02-10 00:00:00+00:00, run_after=2026-02-11 00:00:00+00:00
[2026-02-11T12:24:06.550+0800] {processor.py:183} INFO - Processing /Users/linghuchong/miniconda3/envs/py310/lib/python3.10/site-packages/airflow/example_dags/example_task_group_decorator.py took 0.318 seconds
[2026-02-11T12:26:45.514+0800] {processor.py:161} INFO - Started process (PID=8472) to work on /Users/linghuchong/miniconda3/envs/py310/lib/python3.10/site-packages/airflow/example_dags/example_task_group_decorator.py
[2026-02-11T12:26:45.516+0800] {processor.py:830} INFO - Processing file /Users/linghuchong/miniconda3/envs/py310/lib/python3.10/site-packages/airflow/example_dags/example_task_group_decorator.py for tasks to queue
[2026-02-11T12:26:45.517+0800] {logging_mixin.py:188} INFO - [2026-02-11T12:26:45.517+0800] {dagbag.py:540} INFO - Filling up the DagBag from /Users/linghuchong/miniconda3/envs/py310/lib/python3.10/site-packages/airflow/example_dags/example_task_group_decorator.py
[2026-02-11T12:26:45.558+0800] {processor.py:840} INFO - DAG(s) 'example_task_group_decorator' retrieved from /Users/linghuchong/miniconda3/envs/py310/lib/python3.10/site-packages/airflow/example_dags/example_task_group_decorator.py
[2026-02-11T12:26:45.675+0800] {logging_mixin.py:188} INFO - [2026-02-11T12:26:45.675+0800] {dag.py:3047} INFO - Sync 1 DAGs
[2026-02-11T12:26:45.695+0800] {logging_mixin.py:188} INFO - [2026-02-11T12:26:45.694+0800] {dag.py:3834} INFO - Setting next_dagrun for example_task_group_decorator to 2026-02-10 00:00:00+00:00, run_after=2026-02-11 00:00:00+00:00
[2026-02-11T12:26:45.711+0800] {processor.py:183} INFO - Processing /Users/linghuchong/miniconda3/envs/py310/lib/python3.10/site-packages/airflow/example_dags/example_task_group_decorator.py took 0.198 seconds
[2026-02-11T12:29:10.210+0800] {processor.py:161} INFO - Started process (PID=8531) to work on /Users/linghuchong/miniconda3/envs/py310/lib/python3.10/site-packages/airflow/example_dags/example_task_group_decorator.py
[2026-02-11T12:29:10.213+0800] {processor.py:830} INFO - Processing file /Users/linghuchong/miniconda3/envs/py310/lib/python3.10/site-packages/airflow/example_dags/example_task_group_decorator.py for tasks to queue
[2026-02-11T12:29:10.214+0800] {logging_mixin.py:188} INFO - [2026-02-11T12:29:10.214+0800] {dagbag.py:540} INFO - Filling up the DagBag from /Users/linghuchong/miniconda3/envs/py310/lib/python3.10/site-packages/airflow/example_dags/example_task_group_decorator.py
[2026-02-11T12:29:10.256+0800] {processor.py:840} INFO - DAG(s) 'example_task_group_decorator' retrieved from /Users/linghuchong/miniconda3/envs/py310/lib/python3.10/site-packages/airflow/example_dags/example_task_group_decorator.py
[2026-02-11T12:29:10.374+0800] {logging_mixin.py:188} INFO - [2026-02-11T12:29:10.374+0800] {dag.py:3047} INFO - Sync 1 DAGs
[2026-02-11T12:29:10.393+0800] {logging_mixin.py:188} INFO - [2026-02-11T12:29:10.393+0800] {dag.py:3834} INFO - Setting next_dagrun for example_task_group_decorator to 2026-02-10 00:00:00+00:00, run_after=2026-02-11 00:00:00+00:00
[2026-02-11T12:29:10.413+0800] {processor.py:183} INFO - Processing /Users/linghuchong/miniconda3/envs/py310/lib/python3.10/site-packages/airflow/example_dags/example_task_group_decorator.py took 0.204 seconds
[2026-02-11T13:10:17.208+0800] {processor.py:161} INFO - Started process (PID=8650) to work on /Users/linghuchong/miniconda3/envs/py310/lib/python3.10/site-packages/airflow/example_dags/example_task_group_decorator.py
[2026-02-11T13:10:17.211+0800] {processor.py:830} INFO - Processing file /Users/linghuchong/miniconda3/envs/py310/lib/python3.10/site-packages/airflow/example_dags/example_task_group_decorator.py for tasks to queue
[2026-02-11T13:10:17.212+0800] {logging_mixin.py:188} INFO - [2026-02-11T13:10:17.211+0800] {dagbag.py:540} INFO - Filling up the DagBag from /Users/linghuchong/miniconda3/envs/py310/lib/python3.10/site-packages/airflow/example_dags/example_task_group_decorator.py
[2026-02-11T13:10:17.256+0800] {processor.py:840} INFO - DAG(s) 'example_task_group_decorator' retrieved from /Users/linghuchong/miniconda3/envs/py310/lib/python3.10/site-packages/airflow/example_dags/example_task_group_decorator.py
[2026-02-11T13:10:17.383+0800] {logging_mixin.py:188} INFO - [2026-02-11T13:10:17.382+0800] {dag.py:3047} INFO - Sync 1 DAGs
[2026-02-11T13:10:17.404+0800] {logging_mixin.py:188} INFO - [2026-02-11T13:10:17.404+0800] {dag.py:3834} INFO - Setting next_dagrun for example_task_group_decorator to 2026-02-10 00:00:00+00:00, run_after=2026-02-11 00:00:00+00:00
[2026-02-11T13:10:17.423+0800] {processor.py:183} INFO - Processing /Users/linghuchong/miniconda3/envs/py310/lib/python3.10/site-packages/airflow/example_dags/example_task_group_decorator.py took 0.215 seconds
[2026-02-11T13:20:26.034+0800] {processor.py:161} INFO - Started process (PID=9103) to work on /Users/linghuchong/miniconda3/envs/py310/lib/python3.10/site-packages/airflow/example_dags/example_task_group_decorator.py
[2026-02-11T13:20:26.035+0800] {processor.py:830} INFO - Processing file /Users/linghuchong/miniconda3/envs/py310/lib/python3.10/site-packages/airflow/example_dags/example_task_group_decorator.py for tasks to queue
[2026-02-11T13:20:26.036+0800] {logging_mixin.py:188} INFO - [2026-02-11T13:20:26.036+0800] {dagbag.py:540} INFO - Filling up the DagBag from /Users/linghuchong/miniconda3/envs/py310/lib/python3.10/site-packages/airflow/example_dags/example_task_group_decorator.py
[2026-02-11T13:20:26.088+0800] {processor.py:840} INFO - DAG(s) 'example_task_group_decorator' retrieved from /Users/linghuchong/miniconda3/envs/py310/lib/python3.10/site-packages/airflow/example_dags/example_task_group_decorator.py
[2026-02-11T13:20:26.220+0800] {logging_mixin.py:188} INFO - [2026-02-11T13:20:26.220+0800] {dag.py:3047} INFO - Sync 1 DAGs
[2026-02-11T13:20:26.240+0800] {logging_mixin.py:188} INFO - [2026-02-11T13:20:26.240+0800] {dag.py:3834} INFO - Setting next_dagrun for example_task_group_decorator to 2026-02-10 00:00:00+00:00, run_after=2026-02-11 00:00:00+00:00
[2026-02-11T13:20:26.259+0800] {processor.py:183} INFO - Processing /Users/linghuchong/miniconda3/envs/py310/lib/python3.10/site-packages/airflow/example_dags/example_task_group_decorator.py took 0.226 seconds
[2026-02-11T13:23:45.608+0800] {processor.py:161} INFO - Started process (PID=9229) to work on /Users/linghuchong/miniconda3/envs/py310/lib/python3.10/site-packages/airflow/example_dags/example_task_group_decorator.py
[2026-02-11T13:23:45.611+0800] {processor.py:830} INFO - Processing file /Users/linghuchong/miniconda3/envs/py310/lib/python3.10/site-packages/airflow/example_dags/example_task_group_decorator.py for tasks to queue
[2026-02-11T13:23:45.612+0800] {logging_mixin.py:188} INFO - [2026-02-11T13:23:45.612+0800] {dagbag.py:540} INFO - Filling up the DagBag from /Users/linghuchong/miniconda3/envs/py310/lib/python3.10/site-packages/airflow/example_dags/example_task_group_decorator.py
[2026-02-11T13:23:45.669+0800] {processor.py:840} INFO - DAG(s) 'example_task_group_decorator' retrieved from /Users/linghuchong/miniconda3/envs/py310/lib/python3.10/site-packages/airflow/example_dags/example_task_group_decorator.py
[2026-02-11T13:23:45.800+0800] {logging_mixin.py:188} INFO - [2026-02-11T13:23:45.799+0800] {dag.py:3047} INFO - Sync 1 DAGs
[2026-02-11T13:23:45.821+0800] {logging_mixin.py:188} INFO - [2026-02-11T13:23:45.821+0800] {dag.py:3834} INFO - Setting next_dagrun for example_task_group_decorator to 2026-02-10 00:00:00+00:00, run_after=2026-02-11 00:00:00+00:00
[2026-02-11T13:23:45.839+0800] {processor.py:183} INFO - Processing /Users/linghuchong/miniconda3/envs/py310/lib/python3.10/site-packages/airflow/example_dags/example_task_group_decorator.py took 0.232 seconds
[2026-02-11T13:26:31.334+0800] {processor.py:161} INFO - Started process (PID=9314) to work on /Users/linghuchong/miniconda3/envs/py310/lib/python3.10/site-packages/airflow/example_dags/example_task_group_decorator.py
[2026-02-11T13:26:31.336+0800] {processor.py:830} INFO - Processing file /Users/linghuchong/miniconda3/envs/py310/lib/python3.10/site-packages/airflow/example_dags/example_task_group_decorator.py for tasks to queue
[2026-02-11T13:26:31.336+0800] {logging_mixin.py:188} INFO - [2026-02-11T13:26:31.336+0800] {dagbag.py:540} INFO - Filling up the DagBag from /Users/linghuchong/miniconda3/envs/py310/lib/python3.10/site-packages/airflow/example_dags/example_task_group_decorator.py
[2026-02-11T13:26:31.383+0800] {processor.py:840} INFO - DAG(s) 'example_task_group_decorator' retrieved from /Users/linghuchong/miniconda3/envs/py310/lib/python3.10/site-packages/airflow/example_dags/example_task_group_decorator.py
[2026-02-11T13:26:31.501+0800] {logging_mixin.py:188} INFO - [2026-02-11T13:26:31.500+0800] {dag.py:3047} INFO - Sync 1 DAGs
[2026-02-11T13:26:31.519+0800] {logging_mixin.py:188} INFO - [2026-02-11T13:26:31.519+0800] {dag.py:3834} INFO - Setting next_dagrun for example_task_group_decorator to 2026-02-10 00:00:00+00:00, run_after=2026-02-11 00:00:00+00:00
[2026-02-11T13:26:31.540+0800] {processor.py:183} INFO - Processing /Users/linghuchong/miniconda3/envs/py310/lib/python3.10/site-packages/airflow/example_dags/example_task_group_decorator.py took 0.206 seconds
[2026-02-11T13:29:21.317+0800] {processor.py:161} INFO - Started process (PID=9399) to work on /Users/linghuchong/miniconda3/envs/py310/lib/python3.10/site-packages/airflow/example_dags/example_task_group_decorator.py
[2026-02-11T13:29:21.320+0800] {processor.py:830} INFO - Processing file /Users/linghuchong/miniconda3/envs/py310/lib/python3.10/site-packages/airflow/example_dags/example_task_group_decorator.py for tasks to queue
[2026-02-11T13:29:21.321+0800] {logging_mixin.py:188} INFO - [2026-02-11T13:29:21.321+0800] {dagbag.py:540} INFO - Filling up the DagBag from /Users/linghuchong/miniconda3/envs/py310/lib/python3.10/site-packages/airflow/example_dags/example_task_group_decorator.py
[2026-02-11T13:29:21.366+0800] {processor.py:840} INFO - DAG(s) 'example_task_group_decorator' retrieved from /Users/linghuchong/miniconda3/envs/py310/lib/python3.10/site-packages/airflow/example_dags/example_task_group_decorator.py
[2026-02-11T13:29:21.499+0800] {logging_mixin.py:188} INFO - [2026-02-11T13:29:21.499+0800] {dag.py:3047} INFO - Sync 1 DAGs
[2026-02-11T13:29:21.520+0800] {logging_mixin.py:188} INFO - [2026-02-11T13:29:21.520+0800] {dag.py:3834} INFO - Setting next_dagrun for example_task_group_decorator to 2026-02-10 00:00:00+00:00, run_after=2026-02-11 00:00:00+00:00
[2026-02-11T13:29:21.540+0800] {processor.py:183} INFO - Processing /Users/linghuchong/miniconda3/envs/py310/lib/python3.10/site-packages/airflow/example_dags/example_task_group_decorator.py took 0.224 seconds
[2026-02-11T13:32:15.933+0800] {processor.py:161} INFO - Started process (PID=9492) to work on /Users/linghuchong/miniconda3/envs/py310/lib/python3.10/site-packages/airflow/example_dags/example_task_group_decorator.py
[2026-02-11T13:32:15.934+0800] {processor.py:830} INFO - Processing file /Users/linghuchong/miniconda3/envs/py310/lib/python3.10/site-packages/airflow/example_dags/example_task_group_decorator.py for tasks to queue
[2026-02-11T13:32:15.935+0800] {logging_mixin.py:188} INFO - [2026-02-11T13:32:15.935+0800] {dagbag.py:540} INFO - Filling up the DagBag from /Users/linghuchong/miniconda3/envs/py310/lib/python3.10/site-packages/airflow/example_dags/example_task_group_decorator.py
[2026-02-11T13:32:15.981+0800] {processor.py:840} INFO - DAG(s) 'example_task_group_decorator' retrieved from /Users/linghuchong/miniconda3/envs/py310/lib/python3.10/site-packages/airflow/example_dags/example_task_group_decorator.py
[2026-02-11T13:32:16.129+0800] {logging_mixin.py:188} INFO - [2026-02-11T13:32:16.128+0800] {dag.py:3047} INFO - Sync 1 DAGs
[2026-02-11T13:32:16.154+0800] {logging_mixin.py:188} INFO - [2026-02-11T13:32:16.154+0800] {dag.py:3834} INFO - Setting next_dagrun for example_task_group_decorator to 2026-02-10 00:00:00+00:00, run_after=2026-02-11 00:00:00+00:00
[2026-02-11T13:32:16.185+0800] {processor.py:183} INFO - Processing /Users/linghuchong/miniconda3/envs/py310/lib/python3.10/site-packages/airflow/example_dags/example_task_group_decorator.py took 0.253 seconds
[2026-02-11T13:35:11.062+0800] {processor.py:161} INFO - Started process (PID=9596) to work on /Users/linghuchong/miniconda3/envs/py310/lib/python3.10/site-packages/airflow/example_dags/example_task_group_decorator.py
[2026-02-11T13:35:11.063+0800] {processor.py:830} INFO - Processing file /Users/linghuchong/miniconda3/envs/py310/lib/python3.10/site-packages/airflow/example_dags/example_task_group_decorator.py for tasks to queue
[2026-02-11T13:35:11.064+0800] {logging_mixin.py:188} INFO - [2026-02-11T13:35:11.064+0800] {dagbag.py:540} INFO - Filling up the DagBag from /Users/linghuchong/miniconda3/envs/py310/lib/python3.10/site-packages/airflow/example_dags/example_task_group_decorator.py
[2026-02-11T13:35:11.117+0800] {processor.py:840} INFO - DAG(s) 'example_task_group_decorator' retrieved from /Users/linghuchong/miniconda3/envs/py310/lib/python3.10/site-packages/airflow/example_dags/example_task_group_decorator.py
[2026-02-11T13:35:11.243+0800] {logging_mixin.py:188} INFO - [2026-02-11T13:35:11.243+0800] {dag.py:3047} INFO - Sync 1 DAGs
[2026-02-11T13:35:11.263+0800] {logging_mixin.py:188} INFO - [2026-02-11T13:35:11.263+0800] {dag.py:3834} INFO - Setting next_dagrun for example_task_group_decorator to 2026-02-10 00:00:00+00:00, run_after=2026-02-11 00:00:00+00:00
[2026-02-11T13:35:11.283+0800] {processor.py:183} INFO - Processing /Users/linghuchong/miniconda3/envs/py310/lib/python3.10/site-packages/airflow/example_dags/example_task_group_decorator.py took 0.221 seconds
[2026-02-11T16:18:07.220+0800] {processor.py:161} INFO - Started process (PID=14379) to work on /Users/linghuchong/miniconda3/envs/py310/lib/python3.10/site-packages/airflow/example_dags/example_task_group_decorator.py
[2026-02-11T16:18:07.221+0800] {processor.py:830} INFO - Processing file /Users/linghuchong/miniconda3/envs/py310/lib/python3.10/site-packages/airflow/example_dags/example_task_group_decorator.py for tasks to queue
[2026-02-11T16:18:07.222+0800] {logging_mixin.py:188} INFO - [2026-02-11T16:18:07.222+0800] {dagbag.py:540} INFO - Filling up the DagBag from /Users/linghuchong/miniconda3/envs/py310/lib/python3.10/site-packages/airflow/example_dags/example_task_group_decorator.py
[2026-02-11T16:18:07.292+0800] {processor.py:840} INFO - DAG(s) 'example_task_group_decorator' retrieved from /Users/linghuchong/miniconda3/envs/py310/lib/python3.10/site-packages/airflow/example_dags/example_task_group_decorator.py
[2026-02-11T16:18:07.568+0800] {logging_mixin.py:188} INFO - [2026-02-11T16:18:07.567+0800] {dag.py:3047} INFO - Sync 1 DAGs
[2026-02-11T16:18:07.606+0800] {logging_mixin.py:188} INFO - [2026-02-11T16:18:07.606+0800] {dag.py:3834} INFO - Setting next_dagrun for example_task_group_decorator to 2026-02-10 00:00:00+00:00, run_after=2026-02-11 00:00:00+00:00
[2026-02-11T16:18:07.629+0800] {processor.py:183} INFO - Processing /Users/linghuchong/miniconda3/envs/py310/lib/python3.10/site-packages/airflow/example_dags/example_task_group_decorator.py took 0.410 seconds
[2026-02-11T16:23:57.501+0800] {processor.py:161} INFO - Started process (PID=14645) to work on /Users/linghuchong/miniconda3/envs/py310/lib/python3.10/site-packages/airflow/example_dags/example_task_group_decorator.py
[2026-02-11T16:23:57.504+0800] {processor.py:830} INFO - Processing file /Users/linghuchong/miniconda3/envs/py310/lib/python3.10/site-packages/airflow/example_dags/example_task_group_decorator.py for tasks to queue
[2026-02-11T16:23:57.505+0800] {logging_mixin.py:188} INFO - [2026-02-11T16:23:57.505+0800] {dagbag.py:540} INFO - Filling up the DagBag from /Users/linghuchong/miniconda3/envs/py310/lib/python3.10/site-packages/airflow/example_dags/example_task_group_decorator.py
[2026-02-11T16:23:57.561+0800] {processor.py:840} INFO - DAG(s) 'example_task_group_decorator' retrieved from /Users/linghuchong/miniconda3/envs/py310/lib/python3.10/site-packages/airflow/example_dags/example_task_group_decorator.py
[2026-02-11T16:23:57.794+0800] {logging_mixin.py:188} INFO - [2026-02-11T16:23:57.794+0800] {dag.py:3047} INFO - Sync 1 DAGs
[2026-02-11T16:23:57.814+0800] {logging_mixin.py:188} INFO - [2026-02-11T16:23:57.813+0800] {dag.py:3834} INFO - Setting next_dagrun for example_task_group_decorator to 2026-02-10 00:00:00+00:00, run_after=2026-02-11 00:00:00+00:00
[2026-02-11T16:23:57.834+0800] {processor.py:183} INFO - Processing /Users/linghuchong/miniconda3/envs/py310/lib/python3.10/site-packages/airflow/example_dags/example_task_group_decorator.py took 0.335 seconds
[2026-02-11T16:27:28.919+0800] {processor.py:161} INFO - Started process (PID=14842) to work on /Users/linghuchong/miniconda3/envs/py310/lib/python3.10/site-packages/airflow/example_dags/example_task_group_decorator.py
[2026-02-11T16:27:28.920+0800] {processor.py:830} INFO - Processing file /Users/linghuchong/miniconda3/envs/py310/lib/python3.10/site-packages/airflow/example_dags/example_task_group_decorator.py for tasks to queue
[2026-02-11T16:27:28.921+0800] {logging_mixin.py:188} INFO - [2026-02-11T16:27:28.921+0800] {dagbag.py:540} INFO - Filling up the DagBag from /Users/linghuchong/miniconda3/envs/py310/lib/python3.10/site-packages/airflow/example_dags/example_task_group_decorator.py
[2026-02-11T16:27:28.978+0800] {processor.py:840} INFO - DAG(s) 'example_task_group_decorator' retrieved from /Users/linghuchong/miniconda3/envs/py310/lib/python3.10/site-packages/airflow/example_dags/example_task_group_decorator.py
[2026-02-11T16:27:29.336+0800] {logging_mixin.py:188} INFO - [2026-02-11T16:27:29.336+0800] {dag.py:3047} INFO - Sync 1 DAGs
[2026-02-11T16:27:29.359+0800] {logging_mixin.py:188} INFO - [2026-02-11T16:27:29.358+0800] {dag.py:3834} INFO - Setting next_dagrun for example_task_group_decorator to 2026-02-10 00:00:00+00:00, run_after=2026-02-11 00:00:00+00:00
[2026-02-11T16:27:29.381+0800] {processor.py:183} INFO - Processing /Users/linghuchong/miniconda3/envs/py310/lib/python3.10/site-packages/airflow/example_dags/example_task_group_decorator.py took 0.463 seconds
[2026-02-11T16:30:42.915+0800] {processor.py:161} INFO - Started process (PID=14975) to work on /Users/linghuchong/miniconda3/envs/py310/lib/python3.10/site-packages/airflow/example_dags/example_task_group_decorator.py
[2026-02-11T16:30:42.917+0800] {processor.py:830} INFO - Processing file /Users/linghuchong/miniconda3/envs/py310/lib/python3.10/site-packages/airflow/example_dags/example_task_group_decorator.py for tasks to queue
[2026-02-11T16:30:42.917+0800] {logging_mixin.py:188} INFO - [2026-02-11T16:30:42.917+0800] {dagbag.py:540} INFO - Filling up the DagBag from /Users/linghuchong/miniconda3/envs/py310/lib/python3.10/site-packages/airflow/example_dags/example_task_group_decorator.py
[2026-02-11T16:30:42.969+0800] {processor.py:840} INFO - DAG(s) 'example_task_group_decorator' retrieved from /Users/linghuchong/miniconda3/envs/py310/lib/python3.10/site-packages/airflow/example_dags/example_task_group_decorator.py
[2026-02-11T16:30:43.187+0800] {logging_mixin.py:188} INFO - [2026-02-11T16:30:43.187+0800] {dag.py:3047} INFO - Sync 1 DAGs
[2026-02-11T16:30:43.207+0800] {logging_mixin.py:188} INFO - [2026-02-11T16:30:43.207+0800] {dag.py:3834} INFO - Setting next_dagrun for example_task_group_decorator to 2026-02-10 00:00:00+00:00, run_after=2026-02-11 00:00:00+00:00
[2026-02-11T16:30:43.227+0800] {processor.py:183} INFO - Processing /Users/linghuchong/miniconda3/envs/py310/lib/python3.10/site-packages/airflow/example_dags/example_task_group_decorator.py took 0.312 seconds
[2026-02-11T16:34:00.036+0800] {processor.py:161} INFO - Started process (PID=15292) to work on /Users/linghuchong/miniconda3/envs/py310/lib/python3.10/site-packages/airflow/example_dags/example_task_group_decorator.py
[2026-02-11T16:34:00.038+0800] {processor.py:830} INFO - Processing file /Users/linghuchong/miniconda3/envs/py310/lib/python3.10/site-packages/airflow/example_dags/example_task_group_decorator.py for tasks to queue
[2026-02-11T16:34:00.039+0800] {logging_mixin.py:188} INFO - [2026-02-11T16:34:00.039+0800] {dagbag.py:540} INFO - Filling up the DagBag from /Users/linghuchong/miniconda3/envs/py310/lib/python3.10/site-packages/airflow/example_dags/example_task_group_decorator.py
[2026-02-11T16:34:00.083+0800] {processor.py:840} INFO - DAG(s) 'example_task_group_decorator' retrieved from /Users/linghuchong/miniconda3/envs/py310/lib/python3.10/site-packages/airflow/example_dags/example_task_group_decorator.py
[2026-02-11T16:34:00.300+0800] {logging_mixin.py:188} INFO - [2026-02-11T16:34:00.299+0800] {dag.py:3047} INFO - Sync 1 DAGs
[2026-02-11T16:34:00.320+0800] {logging_mixin.py:188} INFO - [2026-02-11T16:34:00.320+0800] {dag.py:3834} INFO - Setting next_dagrun for example_task_group_decorator to 2026-02-10 00:00:00+00:00, run_after=2026-02-11 00:00:00+00:00
[2026-02-11T16:34:00.342+0800] {processor.py:183} INFO - Processing /Users/linghuchong/miniconda3/envs/py310/lib/python3.10/site-packages/airflow/example_dags/example_task_group_decorator.py took 0.306 seconds
[2026-02-11T16:37:09.761+0800] {processor.py:161} INFO - Started process (PID=15500) to work on /Users/linghuchong/miniconda3/envs/py310/lib/python3.10/site-packages/airflow/example_dags/example_task_group_decorator.py
[2026-02-11T16:37:09.764+0800] {processor.py:830} INFO - Processing file /Users/linghuchong/miniconda3/envs/py310/lib/python3.10/site-packages/airflow/example_dags/example_task_group_decorator.py for tasks to queue
[2026-02-11T16:37:09.765+0800] {logging_mixin.py:188} INFO - [2026-02-11T16:37:09.765+0800] {dagbag.py:540} INFO - Filling up the DagBag from /Users/linghuchong/miniconda3/envs/py310/lib/python3.10/site-packages/airflow/example_dags/example_task_group_decorator.py
[2026-02-11T16:37:09.809+0800] {processor.py:840} INFO - DAG(s) 'example_task_group_decorator' retrieved from /Users/linghuchong/miniconda3/envs/py310/lib/python3.10/site-packages/airflow/example_dags/example_task_group_decorator.py
[2026-02-11T16:37:09.939+0800] {logging_mixin.py:188} INFO - [2026-02-11T16:37:09.938+0800] {dag.py:3047} INFO - Sync 1 DAGs
[2026-02-11T16:37:09.961+0800] {logging_mixin.py:188} INFO - [2026-02-11T16:37:09.960+0800] {dag.py:3834} INFO - Setting next_dagrun for example_task_group_decorator to 2026-02-10 00:00:00+00:00, run_after=2026-02-11 00:00:00+00:00
[2026-02-11T16:37:09.980+0800] {processor.py:183} INFO - Processing /Users/linghuchong/miniconda3/envs/py310/lib/python3.10/site-packages/airflow/example_dags/example_task_group_decorator.py took 0.219 seconds
[2026-02-11T16:40:07.998+0800] {processor.py:161} INFO - Started process (PID=15714) to work on /Users/linghuchong/miniconda3/envs/py310/lib/python3.10/site-packages/airflow/example_dags/example_task_group_decorator.py
[2026-02-11T16:40:08.001+0800] {processor.py:830} INFO - Processing file /Users/linghuchong/miniconda3/envs/py310/lib/python3.10/site-packages/airflow/example_dags/example_task_group_decorator.py for tasks to queue
[2026-02-11T16:40:08.003+0800] {logging_mixin.py:188} INFO - [2026-02-11T16:40:08.002+0800] {dagbag.py:540} INFO - Filling up the DagBag from /Users/linghuchong/miniconda3/envs/py310/lib/python3.10/site-packages/airflow/example_dags/example_task_group_decorator.py
[2026-02-11T16:40:08.057+0800] {processor.py:840} INFO - DAG(s) 'example_task_group_decorator' retrieved from /Users/linghuchong/miniconda3/envs/py310/lib/python3.10/site-packages/airflow/example_dags/example_task_group_decorator.py
[2026-02-11T16:40:08.178+0800] {logging_mixin.py:188} INFO - [2026-02-11T16:40:08.177+0800] {dag.py:3047} INFO - Sync 1 DAGs
[2026-02-11T16:40:08.199+0800] {logging_mixin.py:188} INFO - [2026-02-11T16:40:08.199+0800] {dag.py:3834} INFO - Setting next_dagrun for example_task_group_decorator to 2026-02-10 00:00:00+00:00, run_after=2026-02-11 00:00:00+00:00
[2026-02-11T16:40:08.218+0800] {processor.py:183} INFO - Processing /Users/linghuchong/miniconda3/envs/py310/lib/python3.10/site-packages/airflow/example_dags/example_task_group_decorator.py took 0.220 seconds
[2026-02-11T16:43:10.374+0800] {processor.py:161} INFO - Started process (PID=15957) to work on /Users/linghuchong/miniconda3/envs/py310/lib/python3.10/site-packages/airflow/example_dags/example_task_group_decorator.py
[2026-02-11T16:43:10.376+0800] {processor.py:830} INFO - Processing file /Users/linghuchong/miniconda3/envs/py310/lib/python3.10/site-packages/airflow/example_dags/example_task_group_decorator.py for tasks to queue
[2026-02-11T16:43:10.376+0800] {logging_mixin.py:188} INFO - [2026-02-11T16:43:10.376+0800] {dagbag.py:540} INFO - Filling up the DagBag from /Users/linghuchong/miniconda3/envs/py310/lib/python3.10/site-packages/airflow/example_dags/example_task_group_decorator.py
[2026-02-11T16:43:10.425+0800] {processor.py:840} INFO - DAG(s) 'example_task_group_decorator' retrieved from /Users/linghuchong/miniconda3/envs/py310/lib/python3.10/site-packages/airflow/example_dags/example_task_group_decorator.py
[2026-02-11T16:43:10.570+0800] {logging_mixin.py:188} INFO - [2026-02-11T16:43:10.569+0800] {dag.py:3047} INFO - Sync 1 DAGs
[2026-02-11T16:43:10.602+0800] {logging_mixin.py:188} INFO - [2026-02-11T16:43:10.601+0800] {dag.py:3834} INFO - Setting next_dagrun for example_task_group_decorator to 2026-02-10 00:00:00+00:00, run_after=2026-02-11 00:00:00+00:00
[2026-02-11T16:43:10.624+0800] {processor.py:183} INFO - Processing /Users/linghuchong/miniconda3/envs/py310/lib/python3.10/site-packages/airflow/example_dags/example_task_group_decorator.py took 0.250 seconds
[2026-02-11T16:46:15.079+0800] {processor.py:161} INFO - Started process (PID=16082) to work on /Users/linghuchong/miniconda3/envs/py310/lib/python3.10/site-packages/airflow/example_dags/example_task_group_decorator.py
[2026-02-11T16:46:15.082+0800] {processor.py:830} INFO - Processing file /Users/linghuchong/miniconda3/envs/py310/lib/python3.10/site-packages/airflow/example_dags/example_task_group_decorator.py for tasks to queue
[2026-02-11T16:46:15.083+0800] {logging_mixin.py:188} INFO - [2026-02-11T16:46:15.082+0800] {dagbag.py:540} INFO - Filling up the DagBag from /Users/linghuchong/miniconda3/envs/py310/lib/python3.10/site-packages/airflow/example_dags/example_task_group_decorator.py
[2026-02-11T16:46:15.132+0800] {processor.py:840} INFO - DAG(s) 'example_task_group_decorator' retrieved from /Users/linghuchong/miniconda3/envs/py310/lib/python3.10/site-packages/airflow/example_dags/example_task_group_decorator.py
[2026-02-11T16:46:15.290+0800] {logging_mixin.py:188} INFO - [2026-02-11T16:46:15.290+0800] {dag.py:3047} INFO - Sync 1 DAGs
[2026-02-11T16:46:15.314+0800] {logging_mixin.py:188} INFO - [2026-02-11T16:46:15.314+0800] {dag.py:3834} INFO - Setting next_dagrun for example_task_group_decorator to 2026-02-10 00:00:00+00:00, run_after=2026-02-11 00:00:00+00:00
[2026-02-11T16:46:15.339+0800] {processor.py:183} INFO - Processing /Users/linghuchong/miniconda3/envs/py310/lib/python3.10/site-packages/airflow/example_dags/example_task_group_decorator.py took 0.261 seconds
[2026-02-11T16:49:32.016+0800] {processor.py:161} INFO - Started process (PID=16289) to work on /Users/linghuchong/miniconda3/envs/py310/lib/python3.10/site-packages/airflow/example_dags/example_task_group_decorator.py
[2026-02-11T16:49:32.019+0800] {processor.py:830} INFO - Processing file /Users/linghuchong/miniconda3/envs/py310/lib/python3.10/site-packages/airflow/example_dags/example_task_group_decorator.py for tasks to queue
[2026-02-11T16:49:32.020+0800] {logging_mixin.py:188} INFO - [2026-02-11T16:49:32.019+0800] {dagbag.py:540} INFO - Filling up the DagBag from /Users/linghuchong/miniconda3/envs/py310/lib/python3.10/site-packages/airflow/example_dags/example_task_group_decorator.py
[2026-02-11T16:49:32.066+0800] {processor.py:840} INFO - DAG(s) 'example_task_group_decorator' retrieved from /Users/linghuchong/miniconda3/envs/py310/lib/python3.10/site-packages/airflow/example_dags/example_task_group_decorator.py
[2026-02-11T16:49:32.420+0800] {logging_mixin.py:188} INFO - [2026-02-11T16:49:32.420+0800] {dag.py:3047} INFO - Sync 1 DAGs
[2026-02-11T16:49:32.457+0800] {logging_mixin.py:188} INFO - [2026-02-11T16:49:32.457+0800] {dag.py:3834} INFO - Setting next_dagrun for example_task_group_decorator to 2026-02-10 00:00:00+00:00, run_after=2026-02-11 00:00:00+00:00
[2026-02-11T16:49:32.491+0800] {processor.py:183} INFO - Processing /Users/linghuchong/miniconda3/envs/py310/lib/python3.10/site-packages/airflow/example_dags/example_task_group_decorator.py took 0.476 seconds
[2026-02-11T16:53:05.041+0800] {processor.py:161} INFO - Started process (PID=16446) to work on /Users/linghuchong/miniconda3/envs/py310/lib/python3.10/site-packages/airflow/example_dags/example_task_group_decorator.py
[2026-02-11T16:53:05.043+0800] {processor.py:830} INFO - Processing file /Users/linghuchong/miniconda3/envs/py310/lib/python3.10/site-packages/airflow/example_dags/example_task_group_decorator.py for tasks to queue
[2026-02-11T16:53:05.045+0800] {logging_mixin.py:188} INFO - [2026-02-11T16:53:05.044+0800] {dagbag.py:540} INFO - Filling up the DagBag from /Users/linghuchong/miniconda3/envs/py310/lib/python3.10/site-packages/airflow/example_dags/example_task_group_decorator.py
[2026-02-11T16:53:05.088+0800] {processor.py:840} INFO - DAG(s) 'example_task_group_decorator' retrieved from /Users/linghuchong/miniconda3/envs/py310/lib/python3.10/site-packages/airflow/example_dags/example_task_group_decorator.py
[2026-02-11T16:53:05.327+0800] {logging_mixin.py:188} INFO - [2026-02-11T16:53:05.327+0800] {dag.py:3047} INFO - Sync 1 DAGs
[2026-02-11T16:53:05.348+0800] {logging_mixin.py:188} INFO - [2026-02-11T16:53:05.348+0800] {dag.py:3834} INFO - Setting next_dagrun for example_task_group_decorator to 2026-02-10 00:00:00+00:00, run_after=2026-02-11 00:00:00+00:00
[2026-02-11T16:53:05.369+0800] {processor.py:183} INFO - Processing /Users/linghuchong/miniconda3/envs/py310/lib/python3.10/site-packages/airflow/example_dags/example_task_group_decorator.py took 0.330 seconds
[2026-02-11T16:56:22.260+0800] {processor.py:161} INFO - Started process (PID=16608) to work on /Users/linghuchong/miniconda3/envs/py310/lib/python3.10/site-packages/airflow/example_dags/example_task_group_decorator.py
[2026-02-11T16:56:22.264+0800] {processor.py:830} INFO - Processing file /Users/linghuchong/miniconda3/envs/py310/lib/python3.10/site-packages/airflow/example_dags/example_task_group_decorator.py for tasks to queue
[2026-02-11T16:56:22.265+0800] {logging_mixin.py:188} INFO - [2026-02-11T16:56:22.265+0800] {dagbag.py:540} INFO - Filling up the DagBag from /Users/linghuchong/miniconda3/envs/py310/lib/python3.10/site-packages/airflow/example_dags/example_task_group_decorator.py
[2026-02-11T16:56:22.320+0800] {processor.py:840} INFO - DAG(s) 'example_task_group_decorator' retrieved from /Users/linghuchong/miniconda3/envs/py310/lib/python3.10/site-packages/airflow/example_dags/example_task_group_decorator.py
[2026-02-11T16:56:22.444+0800] {logging_mixin.py:188} INFO - [2026-02-11T16:56:22.444+0800] {dag.py:3047} INFO - Sync 1 DAGs
[2026-02-11T16:56:22.465+0800] {logging_mixin.py:188} INFO - [2026-02-11T16:56:22.465+0800] {dag.py:3834} INFO - Setting next_dagrun for example_task_group_decorator to 2026-02-10 00:00:00+00:00, run_after=2026-02-11 00:00:00+00:00
[2026-02-11T16:56:22.486+0800] {processor.py:183} INFO - Processing /Users/linghuchong/miniconda3/envs/py310/lib/python3.10/site-packages/airflow/example_dags/example_task_group_decorator.py took 0.228 seconds
[2026-02-11T16:59:40.608+0800] {processor.py:161} INFO - Started process (PID=16681) to work on /Users/linghuchong/miniconda3/envs/py310/lib/python3.10/site-packages/airflow/example_dags/example_task_group_decorator.py
[2026-02-11T16:59:40.609+0800] {processor.py:830} INFO - Processing file /Users/linghuchong/miniconda3/envs/py310/lib/python3.10/site-packages/airflow/example_dags/example_task_group_decorator.py for tasks to queue
[2026-02-11T16:59:40.610+0800] {logging_mixin.py:188} INFO - [2026-02-11T16:59:40.610+0800] {dagbag.py:540} INFO - Filling up the DagBag from /Users/linghuchong/miniconda3/envs/py310/lib/python3.10/site-packages/airflow/example_dags/example_task_group_decorator.py
[2026-02-11T16:59:40.657+0800] {processor.py:840} INFO - DAG(s) 'example_task_group_decorator' retrieved from /Users/linghuchong/miniconda3/envs/py310/lib/python3.10/site-packages/airflow/example_dags/example_task_group_decorator.py
[2026-02-11T16:59:40.833+0800] {logging_mixin.py:188} INFO - [2026-02-11T16:59:40.833+0800] {dag.py:3047} INFO - Sync 1 DAGs
[2026-02-11T16:59:40.867+0800] {logging_mixin.py:188} INFO - [2026-02-11T16:59:40.867+0800] {dag.py:3834} INFO - Setting next_dagrun for example_task_group_decorator to 2026-02-10 00:00:00+00:00, run_after=2026-02-11 00:00:00+00:00
[2026-02-11T16:59:40.926+0800] {processor.py:183} INFO - Processing /Users/linghuchong/miniconda3/envs/py310/lib/python3.10/site-packages/airflow/example_dags/example_task_group_decorator.py took 0.319 seconds
[2026-02-11T17:03:24.086+0800] {processor.py:161} INFO - Started process (PID=16887) to work on /Users/linghuchong/miniconda3/envs/py310/lib/python3.10/site-packages/airflow/example_dags/example_task_group_decorator.py
[2026-02-11T17:03:24.087+0800] {processor.py:830} INFO - Processing file /Users/linghuchong/miniconda3/envs/py310/lib/python3.10/site-packages/airflow/example_dags/example_task_group_decorator.py for tasks to queue
[2026-02-11T17:03:24.088+0800] {logging_mixin.py:188} INFO - [2026-02-11T17:03:24.088+0800] {dagbag.py:540} INFO - Filling up the DagBag from /Users/linghuchong/miniconda3/envs/py310/lib/python3.10/site-packages/airflow/example_dags/example_task_group_decorator.py
[2026-02-11T17:03:24.151+0800] {processor.py:840} INFO - DAG(s) 'example_task_group_decorator' retrieved from /Users/linghuchong/miniconda3/envs/py310/lib/python3.10/site-packages/airflow/example_dags/example_task_group_decorator.py
[2026-02-11T17:03:24.395+0800] {logging_mixin.py:188} INFO - [2026-02-11T17:03:24.395+0800] {dag.py:3047} INFO - Sync 1 DAGs
[2026-02-11T17:03:24.415+0800] {logging_mixin.py:188} INFO - [2026-02-11T17:03:24.415+0800] {dag.py:3834} INFO - Setting next_dagrun for example_task_group_decorator to 2026-02-10 00:00:00+00:00, run_after=2026-02-11 00:00:00+00:00
[2026-02-11T17:03:24.435+0800] {processor.py:183} INFO - Processing /Users/linghuchong/miniconda3/envs/py310/lib/python3.10/site-packages/airflow/example_dags/example_task_group_decorator.py took 0.351 seconds
[2026-02-11T17:15:32.250+0800] {processor.py:161} INFO - Started process (PID=17734) to work on /Users/linghuchong/miniconda3/envs/py310/lib/python3.10/site-packages/airflow/example_dags/example_task_group_decorator.py
[2026-02-11T17:15:32.258+0800] {processor.py:830} INFO - Processing file /Users/linghuchong/miniconda3/envs/py310/lib/python3.10/site-packages/airflow/example_dags/example_task_group_decorator.py for tasks to queue
[2026-02-11T17:15:32.259+0800] {logging_mixin.py:188} INFO - [2026-02-11T17:15:32.259+0800] {dagbag.py:540} INFO - Filling up the DagBag from /Users/linghuchong/miniconda3/envs/py310/lib/python3.10/site-packages/airflow/example_dags/example_task_group_decorator.py
[2026-02-11T17:15:32.306+0800] {processor.py:840} INFO - DAG(s) 'example_task_group_decorator' retrieved from /Users/linghuchong/miniconda3/envs/py310/lib/python3.10/site-packages/airflow/example_dags/example_task_group_decorator.py
[2026-02-11T17:15:32.553+0800] {logging_mixin.py:188} INFO - [2026-02-11T17:15:32.553+0800] {dag.py:3047} INFO - Sync 1 DAGs
[2026-02-11T17:15:32.591+0800] {logging_mixin.py:188} INFO - [2026-02-11T17:15:32.591+0800] {dag.py:3834} INFO - Setting next_dagrun for example_task_group_decorator to 2026-02-10 00:00:00+00:00, run_after=2026-02-11 00:00:00+00:00
[2026-02-11T17:15:32.618+0800] {processor.py:183} INFO - Processing /Users/linghuchong/miniconda3/envs/py310/lib/python3.10/site-packages/airflow/example_dags/example_task_group_decorator.py took 0.369 seconds
[2026-02-11T17:19:01.636+0800] {processor.py:161} INFO - Started process (PID=17848) to work on /Users/linghuchong/miniconda3/envs/py310/lib/python3.10/site-packages/airflow/example_dags/example_task_group_decorator.py
[2026-02-11T17:19:01.639+0800] {processor.py:830} INFO - Processing file /Users/linghuchong/miniconda3/envs/py310/lib/python3.10/site-packages/airflow/example_dags/example_task_group_decorator.py for tasks to queue
[2026-02-11T17:19:01.640+0800] {logging_mixin.py:188} INFO - [2026-02-11T17:19:01.640+0800] {dagbag.py:540} INFO - Filling up the DagBag from /Users/linghuchong/miniconda3/envs/py310/lib/python3.10/site-packages/airflow/example_dags/example_task_group_decorator.py
[2026-02-11T17:19:01.680+0800] {processor.py:840} INFO - DAG(s) 'example_task_group_decorator' retrieved from /Users/linghuchong/miniconda3/envs/py310/lib/python3.10/site-packages/airflow/example_dags/example_task_group_decorator.py
[2026-02-11T17:19:01.795+0800] {logging_mixin.py:188} INFO - [2026-02-11T17:19:01.795+0800] {dag.py:3047} INFO - Sync 1 DAGs
[2026-02-11T17:19:01.812+0800] {logging_mixin.py:188} INFO - [2026-02-11T17:19:01.812+0800] {dag.py:3834} INFO - Setting next_dagrun for example_task_group_decorator to 2026-02-10 00:00:00+00:00, run_after=2026-02-11 00:00:00+00:00
[2026-02-11T17:19:01.833+0800] {processor.py:183} INFO - Processing /Users/linghuchong/miniconda3/envs/py310/lib/python3.10/site-packages/airflow/example_dags/example_task_group_decorator.py took 0.197 seconds
[2026-02-11T17:21:47.142+0800] {processor.py:161} INFO - Started process (PID=17933) to work on /Users/linghuchong/miniconda3/envs/py310/lib/python3.10/site-packages/airflow/example_dags/example_task_group_decorator.py
[2026-02-11T17:21:47.145+0800] {processor.py:830} INFO - Processing file /Users/linghuchong/miniconda3/envs/py310/lib/python3.10/site-packages/airflow/example_dags/example_task_group_decorator.py for tasks to queue
[2026-02-11T17:21:47.146+0800] {logging_mixin.py:188} INFO - [2026-02-11T17:21:47.146+0800] {dagbag.py:540} INFO - Filling up the DagBag from /Users/linghuchong/miniconda3/envs/py310/lib/python3.10/site-packages/airflow/example_dags/example_task_group_decorator.py
[2026-02-11T17:21:47.198+0800] {processor.py:840} INFO - DAG(s) 'example_task_group_decorator' retrieved from /Users/linghuchong/miniconda3/envs/py310/lib/python3.10/site-packages/airflow/example_dags/example_task_group_decorator.py
[2026-02-11T17:21:47.328+0800] {logging_mixin.py:188} INFO - [2026-02-11T17:21:47.328+0800] {dag.py:3047} INFO - Sync 1 DAGs
[2026-02-11T17:21:47.352+0800] {logging_mixin.py:188} INFO - [2026-02-11T17:21:47.352+0800] {dag.py:3834} INFO - Setting next_dagrun for example_task_group_decorator to 2026-02-10 00:00:00+00:00, run_after=2026-02-11 00:00:00+00:00
[2026-02-11T17:21:47.394+0800] {processor.py:183} INFO - Processing /Users/linghuchong/miniconda3/envs/py310/lib/python3.10/site-packages/airflow/example_dags/example_task_group_decorator.py took 0.252 seconds
[2026-02-11T17:24:31.853+0800] {processor.py:161} INFO - Started process (PID=18021) to work on /Users/linghuchong/miniconda3/envs/py310/lib/python3.10/site-packages/airflow/example_dags/example_task_group_decorator.py
[2026-02-11T17:24:31.856+0800] {processor.py:830} INFO - Processing file /Users/linghuchong/miniconda3/envs/py310/lib/python3.10/site-packages/airflow/example_dags/example_task_group_decorator.py for tasks to queue
[2026-02-11T17:24:31.857+0800] {logging_mixin.py:188} INFO - [2026-02-11T17:24:31.857+0800] {dagbag.py:540} INFO - Filling up the DagBag from /Users/linghuchong/miniconda3/envs/py310/lib/python3.10/site-packages/airflow/example_dags/example_task_group_decorator.py
[2026-02-11T17:24:31.901+0800] {processor.py:840} INFO - DAG(s) 'example_task_group_decorator' retrieved from /Users/linghuchong/miniconda3/envs/py310/lib/python3.10/site-packages/airflow/example_dags/example_task_group_decorator.py
[2026-02-11T17:24:32.032+0800] {logging_mixin.py:188} INFO - [2026-02-11T17:24:32.032+0800] {dag.py:3047} INFO - Sync 1 DAGs
[2026-02-11T17:24:32.051+0800] {logging_mixin.py:188} INFO - [2026-02-11T17:24:32.051+0800] {dag.py:3834} INFO - Setting next_dagrun for example_task_group_decorator to 2026-02-10 00:00:00+00:00, run_after=2026-02-11 00:00:00+00:00
[2026-02-11T17:24:32.069+0800] {processor.py:183} INFO - Processing /Users/linghuchong/miniconda3/envs/py310/lib/python3.10/site-packages/airflow/example_dags/example_task_group_decorator.py took 0.217 seconds
[2026-02-11T17:27:12.948+0800] {processor.py:161} INFO - Started process (PID=18100) to work on /Users/linghuchong/miniconda3/envs/py310/lib/python3.10/site-packages/airflow/example_dags/example_task_group_decorator.py
[2026-02-11T17:27:12.951+0800] {processor.py:830} INFO - Processing file /Users/linghuchong/miniconda3/envs/py310/lib/python3.10/site-packages/airflow/example_dags/example_task_group_decorator.py for tasks to queue
[2026-02-11T17:27:12.952+0800] {logging_mixin.py:188} INFO - [2026-02-11T17:27:12.951+0800] {dagbag.py:540} INFO - Filling up the DagBag from /Users/linghuchong/miniconda3/envs/py310/lib/python3.10/site-packages/airflow/example_dags/example_task_group_decorator.py
[2026-02-11T17:27:12.992+0800] {processor.py:840} INFO - DAG(s) 'example_task_group_decorator' retrieved from /Users/linghuchong/miniconda3/envs/py310/lib/python3.10/site-packages/airflow/example_dags/example_task_group_decorator.py
[2026-02-11T17:27:13.112+0800] {logging_mixin.py:188} INFO - [2026-02-11T17:27:13.111+0800] {dag.py:3047} INFO - Sync 1 DAGs
[2026-02-11T17:27:13.130+0800] {logging_mixin.py:188} INFO - [2026-02-11T17:27:13.130+0800] {dag.py:3834} INFO - Setting next_dagrun for example_task_group_decorator to 2026-02-10 00:00:00+00:00, run_after=2026-02-11 00:00:00+00:00
[2026-02-11T17:27:13.150+0800] {processor.py:183} INFO - Processing /Users/linghuchong/miniconda3/envs/py310/lib/python3.10/site-packages/airflow/example_dags/example_task_group_decorator.py took 0.202 seconds
[2026-02-11T17:30:00.664+0800] {processor.py:161} INFO - Started process (PID=18202) to work on /Users/linghuchong/miniconda3/envs/py310/lib/python3.10/site-packages/airflow/example_dags/example_task_group_decorator.py
[2026-02-11T17:30:00.665+0800] {processor.py:830} INFO - Processing file /Users/linghuchong/miniconda3/envs/py310/lib/python3.10/site-packages/airflow/example_dags/example_task_group_decorator.py for tasks to queue
[2026-02-11T17:30:00.666+0800] {logging_mixin.py:188} INFO - [2026-02-11T17:30:00.666+0800] {dagbag.py:540} INFO - Filling up the DagBag from /Users/linghuchong/miniconda3/envs/py310/lib/python3.10/site-packages/airflow/example_dags/example_task_group_decorator.py
[2026-02-11T17:30:00.736+0800] {processor.py:840} INFO - DAG(s) 'example_task_group_decorator' retrieved from /Users/linghuchong/miniconda3/envs/py310/lib/python3.10/site-packages/airflow/example_dags/example_task_group_decorator.py
[2026-02-11T17:30:01.433+0800] {logging_mixin.py:188} INFO - [2026-02-11T17:30:01.432+0800] {dag.py:3047} INFO - Sync 1 DAGs
[2026-02-11T17:30:01.595+0800] {logging_mixin.py:188} INFO - [2026-02-11T17:30:01.589+0800] {dag.py:3834} INFO - Setting next_dagrun for example_task_group_decorator to 2026-02-10 00:00:00+00:00, run_after=2026-02-11 00:00:00+00:00
[2026-02-11T17:30:01.653+0800] {processor.py:183} INFO - Processing /Users/linghuchong/miniconda3/envs/py310/lib/python3.10/site-packages/airflow/example_dags/example_task_group_decorator.py took 0.990 seconds
[2026-02-11T17:33:04.507+0800] {processor.py:161} INFO - Started process (PID=18308) to work on /Users/linghuchong/miniconda3/envs/py310/lib/python3.10/site-packages/airflow/example_dags/example_task_group_decorator.py
[2026-02-11T17:33:04.509+0800] {processor.py:830} INFO - Processing file /Users/linghuchong/miniconda3/envs/py310/lib/python3.10/site-packages/airflow/example_dags/example_task_group_decorator.py for tasks to queue
[2026-02-11T17:33:04.509+0800] {logging_mixin.py:188} INFO - [2026-02-11T17:33:04.509+0800] {dagbag.py:540} INFO - Filling up the DagBag from /Users/linghuchong/miniconda3/envs/py310/lib/python3.10/site-packages/airflow/example_dags/example_task_group_decorator.py
[2026-02-11T17:33:04.554+0800] {processor.py:840} INFO - DAG(s) 'example_task_group_decorator' retrieved from /Users/linghuchong/miniconda3/envs/py310/lib/python3.10/site-packages/airflow/example_dags/example_task_group_decorator.py
[2026-02-11T17:33:04.688+0800] {logging_mixin.py:188} INFO - [2026-02-11T17:33:04.688+0800] {dag.py:3047} INFO - Sync 1 DAGs
[2026-02-11T17:33:04.709+0800] {logging_mixin.py:188} INFO - [2026-02-11T17:33:04.709+0800] {dag.py:3834} INFO - Setting next_dagrun for example_task_group_decorator to 2026-02-10 00:00:00+00:00, run_after=2026-02-11 00:00:00+00:00
[2026-02-11T17:33:04.733+0800] {processor.py:183} INFO - Processing /Users/linghuchong/miniconda3/envs/py310/lib/python3.10/site-packages/airflow/example_dags/example_task_group_decorator.py took 0.227 seconds
[2026-02-11T17:36:05.438+0800] {processor.py:161} INFO - Started process (PID=18415) to work on /Users/linghuchong/miniconda3/envs/py310/lib/python3.10/site-packages/airflow/example_dags/example_task_group_decorator.py
[2026-02-11T17:36:05.441+0800] {processor.py:830} INFO - Processing file /Users/linghuchong/miniconda3/envs/py310/lib/python3.10/site-packages/airflow/example_dags/example_task_group_decorator.py for tasks to queue
[2026-02-11T17:36:05.442+0800] {logging_mixin.py:188} INFO - [2026-02-11T17:36:05.442+0800] {dagbag.py:540} INFO - Filling up the DagBag from /Users/linghuchong/miniconda3/envs/py310/lib/python3.10/site-packages/airflow/example_dags/example_task_group_decorator.py
[2026-02-11T17:36:05.487+0800] {processor.py:840} INFO - DAG(s) 'example_task_group_decorator' retrieved from /Users/linghuchong/miniconda3/envs/py310/lib/python3.10/site-packages/airflow/example_dags/example_task_group_decorator.py
[2026-02-11T17:36:05.620+0800] {logging_mixin.py:188} INFO - [2026-02-11T17:36:05.620+0800] {dag.py:3047} INFO - Sync 1 DAGs
[2026-02-11T17:36:05.640+0800] {logging_mixin.py:188} INFO - [2026-02-11T17:36:05.640+0800] {dag.py:3834} INFO - Setting next_dagrun for example_task_group_decorator to 2026-02-10 00:00:00+00:00, run_after=2026-02-11 00:00:00+00:00
[2026-02-11T17:36:05.660+0800] {processor.py:183} INFO - Processing /Users/linghuchong/miniconda3/envs/py310/lib/python3.10/site-packages/airflow/example_dags/example_task_group_decorator.py took 0.223 seconds
[2026-02-11T17:39:11.374+0800] {processor.py:161} INFO - Started process (PID=18627) to work on /Users/linghuchong/miniconda3/envs/py310/lib/python3.10/site-packages/airflow/example_dags/example_task_group_decorator.py
[2026-02-11T17:39:11.377+0800] {processor.py:830} INFO - Processing file /Users/linghuchong/miniconda3/envs/py310/lib/python3.10/site-packages/airflow/example_dags/example_task_group_decorator.py for tasks to queue
[2026-02-11T17:39:11.378+0800] {logging_mixin.py:188} INFO - [2026-02-11T17:39:11.378+0800] {dagbag.py:540} INFO - Filling up the DagBag from /Users/linghuchong/miniconda3/envs/py310/lib/python3.10/site-packages/airflow/example_dags/example_task_group_decorator.py
[2026-02-11T17:39:11.424+0800] {processor.py:840} INFO - DAG(s) 'example_task_group_decorator' retrieved from /Users/linghuchong/miniconda3/envs/py310/lib/python3.10/site-packages/airflow/example_dags/example_task_group_decorator.py
[2026-02-11T17:39:11.559+0800] {logging_mixin.py:188} INFO - [2026-02-11T17:39:11.559+0800] {dag.py:3047} INFO - Sync 1 DAGs
[2026-02-11T17:39:11.583+0800] {logging_mixin.py:188} INFO - [2026-02-11T17:39:11.583+0800] {dag.py:3834} INFO - Setting next_dagrun for example_task_group_decorator to 2026-02-10 00:00:00+00:00, run_after=2026-02-11 00:00:00+00:00
[2026-02-11T17:39:11.602+0800] {processor.py:183} INFO - Processing /Users/linghuchong/miniconda3/envs/py310/lib/python3.10/site-packages/airflow/example_dags/example_task_group_decorator.py took 0.229 seconds
[2026-02-11T17:42:19.025+0800] {processor.py:161} INFO - Started process (PID=18995) to work on /Users/linghuchong/miniconda3/envs/py310/lib/python3.10/site-packages/airflow/example_dags/example_task_group_decorator.py
[2026-02-11T17:42:19.028+0800] {processor.py:830} INFO - Processing file /Users/linghuchong/miniconda3/envs/py310/lib/python3.10/site-packages/airflow/example_dags/example_task_group_decorator.py for tasks to queue
[2026-02-11T17:42:19.029+0800] {logging_mixin.py:188} INFO - [2026-02-11T17:42:19.028+0800] {dagbag.py:540} INFO - Filling up the DagBag from /Users/linghuchong/miniconda3/envs/py310/lib/python3.10/site-packages/airflow/example_dags/example_task_group_decorator.py
[2026-02-11T17:42:19.074+0800] {processor.py:840} INFO - DAG(s) 'example_task_group_decorator' retrieved from /Users/linghuchong/miniconda3/envs/py310/lib/python3.10/site-packages/airflow/example_dags/example_task_group_decorator.py
[2026-02-11T17:42:19.196+0800] {logging_mixin.py:188} INFO - [2026-02-11T17:42:19.195+0800] {dag.py:3047} INFO - Sync 1 DAGs
[2026-02-11T17:42:19.217+0800] {logging_mixin.py:188} INFO - [2026-02-11T17:42:19.217+0800] {dag.py:3834} INFO - Setting next_dagrun for example_task_group_decorator to 2026-02-10 00:00:00+00:00, run_after=2026-02-11 00:00:00+00:00
[2026-02-11T17:42:19.235+0800] {processor.py:183} INFO - Processing /Users/linghuchong/miniconda3/envs/py310/lib/python3.10/site-packages/airflow/example_dags/example_task_group_decorator.py took 0.211 seconds
[2026-02-11T17:45:29.121+0800] {processor.py:161} INFO - Started process (PID=19635) to work on /Users/linghuchong/miniconda3/envs/py310/lib/python3.10/site-packages/airflow/example_dags/example_task_group_decorator.py
[2026-02-11T17:45:29.124+0800] {processor.py:830} INFO - Processing file /Users/linghuchong/miniconda3/envs/py310/lib/python3.10/site-packages/airflow/example_dags/example_task_group_decorator.py for tasks to queue
[2026-02-11T17:45:29.125+0800] {logging_mixin.py:188} INFO - [2026-02-11T17:45:29.125+0800] {dagbag.py:540} INFO - Filling up the DagBag from /Users/linghuchong/miniconda3/envs/py310/lib/python3.10/site-packages/airflow/example_dags/example_task_group_decorator.py
[2026-02-11T17:45:29.168+0800] {processor.py:840} INFO - DAG(s) 'example_task_group_decorator' retrieved from /Users/linghuchong/miniconda3/envs/py310/lib/python3.10/site-packages/airflow/example_dags/example_task_group_decorator.py
[2026-02-11T17:45:29.296+0800] {logging_mixin.py:188} INFO - [2026-02-11T17:45:29.296+0800] {dag.py:3047} INFO - Sync 1 DAGs
[2026-02-11T17:45:29.315+0800] {logging_mixin.py:188} INFO - [2026-02-11T17:45:29.315+0800] {dag.py:3834} INFO - Setting next_dagrun for example_task_group_decorator to 2026-02-10 00:00:00+00:00, run_after=2026-02-11 00:00:00+00:00
[2026-02-11T17:45:29.335+0800] {processor.py:183} INFO - Processing /Users/linghuchong/miniconda3/envs/py310/lib/python3.10/site-packages/airflow/example_dags/example_task_group_decorator.py took 0.215 seconds
[2026-02-11T17:48:31.354+0800] {processor.py:161} INFO - Started process (PID=19798) to work on /Users/linghuchong/miniconda3/envs/py310/lib/python3.10/site-packages/airflow/example_dags/example_task_group_decorator.py
[2026-02-11T17:48:31.406+0800] {processor.py:830} INFO - Processing file /Users/linghuchong/miniconda3/envs/py310/lib/python3.10/site-packages/airflow/example_dags/example_task_group_decorator.py for tasks to queue
[2026-02-11T17:48:31.408+0800] {logging_mixin.py:188} INFO - [2026-02-11T17:48:31.408+0800] {dagbag.py:540} INFO - Filling up the DagBag from /Users/linghuchong/miniconda3/envs/py310/lib/python3.10/site-packages/airflow/example_dags/example_task_group_decorator.py
[2026-02-11T17:48:31.451+0800] {processor.py:840} INFO - DAG(s) 'example_task_group_decorator' retrieved from /Users/linghuchong/miniconda3/envs/py310/lib/python3.10/site-packages/airflow/example_dags/example_task_group_decorator.py
[2026-02-11T17:48:31.572+0800] {logging_mixin.py:188} INFO - [2026-02-11T17:48:31.572+0800] {dag.py:3047} INFO - Sync 1 DAGs
[2026-02-11T17:48:31.591+0800] {logging_mixin.py:188} INFO - [2026-02-11T17:48:31.591+0800] {dag.py:3834} INFO - Setting next_dagrun for example_task_group_decorator to 2026-02-10 00:00:00+00:00, run_after=2026-02-11 00:00:00+00:00
[2026-02-11T17:48:31.610+0800] {processor.py:183} INFO - Processing /Users/linghuchong/miniconda3/envs/py310/lib/python3.10/site-packages/airflow/example_dags/example_task_group_decorator.py took 0.257 seconds
[2026-02-11T17:51:36.495+0800] {processor.py:161} INFO - Started process (PID=19880) to work on /Users/linghuchong/miniconda3/envs/py310/lib/python3.10/site-packages/airflow/example_dags/example_task_group_decorator.py
[2026-02-11T17:51:36.497+0800] {processor.py:830} INFO - Processing file /Users/linghuchong/miniconda3/envs/py310/lib/python3.10/site-packages/airflow/example_dags/example_task_group_decorator.py for tasks to queue
[2026-02-11T17:51:36.499+0800] {logging_mixin.py:188} INFO - [2026-02-11T17:51:36.498+0800] {dagbag.py:540} INFO - Filling up the DagBag from /Users/linghuchong/miniconda3/envs/py310/lib/python3.10/site-packages/airflow/example_dags/example_task_group_decorator.py
[2026-02-11T17:51:36.542+0800] {processor.py:840} INFO - DAG(s) 'example_task_group_decorator' retrieved from /Users/linghuchong/miniconda3/envs/py310/lib/python3.10/site-packages/airflow/example_dags/example_task_group_decorator.py
[2026-02-11T17:51:36.669+0800] {logging_mixin.py:188} INFO - [2026-02-11T17:51:36.668+0800] {dag.py:3047} INFO - Sync 1 DAGs
[2026-02-11T17:51:36.687+0800] {logging_mixin.py:188} INFO - [2026-02-11T17:51:36.687+0800] {dag.py:3834} INFO - Setting next_dagrun for example_task_group_decorator to 2026-02-10 00:00:00+00:00, run_after=2026-02-11 00:00:00+00:00
[2026-02-11T17:51:36.706+0800] {processor.py:183} INFO - Processing /Users/linghuchong/miniconda3/envs/py310/lib/python3.10/site-packages/airflow/example_dags/example_task_group_decorator.py took 0.213 seconds
[2026-02-11T17:54:41.863+0800] {processor.py:161} INFO - Started process (PID=20014) to work on /Users/linghuchong/miniconda3/envs/py310/lib/python3.10/site-packages/airflow/example_dags/example_task_group_decorator.py
[2026-02-11T17:54:41.868+0800] {processor.py:830} INFO - Processing file /Users/linghuchong/miniconda3/envs/py310/lib/python3.10/site-packages/airflow/example_dags/example_task_group_decorator.py for tasks to queue
[2026-02-11T17:54:41.870+0800] {logging_mixin.py:188} INFO - [2026-02-11T17:54:41.869+0800] {dagbag.py:540} INFO - Filling up the DagBag from /Users/linghuchong/miniconda3/envs/py310/lib/python3.10/site-packages/airflow/example_dags/example_task_group_decorator.py
[2026-02-11T17:54:41.929+0800] {processor.py:840} INFO - DAG(s) 'example_task_group_decorator' retrieved from /Users/linghuchong/miniconda3/envs/py310/lib/python3.10/site-packages/airflow/example_dags/example_task_group_decorator.py
[2026-02-11T17:54:42.059+0800] {logging_mixin.py:188} INFO - [2026-02-11T17:54:42.059+0800] {dag.py:3047} INFO - Sync 1 DAGs
[2026-02-11T17:54:42.079+0800] {logging_mixin.py:188} INFO - [2026-02-11T17:54:42.078+0800] {dag.py:3834} INFO - Setting next_dagrun for example_task_group_decorator to 2026-02-10 00:00:00+00:00, run_after=2026-02-11 00:00:00+00:00
[2026-02-11T17:54:42.098+0800] {processor.py:183} INFO - Processing /Users/linghuchong/miniconda3/envs/py310/lib/python3.10/site-packages/airflow/example_dags/example_task_group_decorator.py took 0.236 seconds
[2026-02-11T17:57:48.208+0800] {processor.py:161} INFO - Started process (PID=20102) to work on /Users/linghuchong/miniconda3/envs/py310/lib/python3.10/site-packages/airflow/example_dags/example_task_group_decorator.py
[2026-02-11T17:57:48.211+0800] {processor.py:830} INFO - Processing file /Users/linghuchong/miniconda3/envs/py310/lib/python3.10/site-packages/airflow/example_dags/example_task_group_decorator.py for tasks to queue
[2026-02-11T17:57:48.212+0800] {logging_mixin.py:188} INFO - [2026-02-11T17:57:48.212+0800] {dagbag.py:540} INFO - Filling up the DagBag from /Users/linghuchong/miniconda3/envs/py310/lib/python3.10/site-packages/airflow/example_dags/example_task_group_decorator.py
[2026-02-11T17:57:48.258+0800] {processor.py:840} INFO - DAG(s) 'example_task_group_decorator' retrieved from /Users/linghuchong/miniconda3/envs/py310/lib/python3.10/site-packages/airflow/example_dags/example_task_group_decorator.py
[2026-02-11T17:57:48.388+0800] {logging_mixin.py:188} INFO - [2026-02-11T17:57:48.388+0800] {dag.py:3047} INFO - Sync 1 DAGs
[2026-02-11T17:57:48.408+0800] {logging_mixin.py:188} INFO - [2026-02-11T17:57:48.408+0800] {dag.py:3834} INFO - Setting next_dagrun for example_task_group_decorator to 2026-02-10 00:00:00+00:00, run_after=2026-02-11 00:00:00+00:00
[2026-02-11T17:57:48.428+0800] {processor.py:183} INFO - Processing /Users/linghuchong/miniconda3/envs/py310/lib/python3.10/site-packages/airflow/example_dags/example_task_group_decorator.py took 0.221 seconds
[2026-02-11T18:01:03.282+0800] {processor.py:161} INFO - Started process (PID=20336) to work on /Users/linghuchong/miniconda3/envs/py310/lib/python3.10/site-packages/airflow/example_dags/example_task_group_decorator.py
[2026-02-11T18:01:03.286+0800] {processor.py:830} INFO - Processing file /Users/linghuchong/miniconda3/envs/py310/lib/python3.10/site-packages/airflow/example_dags/example_task_group_decorator.py for tasks to queue
[2026-02-11T18:01:03.287+0800] {logging_mixin.py:188} INFO - [2026-02-11T18:01:03.287+0800] {dagbag.py:540} INFO - Filling up the DagBag from /Users/linghuchong/miniconda3/envs/py310/lib/python3.10/site-packages/airflow/example_dags/example_task_group_decorator.py
[2026-02-11T18:01:03.333+0800] {processor.py:840} INFO - DAG(s) 'example_task_group_decorator' retrieved from /Users/linghuchong/miniconda3/envs/py310/lib/python3.10/site-packages/airflow/example_dags/example_task_group_decorator.py
[2026-02-11T18:01:03.580+0800] {logging_mixin.py:188} INFO - [2026-02-11T18:01:03.580+0800] {dag.py:3047} INFO - Sync 1 DAGs
[2026-02-11T18:01:03.600+0800] {logging_mixin.py:188} INFO - [2026-02-11T18:01:03.600+0800] {dag.py:3834} INFO - Setting next_dagrun for example_task_group_decorator to 2026-02-10 00:00:00+00:00, run_after=2026-02-11 00:00:00+00:00
[2026-02-11T18:01:03.620+0800] {processor.py:183} INFO - Processing /Users/linghuchong/miniconda3/envs/py310/lib/python3.10/site-packages/airflow/example_dags/example_task_group_decorator.py took 0.339 seconds
