[2026-02-11T12:20:18.152+0800] {processor.py:161} INFO - Started process (PID=8262) to work on /Users/linghuchong/miniconda3/envs/py310/lib/python3.10/site-packages/airflow/example_dags/example_bash_operator.py
[2026-02-11T12:20:18.153+0800] {processor.py:830} INFO - Processing file /Users/linghuchong/miniconda3/envs/py310/lib/python3.10/site-packages/airflow/example_dags/example_bash_operator.py for tasks to queue
[2026-02-11T12:20:18.154+0800] {logging_mixin.py:188} INFO - [2026-02-11T12:20:18.154+0800] {dagbag.py:540} INFO - Filling up the DagBag from /Users/linghuchong/miniconda3/envs/py310/lib/python3.10/site-packages/airflow/example_dags/example_bash_operator.py
[2026-02-11T12:20:18.170+0800] {processor.py:840} INFO - DAG(s) 'example_bash_operator' retrieved from /Users/linghuchong/miniconda3/envs/py310/lib/python3.10/site-packages/airflow/example_dags/example_bash_operator.py
[2026-02-11T12:20:18.409+0800] {logging_mixin.py:188} INFO - [2026-02-11T12:20:18.409+0800] {override.py:1769} INFO - Created Permission View: can delete on DAG:example_bash_operator
[2026-02-11T12:20:18.418+0800] {logging_mixin.py:188} INFO - [2026-02-11T12:20:18.418+0800] {override.py:1769} INFO - Created Permission View: can edit on DAG:example_bash_operator
[2026-02-11T12:20:18.427+0800] {logging_mixin.py:188} INFO - [2026-02-11T12:20:18.427+0800] {override.py:1769} INFO - Created Permission View: can read on DAG:example_bash_operator
[2026-02-11T12:20:18.428+0800] {logging_mixin.py:188} INFO - [2026-02-11T12:20:18.428+0800] {dag.py:3047} INFO - Sync 1 DAGs
[2026-02-11T12:20:18.441+0800] {logging_mixin.py:188} INFO - [2026-02-11T12:20:18.441+0800] {dag.py:3069} INFO - Creating ORM DAG for example_bash_operator
[2026-02-11T12:20:18.456+0800] {logging_mixin.py:188} INFO - [2026-02-11T12:20:18.456+0800] {dag.py:3834} INFO - Setting next_dagrun for example_bash_operator to 2026-02-10 00:00:00+00:00, run_after=2026-02-11 00:00:00+00:00
[2026-02-11T12:20:18.475+0800] {processor.py:183} INFO - Processing /Users/linghuchong/miniconda3/envs/py310/lib/python3.10/site-packages/airflow/example_dags/example_bash_operator.py took 0.323 seconds
[2026-02-11T12:25:43.389+0800] {processor.py:161} INFO - Started process (PID=8447) to work on /Users/linghuchong/miniconda3/envs/py310/lib/python3.10/site-packages/airflow/example_dags/example_bash_operator.py
[2026-02-11T12:25:43.392+0800] {processor.py:830} INFO - Processing file /Users/linghuchong/miniconda3/envs/py310/lib/python3.10/site-packages/airflow/example_dags/example_bash_operator.py for tasks to queue
[2026-02-11T12:25:43.392+0800] {logging_mixin.py:188} INFO - [2026-02-11T12:25:43.392+0800] {dagbag.py:540} INFO - Filling up the DagBag from /Users/linghuchong/miniconda3/envs/py310/lib/python3.10/site-packages/airflow/example_dags/example_bash_operator.py
[2026-02-11T12:25:43.405+0800] {processor.py:840} INFO - DAG(s) 'example_bash_operator' retrieved from /Users/linghuchong/miniconda3/envs/py310/lib/python3.10/site-packages/airflow/example_dags/example_bash_operator.py
[2026-02-11T12:25:43.526+0800] {logging_mixin.py:188} INFO - [2026-02-11T12:25:43.526+0800] {dag.py:3047} INFO - Sync 1 DAGs
[2026-02-11T12:25:43.544+0800] {logging_mixin.py:188} INFO - [2026-02-11T12:25:43.544+0800] {dag.py:3834} INFO - Setting next_dagrun for example_bash_operator to 2026-02-10 00:00:00+00:00, run_after=2026-02-11 00:00:00+00:00
[2026-02-11T12:25:43.564+0800] {processor.py:183} INFO - Processing /Users/linghuchong/miniconda3/envs/py310/lib/python3.10/site-packages/airflow/example_dags/example_bash_operator.py took 0.175 seconds
[2026-02-11T13:09:14.065+0800] {processor.py:161} INFO - Started process (PID=8626) to work on /Users/linghuchong/miniconda3/envs/py310/lib/python3.10/site-packages/airflow/example_dags/example_bash_operator.py
[2026-02-11T13:09:14.066+0800] {processor.py:830} INFO - Processing file /Users/linghuchong/miniconda3/envs/py310/lib/python3.10/site-packages/airflow/example_dags/example_bash_operator.py for tasks to queue
[2026-02-11T13:09:14.067+0800] {logging_mixin.py:188} INFO - [2026-02-11T13:09:14.067+0800] {dagbag.py:540} INFO - Filling up the DagBag from /Users/linghuchong/miniconda3/envs/py310/lib/python3.10/site-packages/airflow/example_dags/example_bash_operator.py
[2026-02-11T13:09:14.082+0800] {processor.py:840} INFO - DAG(s) 'example_bash_operator' retrieved from /Users/linghuchong/miniconda3/envs/py310/lib/python3.10/site-packages/airflow/example_dags/example_bash_operator.py
[2026-02-11T13:09:14.232+0800] {logging_mixin.py:188} INFO - [2026-02-11T13:09:14.232+0800] {dag.py:3047} INFO - Sync 1 DAGs
[2026-02-11T13:09:14.254+0800] {logging_mixin.py:188} INFO - [2026-02-11T13:09:14.253+0800] {dag.py:3834} INFO - Setting next_dagrun for example_bash_operator to 2026-02-10 00:00:00+00:00, run_after=2026-02-11 00:00:00+00:00
[2026-02-11T13:09:14.276+0800] {processor.py:183} INFO - Processing /Users/linghuchong/miniconda3/envs/py310/lib/python3.10/site-packages/airflow/example_dags/example_bash_operator.py took 0.212 seconds
[2026-02-11T13:22:37.490+0800] {processor.py:161} INFO - Started process (PID=9187) to work on /Users/linghuchong/miniconda3/envs/py310/lib/python3.10/site-packages/airflow/example_dags/example_bash_operator.py
[2026-02-11T13:22:37.491+0800] {processor.py:830} INFO - Processing file /Users/linghuchong/miniconda3/envs/py310/lib/python3.10/site-packages/airflow/example_dags/example_bash_operator.py for tasks to queue
[2026-02-11T13:22:37.492+0800] {logging_mixin.py:188} INFO - [2026-02-11T13:22:37.492+0800] {dagbag.py:540} INFO - Filling up the DagBag from /Users/linghuchong/miniconda3/envs/py310/lib/python3.10/site-packages/airflow/example_dags/example_bash_operator.py
[2026-02-11T13:22:37.505+0800] {processor.py:840} INFO - DAG(s) 'example_bash_operator' retrieved from /Users/linghuchong/miniconda3/envs/py310/lib/python3.10/site-packages/airflow/example_dags/example_bash_operator.py
[2026-02-11T13:22:37.633+0800] {logging_mixin.py:188} INFO - [2026-02-11T13:22:37.632+0800] {dag.py:3047} INFO - Sync 1 DAGs
[2026-02-11T13:22:37.654+0800] {logging_mixin.py:188} INFO - [2026-02-11T13:22:37.653+0800] {dag.py:3834} INFO - Setting next_dagrun for example_bash_operator to 2026-02-10 00:00:00+00:00, run_after=2026-02-11 00:00:00+00:00
[2026-02-11T13:22:37.675+0800] {processor.py:183} INFO - Processing /Users/linghuchong/miniconda3/envs/py310/lib/python3.10/site-packages/airflow/example_dags/example_bash_operator.py took 0.185 seconds
[2026-02-11T13:28:11.926+0800] {processor.py:161} INFO - Started process (PID=9356) to work on /Users/linghuchong/miniconda3/envs/py310/lib/python3.10/site-packages/airflow/example_dags/example_bash_operator.py
[2026-02-11T13:28:11.929+0800] {processor.py:830} INFO - Processing file /Users/linghuchong/miniconda3/envs/py310/lib/python3.10/site-packages/airflow/example_dags/example_bash_operator.py for tasks to queue
[2026-02-11T13:28:11.930+0800] {logging_mixin.py:188} INFO - [2026-02-11T13:28:11.929+0800] {dagbag.py:540} INFO - Filling up the DagBag from /Users/linghuchong/miniconda3/envs/py310/lib/python3.10/site-packages/airflow/example_dags/example_bash_operator.py
[2026-02-11T13:28:11.950+0800] {processor.py:840} INFO - DAG(s) 'example_bash_operator' retrieved from /Users/linghuchong/miniconda3/envs/py310/lib/python3.10/site-packages/airflow/example_dags/example_bash_operator.py
[2026-02-11T13:28:12.164+0800] {logging_mixin.py:188} INFO - [2026-02-11T13:28:12.163+0800] {dag.py:3047} INFO - Sync 1 DAGs
[2026-02-11T13:28:12.185+0800] {logging_mixin.py:188} INFO - [2026-02-11T13:28:12.185+0800] {dag.py:3834} INFO - Setting next_dagrun for example_bash_operator to 2026-02-10 00:00:00+00:00, run_after=2026-02-11 00:00:00+00:00
[2026-02-11T13:28:12.207+0800] {processor.py:183} INFO - Processing /Users/linghuchong/miniconda3/envs/py310/lib/python3.10/site-packages/airflow/example_dags/example_bash_operator.py took 0.281 seconds
[2026-02-11T13:34:06.030+0800] {processor.py:161} INFO - Started process (PID=9555) to work on /Users/linghuchong/miniconda3/envs/py310/lib/python3.10/site-packages/airflow/example_dags/example_bash_operator.py
[2026-02-11T13:34:06.031+0800] {processor.py:830} INFO - Processing file /Users/linghuchong/miniconda3/envs/py310/lib/python3.10/site-packages/airflow/example_dags/example_bash_operator.py for tasks to queue
[2026-02-11T13:34:06.032+0800] {logging_mixin.py:188} INFO - [2026-02-11T13:34:06.032+0800] {dagbag.py:540} INFO - Filling up the DagBag from /Users/linghuchong/miniconda3/envs/py310/lib/python3.10/site-packages/airflow/example_dags/example_bash_operator.py
[2026-02-11T13:34:06.051+0800] {processor.py:840} INFO - DAG(s) 'example_bash_operator' retrieved from /Users/linghuchong/miniconda3/envs/py310/lib/python3.10/site-packages/airflow/example_dags/example_bash_operator.py
[2026-02-11T13:34:06.216+0800] {logging_mixin.py:188} INFO - [2026-02-11T13:34:06.216+0800] {dag.py:3047} INFO - Sync 1 DAGs
[2026-02-11T13:34:06.243+0800] {logging_mixin.py:188} INFO - [2026-02-11T13:34:06.243+0800] {dag.py:3834} INFO - Setting next_dagrun for example_bash_operator to 2026-02-10 00:00:00+00:00, run_after=2026-02-11 00:00:00+00:00
[2026-02-11T13:34:06.266+0800] {processor.py:183} INFO - Processing /Users/linghuchong/miniconda3/envs/py310/lib/python3.10/site-packages/airflow/example_dags/example_bash_operator.py took 0.237 seconds
[2026-02-11T16:22:22.671+0800] {processor.py:161} INFO - Started process (PID=14590) to work on /Users/linghuchong/miniconda3/envs/py310/lib/python3.10/site-packages/airflow/example_dags/example_bash_operator.py
[2026-02-11T16:22:22.674+0800] {processor.py:830} INFO - Processing file /Users/linghuchong/miniconda3/envs/py310/lib/python3.10/site-packages/airflow/example_dags/example_bash_operator.py for tasks to queue
[2026-02-11T16:22:22.675+0800] {logging_mixin.py:188} INFO - [2026-02-11T16:22:22.675+0800] {dagbag.py:540} INFO - Filling up the DagBag from /Users/linghuchong/miniconda3/envs/py310/lib/python3.10/site-packages/airflow/example_dags/example_bash_operator.py
[2026-02-11T16:22:22.689+0800] {processor.py:840} INFO - DAG(s) 'example_bash_operator' retrieved from /Users/linghuchong/miniconda3/envs/py310/lib/python3.10/site-packages/airflow/example_dags/example_bash_operator.py
[2026-02-11T16:22:22.919+0800] {logging_mixin.py:188} INFO - [2026-02-11T16:22:22.919+0800] {dag.py:3047} INFO - Sync 1 DAGs
[2026-02-11T16:22:22.940+0800] {logging_mixin.py:188} INFO - [2026-02-11T16:22:22.940+0800] {dag.py:3834} INFO - Setting next_dagrun for example_bash_operator to 2026-02-10 00:00:00+00:00, run_after=2026-02-11 00:00:00+00:00
[2026-02-11T16:22:22.963+0800] {processor.py:183} INFO - Processing /Users/linghuchong/miniconda3/envs/py310/lib/python3.10/site-packages/airflow/example_dags/example_bash_operator.py took 0.292 seconds
[2026-02-11T16:29:18.542+0800] {processor.py:161} INFO - Started process (PID=14910) to work on /Users/linghuchong/miniconda3/envs/py310/lib/python3.10/site-packages/airflow/example_dags/example_bash_operator.py
[2026-02-11T16:29:18.543+0800] {processor.py:830} INFO - Processing file /Users/linghuchong/miniconda3/envs/py310/lib/python3.10/site-packages/airflow/example_dags/example_bash_operator.py for tasks to queue
[2026-02-11T16:29:18.544+0800] {logging_mixin.py:188} INFO - [2026-02-11T16:29:18.544+0800] {dagbag.py:540} INFO - Filling up the DagBag from /Users/linghuchong/miniconda3/envs/py310/lib/python3.10/site-packages/airflow/example_dags/example_bash_operator.py
[2026-02-11T16:29:18.557+0800] {processor.py:840} INFO - DAG(s) 'example_bash_operator' retrieved from /Users/linghuchong/miniconda3/envs/py310/lib/python3.10/site-packages/airflow/example_dags/example_bash_operator.py
[2026-02-11T16:29:18.778+0800] {logging_mixin.py:188} INFO - [2026-02-11T16:29:18.777+0800] {dag.py:3047} INFO - Sync 1 DAGs
[2026-02-11T16:29:18.798+0800] {logging_mixin.py:188} INFO - [2026-02-11T16:29:18.798+0800] {dag.py:3834} INFO - Setting next_dagrun for example_bash_operator to 2026-02-10 00:00:00+00:00, run_after=2026-02-11 00:00:00+00:00
[2026-02-11T16:29:18.821+0800] {processor.py:183} INFO - Processing /Users/linghuchong/miniconda3/envs/py310/lib/python3.10/site-packages/airflow/example_dags/example_bash_operator.py took 0.280 seconds
[2026-02-11T16:35:51.246+0800] {processor.py:161} INFO - Started process (PID=15391) to work on /Users/linghuchong/miniconda3/envs/py310/lib/python3.10/site-packages/airflow/example_dags/example_bash_operator.py
[2026-02-11T16:35:51.249+0800] {processor.py:830} INFO - Processing file /Users/linghuchong/miniconda3/envs/py310/lib/python3.10/site-packages/airflow/example_dags/example_bash_operator.py for tasks to queue
[2026-02-11T16:35:51.250+0800] {logging_mixin.py:188} INFO - [2026-02-11T16:35:51.250+0800] {dagbag.py:540} INFO - Filling up the DagBag from /Users/linghuchong/miniconda3/envs/py310/lib/python3.10/site-packages/airflow/example_dags/example_bash_operator.py
[2026-02-11T16:35:51.263+0800] {processor.py:840} INFO - DAG(s) 'example_bash_operator' retrieved from /Users/linghuchong/miniconda3/envs/py310/lib/python3.10/site-packages/airflow/example_dags/example_bash_operator.py
[2026-02-11T16:35:51.480+0800] {logging_mixin.py:188} INFO - [2026-02-11T16:35:51.480+0800] {dag.py:3047} INFO - Sync 1 DAGs
[2026-02-11T16:35:51.499+0800] {logging_mixin.py:188} INFO - [2026-02-11T16:35:51.499+0800] {dag.py:3834} INFO - Setting next_dagrun for example_bash_operator to 2026-02-10 00:00:00+00:00, run_after=2026-02-11 00:00:00+00:00
[2026-02-11T16:35:51.521+0800] {processor.py:183} INFO - Processing /Users/linghuchong/miniconda3/envs/py310/lib/python3.10/site-packages/airflow/example_dags/example_bash_operator.py took 0.276 seconds
[2026-02-11T16:41:46.894+0800] {processor.py:161} INFO - Started process (PID=15780) to work on /Users/linghuchong/miniconda3/envs/py310/lib/python3.10/site-packages/airflow/example_dags/example_bash_operator.py
[2026-02-11T16:41:46.895+0800] {processor.py:830} INFO - Processing file /Users/linghuchong/miniconda3/envs/py310/lib/python3.10/site-packages/airflow/example_dags/example_bash_operator.py for tasks to queue
[2026-02-11T16:41:46.896+0800] {logging_mixin.py:188} INFO - [2026-02-11T16:41:46.896+0800] {dagbag.py:540} INFO - Filling up the DagBag from /Users/linghuchong/miniconda3/envs/py310/lib/python3.10/site-packages/airflow/example_dags/example_bash_operator.py
[2026-02-11T16:41:46.910+0800] {processor.py:840} INFO - DAG(s) 'example_bash_operator' retrieved from /Users/linghuchong/miniconda3/envs/py310/lib/python3.10/site-packages/airflow/example_dags/example_bash_operator.py
[2026-02-11T16:41:47.051+0800] {logging_mixin.py:188} INFO - [2026-02-11T16:41:47.051+0800] {dag.py:3047} INFO - Sync 1 DAGs
[2026-02-11T16:41:47.072+0800] {logging_mixin.py:188} INFO - [2026-02-11T16:41:47.072+0800] {dag.py:3834} INFO - Setting next_dagrun for example_bash_operator to 2026-02-10 00:00:00+00:00, run_after=2026-02-11 00:00:00+00:00
[2026-02-11T16:41:47.093+0800] {processor.py:183} INFO - Processing /Users/linghuchong/miniconda3/envs/py310/lib/python3.10/site-packages/airflow/example_dags/example_bash_operator.py took 0.199 seconds
[2026-02-11T16:48:10.746+0800] {processor.py:161} INFO - Started process (PID=16175) to work on /Users/linghuchong/miniconda3/envs/py310/lib/python3.10/site-packages/airflow/example_dags/example_bash_operator.py
[2026-02-11T16:48:10.749+0800] {processor.py:830} INFO - Processing file /Users/linghuchong/miniconda3/envs/py310/lib/python3.10/site-packages/airflow/example_dags/example_bash_operator.py for tasks to queue
[2026-02-11T16:48:10.749+0800] {logging_mixin.py:188} INFO - [2026-02-11T16:48:10.749+0800] {dagbag.py:540} INFO - Filling up the DagBag from /Users/linghuchong/miniconda3/envs/py310/lib/python3.10/site-packages/airflow/example_dags/example_bash_operator.py
[2026-02-11T16:48:10.778+0800] {processor.py:840} INFO - DAG(s) 'example_bash_operator' retrieved from /Users/linghuchong/miniconda3/envs/py310/lib/python3.10/site-packages/airflow/example_dags/example_bash_operator.py
[2026-02-11T16:48:11.025+0800] {logging_mixin.py:188} INFO - [2026-02-11T16:48:11.024+0800] {dag.py:3047} INFO - Sync 1 DAGs
[2026-02-11T16:48:11.046+0800] {logging_mixin.py:188} INFO - [2026-02-11T16:48:11.046+0800] {dag.py:3834} INFO - Setting next_dagrun for example_bash_operator to 2026-02-10 00:00:00+00:00, run_after=2026-02-11 00:00:00+00:00
[2026-02-11T16:48:11.068+0800] {processor.py:183} INFO - Processing /Users/linghuchong/miniconda3/envs/py310/lib/python3.10/site-packages/airflow/example_dags/example_bash_operator.py took 0.323 seconds
[2026-02-11T16:54:59.563+0800] {processor.py:161} INFO - Started process (PID=16532) to work on /Users/linghuchong/miniconda3/envs/py310/lib/python3.10/site-packages/airflow/example_dags/example_bash_operator.py
[2026-02-11T16:54:59.565+0800] {processor.py:830} INFO - Processing file /Users/linghuchong/miniconda3/envs/py310/lib/python3.10/site-packages/airflow/example_dags/example_bash_operator.py for tasks to queue
[2026-02-11T16:54:59.566+0800] {logging_mixin.py:188} INFO - [2026-02-11T16:54:59.566+0800] {dagbag.py:540} INFO - Filling up the DagBag from /Users/linghuchong/miniconda3/envs/py310/lib/python3.10/site-packages/airflow/example_dags/example_bash_operator.py
[2026-02-11T16:54:59.579+0800] {processor.py:840} INFO - DAG(s) 'example_bash_operator' retrieved from /Users/linghuchong/miniconda3/envs/py310/lib/python3.10/site-packages/airflow/example_dags/example_bash_operator.py
[2026-02-11T16:54:59.802+0800] {logging_mixin.py:188} INFO - [2026-02-11T16:54:59.802+0800] {dag.py:3047} INFO - Sync 1 DAGs
[2026-02-11T16:54:59.824+0800] {logging_mixin.py:188} INFO - [2026-02-11T16:54:59.823+0800] {dag.py:3834} INFO - Setting next_dagrun for example_bash_operator to 2026-02-10 00:00:00+00:00, run_after=2026-02-11 00:00:00+00:00
[2026-02-11T16:54:59.847+0800] {processor.py:183} INFO - Processing /Users/linghuchong/miniconda3/envs/py310/lib/python3.10/site-packages/airflow/example_dags/example_bash_operator.py took 0.285 seconds
[2026-02-11T17:01:46.898+0800] {processor.py:161} INFO - Started process (PID=16791) to work on /Users/linghuchong/miniconda3/envs/py310/lib/python3.10/site-packages/airflow/example_dags/example_bash_operator.py
[2026-02-11T17:01:46.901+0800] {processor.py:830} INFO - Processing file /Users/linghuchong/miniconda3/envs/py310/lib/python3.10/site-packages/airflow/example_dags/example_bash_operator.py for tasks to queue
[2026-02-11T17:01:46.902+0800] {logging_mixin.py:188} INFO - [2026-02-11T17:01:46.902+0800] {dagbag.py:540} INFO - Filling up the DagBag from /Users/linghuchong/miniconda3/envs/py310/lib/python3.10/site-packages/airflow/example_dags/example_bash_operator.py
[2026-02-11T17:01:46.915+0800] {processor.py:840} INFO - DAG(s) 'example_bash_operator' retrieved from /Users/linghuchong/miniconda3/envs/py310/lib/python3.10/site-packages/airflow/example_dags/example_bash_operator.py
[2026-02-11T17:01:47.148+0800] {logging_mixin.py:188} INFO - [2026-02-11T17:01:47.147+0800] {dag.py:3047} INFO - Sync 1 DAGs
[2026-02-11T17:01:47.168+0800] {logging_mixin.py:188} INFO - [2026-02-11T17:01:47.168+0800] {dag.py:3834} INFO - Setting next_dagrun for example_bash_operator to 2026-02-10 00:00:00+00:00, run_after=2026-02-11 00:00:00+00:00
[2026-02-11T17:01:47.187+0800] {processor.py:183} INFO - Processing /Users/linghuchong/miniconda3/envs/py310/lib/python3.10/site-packages/airflow/example_dags/example_bash_operator.py took 0.290 seconds
[2026-02-11T17:17:48.369+0800] {processor.py:161} INFO - Started process (PID=17818) to work on /Users/linghuchong/miniconda3/envs/py310/lib/python3.10/site-packages/airflow/example_dags/example_bash_operator.py
[2026-02-11T17:17:48.372+0800] {processor.py:830} INFO - Processing file /Users/linghuchong/miniconda3/envs/py310/lib/python3.10/site-packages/airflow/example_dags/example_bash_operator.py for tasks to queue
[2026-02-11T17:17:48.373+0800] {logging_mixin.py:188} INFO - [2026-02-11T17:17:48.373+0800] {dagbag.py:540} INFO - Filling up the DagBag from /Users/linghuchong/miniconda3/envs/py310/lib/python3.10/site-packages/airflow/example_dags/example_bash_operator.py
[2026-02-11T17:17:48.387+0800] {processor.py:840} INFO - DAG(s) 'example_bash_operator' retrieved from /Users/linghuchong/miniconda3/envs/py310/lib/python3.10/site-packages/airflow/example_dags/example_bash_operator.py
[2026-02-11T17:17:48.604+0800] {logging_mixin.py:188} INFO - [2026-02-11T17:17:48.604+0800] {dag.py:3047} INFO - Sync 1 DAGs
[2026-02-11T17:17:48.624+0800] {logging_mixin.py:188} INFO - [2026-02-11T17:17:48.623+0800] {dag.py:3834} INFO - Setting next_dagrun for example_bash_operator to 2026-02-10 00:00:00+00:00, run_after=2026-02-11 00:00:00+00:00
[2026-02-11T17:17:48.647+0800] {processor.py:183} INFO - Processing /Users/linghuchong/miniconda3/envs/py310/lib/python3.10/site-packages/airflow/example_dags/example_bash_operator.py took 0.279 seconds
[2026-02-11T17:23:20.438+0800] {processor.py:161} INFO - Started process (PID=17987) to work on /Users/linghuchong/miniconda3/envs/py310/lib/python3.10/site-packages/airflow/example_dags/example_bash_operator.py
[2026-02-11T17:23:20.439+0800] {processor.py:830} INFO - Processing file /Users/linghuchong/miniconda3/envs/py310/lib/python3.10/site-packages/airflow/example_dags/example_bash_operator.py for tasks to queue
[2026-02-11T17:23:20.440+0800] {logging_mixin.py:188} INFO - [2026-02-11T17:23:20.440+0800] {dagbag.py:540} INFO - Filling up the DagBag from /Users/linghuchong/miniconda3/envs/py310/lib/python3.10/site-packages/airflow/example_dags/example_bash_operator.py
[2026-02-11T17:23:20.454+0800] {processor.py:840} INFO - DAG(s) 'example_bash_operator' retrieved from /Users/linghuchong/miniconda3/envs/py310/lib/python3.10/site-packages/airflow/example_dags/example_bash_operator.py
[2026-02-11T17:23:20.587+0800] {logging_mixin.py:188} INFO - [2026-02-11T17:23:20.586+0800] {dag.py:3047} INFO - Sync 1 DAGs
[2026-02-11T17:23:20.608+0800] {logging_mixin.py:188} INFO - [2026-02-11T17:23:20.607+0800] {dag.py:3834} INFO - Setting next_dagrun for example_bash_operator to 2026-02-10 00:00:00+00:00, run_after=2026-02-11 00:00:00+00:00
[2026-02-11T17:23:20.626+0800] {processor.py:183} INFO - Processing /Users/linghuchong/miniconda3/envs/py310/lib/python3.10/site-packages/airflow/example_dags/example_bash_operator.py took 0.189 seconds
[2026-02-11T17:28:45.860+0800] {processor.py:161} INFO - Started process (PID=18165) to work on /Users/linghuchong/miniconda3/envs/py310/lib/python3.10/site-packages/airflow/example_dags/example_bash_operator.py
[2026-02-11T17:28:45.863+0800] {processor.py:830} INFO - Processing file /Users/linghuchong/miniconda3/envs/py310/lib/python3.10/site-packages/airflow/example_dags/example_bash_operator.py for tasks to queue
[2026-02-11T17:28:45.864+0800] {logging_mixin.py:188} INFO - [2026-02-11T17:28:45.864+0800] {dagbag.py:540} INFO - Filling up the DagBag from /Users/linghuchong/miniconda3/envs/py310/lib/python3.10/site-packages/airflow/example_dags/example_bash_operator.py
[2026-02-11T17:28:45.879+0800] {processor.py:840} INFO - DAG(s) 'example_bash_operator' retrieved from /Users/linghuchong/miniconda3/envs/py310/lib/python3.10/site-packages/airflow/example_dags/example_bash_operator.py
[2026-02-11T17:28:45.999+0800] {logging_mixin.py:188} INFO - [2026-02-11T17:28:45.999+0800] {dag.py:3047} INFO - Sync 1 DAGs
[2026-02-11T17:28:46.020+0800] {logging_mixin.py:188} INFO - [2026-02-11T17:28:46.020+0800] {dag.py:3834} INFO - Setting next_dagrun for example_bash_operator to 2026-02-10 00:00:00+00:00, run_after=2026-02-11 00:00:00+00:00
[2026-02-11T17:28:46.041+0800] {processor.py:183} INFO - Processing /Users/linghuchong/miniconda3/envs/py310/lib/python3.10/site-packages/airflow/example_dags/example_bash_operator.py took 0.181 seconds
[2026-02-11T17:34:45.921+0800] {processor.py:161} INFO - Started process (PID=18383) to work on /Users/linghuchong/miniconda3/envs/py310/lib/python3.10/site-packages/airflow/example_dags/example_bash_operator.py
[2026-02-11T17:34:45.923+0800] {processor.py:830} INFO - Processing file /Users/linghuchong/miniconda3/envs/py310/lib/python3.10/site-packages/airflow/example_dags/example_bash_operator.py for tasks to queue
[2026-02-11T17:34:45.923+0800] {logging_mixin.py:188} INFO - [2026-02-11T17:34:45.923+0800] {dagbag.py:540} INFO - Filling up the DagBag from /Users/linghuchong/miniconda3/envs/py310/lib/python3.10/site-packages/airflow/example_dags/example_bash_operator.py
[2026-02-11T17:34:45.939+0800] {processor.py:840} INFO - DAG(s) 'example_bash_operator' retrieved from /Users/linghuchong/miniconda3/envs/py310/lib/python3.10/site-packages/airflow/example_dags/example_bash_operator.py
[2026-02-11T17:34:46.106+0800] {logging_mixin.py:188} INFO - [2026-02-11T17:34:46.106+0800] {dag.py:3047} INFO - Sync 1 DAGs
[2026-02-11T17:34:46.128+0800] {logging_mixin.py:188} INFO - [2026-02-11T17:34:46.128+0800] {dag.py:3834} INFO - Setting next_dagrun for example_bash_operator to 2026-02-10 00:00:00+00:00, run_after=2026-02-11 00:00:00+00:00
[2026-02-11T17:34:46.149+0800] {processor.py:183} INFO - Processing /Users/linghuchong/miniconda3/envs/py310/lib/python3.10/site-packages/airflow/example_dags/example_bash_operator.py took 0.229 seconds
[2026-02-11T17:40:56.839+0800] {processor.py:161} INFO - Started process (PID=18896) to work on /Users/linghuchong/miniconda3/envs/py310/lib/python3.10/site-packages/airflow/example_dags/example_bash_operator.py
[2026-02-11T17:40:56.840+0800] {processor.py:830} INFO - Processing file /Users/linghuchong/miniconda3/envs/py310/lib/python3.10/site-packages/airflow/example_dags/example_bash_operator.py for tasks to queue
[2026-02-11T17:40:56.841+0800] {logging_mixin.py:188} INFO - [2026-02-11T17:40:56.841+0800] {dagbag.py:540} INFO - Filling up the DagBag from /Users/linghuchong/miniconda3/envs/py310/lib/python3.10/site-packages/airflow/example_dags/example_bash_operator.py
[2026-02-11T17:40:56.856+0800] {processor.py:840} INFO - DAG(s) 'example_bash_operator' retrieved from /Users/linghuchong/miniconda3/envs/py310/lib/python3.10/site-packages/airflow/example_dags/example_bash_operator.py
[2026-02-11T17:40:57.005+0800] {logging_mixin.py:188} INFO - [2026-02-11T17:40:57.005+0800] {dag.py:3047} INFO - Sync 1 DAGs
[2026-02-11T17:40:57.029+0800] {logging_mixin.py:188} INFO - [2026-02-11T17:40:57.028+0800] {dag.py:3834} INFO - Setting next_dagrun for example_bash_operator to 2026-02-10 00:00:00+00:00, run_after=2026-02-11 00:00:00+00:00
[2026-02-11T17:40:57.065+0800] {processor.py:183} INFO - Processing /Users/linghuchong/miniconda3/envs/py310/lib/python3.10/site-packages/airflow/example_dags/example_bash_operator.py took 0.227 seconds
[2026-02-11T17:47:10.760+0800] {processor.py:161} INFO - Started process (PID=19711) to work on /Users/linghuchong/miniconda3/envs/py310/lib/python3.10/site-packages/airflow/example_dags/example_bash_operator.py
[2026-02-11T17:47:10.763+0800] {processor.py:830} INFO - Processing file /Users/linghuchong/miniconda3/envs/py310/lib/python3.10/site-packages/airflow/example_dags/example_bash_operator.py for tasks to queue
[2026-02-11T17:47:10.764+0800] {logging_mixin.py:188} INFO - [2026-02-11T17:47:10.764+0800] {dagbag.py:540} INFO - Filling up the DagBag from /Users/linghuchong/miniconda3/envs/py310/lib/python3.10/site-packages/airflow/example_dags/example_bash_operator.py
[2026-02-11T17:47:10.778+0800] {processor.py:840} INFO - DAG(s) 'example_bash_operator' retrieved from /Users/linghuchong/miniconda3/envs/py310/lib/python3.10/site-packages/airflow/example_dags/example_bash_operator.py
[2026-02-11T17:47:10.946+0800] {logging_mixin.py:188} INFO - [2026-02-11T17:47:10.945+0800] {dag.py:3047} INFO - Sync 1 DAGs
[2026-02-11T17:47:10.969+0800] {logging_mixin.py:188} INFO - [2026-02-11T17:47:10.969+0800] {dag.py:3834} INFO - Setting next_dagrun for example_bash_operator to 2026-02-10 00:00:00+00:00, run_after=2026-02-11 00:00:00+00:00
[2026-02-11T17:47:10.988+0800] {processor.py:183} INFO - Processing /Users/linghuchong/miniconda3/envs/py310/lib/python3.10/site-packages/airflow/example_dags/example_bash_operator.py took 0.229 seconds
[2026-02-11T17:53:21.502+0800] {processor.py:161} INFO - Started process (PID=19943) to work on /Users/linghuchong/miniconda3/envs/py310/lib/python3.10/site-packages/airflow/example_dags/example_bash_operator.py
[2026-02-11T17:53:21.541+0800] {processor.py:830} INFO - Processing file /Users/linghuchong/miniconda3/envs/py310/lib/python3.10/site-packages/airflow/example_dags/example_bash_operator.py for tasks to queue
[2026-02-11T17:53:21.544+0800] {logging_mixin.py:188} INFO - [2026-02-11T17:53:21.543+0800] {dagbag.py:540} INFO - Filling up the DagBag from /Users/linghuchong/miniconda3/envs/py310/lib/python3.10/site-packages/airflow/example_dags/example_bash_operator.py
[2026-02-11T17:53:21.573+0800] {processor.py:840} INFO - DAG(s) 'example_bash_operator' retrieved from /Users/linghuchong/miniconda3/envs/py310/lib/python3.10/site-packages/airflow/example_dags/example_bash_operator.py
[2026-02-11T17:53:21.868+0800] {logging_mixin.py:188} INFO - [2026-02-11T17:53:21.868+0800] {dag.py:3047} INFO - Sync 1 DAGs
[2026-02-11T17:53:21.897+0800] {logging_mixin.py:188} INFO - [2026-02-11T17:53:21.896+0800] {dag.py:3834} INFO - Setting next_dagrun for example_bash_operator to 2026-02-10 00:00:00+00:00, run_after=2026-02-11 00:00:00+00:00
[2026-02-11T17:53:21.921+0800] {processor.py:183} INFO - Processing /Users/linghuchong/miniconda3/envs/py310/lib/python3.10/site-packages/airflow/example_dags/example_bash_operator.py took 0.421 seconds
[2026-02-11T17:59:37.083+0800] {processor.py:161} INFO - Started process (PID=20197) to work on /Users/linghuchong/miniconda3/envs/py310/lib/python3.10/site-packages/airflow/example_dags/example_bash_operator.py
[2026-02-11T17:59:37.084+0800] {processor.py:830} INFO - Processing file /Users/linghuchong/miniconda3/envs/py310/lib/python3.10/site-packages/airflow/example_dags/example_bash_operator.py for tasks to queue
[2026-02-11T17:59:37.085+0800] {logging_mixin.py:188} INFO - [2026-02-11T17:59:37.085+0800] {dagbag.py:540} INFO - Filling up the DagBag from /Users/linghuchong/miniconda3/envs/py310/lib/python3.10/site-packages/airflow/example_dags/example_bash_operator.py
[2026-02-11T17:59:37.100+0800] {processor.py:840} INFO - DAG(s) 'example_bash_operator' retrieved from /Users/linghuchong/miniconda3/envs/py310/lib/python3.10/site-packages/airflow/example_dags/example_bash_operator.py
[2026-02-11T17:59:37.240+0800] {logging_mixin.py:188} INFO - [2026-02-11T17:59:37.240+0800] {dag.py:3047} INFO - Sync 1 DAGs
[2026-02-11T17:59:37.263+0800] {logging_mixin.py:188} INFO - [2026-02-11T17:59:37.262+0800] {dag.py:3834} INFO - Setting next_dagrun for example_bash_operator to 2026-02-10 00:00:00+00:00, run_after=2026-02-11 00:00:00+00:00
[2026-02-11T17:59:37.283+0800] {processor.py:183} INFO - Processing /Users/linghuchong/miniconda3/envs/py310/lib/python3.10/site-packages/airflow/example_dags/example_bash_operator.py took 0.201 seconds
