[2026-02-11T12:19:39.447+0800] {processor.py:161} INFO - Started process (PID=8230) to work on /Users/linghuchong/miniconda3/envs/py310/lib/python3.10/site-packages/airflow/example_dags/example_datasets.py
[2026-02-11T12:19:39.447+0800] {processor.py:830} INFO - Processing file /Users/linghuchong/miniconda3/envs/py310/lib/python3.10/site-packages/airflow/example_dags/example_datasets.py for tasks to queue
[2026-02-11T12:19:39.448+0800] {logging_mixin.py:188} INFO - [2026-02-11T12:19:39.448+0800] {dagbag.py:540} INFO - Filling up the DagBag from /Users/linghuchong/miniconda3/envs/py310/lib/python3.10/site-packages/airflow/example_dags/example_datasets.py
[2026-02-11T12:19:39.463+0800] {processor.py:840} INFO - DAG(s) 'dataset_consumes_unknown_never_scheduled', 'dataset_produces_2', 'dataset_consumes_1_and_2', 'dataset_produces_1', 'dataset_consumes_1_never_scheduled', 'dataset_consumes_1' retrieved from /Users/linghuchong/miniconda3/envs/py310/lib/python3.10/site-packages/airflow/example_dags/example_datasets.py
[2026-02-11T12:19:39.660+0800] {logging_mixin.py:188} INFO - [2026-02-11T12:19:39.660+0800] {override.py:1769} INFO - Created Permission View: can edit on DAG:dataset_consumes_unknown_never_scheduled
[2026-02-11T12:19:39.670+0800] {logging_mixin.py:188} INFO - [2026-02-11T12:19:39.669+0800] {override.py:1769} INFO - Created Permission View: can delete on DAG:dataset_consumes_unknown_never_scheduled
[2026-02-11T12:19:39.676+0800] {logging_mixin.py:188} INFO - [2026-02-11T12:19:39.676+0800] {override.py:1769} INFO - Created Permission View: can read on DAG:dataset_consumes_unknown_never_scheduled
[2026-02-11T12:19:39.688+0800] {logging_mixin.py:188} INFO - [2026-02-11T12:19:39.687+0800] {override.py:1769} INFO - Created Permission View: can edit on DAG:dataset_produces_2
[2026-02-11T12:19:39.694+0800] {logging_mixin.py:188} INFO - [2026-02-11T12:19:39.694+0800] {override.py:1769} INFO - Created Permission View: can delete on DAG:dataset_produces_2
[2026-02-11T12:19:39.700+0800] {logging_mixin.py:188} INFO - [2026-02-11T12:19:39.699+0800] {override.py:1769} INFO - Created Permission View: can read on DAG:dataset_produces_2
[2026-02-11T12:19:39.711+0800] {logging_mixin.py:188} INFO - [2026-02-11T12:19:39.711+0800] {override.py:1769} INFO - Created Permission View: can edit on DAG:dataset_consumes_1_and_2
[2026-02-11T12:19:39.717+0800] {logging_mixin.py:188} INFO - [2026-02-11T12:19:39.717+0800] {override.py:1769} INFO - Created Permission View: can delete on DAG:dataset_consumes_1_and_2
[2026-02-11T12:19:39.723+0800] {logging_mixin.py:188} INFO - [2026-02-11T12:19:39.723+0800] {override.py:1769} INFO - Created Permission View: can read on DAG:dataset_consumes_1_and_2
[2026-02-11T12:19:39.736+0800] {logging_mixin.py:188} INFO - [2026-02-11T12:19:39.735+0800] {override.py:1769} INFO - Created Permission View: can edit on DAG:dataset_produces_1
[2026-02-11T12:19:39.741+0800] {logging_mixin.py:188} INFO - [2026-02-11T12:19:39.741+0800] {override.py:1769} INFO - Created Permission View: can delete on DAG:dataset_produces_1
[2026-02-11T12:19:39.748+0800] {logging_mixin.py:188} INFO - [2026-02-11T12:19:39.748+0800] {override.py:1769} INFO - Created Permission View: can read on DAG:dataset_produces_1
[2026-02-11T12:19:39.760+0800] {logging_mixin.py:188} INFO - [2026-02-11T12:19:39.760+0800] {override.py:1769} INFO - Created Permission View: can edit on DAG:dataset_consumes_1_never_scheduled
[2026-02-11T12:19:39.765+0800] {logging_mixin.py:188} INFO - [2026-02-11T12:19:39.765+0800] {override.py:1769} INFO - Created Permission View: can delete on DAG:dataset_consumes_1_never_scheduled
[2026-02-11T12:19:39.771+0800] {logging_mixin.py:188} INFO - [2026-02-11T12:19:39.770+0800] {override.py:1769} INFO - Created Permission View: can read on DAG:dataset_consumes_1_never_scheduled
[2026-02-11T12:19:39.783+0800] {logging_mixin.py:188} INFO - [2026-02-11T12:19:39.783+0800] {override.py:1769} INFO - Created Permission View: can edit on DAG:dataset_consumes_1
[2026-02-11T12:19:39.790+0800] {logging_mixin.py:188} INFO - [2026-02-11T12:19:39.789+0800] {override.py:1769} INFO - Created Permission View: can delete on DAG:dataset_consumes_1
[2026-02-11T12:19:39.796+0800] {logging_mixin.py:188} INFO - [2026-02-11T12:19:39.795+0800] {override.py:1769} INFO - Created Permission View: can read on DAG:dataset_consumes_1
[2026-02-11T12:19:39.796+0800] {logging_mixin.py:188} INFO - [2026-02-11T12:19:39.796+0800] {dag.py:3047} INFO - Sync 6 DAGs
[2026-02-11T12:19:39.808+0800] {logging_mixin.py:188} INFO - [2026-02-11T12:19:39.808+0800] {dag.py:3069} INFO - Creating ORM DAG for dataset_consumes_1
[2026-02-11T12:19:39.809+0800] {logging_mixin.py:188} INFO - [2026-02-11T12:19:39.809+0800] {dag.py:3069} INFO - Creating ORM DAG for dataset_produces_2
[2026-02-11T12:19:39.809+0800] {logging_mixin.py:188} INFO - [2026-02-11T12:19:39.809+0800] {dag.py:3069} INFO - Creating ORM DAG for dataset_produces_1
[2026-02-11T12:19:39.810+0800] {logging_mixin.py:188} INFO - [2026-02-11T12:19:39.810+0800] {dag.py:3069} INFO - Creating ORM DAG for dataset_consumes_1_and_2
[2026-02-11T12:19:39.811+0800] {logging_mixin.py:188} INFO - [2026-02-11T12:19:39.810+0800] {dag.py:3069} INFO - Creating ORM DAG for dataset_consumes_unknown_never_scheduled
[2026-02-11T12:19:39.811+0800] {logging_mixin.py:188} INFO - [2026-02-11T12:19:39.811+0800] {dag.py:3069} INFO - Creating ORM DAG for dataset_consumes_1_never_scheduled
[2026-02-11T12:19:39.819+0800] {logging_mixin.py:188} INFO - [2026-02-11T12:19:39.819+0800] {dag.py:3834} INFO - Setting next_dagrun for dataset_consumes_1 to None, run_after=None
[2026-02-11T12:19:39.820+0800] {logging_mixin.py:188} INFO - [2026-02-11T12:19:39.819+0800] {dag.py:3834} INFO - Setting next_dagrun for dataset_consumes_1_and_2 to None, run_after=None
[2026-02-11T12:19:39.820+0800] {logging_mixin.py:188} INFO - [2026-02-11T12:19:39.820+0800] {dag.py:3834} INFO - Setting next_dagrun for dataset_consumes_1_never_scheduled to None, run_after=None
[2026-02-11T12:19:39.821+0800] {logging_mixin.py:188} INFO - [2026-02-11T12:19:39.821+0800] {dag.py:3834} INFO - Setting next_dagrun for dataset_consumes_unknown_never_scheduled to None, run_after=None
[2026-02-11T12:19:39.823+0800] {logging_mixin.py:188} INFO - [2026-02-11T12:19:39.823+0800] {dag.py:3834} INFO - Setting next_dagrun for dataset_produces_1 to 2026-02-10 00:00:00+00:00, run_after=2026-02-11 00:00:00+00:00
[2026-02-11T12:19:39.823+0800] {logging_mixin.py:188} INFO - [2026-02-11T12:19:39.823+0800] {dag.py:3834} INFO - Setting next_dagrun for dataset_produces_2 to None, run_after=None
[2026-02-11T12:19:39.897+0800] {processor.py:183} INFO - Processing /Users/linghuchong/miniconda3/envs/py310/lib/python3.10/site-packages/airflow/example_dags/example_datasets.py took 0.452 seconds
[2026-02-11T12:22:58.196+0800] {processor.py:161} INFO - Started process (PID=8378) to work on /Users/linghuchong/miniconda3/envs/py310/lib/python3.10/site-packages/airflow/example_dags/example_datasets.py
[2026-02-11T12:22:58.197+0800] {processor.py:830} INFO - Processing file /Users/linghuchong/miniconda3/envs/py310/lib/python3.10/site-packages/airflow/example_dags/example_datasets.py for tasks to queue
[2026-02-11T12:22:58.198+0800] {logging_mixin.py:188} INFO - [2026-02-11T12:22:58.197+0800] {dagbag.py:540} INFO - Filling up the DagBag from /Users/linghuchong/miniconda3/envs/py310/lib/python3.10/site-packages/airflow/example_dags/example_datasets.py
[2026-02-11T12:22:58.210+0800] {processor.py:840} INFO - DAG(s) 'dataset_consumes_1_never_scheduled', 'dataset_consumes_unknown_never_scheduled', 'dataset_consumes_1_and_2', 'dataset_consumes_1', 'dataset_produces_1', 'dataset_produces_2' retrieved from /Users/linghuchong/miniconda3/envs/py310/lib/python3.10/site-packages/airflow/example_dags/example_datasets.py
[2026-02-11T12:22:58.343+0800] {logging_mixin.py:188} INFO - [2026-02-11T12:22:58.342+0800] {dag.py:3047} INFO - Sync 6 DAGs
[2026-02-11T12:22:58.360+0800] {logging_mixin.py:188} INFO - [2026-02-11T12:22:58.360+0800] {dag.py:3834} INFO - Setting next_dagrun for dataset_consumes_1 to None, run_after=None
[2026-02-11T12:22:58.364+0800] {logging_mixin.py:188} INFO - [2026-02-11T12:22:58.364+0800] {dag.py:3834} INFO - Setting next_dagrun for dataset_consumes_1_and_2 to None, run_after=None
[2026-02-11T12:22:58.365+0800] {logging_mixin.py:188} INFO - [2026-02-11T12:22:58.365+0800] {dag.py:3834} INFO - Setting next_dagrun for dataset_consumes_1_never_scheduled to None, run_after=None
[2026-02-11T12:22:58.366+0800] {logging_mixin.py:188} INFO - [2026-02-11T12:22:58.366+0800] {dag.py:3834} INFO - Setting next_dagrun for dataset_consumes_unknown_never_scheduled to None, run_after=None
[2026-02-11T12:22:58.368+0800] {logging_mixin.py:188} INFO - [2026-02-11T12:22:58.368+0800] {dag.py:3834} INFO - Setting next_dagrun for dataset_produces_1 to 2026-02-10 00:00:00+00:00, run_after=2026-02-11 00:00:00+00:00
[2026-02-11T12:22:58.369+0800] {logging_mixin.py:188} INFO - [2026-02-11T12:22:58.369+0800] {dag.py:3834} INFO - Setting next_dagrun for dataset_produces_2 to None, run_after=None
[2026-02-11T12:22:58.397+0800] {processor.py:183} INFO - Processing /Users/linghuchong/miniconda3/envs/py310/lib/python3.10/site-packages/airflow/example_dags/example_datasets.py took 0.202 seconds
[2026-02-11T12:28:06.492+0800] {processor.py:161} INFO - Started process (PID=8502) to work on /Users/linghuchong/miniconda3/envs/py310/lib/python3.10/site-packages/airflow/example_dags/example_datasets.py
[2026-02-11T12:28:06.493+0800] {processor.py:830} INFO - Processing file /Users/linghuchong/miniconda3/envs/py310/lib/python3.10/site-packages/airflow/example_dags/example_datasets.py for tasks to queue
[2026-02-11T12:28:06.494+0800] {logging_mixin.py:188} INFO - [2026-02-11T12:28:06.494+0800] {dagbag.py:540} INFO - Filling up the DagBag from /Users/linghuchong/miniconda3/envs/py310/lib/python3.10/site-packages/airflow/example_dags/example_datasets.py
[2026-02-11T12:28:06.505+0800] {processor.py:840} INFO - DAG(s) 'dataset_consumes_1_never_scheduled', 'dataset_consumes_unknown_never_scheduled', 'dataset_consumes_1', 'dataset_produces_2', 'dataset_consumes_1_and_2', 'dataset_produces_1' retrieved from /Users/linghuchong/miniconda3/envs/py310/lib/python3.10/site-packages/airflow/example_dags/example_datasets.py
[2026-02-11T12:28:06.632+0800] {logging_mixin.py:188} INFO - [2026-02-11T12:28:06.631+0800] {dag.py:3047} INFO - Sync 6 DAGs
[2026-02-11T12:28:06.650+0800] {logging_mixin.py:188} INFO - [2026-02-11T12:28:06.649+0800] {dag.py:3834} INFO - Setting next_dagrun for dataset_consumes_1 to None, run_after=None
[2026-02-11T12:28:06.653+0800] {logging_mixin.py:188} INFO - [2026-02-11T12:28:06.653+0800] {dag.py:3834} INFO - Setting next_dagrun for dataset_consumes_1_and_2 to None, run_after=None
[2026-02-11T12:28:06.654+0800] {logging_mixin.py:188} INFO - [2026-02-11T12:28:06.654+0800] {dag.py:3834} INFO - Setting next_dagrun for dataset_consumes_1_never_scheduled to None, run_after=None
[2026-02-11T12:28:06.655+0800] {logging_mixin.py:188} INFO - [2026-02-11T12:28:06.655+0800] {dag.py:3834} INFO - Setting next_dagrun for dataset_consumes_unknown_never_scheduled to None, run_after=None
[2026-02-11T12:28:06.658+0800] {logging_mixin.py:188} INFO - [2026-02-11T12:28:06.657+0800] {dag.py:3834} INFO - Setting next_dagrun for dataset_produces_1 to 2026-02-10 00:00:00+00:00, run_after=2026-02-11 00:00:00+00:00
[2026-02-11T12:28:06.659+0800] {logging_mixin.py:188} INFO - [2026-02-11T12:28:06.658+0800] {dag.py:3834} INFO - Setting next_dagrun for dataset_produces_2 to None, run_after=None
[2026-02-11T12:28:06.688+0800] {processor.py:183} INFO - Processing /Users/linghuchong/miniconda3/envs/py310/lib/python3.10/site-packages/airflow/example_dags/example_datasets.py took 0.197 seconds
[2026-02-11T13:11:48.834+0800] {processor.py:161} INFO - Started process (PID=8685) to work on /Users/linghuchong/miniconda3/envs/py310/lib/python3.10/site-packages/airflow/example_dags/example_datasets.py
[2026-02-11T13:11:48.836+0800] {processor.py:830} INFO - Processing file /Users/linghuchong/miniconda3/envs/py310/lib/python3.10/site-packages/airflow/example_dags/example_datasets.py for tasks to queue
[2026-02-11T13:11:48.837+0800] {logging_mixin.py:188} INFO - [2026-02-11T13:11:48.837+0800] {dagbag.py:540} INFO - Filling up the DagBag from /Users/linghuchong/miniconda3/envs/py310/lib/python3.10/site-packages/airflow/example_dags/example_datasets.py
[2026-02-11T13:11:48.850+0800] {processor.py:840} INFO - DAG(s) 'dataset_consumes_1_and_2', 'dataset_consumes_1_never_scheduled', 'dataset_produces_2', 'dataset_consumes_1', 'dataset_produces_1', 'dataset_consumes_unknown_never_scheduled' retrieved from /Users/linghuchong/miniconda3/envs/py310/lib/python3.10/site-packages/airflow/example_dags/example_datasets.py
[2026-02-11T13:11:48.988+0800] {logging_mixin.py:188} INFO - [2026-02-11T13:11:48.988+0800] {dag.py:3047} INFO - Sync 6 DAGs
[2026-02-11T13:11:49.008+0800] {logging_mixin.py:188} INFO - [2026-02-11T13:11:49.008+0800] {dag.py:3834} INFO - Setting next_dagrun for dataset_consumes_1 to None, run_after=None
[2026-02-11T13:11:49.013+0800] {logging_mixin.py:188} INFO - [2026-02-11T13:11:49.013+0800] {dag.py:3834} INFO - Setting next_dagrun for dataset_consumes_1_and_2 to None, run_after=None
[2026-02-11T13:11:49.015+0800] {logging_mixin.py:188} INFO - [2026-02-11T13:11:49.014+0800] {dag.py:3834} INFO - Setting next_dagrun for dataset_consumes_1_never_scheduled to None, run_after=None
[2026-02-11T13:11:49.016+0800] {logging_mixin.py:188} INFO - [2026-02-11T13:11:49.016+0800] {dag.py:3834} INFO - Setting next_dagrun for dataset_consumes_unknown_never_scheduled to None, run_after=None
[2026-02-11T13:11:49.018+0800] {logging_mixin.py:188} INFO - [2026-02-11T13:11:49.018+0800] {dag.py:3834} INFO - Setting next_dagrun for dataset_produces_1 to 2026-02-10 00:00:00+00:00, run_after=2026-02-11 00:00:00+00:00
[2026-02-11T13:11:49.019+0800] {logging_mixin.py:188} INFO - [2026-02-11T13:11:49.019+0800] {dag.py:3834} INFO - Setting next_dagrun for dataset_produces_2 to None, run_after=None
[2026-02-11T13:11:49.048+0800] {processor.py:183} INFO - Processing /Users/linghuchong/miniconda3/envs/py310/lib/python3.10/site-packages/airflow/example_dags/example_datasets.py took 0.215 seconds
[2026-02-11T13:22:01.111+0800] {processor.py:161} INFO - Started process (PID=9173) to work on /Users/linghuchong/miniconda3/envs/py310/lib/python3.10/site-packages/airflow/example_dags/example_datasets.py
[2026-02-11T13:22:01.114+0800] {processor.py:830} INFO - Processing file /Users/linghuchong/miniconda3/envs/py310/lib/python3.10/site-packages/airflow/example_dags/example_datasets.py for tasks to queue
[2026-02-11T13:22:01.115+0800] {logging_mixin.py:188} INFO - [2026-02-11T13:22:01.115+0800] {dagbag.py:540} INFO - Filling up the DagBag from /Users/linghuchong/miniconda3/envs/py310/lib/python3.10/site-packages/airflow/example_dags/example_datasets.py
[2026-02-11T13:22:01.129+0800] {processor.py:840} INFO - DAG(s) 'dataset_produces_2', 'dataset_produces_1', 'dataset_consumes_1_and_2', 'dataset_consumes_1_never_scheduled', 'dataset_consumes_unknown_never_scheduled', 'dataset_consumes_1' retrieved from /Users/linghuchong/miniconda3/envs/py310/lib/python3.10/site-packages/airflow/example_dags/example_datasets.py
[2026-02-11T13:22:01.277+0800] {logging_mixin.py:188} INFO - [2026-02-11T13:22:01.277+0800] {dag.py:3047} INFO - Sync 6 DAGs
[2026-02-11T13:22:01.297+0800] {logging_mixin.py:188} INFO - [2026-02-11T13:22:01.296+0800] {dag.py:3834} INFO - Setting next_dagrun for dataset_consumes_1 to None, run_after=None
[2026-02-11T13:22:01.301+0800] {logging_mixin.py:188} INFO - [2026-02-11T13:22:01.300+0800] {dag.py:3834} INFO - Setting next_dagrun for dataset_consumes_1_and_2 to None, run_after=None
[2026-02-11T13:22:01.302+0800] {logging_mixin.py:188} INFO - [2026-02-11T13:22:01.302+0800] {dag.py:3834} INFO - Setting next_dagrun for dataset_consumes_1_never_scheduled to None, run_after=None
[2026-02-11T13:22:01.303+0800] {logging_mixin.py:188} INFO - [2026-02-11T13:22:01.303+0800] {dag.py:3834} INFO - Setting next_dagrun for dataset_consumes_unknown_never_scheduled to None, run_after=None
[2026-02-11T13:22:01.306+0800] {logging_mixin.py:188} INFO - [2026-02-11T13:22:01.305+0800] {dag.py:3834} INFO - Setting next_dagrun for dataset_produces_1 to 2026-02-10 00:00:00+00:00, run_after=2026-02-11 00:00:00+00:00
[2026-02-11T13:22:01.307+0800] {logging_mixin.py:188} INFO - [2026-02-11T13:22:01.306+0800] {dag.py:3834} INFO - Setting next_dagrun for dataset_produces_2 to None, run_after=None
[2026-02-11T13:22:01.345+0800] {processor.py:183} INFO - Processing /Users/linghuchong/miniconda3/envs/py310/lib/python3.10/site-packages/airflow/example_dags/example_datasets.py took 0.236 seconds
[2026-02-11T13:25:17.486+0800] {processor.py:161} INFO - Started process (PID=9282) to work on /Users/linghuchong/miniconda3/envs/py310/lib/python3.10/site-packages/airflow/example_dags/example_datasets.py
[2026-02-11T13:25:17.489+0800] {processor.py:830} INFO - Processing file /Users/linghuchong/miniconda3/envs/py310/lib/python3.10/site-packages/airflow/example_dags/example_datasets.py for tasks to queue
[2026-02-11T13:25:17.490+0800] {logging_mixin.py:188} INFO - [2026-02-11T13:25:17.489+0800] {dagbag.py:540} INFO - Filling up the DagBag from /Users/linghuchong/miniconda3/envs/py310/lib/python3.10/site-packages/airflow/example_dags/example_datasets.py
[2026-02-11T13:25:17.502+0800] {processor.py:840} INFO - DAG(s) 'dataset_produces_2', 'dataset_consumes_unknown_never_scheduled', 'dataset_consumes_1_and_2', 'dataset_produces_1', 'dataset_consumes_1_never_scheduled', 'dataset_consumes_1' retrieved from /Users/linghuchong/miniconda3/envs/py310/lib/python3.10/site-packages/airflow/example_dags/example_datasets.py
[2026-02-11T13:25:17.633+0800] {logging_mixin.py:188} INFO - [2026-02-11T13:25:17.633+0800] {dag.py:3047} INFO - Sync 6 DAGs
[2026-02-11T13:25:17.653+0800] {logging_mixin.py:188} INFO - [2026-02-11T13:25:17.653+0800] {dag.py:3834} INFO - Setting next_dagrun for dataset_consumes_1 to None, run_after=None
[2026-02-11T13:25:17.656+0800] {logging_mixin.py:188} INFO - [2026-02-11T13:25:17.656+0800] {dag.py:3834} INFO - Setting next_dagrun for dataset_consumes_1_and_2 to None, run_after=None
[2026-02-11T13:25:17.657+0800] {logging_mixin.py:188} INFO - [2026-02-11T13:25:17.657+0800] {dag.py:3834} INFO - Setting next_dagrun for dataset_consumes_1_never_scheduled to None, run_after=None
[2026-02-11T13:25:17.658+0800] {logging_mixin.py:188} INFO - [2026-02-11T13:25:17.657+0800] {dag.py:3834} INFO - Setting next_dagrun for dataset_consumes_unknown_never_scheduled to None, run_after=None
[2026-02-11T13:25:17.660+0800] {logging_mixin.py:188} INFO - [2026-02-11T13:25:17.660+0800] {dag.py:3834} INFO - Setting next_dagrun for dataset_produces_1 to 2026-02-10 00:00:00+00:00, run_after=2026-02-11 00:00:00+00:00
[2026-02-11T13:25:17.661+0800] {logging_mixin.py:188} INFO - [2026-02-11T13:25:17.661+0800] {dag.py:3834} INFO - Setting next_dagrun for dataset_produces_2 to None, run_after=None
[2026-02-11T13:25:17.690+0800] {processor.py:183} INFO - Processing /Users/linghuchong/miniconda3/envs/py310/lib/python3.10/site-packages/airflow/example_dags/example_datasets.py took 0.204 seconds
[2026-02-11T13:30:57.472+0800] {processor.py:161} INFO - Started process (PID=9445) to work on /Users/linghuchong/miniconda3/envs/py310/lib/python3.10/site-packages/airflow/example_dags/example_datasets.py
[2026-02-11T13:30:57.475+0800] {processor.py:830} INFO - Processing file /Users/linghuchong/miniconda3/envs/py310/lib/python3.10/site-packages/airflow/example_dags/example_datasets.py for tasks to queue
[2026-02-11T13:30:57.476+0800] {logging_mixin.py:188} INFO - [2026-02-11T13:30:57.476+0800] {dagbag.py:540} INFO - Filling up the DagBag from /Users/linghuchong/miniconda3/envs/py310/lib/python3.10/site-packages/airflow/example_dags/example_datasets.py
[2026-02-11T13:30:57.489+0800] {processor.py:840} INFO - DAG(s) 'dataset_consumes_1_and_2', 'dataset_produces_1', 'dataset_consumes_1_never_scheduled', 'dataset_consumes_unknown_never_scheduled', 'dataset_consumes_1', 'dataset_produces_2' retrieved from /Users/linghuchong/miniconda3/envs/py310/lib/python3.10/site-packages/airflow/example_dags/example_datasets.py
[2026-02-11T13:30:57.633+0800] {logging_mixin.py:188} INFO - [2026-02-11T13:30:57.633+0800] {dag.py:3047} INFO - Sync 6 DAGs
[2026-02-11T13:30:57.655+0800] {logging_mixin.py:188} INFO - [2026-02-11T13:30:57.654+0800] {dag.py:3834} INFO - Setting next_dagrun for dataset_consumes_1 to None, run_after=None
[2026-02-11T13:30:57.657+0800] {logging_mixin.py:188} INFO - [2026-02-11T13:30:57.657+0800] {dag.py:3834} INFO - Setting next_dagrun for dataset_consumes_1_and_2 to None, run_after=None
[2026-02-11T13:30:57.658+0800] {logging_mixin.py:188} INFO - [2026-02-11T13:30:57.658+0800] {dag.py:3834} INFO - Setting next_dagrun for dataset_consumes_1_never_scheduled to None, run_after=None
[2026-02-11T13:30:57.659+0800] {logging_mixin.py:188} INFO - [2026-02-11T13:30:57.659+0800] {dag.py:3834} INFO - Setting next_dagrun for dataset_consumes_unknown_never_scheduled to None, run_after=None
[2026-02-11T13:30:57.663+0800] {logging_mixin.py:188} INFO - [2026-02-11T13:30:57.662+0800] {dag.py:3834} INFO - Setting next_dagrun for dataset_produces_1 to 2026-02-10 00:00:00+00:00, run_after=2026-02-11 00:00:00+00:00
[2026-02-11T13:30:57.664+0800] {logging_mixin.py:188} INFO - [2026-02-11T13:30:57.664+0800] {dag.py:3834} INFO - Setting next_dagrun for dataset_produces_2 to None, run_after=None
[2026-02-11T13:30:57.694+0800] {processor.py:183} INFO - Processing /Users/linghuchong/miniconda3/envs/py310/lib/python3.10/site-packages/airflow/example_dags/example_datasets.py took 0.224 seconds
[2026-02-11T16:21:43.780+0800] {processor.py:161} INFO - Started process (PID=14555) to work on /Users/linghuchong/miniconda3/envs/py310/lib/python3.10/site-packages/airflow/example_dags/example_datasets.py
[2026-02-11T16:21:43.783+0800] {processor.py:830} INFO - Processing file /Users/linghuchong/miniconda3/envs/py310/lib/python3.10/site-packages/airflow/example_dags/example_datasets.py for tasks to queue
[2026-02-11T16:21:43.784+0800] {logging_mixin.py:188} INFO - [2026-02-11T16:21:43.784+0800] {dagbag.py:540} INFO - Filling up the DagBag from /Users/linghuchong/miniconda3/envs/py310/lib/python3.10/site-packages/airflow/example_dags/example_datasets.py
[2026-02-11T16:21:43.796+0800] {processor.py:840} INFO - DAG(s) 'dataset_consumes_1_never_scheduled', 'dataset_consumes_1_and_2', 'dataset_consumes_1', 'dataset_consumes_unknown_never_scheduled', 'dataset_produces_2', 'dataset_produces_1' retrieved from /Users/linghuchong/miniconda3/envs/py310/lib/python3.10/site-packages/airflow/example_dags/example_datasets.py
[2026-02-11T16:21:44.057+0800] {logging_mixin.py:188} INFO - [2026-02-11T16:21:44.056+0800] {dag.py:3047} INFO - Sync 6 DAGs
[2026-02-11T16:21:44.077+0800] {logging_mixin.py:188} INFO - [2026-02-11T16:21:44.077+0800] {dag.py:3834} INFO - Setting next_dagrun for dataset_consumes_1 to None, run_after=None
[2026-02-11T16:21:44.079+0800] {logging_mixin.py:188} INFO - [2026-02-11T16:21:44.079+0800] {dag.py:3834} INFO - Setting next_dagrun for dataset_consumes_1_and_2 to None, run_after=None
[2026-02-11T16:21:44.080+0800] {logging_mixin.py:188} INFO - [2026-02-11T16:21:44.080+0800] {dag.py:3834} INFO - Setting next_dagrun for dataset_consumes_1_never_scheduled to None, run_after=None
[2026-02-11T16:21:44.082+0800] {logging_mixin.py:188} INFO - [2026-02-11T16:21:44.082+0800] {dag.py:3834} INFO - Setting next_dagrun for dataset_consumes_unknown_never_scheduled to None, run_after=None
[2026-02-11T16:21:44.084+0800] {logging_mixin.py:188} INFO - [2026-02-11T16:21:44.084+0800] {dag.py:3834} INFO - Setting next_dagrun for dataset_produces_1 to 2026-02-10 00:00:00+00:00, run_after=2026-02-11 00:00:00+00:00
[2026-02-11T16:21:44.085+0800] {logging_mixin.py:188} INFO - [2026-02-11T16:21:44.085+0800] {dag.py:3834} INFO - Setting next_dagrun for dataset_produces_2 to None, run_after=None
[2026-02-11T16:21:44.116+0800] {processor.py:183} INFO - Processing /Users/linghuchong/miniconda3/envs/py310/lib/python3.10/site-packages/airflow/example_dags/example_datasets.py took 0.337 seconds
[2026-02-11T16:25:48.314+0800] {processor.py:161} INFO - Started process (PID=14801) to work on /Users/linghuchong/miniconda3/envs/py310/lib/python3.10/site-packages/airflow/example_dags/example_datasets.py
[2026-02-11T16:25:48.316+0800] {processor.py:830} INFO - Processing file /Users/linghuchong/miniconda3/envs/py310/lib/python3.10/site-packages/airflow/example_dags/example_datasets.py for tasks to queue
[2026-02-11T16:25:48.317+0800] {logging_mixin.py:188} INFO - [2026-02-11T16:25:48.317+0800] {dagbag.py:540} INFO - Filling up the DagBag from /Users/linghuchong/miniconda3/envs/py310/lib/python3.10/site-packages/airflow/example_dags/example_datasets.py
[2026-02-11T16:25:48.329+0800] {processor.py:840} INFO - DAG(s) 'dataset_consumes_1_never_scheduled', 'dataset_produces_2', 'dataset_consumes_1', 'dataset_consumes_unknown_never_scheduled', 'dataset_produces_1', 'dataset_consumes_1_and_2' retrieved from /Users/linghuchong/miniconda3/envs/py310/lib/python3.10/site-packages/airflow/example_dags/example_datasets.py
[2026-02-11T16:25:48.592+0800] {logging_mixin.py:188} INFO - [2026-02-11T16:25:48.591+0800] {dag.py:3047} INFO - Sync 6 DAGs
[2026-02-11T16:25:48.612+0800] {logging_mixin.py:188} INFO - [2026-02-11T16:25:48.612+0800] {dag.py:3834} INFO - Setting next_dagrun for dataset_consumes_1 to None, run_after=None
[2026-02-11T16:25:48.615+0800] {logging_mixin.py:188} INFO - [2026-02-11T16:25:48.614+0800] {dag.py:3834} INFO - Setting next_dagrun for dataset_consumes_1_and_2 to None, run_after=None
[2026-02-11T16:25:48.616+0800] {logging_mixin.py:188} INFO - [2026-02-11T16:25:48.616+0800] {dag.py:3834} INFO - Setting next_dagrun for dataset_consumes_1_never_scheduled to None, run_after=None
[2026-02-11T16:25:48.617+0800] {logging_mixin.py:188} INFO - [2026-02-11T16:25:48.617+0800] {dag.py:3834} INFO - Setting next_dagrun for dataset_consumes_unknown_never_scheduled to None, run_after=None
[2026-02-11T16:25:48.620+0800] {logging_mixin.py:188} INFO - [2026-02-11T16:25:48.620+0800] {dag.py:3834} INFO - Setting next_dagrun for dataset_produces_1 to 2026-02-10 00:00:00+00:00, run_after=2026-02-11 00:00:00+00:00
[2026-02-11T16:25:48.621+0800] {logging_mixin.py:188} INFO - [2026-02-11T16:25:48.621+0800] {dag.py:3834} INFO - Setting next_dagrun for dataset_produces_2 to None, run_after=None
[2026-02-11T16:25:48.655+0800] {processor.py:183} INFO - Processing /Users/linghuchong/miniconda3/envs/py310/lib/python3.10/site-packages/airflow/example_dags/example_datasets.py took 0.342 seconds
[2026-02-11T16:32:12.810+0800] {processor.py:161} INFO - Started process (PID=15215) to work on /Users/linghuchong/miniconda3/envs/py310/lib/python3.10/site-packages/airflow/example_dags/example_datasets.py
[2026-02-11T16:32:12.811+0800] {processor.py:830} INFO - Processing file /Users/linghuchong/miniconda3/envs/py310/lib/python3.10/site-packages/airflow/example_dags/example_datasets.py for tasks to queue
[2026-02-11T16:32:12.812+0800] {logging_mixin.py:188} INFO - [2026-02-11T16:32:12.812+0800] {dagbag.py:540} INFO - Filling up the DagBag from /Users/linghuchong/miniconda3/envs/py310/lib/python3.10/site-packages/airflow/example_dags/example_datasets.py
[2026-02-11T16:32:12.824+0800] {processor.py:840} INFO - DAG(s) 'dataset_consumes_1_never_scheduled', 'dataset_consumes_unknown_never_scheduled', 'dataset_consumes_1', 'dataset_consumes_1_and_2', 'dataset_produces_1', 'dataset_produces_2' retrieved from /Users/linghuchong/miniconda3/envs/py310/lib/python3.10/site-packages/airflow/example_dags/example_datasets.py
[2026-02-11T16:32:13.105+0800] {logging_mixin.py:188} INFO - [2026-02-11T16:32:13.105+0800] {dag.py:3047} INFO - Sync 6 DAGs
[2026-02-11T16:32:13.127+0800] {logging_mixin.py:188} INFO - [2026-02-11T16:32:13.127+0800] {dag.py:3834} INFO - Setting next_dagrun for dataset_consumes_1 to None, run_after=None
[2026-02-11T16:32:13.130+0800] {logging_mixin.py:188} INFO - [2026-02-11T16:32:13.130+0800] {dag.py:3834} INFO - Setting next_dagrun for dataset_consumes_1_and_2 to None, run_after=None
[2026-02-11T16:32:13.131+0800] {logging_mixin.py:188} INFO - [2026-02-11T16:32:13.131+0800] {dag.py:3834} INFO - Setting next_dagrun for dataset_consumes_1_never_scheduled to None, run_after=None
[2026-02-11T16:32:13.132+0800] {logging_mixin.py:188} INFO - [2026-02-11T16:32:13.132+0800] {dag.py:3834} INFO - Setting next_dagrun for dataset_consumes_unknown_never_scheduled to None, run_after=None
[2026-02-11T16:32:13.135+0800] {logging_mixin.py:188} INFO - [2026-02-11T16:32:13.135+0800] {dag.py:3834} INFO - Setting next_dagrun for dataset_produces_1 to 2026-02-10 00:00:00+00:00, run_after=2026-02-11 00:00:00+00:00
[2026-02-11T16:32:13.136+0800] {logging_mixin.py:188} INFO - [2026-02-11T16:32:13.136+0800] {dag.py:3834} INFO - Setting next_dagrun for dataset_produces_2 to None, run_after=None
[2026-02-11T16:32:13.168+0800] {processor.py:183} INFO - Processing /Users/linghuchong/miniconda3/envs/py310/lib/python3.10/site-packages/airflow/example_dags/example_datasets.py took 0.359 seconds
[2026-02-11T16:35:35.297+0800] {processor.py:161} INFO - Started process (PID=15369) to work on /Users/linghuchong/miniconda3/envs/py310/lib/python3.10/site-packages/airflow/example_dags/example_datasets.py
[2026-02-11T16:35:35.300+0800] {processor.py:830} INFO - Processing file /Users/linghuchong/miniconda3/envs/py310/lib/python3.10/site-packages/airflow/example_dags/example_datasets.py for tasks to queue
[2026-02-11T16:35:35.301+0800] {logging_mixin.py:188} INFO - [2026-02-11T16:35:35.301+0800] {dagbag.py:540} INFO - Filling up the DagBag from /Users/linghuchong/miniconda3/envs/py310/lib/python3.10/site-packages/airflow/example_dags/example_datasets.py
[2026-02-11T16:35:35.313+0800] {processor.py:840} INFO - DAG(s) 'dataset_consumes_1_never_scheduled', 'dataset_produces_2', 'dataset_consumes_1_and_2', 'dataset_consumes_unknown_never_scheduled', 'dataset_produces_1', 'dataset_consumes_1' retrieved from /Users/linghuchong/miniconda3/envs/py310/lib/python3.10/site-packages/airflow/example_dags/example_datasets.py
[2026-02-11T16:35:35.561+0800] {logging_mixin.py:188} INFO - [2026-02-11T16:35:35.560+0800] {dag.py:3047} INFO - Sync 6 DAGs
[2026-02-11T16:35:35.580+0800] {logging_mixin.py:188} INFO - [2026-02-11T16:35:35.580+0800] {dag.py:3834} INFO - Setting next_dagrun for dataset_consumes_1 to None, run_after=None
[2026-02-11T16:35:35.582+0800] {logging_mixin.py:188} INFO - [2026-02-11T16:35:35.582+0800] {dag.py:3834} INFO - Setting next_dagrun for dataset_consumes_1_and_2 to None, run_after=None
[2026-02-11T16:35:35.583+0800] {logging_mixin.py:188} INFO - [2026-02-11T16:35:35.583+0800] {dag.py:3834} INFO - Setting next_dagrun for dataset_consumes_1_never_scheduled to None, run_after=None
[2026-02-11T16:35:35.584+0800] {logging_mixin.py:188} INFO - [2026-02-11T16:35:35.584+0800] {dag.py:3834} INFO - Setting next_dagrun for dataset_consumes_unknown_never_scheduled to None, run_after=None
[2026-02-11T16:35:35.587+0800] {logging_mixin.py:188} INFO - [2026-02-11T16:35:35.586+0800] {dag.py:3834} INFO - Setting next_dagrun for dataset_produces_1 to 2026-02-10 00:00:00+00:00, run_after=2026-02-11 00:00:00+00:00
[2026-02-11T16:35:35.587+0800] {logging_mixin.py:188} INFO - [2026-02-11T16:35:35.587+0800] {dag.py:3834} INFO - Setting next_dagrun for dataset_produces_2 to None, run_after=None
[2026-02-11T16:35:35.618+0800] {processor.py:183} INFO - Processing /Users/linghuchong/miniconda3/envs/py310/lib/python3.10/site-packages/airflow/example_dags/example_datasets.py took 0.321 seconds
[2026-02-11T16:41:30.845+0800] {processor.py:161} INFO - Started process (PID=15761) to work on /Users/linghuchong/miniconda3/envs/py310/lib/python3.10/site-packages/airflow/example_dags/example_datasets.py
[2026-02-11T16:41:30.848+0800] {processor.py:830} INFO - Processing file /Users/linghuchong/miniconda3/envs/py310/lib/python3.10/site-packages/airflow/example_dags/example_datasets.py for tasks to queue
[2026-02-11T16:41:30.849+0800] {logging_mixin.py:188} INFO - [2026-02-11T16:41:30.849+0800] {dagbag.py:540} INFO - Filling up the DagBag from /Users/linghuchong/miniconda3/envs/py310/lib/python3.10/site-packages/airflow/example_dags/example_datasets.py
[2026-02-11T16:41:30.862+0800] {processor.py:840} INFO - DAG(s) 'dataset_consumes_1', 'dataset_consumes_1_and_2', 'dataset_produces_1', 'dataset_produces_2', 'dataset_consumes_unknown_never_scheduled', 'dataset_consumes_1_never_scheduled' retrieved from /Users/linghuchong/miniconda3/envs/py310/lib/python3.10/site-packages/airflow/example_dags/example_datasets.py
[2026-02-11T16:41:30.999+0800] {logging_mixin.py:188} INFO - [2026-02-11T16:41:30.999+0800] {dag.py:3047} INFO - Sync 6 DAGs
[2026-02-11T16:41:31.020+0800] {logging_mixin.py:188} INFO - [2026-02-11T16:41:31.020+0800] {dag.py:3834} INFO - Setting next_dagrun for dataset_consumes_1 to None, run_after=None
[2026-02-11T16:41:31.023+0800] {logging_mixin.py:188} INFO - [2026-02-11T16:41:31.023+0800] {dag.py:3834} INFO - Setting next_dagrun for dataset_consumes_1_and_2 to None, run_after=None
[2026-02-11T16:41:31.024+0800] {logging_mixin.py:188} INFO - [2026-02-11T16:41:31.024+0800] {dag.py:3834} INFO - Setting next_dagrun for dataset_consumes_1_never_scheduled to None, run_after=None
[2026-02-11T16:41:31.025+0800] {logging_mixin.py:188} INFO - [2026-02-11T16:41:31.025+0800] {dag.py:3834} INFO - Setting next_dagrun for dataset_consumes_unknown_never_scheduled to None, run_after=None
[2026-02-11T16:41:31.028+0800] {logging_mixin.py:188} INFO - [2026-02-11T16:41:31.027+0800] {dag.py:3834} INFO - Setting next_dagrun for dataset_produces_1 to 2026-02-10 00:00:00+00:00, run_after=2026-02-11 00:00:00+00:00
[2026-02-11T16:41:31.029+0800] {logging_mixin.py:188} INFO - [2026-02-11T16:41:31.029+0800] {dag.py:3834} INFO - Setting next_dagrun for dataset_produces_2 to None, run_after=None
[2026-02-11T16:41:31.059+0800] {processor.py:183} INFO - Processing /Users/linghuchong/miniconda3/envs/py310/lib/python3.10/site-packages/airflow/example_dags/example_datasets.py took 0.215 seconds
[2026-02-11T16:47:50.681+0800] {processor.py:161} INFO - Started process (PID=16153) to work on /Users/linghuchong/miniconda3/envs/py310/lib/python3.10/site-packages/airflow/example_dags/example_datasets.py
[2026-02-11T16:47:50.684+0800] {processor.py:830} INFO - Processing file /Users/linghuchong/miniconda3/envs/py310/lib/python3.10/site-packages/airflow/example_dags/example_datasets.py for tasks to queue
[2026-02-11T16:47:50.685+0800] {logging_mixin.py:188} INFO - [2026-02-11T16:47:50.685+0800] {dagbag.py:540} INFO - Filling up the DagBag from /Users/linghuchong/miniconda3/envs/py310/lib/python3.10/site-packages/airflow/example_dags/example_datasets.py
[2026-02-11T16:47:50.697+0800] {processor.py:840} INFO - DAG(s) 'dataset_consumes_1_never_scheduled', 'dataset_consumes_1_and_2', 'dataset_consumes_unknown_never_scheduled', 'dataset_consumes_1', 'dataset_produces_1', 'dataset_produces_2' retrieved from /Users/linghuchong/miniconda3/envs/py310/lib/python3.10/site-packages/airflow/example_dags/example_datasets.py
[2026-02-11T16:47:50.957+0800] {logging_mixin.py:188} INFO - [2026-02-11T16:47:50.956+0800] {dag.py:3047} INFO - Sync 6 DAGs
[2026-02-11T16:47:50.977+0800] {logging_mixin.py:188} INFO - [2026-02-11T16:47:50.977+0800] {dag.py:3834} INFO - Setting next_dagrun for dataset_consumes_1 to None, run_after=None
[2026-02-11T16:47:50.980+0800] {logging_mixin.py:188} INFO - [2026-02-11T16:47:50.979+0800] {dag.py:3834} INFO - Setting next_dagrun for dataset_consumes_1_and_2 to None, run_after=None
[2026-02-11T16:47:50.981+0800] {logging_mixin.py:188} INFO - [2026-02-11T16:47:50.981+0800] {dag.py:3834} INFO - Setting next_dagrun for dataset_consumes_1_never_scheduled to None, run_after=None
[2026-02-11T16:47:50.982+0800] {logging_mixin.py:188} INFO - [2026-02-11T16:47:50.982+0800] {dag.py:3834} INFO - Setting next_dagrun for dataset_consumes_unknown_never_scheduled to None, run_after=None
[2026-02-11T16:47:50.985+0800] {logging_mixin.py:188} INFO - [2026-02-11T16:47:50.984+0800] {dag.py:3834} INFO - Setting next_dagrun for dataset_produces_1 to 2026-02-10 00:00:00+00:00, run_after=2026-02-11 00:00:00+00:00
[2026-02-11T16:47:50.986+0800] {logging_mixin.py:188} INFO - [2026-02-11T16:47:50.986+0800] {dag.py:3834} INFO - Setting next_dagrun for dataset_produces_2 to None, run_after=None
[2026-02-11T16:47:51.020+0800] {processor.py:183} INFO - Processing /Users/linghuchong/miniconda3/envs/py310/lib/python3.10/site-packages/airflow/example_dags/example_datasets.py took 0.339 seconds
[2026-02-11T16:51:35.251+0800] {processor.py:161} INFO - Started process (PID=16391) to work on /Users/linghuchong/miniconda3/envs/py310/lib/python3.10/site-packages/airflow/example_dags/example_datasets.py
[2026-02-11T16:51:35.254+0800] {processor.py:830} INFO - Processing file /Users/linghuchong/miniconda3/envs/py310/lib/python3.10/site-packages/airflow/example_dags/example_datasets.py for tasks to queue
[2026-02-11T16:51:35.255+0800] {logging_mixin.py:188} INFO - [2026-02-11T16:51:35.255+0800] {dagbag.py:540} INFO - Filling up the DagBag from /Users/linghuchong/miniconda3/envs/py310/lib/python3.10/site-packages/airflow/example_dags/example_datasets.py
[2026-02-11T16:51:35.269+0800] {processor.py:840} INFO - DAG(s) 'dataset_consumes_1_and_2', 'dataset_produces_1', 'dataset_consumes_1_never_scheduled', 'dataset_consumes_unknown_never_scheduled', 'dataset_produces_2', 'dataset_consumes_1' retrieved from /Users/linghuchong/miniconda3/envs/py310/lib/python3.10/site-packages/airflow/example_dags/example_datasets.py
[2026-02-11T16:51:35.532+0800] {logging_mixin.py:188} INFO - [2026-02-11T16:51:35.532+0800] {dag.py:3047} INFO - Sync 6 DAGs
[2026-02-11T16:51:35.553+0800] {logging_mixin.py:188} INFO - [2026-02-11T16:51:35.553+0800] {dag.py:3834} INFO - Setting next_dagrun for dataset_consumes_1 to None, run_after=None
[2026-02-11T16:51:35.556+0800] {logging_mixin.py:188} INFO - [2026-02-11T16:51:35.556+0800] {dag.py:3834} INFO - Setting next_dagrun for dataset_consumes_1_and_2 to None, run_after=None
[2026-02-11T16:51:35.557+0800] {logging_mixin.py:188} INFO - [2026-02-11T16:51:35.557+0800] {dag.py:3834} INFO - Setting next_dagrun for dataset_consumes_1_never_scheduled to None, run_after=None
[2026-02-11T16:51:35.558+0800] {logging_mixin.py:188} INFO - [2026-02-11T16:51:35.558+0800] {dag.py:3834} INFO - Setting next_dagrun for dataset_consumes_unknown_never_scheduled to None, run_after=None
[2026-02-11T16:51:35.561+0800] {logging_mixin.py:188} INFO - [2026-02-11T16:51:35.560+0800] {dag.py:3834} INFO - Setting next_dagrun for dataset_produces_1 to 2026-02-10 00:00:00+00:00, run_after=2026-02-11 00:00:00+00:00
[2026-02-11T16:51:35.562+0800] {logging_mixin.py:188} INFO - [2026-02-11T16:51:35.561+0800] {dag.py:3834} INFO - Setting next_dagrun for dataset_produces_2 to None, run_after=None
[2026-02-11T16:51:35.593+0800] {processor.py:183} INFO - Processing /Users/linghuchong/miniconda3/envs/py310/lib/python3.10/site-packages/airflow/example_dags/example_datasets.py took 0.342 seconds
[2026-02-11T16:58:00.810+0800] {processor.py:161} INFO - Started process (PID=16648) to work on /Users/linghuchong/miniconda3/envs/py310/lib/python3.10/site-packages/airflow/example_dags/example_datasets.py
[2026-02-11T16:58:00.811+0800] {processor.py:830} INFO - Processing file /Users/linghuchong/miniconda3/envs/py310/lib/python3.10/site-packages/airflow/example_dags/example_datasets.py for tasks to queue
[2026-02-11T16:58:00.813+0800] {logging_mixin.py:188} INFO - [2026-02-11T16:58:00.812+0800] {dagbag.py:540} INFO - Filling up the DagBag from /Users/linghuchong/miniconda3/envs/py310/lib/python3.10/site-packages/airflow/example_dags/example_datasets.py
[2026-02-11T16:58:00.826+0800] {processor.py:840} INFO - DAG(s) 'dataset_produces_2', 'dataset_consumes_1_never_scheduled', 'dataset_consumes_1', 'dataset_produces_1', 'dataset_consumes_1_and_2', 'dataset_consumes_unknown_never_scheduled' retrieved from /Users/linghuchong/miniconda3/envs/py310/lib/python3.10/site-packages/airflow/example_dags/example_datasets.py
[2026-02-11T16:58:01.230+0800] {logging_mixin.py:188} INFO - [2026-02-11T16:58:01.229+0800] {dag.py:3047} INFO - Sync 6 DAGs
[2026-02-11T16:58:01.293+0800] {logging_mixin.py:188} INFO - [2026-02-11T16:58:01.293+0800] {dag.py:3834} INFO - Setting next_dagrun for dataset_consumes_1 to None, run_after=None
[2026-02-11T16:58:01.298+0800] {logging_mixin.py:188} INFO - [2026-02-11T16:58:01.298+0800] {dag.py:3834} INFO - Setting next_dagrun for dataset_consumes_1_and_2 to None, run_after=None
[2026-02-11T16:58:01.303+0800] {logging_mixin.py:188} INFO - [2026-02-11T16:58:01.302+0800] {dag.py:3834} INFO - Setting next_dagrun for dataset_consumes_1_never_scheduled to None, run_after=None
[2026-02-11T16:58:01.306+0800] {logging_mixin.py:188} INFO - [2026-02-11T16:58:01.305+0800] {dag.py:3834} INFO - Setting next_dagrun for dataset_consumes_unknown_never_scheduled to None, run_after=None
[2026-02-11T16:58:01.313+0800] {logging_mixin.py:188} INFO - [2026-02-11T16:58:01.313+0800] {dag.py:3834} INFO - Setting next_dagrun for dataset_produces_1 to 2026-02-10 00:00:00+00:00, run_after=2026-02-11 00:00:00+00:00
[2026-02-11T16:58:01.315+0800] {logging_mixin.py:188} INFO - [2026-02-11T16:58:01.315+0800] {dag.py:3834} INFO - Setting next_dagrun for dataset_produces_2 to None, run_after=None
[2026-02-11T16:58:01.435+0800] {processor.py:183} INFO - Processing /Users/linghuchong/miniconda3/envs/py310/lib/python3.10/site-packages/airflow/example_dags/example_datasets.py took 0.625 seconds
[2026-02-11T17:05:02.136+0800] {processor.py:161} INFO - Started process (PID=16925) to work on /Users/linghuchong/miniconda3/envs/py310/lib/python3.10/site-packages/airflow/example_dags/example_datasets.py
[2026-02-11T17:05:02.139+0800] {processor.py:830} INFO - Processing file /Users/linghuchong/miniconda3/envs/py310/lib/python3.10/site-packages/airflow/example_dags/example_datasets.py for tasks to queue
[2026-02-11T17:05:02.140+0800] {logging_mixin.py:188} INFO - [2026-02-11T17:05:02.140+0800] {dagbag.py:540} INFO - Filling up the DagBag from /Users/linghuchong/miniconda3/envs/py310/lib/python3.10/site-packages/airflow/example_dags/example_datasets.py
[2026-02-11T17:05:02.153+0800] {processor.py:840} INFO - DAG(s) 'dataset_produces_1', 'dataset_consumes_1_never_scheduled', 'dataset_consumes_1', 'dataset_consumes_1_and_2', 'dataset_consumes_unknown_never_scheduled', 'dataset_produces_2' retrieved from /Users/linghuchong/miniconda3/envs/py310/lib/python3.10/site-packages/airflow/example_dags/example_datasets.py
[2026-02-11T17:05:02.421+0800] {logging_mixin.py:188} INFO - [2026-02-11T17:05:02.421+0800] {dag.py:3047} INFO - Sync 6 DAGs
[2026-02-11T17:05:02.443+0800] {logging_mixin.py:188} INFO - [2026-02-11T17:05:02.442+0800] {dag.py:3834} INFO - Setting next_dagrun for dataset_consumes_1 to None, run_after=None
[2026-02-11T17:05:02.445+0800] {logging_mixin.py:188} INFO - [2026-02-11T17:05:02.445+0800] {dag.py:3834} INFO - Setting next_dagrun for dataset_consumes_1_and_2 to None, run_after=None
[2026-02-11T17:05:02.447+0800] {logging_mixin.py:188} INFO - [2026-02-11T17:05:02.446+0800] {dag.py:3834} INFO - Setting next_dagrun for dataset_consumes_1_never_scheduled to None, run_after=None
[2026-02-11T17:05:02.448+0800] {logging_mixin.py:188} INFO - [2026-02-11T17:05:02.447+0800] {dag.py:3834} INFO - Setting next_dagrun for dataset_consumes_unknown_never_scheduled to None, run_after=None
[2026-02-11T17:05:02.451+0800] {logging_mixin.py:188} INFO - [2026-02-11T17:05:02.450+0800] {dag.py:3834} INFO - Setting next_dagrun for dataset_produces_1 to 2026-02-10 00:00:00+00:00, run_after=2026-02-11 00:00:00+00:00
[2026-02-11T17:05:02.452+0800] {logging_mixin.py:188} INFO - [2026-02-11T17:05:02.452+0800] {dag.py:3834} INFO - Setting next_dagrun for dataset_produces_2 to None, run_after=None
[2026-02-11T17:05:02.486+0800] {processor.py:183} INFO - Processing /Users/linghuchong/miniconda3/envs/py310/lib/python3.10/site-packages/airflow/example_dags/example_datasets.py took 0.351 seconds
[2026-02-11T17:17:12.230+0800] {processor.py:161} INFO - Started process (PID=17799) to work on /Users/linghuchong/miniconda3/envs/py310/lib/python3.10/site-packages/airflow/example_dags/example_datasets.py
[2026-02-11T17:17:12.233+0800] {processor.py:830} INFO - Processing file /Users/linghuchong/miniconda3/envs/py310/lib/python3.10/site-packages/airflow/example_dags/example_datasets.py for tasks to queue
[2026-02-11T17:17:12.234+0800] {logging_mixin.py:188} INFO - [2026-02-11T17:17:12.234+0800] {dagbag.py:540} INFO - Filling up the DagBag from /Users/linghuchong/miniconda3/envs/py310/lib/python3.10/site-packages/airflow/example_dags/example_datasets.py
[2026-02-11T17:17:12.247+0800] {processor.py:840} INFO - DAG(s) 'dataset_consumes_1_and_2', 'dataset_produces_2', 'dataset_consumes_unknown_never_scheduled', 'dataset_consumes_1_never_scheduled', 'dataset_consumes_1', 'dataset_produces_1' retrieved from /Users/linghuchong/miniconda3/envs/py310/lib/python3.10/site-packages/airflow/example_dags/example_datasets.py
[2026-02-11T17:17:12.506+0800] {logging_mixin.py:188} INFO - [2026-02-11T17:17:12.506+0800] {dag.py:3047} INFO - Sync 6 DAGs
[2026-02-11T17:17:12.526+0800] {logging_mixin.py:188} INFO - [2026-02-11T17:17:12.526+0800] {dag.py:3834} INFO - Setting next_dagrun for dataset_consumes_1 to None, run_after=None
[2026-02-11T17:17:12.530+0800] {logging_mixin.py:188} INFO - [2026-02-11T17:17:12.530+0800] {dag.py:3834} INFO - Setting next_dagrun for dataset_consumes_1_and_2 to None, run_after=None
[2026-02-11T17:17:12.531+0800] {logging_mixin.py:188} INFO - [2026-02-11T17:17:12.531+0800] {dag.py:3834} INFO - Setting next_dagrun for dataset_consumes_1_never_scheduled to None, run_after=None
[2026-02-11T17:17:12.532+0800] {logging_mixin.py:188} INFO - [2026-02-11T17:17:12.532+0800] {dag.py:3834} INFO - Setting next_dagrun for dataset_consumes_unknown_never_scheduled to None, run_after=None
[2026-02-11T17:17:12.535+0800] {logging_mixin.py:188} INFO - [2026-02-11T17:17:12.535+0800] {dag.py:3834} INFO - Setting next_dagrun for dataset_produces_1 to 2026-02-10 00:00:00+00:00, run_after=2026-02-11 00:00:00+00:00
[2026-02-11T17:17:12.536+0800] {logging_mixin.py:188} INFO - [2026-02-11T17:17:12.536+0800] {dag.py:3834} INFO - Setting next_dagrun for dataset_produces_2 to None, run_after=None
[2026-02-11T17:17:12.565+0800] {processor.py:183} INFO - Processing /Users/linghuchong/miniconda3/envs/py310/lib/python3.10/site-packages/airflow/example_dags/example_datasets.py took 0.336 seconds
[2026-02-11T17:20:29.753+0800] {processor.py:161} INFO - Started process (PID=17886) to work on /Users/linghuchong/miniconda3/envs/py310/lib/python3.10/site-packages/airflow/example_dags/example_datasets.py
[2026-02-11T17:20:29.757+0800] {processor.py:830} INFO - Processing file /Users/linghuchong/miniconda3/envs/py310/lib/python3.10/site-packages/airflow/example_dags/example_datasets.py for tasks to queue
[2026-02-11T17:20:29.758+0800] {logging_mixin.py:188} INFO - [2026-02-11T17:20:29.758+0800] {dagbag.py:540} INFO - Filling up the DagBag from /Users/linghuchong/miniconda3/envs/py310/lib/python3.10/site-packages/airflow/example_dags/example_datasets.py
[2026-02-11T17:20:29.771+0800] {processor.py:840} INFO - DAG(s) 'dataset_produces_1', 'dataset_consumes_1_and_2', 'dataset_consumes_1_never_scheduled', 'dataset_produces_2', 'dataset_consumes_1', 'dataset_consumes_unknown_never_scheduled' retrieved from /Users/linghuchong/miniconda3/envs/py310/lib/python3.10/site-packages/airflow/example_dags/example_datasets.py
[2026-02-11T17:20:29.897+0800] {logging_mixin.py:188} INFO - [2026-02-11T17:20:29.897+0800] {dag.py:3047} INFO - Sync 6 DAGs
[2026-02-11T17:20:29.914+0800] {logging_mixin.py:188} INFO - [2026-02-11T17:20:29.914+0800] {dag.py:3834} INFO - Setting next_dagrun for dataset_consumes_1 to None, run_after=None
[2026-02-11T17:20:29.917+0800] {logging_mixin.py:188} INFO - [2026-02-11T17:20:29.917+0800] {dag.py:3834} INFO - Setting next_dagrun for dataset_consumes_1_and_2 to None, run_after=None
[2026-02-11T17:20:29.918+0800] {logging_mixin.py:188} INFO - [2026-02-11T17:20:29.918+0800] {dag.py:3834} INFO - Setting next_dagrun for dataset_consumes_1_never_scheduled to None, run_after=None
[2026-02-11T17:20:29.919+0800] {logging_mixin.py:188} INFO - [2026-02-11T17:20:29.918+0800] {dag.py:3834} INFO - Setting next_dagrun for dataset_consumes_unknown_never_scheduled to None, run_after=None
[2026-02-11T17:20:29.921+0800] {logging_mixin.py:188} INFO - [2026-02-11T17:20:29.921+0800] {dag.py:3834} INFO - Setting next_dagrun for dataset_produces_1 to 2026-02-10 00:00:00+00:00, run_after=2026-02-11 00:00:00+00:00
[2026-02-11T17:20:29.922+0800] {logging_mixin.py:188} INFO - [2026-02-11T17:20:29.922+0800] {dag.py:3834} INFO - Setting next_dagrun for dataset_produces_2 to None, run_after=None
[2026-02-11T17:20:29.948+0800] {processor.py:183} INFO - Processing /Users/linghuchong/miniconda3/envs/py310/lib/python3.10/site-packages/airflow/example_dags/example_datasets.py took 0.196 seconds
[2026-02-11T17:25:56.446+0800] {processor.py:161} INFO - Started process (PID=18067) to work on /Users/linghuchong/miniconda3/envs/py310/lib/python3.10/site-packages/airflow/example_dags/example_datasets.py
[2026-02-11T17:25:56.449+0800] {processor.py:830} INFO - Processing file /Users/linghuchong/miniconda3/envs/py310/lib/python3.10/site-packages/airflow/example_dags/example_datasets.py for tasks to queue
[2026-02-11T17:25:56.450+0800] {logging_mixin.py:188} INFO - [2026-02-11T17:25:56.449+0800] {dagbag.py:540} INFO - Filling up the DagBag from /Users/linghuchong/miniconda3/envs/py310/lib/python3.10/site-packages/airflow/example_dags/example_datasets.py
[2026-02-11T17:25:56.462+0800] {processor.py:840} INFO - DAG(s) 'dataset_produces_1', 'dataset_produces_2', 'dataset_consumes_unknown_never_scheduled', 'dataset_consumes_1_and_2', 'dataset_consumes_1_never_scheduled', 'dataset_consumes_1' retrieved from /Users/linghuchong/miniconda3/envs/py310/lib/python3.10/site-packages/airflow/example_dags/example_datasets.py
[2026-02-11T17:25:56.594+0800] {logging_mixin.py:188} INFO - [2026-02-11T17:25:56.594+0800] {dag.py:3047} INFO - Sync 6 DAGs
[2026-02-11T17:25:56.611+0800] {logging_mixin.py:188} INFO - [2026-02-11T17:25:56.611+0800] {dag.py:3834} INFO - Setting next_dagrun for dataset_consumes_1 to None, run_after=None
[2026-02-11T17:25:56.614+0800] {logging_mixin.py:188} INFO - [2026-02-11T17:25:56.614+0800] {dag.py:3834} INFO - Setting next_dagrun for dataset_consumes_1_and_2 to None, run_after=None
[2026-02-11T17:25:56.615+0800] {logging_mixin.py:188} INFO - [2026-02-11T17:25:56.615+0800] {dag.py:3834} INFO - Setting next_dagrun for dataset_consumes_1_never_scheduled to None, run_after=None
[2026-02-11T17:25:56.616+0800] {logging_mixin.py:188} INFO - [2026-02-11T17:25:56.616+0800] {dag.py:3834} INFO - Setting next_dagrun for dataset_consumes_unknown_never_scheduled to None, run_after=None
[2026-02-11T17:25:56.618+0800] {logging_mixin.py:188} INFO - [2026-02-11T17:25:56.618+0800] {dag.py:3834} INFO - Setting next_dagrun for dataset_produces_1 to 2026-02-10 00:00:00+00:00, run_after=2026-02-11 00:00:00+00:00
[2026-02-11T17:25:56.619+0800] {logging_mixin.py:188} INFO - [2026-02-11T17:25:56.619+0800] {dag.py:3834} INFO - Setting next_dagrun for dataset_produces_2 to None, run_after=None
[2026-02-11T17:25:56.648+0800] {processor.py:183} INFO - Processing /Users/linghuchong/miniconda3/envs/py310/lib/python3.10/site-packages/airflow/example_dags/example_datasets.py took 0.203 seconds
[2026-02-11T17:31:39.605+0800] {processor.py:161} INFO - Started process (PID=18262) to work on /Users/linghuchong/miniconda3/envs/py310/lib/python3.10/site-packages/airflow/example_dags/example_datasets.py
[2026-02-11T17:31:39.608+0800] {processor.py:830} INFO - Processing file /Users/linghuchong/miniconda3/envs/py310/lib/python3.10/site-packages/airflow/example_dags/example_datasets.py for tasks to queue
[2026-02-11T17:31:39.609+0800] {logging_mixin.py:188} INFO - [2026-02-11T17:31:39.609+0800] {dagbag.py:540} INFO - Filling up the DagBag from /Users/linghuchong/miniconda3/envs/py310/lib/python3.10/site-packages/airflow/example_dags/example_datasets.py
[2026-02-11T17:31:39.620+0800] {processor.py:840} INFO - DAG(s) 'dataset_consumes_1_never_scheduled', 'dataset_consumes_unknown_never_scheduled', 'dataset_produces_1', 'dataset_consumes_1', 'dataset_consumes_1_and_2', 'dataset_produces_2' retrieved from /Users/linghuchong/miniconda3/envs/py310/lib/python3.10/site-packages/airflow/example_dags/example_datasets.py
[2026-02-11T17:31:39.768+0800] {logging_mixin.py:188} INFO - [2026-02-11T17:31:39.767+0800] {dag.py:3047} INFO - Sync 6 DAGs
[2026-02-11T17:31:39.787+0800] {logging_mixin.py:188} INFO - [2026-02-11T17:31:39.787+0800] {dag.py:3834} INFO - Setting next_dagrun for dataset_consumes_1 to None, run_after=None
[2026-02-11T17:31:39.790+0800] {logging_mixin.py:188} INFO - [2026-02-11T17:31:39.790+0800] {dag.py:3834} INFO - Setting next_dagrun for dataset_consumes_1_and_2 to None, run_after=None
[2026-02-11T17:31:39.791+0800] {logging_mixin.py:188} INFO - [2026-02-11T17:31:39.791+0800] {dag.py:3834} INFO - Setting next_dagrun for dataset_consumes_1_never_scheduled to None, run_after=None
[2026-02-11T17:31:39.792+0800] {logging_mixin.py:188} INFO - [2026-02-11T17:31:39.792+0800] {dag.py:3834} INFO - Setting next_dagrun for dataset_consumes_unknown_never_scheduled to None, run_after=None
[2026-02-11T17:31:39.795+0800] {logging_mixin.py:188} INFO - [2026-02-11T17:31:39.795+0800] {dag.py:3834} INFO - Setting next_dagrun for dataset_produces_1 to 2026-02-10 00:00:00+00:00, run_after=2026-02-11 00:00:00+00:00
[2026-02-11T17:31:39.796+0800] {logging_mixin.py:188} INFO - [2026-02-11T17:31:39.796+0800] {dag.py:3834} INFO - Setting next_dagrun for dataset_produces_2 to None, run_after=None
[2026-02-11T17:31:39.826+0800] {processor.py:183} INFO - Processing /Users/linghuchong/miniconda3/envs/py310/lib/python3.10/site-packages/airflow/example_dags/example_datasets.py took 0.222 seconds
[2026-02-11T17:37:45.775+0800] {processor.py:161} INFO - Started process (PID=18591) to work on /Users/linghuchong/miniconda3/envs/py310/lib/python3.10/site-packages/airflow/example_dags/example_datasets.py
[2026-02-11T17:37:45.776+0800] {processor.py:830} INFO - Processing file /Users/linghuchong/miniconda3/envs/py310/lib/python3.10/site-packages/airflow/example_dags/example_datasets.py for tasks to queue
[2026-02-11T17:37:45.778+0800] {logging_mixin.py:188} INFO - [2026-02-11T17:37:45.777+0800] {dagbag.py:540} INFO - Filling up the DagBag from /Users/linghuchong/miniconda3/envs/py310/lib/python3.10/site-packages/airflow/example_dags/example_datasets.py
[2026-02-11T17:37:45.792+0800] {processor.py:840} INFO - DAG(s) 'dataset_consumes_1_never_scheduled', 'dataset_consumes_1', 'dataset_produces_2', 'dataset_produces_1', 'dataset_consumes_1_and_2', 'dataset_consumes_unknown_never_scheduled' retrieved from /Users/linghuchong/miniconda3/envs/py310/lib/python3.10/site-packages/airflow/example_dags/example_datasets.py
[2026-02-11T17:37:45.944+0800] {logging_mixin.py:188} INFO - [2026-02-11T17:37:45.943+0800] {dag.py:3047} INFO - Sync 6 DAGs
[2026-02-11T17:37:45.965+0800] {logging_mixin.py:188} INFO - [2026-02-11T17:37:45.964+0800] {dag.py:3834} INFO - Setting next_dagrun for dataset_consumes_1 to None, run_after=None
[2026-02-11T17:37:45.969+0800] {logging_mixin.py:188} INFO - [2026-02-11T17:37:45.969+0800] {dag.py:3834} INFO - Setting next_dagrun for dataset_consumes_1_and_2 to None, run_after=None
[2026-02-11T17:37:45.971+0800] {logging_mixin.py:188} INFO - [2026-02-11T17:37:45.971+0800] {dag.py:3834} INFO - Setting next_dagrun for dataset_consumes_1_never_scheduled to None, run_after=None
[2026-02-11T17:37:45.972+0800] {logging_mixin.py:188} INFO - [2026-02-11T17:37:45.972+0800] {dag.py:3834} INFO - Setting next_dagrun for dataset_consumes_unknown_never_scheduled to None, run_after=None
[2026-02-11T17:37:45.975+0800] {logging_mixin.py:188} INFO - [2026-02-11T17:37:45.975+0800] {dag.py:3834} INFO - Setting next_dagrun for dataset_produces_1 to 2026-02-10 00:00:00+00:00, run_after=2026-02-11 00:00:00+00:00
[2026-02-11T17:37:45.976+0800] {logging_mixin.py:188} INFO - [2026-02-11T17:37:45.976+0800] {dag.py:3834} INFO - Setting next_dagrun for dataset_produces_2 to None, run_after=None
[2026-02-11T17:37:46.006+0800] {processor.py:183} INFO - Processing /Users/linghuchong/miniconda3/envs/py310/lib/python3.10/site-packages/airflow/example_dags/example_datasets.py took 0.231 seconds
[2026-02-11T17:43:57.974+0800] {processor.py:161} INFO - Started process (PID=19359) to work on /Users/linghuchong/miniconda3/envs/py310/lib/python3.10/site-packages/airflow/example_dags/example_datasets.py
[2026-02-11T17:43:57.977+0800] {processor.py:830} INFO - Processing file /Users/linghuchong/miniconda3/envs/py310/lib/python3.10/site-packages/airflow/example_dags/example_datasets.py for tasks to queue
[2026-02-11T17:43:57.979+0800] {logging_mixin.py:188} INFO - [2026-02-11T17:43:57.978+0800] {dagbag.py:540} INFO - Filling up the DagBag from /Users/linghuchong/miniconda3/envs/py310/lib/python3.10/site-packages/airflow/example_dags/example_datasets.py
[2026-02-11T17:43:57.991+0800] {processor.py:840} INFO - DAG(s) 'dataset_consumes_1_never_scheduled', 'dataset_consumes_1_and_2', 'dataset_consumes_unknown_never_scheduled', 'dataset_consumes_1', 'dataset_produces_1', 'dataset_produces_2' retrieved from /Users/linghuchong/miniconda3/envs/py310/lib/python3.10/site-packages/airflow/example_dags/example_datasets.py
[2026-02-11T17:43:58.128+0800] {logging_mixin.py:188} INFO - [2026-02-11T17:43:58.128+0800] {dag.py:3047} INFO - Sync 6 DAGs
[2026-02-11T17:43:58.147+0800] {logging_mixin.py:188} INFO - [2026-02-11T17:43:58.146+0800] {dag.py:3834} INFO - Setting next_dagrun for dataset_consumes_1 to None, run_after=None
[2026-02-11T17:43:58.150+0800] {logging_mixin.py:188} INFO - [2026-02-11T17:43:58.149+0800] {dag.py:3834} INFO - Setting next_dagrun for dataset_consumes_1_and_2 to None, run_after=None
[2026-02-11T17:43:58.151+0800] {logging_mixin.py:188} INFO - [2026-02-11T17:43:58.150+0800] {dag.py:3834} INFO - Setting next_dagrun for dataset_consumes_1_never_scheduled to None, run_after=None
[2026-02-11T17:43:58.151+0800] {logging_mixin.py:188} INFO - [2026-02-11T17:43:58.151+0800] {dag.py:3834} INFO - Setting next_dagrun for dataset_consumes_unknown_never_scheduled to None, run_after=None
[2026-02-11T17:43:58.154+0800] {logging_mixin.py:188} INFO - [2026-02-11T17:43:58.154+0800] {dag.py:3834} INFO - Setting next_dagrun for dataset_produces_1 to 2026-02-10 00:00:00+00:00, run_after=2026-02-11 00:00:00+00:00
[2026-02-11T17:43:58.155+0800] {logging_mixin.py:188} INFO - [2026-02-11T17:43:58.155+0800] {dag.py:3834} INFO - Setting next_dagrun for dataset_produces_2 to None, run_after=None
[2026-02-11T17:43:58.185+0800] {processor.py:183} INFO - Processing /Users/linghuchong/miniconda3/envs/py310/lib/python3.10/site-packages/airflow/example_dags/example_datasets.py took 0.211 seconds
[2026-02-11T17:50:06.281+0800] {processor.py:161} INFO - Started process (PID=19840) to work on /Users/linghuchong/miniconda3/envs/py310/lib/python3.10/site-packages/airflow/example_dags/example_datasets.py
[2026-02-11T17:50:06.282+0800] {processor.py:830} INFO - Processing file /Users/linghuchong/miniconda3/envs/py310/lib/python3.10/site-packages/airflow/example_dags/example_datasets.py for tasks to queue
[2026-02-11T17:50:06.283+0800] {logging_mixin.py:188} INFO - [2026-02-11T17:50:06.282+0800] {dagbag.py:540} INFO - Filling up the DagBag from /Users/linghuchong/miniconda3/envs/py310/lib/python3.10/site-packages/airflow/example_dags/example_datasets.py
[2026-02-11T17:50:06.300+0800] {processor.py:840} INFO - DAG(s) 'dataset_produces_2', 'dataset_consumes_unknown_never_scheduled', 'dataset_consumes_1_and_2', 'dataset_produces_1', 'dataset_consumes_1_never_scheduled', 'dataset_consumes_1' retrieved from /Users/linghuchong/miniconda3/envs/py310/lib/python3.10/site-packages/airflow/example_dags/example_datasets.py
[2026-02-11T17:50:06.446+0800] {logging_mixin.py:188} INFO - [2026-02-11T17:50:06.445+0800] {dag.py:3047} INFO - Sync 6 DAGs
[2026-02-11T17:50:06.465+0800] {logging_mixin.py:188} INFO - [2026-02-11T17:50:06.465+0800] {dag.py:3834} INFO - Setting next_dagrun for dataset_consumes_1 to None, run_after=None
[2026-02-11T17:50:06.468+0800] {logging_mixin.py:188} INFO - [2026-02-11T17:50:06.468+0800] {dag.py:3834} INFO - Setting next_dagrun for dataset_consumes_1_and_2 to None, run_after=None
[2026-02-11T17:50:06.469+0800] {logging_mixin.py:188} INFO - [2026-02-11T17:50:06.469+0800] {dag.py:3834} INFO - Setting next_dagrun for dataset_consumes_1_never_scheduled to None, run_after=None
[2026-02-11T17:50:06.470+0800] {logging_mixin.py:188} INFO - [2026-02-11T17:50:06.470+0800] {dag.py:3834} INFO - Setting next_dagrun for dataset_consumes_unknown_never_scheduled to None, run_after=None
[2026-02-11T17:50:06.473+0800] {logging_mixin.py:188} INFO - [2026-02-11T17:50:06.473+0800] {dag.py:3834} INFO - Setting next_dagrun for dataset_produces_1 to 2026-02-10 00:00:00+00:00, run_after=2026-02-11 00:00:00+00:00
[2026-02-11T17:50:06.474+0800] {logging_mixin.py:188} INFO - [2026-02-11T17:50:06.474+0800] {dag.py:3834} INFO - Setting next_dagrun for dataset_produces_2 to None, run_after=None
[2026-02-11T17:50:06.502+0800] {processor.py:183} INFO - Processing /Users/linghuchong/miniconda3/envs/py310/lib/python3.10/site-packages/airflow/example_dags/example_datasets.py took 0.222 seconds
[2026-02-11T17:56:20.593+0800] {processor.py:161} INFO - Started process (PID=20064) to work on /Users/linghuchong/miniconda3/envs/py310/lib/python3.10/site-packages/airflow/example_dags/example_datasets.py
[2026-02-11T17:56:20.595+0800] {processor.py:830} INFO - Processing file /Users/linghuchong/miniconda3/envs/py310/lib/python3.10/site-packages/airflow/example_dags/example_datasets.py for tasks to queue
[2026-02-11T17:56:20.596+0800] {logging_mixin.py:188} INFO - [2026-02-11T17:56:20.596+0800] {dagbag.py:540} INFO - Filling up the DagBag from /Users/linghuchong/miniconda3/envs/py310/lib/python3.10/site-packages/airflow/example_dags/example_datasets.py
[2026-02-11T17:56:20.608+0800] {processor.py:840} INFO - DAG(s) 'dataset_produces_2', 'dataset_consumes_unknown_never_scheduled', 'dataset_produces_1', 'dataset_consumes_1', 'dataset_consumes_1_and_2', 'dataset_consumes_1_never_scheduled' retrieved from /Users/linghuchong/miniconda3/envs/py310/lib/python3.10/site-packages/airflow/example_dags/example_datasets.py
[2026-02-11T17:56:20.775+0800] {logging_mixin.py:188} INFO - [2026-02-11T17:56:20.775+0800] {dag.py:3047} INFO - Sync 6 DAGs
[2026-02-11T17:56:20.794+0800] {logging_mixin.py:188} INFO - [2026-02-11T17:56:20.793+0800] {dag.py:3834} INFO - Setting next_dagrun for dataset_consumes_1 to None, run_after=None
[2026-02-11T17:56:20.797+0800] {logging_mixin.py:188} INFO - [2026-02-11T17:56:20.797+0800] {dag.py:3834} INFO - Setting next_dagrun for dataset_consumes_1_and_2 to None, run_after=None
[2026-02-11T17:56:20.798+0800] {logging_mixin.py:188} INFO - [2026-02-11T17:56:20.798+0800] {dag.py:3834} INFO - Setting next_dagrun for dataset_consumes_1_never_scheduled to None, run_after=None
[2026-02-11T17:56:20.799+0800] {logging_mixin.py:188} INFO - [2026-02-11T17:56:20.799+0800] {dag.py:3834} INFO - Setting next_dagrun for dataset_consumes_unknown_never_scheduled to None, run_after=None
[2026-02-11T17:56:20.803+0800] {logging_mixin.py:188} INFO - [2026-02-11T17:56:20.802+0800] {dag.py:3834} INFO - Setting next_dagrun for dataset_produces_1 to 2026-02-10 00:00:00+00:00, run_after=2026-02-11 00:00:00+00:00
[2026-02-11T17:56:20.805+0800] {logging_mixin.py:188} INFO - [2026-02-11T17:56:20.805+0800] {dag.py:3834} INFO - Setting next_dagrun for dataset_produces_2 to None, run_after=None
[2026-02-11T17:56:20.841+0800] {processor.py:183} INFO - Processing /Users/linghuchong/miniconda3/envs/py310/lib/python3.10/site-packages/airflow/example_dags/example_datasets.py took 0.250 seconds
