[2026-02-11T12:19:15.257+0800] {processor.py:161} INFO - Started process (PID=8219) to work on /Users/linghuchong/miniconda3/envs/py310/lib/python3.10/site-packages/airflow/example_dags/example_latest_only_with_trigger.py
[2026-02-11T12:19:15.258+0800] {processor.py:830} INFO - Processing file /Users/linghuchong/miniconda3/envs/py310/lib/python3.10/site-packages/airflow/example_dags/example_latest_only_with_trigger.py for tasks to queue
[2026-02-11T12:19:15.259+0800] {logging_mixin.py:188} INFO - [2026-02-11T12:19:15.259+0800] {dagbag.py:540} INFO - Filling up the DagBag from /Users/linghuchong/miniconda3/envs/py310/lib/python3.10/site-packages/airflow/example_dags/example_latest_only_with_trigger.py
[2026-02-11T12:19:15.272+0800] {processor.py:840} INFO - DAG(s) 'latest_only_with_trigger' retrieved from /Users/linghuchong/miniconda3/envs/py310/lib/python3.10/site-packages/airflow/example_dags/example_latest_only_with_trigger.py
[2026-02-11T12:19:15.596+0800] {logging_mixin.py:188} INFO - [2026-02-11T12:19:15.595+0800] {override.py:1769} INFO - Created Permission View: can edit on DAG:latest_only_with_trigger
[2026-02-11T12:19:15.608+0800] {logging_mixin.py:188} INFO - [2026-02-11T12:19:15.607+0800] {override.py:1769} INFO - Created Permission View: can read on DAG:latest_only_with_trigger
[2026-02-11T12:19:15.615+0800] {logging_mixin.py:188} INFO - [2026-02-11T12:19:15.614+0800] {override.py:1769} INFO - Created Permission View: can delete on DAG:latest_only_with_trigger
[2026-02-11T12:19:15.617+0800] {logging_mixin.py:188} INFO - [2026-02-11T12:19:15.616+0800] {dag.py:3047} INFO - Sync 1 DAGs
[2026-02-11T12:19:15.628+0800] {logging_mixin.py:188} INFO - [2026-02-11T12:19:15.628+0800] {dag.py:3069} INFO - Creating ORM DAG for latest_only_with_trigger
[2026-02-11T12:19:15.641+0800] {logging_mixin.py:188} INFO - [2026-02-11T12:19:15.640+0800] {dag.py:3834} INFO - Setting next_dagrun for latest_only_with_trigger to 2026-02-11 00:00:00+00:00, run_after=2026-02-11 04:00:00+00:00
[2026-02-11T12:19:15.661+0800] {processor.py:183} INFO - Processing /Users/linghuchong/miniconda3/envs/py310/lib/python3.10/site-packages/airflow/example_dags/example_latest_only_with_trigger.py took 0.405 seconds
[2026-02-11T12:22:34.181+0800] {processor.py:161} INFO - Started process (PID=8365) to work on /Users/linghuchong/miniconda3/envs/py310/lib/python3.10/site-packages/airflow/example_dags/example_latest_only_with_trigger.py
[2026-02-11T12:22:34.184+0800] {processor.py:830} INFO - Processing file /Users/linghuchong/miniconda3/envs/py310/lib/python3.10/site-packages/airflow/example_dags/example_latest_only_with_trigger.py for tasks to queue
[2026-02-11T12:22:34.184+0800] {logging_mixin.py:188} INFO - [2026-02-11T12:22:34.184+0800] {dagbag.py:540} INFO - Filling up the DagBag from /Users/linghuchong/miniconda3/envs/py310/lib/python3.10/site-packages/airflow/example_dags/example_latest_only_with_trigger.py
[2026-02-11T12:22:34.193+0800] {processor.py:840} INFO - DAG(s) 'latest_only_with_trigger' retrieved from /Users/linghuchong/miniconda3/envs/py310/lib/python3.10/site-packages/airflow/example_dags/example_latest_only_with_trigger.py
[2026-02-11T12:22:34.309+0800] {logging_mixin.py:188} INFO - [2026-02-11T12:22:34.308+0800] {dag.py:3047} INFO - Sync 1 DAGs
[2026-02-11T12:22:34.328+0800] {logging_mixin.py:188} INFO - [2026-02-11T12:22:34.328+0800] {dag.py:3834} INFO - Setting next_dagrun for latest_only_with_trigger to 2026-02-11 00:00:00+00:00, run_after=2026-02-11 04:00:00+00:00
[2026-02-11T12:22:34.345+0800] {processor.py:183} INFO - Processing /Users/linghuchong/miniconda3/envs/py310/lib/python3.10/site-packages/airflow/example_dags/example_latest_only_with_trigger.py took 0.165 seconds
[2026-02-11T12:25:16.283+0800] {processor.py:161} INFO - Started process (PID=8438) to work on /Users/linghuchong/miniconda3/envs/py310/lib/python3.10/site-packages/airflow/example_dags/example_latest_only_with_trigger.py
[2026-02-11T12:25:16.286+0800] {processor.py:830} INFO - Processing file /Users/linghuchong/miniconda3/envs/py310/lib/python3.10/site-packages/airflow/example_dags/example_latest_only_with_trigger.py for tasks to queue
[2026-02-11T12:25:16.286+0800] {logging_mixin.py:188} INFO - [2026-02-11T12:25:16.286+0800] {dagbag.py:540} INFO - Filling up the DagBag from /Users/linghuchong/miniconda3/envs/py310/lib/python3.10/site-packages/airflow/example_dags/example_latest_only_with_trigger.py
[2026-02-11T12:25:16.295+0800] {processor.py:840} INFO - DAG(s) 'latest_only_with_trigger' retrieved from /Users/linghuchong/miniconda3/envs/py310/lib/python3.10/site-packages/airflow/example_dags/example_latest_only_with_trigger.py
[2026-02-11T12:25:16.413+0800] {logging_mixin.py:188} INFO - [2026-02-11T12:25:16.413+0800] {dag.py:3047} INFO - Sync 1 DAGs
[2026-02-11T12:25:16.434+0800] {logging_mixin.py:188} INFO - [2026-02-11T12:25:16.434+0800] {dag.py:3834} INFO - Setting next_dagrun for latest_only_with_trigger to 2026-02-11 00:00:00+00:00, run_after=2026-02-11 04:00:00+00:00
[2026-02-11T12:25:16.452+0800] {processor.py:183} INFO - Processing /Users/linghuchong/miniconda3/envs/py310/lib/python3.10/site-packages/airflow/example_dags/example_latest_only_with_trigger.py took 0.169 seconds
[2026-02-11T13:08:44.780+0800] {processor.py:161} INFO - Started process (PID=8609) to work on /Users/linghuchong/miniconda3/envs/py310/lib/python3.10/site-packages/airflow/example_dags/example_latest_only_with_trigger.py
[2026-02-11T13:08:44.786+0800] {processor.py:830} INFO - Processing file /Users/linghuchong/miniconda3/envs/py310/lib/python3.10/site-packages/airflow/example_dags/example_latest_only_with_trigger.py for tasks to queue
[2026-02-11T13:08:44.790+0800] {logging_mixin.py:188} INFO - [2026-02-11T13:08:44.789+0800] {dagbag.py:540} INFO - Filling up the DagBag from /Users/linghuchong/miniconda3/envs/py310/lib/python3.10/site-packages/airflow/example_dags/example_latest_only_with_trigger.py
[2026-02-11T13:08:44.834+0800] {processor.py:840} INFO - DAG(s) 'latest_only_with_trigger' retrieved from /Users/linghuchong/miniconda3/envs/py310/lib/python3.10/site-packages/airflow/example_dags/example_latest_only_with_trigger.py
[2026-02-11T13:08:45.053+0800] {logging_mixin.py:188} INFO - [2026-02-11T13:08:45.052+0800] {dag.py:3047} INFO - Sync 1 DAGs
[2026-02-11T13:08:45.082+0800] {logging_mixin.py:188} INFO - [2026-02-11T13:08:45.081+0800] {dag.py:3834} INFO - Setting next_dagrun for latest_only_with_trigger to 2026-02-11 00:00:00+00:00, run_after=2026-02-11 04:00:00+00:00
[2026-02-11T13:08:45.104+0800] {processor.py:183} INFO - Processing /Users/linghuchong/miniconda3/envs/py310/lib/python3.10/site-packages/airflow/example_dags/example_latest_only_with_trigger.py took 0.326 seconds
[2026-02-11T13:21:39.490+0800] {processor.py:161} INFO - Started process (PID=9165) to work on /Users/linghuchong/miniconda3/envs/py310/lib/python3.10/site-packages/airflow/example_dags/example_latest_only_with_trigger.py
[2026-02-11T13:21:39.492+0800] {processor.py:830} INFO - Processing file /Users/linghuchong/miniconda3/envs/py310/lib/python3.10/site-packages/airflow/example_dags/example_latest_only_with_trigger.py for tasks to queue
[2026-02-11T13:21:39.493+0800] {logging_mixin.py:188} INFO - [2026-02-11T13:21:39.493+0800] {dagbag.py:540} INFO - Filling up the DagBag from /Users/linghuchong/miniconda3/envs/py310/lib/python3.10/site-packages/airflow/example_dags/example_latest_only_with_trigger.py
[2026-02-11T13:21:39.502+0800] {processor.py:840} INFO - DAG(s) 'latest_only_with_trigger' retrieved from /Users/linghuchong/miniconda3/envs/py310/lib/python3.10/site-packages/airflow/example_dags/example_latest_only_with_trigger.py
[2026-02-11T13:21:39.622+0800] {logging_mixin.py:188} INFO - [2026-02-11T13:21:39.622+0800] {dag.py:3047} INFO - Sync 1 DAGs
[2026-02-11T13:21:39.644+0800] {logging_mixin.py:188} INFO - [2026-02-11T13:21:39.644+0800] {dag.py:3834} INFO - Setting next_dagrun for latest_only_with_trigger to 2026-02-11 00:00:00+00:00, run_after=2026-02-11 04:00:00+00:00
[2026-02-11T13:21:39.665+0800] {processor.py:183} INFO - Processing /Users/linghuchong/miniconda3/envs/py310/lib/python3.10/site-packages/airflow/example_dags/example_latest_only_with_trigger.py took 0.176 seconds
[2026-02-11T13:24:54.128+0800] {processor.py:161} INFO - Started process (PID=9263) to work on /Users/linghuchong/miniconda3/envs/py310/lib/python3.10/site-packages/airflow/example_dags/example_latest_only_with_trigger.py
[2026-02-11T13:24:54.130+0800] {processor.py:830} INFO - Processing file /Users/linghuchong/miniconda3/envs/py310/lib/python3.10/site-packages/airflow/example_dags/example_latest_only_with_trigger.py for tasks to queue
[2026-02-11T13:24:54.131+0800] {logging_mixin.py:188} INFO - [2026-02-11T13:24:54.131+0800] {dagbag.py:540} INFO - Filling up the DagBag from /Users/linghuchong/miniconda3/envs/py310/lib/python3.10/site-packages/airflow/example_dags/example_latest_only_with_trigger.py
[2026-02-11T13:24:54.157+0800] {processor.py:840} INFO - DAG(s) 'latest_only_with_trigger' retrieved from /Users/linghuchong/miniconda3/envs/py310/lib/python3.10/site-packages/airflow/example_dags/example_latest_only_with_trigger.py
[2026-02-11T13:24:54.278+0800] {logging_mixin.py:188} INFO - [2026-02-11T13:24:54.278+0800] {dag.py:3047} INFO - Sync 1 DAGs
[2026-02-11T13:24:54.296+0800] {logging_mixin.py:188} INFO - [2026-02-11T13:24:54.295+0800] {dag.py:3834} INFO - Setting next_dagrun for latest_only_with_trigger to 2026-02-11 00:00:00+00:00, run_after=2026-02-11 04:00:00+00:00
[2026-02-11T13:24:54.316+0800] {processor.py:183} INFO - Processing /Users/linghuchong/miniconda3/envs/py310/lib/python3.10/site-packages/airflow/example_dags/example_latest_only_with_trigger.py took 0.188 seconds
[2026-02-11T13:30:33.348+0800] {processor.py:161} INFO - Started process (PID=9435) to work on /Users/linghuchong/miniconda3/envs/py310/lib/python3.10/site-packages/airflow/example_dags/example_latest_only_with_trigger.py
[2026-02-11T13:30:33.350+0800] {processor.py:830} INFO - Processing file /Users/linghuchong/miniconda3/envs/py310/lib/python3.10/site-packages/airflow/example_dags/example_latest_only_with_trigger.py for tasks to queue
[2026-02-11T13:30:33.351+0800] {logging_mixin.py:188} INFO - [2026-02-11T13:30:33.351+0800] {dagbag.py:540} INFO - Filling up the DagBag from /Users/linghuchong/miniconda3/envs/py310/lib/python3.10/site-packages/airflow/example_dags/example_latest_only_with_trigger.py
[2026-02-11T13:30:33.363+0800] {processor.py:840} INFO - DAG(s) 'latest_only_with_trigger' retrieved from /Users/linghuchong/miniconda3/envs/py310/lib/python3.10/site-packages/airflow/example_dags/example_latest_only_with_trigger.py
[2026-02-11T13:30:33.522+0800] {logging_mixin.py:188} INFO - [2026-02-11T13:30:33.521+0800] {dag.py:3047} INFO - Sync 1 DAGs
[2026-02-11T13:30:33.544+0800] {logging_mixin.py:188} INFO - [2026-02-11T13:30:33.544+0800] {dag.py:3834} INFO - Setting next_dagrun for latest_only_with_trigger to 2026-02-11 00:00:00+00:00, run_after=2026-02-11 04:00:00+00:00
[2026-02-11T13:30:33.564+0800] {processor.py:183} INFO - Processing /Users/linghuchong/miniconda3/envs/py310/lib/python3.10/site-packages/airflow/example_dags/example_latest_only_with_trigger.py took 0.217 seconds
[2026-02-11T13:33:32.137+0800] {processor.py:161} INFO - Started process (PID=9534) to work on /Users/linghuchong/miniconda3/envs/py310/lib/python3.10/site-packages/airflow/example_dags/example_latest_only_with_trigger.py
[2026-02-11T13:33:32.140+0800] {processor.py:830} INFO - Processing file /Users/linghuchong/miniconda3/envs/py310/lib/python3.10/site-packages/airflow/example_dags/example_latest_only_with_trigger.py for tasks to queue
[2026-02-11T13:33:32.141+0800] {logging_mixin.py:188} INFO - [2026-02-11T13:33:32.141+0800] {dagbag.py:540} INFO - Filling up the DagBag from /Users/linghuchong/miniconda3/envs/py310/lib/python3.10/site-packages/airflow/example_dags/example_latest_only_with_trigger.py
[2026-02-11T13:33:32.151+0800] {processor.py:840} INFO - DAG(s) 'latest_only_with_trigger' retrieved from /Users/linghuchong/miniconda3/envs/py310/lib/python3.10/site-packages/airflow/example_dags/example_latest_only_with_trigger.py
[2026-02-11T13:33:32.271+0800] {logging_mixin.py:188} INFO - [2026-02-11T13:33:32.271+0800] {dag.py:3047} INFO - Sync 1 DAGs
[2026-02-11T13:33:32.295+0800] {logging_mixin.py:188} INFO - [2026-02-11T13:33:32.294+0800] {dag.py:3834} INFO - Setting next_dagrun for latest_only_with_trigger to 2026-02-11 00:00:00+00:00, run_after=2026-02-11 04:00:00+00:00
[2026-02-11T13:33:32.314+0800] {processor.py:183} INFO - Processing /Users/linghuchong/miniconda3/envs/py310/lib/python3.10/site-packages/airflow/example_dags/example_latest_only_with_trigger.py took 0.178 seconds
[2026-02-11T13:36:22.398+0800] {processor.py:161} INFO - Started process (PID=9643) to work on /Users/linghuchong/miniconda3/envs/py310/lib/python3.10/site-packages/airflow/example_dags/example_latest_only_with_trigger.py
[2026-02-11T13:36:22.401+0800] {processor.py:830} INFO - Processing file /Users/linghuchong/miniconda3/envs/py310/lib/python3.10/site-packages/airflow/example_dags/example_latest_only_with_trigger.py for tasks to queue
[2026-02-11T13:36:22.402+0800] {logging_mixin.py:188} INFO - [2026-02-11T13:36:22.402+0800] {dagbag.py:540} INFO - Filling up the DagBag from /Users/linghuchong/miniconda3/envs/py310/lib/python3.10/site-packages/airflow/example_dags/example_latest_only_with_trigger.py
[2026-02-11T13:36:22.412+0800] {processor.py:840} INFO - DAG(s) 'latest_only_with_trigger' retrieved from /Users/linghuchong/miniconda3/envs/py310/lib/python3.10/site-packages/airflow/example_dags/example_latest_only_with_trigger.py
[2026-02-11T13:36:22.532+0800] {logging_mixin.py:188} INFO - [2026-02-11T13:36:22.532+0800] {dag.py:3047} INFO - Sync 1 DAGs
[2026-02-11T13:36:22.553+0800] {logging_mixin.py:188} INFO - [2026-02-11T13:36:22.553+0800] {dag.py:3834} INFO - Setting next_dagrun for latest_only_with_trigger to 2026-02-11 00:00:00+00:00, run_after=2026-02-11 04:00:00+00:00
[2026-02-11T13:36:22.572+0800] {processor.py:183} INFO - Processing /Users/linghuchong/miniconda3/envs/py310/lib/python3.10/site-packages/airflow/example_dags/example_latest_only_with_trigger.py took 0.174 seconds
[2026-02-11T16:21:09.518+0800] {processor.py:161} INFO - Started process (PID=14527) to work on /Users/linghuchong/miniconda3/envs/py310/lib/python3.10/site-packages/airflow/example_dags/example_latest_only_with_trigger.py
[2026-02-11T16:21:09.520+0800] {processor.py:830} INFO - Processing file /Users/linghuchong/miniconda3/envs/py310/lib/python3.10/site-packages/airflow/example_dags/example_latest_only_with_trigger.py for tasks to queue
[2026-02-11T16:21:09.521+0800] {logging_mixin.py:188} INFO - [2026-02-11T16:21:09.521+0800] {dagbag.py:540} INFO - Filling up the DagBag from /Users/linghuchong/miniconda3/envs/py310/lib/python3.10/site-packages/airflow/example_dags/example_latest_only_with_trigger.py
[2026-02-11T16:21:09.532+0800] {processor.py:840} INFO - DAG(s) 'latest_only_with_trigger' retrieved from /Users/linghuchong/miniconda3/envs/py310/lib/python3.10/site-packages/airflow/example_dags/example_latest_only_with_trigger.py
[2026-02-11T16:21:09.832+0800] {logging_mixin.py:188} INFO - [2026-02-11T16:21:09.831+0800] {dag.py:3047} INFO - Sync 1 DAGs
[2026-02-11T16:21:09.853+0800] {logging_mixin.py:188} INFO - [2026-02-11T16:21:09.853+0800] {dag.py:3834} INFO - Setting next_dagrun for latest_only_with_trigger to 2026-02-11 04:00:00+00:00, run_after=2026-02-11 08:00:00+00:00
[2026-02-11T16:21:09.875+0800] {processor.py:183} INFO - Processing /Users/linghuchong/miniconda3/envs/py310/lib/python3.10/site-packages/airflow/example_dags/example_latest_only_with_trigger.py took 0.358 seconds
[2026-02-11T16:25:18.729+0800] {processor.py:161} INFO - Started process (PID=14782) to work on /Users/linghuchong/miniconda3/envs/py310/lib/python3.10/site-packages/airflow/example_dags/example_latest_only_with_trigger.py
[2026-02-11T16:25:18.731+0800] {processor.py:830} INFO - Processing file /Users/linghuchong/miniconda3/envs/py310/lib/python3.10/site-packages/airflow/example_dags/example_latest_only_with_trigger.py for tasks to queue
[2026-02-11T16:25:18.733+0800] {logging_mixin.py:188} INFO - [2026-02-11T16:25:18.731+0800] {dagbag.py:540} INFO - Filling up the DagBag from /Users/linghuchong/miniconda3/envs/py310/lib/python3.10/site-packages/airflow/example_dags/example_latest_only_with_trigger.py
[2026-02-11T16:25:18.748+0800] {processor.py:840} INFO - DAG(s) 'latest_only_with_trigger' retrieved from /Users/linghuchong/miniconda3/envs/py310/lib/python3.10/site-packages/airflow/example_dags/example_latest_only_with_trigger.py
[2026-02-11T16:25:18.784+0800] {logging_mixin.py:188} INFO - [2026-02-11T16:25:18.783+0800] {dag.py:3047} INFO - Sync 1 DAGs
[2026-02-11T16:25:18.969+0800] {logging_mixin.py:188} INFO - [2026-02-11T16:25:18.968+0800] {dag.py:3834} INFO - Setting next_dagrun for latest_only_with_trigger to 2026-02-11 04:00:00+00:00, run_after=2026-02-11 08:00:00+00:00
[2026-02-11T16:25:19.001+0800] {processor.py:183} INFO - Processing /Users/linghuchong/miniconda3/envs/py310/lib/python3.10/site-packages/airflow/example_dags/example_latest_only_with_trigger.py took 0.273 seconds
[2026-02-11T16:28:50.738+0800] {processor.py:161} INFO - Started process (PID=14893) to work on /Users/linghuchong/miniconda3/envs/py310/lib/python3.10/site-packages/airflow/example_dags/example_latest_only_with_trigger.py
[2026-02-11T16:28:50.741+0800] {processor.py:830} INFO - Processing file /Users/linghuchong/miniconda3/envs/py310/lib/python3.10/site-packages/airflow/example_dags/example_latest_only_with_trigger.py for tasks to queue
[2026-02-11T16:28:50.742+0800] {logging_mixin.py:188} INFO - [2026-02-11T16:28:50.742+0800] {dagbag.py:540} INFO - Filling up the DagBag from /Users/linghuchong/miniconda3/envs/py310/lib/python3.10/site-packages/airflow/example_dags/example_latest_only_with_trigger.py
[2026-02-11T16:28:50.751+0800] {processor.py:840} INFO - DAG(s) 'latest_only_with_trigger' retrieved from /Users/linghuchong/miniconda3/envs/py310/lib/python3.10/site-packages/airflow/example_dags/example_latest_only_with_trigger.py
[2026-02-11T16:28:50.970+0800] {logging_mixin.py:188} INFO - [2026-02-11T16:28:50.970+0800] {dag.py:3047} INFO - Sync 1 DAGs
[2026-02-11T16:28:50.994+0800] {logging_mixin.py:188} INFO - [2026-02-11T16:28:50.994+0800] {dag.py:3834} INFO - Setting next_dagrun for latest_only_with_trigger to 2026-02-11 04:00:00+00:00, run_after=2026-02-11 08:00:00+00:00
[2026-02-11T16:28:51.016+0800] {processor.py:183} INFO - Processing /Users/linghuchong/miniconda3/envs/py310/lib/python3.10/site-packages/airflow/example_dags/example_latest_only_with_trigger.py took 0.278 seconds
[2026-02-11T16:31:59.755+0800] {processor.py:161} INFO - Started process (PID=15181) to work on /Users/linghuchong/miniconda3/envs/py310/lib/python3.10/site-packages/airflow/example_dags/example_latest_only_with_trigger.py
[2026-02-11T16:31:59.758+0800] {processor.py:830} INFO - Processing file /Users/linghuchong/miniconda3/envs/py310/lib/python3.10/site-packages/airflow/example_dags/example_latest_only_with_trigger.py for tasks to queue
[2026-02-11T16:31:59.759+0800] {logging_mixin.py:188} INFO - [2026-02-11T16:31:59.759+0800] {dagbag.py:540} INFO - Filling up the DagBag from /Users/linghuchong/miniconda3/envs/py310/lib/python3.10/site-packages/airflow/example_dags/example_latest_only_with_trigger.py
[2026-02-11T16:31:59.768+0800] {processor.py:840} INFO - DAG(s) 'latest_only_with_trigger' retrieved from /Users/linghuchong/miniconda3/envs/py310/lib/python3.10/site-packages/airflow/example_dags/example_latest_only_with_trigger.py
[2026-02-11T16:31:59.904+0800] {logging_mixin.py:188} INFO - [2026-02-11T16:31:59.903+0800] {dag.py:3047} INFO - Sync 1 DAGs
[2026-02-11T16:31:59.928+0800] {logging_mixin.py:188} INFO - [2026-02-11T16:31:59.928+0800] {dag.py:3834} INFO - Setting next_dagrun for latest_only_with_trigger to 2026-02-11 04:00:00+00:00, run_after=2026-02-11 08:00:00+00:00
[2026-02-11T16:31:59.947+0800] {processor.py:183} INFO - Processing /Users/linghuchong/miniconda3/envs/py310/lib/python3.10/site-packages/airflow/example_dags/example_latest_only_with_trigger.py took 0.194 seconds
[2026-02-11T16:35:11.558+0800] {processor.py:161} INFO - Started process (PID=15342) to work on /Users/linghuchong/miniconda3/envs/py310/lib/python3.10/site-packages/airflow/example_dags/example_latest_only_with_trigger.py
[2026-02-11T16:35:11.561+0800] {processor.py:830} INFO - Processing file /Users/linghuchong/miniconda3/envs/py310/lib/python3.10/site-packages/airflow/example_dags/example_latest_only_with_trigger.py for tasks to queue
[2026-02-11T16:35:11.562+0800] {logging_mixin.py:188} INFO - [2026-02-11T16:35:11.562+0800] {dagbag.py:540} INFO - Filling up the DagBag from /Users/linghuchong/miniconda3/envs/py310/lib/python3.10/site-packages/airflow/example_dags/example_latest_only_with_trigger.py
[2026-02-11T16:35:11.571+0800] {processor.py:840} INFO - DAG(s) 'latest_only_with_trigger' retrieved from /Users/linghuchong/miniconda3/envs/py310/lib/python3.10/site-packages/airflow/example_dags/example_latest_only_with_trigger.py
[2026-02-11T16:35:11.785+0800] {logging_mixin.py:188} INFO - [2026-02-11T16:35:11.785+0800] {dag.py:3047} INFO - Sync 1 DAGs
[2026-02-11T16:35:11.807+0800] {logging_mixin.py:188} INFO - [2026-02-11T16:35:11.807+0800] {dag.py:3834} INFO - Setting next_dagrun for latest_only_with_trigger to 2026-02-11 04:00:00+00:00, run_after=2026-02-11 08:00:00+00:00
[2026-02-11T16:35:11.830+0800] {processor.py:183} INFO - Processing /Users/linghuchong/miniconda3/envs/py310/lib/python3.10/site-packages/airflow/example_dags/example_latest_only_with_trigger.py took 0.273 seconds
[2026-02-11T16:38:22.093+0800] {processor.py:161} INFO - Started process (PID=15553) to work on /Users/linghuchong/miniconda3/envs/py310/lib/python3.10/site-packages/airflow/example_dags/example_latest_only_with_trigger.py
[2026-02-11T16:38:22.094+0800] {processor.py:830} INFO - Processing file /Users/linghuchong/miniconda3/envs/py310/lib/python3.10/site-packages/airflow/example_dags/example_latest_only_with_trigger.py for tasks to queue
[2026-02-11T16:38:22.095+0800] {logging_mixin.py:188} INFO - [2026-02-11T16:38:22.095+0800] {dagbag.py:540} INFO - Filling up the DagBag from /Users/linghuchong/miniconda3/envs/py310/lib/python3.10/site-packages/airflow/example_dags/example_latest_only_with_trigger.py
[2026-02-11T16:38:22.106+0800] {processor.py:840} INFO - DAG(s) 'latest_only_with_trigger' retrieved from /Users/linghuchong/miniconda3/envs/py310/lib/python3.10/site-packages/airflow/example_dags/example_latest_only_with_trigger.py
[2026-02-11T16:38:22.226+0800] {logging_mixin.py:188} INFO - [2026-02-11T16:38:22.226+0800] {dag.py:3047} INFO - Sync 1 DAGs
[2026-02-11T16:38:22.246+0800] {logging_mixin.py:188} INFO - [2026-02-11T16:38:22.246+0800] {dag.py:3834} INFO - Setting next_dagrun for latest_only_with_trigger to 2026-02-11 04:00:00+00:00, run_after=2026-02-11 08:00:00+00:00
[2026-02-11T16:38:22.264+0800] {processor.py:183} INFO - Processing /Users/linghuchong/miniconda3/envs/py310/lib/python3.10/site-packages/airflow/example_dags/example_latest_only_with_trigger.py took 0.171 seconds
[2026-02-11T16:41:19.276+0800] {processor.py:161} INFO - Started process (PID=15753) to work on /Users/linghuchong/miniconda3/envs/py310/lib/python3.10/site-packages/airflow/example_dags/example_latest_only_with_trigger.py
[2026-02-11T16:41:19.279+0800] {processor.py:830} INFO - Processing file /Users/linghuchong/miniconda3/envs/py310/lib/python3.10/site-packages/airflow/example_dags/example_latest_only_with_trigger.py for tasks to queue
[2026-02-11T16:41:19.280+0800] {logging_mixin.py:188} INFO - [2026-02-11T16:41:19.280+0800] {dagbag.py:540} INFO - Filling up the DagBag from /Users/linghuchong/miniconda3/envs/py310/lib/python3.10/site-packages/airflow/example_dags/example_latest_only_with_trigger.py
[2026-02-11T16:41:19.289+0800] {processor.py:840} INFO - DAG(s) 'latest_only_with_trigger' retrieved from /Users/linghuchong/miniconda3/envs/py310/lib/python3.10/site-packages/airflow/example_dags/example_latest_only_with_trigger.py
[2026-02-11T16:41:19.415+0800] {logging_mixin.py:188} INFO - [2026-02-11T16:41:19.415+0800] {dag.py:3047} INFO - Sync 1 DAGs
[2026-02-11T16:41:19.437+0800] {logging_mixin.py:188} INFO - [2026-02-11T16:41:19.437+0800] {dag.py:3834} INFO - Setting next_dagrun for latest_only_with_trigger to 2026-02-11 04:00:00+00:00, run_after=2026-02-11 08:00:00+00:00
[2026-02-11T16:41:19.456+0800] {processor.py:183} INFO - Processing /Users/linghuchong/miniconda3/envs/py310/lib/python3.10/site-packages/airflow/example_dags/example_latest_only_with_trigger.py took 0.181 seconds
[2026-02-11T16:44:25.214+0800] {processor.py:161} INFO - Started process (PID=16016) to work on /Users/linghuchong/miniconda3/envs/py310/lib/python3.10/site-packages/airflow/example_dags/example_latest_only_with_trigger.py
[2026-02-11T16:44:25.217+0800] {processor.py:830} INFO - Processing file /Users/linghuchong/miniconda3/envs/py310/lib/python3.10/site-packages/airflow/example_dags/example_latest_only_with_trigger.py for tasks to queue
[2026-02-11T16:44:25.218+0800] {logging_mixin.py:188} INFO - [2026-02-11T16:44:25.217+0800] {dagbag.py:540} INFO - Filling up the DagBag from /Users/linghuchong/miniconda3/envs/py310/lib/python3.10/site-packages/airflow/example_dags/example_latest_only_with_trigger.py
[2026-02-11T16:44:25.227+0800] {processor.py:840} INFO - DAG(s) 'latest_only_with_trigger' retrieved from /Users/linghuchong/miniconda3/envs/py310/lib/python3.10/site-packages/airflow/example_dags/example_latest_only_with_trigger.py
[2026-02-11T16:44:25.353+0800] {logging_mixin.py:188} INFO - [2026-02-11T16:44:25.352+0800] {dag.py:3047} INFO - Sync 1 DAGs
[2026-02-11T16:44:25.374+0800] {logging_mixin.py:188} INFO - [2026-02-11T16:44:25.374+0800] {dag.py:3834} INFO - Setting next_dagrun for latest_only_with_trigger to 2026-02-11 04:00:00+00:00, run_after=2026-02-11 08:00:00+00:00
[2026-02-11T16:44:25.393+0800] {processor.py:183} INFO - Processing /Users/linghuchong/miniconda3/envs/py310/lib/python3.10/site-packages/airflow/example_dags/example_latest_only_with_trigger.py took 0.179 seconds
[2026-02-11T16:47:39.078+0800] {processor.py:161} INFO - Started process (PID=16139) to work on /Users/linghuchong/miniconda3/envs/py310/lib/python3.10/site-packages/airflow/example_dags/example_latest_only_with_trigger.py
[2026-02-11T16:47:39.081+0800] {processor.py:830} INFO - Processing file /Users/linghuchong/miniconda3/envs/py310/lib/python3.10/site-packages/airflow/example_dags/example_latest_only_with_trigger.py for tasks to queue
[2026-02-11T16:47:39.082+0800] {logging_mixin.py:188} INFO - [2026-02-11T16:47:39.082+0800] {dagbag.py:540} INFO - Filling up the DagBag from /Users/linghuchong/miniconda3/envs/py310/lib/python3.10/site-packages/airflow/example_dags/example_latest_only_with_trigger.py
[2026-02-11T16:47:39.092+0800] {processor.py:840} INFO - DAG(s) 'latest_only_with_trigger' retrieved from /Users/linghuchong/miniconda3/envs/py310/lib/python3.10/site-packages/airflow/example_dags/example_latest_only_with_trigger.py
[2026-02-11T16:47:39.319+0800] {logging_mixin.py:188} INFO - [2026-02-11T16:47:39.318+0800] {dag.py:3047} INFO - Sync 1 DAGs
[2026-02-11T16:47:39.341+0800] {logging_mixin.py:188} INFO - [2026-02-11T16:47:39.341+0800] {dag.py:3834} INFO - Setting next_dagrun for latest_only_with_trigger to 2026-02-11 04:00:00+00:00, run_after=2026-02-11 08:00:00+00:00
[2026-02-11T16:47:39.363+0800] {processor.py:183} INFO - Processing /Users/linghuchong/miniconda3/envs/py310/lib/python3.10/site-packages/airflow/example_dags/example_latest_only_with_trigger.py took 0.285 seconds
[2026-02-11T16:51:10.028+0800] {processor.py:161} INFO - Started process (PID=16374) to work on /Users/linghuchong/miniconda3/envs/py310/lib/python3.10/site-packages/airflow/example_dags/example_latest_only_with_trigger.py
[2026-02-11T16:51:10.031+0800] {processor.py:830} INFO - Processing file /Users/linghuchong/miniconda3/envs/py310/lib/python3.10/site-packages/airflow/example_dags/example_latest_only_with_trigger.py for tasks to queue
[2026-02-11T16:51:10.032+0800] {logging_mixin.py:188} INFO - [2026-02-11T16:51:10.032+0800] {dagbag.py:540} INFO - Filling up the DagBag from /Users/linghuchong/miniconda3/envs/py310/lib/python3.10/site-packages/airflow/example_dags/example_latest_only_with_trigger.py
[2026-02-11T16:51:10.042+0800] {processor.py:840} INFO - DAG(s) 'latest_only_with_trigger' retrieved from /Users/linghuchong/miniconda3/envs/py310/lib/python3.10/site-packages/airflow/example_dags/example_latest_only_with_trigger.py
[2026-02-11T16:51:10.278+0800] {logging_mixin.py:188} INFO - [2026-02-11T16:51:10.278+0800] {dag.py:3047} INFO - Sync 1 DAGs
[2026-02-11T16:51:10.301+0800] {logging_mixin.py:188} INFO - [2026-02-11T16:51:10.300+0800] {dag.py:3834} INFO - Setting next_dagrun for latest_only_with_trigger to 2026-02-11 04:00:00+00:00, run_after=2026-02-11 08:00:00+00:00
[2026-02-11T16:51:10.320+0800] {processor.py:183} INFO - Processing /Users/linghuchong/miniconda3/envs/py310/lib/python3.10/site-packages/airflow/example_dags/example_latest_only_with_trigger.py took 0.293 seconds
[2026-02-11T16:54:30.305+0800] {processor.py:161} INFO - Started process (PID=16513) to work on /Users/linghuchong/miniconda3/envs/py310/lib/python3.10/site-packages/airflow/example_dags/example_latest_only_with_trigger.py
[2026-02-11T16:54:30.308+0800] {processor.py:830} INFO - Processing file /Users/linghuchong/miniconda3/envs/py310/lib/python3.10/site-packages/airflow/example_dags/example_latest_only_with_trigger.py for tasks to queue
[2026-02-11T16:54:30.309+0800] {logging_mixin.py:188} INFO - [2026-02-11T16:54:30.309+0800] {dagbag.py:540} INFO - Filling up the DagBag from /Users/linghuchong/miniconda3/envs/py310/lib/python3.10/site-packages/airflow/example_dags/example_latest_only_with_trigger.py
[2026-02-11T16:54:30.317+0800] {processor.py:840} INFO - DAG(s) 'latest_only_with_trigger' retrieved from /Users/linghuchong/miniconda3/envs/py310/lib/python3.10/site-packages/airflow/example_dags/example_latest_only_with_trigger.py
[2026-02-11T16:54:30.442+0800] {logging_mixin.py:188} INFO - [2026-02-11T16:54:30.441+0800] {dag.py:3047} INFO - Sync 1 DAGs
[2026-02-11T16:54:30.465+0800] {logging_mixin.py:188} INFO - [2026-02-11T16:54:30.465+0800] {dag.py:3834} INFO - Setting next_dagrun for latest_only_with_trigger to 2026-02-11 04:00:00+00:00, run_after=2026-02-11 08:00:00+00:00
[2026-02-11T16:54:30.485+0800] {processor.py:183} INFO - Processing /Users/linghuchong/miniconda3/envs/py310/lib/python3.10/site-packages/airflow/example_dags/example_latest_only_with_trigger.py took 0.181 seconds
[2026-02-11T16:57:34.838+0800] {processor.py:161} INFO - Started process (PID=16632) to work on /Users/linghuchong/miniconda3/envs/py310/lib/python3.10/site-packages/airflow/example_dags/example_latest_only_with_trigger.py
[2026-02-11T16:57:34.841+0800] {processor.py:830} INFO - Processing file /Users/linghuchong/miniconda3/envs/py310/lib/python3.10/site-packages/airflow/example_dags/example_latest_only_with_trigger.py for tasks to queue
[2026-02-11T16:57:34.842+0800] {logging_mixin.py:188} INFO - [2026-02-11T16:57:34.842+0800] {dagbag.py:540} INFO - Filling up the DagBag from /Users/linghuchong/miniconda3/envs/py310/lib/python3.10/site-packages/airflow/example_dags/example_latest_only_with_trigger.py
[2026-02-11T16:57:34.851+0800] {processor.py:840} INFO - DAG(s) 'latest_only_with_trigger' retrieved from /Users/linghuchong/miniconda3/envs/py310/lib/python3.10/site-packages/airflow/example_dags/example_latest_only_with_trigger.py
[2026-02-11T16:57:34.976+0800] {logging_mixin.py:188} INFO - [2026-02-11T16:57:34.975+0800] {dag.py:3047} INFO - Sync 1 DAGs
[2026-02-11T16:57:34.996+0800] {logging_mixin.py:188} INFO - [2026-02-11T16:57:34.996+0800] {dag.py:3834} INFO - Setting next_dagrun for latest_only_with_trigger to 2026-02-11 04:00:00+00:00, run_after=2026-02-11 08:00:00+00:00
[2026-02-11T16:57:35.019+0800] {processor.py:183} INFO - Processing /Users/linghuchong/miniconda3/envs/py310/lib/python3.10/site-packages/airflow/example_dags/example_latest_only_with_trigger.py took 0.181 seconds
[2026-02-11T17:01:09.363+0800] {processor.py:161} INFO - Started process (PID=16757) to work on /Users/linghuchong/miniconda3/envs/py310/lib/python3.10/site-packages/airflow/example_dags/example_latest_only_with_trigger.py
[2026-02-11T17:01:09.364+0800] {processor.py:830} INFO - Processing file /Users/linghuchong/miniconda3/envs/py310/lib/python3.10/site-packages/airflow/example_dags/example_latest_only_with_trigger.py for tasks to queue
[2026-02-11T17:01:09.365+0800] {logging_mixin.py:188} INFO - [2026-02-11T17:01:09.365+0800] {dagbag.py:540} INFO - Filling up the DagBag from /Users/linghuchong/miniconda3/envs/py310/lib/python3.10/site-packages/airflow/example_dags/example_latest_only_with_trigger.py
[2026-02-11T17:01:09.377+0800] {processor.py:840} INFO - DAG(s) 'latest_only_with_trigger' retrieved from /Users/linghuchong/miniconda3/envs/py310/lib/python3.10/site-packages/airflow/example_dags/example_latest_only_with_trigger.py
[2026-02-11T17:01:09.401+0800] {logging_mixin.py:188} INFO - [2026-02-11T17:01:09.401+0800] {dag.py:3047} INFO - Sync 1 DAGs
[2026-02-11T17:01:09.534+0800] {logging_mixin.py:188} INFO - [2026-02-11T17:01:09.534+0800] {dag.py:3834} INFO - Setting next_dagrun for latest_only_with_trigger to 2026-02-11 04:00:00+00:00, run_after=2026-02-11 08:00:00+00:00
[2026-02-11T17:01:09.557+0800] {processor.py:183} INFO - Processing /Users/linghuchong/miniconda3/envs/py310/lib/python3.10/site-packages/airflow/example_dags/example_latest_only_with_trigger.py took 0.195 seconds
[2026-02-11T17:04:37.299+0800] {processor.py:161} INFO - Started process (PID=16917) to work on /Users/linghuchong/miniconda3/envs/py310/lib/python3.10/site-packages/airflow/example_dags/example_latest_only_with_trigger.py
[2026-02-11T17:04:37.302+0800] {processor.py:830} INFO - Processing file /Users/linghuchong/miniconda3/envs/py310/lib/python3.10/site-packages/airflow/example_dags/example_latest_only_with_trigger.py for tasks to queue
[2026-02-11T17:04:37.303+0800] {logging_mixin.py:188} INFO - [2026-02-11T17:04:37.303+0800] {dagbag.py:540} INFO - Filling up the DagBag from /Users/linghuchong/miniconda3/envs/py310/lib/python3.10/site-packages/airflow/example_dags/example_latest_only_with_trigger.py
[2026-02-11T17:04:37.311+0800] {processor.py:840} INFO - DAG(s) 'latest_only_with_trigger' retrieved from /Users/linghuchong/miniconda3/envs/py310/lib/python3.10/site-packages/airflow/example_dags/example_latest_only_with_trigger.py
[2026-02-11T17:04:37.520+0800] {logging_mixin.py:188} INFO - [2026-02-11T17:04:37.519+0800] {dag.py:3047} INFO - Sync 1 DAGs
[2026-02-11T17:04:37.540+0800] {logging_mixin.py:188} INFO - [2026-02-11T17:04:37.540+0800] {dag.py:3834} INFO - Setting next_dagrun for latest_only_with_trigger to 2026-02-11 04:00:00+00:00, run_after=2026-02-11 08:00:00+00:00
[2026-02-11T17:04:37.559+0800] {processor.py:183} INFO - Processing /Users/linghuchong/miniconda3/envs/py310/lib/python3.10/site-packages/airflow/example_dags/example_latest_only_with_trigger.py took 0.261 seconds
[2026-02-11T17:16:48.143+0800] {processor.py:161} INFO - Started process (PID=17790) to work on /Users/linghuchong/miniconda3/envs/py310/lib/python3.10/site-packages/airflow/example_dags/example_latest_only_with_trigger.py
[2026-02-11T17:16:48.145+0800] {processor.py:830} INFO - Processing file /Users/linghuchong/miniconda3/envs/py310/lib/python3.10/site-packages/airflow/example_dags/example_latest_only_with_trigger.py for tasks to queue
[2026-02-11T17:16:48.146+0800] {logging_mixin.py:188} INFO - [2026-02-11T17:16:48.146+0800] {dagbag.py:540} INFO - Filling up the DagBag from /Users/linghuchong/miniconda3/envs/py310/lib/python3.10/site-packages/airflow/example_dags/example_latest_only_with_trigger.py
[2026-02-11T17:16:48.155+0800] {processor.py:840} INFO - DAG(s) 'latest_only_with_trigger' retrieved from /Users/linghuchong/miniconda3/envs/py310/lib/python3.10/site-packages/airflow/example_dags/example_latest_only_with_trigger.py
[2026-02-11T17:16:48.378+0800] {logging_mixin.py:188} INFO - [2026-02-11T17:16:48.378+0800] {dag.py:3047} INFO - Sync 1 DAGs
[2026-02-11T17:16:48.399+0800] {logging_mixin.py:188} INFO - [2026-02-11T17:16:48.399+0800] {dag.py:3834} INFO - Setting next_dagrun for latest_only_with_trigger to 2026-02-11 04:00:00+00:00, run_after=2026-02-11 08:00:00+00:00
[2026-02-11T17:16:48.419+0800] {processor.py:183} INFO - Processing /Users/linghuchong/miniconda3/envs/py310/lib/python3.10/site-packages/airflow/example_dags/example_latest_only_with_trigger.py took 0.277 seconds
[2026-02-11T17:20:08.372+0800] {processor.py:161} INFO - Started process (PID=17879) to work on /Users/linghuchong/miniconda3/envs/py310/lib/python3.10/site-packages/airflow/example_dags/example_latest_only_with_trigger.py
[2026-02-11T17:20:08.375+0800] {processor.py:830} INFO - Processing file /Users/linghuchong/miniconda3/envs/py310/lib/python3.10/site-packages/airflow/example_dags/example_latest_only_with_trigger.py for tasks to queue
[2026-02-11T17:20:08.376+0800] {logging_mixin.py:188} INFO - [2026-02-11T17:20:08.376+0800] {dagbag.py:540} INFO - Filling up the DagBag from /Users/linghuchong/miniconda3/envs/py310/lib/python3.10/site-packages/airflow/example_dags/example_latest_only_with_trigger.py
[2026-02-11T17:20:08.384+0800] {processor.py:840} INFO - DAG(s) 'latest_only_with_trigger' retrieved from /Users/linghuchong/miniconda3/envs/py310/lib/python3.10/site-packages/airflow/example_dags/example_latest_only_with_trigger.py
[2026-02-11T17:20:08.498+0800] {logging_mixin.py:188} INFO - [2026-02-11T17:20:08.498+0800] {dag.py:3047} INFO - Sync 1 DAGs
[2026-02-11T17:20:08.515+0800] {logging_mixin.py:188} INFO - [2026-02-11T17:20:08.515+0800] {dag.py:3834} INFO - Setting next_dagrun for latest_only_with_trigger to 2026-02-11 04:00:00+00:00, run_after=2026-02-11 08:00:00+00:00
[2026-02-11T17:20:08.536+0800] {processor.py:183} INFO - Processing /Users/linghuchong/miniconda3/envs/py310/lib/python3.10/site-packages/airflow/example_dags/example_latest_only_with_trigger.py took 0.164 seconds
[2026-02-11T17:22:55.180+0800] {processor.py:161} INFO - Started process (PID=17977) to work on /Users/linghuchong/miniconda3/envs/py310/lib/python3.10/site-packages/airflow/example_dags/example_latest_only_with_trigger.py
[2026-02-11T17:22:55.183+0800] {processor.py:830} INFO - Processing file /Users/linghuchong/miniconda3/envs/py310/lib/python3.10/site-packages/airflow/example_dags/example_latest_only_with_trigger.py for tasks to queue
[2026-02-11T17:22:55.184+0800] {logging_mixin.py:188} INFO - [2026-02-11T17:22:55.184+0800] {dagbag.py:540} INFO - Filling up the DagBag from /Users/linghuchong/miniconda3/envs/py310/lib/python3.10/site-packages/airflow/example_dags/example_latest_only_with_trigger.py
[2026-02-11T17:22:55.193+0800] {processor.py:840} INFO - DAG(s) 'latest_only_with_trigger' retrieved from /Users/linghuchong/miniconda3/envs/py310/lib/python3.10/site-packages/airflow/example_dags/example_latest_only_with_trigger.py
[2026-02-11T17:22:55.312+0800] {logging_mixin.py:188} INFO - [2026-02-11T17:22:55.311+0800] {dag.py:3047} INFO - Sync 1 DAGs
[2026-02-11T17:22:55.332+0800] {logging_mixin.py:188} INFO - [2026-02-11T17:22:55.331+0800] {dag.py:3834} INFO - Setting next_dagrun for latest_only_with_trigger to 2026-02-11 04:00:00+00:00, run_after=2026-02-11 08:00:00+00:00
[2026-02-11T17:22:55.351+0800] {processor.py:183} INFO - Processing /Users/linghuchong/miniconda3/envs/py310/lib/python3.10/site-packages/airflow/example_dags/example_latest_only_with_trigger.py took 0.172 seconds
[2026-02-11T17:25:37.810+0800] {processor.py:161} INFO - Started process (PID=18056) to work on /Users/linghuchong/miniconda3/envs/py310/lib/python3.10/site-packages/airflow/example_dags/example_latest_only_with_trigger.py
[2026-02-11T17:25:37.812+0800] {processor.py:830} INFO - Processing file /Users/linghuchong/miniconda3/envs/py310/lib/python3.10/site-packages/airflow/example_dags/example_latest_only_with_trigger.py for tasks to queue
[2026-02-11T17:25:37.814+0800] {logging_mixin.py:188} INFO - [2026-02-11T17:25:37.813+0800] {dagbag.py:540} INFO - Filling up the DagBag from /Users/linghuchong/miniconda3/envs/py310/lib/python3.10/site-packages/airflow/example_dags/example_latest_only_with_trigger.py
[2026-02-11T17:25:37.822+0800] {processor.py:840} INFO - DAG(s) 'latest_only_with_trigger' retrieved from /Users/linghuchong/miniconda3/envs/py310/lib/python3.10/site-packages/airflow/example_dags/example_latest_only_with_trigger.py
[2026-02-11T17:25:37.935+0800] {logging_mixin.py:188} INFO - [2026-02-11T17:25:37.934+0800] {dag.py:3047} INFO - Sync 1 DAGs
[2026-02-11T17:25:37.955+0800] {logging_mixin.py:188} INFO - [2026-02-11T17:25:37.955+0800] {dag.py:3834} INFO - Setting next_dagrun for latest_only_with_trigger to 2026-02-11 04:00:00+00:00, run_after=2026-02-11 08:00:00+00:00
[2026-02-11T17:25:37.973+0800] {processor.py:183} INFO - Processing /Users/linghuchong/miniconda3/envs/py310/lib/python3.10/site-packages/airflow/example_dags/example_latest_only_with_trigger.py took 0.165 seconds
[2026-02-11T17:28:19.361+0800] {processor.py:161} INFO - Started process (PID=18146) to work on /Users/linghuchong/miniconda3/envs/py310/lib/python3.10/site-packages/airflow/example_dags/example_latest_only_with_trigger.py
[2026-02-11T17:28:19.366+0800] {processor.py:830} INFO - Processing file /Users/linghuchong/miniconda3/envs/py310/lib/python3.10/site-packages/airflow/example_dags/example_latest_only_with_trigger.py for tasks to queue
[2026-02-11T17:28:19.367+0800] {logging_mixin.py:188} INFO - [2026-02-11T17:28:19.367+0800] {dagbag.py:540} INFO - Filling up the DagBag from /Users/linghuchong/miniconda3/envs/py310/lib/python3.10/site-packages/airflow/example_dags/example_latest_only_with_trigger.py
[2026-02-11T17:28:19.377+0800] {processor.py:840} INFO - DAG(s) 'latest_only_with_trigger' retrieved from /Users/linghuchong/miniconda3/envs/py310/lib/python3.10/site-packages/airflow/example_dags/example_latest_only_with_trigger.py
[2026-02-11T17:28:19.496+0800] {logging_mixin.py:188} INFO - [2026-02-11T17:28:19.495+0800] {dag.py:3047} INFO - Sync 1 DAGs
[2026-02-11T17:28:19.515+0800] {logging_mixin.py:188} INFO - [2026-02-11T17:28:19.515+0800] {dag.py:3834} INFO - Setting next_dagrun for latest_only_with_trigger to 2026-02-11 04:00:00+00:00, run_after=2026-02-11 08:00:00+00:00
[2026-02-11T17:28:19.545+0800] {processor.py:183} INFO - Processing /Users/linghuchong/miniconda3/envs/py310/lib/python3.10/site-packages/airflow/example_dags/example_latest_only_with_trigger.py took 0.184 seconds
[2026-02-11T17:31:15.575+0800] {processor.py:161} INFO - Started process (PID=18254) to work on /Users/linghuchong/miniconda3/envs/py310/lib/python3.10/site-packages/airflow/example_dags/example_latest_only_with_trigger.py
[2026-02-11T17:31:15.578+0800] {processor.py:830} INFO - Processing file /Users/linghuchong/miniconda3/envs/py310/lib/python3.10/site-packages/airflow/example_dags/example_latest_only_with_trigger.py for tasks to queue
[2026-02-11T17:31:15.579+0800] {logging_mixin.py:188} INFO - [2026-02-11T17:31:15.579+0800] {dagbag.py:540} INFO - Filling up the DagBag from /Users/linghuchong/miniconda3/envs/py310/lib/python3.10/site-packages/airflow/example_dags/example_latest_only_with_trigger.py
[2026-02-11T17:31:15.589+0800] {processor.py:840} INFO - DAG(s) 'latest_only_with_trigger' retrieved from /Users/linghuchong/miniconda3/envs/py310/lib/python3.10/site-packages/airflow/example_dags/example_latest_only_with_trigger.py
[2026-02-11T17:31:15.726+0800] {logging_mixin.py:188} INFO - [2026-02-11T17:31:15.726+0800] {dag.py:3047} INFO - Sync 1 DAGs
[2026-02-11T17:31:15.746+0800] {logging_mixin.py:188} INFO - [2026-02-11T17:31:15.746+0800] {dag.py:3834} INFO - Setting next_dagrun for latest_only_with_trigger to 2026-02-11 04:00:00+00:00, run_after=2026-02-11 08:00:00+00:00
[2026-02-11T17:31:15.767+0800] {processor.py:183} INFO - Processing /Users/linghuchong/miniconda3/envs/py310/lib/python3.10/site-packages/airflow/example_dags/example_latest_only_with_trigger.py took 0.193 seconds
[2026-02-11T17:34:17.959+0800] {processor.py:161} INFO - Started process (PID=18356) to work on /Users/linghuchong/miniconda3/envs/py310/lib/python3.10/site-packages/airflow/example_dags/example_latest_only_with_trigger.py
[2026-02-11T17:34:17.960+0800] {processor.py:830} INFO - Processing file /Users/linghuchong/miniconda3/envs/py310/lib/python3.10/site-packages/airflow/example_dags/example_latest_only_with_trigger.py for tasks to queue
[2026-02-11T17:34:17.961+0800] {logging_mixin.py:188} INFO - [2026-02-11T17:34:17.961+0800] {dagbag.py:540} INFO - Filling up the DagBag from /Users/linghuchong/miniconda3/envs/py310/lib/python3.10/site-packages/airflow/example_dags/example_latest_only_with_trigger.py
[2026-02-11T17:34:17.970+0800] {processor.py:840} INFO - DAG(s) 'latest_only_with_trigger' retrieved from /Users/linghuchong/miniconda3/envs/py310/lib/python3.10/site-packages/airflow/example_dags/example_latest_only_with_trigger.py
[2026-02-11T17:34:18.107+0800] {logging_mixin.py:188} INFO - [2026-02-11T17:34:18.107+0800] {dag.py:3047} INFO - Sync 1 DAGs
[2026-02-11T17:34:18.126+0800] {logging_mixin.py:188} INFO - [2026-02-11T17:34:18.126+0800] {dag.py:3834} INFO - Setting next_dagrun for latest_only_with_trigger to 2026-02-11 04:00:00+00:00, run_after=2026-02-11 08:00:00+00:00
[2026-02-11T17:34:18.147+0800] {processor.py:183} INFO - Processing /Users/linghuchong/miniconda3/envs/py310/lib/python3.10/site-packages/airflow/example_dags/example_latest_only_with_trigger.py took 0.189 seconds
[2026-02-11T17:37:21.605+0800] {processor.py:161} INFO - Started process (PID=18573) to work on /Users/linghuchong/miniconda3/envs/py310/lib/python3.10/site-packages/airflow/example_dags/example_latest_only_with_trigger.py
[2026-02-11T17:37:21.606+0800] {processor.py:830} INFO - Processing file /Users/linghuchong/miniconda3/envs/py310/lib/python3.10/site-packages/airflow/example_dags/example_latest_only_with_trigger.py for tasks to queue
[2026-02-11T17:37:21.607+0800] {logging_mixin.py:188} INFO - [2026-02-11T17:37:21.607+0800] {dagbag.py:540} INFO - Filling up the DagBag from /Users/linghuchong/miniconda3/envs/py310/lib/python3.10/site-packages/airflow/example_dags/example_latest_only_with_trigger.py
[2026-02-11T17:37:21.616+0800] {processor.py:840} INFO - DAG(s) 'latest_only_with_trigger' retrieved from /Users/linghuchong/miniconda3/envs/py310/lib/python3.10/site-packages/airflow/example_dags/example_latest_only_with_trigger.py
[2026-02-11T17:37:21.740+0800] {logging_mixin.py:188} INFO - [2026-02-11T17:37:21.739+0800] {dag.py:3047} INFO - Sync 1 DAGs
[2026-02-11T17:37:21.760+0800] {logging_mixin.py:188} INFO - [2026-02-11T17:37:21.759+0800] {dag.py:3834} INFO - Setting next_dagrun for latest_only_with_trigger to 2026-02-11 04:00:00+00:00, run_after=2026-02-11 08:00:00+00:00
[2026-02-11T17:37:21.779+0800] {processor.py:183} INFO - Processing /Users/linghuchong/miniconda3/envs/py310/lib/python3.10/site-packages/airflow/example_dags/example_latest_only_with_trigger.py took 0.175 seconds
[2026-02-11T17:40:28.857+0800] {processor.py:161} INFO - Started process (PID=18872) to work on /Users/linghuchong/miniconda3/envs/py310/lib/python3.10/site-packages/airflow/example_dags/example_latest_only_with_trigger.py
[2026-02-11T17:40:28.859+0800] {processor.py:830} INFO - Processing file /Users/linghuchong/miniconda3/envs/py310/lib/python3.10/site-packages/airflow/example_dags/example_latest_only_with_trigger.py for tasks to queue
[2026-02-11T17:40:28.860+0800] {logging_mixin.py:188} INFO - [2026-02-11T17:40:28.859+0800] {dagbag.py:540} INFO - Filling up the DagBag from /Users/linghuchong/miniconda3/envs/py310/lib/python3.10/site-packages/airflow/example_dags/example_latest_only_with_trigger.py
[2026-02-11T17:40:28.871+0800] {processor.py:840} INFO - DAG(s) 'latest_only_with_trigger' retrieved from /Users/linghuchong/miniconda3/envs/py310/lib/python3.10/site-packages/airflow/example_dags/example_latest_only_with_trigger.py
[2026-02-11T17:40:29.022+0800] {logging_mixin.py:188} INFO - [2026-02-11T17:40:29.022+0800] {dag.py:3047} INFO - Sync 1 DAGs
[2026-02-11T17:40:29.053+0800] {logging_mixin.py:188} INFO - [2026-02-11T17:40:29.053+0800] {dag.py:3834} INFO - Setting next_dagrun for latest_only_with_trigger to 2026-02-11 04:00:00+00:00, run_after=2026-02-11 08:00:00+00:00
[2026-02-11T17:40:29.074+0800] {processor.py:183} INFO - Processing /Users/linghuchong/miniconda3/envs/py310/lib/python3.10/site-packages/airflow/example_dags/example_latest_only_with_trigger.py took 0.219 seconds
[2026-02-11T17:43:33.442+0800] {processor.py:161} INFO - Started process (PID=19266) to work on /Users/linghuchong/miniconda3/envs/py310/lib/python3.10/site-packages/airflow/example_dags/example_latest_only_with_trigger.py
[2026-02-11T17:43:33.445+0800] {processor.py:830} INFO - Processing file /Users/linghuchong/miniconda3/envs/py310/lib/python3.10/site-packages/airflow/example_dags/example_latest_only_with_trigger.py for tasks to queue
[2026-02-11T17:43:33.447+0800] {logging_mixin.py:188} INFO - [2026-02-11T17:43:33.446+0800] {dagbag.py:540} INFO - Filling up the DagBag from /Users/linghuchong/miniconda3/envs/py310/lib/python3.10/site-packages/airflow/example_dags/example_latest_only_with_trigger.py
[2026-02-11T17:43:33.455+0800] {processor.py:840} INFO - DAG(s) 'latest_only_with_trigger' retrieved from /Users/linghuchong/miniconda3/envs/py310/lib/python3.10/site-packages/airflow/example_dags/example_latest_only_with_trigger.py
[2026-02-11T17:43:33.579+0800] {logging_mixin.py:188} INFO - [2026-02-11T17:43:33.579+0800] {dag.py:3047} INFO - Sync 1 DAGs
[2026-02-11T17:43:33.598+0800] {logging_mixin.py:188} INFO - [2026-02-11T17:43:33.598+0800] {dag.py:3834} INFO - Setting next_dagrun for latest_only_with_trigger to 2026-02-11 04:00:00+00:00, run_after=2026-02-11 08:00:00+00:00
[2026-02-11T17:43:33.618+0800] {processor.py:183} INFO - Processing /Users/linghuchong/miniconda3/envs/py310/lib/python3.10/site-packages/airflow/example_dags/example_latest_only_with_trigger.py took 0.176 seconds
[2026-02-11T17:46:41.111+0800] {processor.py:161} INFO - Started process (PID=19680) to work on /Users/linghuchong/miniconda3/envs/py310/lib/python3.10/site-packages/airflow/example_dags/example_latest_only_with_trigger.py
[2026-02-11T17:46:41.114+0800] {processor.py:830} INFO - Processing file /Users/linghuchong/miniconda3/envs/py310/lib/python3.10/site-packages/airflow/example_dags/example_latest_only_with_trigger.py for tasks to queue
[2026-02-11T17:46:41.115+0800] {logging_mixin.py:188} INFO - [2026-02-11T17:46:41.115+0800] {dagbag.py:540} INFO - Filling up the DagBag from /Users/linghuchong/miniconda3/envs/py310/lib/python3.10/site-packages/airflow/example_dags/example_latest_only_with_trigger.py
[2026-02-11T17:46:41.127+0800] {processor.py:840} INFO - DAG(s) 'latest_only_with_trigger' retrieved from /Users/linghuchong/miniconda3/envs/py310/lib/python3.10/site-packages/airflow/example_dags/example_latest_only_with_trigger.py
[2026-02-11T17:46:41.303+0800] {logging_mixin.py:188} INFO - [2026-02-11T17:46:41.303+0800] {dag.py:3047} INFO - Sync 1 DAGs
[2026-02-11T17:46:41.327+0800] {logging_mixin.py:188} INFO - [2026-02-11T17:46:41.327+0800] {dag.py:3834} INFO - Setting next_dagrun for latest_only_with_trigger to 2026-02-11 04:00:00+00:00, run_after=2026-02-11 08:00:00+00:00
[2026-02-11T17:46:41.353+0800] {processor.py:183} INFO - Processing /Users/linghuchong/miniconda3/envs/py310/lib/python3.10/site-packages/airflow/example_dags/example_latest_only_with_trigger.py took 0.243 seconds
[2026-02-11T17:49:42.571+0800] {processor.py:161} INFO - Started process (PID=19829) to work on /Users/linghuchong/miniconda3/envs/py310/lib/python3.10/site-packages/airflow/example_dags/example_latest_only_with_trigger.py
[2026-02-11T17:49:42.574+0800] {processor.py:830} INFO - Processing file /Users/linghuchong/miniconda3/envs/py310/lib/python3.10/site-packages/airflow/example_dags/example_latest_only_with_trigger.py for tasks to queue
[2026-02-11T17:49:42.575+0800] {logging_mixin.py:188} INFO - [2026-02-11T17:49:42.575+0800] {dagbag.py:540} INFO - Filling up the DagBag from /Users/linghuchong/miniconda3/envs/py310/lib/python3.10/site-packages/airflow/example_dags/example_latest_only_with_trigger.py
[2026-02-11T17:49:42.584+0800] {processor.py:840} INFO - DAG(s) 'latest_only_with_trigger' retrieved from /Users/linghuchong/miniconda3/envs/py310/lib/python3.10/site-packages/airflow/example_dags/example_latest_only_with_trigger.py
[2026-02-11T17:49:42.705+0800] {logging_mixin.py:188} INFO - [2026-02-11T17:49:42.704+0800] {dag.py:3047} INFO - Sync 1 DAGs
[2026-02-11T17:49:42.726+0800] {logging_mixin.py:188} INFO - [2026-02-11T17:49:42.725+0800] {dag.py:3834} INFO - Setting next_dagrun for latest_only_with_trigger to 2026-02-11 04:00:00+00:00, run_after=2026-02-11 08:00:00+00:00
[2026-02-11T17:49:42.746+0800] {processor.py:183} INFO - Processing /Users/linghuchong/miniconda3/envs/py310/lib/python3.10/site-packages/airflow/example_dags/example_latest_only_with_trigger.py took 0.176 seconds
[2026-02-11T17:52:50.586+0800] {processor.py:161} INFO - Started process (PID=19915) to work on /Users/linghuchong/miniconda3/envs/py310/lib/python3.10/site-packages/airflow/example_dags/example_latest_only_with_trigger.py
[2026-02-11T17:52:50.588+0800] {processor.py:830} INFO - Processing file /Users/linghuchong/miniconda3/envs/py310/lib/python3.10/site-packages/airflow/example_dags/example_latest_only_with_trigger.py for tasks to queue
[2026-02-11T17:52:50.590+0800] {logging_mixin.py:188} INFO - [2026-02-11T17:52:50.589+0800] {dagbag.py:540} INFO - Filling up the DagBag from /Users/linghuchong/miniconda3/envs/py310/lib/python3.10/site-packages/airflow/example_dags/example_latest_only_with_trigger.py
[2026-02-11T17:52:50.604+0800] {processor.py:840} INFO - DAG(s) 'latest_only_with_trigger' retrieved from /Users/linghuchong/miniconda3/envs/py310/lib/python3.10/site-packages/airflow/example_dags/example_latest_only_with_trigger.py
[2026-02-11T17:52:50.800+0800] {logging_mixin.py:188} INFO - [2026-02-11T17:52:50.800+0800] {dag.py:3047} INFO - Sync 1 DAGs
[2026-02-11T17:52:50.831+0800] {logging_mixin.py:188} INFO - [2026-02-11T17:52:50.831+0800] {dag.py:3834} INFO - Setting next_dagrun for latest_only_with_trigger to 2026-02-11 04:00:00+00:00, run_after=2026-02-11 08:00:00+00:00
[2026-02-11T17:52:50.864+0800] {processor.py:183} INFO - Processing /Users/linghuchong/miniconda3/envs/py310/lib/python3.10/site-packages/airflow/example_dags/example_latest_only_with_trigger.py took 0.279 seconds
[2026-02-11T17:55:54.121+0800] {processor.py:161} INFO - Started process (PID=20050) to work on /Users/linghuchong/miniconda3/envs/py310/lib/python3.10/site-packages/airflow/example_dags/example_latest_only_with_trigger.py
[2026-02-11T17:55:54.123+0800] {processor.py:830} INFO - Processing file /Users/linghuchong/miniconda3/envs/py310/lib/python3.10/site-packages/airflow/example_dags/example_latest_only_with_trigger.py for tasks to queue
[2026-02-11T17:55:54.125+0800] {logging_mixin.py:188} INFO - [2026-02-11T17:55:54.124+0800] {dagbag.py:540} INFO - Filling up the DagBag from /Users/linghuchong/miniconda3/envs/py310/lib/python3.10/site-packages/airflow/example_dags/example_latest_only_with_trigger.py
[2026-02-11T17:55:54.144+0800] {processor.py:840} INFO - DAG(s) 'latest_only_with_trigger' retrieved from /Users/linghuchong/miniconda3/envs/py310/lib/python3.10/site-packages/airflow/example_dags/example_latest_only_with_trigger.py
[2026-02-11T17:55:54.323+0800] {logging_mixin.py:188} INFO - [2026-02-11T17:55:54.323+0800] {dag.py:3047} INFO - Sync 1 DAGs
[2026-02-11T17:55:54.348+0800] {logging_mixin.py:188} INFO - [2026-02-11T17:55:54.347+0800] {dag.py:3834} INFO - Setting next_dagrun for latest_only_with_trigger to 2026-02-11 04:00:00+00:00, run_after=2026-02-11 08:00:00+00:00
[2026-02-11T17:55:54.395+0800] {processor.py:183} INFO - Processing /Users/linghuchong/miniconda3/envs/py310/lib/python3.10/site-packages/airflow/example_dags/example_latest_only_with_trigger.py took 0.275 seconds
[2026-02-11T17:59:03.532+0800] {processor.py:161} INFO - Started process (PID=20138) to work on /Users/linghuchong/miniconda3/envs/py310/lib/python3.10/site-packages/airflow/example_dags/example_latest_only_with_trigger.py
[2026-02-11T17:59:03.533+0800] {processor.py:830} INFO - Processing file /Users/linghuchong/miniconda3/envs/py310/lib/python3.10/site-packages/airflow/example_dags/example_latest_only_with_trigger.py for tasks to queue
[2026-02-11T17:59:03.534+0800] {logging_mixin.py:188} INFO - [2026-02-11T17:59:03.534+0800] {dagbag.py:540} INFO - Filling up the DagBag from /Users/linghuchong/miniconda3/envs/py310/lib/python3.10/site-packages/airflow/example_dags/example_latest_only_with_trigger.py
[2026-02-11T17:59:03.544+0800] {processor.py:840} INFO - DAG(s) 'latest_only_with_trigger' retrieved from /Users/linghuchong/miniconda3/envs/py310/lib/python3.10/site-packages/airflow/example_dags/example_latest_only_with_trigger.py
[2026-02-11T17:59:03.675+0800] {logging_mixin.py:188} INFO - [2026-02-11T17:59:03.675+0800] {dag.py:3047} INFO - Sync 1 DAGs
[2026-02-11T17:59:03.695+0800] {logging_mixin.py:188} INFO - [2026-02-11T17:59:03.695+0800] {dag.py:3834} INFO - Setting next_dagrun for latest_only_with_trigger to 2026-02-11 04:00:00+00:00, run_after=2026-02-11 08:00:00+00:00
[2026-02-11T17:59:03.715+0800] {processor.py:183} INFO - Processing /Users/linghuchong/miniconda3/envs/py310/lib/python3.10/site-packages/airflow/example_dags/example_latest_only_with_trigger.py took 0.184 seconds
[2026-02-11T18:02:23.060+0800] {processor.py:161} INFO - Started process (PID=20403) to work on /Users/linghuchong/miniconda3/envs/py310/lib/python3.10/site-packages/airflow/example_dags/example_latest_only_with_trigger.py
[2026-02-11T18:02:23.063+0800] {processor.py:830} INFO - Processing file /Users/linghuchong/miniconda3/envs/py310/lib/python3.10/site-packages/airflow/example_dags/example_latest_only_with_trigger.py for tasks to queue
[2026-02-11T18:02:23.065+0800] {logging_mixin.py:188} INFO - [2026-02-11T18:02:23.064+0800] {dagbag.py:540} INFO - Filling up the DagBag from /Users/linghuchong/miniconda3/envs/py310/lib/python3.10/site-packages/airflow/example_dags/example_latest_only_with_trigger.py
[2026-02-11T18:02:23.074+0800] {processor.py:840} INFO - DAG(s) 'latest_only_with_trigger' retrieved from /Users/linghuchong/miniconda3/envs/py310/lib/python3.10/site-packages/airflow/example_dags/example_latest_only_with_trigger.py
[2026-02-11T18:02:23.287+0800] {logging_mixin.py:188} INFO - [2026-02-11T18:02:23.287+0800] {dag.py:3047} INFO - Sync 1 DAGs
[2026-02-11T18:02:23.307+0800] {logging_mixin.py:188} INFO - [2026-02-11T18:02:23.306+0800] {dag.py:3834} INFO - Setting next_dagrun for latest_only_with_trigger to 2026-02-11 04:00:00+00:00, run_after=2026-02-11 08:00:00+00:00
[2026-02-11T18:02:23.328+0800] {processor.py:183} INFO - Processing /Users/linghuchong/miniconda3/envs/py310/lib/python3.10/site-packages/airflow/example_dags/example_latest_only_with_trigger.py took 0.268 seconds
