[2026-02-11T12:19:27.727+0800] {processor.py:161} INFO - Started process (PID=8223) to work on /Users/linghuchong/miniconda3/envs/py310/lib/python3.10/site-packages/airflow/example_dags/example_external_task_marker_dag.py
[2026-02-11T12:19:27.728+0800] {processor.py:830} INFO - Processing file /Users/linghuchong/miniconda3/envs/py310/lib/python3.10/site-packages/airflow/example_dags/example_external_task_marker_dag.py for tasks to queue
[2026-02-11T12:19:27.729+0800] {logging_mixin.py:188} INFO - [2026-02-11T12:19:27.729+0800] {dagbag.py:540} INFO - Filling up the DagBag from /Users/linghuchong/miniconda3/envs/py310/lib/python3.10/site-packages/airflow/example_dags/example_external_task_marker_dag.py
[2026-02-11T12:19:27.743+0800] {processor.py:840} INFO - DAG(s) 'example_external_task_marker_child', 'example_external_task_marker_parent' retrieved from /Users/linghuchong/miniconda3/envs/py310/lib/python3.10/site-packages/airflow/example_dags/example_external_task_marker_dag.py
[2026-02-11T12:19:28.126+0800] {logging_mixin.py:188} INFO - [2026-02-11T12:19:28.125+0800] {override.py:1769} INFO - Created Permission View: can delete on DAG:example_external_task_marker_child
[2026-02-11T12:19:28.147+0800] {logging_mixin.py:188} INFO - [2026-02-11T12:19:28.146+0800] {override.py:1769} INFO - Created Permission View: can edit on DAG:example_external_task_marker_child
[2026-02-11T12:19:28.161+0800] {logging_mixin.py:188} INFO - [2026-02-11T12:19:28.160+0800] {override.py:1769} INFO - Created Permission View: can read on DAG:example_external_task_marker_child
[2026-02-11T12:19:28.186+0800] {logging_mixin.py:188} INFO - [2026-02-11T12:19:28.185+0800] {override.py:1769} INFO - Created Permission View: can delete on DAG:example_external_task_marker_parent
[2026-02-11T12:19:28.201+0800] {logging_mixin.py:188} INFO - [2026-02-11T12:19:28.199+0800] {override.py:1769} INFO - Created Permission View: can edit on DAG:example_external_task_marker_parent
[2026-02-11T12:19:28.213+0800] {logging_mixin.py:188} INFO - [2026-02-11T12:19:28.212+0800] {override.py:1769} INFO - Created Permission View: can read on DAG:example_external_task_marker_parent
[2026-02-11T12:19:28.214+0800] {logging_mixin.py:188} INFO - [2026-02-11T12:19:28.213+0800] {dag.py:3047} INFO - Sync 2 DAGs
[2026-02-11T12:19:28.229+0800] {logging_mixin.py:188} INFO - [2026-02-11T12:19:28.229+0800] {dag.py:3069} INFO - Creating ORM DAG for example_external_task_marker_child
[2026-02-11T12:19:28.230+0800] {logging_mixin.py:188} INFO - [2026-02-11T12:19:28.230+0800] {dag.py:3069} INFO - Creating ORM DAG for example_external_task_marker_parent
[2026-02-11T12:19:28.231+0800] {logging_mixin.py:188} INFO - [2026-02-11T12:19:28.230+0800] {dag.py:3834} INFO - Setting next_dagrun for example_external_task_marker_child to None, run_after=None
[2026-02-11T12:19:28.231+0800] {logging_mixin.py:188} INFO - [2026-02-11T12:19:28.231+0800] {dag.py:3834} INFO - Setting next_dagrun for example_external_task_marker_parent to None, run_after=None
[2026-02-11T12:19:28.251+0800] {processor.py:183} INFO - Processing /Users/linghuchong/miniconda3/envs/py310/lib/python3.10/site-packages/airflow/example_dags/example_external_task_marker_dag.py took 0.525 seconds
[2026-02-11T12:22:46.416+0800] {processor.py:161} INFO - Started process (PID=8375) to work on /Users/linghuchong/miniconda3/envs/py310/lib/python3.10/site-packages/airflow/example_dags/example_external_task_marker_dag.py
[2026-02-11T12:22:46.419+0800] {processor.py:830} INFO - Processing file /Users/linghuchong/miniconda3/envs/py310/lib/python3.10/site-packages/airflow/example_dags/example_external_task_marker_dag.py for tasks to queue
[2026-02-11T12:22:46.420+0800] {logging_mixin.py:188} INFO - [2026-02-11T12:22:46.420+0800] {dagbag.py:540} INFO - Filling up the DagBag from /Users/linghuchong/miniconda3/envs/py310/lib/python3.10/site-packages/airflow/example_dags/example_external_task_marker_dag.py
[2026-02-11T12:22:46.434+0800] {processor.py:840} INFO - DAG(s) 'example_external_task_marker_parent', 'example_external_task_marker_child' retrieved from /Users/linghuchong/miniconda3/envs/py310/lib/python3.10/site-packages/airflow/example_dags/example_external_task_marker_dag.py
[2026-02-11T12:22:46.590+0800] {logging_mixin.py:188} INFO - [2026-02-11T12:22:46.590+0800] {dag.py:3047} INFO - Sync 2 DAGs
[2026-02-11T12:22:46.600+0800] {logging_mixin.py:188} INFO - [2026-02-11T12:22:46.600+0800] {dag.py:3834} INFO - Setting next_dagrun for example_external_task_marker_child to None, run_after=None
[2026-02-11T12:22:46.603+0800] {logging_mixin.py:188} INFO - [2026-02-11T12:22:46.603+0800] {dag.py:3834} INFO - Setting next_dagrun for example_external_task_marker_parent to None, run_after=None
[2026-02-11T12:22:46.621+0800] {processor.py:183} INFO - Processing /Users/linghuchong/miniconda3/envs/py310/lib/python3.10/site-packages/airflow/example_dags/example_external_task_marker_dag.py took 0.206 seconds
[2026-02-11T12:27:56.012+0800] {processor.py:161} INFO - Started process (PID=8496) to work on /Users/linghuchong/miniconda3/envs/py310/lib/python3.10/site-packages/airflow/example_dags/example_external_task_marker_dag.py
[2026-02-11T12:27:56.015+0800] {processor.py:830} INFO - Processing file /Users/linghuchong/miniconda3/envs/py310/lib/python3.10/site-packages/airflow/example_dags/example_external_task_marker_dag.py for tasks to queue
[2026-02-11T12:27:56.016+0800] {logging_mixin.py:188} INFO - [2026-02-11T12:27:56.016+0800] {dagbag.py:540} INFO - Filling up the DagBag from /Users/linghuchong/miniconda3/envs/py310/lib/python3.10/site-packages/airflow/example_dags/example_external_task_marker_dag.py
[2026-02-11T12:27:56.030+0800] {processor.py:840} INFO - DAG(s) 'example_external_task_marker_child', 'example_external_task_marker_parent' retrieved from /Users/linghuchong/miniconda3/envs/py310/lib/python3.10/site-packages/airflow/example_dags/example_external_task_marker_dag.py
[2026-02-11T12:27:56.178+0800] {logging_mixin.py:188} INFO - [2026-02-11T12:27:56.178+0800] {dag.py:3047} INFO - Sync 2 DAGs
[2026-02-11T12:27:56.187+0800] {logging_mixin.py:188} INFO - [2026-02-11T12:27:56.187+0800] {dag.py:3834} INFO - Setting next_dagrun for example_external_task_marker_child to None, run_after=None
[2026-02-11T12:27:56.190+0800] {logging_mixin.py:188} INFO - [2026-02-11T12:27:56.190+0800] {dag.py:3834} INFO - Setting next_dagrun for example_external_task_marker_parent to None, run_after=None
[2026-02-11T12:27:56.207+0800] {processor.py:183} INFO - Processing /Users/linghuchong/miniconda3/envs/py310/lib/python3.10/site-packages/airflow/example_dags/example_external_task_marker_dag.py took 0.196 seconds
[2026-02-11T13:11:35.909+0800] {processor.py:161} INFO - Started process (PID=8676) to work on /Users/linghuchong/miniconda3/envs/py310/lib/python3.10/site-packages/airflow/example_dags/example_external_task_marker_dag.py
[2026-02-11T13:11:35.912+0800] {processor.py:830} INFO - Processing file /Users/linghuchong/miniconda3/envs/py310/lib/python3.10/site-packages/airflow/example_dags/example_external_task_marker_dag.py for tasks to queue
[2026-02-11T13:11:35.913+0800] {logging_mixin.py:188} INFO - [2026-02-11T13:11:35.913+0800] {dagbag.py:540} INFO - Filling up the DagBag from /Users/linghuchong/miniconda3/envs/py310/lib/python3.10/site-packages/airflow/example_dags/example_external_task_marker_dag.py
[2026-02-11T13:11:35.926+0800] {processor.py:840} INFO - DAG(s) 'example_external_task_marker_child', 'example_external_task_marker_parent' retrieved from /Users/linghuchong/miniconda3/envs/py310/lib/python3.10/site-packages/airflow/example_dags/example_external_task_marker_dag.py
[2026-02-11T13:11:36.092+0800] {logging_mixin.py:188} INFO - [2026-02-11T13:11:36.092+0800] {dag.py:3047} INFO - Sync 2 DAGs
[2026-02-11T13:11:36.101+0800] {logging_mixin.py:188} INFO - [2026-02-11T13:11:36.101+0800] {dag.py:3834} INFO - Setting next_dagrun for example_external_task_marker_child to None, run_after=None
[2026-02-11T13:11:36.104+0800] {logging_mixin.py:188} INFO - [2026-02-11T13:11:36.104+0800] {dag.py:3834} INFO - Setting next_dagrun for example_external_task_marker_parent to None, run_after=None
[2026-02-11T13:11:36.123+0800] {processor.py:183} INFO - Processing /Users/linghuchong/miniconda3/envs/py310/lib/python3.10/site-packages/airflow/example_dags/example_external_task_marker_dag.py took 0.214 seconds
[2026-02-11T13:21:50.570+0800] {processor.py:161} INFO - Started process (PID=9168) to work on /Users/linghuchong/miniconda3/envs/py310/lib/python3.10/site-packages/airflow/example_dags/example_external_task_marker_dag.py
[2026-02-11T13:21:50.573+0800] {processor.py:830} INFO - Processing file /Users/linghuchong/miniconda3/envs/py310/lib/python3.10/site-packages/airflow/example_dags/example_external_task_marker_dag.py for tasks to queue
[2026-02-11T13:21:50.574+0800] {logging_mixin.py:188} INFO - [2026-02-11T13:21:50.574+0800] {dagbag.py:540} INFO - Filling up the DagBag from /Users/linghuchong/miniconda3/envs/py310/lib/python3.10/site-packages/airflow/example_dags/example_external_task_marker_dag.py
[2026-02-11T13:21:50.587+0800] {processor.py:840} INFO - DAG(s) 'example_external_task_marker_parent', 'example_external_task_marker_child' retrieved from /Users/linghuchong/miniconda3/envs/py310/lib/python3.10/site-packages/airflow/example_dags/example_external_task_marker_dag.py
[2026-02-11T13:21:50.741+0800] {logging_mixin.py:188} INFO - [2026-02-11T13:21:50.741+0800] {dag.py:3047} INFO - Sync 2 DAGs
[2026-02-11T13:21:50.752+0800] {logging_mixin.py:188} INFO - [2026-02-11T13:21:50.752+0800] {dag.py:3834} INFO - Setting next_dagrun for example_external_task_marker_child to None, run_after=None
[2026-02-11T13:21:50.755+0800] {logging_mixin.py:188} INFO - [2026-02-11T13:21:50.755+0800] {dag.py:3834} INFO - Setting next_dagrun for example_external_task_marker_parent to None, run_after=None
[2026-02-11T13:21:50.773+0800] {processor.py:183} INFO - Processing /Users/linghuchong/miniconda3/envs/py310/lib/python3.10/site-packages/airflow/example_dags/example_external_task_marker_dag.py took 0.204 seconds
[2026-02-11T13:25:05.906+0800] {processor.py:161} INFO - Started process (PID=9273) to work on /Users/linghuchong/miniconda3/envs/py310/lib/python3.10/site-packages/airflow/example_dags/example_external_task_marker_dag.py
[2026-02-11T13:25:05.909+0800] {processor.py:830} INFO - Processing file /Users/linghuchong/miniconda3/envs/py310/lib/python3.10/site-packages/airflow/example_dags/example_external_task_marker_dag.py for tasks to queue
[2026-02-11T13:25:05.909+0800] {logging_mixin.py:188} INFO - [2026-02-11T13:25:05.909+0800] {dagbag.py:540} INFO - Filling up the DagBag from /Users/linghuchong/miniconda3/envs/py310/lib/python3.10/site-packages/airflow/example_dags/example_external_task_marker_dag.py
[2026-02-11T13:25:05.923+0800] {processor.py:840} INFO - DAG(s) 'example_external_task_marker_child', 'example_external_task_marker_parent' retrieved from /Users/linghuchong/miniconda3/envs/py310/lib/python3.10/site-packages/airflow/example_dags/example_external_task_marker_dag.py
[2026-02-11T13:25:06.100+0800] {logging_mixin.py:188} INFO - [2026-02-11T13:25:06.100+0800] {dag.py:3047} INFO - Sync 2 DAGs
[2026-02-11T13:25:06.110+0800] {logging_mixin.py:188} INFO - [2026-02-11T13:25:06.109+0800] {dag.py:3834} INFO - Setting next_dagrun for example_external_task_marker_child to None, run_after=None
[2026-02-11T13:25:06.114+0800] {logging_mixin.py:188} INFO - [2026-02-11T13:25:06.113+0800] {dag.py:3834} INFO - Setting next_dagrun for example_external_task_marker_parent to None, run_after=None
[2026-02-11T13:25:06.133+0800] {processor.py:183} INFO - Processing /Users/linghuchong/miniconda3/envs/py310/lib/python3.10/site-packages/airflow/example_dags/example_external_task_marker_dag.py took 0.228 seconds
[2026-02-11T13:30:45.590+0800] {processor.py:161} INFO - Started process (PID=9441) to work on /Users/linghuchong/miniconda3/envs/py310/lib/python3.10/site-packages/airflow/example_dags/example_external_task_marker_dag.py
[2026-02-11T13:30:45.593+0800] {processor.py:830} INFO - Processing file /Users/linghuchong/miniconda3/envs/py310/lib/python3.10/site-packages/airflow/example_dags/example_external_task_marker_dag.py for tasks to queue
[2026-02-11T13:30:45.594+0800] {logging_mixin.py:188} INFO - [2026-02-11T13:30:45.594+0800] {dagbag.py:540} INFO - Filling up the DagBag from /Users/linghuchong/miniconda3/envs/py310/lib/python3.10/site-packages/airflow/example_dags/example_external_task_marker_dag.py
[2026-02-11T13:30:45.615+0800] {processor.py:840} INFO - DAG(s) 'example_external_task_marker_parent', 'example_external_task_marker_child' retrieved from /Users/linghuchong/miniconda3/envs/py310/lib/python3.10/site-packages/airflow/example_dags/example_external_task_marker_dag.py
[2026-02-11T13:30:45.796+0800] {logging_mixin.py:188} INFO - [2026-02-11T13:30:45.796+0800] {dag.py:3047} INFO - Sync 2 DAGs
[2026-02-11T13:30:45.806+0800] {logging_mixin.py:188} INFO - [2026-02-11T13:30:45.806+0800] {dag.py:3834} INFO - Setting next_dagrun for example_external_task_marker_child to None, run_after=None
[2026-02-11T13:30:45.810+0800] {logging_mixin.py:188} INFO - [2026-02-11T13:30:45.809+0800] {dag.py:3834} INFO - Setting next_dagrun for example_external_task_marker_parent to None, run_after=None
[2026-02-11T13:30:45.829+0800] {processor.py:183} INFO - Processing /Users/linghuchong/miniconda3/envs/py310/lib/python3.10/site-packages/airflow/example_dags/example_external_task_marker_dag.py took 0.240 seconds
[2026-02-11T16:21:27.453+0800] {processor.py:161} INFO - Started process (PID=14535) to work on /Users/linghuchong/miniconda3/envs/py310/lib/python3.10/site-packages/airflow/example_dags/example_external_task_marker_dag.py
[2026-02-11T16:21:27.457+0800] {processor.py:830} INFO - Processing file /Users/linghuchong/miniconda3/envs/py310/lib/python3.10/site-packages/airflow/example_dags/example_external_task_marker_dag.py for tasks to queue
[2026-02-11T16:21:27.458+0800] {logging_mixin.py:188} INFO - [2026-02-11T16:21:27.458+0800] {dagbag.py:540} INFO - Filling up the DagBag from /Users/linghuchong/miniconda3/envs/py310/lib/python3.10/site-packages/airflow/example_dags/example_external_task_marker_dag.py
[2026-02-11T16:21:27.471+0800] {processor.py:840} INFO - DAG(s) 'example_external_task_marker_parent', 'example_external_task_marker_child' retrieved from /Users/linghuchong/miniconda3/envs/py310/lib/python3.10/site-packages/airflow/example_dags/example_external_task_marker_dag.py
[2026-02-11T16:21:27.760+0800] {logging_mixin.py:188} INFO - [2026-02-11T16:21:27.760+0800] {dag.py:3047} INFO - Sync 2 DAGs
[2026-02-11T16:21:27.772+0800] {logging_mixin.py:188} INFO - [2026-02-11T16:21:27.772+0800] {dag.py:3834} INFO - Setting next_dagrun for example_external_task_marker_child to None, run_after=None
[2026-02-11T16:21:27.775+0800] {logging_mixin.py:188} INFO - [2026-02-11T16:21:27.775+0800] {dag.py:3834} INFO - Setting next_dagrun for example_external_task_marker_parent to None, run_after=None
[2026-02-11T16:21:27.796+0800] {processor.py:183} INFO - Processing /Users/linghuchong/miniconda3/envs/py310/lib/python3.10/site-packages/airflow/example_dags/example_external_task_marker_dag.py took 0.343 seconds
[2026-02-11T16:25:35.376+0800] {processor.py:161} INFO - Started process (PID=14789) to work on /Users/linghuchong/miniconda3/envs/py310/lib/python3.10/site-packages/airflow/example_dags/example_external_task_marker_dag.py
[2026-02-11T16:25:35.379+0800] {processor.py:830} INFO - Processing file /Users/linghuchong/miniconda3/envs/py310/lib/python3.10/site-packages/airflow/example_dags/example_external_task_marker_dag.py for tasks to queue
[2026-02-11T16:25:35.380+0800] {logging_mixin.py:188} INFO - [2026-02-11T16:25:35.380+0800] {dagbag.py:540} INFO - Filling up the DagBag from /Users/linghuchong/miniconda3/envs/py310/lib/python3.10/site-packages/airflow/example_dags/example_external_task_marker_dag.py
[2026-02-11T16:25:35.393+0800] {processor.py:840} INFO - DAG(s) 'example_external_task_marker_parent', 'example_external_task_marker_child' retrieved from /Users/linghuchong/miniconda3/envs/py310/lib/python3.10/site-packages/airflow/example_dags/example_external_task_marker_dag.py
[2026-02-11T16:25:35.681+0800] {logging_mixin.py:188} INFO - [2026-02-11T16:25:35.681+0800] {dag.py:3047} INFO - Sync 2 DAGs
[2026-02-11T16:25:35.692+0800] {logging_mixin.py:188} INFO - [2026-02-11T16:25:35.692+0800] {dag.py:3834} INFO - Setting next_dagrun for example_external_task_marker_child to None, run_after=None
[2026-02-11T16:25:35.696+0800] {logging_mixin.py:188} INFO - [2026-02-11T16:25:35.696+0800] {dag.py:3834} INFO - Setting next_dagrun for example_external_task_marker_parent to None, run_after=None
[2026-02-11T16:25:35.718+0800] {processor.py:183} INFO - Processing /Users/linghuchong/miniconda3/envs/py310/lib/python3.10/site-packages/airflow/example_dags/example_external_task_marker_dag.py took 0.343 seconds
[2026-02-11T16:29:02.859+0800] {processor.py:161} INFO - Started process (PID=14905) to work on /Users/linghuchong/miniconda3/envs/py310/lib/python3.10/site-packages/airflow/example_dags/example_external_task_marker_dag.py
[2026-02-11T16:29:02.862+0800] {processor.py:830} INFO - Processing file /Users/linghuchong/miniconda3/envs/py310/lib/python3.10/site-packages/airflow/example_dags/example_external_task_marker_dag.py for tasks to queue
[2026-02-11T16:29:02.863+0800] {logging_mixin.py:188} INFO - [2026-02-11T16:29:02.863+0800] {dagbag.py:540} INFO - Filling up the DagBag from /Users/linghuchong/miniconda3/envs/py310/lib/python3.10/site-packages/airflow/example_dags/example_external_task_marker_dag.py
[2026-02-11T16:29:02.878+0800] {processor.py:840} INFO - DAG(s) 'example_external_task_marker_parent', 'example_external_task_marker_child' retrieved from /Users/linghuchong/miniconda3/envs/py310/lib/python3.10/site-packages/airflow/example_dags/example_external_task_marker_dag.py
[2026-02-11T16:29:03.150+0800] {logging_mixin.py:188} INFO - [2026-02-11T16:29:03.150+0800] {dag.py:3047} INFO - Sync 2 DAGs
[2026-02-11T16:29:03.162+0800] {logging_mixin.py:188} INFO - [2026-02-11T16:29:03.161+0800] {dag.py:3834} INFO - Setting next_dagrun for example_external_task_marker_child to None, run_after=None
[2026-02-11T16:29:03.164+0800] {logging_mixin.py:188} INFO - [2026-02-11T16:29:03.164+0800] {dag.py:3834} INFO - Setting next_dagrun for example_external_task_marker_parent to None, run_after=None
[2026-02-11T16:29:03.185+0800] {processor.py:183} INFO - Processing /Users/linghuchong/miniconda3/envs/py310/lib/python3.10/site-packages/airflow/example_dags/example_external_task_marker_dag.py took 0.327 seconds
[2026-02-11T16:35:23.532+0800] {processor.py:161} INFO - Started process (PID=15357) to work on /Users/linghuchong/miniconda3/envs/py310/lib/python3.10/site-packages/airflow/example_dags/example_external_task_marker_dag.py
[2026-02-11T16:35:23.535+0800] {processor.py:830} INFO - Processing file /Users/linghuchong/miniconda3/envs/py310/lib/python3.10/site-packages/airflow/example_dags/example_external_task_marker_dag.py for tasks to queue
[2026-02-11T16:35:23.536+0800] {logging_mixin.py:188} INFO - [2026-02-11T16:35:23.536+0800] {dagbag.py:540} INFO - Filling up the DagBag from /Users/linghuchong/miniconda3/envs/py310/lib/python3.10/site-packages/airflow/example_dags/example_external_task_marker_dag.py
[2026-02-11T16:35:23.550+0800] {processor.py:840} INFO - DAG(s) 'example_external_task_marker_child', 'example_external_task_marker_parent' retrieved from /Users/linghuchong/miniconda3/envs/py310/lib/python3.10/site-packages/airflow/example_dags/example_external_task_marker_dag.py
[2026-02-11T16:35:23.824+0800] {logging_mixin.py:188} INFO - [2026-02-11T16:35:23.824+0800] {dag.py:3047} INFO - Sync 2 DAGs
[2026-02-11T16:35:23.839+0800] {logging_mixin.py:188} INFO - [2026-02-11T16:35:23.838+0800] {dag.py:3834} INFO - Setting next_dagrun for example_external_task_marker_child to None, run_after=None
[2026-02-11T16:35:23.841+0800] {logging_mixin.py:188} INFO - [2026-02-11T16:35:23.841+0800] {dag.py:3834} INFO - Setting next_dagrun for example_external_task_marker_parent to None, run_after=None
[2026-02-11T16:35:23.859+0800] {processor.py:183} INFO - Processing /Users/linghuchong/miniconda3/envs/py310/lib/python3.10/site-packages/airflow/example_dags/example_external_task_marker_dag.py took 0.328 seconds
[2026-02-11T16:38:33.714+0800] {processor.py:161} INFO - Started process (PID=15571) to work on /Users/linghuchong/miniconda3/envs/py310/lib/python3.10/site-packages/airflow/example_dags/example_external_task_marker_dag.py
[2026-02-11T16:38:33.715+0800] {processor.py:830} INFO - Processing file /Users/linghuchong/miniconda3/envs/py310/lib/python3.10/site-packages/airflow/example_dags/example_external_task_marker_dag.py for tasks to queue
[2026-02-11T16:38:33.716+0800] {logging_mixin.py:188} INFO - [2026-02-11T16:38:33.716+0800] {dagbag.py:540} INFO - Filling up the DagBag from /Users/linghuchong/miniconda3/envs/py310/lib/python3.10/site-packages/airflow/example_dags/example_external_task_marker_dag.py
[2026-02-11T16:38:33.730+0800] {processor.py:840} INFO - DAG(s) 'example_external_task_marker_child', 'example_external_task_marker_parent' retrieved from /Users/linghuchong/miniconda3/envs/py310/lib/python3.10/site-packages/airflow/example_dags/example_external_task_marker_dag.py
[2026-02-11T16:38:33.896+0800] {logging_mixin.py:188} INFO - [2026-02-11T16:38:33.895+0800] {dag.py:3047} INFO - Sync 2 DAGs
[2026-02-11T16:38:33.906+0800] {logging_mixin.py:188} INFO - [2026-02-11T16:38:33.906+0800] {dag.py:3834} INFO - Setting next_dagrun for example_external_task_marker_child to None, run_after=None
[2026-02-11T16:38:33.909+0800] {logging_mixin.py:188} INFO - [2026-02-11T16:38:33.909+0800] {dag.py:3834} INFO - Setting next_dagrun for example_external_task_marker_parent to None, run_after=None
[2026-02-11T16:38:33.929+0800] {processor.py:183} INFO - Processing /Users/linghuchong/miniconda3/envs/py310/lib/python3.10/site-packages/airflow/example_dags/example_external_task_marker_dag.py took 0.216 seconds
[2026-02-11T16:44:36.923+0800] {processor.py:161} INFO - Started process (PID=16028) to work on /Users/linghuchong/miniconda3/envs/py310/lib/python3.10/site-packages/airflow/example_dags/example_external_task_marker_dag.py
[2026-02-11T16:44:36.926+0800] {processor.py:830} INFO - Processing file /Users/linghuchong/miniconda3/envs/py310/lib/python3.10/site-packages/airflow/example_dags/example_external_task_marker_dag.py for tasks to queue
[2026-02-11T16:44:36.928+0800] {logging_mixin.py:188} INFO - [2026-02-11T16:44:36.927+0800] {dagbag.py:540} INFO - Filling up the DagBag from /Users/linghuchong/miniconda3/envs/py310/lib/python3.10/site-packages/airflow/example_dags/example_external_task_marker_dag.py
[2026-02-11T16:44:36.941+0800] {processor.py:840} INFO - DAG(s) 'example_external_task_marker_child', 'example_external_task_marker_parent' retrieved from /Users/linghuchong/miniconda3/envs/py310/lib/python3.10/site-packages/airflow/example_dags/example_external_task_marker_dag.py
[2026-02-11T16:44:37.108+0800] {logging_mixin.py:188} INFO - [2026-02-11T16:44:37.107+0800] {dag.py:3047} INFO - Sync 2 DAGs
[2026-02-11T16:44:37.117+0800] {logging_mixin.py:188} INFO - [2026-02-11T16:44:37.117+0800] {dag.py:3834} INFO - Setting next_dagrun for example_external_task_marker_child to None, run_after=None
[2026-02-11T16:44:37.121+0800] {logging_mixin.py:188} INFO - [2026-02-11T16:44:37.120+0800] {dag.py:3834} INFO - Setting next_dagrun for example_external_task_marker_parent to None, run_after=None
[2026-02-11T16:44:37.140+0800] {processor.py:183} INFO - Processing /Users/linghuchong/miniconda3/envs/py310/lib/python3.10/site-packages/airflow/example_dags/example_external_task_marker_dag.py took 0.218 seconds
[2026-02-11T16:51:23.246+0800] {processor.py:161} INFO - Started process (PID=16378) to work on /Users/linghuchong/miniconda3/envs/py310/lib/python3.10/site-packages/airflow/example_dags/example_external_task_marker_dag.py
[2026-02-11T16:51:23.249+0800] {processor.py:830} INFO - Processing file /Users/linghuchong/miniconda3/envs/py310/lib/python3.10/site-packages/airflow/example_dags/example_external_task_marker_dag.py for tasks to queue
[2026-02-11T16:51:23.250+0800] {logging_mixin.py:188} INFO - [2026-02-11T16:51:23.249+0800] {dagbag.py:540} INFO - Filling up the DagBag from /Users/linghuchong/miniconda3/envs/py310/lib/python3.10/site-packages/airflow/example_dags/example_external_task_marker_dag.py
[2026-02-11T16:51:23.264+0800] {processor.py:840} INFO - DAG(s) 'example_external_task_marker_parent', 'example_external_task_marker_child' retrieved from /Users/linghuchong/miniconda3/envs/py310/lib/python3.10/site-packages/airflow/example_dags/example_external_task_marker_dag.py
[2026-02-11T16:51:23.523+0800] {logging_mixin.py:188} INFO - [2026-02-11T16:51:23.523+0800] {dag.py:3047} INFO - Sync 2 DAGs
[2026-02-11T16:51:23.534+0800] {logging_mixin.py:188} INFO - [2026-02-11T16:51:23.534+0800] {dag.py:3834} INFO - Setting next_dagrun for example_external_task_marker_child to None, run_after=None
[2026-02-11T16:51:23.538+0800] {logging_mixin.py:188} INFO - [2026-02-11T16:51:23.537+0800] {dag.py:3834} INFO - Setting next_dagrun for example_external_task_marker_parent to None, run_after=None
[2026-02-11T16:51:23.558+0800] {processor.py:183} INFO - Processing /Users/linghuchong/miniconda3/envs/py310/lib/python3.10/site-packages/airflow/example_dags/example_external_task_marker_dag.py took 0.312 seconds
[2026-02-11T16:54:42.431+0800] {processor.py:161} INFO - Started process (PID=16526) to work on /Users/linghuchong/miniconda3/envs/py310/lib/python3.10/site-packages/airflow/example_dags/example_external_task_marker_dag.py
[2026-02-11T16:54:42.434+0800] {processor.py:830} INFO - Processing file /Users/linghuchong/miniconda3/envs/py310/lib/python3.10/site-packages/airflow/example_dags/example_external_task_marker_dag.py for tasks to queue
[2026-02-11T16:54:42.435+0800] {logging_mixin.py:188} INFO - [2026-02-11T16:54:42.435+0800] {dagbag.py:540} INFO - Filling up the DagBag from /Users/linghuchong/miniconda3/envs/py310/lib/python3.10/site-packages/airflow/example_dags/example_external_task_marker_dag.py
[2026-02-11T16:54:42.451+0800] {processor.py:840} INFO - DAG(s) 'example_external_task_marker_parent', 'example_external_task_marker_child' retrieved from /Users/linghuchong/miniconda3/envs/py310/lib/python3.10/site-packages/airflow/example_dags/example_external_task_marker_dag.py
[2026-02-11T16:54:42.624+0800] {logging_mixin.py:188} INFO - [2026-02-11T16:54:42.624+0800] {dag.py:3047} INFO - Sync 2 DAGs
[2026-02-11T16:54:42.636+0800] {logging_mixin.py:188} INFO - [2026-02-11T16:54:42.635+0800] {dag.py:3834} INFO - Setting next_dagrun for example_external_task_marker_child to None, run_after=None
[2026-02-11T16:54:42.639+0800] {logging_mixin.py:188} INFO - [2026-02-11T16:54:42.639+0800] {dag.py:3834} INFO - Setting next_dagrun for example_external_task_marker_parent to None, run_after=None
[2026-02-11T16:54:42.659+0800] {processor.py:183} INFO - Processing /Users/linghuchong/miniconda3/envs/py310/lib/python3.10/site-packages/airflow/example_dags/example_external_task_marker_dag.py took 0.229 seconds
[2026-02-11T16:57:46.820+0800] {processor.py:161} INFO - Started process (PID=16644) to work on /Users/linghuchong/miniconda3/envs/py310/lib/python3.10/site-packages/airflow/example_dags/example_external_task_marker_dag.py
[2026-02-11T16:57:46.823+0800] {processor.py:830} INFO - Processing file /Users/linghuchong/miniconda3/envs/py310/lib/python3.10/site-packages/airflow/example_dags/example_external_task_marker_dag.py for tasks to queue
[2026-02-11T16:57:46.825+0800] {logging_mixin.py:188} INFO - [2026-02-11T16:57:46.824+0800] {dagbag.py:540} INFO - Filling up the DagBag from /Users/linghuchong/miniconda3/envs/py310/lib/python3.10/site-packages/airflow/example_dags/example_external_task_marker_dag.py
[2026-02-11T16:57:46.843+0800] {processor.py:840} INFO - DAG(s) 'example_external_task_marker_child', 'example_external_task_marker_parent' retrieved from /Users/linghuchong/miniconda3/envs/py310/lib/python3.10/site-packages/airflow/example_dags/example_external_task_marker_dag.py
[2026-02-11T16:57:47.032+0800] {logging_mixin.py:188} INFO - [2026-02-11T16:57:47.032+0800] {dag.py:3047} INFO - Sync 2 DAGs
[2026-02-11T16:57:47.043+0800] {logging_mixin.py:188} INFO - [2026-02-11T16:57:47.043+0800] {dag.py:3834} INFO - Setting next_dagrun for example_external_task_marker_child to None, run_after=None
[2026-02-11T16:57:47.047+0800] {logging_mixin.py:188} INFO - [2026-02-11T16:57:47.047+0800] {dag.py:3834} INFO - Setting next_dagrun for example_external_task_marker_parent to None, run_after=None
[2026-02-11T16:57:47.068+0800] {processor.py:183} INFO - Processing /Users/linghuchong/miniconda3/envs/py310/lib/python3.10/site-packages/airflow/example_dags/example_external_task_marker_dag.py took 0.249 seconds
[2026-02-11T17:01:22.304+0800] {processor.py:161} INFO - Started process (PID=16766) to work on /Users/linghuchong/miniconda3/envs/py310/lib/python3.10/site-packages/airflow/example_dags/example_external_task_marker_dag.py
[2026-02-11T17:01:22.306+0800] {processor.py:830} INFO - Processing file /Users/linghuchong/miniconda3/envs/py310/lib/python3.10/site-packages/airflow/example_dags/example_external_task_marker_dag.py for tasks to queue
[2026-02-11T17:01:22.308+0800] {logging_mixin.py:188} INFO - [2026-02-11T17:01:22.307+0800] {dagbag.py:540} INFO - Filling up the DagBag from /Users/linghuchong/miniconda3/envs/py310/lib/python3.10/site-packages/airflow/example_dags/example_external_task_marker_dag.py
[2026-02-11T17:01:22.325+0800] {processor.py:840} INFO - DAG(s) 'example_external_task_marker_parent', 'example_external_task_marker_child' retrieved from /Users/linghuchong/miniconda3/envs/py310/lib/python3.10/site-packages/airflow/example_dags/example_external_task_marker_dag.py
[2026-02-11T17:01:22.348+0800] {logging_mixin.py:188} INFO - [2026-02-11T17:01:22.348+0800] {dag.py:3047} INFO - Sync 2 DAGs
[2026-02-11T17:01:22.444+0800] {logging_mixin.py:188} INFO - [2026-02-11T17:01:22.444+0800] {dag.py:3834} INFO - Setting next_dagrun for example_external_task_marker_child to None, run_after=None
[2026-02-11T17:01:22.447+0800] {logging_mixin.py:188} INFO - [2026-02-11T17:01:22.447+0800] {dag.py:3834} INFO - Setting next_dagrun for example_external_task_marker_parent to None, run_after=None
[2026-02-11T17:01:22.467+0800] {processor.py:183} INFO - Processing /Users/linghuchong/miniconda3/envs/py310/lib/python3.10/site-packages/airflow/example_dags/example_external_task_marker_dag.py took 0.164 seconds
[2026-02-11T17:04:49.191+0800] {processor.py:161} INFO - Started process (PID=16922) to work on /Users/linghuchong/miniconda3/envs/py310/lib/python3.10/site-packages/airflow/example_dags/example_external_task_marker_dag.py
[2026-02-11T17:04:49.194+0800] {processor.py:830} INFO - Processing file /Users/linghuchong/miniconda3/envs/py310/lib/python3.10/site-packages/airflow/example_dags/example_external_task_marker_dag.py for tasks to queue
[2026-02-11T17:04:49.195+0800] {logging_mixin.py:188} INFO - [2026-02-11T17:04:49.195+0800] {dagbag.py:540} INFO - Filling up the DagBag from /Users/linghuchong/miniconda3/envs/py310/lib/python3.10/site-packages/airflow/example_dags/example_external_task_marker_dag.py
[2026-02-11T17:04:49.217+0800] {processor.py:840} INFO - DAG(s) 'example_external_task_marker_parent', 'example_external_task_marker_child' retrieved from /Users/linghuchong/miniconda3/envs/py310/lib/python3.10/site-packages/airflow/example_dags/example_external_task_marker_dag.py
[2026-02-11T17:04:49.484+0800] {logging_mixin.py:188} INFO - [2026-02-11T17:04:49.483+0800] {dag.py:3047} INFO - Sync 2 DAGs
[2026-02-11T17:04:49.495+0800] {logging_mixin.py:188} INFO - [2026-02-11T17:04:49.495+0800] {dag.py:3834} INFO - Setting next_dagrun for example_external_task_marker_child to None, run_after=None
[2026-02-11T17:04:49.498+0800] {logging_mixin.py:188} INFO - [2026-02-11T17:04:49.498+0800] {dag.py:3834} INFO - Setting next_dagrun for example_external_task_marker_parent to None, run_after=None
[2026-02-11T17:04:49.523+0800] {processor.py:183} INFO - Processing /Users/linghuchong/miniconda3/envs/py310/lib/python3.10/site-packages/airflow/example_dags/example_external_task_marker_dag.py took 0.334 seconds
[2026-02-11T17:17:00.072+0800] {processor.py:161} INFO - Started process (PID=17793) to work on /Users/linghuchong/miniconda3/envs/py310/lib/python3.10/site-packages/airflow/example_dags/example_external_task_marker_dag.py
[2026-02-11T17:17:00.075+0800] {processor.py:830} INFO - Processing file /Users/linghuchong/miniconda3/envs/py310/lib/python3.10/site-packages/airflow/example_dags/example_external_task_marker_dag.py for tasks to queue
[2026-02-11T17:17:00.076+0800] {logging_mixin.py:188} INFO - [2026-02-11T17:17:00.076+0800] {dagbag.py:540} INFO - Filling up the DagBag from /Users/linghuchong/miniconda3/envs/py310/lib/python3.10/site-packages/airflow/example_dags/example_external_task_marker_dag.py
[2026-02-11T17:17:00.091+0800] {processor.py:840} INFO - DAG(s) 'example_external_task_marker_child', 'example_external_task_marker_parent' retrieved from /Users/linghuchong/miniconda3/envs/py310/lib/python3.10/site-packages/airflow/example_dags/example_external_task_marker_dag.py
[2026-02-11T17:17:00.356+0800] {logging_mixin.py:188} INFO - [2026-02-11T17:17:00.355+0800] {dag.py:3047} INFO - Sync 2 DAGs
[2026-02-11T17:17:00.367+0800] {logging_mixin.py:188} INFO - [2026-02-11T17:17:00.367+0800] {dag.py:3834} INFO - Setting next_dagrun for example_external_task_marker_child to None, run_after=None
[2026-02-11T17:17:00.370+0800] {logging_mixin.py:188} INFO - [2026-02-11T17:17:00.370+0800] {dag.py:3834} INFO - Setting next_dagrun for example_external_task_marker_parent to None, run_after=None
[2026-02-11T17:17:00.390+0800] {processor.py:183} INFO - Processing /Users/linghuchong/miniconda3/envs/py310/lib/python3.10/site-packages/airflow/example_dags/example_external_task_marker_dag.py took 0.319 seconds
[2026-02-11T17:20:19.630+0800] {processor.py:161} INFO - Started process (PID=17882) to work on /Users/linghuchong/miniconda3/envs/py310/lib/python3.10/site-packages/airflow/example_dags/example_external_task_marker_dag.py
[2026-02-11T17:20:19.633+0800] {processor.py:830} INFO - Processing file /Users/linghuchong/miniconda3/envs/py310/lib/python3.10/site-packages/airflow/example_dags/example_external_task_marker_dag.py for tasks to queue
[2026-02-11T17:20:19.634+0800] {logging_mixin.py:188} INFO - [2026-02-11T17:20:19.634+0800] {dagbag.py:540} INFO - Filling up the DagBag from /Users/linghuchong/miniconda3/envs/py310/lib/python3.10/site-packages/airflow/example_dags/example_external_task_marker_dag.py
[2026-02-11T17:20:19.647+0800] {processor.py:840} INFO - DAG(s) 'example_external_task_marker_parent', 'example_external_task_marker_child' retrieved from /Users/linghuchong/miniconda3/envs/py310/lib/python3.10/site-packages/airflow/example_dags/example_external_task_marker_dag.py
[2026-02-11T17:20:19.800+0800] {logging_mixin.py:188} INFO - [2026-02-11T17:20:19.799+0800] {dag.py:3047} INFO - Sync 2 DAGs
[2026-02-11T17:20:19.809+0800] {logging_mixin.py:188} INFO - [2026-02-11T17:20:19.809+0800] {dag.py:3834} INFO - Setting next_dagrun for example_external_task_marker_child to None, run_after=None
[2026-02-11T17:20:19.812+0800] {logging_mixin.py:188} INFO - [2026-02-11T17:20:19.812+0800] {dag.py:3834} INFO - Setting next_dagrun for example_external_task_marker_parent to None, run_after=None
[2026-02-11T17:20:19.830+0800] {processor.py:183} INFO - Processing /Users/linghuchong/miniconda3/envs/py310/lib/python3.10/site-packages/airflow/example_dags/example_external_task_marker_dag.py took 0.202 seconds
[2026-02-11T17:25:45.345+0800] {processor.py:161} INFO - Started process (PID=18063) to work on /Users/linghuchong/miniconda3/envs/py310/lib/python3.10/site-packages/airflow/example_dags/example_external_task_marker_dag.py
[2026-02-11T17:25:45.348+0800] {processor.py:830} INFO - Processing file /Users/linghuchong/miniconda3/envs/py310/lib/python3.10/site-packages/airflow/example_dags/example_external_task_marker_dag.py for tasks to queue
[2026-02-11T17:25:45.349+0800] {logging_mixin.py:188} INFO - [2026-02-11T17:25:45.349+0800] {dagbag.py:540} INFO - Filling up the DagBag from /Users/linghuchong/miniconda3/envs/py310/lib/python3.10/site-packages/airflow/example_dags/example_external_task_marker_dag.py
[2026-02-11T17:25:45.362+0800] {processor.py:840} INFO - DAG(s) 'example_external_task_marker_parent', 'example_external_task_marker_child' retrieved from /Users/linghuchong/miniconda3/envs/py310/lib/python3.10/site-packages/airflow/example_dags/example_external_task_marker_dag.py
[2026-02-11T17:25:45.518+0800] {logging_mixin.py:188} INFO - [2026-02-11T17:25:45.517+0800] {dag.py:3047} INFO - Sync 2 DAGs
[2026-02-11T17:25:45.528+0800] {logging_mixin.py:188} INFO - [2026-02-11T17:25:45.527+0800] {dag.py:3834} INFO - Setting next_dagrun for example_external_task_marker_child to None, run_after=None
[2026-02-11T17:25:45.531+0800] {logging_mixin.py:188} INFO - [2026-02-11T17:25:45.531+0800] {dag.py:3834} INFO - Setting next_dagrun for example_external_task_marker_parent to None, run_after=None
[2026-02-11T17:25:45.550+0800] {processor.py:183} INFO - Processing /Users/linghuchong/miniconda3/envs/py310/lib/python3.10/site-packages/airflow/example_dags/example_external_task_marker_dag.py took 0.206 seconds
[2026-02-11T17:31:27.723+0800] {processor.py:161} INFO - Started process (PID=18257) to work on /Users/linghuchong/miniconda3/envs/py310/lib/python3.10/site-packages/airflow/example_dags/example_external_task_marker_dag.py
[2026-02-11T17:31:27.726+0800] {processor.py:830} INFO - Processing file /Users/linghuchong/miniconda3/envs/py310/lib/python3.10/site-packages/airflow/example_dags/example_external_task_marker_dag.py for tasks to queue
[2026-02-11T17:31:27.727+0800] {logging_mixin.py:188} INFO - [2026-02-11T17:31:27.727+0800] {dagbag.py:540} INFO - Filling up the DagBag from /Users/linghuchong/miniconda3/envs/py310/lib/python3.10/site-packages/airflow/example_dags/example_external_task_marker_dag.py
[2026-02-11T17:31:27.741+0800] {processor.py:840} INFO - DAG(s) 'example_external_task_marker_child', 'example_external_task_marker_parent' retrieved from /Users/linghuchong/miniconda3/envs/py310/lib/python3.10/site-packages/airflow/example_dags/example_external_task_marker_dag.py
[2026-02-11T17:31:27.916+0800] {logging_mixin.py:188} INFO - [2026-02-11T17:31:27.915+0800] {dag.py:3047} INFO - Sync 2 DAGs
[2026-02-11T17:31:27.926+0800] {logging_mixin.py:188} INFO - [2026-02-11T17:31:27.925+0800] {dag.py:3834} INFO - Setting next_dagrun for example_external_task_marker_child to None, run_after=None
[2026-02-11T17:31:27.929+0800] {logging_mixin.py:188} INFO - [2026-02-11T17:31:27.929+0800] {dag.py:3834} INFO - Setting next_dagrun for example_external_task_marker_parent to None, run_after=None
[2026-02-11T17:31:27.948+0800] {processor.py:183} INFO - Processing /Users/linghuchong/miniconda3/envs/py310/lib/python3.10/site-packages/airflow/example_dags/example_external_task_marker_dag.py took 0.226 seconds
[2026-02-11T17:37:33.746+0800] {processor.py:161} INFO - Started process (PID=18578) to work on /Users/linghuchong/miniconda3/envs/py310/lib/python3.10/site-packages/airflow/example_dags/example_external_task_marker_dag.py
[2026-02-11T17:37:33.749+0800] {processor.py:830} INFO - Processing file /Users/linghuchong/miniconda3/envs/py310/lib/python3.10/site-packages/airflow/example_dags/example_external_task_marker_dag.py for tasks to queue
[2026-02-11T17:37:33.749+0800] {logging_mixin.py:188} INFO - [2026-02-11T17:37:33.749+0800] {dagbag.py:540} INFO - Filling up the DagBag from /Users/linghuchong/miniconda3/envs/py310/lib/python3.10/site-packages/airflow/example_dags/example_external_task_marker_dag.py
[2026-02-11T17:37:33.765+0800] {processor.py:840} INFO - DAG(s) 'example_external_task_marker_parent', 'example_external_task_marker_child' retrieved from /Users/linghuchong/miniconda3/envs/py310/lib/python3.10/site-packages/airflow/example_dags/example_external_task_marker_dag.py
[2026-02-11T17:37:33.948+0800] {logging_mixin.py:188} INFO - [2026-02-11T17:37:33.947+0800] {dag.py:3047} INFO - Sync 2 DAGs
[2026-02-11T17:37:33.959+0800] {logging_mixin.py:188} INFO - [2026-02-11T17:37:33.959+0800] {dag.py:3834} INFO - Setting next_dagrun for example_external_task_marker_child to None, run_after=None
[2026-02-11T17:37:33.962+0800] {logging_mixin.py:188} INFO - [2026-02-11T17:37:33.961+0800] {dag.py:3834} INFO - Setting next_dagrun for example_external_task_marker_parent to None, run_after=None
[2026-02-11T17:37:33.979+0800] {processor.py:183} INFO - Processing /Users/linghuchong/miniconda3/envs/py310/lib/python3.10/site-packages/airflow/example_dags/example_external_task_marker_dag.py took 0.235 seconds
[2026-02-11T17:43:45.886+0800] {processor.py:161} INFO - Started process (PID=19273) to work on /Users/linghuchong/miniconda3/envs/py310/lib/python3.10/site-packages/airflow/example_dags/example_external_task_marker_dag.py
[2026-02-11T17:43:45.887+0800] {processor.py:830} INFO - Processing file /Users/linghuchong/miniconda3/envs/py310/lib/python3.10/site-packages/airflow/example_dags/example_external_task_marker_dag.py for tasks to queue
[2026-02-11T17:43:45.888+0800] {logging_mixin.py:188} INFO - [2026-02-11T17:43:45.888+0800] {dagbag.py:540} INFO - Filling up the DagBag from /Users/linghuchong/miniconda3/envs/py310/lib/python3.10/site-packages/airflow/example_dags/example_external_task_marker_dag.py
[2026-02-11T17:43:45.906+0800] {processor.py:840} INFO - DAG(s) 'example_external_task_marker_parent', 'example_external_task_marker_child' retrieved from /Users/linghuchong/miniconda3/envs/py310/lib/python3.10/site-packages/airflow/example_dags/example_external_task_marker_dag.py
[2026-02-11T17:43:46.095+0800] {logging_mixin.py:188} INFO - [2026-02-11T17:43:46.094+0800] {dag.py:3047} INFO - Sync 2 DAGs
[2026-02-11T17:43:46.115+0800] {logging_mixin.py:188} INFO - [2026-02-11T17:43:46.114+0800] {dag.py:3834} INFO - Setting next_dagrun for example_external_task_marker_child to None, run_after=None
[2026-02-11T17:43:46.118+0800] {logging_mixin.py:188} INFO - [2026-02-11T17:43:46.118+0800] {dag.py:3834} INFO - Setting next_dagrun for example_external_task_marker_parent to None, run_after=None
[2026-02-11T17:43:46.143+0800] {processor.py:183} INFO - Processing /Users/linghuchong/miniconda3/envs/py310/lib/python3.10/site-packages/airflow/example_dags/example_external_task_marker_dag.py took 0.258 seconds
[2026-02-11T17:46:53.002+0800] {processor.py:161} INFO - Started process (PID=19695) to work on /Users/linghuchong/miniconda3/envs/py310/lib/python3.10/site-packages/airflow/example_dags/example_external_task_marker_dag.py
[2026-02-11T17:46:53.005+0800] {processor.py:830} INFO - Processing file /Users/linghuchong/miniconda3/envs/py310/lib/python3.10/site-packages/airflow/example_dags/example_external_task_marker_dag.py for tasks to queue
[2026-02-11T17:46:53.007+0800] {logging_mixin.py:188} INFO - [2026-02-11T17:46:53.006+0800] {dagbag.py:540} INFO - Filling up the DagBag from /Users/linghuchong/miniconda3/envs/py310/lib/python3.10/site-packages/airflow/example_dags/example_external_task_marker_dag.py
[2026-02-11T17:46:53.020+0800] {processor.py:840} INFO - DAG(s) 'example_external_task_marker_child', 'example_external_task_marker_parent' retrieved from /Users/linghuchong/miniconda3/envs/py310/lib/python3.10/site-packages/airflow/example_dags/example_external_task_marker_dag.py
[2026-02-11T17:46:53.185+0800] {logging_mixin.py:188} INFO - [2026-02-11T17:46:53.185+0800] {dag.py:3047} INFO - Sync 2 DAGs
[2026-02-11T17:46:53.195+0800] {logging_mixin.py:188} INFO - [2026-02-11T17:46:53.195+0800] {dag.py:3834} INFO - Setting next_dagrun for example_external_task_marker_child to None, run_after=None
[2026-02-11T17:46:53.198+0800] {logging_mixin.py:188} INFO - [2026-02-11T17:46:53.197+0800] {dag.py:3834} INFO - Setting next_dagrun for example_external_task_marker_parent to None, run_after=None
[2026-02-11T17:46:53.215+0800] {processor.py:183} INFO - Processing /Users/linghuchong/miniconda3/envs/py310/lib/python3.10/site-packages/airflow/example_dags/example_external_task_marker_dag.py took 0.214 seconds
[2026-02-11T17:49:54.208+0800] {processor.py:161} INFO - Started process (PID=19832) to work on /Users/linghuchong/miniconda3/envs/py310/lib/python3.10/site-packages/airflow/example_dags/example_external_task_marker_dag.py
[2026-02-11T17:49:54.211+0800] {processor.py:830} INFO - Processing file /Users/linghuchong/miniconda3/envs/py310/lib/python3.10/site-packages/airflow/example_dags/example_external_task_marker_dag.py for tasks to queue
[2026-02-11T17:49:54.212+0800] {logging_mixin.py:188} INFO - [2026-02-11T17:49:54.211+0800] {dagbag.py:540} INFO - Filling up the DagBag from /Users/linghuchong/miniconda3/envs/py310/lib/python3.10/site-packages/airflow/example_dags/example_external_task_marker_dag.py
[2026-02-11T17:49:54.225+0800] {processor.py:840} INFO - DAG(s) 'example_external_task_marker_child', 'example_external_task_marker_parent' retrieved from /Users/linghuchong/miniconda3/envs/py310/lib/python3.10/site-packages/airflow/example_dags/example_external_task_marker_dag.py
[2026-02-11T17:49:54.391+0800] {logging_mixin.py:188} INFO - [2026-02-11T17:49:54.390+0800] {dag.py:3047} INFO - Sync 2 DAGs
[2026-02-11T17:49:54.401+0800] {logging_mixin.py:188} INFO - [2026-02-11T17:49:54.401+0800] {dag.py:3834} INFO - Setting next_dagrun for example_external_task_marker_child to None, run_after=None
[2026-02-11T17:49:54.405+0800] {logging_mixin.py:188} INFO - [2026-02-11T17:49:54.405+0800] {dag.py:3834} INFO - Setting next_dagrun for example_external_task_marker_parent to None, run_after=None
[2026-02-11T17:49:54.421+0800] {processor.py:183} INFO - Processing /Users/linghuchong/miniconda3/envs/py310/lib/python3.10/site-packages/airflow/example_dags/example_external_task_marker_dag.py took 0.214 seconds
[2026-02-11T17:53:04.527+0800] {processor.py:161} INFO - Started process (PID=19922) to work on /Users/linghuchong/miniconda3/envs/py310/lib/python3.10/site-packages/airflow/example_dags/example_external_task_marker_dag.py
[2026-02-11T17:53:04.528+0800] {processor.py:830} INFO - Processing file /Users/linghuchong/miniconda3/envs/py310/lib/python3.10/site-packages/airflow/example_dags/example_external_task_marker_dag.py for tasks to queue
[2026-02-11T17:53:04.529+0800] {logging_mixin.py:188} INFO - [2026-02-11T17:53:04.529+0800] {dagbag.py:540} INFO - Filling up the DagBag from /Users/linghuchong/miniconda3/envs/py310/lib/python3.10/site-packages/airflow/example_dags/example_external_task_marker_dag.py
[2026-02-11T17:53:04.543+0800] {processor.py:840} INFO - DAG(s) 'example_external_task_marker_child', 'example_external_task_marker_parent' retrieved from /Users/linghuchong/miniconda3/envs/py310/lib/python3.10/site-packages/airflow/example_dags/example_external_task_marker_dag.py
[2026-02-11T17:53:04.751+0800] {logging_mixin.py:188} INFO - [2026-02-11T17:53:04.751+0800] {dag.py:3047} INFO - Sync 2 DAGs
[2026-02-11T17:53:04.767+0800] {logging_mixin.py:188} INFO - [2026-02-11T17:53:04.767+0800] {dag.py:3834} INFO - Setting next_dagrun for example_external_task_marker_child to None, run_after=None
[2026-02-11T17:53:04.771+0800] {logging_mixin.py:188} INFO - [2026-02-11T17:53:04.771+0800] {dag.py:3834} INFO - Setting next_dagrun for example_external_task_marker_parent to None, run_after=None
[2026-02-11T17:53:04.796+0800] {processor.py:183} INFO - Processing /Users/linghuchong/miniconda3/envs/py310/lib/python3.10/site-packages/airflow/example_dags/example_external_task_marker_dag.py took 0.270 seconds
[2026-02-11T17:56:06.128+0800] {processor.py:161} INFO - Started process (PID=20058) to work on /Users/linghuchong/miniconda3/envs/py310/lib/python3.10/site-packages/airflow/example_dags/example_external_task_marker_dag.py
[2026-02-11T17:56:06.131+0800] {processor.py:830} INFO - Processing file /Users/linghuchong/miniconda3/envs/py310/lib/python3.10/site-packages/airflow/example_dags/example_external_task_marker_dag.py for tasks to queue
[2026-02-11T17:56:06.132+0800] {logging_mixin.py:188} INFO - [2026-02-11T17:56:06.132+0800] {dagbag.py:540} INFO - Filling up the DagBag from /Users/linghuchong/miniconda3/envs/py310/lib/python3.10/site-packages/airflow/example_dags/example_external_task_marker_dag.py
[2026-02-11T17:56:06.148+0800] {processor.py:840} INFO - DAG(s) 'example_external_task_marker_parent', 'example_external_task_marker_child' retrieved from /Users/linghuchong/miniconda3/envs/py310/lib/python3.10/site-packages/airflow/example_dags/example_external_task_marker_dag.py
[2026-02-11T17:56:06.333+0800] {logging_mixin.py:188} INFO - [2026-02-11T17:56:06.332+0800] {dag.py:3047} INFO - Sync 2 DAGs
[2026-02-11T17:56:06.343+0800] {logging_mixin.py:188} INFO - [2026-02-11T17:56:06.343+0800] {dag.py:3834} INFO - Setting next_dagrun for example_external_task_marker_child to None, run_after=None
[2026-02-11T17:56:06.347+0800] {logging_mixin.py:188} INFO - [2026-02-11T17:56:06.346+0800] {dag.py:3834} INFO - Setting next_dagrun for example_external_task_marker_parent to None, run_after=None
[2026-02-11T17:56:06.365+0800] {processor.py:183} INFO - Processing /Users/linghuchong/miniconda3/envs/py310/lib/python3.10/site-packages/airflow/example_dags/example_external_task_marker_dag.py took 0.238 seconds
[2026-02-11T17:59:17.023+0800] {processor.py:161} INFO - Started process (PID=20146) to work on /Users/linghuchong/miniconda3/envs/py310/lib/python3.10/site-packages/airflow/example_dags/example_external_task_marker_dag.py
[2026-02-11T17:59:17.026+0800] {processor.py:830} INFO - Processing file /Users/linghuchong/miniconda3/envs/py310/lib/python3.10/site-packages/airflow/example_dags/example_external_task_marker_dag.py for tasks to queue
[2026-02-11T17:59:17.027+0800] {logging_mixin.py:188} INFO - [2026-02-11T17:59:17.026+0800] {dagbag.py:540} INFO - Filling up the DagBag from /Users/linghuchong/miniconda3/envs/py310/lib/python3.10/site-packages/airflow/example_dags/example_external_task_marker_dag.py
[2026-02-11T17:59:17.042+0800] {processor.py:840} INFO - DAG(s) 'example_external_task_marker_parent', 'example_external_task_marker_child' retrieved from /Users/linghuchong/miniconda3/envs/py310/lib/python3.10/site-packages/airflow/example_dags/example_external_task_marker_dag.py
[2026-02-11T17:59:17.204+0800] {logging_mixin.py:188} INFO - [2026-02-11T17:59:17.204+0800] {dag.py:3047} INFO - Sync 2 DAGs
[2026-02-11T17:59:17.214+0800] {logging_mixin.py:188} INFO - [2026-02-11T17:59:17.214+0800] {dag.py:3834} INFO - Setting next_dagrun for example_external_task_marker_child to None, run_after=None
[2026-02-11T17:59:17.217+0800] {logging_mixin.py:188} INFO - [2026-02-11T17:59:17.217+0800] {dag.py:3834} INFO - Setting next_dagrun for example_external_task_marker_parent to None, run_after=None
[2026-02-11T17:59:17.237+0800] {processor.py:183} INFO - Processing /Users/linghuchong/miniconda3/envs/py310/lib/python3.10/site-packages/airflow/example_dags/example_external_task_marker_dag.py took 0.216 seconds
