[2026-02-11T12:16:12.049+0800] {processor.py:161} INFO - Started process (PID=8099) to work on /Users/linghuchong/miniconda3/envs/py310/lib/python3.10/site-packages/airflow/example_dags/tutorial_taskflow_api.py
[2026-02-11T12:16:12.050+0800] {processor.py:830} INFO - Processing file /Users/linghuchong/miniconda3/envs/py310/lib/python3.10/site-packages/airflow/example_dags/tutorial_taskflow_api.py for tasks to queue
[2026-02-11T12:16:12.051+0800] {logging_mixin.py:188} INFO - [2026-02-11T12:16:12.050+0800] {dagbag.py:540} INFO - Filling up the DagBag from /Users/linghuchong/miniconda3/envs/py310/lib/python3.10/site-packages/airflow/example_dags/tutorial_taskflow_api.py
[2026-02-11T12:16:12.086+0800] {processor.py:840} INFO - DAG(s) 'tutorial_taskflow_api' retrieved from /Users/linghuchong/miniconda3/envs/py310/lib/python3.10/site-packages/airflow/example_dags/tutorial_taskflow_api.py
[2026-02-11T12:16:12.295+0800] {logging_mixin.py:188} INFO - [2026-02-11T12:16:12.295+0800] {override.py:1769} INFO - Created Permission View: can delete on DAG:tutorial_taskflow_api
[2026-02-11T12:16:12.306+0800] {logging_mixin.py:188} INFO - [2026-02-11T12:16:12.305+0800] {override.py:1769} INFO - Created Permission View: can edit on DAG:tutorial_taskflow_api
[2026-02-11T12:16:12.313+0800] {logging_mixin.py:188} INFO - [2026-02-11T12:16:12.313+0800] {override.py:1769} INFO - Created Permission View: can read on DAG:tutorial_taskflow_api
[2026-02-11T12:16:12.314+0800] {logging_mixin.py:188} INFO - [2026-02-11T12:16:12.313+0800] {dag.py:3047} INFO - Sync 1 DAGs
[2026-02-11T12:16:12.325+0800] {logging_mixin.py:188} INFO - [2026-02-11T12:16:12.325+0800] {dag.py:3069} INFO - Creating ORM DAG for tutorial_taskflow_api
[2026-02-11T12:16:12.326+0800] {logging_mixin.py:188} INFO - [2026-02-11T12:16:12.325+0800] {dag.py:3834} INFO - Setting next_dagrun for tutorial_taskflow_api to None, run_after=None
[2026-02-11T12:16:12.345+0800] {processor.py:183} INFO - Processing /Users/linghuchong/miniconda3/envs/py310/lib/python3.10/site-packages/airflow/example_dags/tutorial_taskflow_api.py took 0.297 seconds
[2026-02-11T12:20:46.579+0800] {processor.py:161} INFO - Started process (PID=8286) to work on /Users/linghuchong/miniconda3/envs/py310/lib/python3.10/site-packages/airflow/example_dags/tutorial_taskflow_api.py
[2026-02-11T12:20:46.582+0800] {processor.py:830} INFO - Processing file /Users/linghuchong/miniconda3/envs/py310/lib/python3.10/site-packages/airflow/example_dags/tutorial_taskflow_api.py for tasks to queue
[2026-02-11T12:20:46.583+0800] {logging_mixin.py:188} INFO - [2026-02-11T12:20:46.583+0800] {dagbag.py:540} INFO - Filling up the DagBag from /Users/linghuchong/miniconda3/envs/py310/lib/python3.10/site-packages/airflow/example_dags/tutorial_taskflow_api.py
[2026-02-11T12:20:46.617+0800] {processor.py:840} INFO - DAG(s) 'tutorial_taskflow_api' retrieved from /Users/linghuchong/miniconda3/envs/py310/lib/python3.10/site-packages/airflow/example_dags/tutorial_taskflow_api.py
[2026-02-11T12:20:46.730+0800] {logging_mixin.py:188} INFO - [2026-02-11T12:20:46.730+0800] {dag.py:3047} INFO - Sync 1 DAGs
[2026-02-11T12:20:46.740+0800] {logging_mixin.py:188} INFO - [2026-02-11T12:20:46.740+0800] {dag.py:3834} INFO - Setting next_dagrun for tutorial_taskflow_api to None, run_after=None
[2026-02-11T12:20:46.761+0800] {processor.py:183} INFO - Processing /Users/linghuchong/miniconda3/envs/py310/lib/python3.10/site-packages/airflow/example_dags/tutorial_taskflow_api.py took 0.183 seconds
[2026-02-11T12:23:32.903+0800] {processor.py:161} INFO - Started process (PID=8397) to work on /Users/linghuchong/miniconda3/envs/py310/lib/python3.10/site-packages/airflow/example_dags/tutorial_taskflow_api.py
[2026-02-11T12:23:32.906+0800] {processor.py:830} INFO - Processing file /Users/linghuchong/miniconda3/envs/py310/lib/python3.10/site-packages/airflow/example_dags/tutorial_taskflow_api.py for tasks to queue
[2026-02-11T12:23:32.907+0800] {logging_mixin.py:188} INFO - [2026-02-11T12:23:32.907+0800] {dagbag.py:540} INFO - Filling up the DagBag from /Users/linghuchong/miniconda3/envs/py310/lib/python3.10/site-packages/airflow/example_dags/tutorial_taskflow_api.py
[2026-02-11T12:23:32.945+0800] {processor.py:840} INFO - DAG(s) 'tutorial_taskflow_api' retrieved from /Users/linghuchong/miniconda3/envs/py310/lib/python3.10/site-packages/airflow/example_dags/tutorial_taskflow_api.py
[2026-02-11T12:23:33.065+0800] {logging_mixin.py:188} INFO - [2026-02-11T12:23:33.064+0800] {dag.py:3047} INFO - Sync 1 DAGs
[2026-02-11T12:23:33.075+0800] {logging_mixin.py:188} INFO - [2026-02-11T12:23:33.075+0800] {dag.py:3834} INFO - Setting next_dagrun for tutorial_taskflow_api to None, run_after=None
[2026-02-11T12:23:33.098+0800] {processor.py:183} INFO - Processing /Users/linghuchong/miniconda3/envs/py310/lib/python3.10/site-packages/airflow/example_dags/tutorial_taskflow_api.py took 0.196 seconds
[2026-02-11T12:26:12.851+0800] {processor.py:161} INFO - Started process (PID=8457) to work on /Users/linghuchong/miniconda3/envs/py310/lib/python3.10/site-packages/airflow/example_dags/tutorial_taskflow_api.py
[2026-02-11T12:26:12.852+0800] {processor.py:830} INFO - Processing file /Users/linghuchong/miniconda3/envs/py310/lib/python3.10/site-packages/airflow/example_dags/tutorial_taskflow_api.py for tasks to queue
[2026-02-11T12:26:12.853+0800] {logging_mixin.py:188} INFO - [2026-02-11T12:26:12.853+0800] {dagbag.py:540} INFO - Filling up the DagBag from /Users/linghuchong/miniconda3/envs/py310/lib/python3.10/site-packages/airflow/example_dags/tutorial_taskflow_api.py
[2026-02-11T12:26:12.891+0800] {processor.py:840} INFO - DAG(s) 'tutorial_taskflow_api' retrieved from /Users/linghuchong/miniconda3/envs/py310/lib/python3.10/site-packages/airflow/example_dags/tutorial_taskflow_api.py
[2026-02-11T12:26:13.023+0800] {logging_mixin.py:188} INFO - [2026-02-11T12:26:13.022+0800] {dag.py:3047} INFO - Sync 1 DAGs
[2026-02-11T12:26:13.033+0800] {logging_mixin.py:188} INFO - [2026-02-11T12:26:13.032+0800] {dag.py:3834} INFO - Setting next_dagrun for tutorial_taskflow_api to None, run_after=None
[2026-02-11T12:26:13.054+0800] {processor.py:183} INFO - Processing /Users/linghuchong/miniconda3/envs/py310/lib/python3.10/site-packages/airflow/example_dags/tutorial_taskflow_api.py took 0.204 seconds
[2026-02-11T12:28:37.964+0800] {processor.py:161} INFO - Started process (PID=8519) to work on /Users/linghuchong/miniconda3/envs/py310/lib/python3.10/site-packages/airflow/example_dags/tutorial_taskflow_api.py
[2026-02-11T12:28:37.967+0800] {processor.py:830} INFO - Processing file /Users/linghuchong/miniconda3/envs/py310/lib/python3.10/site-packages/airflow/example_dags/tutorial_taskflow_api.py for tasks to queue
[2026-02-11T12:28:37.968+0800] {logging_mixin.py:188} INFO - [2026-02-11T12:28:37.968+0800] {dagbag.py:540} INFO - Filling up the DagBag from /Users/linghuchong/miniconda3/envs/py310/lib/python3.10/site-packages/airflow/example_dags/tutorial_taskflow_api.py
[2026-02-11T12:28:38.001+0800] {processor.py:840} INFO - DAG(s) 'tutorial_taskflow_api' retrieved from /Users/linghuchong/miniconda3/envs/py310/lib/python3.10/site-packages/airflow/example_dags/tutorial_taskflow_api.py
[2026-02-11T12:28:38.113+0800] {logging_mixin.py:188} INFO - [2026-02-11T12:28:38.112+0800] {dag.py:3047} INFO - Sync 1 DAGs
[2026-02-11T12:28:38.123+0800] {logging_mixin.py:188} INFO - [2026-02-11T12:28:38.122+0800] {dag.py:3834} INFO - Setting next_dagrun for tutorial_taskflow_api to None, run_after=None
[2026-02-11T12:28:38.146+0800] {processor.py:183} INFO - Processing /Users/linghuchong/miniconda3/envs/py310/lib/python3.10/site-packages/airflow/example_dags/tutorial_taskflow_api.py took 0.182 seconds
[2026-02-11T13:09:40.618+0800] {processor.py:161} INFO - Started process (PID=8633) to work on /Users/linghuchong/miniconda3/envs/py310/lib/python3.10/site-packages/airflow/example_dags/tutorial_taskflow_api.py
[2026-02-11T13:09:40.619+0800] {processor.py:830} INFO - Processing file /Users/linghuchong/miniconda3/envs/py310/lib/python3.10/site-packages/airflow/example_dags/tutorial_taskflow_api.py for tasks to queue
[2026-02-11T13:09:40.620+0800] {logging_mixin.py:188} INFO - [2026-02-11T13:09:40.620+0800] {dagbag.py:540} INFO - Filling up the DagBag from /Users/linghuchong/miniconda3/envs/py310/lib/python3.10/site-packages/airflow/example_dags/tutorial_taskflow_api.py
[2026-02-11T13:09:40.674+0800] {processor.py:840} INFO - DAG(s) 'tutorial_taskflow_api' retrieved from /Users/linghuchong/miniconda3/envs/py310/lib/python3.10/site-packages/airflow/example_dags/tutorial_taskflow_api.py
[2026-02-11T13:09:40.820+0800] {logging_mixin.py:188} INFO - [2026-02-11T13:09:40.819+0800] {dag.py:3047} INFO - Sync 1 DAGs
[2026-02-11T13:09:40.831+0800] {logging_mixin.py:188} INFO - [2026-02-11T13:09:40.831+0800] {dag.py:3834} INFO - Setting next_dagrun for tutorial_taskflow_api to None, run_after=None
[2026-02-11T13:09:40.853+0800] {processor.py:183} INFO - Processing /Users/linghuchong/miniconda3/envs/py310/lib/python3.10/site-packages/airflow/example_dags/tutorial_taskflow_api.py took 0.236 seconds
[2026-02-11T13:12:26.197+0800] {processor.py:161} INFO - Started process (PID=8699) to work on /Users/linghuchong/miniconda3/envs/py310/lib/python3.10/site-packages/airflow/example_dags/tutorial_taskflow_api.py
[2026-02-11T13:12:26.200+0800] {processor.py:830} INFO - Processing file /Users/linghuchong/miniconda3/envs/py310/lib/python3.10/site-packages/airflow/example_dags/tutorial_taskflow_api.py for tasks to queue
[2026-02-11T13:12:26.201+0800] {logging_mixin.py:188} INFO - [2026-02-11T13:12:26.201+0800] {dagbag.py:540} INFO - Filling up the DagBag from /Users/linghuchong/miniconda3/envs/py310/lib/python3.10/site-packages/airflow/example_dags/tutorial_taskflow_api.py
[2026-02-11T13:12:26.239+0800] {processor.py:840} INFO - DAG(s) 'tutorial_taskflow_api' retrieved from /Users/linghuchong/miniconda3/envs/py310/lib/python3.10/site-packages/airflow/example_dags/tutorial_taskflow_api.py
[2026-02-11T13:12:26.374+0800] {logging_mixin.py:188} INFO - [2026-02-11T13:12:26.374+0800] {dag.py:3047} INFO - Sync 1 DAGs
[2026-02-11T13:12:26.386+0800] {logging_mixin.py:188} INFO - [2026-02-11T13:12:26.386+0800] {dag.py:3834} INFO - Setting next_dagrun for tutorial_taskflow_api to None, run_after=None
[2026-02-11T13:12:26.409+0800] {processor.py:183} INFO - Processing /Users/linghuchong/miniconda3/envs/py310/lib/python3.10/site-packages/airflow/example_dags/tutorial_taskflow_api.py took 0.214 seconds
[2026-02-11T13:19:16.151+0800] {processor.py:161} INFO - Started process (PID=9066) to work on /Users/linghuchong/miniconda3/envs/py310/lib/python3.10/site-packages/airflow/example_dags/tutorial_taskflow_api.py
[2026-02-11T13:19:16.153+0800] {processor.py:830} INFO - Processing file /Users/linghuchong/miniconda3/envs/py310/lib/python3.10/site-packages/airflow/example_dags/tutorial_taskflow_api.py for tasks to queue
[2026-02-11T13:19:16.156+0800] {logging_mixin.py:188} INFO - [2026-02-11T13:19:16.155+0800] {dagbag.py:540} INFO - Filling up the DagBag from /Users/linghuchong/miniconda3/envs/py310/lib/python3.10/site-packages/airflow/example_dags/tutorial_taskflow_api.py
[2026-02-11T13:19:16.201+0800] {processor.py:840} INFO - DAG(s) 'tutorial_taskflow_api' retrieved from /Users/linghuchong/miniconda3/envs/py310/lib/python3.10/site-packages/airflow/example_dags/tutorial_taskflow_api.py
[2026-02-11T13:19:16.333+0800] {logging_mixin.py:188} INFO - [2026-02-11T13:19:16.332+0800] {dag.py:3047} INFO - Sync 1 DAGs
[2026-02-11T13:19:16.344+0800] {logging_mixin.py:188} INFO - [2026-02-11T13:19:16.344+0800] {dag.py:3834} INFO - Setting next_dagrun for tutorial_taskflow_api to None, run_after=None
[2026-02-11T13:19:16.365+0800] {processor.py:183} INFO - Processing /Users/linghuchong/miniconda3/envs/py310/lib/python3.10/site-packages/airflow/example_dags/tutorial_taskflow_api.py took 0.215 seconds
[2026-02-11T13:23:08.933+0800] {processor.py:161} INFO - Started process (PID=9209) to work on /Users/linghuchong/miniconda3/envs/py310/lib/python3.10/site-packages/airflow/example_dags/tutorial_taskflow_api.py
[2026-02-11T13:23:08.936+0800] {processor.py:830} INFO - Processing file /Users/linghuchong/miniconda3/envs/py310/lib/python3.10/site-packages/airflow/example_dags/tutorial_taskflow_api.py for tasks to queue
[2026-02-11T13:23:08.937+0800] {logging_mixin.py:188} INFO - [2026-02-11T13:23:08.937+0800] {dagbag.py:540} INFO - Filling up the DagBag from /Users/linghuchong/miniconda3/envs/py310/lib/python3.10/site-packages/airflow/example_dags/tutorial_taskflow_api.py
[2026-02-11T13:23:08.974+0800] {processor.py:840} INFO - DAG(s) 'tutorial_taskflow_api' retrieved from /Users/linghuchong/miniconda3/envs/py310/lib/python3.10/site-packages/airflow/example_dags/tutorial_taskflow_api.py
[2026-02-11T13:23:09.105+0800] {logging_mixin.py:188} INFO - [2026-02-11T13:23:09.104+0800] {dag.py:3047} INFO - Sync 1 DAGs
[2026-02-11T13:23:09.114+0800] {logging_mixin.py:188} INFO - [2026-02-11T13:23:09.114+0800] {dag.py:3834} INFO - Setting next_dagrun for tutorial_taskflow_api to None, run_after=None
[2026-02-11T13:23:09.138+0800] {processor.py:183} INFO - Processing /Users/linghuchong/miniconda3/envs/py310/lib/python3.10/site-packages/airflow/example_dags/tutorial_taskflow_api.py took 0.205 seconds
[2026-02-11T13:25:55.715+0800] {processor.py:161} INFO - Started process (PID=9302) to work on /Users/linghuchong/miniconda3/envs/py310/lib/python3.10/site-packages/airflow/example_dags/tutorial_taskflow_api.py
[2026-02-11T13:25:55.718+0800] {processor.py:830} INFO - Processing file /Users/linghuchong/miniconda3/envs/py310/lib/python3.10/site-packages/airflow/example_dags/tutorial_taskflow_api.py for tasks to queue
[2026-02-11T13:25:55.720+0800] {logging_mixin.py:188} INFO - [2026-02-11T13:25:55.720+0800] {dagbag.py:540} INFO - Filling up the DagBag from /Users/linghuchong/miniconda3/envs/py310/lib/python3.10/site-packages/airflow/example_dags/tutorial_taskflow_api.py
[2026-02-11T13:25:55.775+0800] {processor.py:840} INFO - DAG(s) 'tutorial_taskflow_api' retrieved from /Users/linghuchong/miniconda3/envs/py310/lib/python3.10/site-packages/airflow/example_dags/tutorial_taskflow_api.py
[2026-02-11T13:25:55.930+0800] {logging_mixin.py:188} INFO - [2026-02-11T13:25:55.930+0800] {dag.py:3047} INFO - Sync 1 DAGs
[2026-02-11T13:25:55.943+0800] {logging_mixin.py:188} INFO - [2026-02-11T13:25:55.942+0800] {dag.py:3834} INFO - Setting next_dagrun for tutorial_taskflow_api to None, run_after=None
[2026-02-11T13:25:55.965+0800] {processor.py:183} INFO - Processing /Users/linghuchong/miniconda3/envs/py310/lib/python3.10/site-packages/airflow/example_dags/tutorial_taskflow_api.py took 0.251 seconds
[2026-02-11T13:28:46.572+0800] {processor.py:161} INFO - Started process (PID=9368) to work on /Users/linghuchong/miniconda3/envs/py310/lib/python3.10/site-packages/airflow/example_dags/tutorial_taskflow_api.py
[2026-02-11T13:28:46.574+0800] {processor.py:830} INFO - Processing file /Users/linghuchong/miniconda3/envs/py310/lib/python3.10/site-packages/airflow/example_dags/tutorial_taskflow_api.py for tasks to queue
[2026-02-11T13:28:46.576+0800] {logging_mixin.py:188} INFO - [2026-02-11T13:28:46.575+0800] {dagbag.py:540} INFO - Filling up the DagBag from /Users/linghuchong/miniconda3/envs/py310/lib/python3.10/site-packages/airflow/example_dags/tutorial_taskflow_api.py
[2026-02-11T13:28:46.638+0800] {processor.py:840} INFO - DAG(s) 'tutorial_taskflow_api' retrieved from /Users/linghuchong/miniconda3/envs/py310/lib/python3.10/site-packages/airflow/example_dags/tutorial_taskflow_api.py
[2026-02-11T13:28:46.819+0800] {logging_mixin.py:188} INFO - [2026-02-11T13:28:46.818+0800] {dag.py:3047} INFO - Sync 1 DAGs
[2026-02-11T13:28:46.833+0800] {logging_mixin.py:188} INFO - [2026-02-11T13:28:46.833+0800] {dag.py:3834} INFO - Setting next_dagrun for tutorial_taskflow_api to None, run_after=None
[2026-02-11T13:28:46.859+0800] {processor.py:183} INFO - Processing /Users/linghuchong/miniconda3/envs/py310/lib/python3.10/site-packages/airflow/example_dags/tutorial_taskflow_api.py took 0.288 seconds
[2026-02-11T13:31:39.530+0800] {processor.py:161} INFO - Started process (PID=9475) to work on /Users/linghuchong/miniconda3/envs/py310/lib/python3.10/site-packages/airflow/example_dags/tutorial_taskflow_api.py
[2026-02-11T13:31:39.532+0800] {processor.py:830} INFO - Processing file /Users/linghuchong/miniconda3/envs/py310/lib/python3.10/site-packages/airflow/example_dags/tutorial_taskflow_api.py for tasks to queue
[2026-02-11T13:31:39.534+0800] {logging_mixin.py:188} INFO - [2026-02-11T13:31:39.533+0800] {dagbag.py:540} INFO - Filling up the DagBag from /Users/linghuchong/miniconda3/envs/py310/lib/python3.10/site-packages/airflow/example_dags/tutorial_taskflow_api.py
[2026-02-11T13:31:39.574+0800] {processor.py:840} INFO - DAG(s) 'tutorial_taskflow_api' retrieved from /Users/linghuchong/miniconda3/envs/py310/lib/python3.10/site-packages/airflow/example_dags/tutorial_taskflow_api.py
[2026-02-11T13:31:39.708+0800] {logging_mixin.py:188} INFO - [2026-02-11T13:31:39.707+0800] {dag.py:3047} INFO - Sync 1 DAGs
[2026-02-11T13:31:39.718+0800] {logging_mixin.py:188} INFO - [2026-02-11T13:31:39.718+0800] {dag.py:3834} INFO - Setting next_dagrun for tutorial_taskflow_api to None, run_after=None
[2026-02-11T13:31:39.742+0800] {processor.py:183} INFO - Processing /Users/linghuchong/miniconda3/envs/py310/lib/python3.10/site-packages/airflow/example_dags/tutorial_taskflow_api.py took 0.212 seconds
[2026-02-11T13:34:38.239+0800] {processor.py:161} INFO - Started process (PID=9580) to work on /Users/linghuchong/miniconda3/envs/py310/lib/python3.10/site-packages/airflow/example_dags/tutorial_taskflow_api.py
[2026-02-11T13:34:38.242+0800] {processor.py:830} INFO - Processing file /Users/linghuchong/miniconda3/envs/py310/lib/python3.10/site-packages/airflow/example_dags/tutorial_taskflow_api.py for tasks to queue
[2026-02-11T13:34:38.244+0800] {logging_mixin.py:188} INFO - [2026-02-11T13:34:38.243+0800] {dagbag.py:540} INFO - Filling up the DagBag from /Users/linghuchong/miniconda3/envs/py310/lib/python3.10/site-packages/airflow/example_dags/tutorial_taskflow_api.py
[2026-02-11T13:34:38.279+0800] {processor.py:840} INFO - DAG(s) 'tutorial_taskflow_api' retrieved from /Users/linghuchong/miniconda3/envs/py310/lib/python3.10/site-packages/airflow/example_dags/tutorial_taskflow_api.py
[2026-02-11T13:34:38.399+0800] {logging_mixin.py:188} INFO - [2026-02-11T13:34:38.399+0800] {dag.py:3047} INFO - Sync 1 DAGs
[2026-02-11T13:34:38.409+0800] {logging_mixin.py:188} INFO - [2026-02-11T13:34:38.408+0800] {dag.py:3834} INFO - Setting next_dagrun for tutorial_taskflow_api to None, run_after=None
[2026-02-11T13:34:38.432+0800] {processor.py:183} INFO - Processing /Users/linghuchong/miniconda3/envs/py310/lib/python3.10/site-packages/airflow/example_dags/tutorial_taskflow_api.py took 0.193 seconds
[2026-02-11T16:16:29.259+0800] {processor.py:161} INFO - Started process (PID=14267) to work on /Users/linghuchong/miniconda3/envs/py310/lib/python3.10/site-packages/airflow/example_dags/tutorial_taskflow_api.py
[2026-02-11T16:16:29.261+0800] {processor.py:830} INFO - Processing file /Users/linghuchong/miniconda3/envs/py310/lib/python3.10/site-packages/airflow/example_dags/tutorial_taskflow_api.py for tasks to queue
[2026-02-11T16:16:29.262+0800] {logging_mixin.py:188} INFO - [2026-02-11T16:16:29.262+0800] {dagbag.py:540} INFO - Filling up the DagBag from /Users/linghuchong/miniconda3/envs/py310/lib/python3.10/site-packages/airflow/example_dags/tutorial_taskflow_api.py
[2026-02-11T16:16:29.317+0800] {processor.py:840} INFO - DAG(s) 'tutorial_taskflow_api' retrieved from /Users/linghuchong/miniconda3/envs/py310/lib/python3.10/site-packages/airflow/example_dags/tutorial_taskflow_api.py
[2026-02-11T16:16:29.571+0800] {logging_mixin.py:188} INFO - [2026-02-11T16:16:29.571+0800] {dag.py:3047} INFO - Sync 1 DAGs
[2026-02-11T16:16:29.581+0800] {logging_mixin.py:188} INFO - [2026-02-11T16:16:29.580+0800] {dag.py:3834} INFO - Setting next_dagrun for tutorial_taskflow_api to None, run_after=None
[2026-02-11T16:16:29.605+0800] {processor.py:183} INFO - Processing /Users/linghuchong/miniconda3/envs/py310/lib/python3.10/site-packages/airflow/example_dags/tutorial_taskflow_api.py took 0.347 seconds
[2026-02-11T16:23:20.503+0800] {processor.py:161} INFO - Started process (PID=14632) to work on /Users/linghuchong/miniconda3/envs/py310/lib/python3.10/site-packages/airflow/example_dags/tutorial_taskflow_api.py
[2026-02-11T16:23:20.506+0800] {processor.py:830} INFO - Processing file /Users/linghuchong/miniconda3/envs/py310/lib/python3.10/site-packages/airflow/example_dags/tutorial_taskflow_api.py for tasks to queue
[2026-02-11T16:23:20.507+0800] {logging_mixin.py:188} INFO - [2026-02-11T16:23:20.507+0800] {dagbag.py:540} INFO - Filling up the DagBag from /Users/linghuchong/miniconda3/envs/py310/lib/python3.10/site-packages/airflow/example_dags/tutorial_taskflow_api.py
[2026-02-11T16:23:20.543+0800] {processor.py:840} INFO - DAG(s) 'tutorial_taskflow_api' retrieved from /Users/linghuchong/miniconda3/envs/py310/lib/python3.10/site-packages/airflow/example_dags/tutorial_taskflow_api.py
[2026-02-11T16:23:20.774+0800] {logging_mixin.py:188} INFO - [2026-02-11T16:23:20.774+0800] {dag.py:3047} INFO - Sync 1 DAGs
[2026-02-11T16:23:20.784+0800] {logging_mixin.py:188} INFO - [2026-02-11T16:23:20.783+0800] {dag.py:3834} INFO - Setting next_dagrun for tutorial_taskflow_api to None, run_after=None
[2026-02-11T16:23:20.807+0800] {processor.py:183} INFO - Processing /Users/linghuchong/miniconda3/envs/py310/lib/python3.10/site-packages/airflow/example_dags/tutorial_taskflow_api.py took 0.305 seconds
[2026-02-11T16:26:50.927+0800] {processor.py:161} INFO - Started process (PID=14823) to work on /Users/linghuchong/miniconda3/envs/py310/lib/python3.10/site-packages/airflow/example_dags/tutorial_taskflow_api.py
[2026-02-11T16:26:50.930+0800] {processor.py:830} INFO - Processing file /Users/linghuchong/miniconda3/envs/py310/lib/python3.10/site-packages/airflow/example_dags/tutorial_taskflow_api.py for tasks to queue
[2026-02-11T16:26:50.931+0800] {logging_mixin.py:188} INFO - [2026-02-11T16:26:50.931+0800] {dagbag.py:540} INFO - Filling up the DagBag from /Users/linghuchong/miniconda3/envs/py310/lib/python3.10/site-packages/airflow/example_dags/tutorial_taskflow_api.py
[2026-02-11T16:26:50.967+0800] {processor.py:840} INFO - DAG(s) 'tutorial_taskflow_api' retrieved from /Users/linghuchong/miniconda3/envs/py310/lib/python3.10/site-packages/airflow/example_dags/tutorial_taskflow_api.py
[2026-02-11T16:26:51.196+0800] {logging_mixin.py:188} INFO - [2026-02-11T16:26:51.196+0800] {dag.py:3047} INFO - Sync 1 DAGs
[2026-02-11T16:26:51.206+0800] {logging_mixin.py:188} INFO - [2026-02-11T16:26:51.206+0800] {dag.py:3834} INFO - Setting next_dagrun for tutorial_taskflow_api to None, run_after=None
[2026-02-11T16:26:51.229+0800] {processor.py:183} INFO - Processing /Users/linghuchong/miniconda3/envs/py310/lib/python3.10/site-packages/airflow/example_dags/tutorial_taskflow_api.py took 0.303 seconds
[2026-02-11T16:30:04.817+0800] {processor.py:161} INFO - Started process (PID=14945) to work on /Users/linghuchong/miniconda3/envs/py310/lib/python3.10/site-packages/airflow/example_dags/tutorial_taskflow_api.py
[2026-02-11T16:30:04.818+0800] {processor.py:830} INFO - Processing file /Users/linghuchong/miniconda3/envs/py310/lib/python3.10/site-packages/airflow/example_dags/tutorial_taskflow_api.py for tasks to queue
[2026-02-11T16:30:04.819+0800] {logging_mixin.py:188} INFO - [2026-02-11T16:30:04.819+0800] {dagbag.py:540} INFO - Filling up the DagBag from /Users/linghuchong/miniconda3/envs/py310/lib/python3.10/site-packages/airflow/example_dags/tutorial_taskflow_api.py
[2026-02-11T16:30:04.857+0800] {processor.py:840} INFO - DAG(s) 'tutorial_taskflow_api' retrieved from /Users/linghuchong/miniconda3/envs/py310/lib/python3.10/site-packages/airflow/example_dags/tutorial_taskflow_api.py
[2026-02-11T16:30:05.080+0800] {logging_mixin.py:188} INFO - [2026-02-11T16:30:05.080+0800] {dag.py:3047} INFO - Sync 1 DAGs
[2026-02-11T16:30:05.090+0800] {logging_mixin.py:188} INFO - [2026-02-11T16:30:05.090+0800] {dag.py:3834} INFO - Setting next_dagrun for tutorial_taskflow_api to None, run_after=None
[2026-02-11T16:30:05.112+0800] {processor.py:183} INFO - Processing /Users/linghuchong/miniconda3/envs/py310/lib/python3.10/site-packages/airflow/example_dags/tutorial_taskflow_api.py took 0.296 seconds
[2026-02-11T16:33:22.696+0800] {processor.py:161} INFO - Started process (PID=15281) to work on /Users/linghuchong/miniconda3/envs/py310/lib/python3.10/site-packages/airflow/example_dags/tutorial_taskflow_api.py
[2026-02-11T16:33:22.697+0800] {processor.py:830} INFO - Processing file /Users/linghuchong/miniconda3/envs/py310/lib/python3.10/site-packages/airflow/example_dags/tutorial_taskflow_api.py for tasks to queue
[2026-02-11T16:33:22.697+0800] {logging_mixin.py:188} INFO - [2026-02-11T16:33:22.697+0800] {dagbag.py:540} INFO - Filling up the DagBag from /Users/linghuchong/miniconda3/envs/py310/lib/python3.10/site-packages/airflow/example_dags/tutorial_taskflow_api.py
[2026-02-11T16:33:22.734+0800] {processor.py:840} INFO - DAG(s) 'tutorial_taskflow_api' retrieved from /Users/linghuchong/miniconda3/envs/py310/lib/python3.10/site-packages/airflow/example_dags/tutorial_taskflow_api.py
[2026-02-11T16:33:22.957+0800] {logging_mixin.py:188} INFO - [2026-02-11T16:33:22.957+0800] {dag.py:3047} INFO - Sync 1 DAGs
[2026-02-11T16:33:22.975+0800] {logging_mixin.py:188} INFO - [2026-02-11T16:33:22.975+0800] {dag.py:3834} INFO - Setting next_dagrun for tutorial_taskflow_api to None, run_after=None
[2026-02-11T16:33:23.000+0800] {processor.py:183} INFO - Processing /Users/linghuchong/miniconda3/envs/py310/lib/python3.10/site-packages/airflow/example_dags/tutorial_taskflow_api.py took 0.305 seconds
[2026-02-11T16:36:34.365+0800] {processor.py:161} INFO - Started process (PID=15450) to work on /Users/linghuchong/miniconda3/envs/py310/lib/python3.10/site-packages/airflow/example_dags/tutorial_taskflow_api.py
[2026-02-11T16:36:34.368+0800] {processor.py:830} INFO - Processing file /Users/linghuchong/miniconda3/envs/py310/lib/python3.10/site-packages/airflow/example_dags/tutorial_taskflow_api.py for tasks to queue
[2026-02-11T16:36:34.369+0800] {logging_mixin.py:188} INFO - [2026-02-11T16:36:34.369+0800] {dagbag.py:540} INFO - Filling up the DagBag from /Users/linghuchong/miniconda3/envs/py310/lib/python3.10/site-packages/airflow/example_dags/tutorial_taskflow_api.py
[2026-02-11T16:36:34.406+0800] {processor.py:840} INFO - DAG(s) 'tutorial_taskflow_api' retrieved from /Users/linghuchong/miniconda3/envs/py310/lib/python3.10/site-packages/airflow/example_dags/tutorial_taskflow_api.py
[2026-02-11T16:36:34.526+0800] {logging_mixin.py:188} INFO - [2026-02-11T16:36:34.526+0800] {dag.py:3047} INFO - Sync 1 DAGs
[2026-02-11T16:36:34.536+0800] {logging_mixin.py:188} INFO - [2026-02-11T16:36:34.536+0800] {dag.py:3834} INFO - Setting next_dagrun for tutorial_taskflow_api to None, run_after=None
[2026-02-11T16:36:34.557+0800] {processor.py:183} INFO - Processing /Users/linghuchong/miniconda3/envs/py310/lib/python3.10/site-packages/airflow/example_dags/tutorial_taskflow_api.py took 0.193 seconds
[2026-02-11T16:39:31.764+0800] {processor.py:161} INFO - Started process (PID=15639) to work on /Users/linghuchong/miniconda3/envs/py310/lib/python3.10/site-packages/airflow/example_dags/tutorial_taskflow_api.py
[2026-02-11T16:39:31.767+0800] {processor.py:830} INFO - Processing file /Users/linghuchong/miniconda3/envs/py310/lib/python3.10/site-packages/airflow/example_dags/tutorial_taskflow_api.py for tasks to queue
[2026-02-11T16:39:31.769+0800] {logging_mixin.py:188} INFO - [2026-02-11T16:39:31.768+0800] {dagbag.py:540} INFO - Filling up the DagBag from /Users/linghuchong/miniconda3/envs/py310/lib/python3.10/site-packages/airflow/example_dags/tutorial_taskflow_api.py
[2026-02-11T16:39:31.806+0800] {processor.py:840} INFO - DAG(s) 'tutorial_taskflow_api' retrieved from /Users/linghuchong/miniconda3/envs/py310/lib/python3.10/site-packages/airflow/example_dags/tutorial_taskflow_api.py
[2026-02-11T16:39:31.929+0800] {logging_mixin.py:188} INFO - [2026-02-11T16:39:31.928+0800] {dag.py:3047} INFO - Sync 1 DAGs
[2026-02-11T16:39:31.939+0800] {logging_mixin.py:188} INFO - [2026-02-11T16:39:31.939+0800] {dag.py:3834} INFO - Setting next_dagrun for tutorial_taskflow_api to None, run_after=None
[2026-02-11T16:39:31.959+0800] {processor.py:183} INFO - Processing /Users/linghuchong/miniconda3/envs/py310/lib/python3.10/site-packages/airflow/example_dags/tutorial_taskflow_api.py took 0.195 seconds
[2026-02-11T16:42:33.482+0800] {processor.py:161} INFO - Started process (PID=15923) to work on /Users/linghuchong/miniconda3/envs/py310/lib/python3.10/site-packages/airflow/example_dags/tutorial_taskflow_api.py
[2026-02-11T16:42:33.484+0800] {processor.py:830} INFO - Processing file /Users/linghuchong/miniconda3/envs/py310/lib/python3.10/site-packages/airflow/example_dags/tutorial_taskflow_api.py for tasks to queue
[2026-02-11T16:42:33.485+0800] {logging_mixin.py:188} INFO - [2026-02-11T16:42:33.484+0800] {dagbag.py:540} INFO - Filling up the DagBag from /Users/linghuchong/miniconda3/envs/py310/lib/python3.10/site-packages/airflow/example_dags/tutorial_taskflow_api.py
[2026-02-11T16:42:33.521+0800] {processor.py:840} INFO - DAG(s) 'tutorial_taskflow_api' retrieved from /Users/linghuchong/miniconda3/envs/py310/lib/python3.10/site-packages/airflow/example_dags/tutorial_taskflow_api.py
[2026-02-11T16:42:33.654+0800] {logging_mixin.py:188} INFO - [2026-02-11T16:42:33.653+0800] {dag.py:3047} INFO - Sync 1 DAGs
[2026-02-11T16:42:33.665+0800] {logging_mixin.py:188} INFO - [2026-02-11T16:42:33.664+0800] {dag.py:3834} INFO - Setting next_dagrun for tutorial_taskflow_api to None, run_after=None
[2026-02-11T16:42:33.696+0800] {processor.py:183} INFO - Processing /Users/linghuchong/miniconda3/envs/py310/lib/python3.10/site-packages/airflow/example_dags/tutorial_taskflow_api.py took 0.215 seconds
[2026-02-11T16:45:38.267+0800] {processor.py:161} INFO - Started process (PID=16068) to work on /Users/linghuchong/miniconda3/envs/py310/lib/python3.10/site-packages/airflow/example_dags/tutorial_taskflow_api.py
[2026-02-11T16:45:38.270+0800] {processor.py:830} INFO - Processing file /Users/linghuchong/miniconda3/envs/py310/lib/python3.10/site-packages/airflow/example_dags/tutorial_taskflow_api.py for tasks to queue
[2026-02-11T16:45:38.272+0800] {logging_mixin.py:188} INFO - [2026-02-11T16:45:38.271+0800] {dagbag.py:540} INFO - Filling up the DagBag from /Users/linghuchong/miniconda3/envs/py310/lib/python3.10/site-packages/airflow/example_dags/tutorial_taskflow_api.py
[2026-02-11T16:45:38.310+0800] {processor.py:840} INFO - DAG(s) 'tutorial_taskflow_api' retrieved from /Users/linghuchong/miniconda3/envs/py310/lib/python3.10/site-packages/airflow/example_dags/tutorial_taskflow_api.py
[2026-02-11T16:45:38.442+0800] {logging_mixin.py:188} INFO - [2026-02-11T16:45:38.442+0800] {dag.py:3047} INFO - Sync 1 DAGs
[2026-02-11T16:45:38.452+0800] {logging_mixin.py:188} INFO - [2026-02-11T16:45:38.452+0800] {dag.py:3834} INFO - Setting next_dagrun for tutorial_taskflow_api to None, run_after=None
[2026-02-11T16:45:38.476+0800] {processor.py:183} INFO - Processing /Users/linghuchong/miniconda3/envs/py310/lib/python3.10/site-packages/airflow/example_dags/tutorial_taskflow_api.py took 0.210 seconds
[2026-02-11T16:48:55.328+0800] {processor.py:161} INFO - Started process (PID=16255) to work on /Users/linghuchong/miniconda3/envs/py310/lib/python3.10/site-packages/airflow/example_dags/tutorial_taskflow_api.py
[2026-02-11T16:48:55.333+0800] {processor.py:830} INFO - Processing file /Users/linghuchong/miniconda3/envs/py310/lib/python3.10/site-packages/airflow/example_dags/tutorial_taskflow_api.py for tasks to queue
[2026-02-11T16:48:55.334+0800] {logging_mixin.py:188} INFO - [2026-02-11T16:48:55.334+0800] {dagbag.py:540} INFO - Filling up the DagBag from /Users/linghuchong/miniconda3/envs/py310/lib/python3.10/site-packages/airflow/example_dags/tutorial_taskflow_api.py
[2026-02-11T16:48:55.373+0800] {processor.py:840} INFO - DAG(s) 'tutorial_taskflow_api' retrieved from /Users/linghuchong/miniconda3/envs/py310/lib/python3.10/site-packages/airflow/example_dags/tutorial_taskflow_api.py
[2026-02-11T16:48:55.593+0800] {logging_mixin.py:188} INFO - [2026-02-11T16:48:55.593+0800] {dag.py:3047} INFO - Sync 1 DAGs
[2026-02-11T16:48:55.603+0800] {logging_mixin.py:188} INFO - [2026-02-11T16:48:55.603+0800] {dag.py:3834} INFO - Setting next_dagrun for tutorial_taskflow_api to None, run_after=None
[2026-02-11T16:48:55.649+0800] {processor.py:183} INFO - Processing /Users/linghuchong/miniconda3/envs/py310/lib/python3.10/site-packages/airflow/example_dags/tutorial_taskflow_api.py took 0.322 seconds
[2026-02-11T16:52:28.621+0800] {processor.py:161} INFO - Started process (PID=16428) to work on /Users/linghuchong/miniconda3/envs/py310/lib/python3.10/site-packages/airflow/example_dags/tutorial_taskflow_api.py
[2026-02-11T16:52:28.623+0800] {processor.py:830} INFO - Processing file /Users/linghuchong/miniconda3/envs/py310/lib/python3.10/site-packages/airflow/example_dags/tutorial_taskflow_api.py for tasks to queue
[2026-02-11T16:52:28.624+0800] {logging_mixin.py:188} INFO - [2026-02-11T16:52:28.624+0800] {dagbag.py:540} INFO - Filling up the DagBag from /Users/linghuchong/miniconda3/envs/py310/lib/python3.10/site-packages/airflow/example_dags/tutorial_taskflow_api.py
[2026-02-11T16:52:28.659+0800] {processor.py:840} INFO - DAG(s) 'tutorial_taskflow_api' retrieved from /Users/linghuchong/miniconda3/envs/py310/lib/python3.10/site-packages/airflow/example_dags/tutorial_taskflow_api.py
[2026-02-11T16:52:28.937+0800] {logging_mixin.py:188} INFO - [2026-02-11T16:52:28.936+0800] {dag.py:3047} INFO - Sync 1 DAGs
[2026-02-11T16:52:28.946+0800] {logging_mixin.py:188} INFO - [2026-02-11T16:52:28.946+0800] {dag.py:3834} INFO - Setting next_dagrun for tutorial_taskflow_api to None, run_after=None
[2026-02-11T16:52:28.970+0800] {processor.py:183} INFO - Processing /Users/linghuchong/miniconda3/envs/py310/lib/python3.10/site-packages/airflow/example_dags/tutorial_taskflow_api.py took 0.350 seconds
[2026-02-11T16:55:45.743+0800] {processor.py:161} INFO - Started process (PID=16593) to work on /Users/linghuchong/miniconda3/envs/py310/lib/python3.10/site-packages/airflow/example_dags/tutorial_taskflow_api.py
[2026-02-11T16:55:45.744+0800] {processor.py:830} INFO - Processing file /Users/linghuchong/miniconda3/envs/py310/lib/python3.10/site-packages/airflow/example_dags/tutorial_taskflow_api.py for tasks to queue
[2026-02-11T16:55:45.745+0800] {logging_mixin.py:188} INFO - [2026-02-11T16:55:45.744+0800] {dagbag.py:540} INFO - Filling up the DagBag from /Users/linghuchong/miniconda3/envs/py310/lib/python3.10/site-packages/airflow/example_dags/tutorial_taskflow_api.py
[2026-02-11T16:55:45.783+0800] {processor.py:840} INFO - DAG(s) 'tutorial_taskflow_api' retrieved from /Users/linghuchong/miniconda3/envs/py310/lib/python3.10/site-packages/airflow/example_dags/tutorial_taskflow_api.py
[2026-02-11T16:55:45.907+0800] {logging_mixin.py:188} INFO - [2026-02-11T16:55:45.906+0800] {dag.py:3047} INFO - Sync 1 DAGs
[2026-02-11T16:55:45.917+0800] {logging_mixin.py:188} INFO - [2026-02-11T16:55:45.916+0800] {dag.py:3834} INFO - Setting next_dagrun for tutorial_taskflow_api to None, run_after=None
[2026-02-11T16:55:45.939+0800] {processor.py:183} INFO - Processing /Users/linghuchong/miniconda3/envs/py310/lib/python3.10/site-packages/airflow/example_dags/tutorial_taskflow_api.py took 0.197 seconds
[2026-02-11T16:59:00.596+0800] {processor.py:161} INFO - Started process (PID=16667) to work on /Users/linghuchong/miniconda3/envs/py310/lib/python3.10/site-packages/airflow/example_dags/tutorial_taskflow_api.py
[2026-02-11T16:59:00.599+0800] {processor.py:830} INFO - Processing file /Users/linghuchong/miniconda3/envs/py310/lib/python3.10/site-packages/airflow/example_dags/tutorial_taskflow_api.py for tasks to queue
[2026-02-11T16:59:00.600+0800] {logging_mixin.py:188} INFO - [2026-02-11T16:59:00.600+0800] {dagbag.py:540} INFO - Filling up the DagBag from /Users/linghuchong/miniconda3/envs/py310/lib/python3.10/site-packages/airflow/example_dags/tutorial_taskflow_api.py
[2026-02-11T16:59:00.636+0800] {processor.py:840} INFO - DAG(s) 'tutorial_taskflow_api' retrieved from /Users/linghuchong/miniconda3/envs/py310/lib/python3.10/site-packages/airflow/example_dags/tutorial_taskflow_api.py
[2026-02-11T16:59:00.790+0800] {logging_mixin.py:188} INFO - [2026-02-11T16:59:00.790+0800] {dag.py:3047} INFO - Sync 1 DAGs
[2026-02-11T16:59:00.805+0800] {logging_mixin.py:188} INFO - [2026-02-11T16:59:00.805+0800] {dag.py:3834} INFO - Setting next_dagrun for tutorial_taskflow_api to None, run_after=None
[2026-02-11T16:59:00.830+0800] {processor.py:183} INFO - Processing /Users/linghuchong/miniconda3/envs/py310/lib/python3.10/site-packages/airflow/example_dags/tutorial_taskflow_api.py took 0.234 seconds
[2026-02-11T17:02:46.335+0800] {processor.py:161} INFO - Started process (PID=16863) to work on /Users/linghuchong/miniconda3/envs/py310/lib/python3.10/site-packages/airflow/example_dags/tutorial_taskflow_api.py
[2026-02-11T17:02:46.338+0800] {processor.py:830} INFO - Processing file /Users/linghuchong/miniconda3/envs/py310/lib/python3.10/site-packages/airflow/example_dags/tutorial_taskflow_api.py for tasks to queue
[2026-02-11T17:02:46.339+0800] {logging_mixin.py:188} INFO - [2026-02-11T17:02:46.339+0800] {dagbag.py:540} INFO - Filling up the DagBag from /Users/linghuchong/miniconda3/envs/py310/lib/python3.10/site-packages/airflow/example_dags/tutorial_taskflow_api.py
[2026-02-11T17:02:46.374+0800] {processor.py:840} INFO - DAG(s) 'tutorial_taskflow_api' retrieved from /Users/linghuchong/miniconda3/envs/py310/lib/python3.10/site-packages/airflow/example_dags/tutorial_taskflow_api.py
[2026-02-11T17:02:46.585+0800] {logging_mixin.py:188} INFO - [2026-02-11T17:02:46.585+0800] {dag.py:3047} INFO - Sync 1 DAGs
[2026-02-11T17:02:46.596+0800] {logging_mixin.py:188} INFO - [2026-02-11T17:02:46.596+0800] {dag.py:3834} INFO - Setting next_dagrun for tutorial_taskflow_api to None, run_after=None
[2026-02-11T17:02:46.617+0800] {processor.py:183} INFO - Processing /Users/linghuchong/miniconda3/envs/py310/lib/python3.10/site-packages/airflow/example_dags/tutorial_taskflow_api.py took 0.283 seconds
[2026-02-11T17:06:13.111+0800] {processor.py:161} INFO - Started process (PID=16974) to work on /Users/linghuchong/miniconda3/envs/py310/lib/python3.10/site-packages/airflow/example_dags/tutorial_taskflow_api.py
[2026-02-11T17:06:13.112+0800] {processor.py:830} INFO - Processing file /Users/linghuchong/miniconda3/envs/py310/lib/python3.10/site-packages/airflow/example_dags/tutorial_taskflow_api.py for tasks to queue
[2026-02-11T17:06:13.113+0800] {logging_mixin.py:188} INFO - [2026-02-11T17:06:13.113+0800] {dagbag.py:540} INFO - Filling up the DagBag from /Users/linghuchong/miniconda3/envs/py310/lib/python3.10/site-packages/airflow/example_dags/tutorial_taskflow_api.py
[2026-02-11T17:06:13.155+0800] {processor.py:840} INFO - DAG(s) 'tutorial_taskflow_api' retrieved from /Users/linghuchong/miniconda3/envs/py310/lib/python3.10/site-packages/airflow/example_dags/tutorial_taskflow_api.py
[2026-02-11T17:06:13.293+0800] {logging_mixin.py:188} INFO - [2026-02-11T17:06:13.292+0800] {dag.py:3047} INFO - Sync 1 DAGs
[2026-02-11T17:06:13.304+0800] {logging_mixin.py:188} INFO - [2026-02-11T17:06:13.304+0800] {dag.py:3834} INFO - Setting next_dagrun for tutorial_taskflow_api to None, run_after=None
[2026-02-11T17:06:13.333+0800] {processor.py:183} INFO - Processing /Users/linghuchong/miniconda3/envs/py310/lib/python3.10/site-packages/airflow/example_dags/tutorial_taskflow_api.py took 0.223 seconds
[2026-02-11T17:14:48.895+0800] {processor.py:161} INFO - Started process (PID=17709) to work on /Users/linghuchong/miniconda3/envs/py310/lib/python3.10/site-packages/airflow/example_dags/tutorial_taskflow_api.py
[2026-02-11T17:14:48.897+0800] {processor.py:830} INFO - Processing file /Users/linghuchong/miniconda3/envs/py310/lib/python3.10/site-packages/airflow/example_dags/tutorial_taskflow_api.py for tasks to queue
[2026-02-11T17:14:48.898+0800] {logging_mixin.py:188} INFO - [2026-02-11T17:14:48.897+0800] {dagbag.py:540} INFO - Filling up the DagBag from /Users/linghuchong/miniconda3/envs/py310/lib/python3.10/site-packages/airflow/example_dags/tutorial_taskflow_api.py
[2026-02-11T17:14:48.945+0800] {processor.py:840} INFO - DAG(s) 'tutorial_taskflow_api' retrieved from /Users/linghuchong/miniconda3/envs/py310/lib/python3.10/site-packages/airflow/example_dags/tutorial_taskflow_api.py
[2026-02-11T17:14:49.475+0800] {logging_mixin.py:188} INFO - [2026-02-11T17:14:49.474+0800] {dag.py:3047} INFO - Sync 1 DAGs
[2026-02-11T17:14:49.492+0800] {logging_mixin.py:188} INFO - [2026-02-11T17:14:49.491+0800] {dag.py:3834} INFO - Setting next_dagrun for tutorial_taskflow_api to None, run_after=None
[2026-02-11T17:14:49.524+0800] {processor.py:183} INFO - Processing /Users/linghuchong/miniconda3/envs/py310/lib/python3.10/site-packages/airflow/example_dags/tutorial_taskflow_api.py took 0.630 seconds
[2026-02-11T17:18:28.862+0800] {processor.py:161} INFO - Started process (PID=17834) to work on /Users/linghuchong/miniconda3/envs/py310/lib/python3.10/site-packages/airflow/example_dags/tutorial_taskflow_api.py
[2026-02-11T17:18:28.865+0800] {processor.py:830} INFO - Processing file /Users/linghuchong/miniconda3/envs/py310/lib/python3.10/site-packages/airflow/example_dags/tutorial_taskflow_api.py for tasks to queue
[2026-02-11T17:18:28.866+0800] {logging_mixin.py:188} INFO - [2026-02-11T17:18:28.866+0800] {dagbag.py:540} INFO - Filling up the DagBag from /Users/linghuchong/miniconda3/envs/py310/lib/python3.10/site-packages/airflow/example_dags/tutorial_taskflow_api.py
[2026-02-11T17:18:28.902+0800] {processor.py:840} INFO - DAG(s) 'tutorial_taskflow_api' retrieved from /Users/linghuchong/miniconda3/envs/py310/lib/python3.10/site-packages/airflow/example_dags/tutorial_taskflow_api.py
[2026-02-11T17:18:29.020+0800] {logging_mixin.py:188} INFO - [2026-02-11T17:18:29.019+0800] {dag.py:3047} INFO - Sync 1 DAGs
[2026-02-11T17:18:29.029+0800] {logging_mixin.py:188} INFO - [2026-02-11T17:18:29.029+0800] {dag.py:3834} INFO - Setting next_dagrun for tutorial_taskflow_api to None, run_after=None
[2026-02-11T17:18:29.051+0800] {processor.py:183} INFO - Processing /Users/linghuchong/miniconda3/envs/py310/lib/python3.10/site-packages/airflow/example_dags/tutorial_taskflow_api.py took 0.189 seconds
[2026-02-11T17:21:14.241+0800] {processor.py:161} INFO - Started process (PID=17906) to work on /Users/linghuchong/miniconda3/envs/py310/lib/python3.10/site-packages/airflow/example_dags/tutorial_taskflow_api.py
[2026-02-11T17:21:14.242+0800] {processor.py:830} INFO - Processing file /Users/linghuchong/miniconda3/envs/py310/lib/python3.10/site-packages/airflow/example_dags/tutorial_taskflow_api.py for tasks to queue
[2026-02-11T17:21:14.243+0800] {logging_mixin.py:188} INFO - [2026-02-11T17:21:14.243+0800] {dagbag.py:540} INFO - Filling up the DagBag from /Users/linghuchong/miniconda3/envs/py310/lib/python3.10/site-packages/airflow/example_dags/tutorial_taskflow_api.py
[2026-02-11T17:21:14.277+0800] {processor.py:840} INFO - DAG(s) 'tutorial_taskflow_api' retrieved from /Users/linghuchong/miniconda3/envs/py310/lib/python3.10/site-packages/airflow/example_dags/tutorial_taskflow_api.py
[2026-02-11T17:21:14.391+0800] {logging_mixin.py:188} INFO - [2026-02-11T17:21:14.391+0800] {dag.py:3047} INFO - Sync 1 DAGs
[2026-02-11T17:21:14.401+0800] {logging_mixin.py:188} INFO - [2026-02-11T17:21:14.400+0800] {dag.py:3834} INFO - Setting next_dagrun for tutorial_taskflow_api to None, run_after=None
[2026-02-11T17:21:14.419+0800] {processor.py:183} INFO - Processing /Users/linghuchong/miniconda3/envs/py310/lib/python3.10/site-packages/airflow/example_dags/tutorial_taskflow_api.py took 0.180 seconds
[2026-02-11T17:24:00.091+0800] {processor.py:161} INFO - Started process (PID=18008) to work on /Users/linghuchong/miniconda3/envs/py310/lib/python3.10/site-packages/airflow/example_dags/tutorial_taskflow_api.py
[2026-02-11T17:24:00.094+0800] {processor.py:830} INFO - Processing file /Users/linghuchong/miniconda3/envs/py310/lib/python3.10/site-packages/airflow/example_dags/tutorial_taskflow_api.py for tasks to queue
[2026-02-11T17:24:00.096+0800] {logging_mixin.py:188} INFO - [2026-02-11T17:24:00.095+0800] {dagbag.py:540} INFO - Filling up the DagBag from /Users/linghuchong/miniconda3/envs/py310/lib/python3.10/site-packages/airflow/example_dags/tutorial_taskflow_api.py
[2026-02-11T17:24:00.130+0800] {processor.py:840} INFO - DAG(s) 'tutorial_taskflow_api' retrieved from /Users/linghuchong/miniconda3/envs/py310/lib/python3.10/site-packages/airflow/example_dags/tutorial_taskflow_api.py
[2026-02-11T17:24:00.240+0800] {logging_mixin.py:188} INFO - [2026-02-11T17:24:00.240+0800] {dag.py:3047} INFO - Sync 1 DAGs
[2026-02-11T17:24:00.250+0800] {logging_mixin.py:188} INFO - [2026-02-11T17:24:00.250+0800] {dag.py:3834} INFO - Setting next_dagrun for tutorial_taskflow_api to None, run_after=None
[2026-02-11T17:24:00.272+0800] {processor.py:183} INFO - Processing /Users/linghuchong/miniconda3/envs/py310/lib/python3.10/site-packages/airflow/example_dags/tutorial_taskflow_api.py took 0.181 seconds
[2026-02-11T17:26:40.555+0800] {processor.py:161} INFO - Started process (PID=18086) to work on /Users/linghuchong/miniconda3/envs/py310/lib/python3.10/site-packages/airflow/example_dags/tutorial_taskflow_api.py
[2026-02-11T17:26:40.557+0800] {processor.py:830} INFO - Processing file /Users/linghuchong/miniconda3/envs/py310/lib/python3.10/site-packages/airflow/example_dags/tutorial_taskflow_api.py for tasks to queue
[2026-02-11T17:26:40.559+0800] {logging_mixin.py:188} INFO - [2026-02-11T17:26:40.558+0800] {dagbag.py:540} INFO - Filling up the DagBag from /Users/linghuchong/miniconda3/envs/py310/lib/python3.10/site-packages/airflow/example_dags/tutorial_taskflow_api.py
[2026-02-11T17:26:40.591+0800] {processor.py:840} INFO - DAG(s) 'tutorial_taskflow_api' retrieved from /Users/linghuchong/miniconda3/envs/py310/lib/python3.10/site-packages/airflow/example_dags/tutorial_taskflow_api.py
[2026-02-11T17:26:40.705+0800] {logging_mixin.py:188} INFO - [2026-02-11T17:26:40.704+0800] {dag.py:3047} INFO - Sync 1 DAGs
[2026-02-11T17:26:40.715+0800] {logging_mixin.py:188} INFO - [2026-02-11T17:26:40.715+0800] {dag.py:3834} INFO - Setting next_dagrun for tutorial_taskflow_api to None, run_after=None
[2026-02-11T17:26:40.735+0800] {processor.py:183} INFO - Processing /Users/linghuchong/miniconda3/envs/py310/lib/python3.10/site-packages/airflow/example_dags/tutorial_taskflow_api.py took 0.181 seconds
[2026-02-11T17:29:26.067+0800] {processor.py:161} INFO - Started process (PID=18187) to work on /Users/linghuchong/miniconda3/envs/py310/lib/python3.10/site-packages/airflow/example_dags/tutorial_taskflow_api.py
[2026-02-11T17:29:26.070+0800] {processor.py:830} INFO - Processing file /Users/linghuchong/miniconda3/envs/py310/lib/python3.10/site-packages/airflow/example_dags/tutorial_taskflow_api.py for tasks to queue
[2026-02-11T17:29:26.071+0800] {logging_mixin.py:188} INFO - [2026-02-11T17:29:26.071+0800] {dagbag.py:540} INFO - Filling up the DagBag from /Users/linghuchong/miniconda3/envs/py310/lib/python3.10/site-packages/airflow/example_dags/tutorial_taskflow_api.py
[2026-02-11T17:29:26.104+0800] {processor.py:840} INFO - DAG(s) 'tutorial_taskflow_api' retrieved from /Users/linghuchong/miniconda3/envs/py310/lib/python3.10/site-packages/airflow/example_dags/tutorial_taskflow_api.py
[2026-02-11T17:29:26.221+0800] {logging_mixin.py:188} INFO - [2026-02-11T17:29:26.220+0800] {dag.py:3047} INFO - Sync 1 DAGs
[2026-02-11T17:29:26.231+0800] {logging_mixin.py:188} INFO - [2026-02-11T17:29:26.230+0800] {dag.py:3834} INFO - Setting next_dagrun for tutorial_taskflow_api to None, run_after=None
[2026-02-11T17:29:26.272+0800] {processor.py:183} INFO - Processing /Users/linghuchong/miniconda3/envs/py310/lib/python3.10/site-packages/airflow/example_dags/tutorial_taskflow_api.py took 0.205 seconds
[2026-02-11T17:32:28.294+0800] {processor.py:161} INFO - Started process (PID=18290) to work on /Users/linghuchong/miniconda3/envs/py310/lib/python3.10/site-packages/airflow/example_dags/tutorial_taskflow_api.py
[2026-02-11T17:32:28.297+0800] {processor.py:830} INFO - Processing file /Users/linghuchong/miniconda3/envs/py310/lib/python3.10/site-packages/airflow/example_dags/tutorial_taskflow_api.py for tasks to queue
[2026-02-11T17:32:28.298+0800] {logging_mixin.py:188} INFO - [2026-02-11T17:32:28.297+0800] {dagbag.py:540} INFO - Filling up the DagBag from /Users/linghuchong/miniconda3/envs/py310/lib/python3.10/site-packages/airflow/example_dags/tutorial_taskflow_api.py
[2026-02-11T17:32:28.336+0800] {processor.py:840} INFO - DAG(s) 'tutorial_taskflow_api' retrieved from /Users/linghuchong/miniconda3/envs/py310/lib/python3.10/site-packages/airflow/example_dags/tutorial_taskflow_api.py
[2026-02-11T17:32:28.463+0800] {logging_mixin.py:188} INFO - [2026-02-11T17:32:28.462+0800] {dag.py:3047} INFO - Sync 1 DAGs
[2026-02-11T17:32:28.473+0800] {logging_mixin.py:188} INFO - [2026-02-11T17:32:28.473+0800] {dag.py:3834} INFO - Setting next_dagrun for tutorial_taskflow_api to None, run_after=None
[2026-02-11T17:32:28.495+0800] {processor.py:183} INFO - Processing /Users/linghuchong/miniconda3/envs/py310/lib/python3.10/site-packages/airflow/example_dags/tutorial_taskflow_api.py took 0.202 seconds
[2026-02-11T17:35:29.686+0800] {processor.py:161} INFO - Started process (PID=18400) to work on /Users/linghuchong/miniconda3/envs/py310/lib/python3.10/site-packages/airflow/example_dags/tutorial_taskflow_api.py
[2026-02-11T17:35:29.689+0800] {processor.py:830} INFO - Processing file /Users/linghuchong/miniconda3/envs/py310/lib/python3.10/site-packages/airflow/example_dags/tutorial_taskflow_api.py for tasks to queue
[2026-02-11T17:35:29.691+0800] {logging_mixin.py:188} INFO - [2026-02-11T17:35:29.690+0800] {dagbag.py:540} INFO - Filling up the DagBag from /Users/linghuchong/miniconda3/envs/py310/lib/python3.10/site-packages/airflow/example_dags/tutorial_taskflow_api.py
[2026-02-11T17:35:29.728+0800] {processor.py:840} INFO - DAG(s) 'tutorial_taskflow_api' retrieved from /Users/linghuchong/miniconda3/envs/py310/lib/python3.10/site-packages/airflow/example_dags/tutorial_taskflow_api.py
[2026-02-11T17:35:29.861+0800] {logging_mixin.py:188} INFO - [2026-02-11T17:35:29.860+0800] {dag.py:3047} INFO - Sync 1 DAGs
[2026-02-11T17:35:29.872+0800] {logging_mixin.py:188} INFO - [2026-02-11T17:35:29.871+0800] {dag.py:3834} INFO - Setting next_dagrun for tutorial_taskflow_api to None, run_after=None
[2026-02-11T17:35:29.895+0800] {processor.py:183} INFO - Processing /Users/linghuchong/miniconda3/envs/py310/lib/python3.10/site-packages/airflow/example_dags/tutorial_taskflow_api.py took 0.209 seconds
[2026-02-11T17:38:34.818+0800] {processor.py:161} INFO - Started process (PID=18612) to work on /Users/linghuchong/miniconda3/envs/py310/lib/python3.10/site-packages/airflow/example_dags/tutorial_taskflow_api.py
[2026-02-11T17:38:34.820+0800] {processor.py:830} INFO - Processing file /Users/linghuchong/miniconda3/envs/py310/lib/python3.10/site-packages/airflow/example_dags/tutorial_taskflow_api.py for tasks to queue
[2026-02-11T17:38:34.821+0800] {logging_mixin.py:188} INFO - [2026-02-11T17:38:34.820+0800] {dagbag.py:540} INFO - Filling up the DagBag from /Users/linghuchong/miniconda3/envs/py310/lib/python3.10/site-packages/airflow/example_dags/tutorial_taskflow_api.py
[2026-02-11T17:38:34.857+0800] {processor.py:840} INFO - DAG(s) 'tutorial_taskflow_api' retrieved from /Users/linghuchong/miniconda3/envs/py310/lib/python3.10/site-packages/airflow/example_dags/tutorial_taskflow_api.py
[2026-02-11T17:38:34.981+0800] {logging_mixin.py:188} INFO - [2026-02-11T17:38:34.980+0800] {dag.py:3047} INFO - Sync 1 DAGs
[2026-02-11T17:38:34.990+0800] {logging_mixin.py:188} INFO - [2026-02-11T17:38:34.990+0800] {dag.py:3834} INFO - Setting next_dagrun for tutorial_taskflow_api to None, run_after=None
[2026-02-11T17:38:35.015+0800] {processor.py:183} INFO - Processing /Users/linghuchong/miniconda3/envs/py310/lib/python3.10/site-packages/airflow/example_dags/tutorial_taskflow_api.py took 0.197 seconds
[2026-02-11T17:41:42.770+0800] {processor.py:161} INFO - Started process (PID=18963) to work on /Users/linghuchong/miniconda3/envs/py310/lib/python3.10/site-packages/airflow/example_dags/tutorial_taskflow_api.py
[2026-02-11T17:41:42.772+0800] {processor.py:830} INFO - Processing file /Users/linghuchong/miniconda3/envs/py310/lib/python3.10/site-packages/airflow/example_dags/tutorial_taskflow_api.py for tasks to queue
[2026-02-11T17:41:42.773+0800] {logging_mixin.py:188} INFO - [2026-02-11T17:41:42.773+0800] {dagbag.py:540} INFO - Filling up the DagBag from /Users/linghuchong/miniconda3/envs/py310/lib/python3.10/site-packages/airflow/example_dags/tutorial_taskflow_api.py
[2026-02-11T17:41:42.811+0800] {processor.py:840} INFO - DAG(s) 'tutorial_taskflow_api' retrieved from /Users/linghuchong/miniconda3/envs/py310/lib/python3.10/site-packages/airflow/example_dags/tutorial_taskflow_api.py
[2026-02-11T17:41:42.933+0800] {logging_mixin.py:188} INFO - [2026-02-11T17:41:42.932+0800] {dag.py:3047} INFO - Sync 1 DAGs
[2026-02-11T17:41:42.943+0800] {logging_mixin.py:188} INFO - [2026-02-11T17:41:42.943+0800] {dag.py:3834} INFO - Setting next_dagrun for tutorial_taskflow_api to None, run_after=None
[2026-02-11T17:41:42.966+0800] {processor.py:183} INFO - Processing /Users/linghuchong/miniconda3/envs/py310/lib/python3.10/site-packages/airflow/example_dags/tutorial_taskflow_api.py took 0.197 seconds
[2026-02-11T17:44:51.735+0800] {processor.py:161} INFO - Started process (PID=19595) to work on /Users/linghuchong/miniconda3/envs/py310/lib/python3.10/site-packages/airflow/example_dags/tutorial_taskflow_api.py
[2026-02-11T17:44:51.736+0800] {processor.py:830} INFO - Processing file /Users/linghuchong/miniconda3/envs/py310/lib/python3.10/site-packages/airflow/example_dags/tutorial_taskflow_api.py for tasks to queue
[2026-02-11T17:44:51.737+0800] {logging_mixin.py:188} INFO - [2026-02-11T17:44:51.737+0800] {dagbag.py:540} INFO - Filling up the DagBag from /Users/linghuchong/miniconda3/envs/py310/lib/python3.10/site-packages/airflow/example_dags/tutorial_taskflow_api.py
[2026-02-11T17:44:51.775+0800] {processor.py:840} INFO - DAG(s) 'tutorial_taskflow_api' retrieved from /Users/linghuchong/miniconda3/envs/py310/lib/python3.10/site-packages/airflow/example_dags/tutorial_taskflow_api.py
[2026-02-11T17:44:51.908+0800] {logging_mixin.py:188} INFO - [2026-02-11T17:44:51.908+0800] {dag.py:3047} INFO - Sync 1 DAGs
[2026-02-11T17:44:51.918+0800] {logging_mixin.py:188} INFO - [2026-02-11T17:44:51.918+0800] {dag.py:3834} INFO - Setting next_dagrun for tutorial_taskflow_api to None, run_after=None
[2026-02-11T17:44:51.938+0800] {processor.py:183} INFO - Processing /Users/linghuchong/miniconda3/envs/py310/lib/python3.10/site-packages/airflow/example_dags/tutorial_taskflow_api.py took 0.205 seconds
[2026-02-11T17:47:55.070+0800] {processor.py:161} INFO - Started process (PID=19769) to work on /Users/linghuchong/miniconda3/envs/py310/lib/python3.10/site-packages/airflow/example_dags/tutorial_taskflow_api.py
[2026-02-11T17:47:55.073+0800] {processor.py:830} INFO - Processing file /Users/linghuchong/miniconda3/envs/py310/lib/python3.10/site-packages/airflow/example_dags/tutorial_taskflow_api.py for tasks to queue
[2026-02-11T17:47:55.074+0800] {logging_mixin.py:188} INFO - [2026-02-11T17:47:55.074+0800] {dagbag.py:540} INFO - Filling up the DagBag from /Users/linghuchong/miniconda3/envs/py310/lib/python3.10/site-packages/airflow/example_dags/tutorial_taskflow_api.py
[2026-02-11T17:47:55.110+0800] {processor.py:840} INFO - DAG(s) 'tutorial_taskflow_api' retrieved from /Users/linghuchong/miniconda3/envs/py310/lib/python3.10/site-packages/airflow/example_dags/tutorial_taskflow_api.py
[2026-02-11T17:47:55.231+0800] {logging_mixin.py:188} INFO - [2026-02-11T17:47:55.231+0800] {dag.py:3047} INFO - Sync 1 DAGs
[2026-02-11T17:47:55.241+0800] {logging_mixin.py:188} INFO - [2026-02-11T17:47:55.241+0800] {dag.py:3834} INFO - Setting next_dagrun for tutorial_taskflow_api to None, run_after=None
[2026-02-11T17:47:55.262+0800] {processor.py:183} INFO - Processing /Users/linghuchong/miniconda3/envs/py310/lib/python3.10/site-packages/airflow/example_dags/tutorial_taskflow_api.py took 0.193 seconds
[2026-02-11T17:50:59.926+0800] {processor.py:161} INFO - Started process (PID=19863) to work on /Users/linghuchong/miniconda3/envs/py310/lib/python3.10/site-packages/airflow/example_dags/tutorial_taskflow_api.py
[2026-02-11T17:50:59.928+0800] {processor.py:830} INFO - Processing file /Users/linghuchong/miniconda3/envs/py310/lib/python3.10/site-packages/airflow/example_dags/tutorial_taskflow_api.py for tasks to queue
[2026-02-11T17:50:59.930+0800] {logging_mixin.py:188} INFO - [2026-02-11T17:50:59.929+0800] {dagbag.py:540} INFO - Filling up the DagBag from /Users/linghuchong/miniconda3/envs/py310/lib/python3.10/site-packages/airflow/example_dags/tutorial_taskflow_api.py
[2026-02-11T17:50:59.964+0800] {processor.py:840} INFO - DAG(s) 'tutorial_taskflow_api' retrieved from /Users/linghuchong/miniconda3/envs/py310/lib/python3.10/site-packages/airflow/example_dags/tutorial_taskflow_api.py
[2026-02-11T17:51:00.087+0800] {logging_mixin.py:188} INFO - [2026-02-11T17:51:00.087+0800] {dag.py:3047} INFO - Sync 1 DAGs
[2026-02-11T17:51:00.098+0800] {logging_mixin.py:188} INFO - [2026-02-11T17:51:00.098+0800] {dag.py:3834} INFO - Setting next_dagrun for tutorial_taskflow_api to None, run_after=None
[2026-02-11T17:51:00.117+0800] {processor.py:183} INFO - Processing /Users/linghuchong/miniconda3/envs/py310/lib/python3.10/site-packages/airflow/example_dags/tutorial_taskflow_api.py took 0.192 seconds
[2026-02-11T17:54:06.755+0800] {processor.py:161} INFO - Started process (PID=19998) to work on /Users/linghuchong/miniconda3/envs/py310/lib/python3.10/site-packages/airflow/example_dags/tutorial_taskflow_api.py
[2026-02-11T17:54:06.757+0800] {processor.py:830} INFO - Processing file /Users/linghuchong/miniconda3/envs/py310/lib/python3.10/site-packages/airflow/example_dags/tutorial_taskflow_api.py for tasks to queue
[2026-02-11T17:54:06.758+0800] {logging_mixin.py:188} INFO - [2026-02-11T17:54:06.758+0800] {dagbag.py:540} INFO - Filling up the DagBag from /Users/linghuchong/miniconda3/envs/py310/lib/python3.10/site-packages/airflow/example_dags/tutorial_taskflow_api.py
[2026-02-11T17:54:06.795+0800] {processor.py:840} INFO - DAG(s) 'tutorial_taskflow_api' retrieved from /Users/linghuchong/miniconda3/envs/py310/lib/python3.10/site-packages/airflow/example_dags/tutorial_taskflow_api.py
[2026-02-11T17:54:06.921+0800] {logging_mixin.py:188} INFO - [2026-02-11T17:54:06.920+0800] {dag.py:3047} INFO - Sync 1 DAGs
[2026-02-11T17:54:06.930+0800] {logging_mixin.py:188} INFO - [2026-02-11T17:54:06.930+0800] {dag.py:3834} INFO - Setting next_dagrun for tutorial_taskflow_api to None, run_after=None
[2026-02-11T17:54:06.952+0800] {processor.py:183} INFO - Processing /Users/linghuchong/miniconda3/envs/py310/lib/python3.10/site-packages/airflow/example_dags/tutorial_taskflow_api.py took 0.198 seconds
[2026-02-11T17:57:12.313+0800] {processor.py:161} INFO - Started process (PID=20090) to work on /Users/linghuchong/miniconda3/envs/py310/lib/python3.10/site-packages/airflow/example_dags/tutorial_taskflow_api.py
[2026-02-11T17:57:12.315+0800] {processor.py:830} INFO - Processing file /Users/linghuchong/miniconda3/envs/py310/lib/python3.10/site-packages/airflow/example_dags/tutorial_taskflow_api.py for tasks to queue
[2026-02-11T17:57:12.315+0800] {logging_mixin.py:188} INFO - [2026-02-11T17:57:12.315+0800] {dagbag.py:540} INFO - Filling up the DagBag from /Users/linghuchong/miniconda3/envs/py310/lib/python3.10/site-packages/airflow/example_dags/tutorial_taskflow_api.py
[2026-02-11T17:57:12.352+0800] {processor.py:840} INFO - DAG(s) 'tutorial_taskflow_api' retrieved from /Users/linghuchong/miniconda3/envs/py310/lib/python3.10/site-packages/airflow/example_dags/tutorial_taskflow_api.py
[2026-02-11T17:57:12.475+0800] {logging_mixin.py:188} INFO - [2026-02-11T17:57:12.475+0800] {dag.py:3047} INFO - Sync 1 DAGs
[2026-02-11T17:57:12.485+0800] {logging_mixin.py:188} INFO - [2026-02-11T17:57:12.485+0800] {dag.py:3834} INFO - Setting next_dagrun for tutorial_taskflow_api to None, run_after=None
[2026-02-11T17:57:12.508+0800] {processor.py:183} INFO - Processing /Users/linghuchong/miniconda3/envs/py310/lib/python3.10/site-packages/airflow/example_dags/tutorial_taskflow_api.py took 0.196 seconds
[2026-02-11T18:00:24.791+0800] {processor.py:161} INFO - Started process (PID=20263) to work on /Users/linghuchong/miniconda3/envs/py310/lib/python3.10/site-packages/airflow/example_dags/tutorial_taskflow_api.py
[2026-02-11T18:00:24.792+0800] {processor.py:830} INFO - Processing file /Users/linghuchong/miniconda3/envs/py310/lib/python3.10/site-packages/airflow/example_dags/tutorial_taskflow_api.py for tasks to queue
[2026-02-11T18:00:24.793+0800] {logging_mixin.py:188} INFO - [2026-02-11T18:00:24.793+0800] {dagbag.py:540} INFO - Filling up the DagBag from /Users/linghuchong/miniconda3/envs/py310/lib/python3.10/site-packages/airflow/example_dags/tutorial_taskflow_api.py
[2026-02-11T18:00:24.832+0800] {processor.py:840} INFO - DAG(s) 'tutorial_taskflow_api' retrieved from /Users/linghuchong/miniconda3/envs/py310/lib/python3.10/site-packages/airflow/example_dags/tutorial_taskflow_api.py
[2026-02-11T18:00:25.083+0800] {logging_mixin.py:188} INFO - [2026-02-11T18:00:25.082+0800] {dag.py:3047} INFO - Sync 1 DAGs
[2026-02-11T18:00:25.093+0800] {logging_mixin.py:188} INFO - [2026-02-11T18:00:25.092+0800] {dag.py:3834} INFO - Setting next_dagrun for tutorial_taskflow_api to None, run_after=None
[2026-02-11T18:00:25.123+0800] {processor.py:183} INFO - Processing /Users/linghuchong/miniconda3/envs/py310/lib/python3.10/site-packages/airflow/example_dags/tutorial_taskflow_api.py took 0.333 seconds
