[2026-02-11T12:16:19.974+0800] {processor.py:161} INFO - Started process (PID=8102) to work on /Users/linghuchong/miniconda3/envs/py310/lib/python3.10/site-packages/airflow/example_dags/tutorial_dag.py
[2026-02-11T12:16:19.975+0800] {processor.py:830} INFO - Processing file /Users/linghuchong/miniconda3/envs/py310/lib/python3.10/site-packages/airflow/example_dags/tutorial_dag.py for tasks to queue
[2026-02-11T12:16:19.976+0800] {logging_mixin.py:188} INFO - [2026-02-11T12:16:19.975+0800] {dagbag.py:540} INFO - Filling up the DagBag from /Users/linghuchong/miniconda3/envs/py310/lib/python3.10/site-packages/airflow/example_dags/tutorial_dag.py
[2026-02-11T12:16:20.003+0800] {processor.py:840} INFO - DAG(s) 'tutorial_dag' retrieved from /Users/linghuchong/miniconda3/envs/py310/lib/python3.10/site-packages/airflow/example_dags/tutorial_dag.py
[2026-02-11T12:16:20.233+0800] {logging_mixin.py:188} INFO - [2026-02-11T12:16:20.232+0800] {override.py:1769} INFO - Created Permission View: can read on DAG:tutorial_dag
[2026-02-11T12:16:20.245+0800] {logging_mixin.py:188} INFO - [2026-02-11T12:16:20.244+0800] {override.py:1769} INFO - Created Permission View: can delete on DAG:tutorial_dag
[2026-02-11T12:16:20.251+0800] {logging_mixin.py:188} INFO - [2026-02-11T12:16:20.251+0800] {override.py:1769} INFO - Created Permission View: can edit on DAG:tutorial_dag
[2026-02-11T12:16:20.251+0800] {logging_mixin.py:188} INFO - [2026-02-11T12:16:20.251+0800] {dag.py:3047} INFO - Sync 1 DAGs
[2026-02-11T12:16:20.262+0800] {logging_mixin.py:188} INFO - [2026-02-11T12:16:20.262+0800] {dag.py:3069} INFO - Creating ORM DAG for tutorial_dag
[2026-02-11T12:16:20.263+0800] {logging_mixin.py:188} INFO - [2026-02-11T12:16:20.263+0800] {dag.py:3834} INFO - Setting next_dagrun for tutorial_dag to None, run_after=None
[2026-02-11T12:16:20.282+0800] {processor.py:183} INFO - Processing /Users/linghuchong/miniconda3/envs/py310/lib/python3.10/site-packages/airflow/example_dags/tutorial_dag.py took 0.309 seconds
[2026-02-11T12:20:56.800+0800] {processor.py:161} INFO - Started process (PID=8290) to work on /Users/linghuchong/miniconda3/envs/py310/lib/python3.10/site-packages/airflow/example_dags/tutorial_dag.py
[2026-02-11T12:20:56.803+0800] {processor.py:830} INFO - Processing file /Users/linghuchong/miniconda3/envs/py310/lib/python3.10/site-packages/airflow/example_dags/tutorial_dag.py for tasks to queue
[2026-02-11T12:20:56.803+0800] {logging_mixin.py:188} INFO - [2026-02-11T12:20:56.803+0800] {dagbag.py:540} INFO - Filling up the DagBag from /Users/linghuchong/miniconda3/envs/py310/lib/python3.10/site-packages/airflow/example_dags/tutorial_dag.py
[2026-02-11T12:20:56.837+0800] {processor.py:840} INFO - DAG(s) 'tutorial_dag' retrieved from /Users/linghuchong/miniconda3/envs/py310/lib/python3.10/site-packages/airflow/example_dags/tutorial_dag.py
[2026-02-11T12:20:56.960+0800] {logging_mixin.py:188} INFO - [2026-02-11T12:20:56.960+0800] {dag.py:3047} INFO - Sync 1 DAGs
[2026-02-11T12:20:56.971+0800] {logging_mixin.py:188} INFO - [2026-02-11T12:20:56.971+0800] {dag.py:3834} INFO - Setting next_dagrun for tutorial_dag to None, run_after=None
[2026-02-11T12:20:56.991+0800] {processor.py:183} INFO - Processing /Users/linghuchong/miniconda3/envs/py310/lib/python3.10/site-packages/airflow/example_dags/tutorial_dag.py took 0.192 seconds
[2026-02-11T12:23:40.144+0800] {processor.py:161} INFO - Started process (PID=8399) to work on /Users/linghuchong/miniconda3/envs/py310/lib/python3.10/site-packages/airflow/example_dags/tutorial_dag.py
[2026-02-11T12:23:40.147+0800] {processor.py:830} INFO - Processing file /Users/linghuchong/miniconda3/envs/py310/lib/python3.10/site-packages/airflow/example_dags/tutorial_dag.py for tasks to queue
[2026-02-11T12:23:40.148+0800] {logging_mixin.py:188} INFO - [2026-02-11T12:23:40.148+0800] {dagbag.py:540} INFO - Filling up the DagBag from /Users/linghuchong/miniconda3/envs/py310/lib/python3.10/site-packages/airflow/example_dags/tutorial_dag.py
[2026-02-11T12:23:40.173+0800] {processor.py:840} INFO - DAG(s) 'tutorial_dag' retrieved from /Users/linghuchong/miniconda3/envs/py310/lib/python3.10/site-packages/airflow/example_dags/tutorial_dag.py
[2026-02-11T12:23:40.286+0800] {logging_mixin.py:188} INFO - [2026-02-11T12:23:40.286+0800] {dag.py:3047} INFO - Sync 1 DAGs
[2026-02-11T12:23:40.296+0800] {logging_mixin.py:188} INFO - [2026-02-11T12:23:40.296+0800] {dag.py:3834} INFO - Setting next_dagrun for tutorial_dag to None, run_after=None
[2026-02-11T12:23:40.315+0800] {processor.py:183} INFO - Processing /Users/linghuchong/miniconda3/envs/py310/lib/python3.10/site-packages/airflow/example_dags/tutorial_dag.py took 0.172 seconds
[2026-02-11T12:26:20.382+0800] {processor.py:161} INFO - Started process (PID=8461) to work on /Users/linghuchong/miniconda3/envs/py310/lib/python3.10/site-packages/airflow/example_dags/tutorial_dag.py
[2026-02-11T12:26:20.383+0800] {processor.py:830} INFO - Processing file /Users/linghuchong/miniconda3/envs/py310/lib/python3.10/site-packages/airflow/example_dags/tutorial_dag.py for tasks to queue
[2026-02-11T12:26:20.384+0800] {logging_mixin.py:188} INFO - [2026-02-11T12:26:20.384+0800] {dagbag.py:540} INFO - Filling up the DagBag from /Users/linghuchong/miniconda3/envs/py310/lib/python3.10/site-packages/airflow/example_dags/tutorial_dag.py
[2026-02-11T12:26:20.407+0800] {processor.py:840} INFO - DAG(s) 'tutorial_dag' retrieved from /Users/linghuchong/miniconda3/envs/py310/lib/python3.10/site-packages/airflow/example_dags/tutorial_dag.py
[2026-02-11T12:26:20.517+0800] {logging_mixin.py:188} INFO - [2026-02-11T12:26:20.516+0800] {dag.py:3047} INFO - Sync 1 DAGs
[2026-02-11T12:26:20.526+0800] {logging_mixin.py:188} INFO - [2026-02-11T12:26:20.526+0800] {dag.py:3834} INFO - Setting next_dagrun for tutorial_dag to None, run_after=None
[2026-02-11T12:26:20.545+0800] {processor.py:183} INFO - Processing /Users/linghuchong/miniconda3/envs/py310/lib/python3.10/site-packages/airflow/example_dags/tutorial_dag.py took 0.164 seconds
[2026-02-11T12:28:45.373+0800] {processor.py:161} INFO - Started process (PID=8521) to work on /Users/linghuchong/miniconda3/envs/py310/lib/python3.10/site-packages/airflow/example_dags/tutorial_dag.py
[2026-02-11T12:28:45.376+0800] {processor.py:830} INFO - Processing file /Users/linghuchong/miniconda3/envs/py310/lib/python3.10/site-packages/airflow/example_dags/tutorial_dag.py for tasks to queue
[2026-02-11T12:28:45.377+0800] {logging_mixin.py:188} INFO - [2026-02-11T12:28:45.377+0800] {dagbag.py:540} INFO - Filling up the DagBag from /Users/linghuchong/miniconda3/envs/py310/lib/python3.10/site-packages/airflow/example_dags/tutorial_dag.py
[2026-02-11T12:28:45.400+0800] {processor.py:840} INFO - DAG(s) 'tutorial_dag' retrieved from /Users/linghuchong/miniconda3/envs/py310/lib/python3.10/site-packages/airflow/example_dags/tutorial_dag.py
[2026-02-11T12:28:45.507+0800] {logging_mixin.py:188} INFO - [2026-02-11T12:28:45.507+0800] {dag.py:3047} INFO - Sync 1 DAGs
[2026-02-11T12:28:45.516+0800] {logging_mixin.py:188} INFO - [2026-02-11T12:28:45.516+0800] {dag.py:3834} INFO - Setting next_dagrun for tutorial_dag to None, run_after=None
[2026-02-11T12:28:45.536+0800] {processor.py:183} INFO - Processing /Users/linghuchong/miniconda3/envs/py310/lib/python3.10/site-packages/airflow/example_dags/tutorial_dag.py took 0.164 seconds
[2026-02-11T13:09:48.677+0800] {processor.py:161} INFO - Started process (PID=8638) to work on /Users/linghuchong/miniconda3/envs/py310/lib/python3.10/site-packages/airflow/example_dags/tutorial_dag.py
[2026-02-11T13:09:48.679+0800] {processor.py:830} INFO - Processing file /Users/linghuchong/miniconda3/envs/py310/lib/python3.10/site-packages/airflow/example_dags/tutorial_dag.py for tasks to queue
[2026-02-11T13:09:48.679+0800] {logging_mixin.py:188} INFO - [2026-02-11T13:09:48.679+0800] {dagbag.py:540} INFO - Filling up the DagBag from /Users/linghuchong/miniconda3/envs/py310/lib/python3.10/site-packages/airflow/example_dags/tutorial_dag.py
[2026-02-11T13:09:48.707+0800] {processor.py:840} INFO - DAG(s) 'tutorial_dag' retrieved from /Users/linghuchong/miniconda3/envs/py310/lib/python3.10/site-packages/airflow/example_dags/tutorial_dag.py
[2026-02-11T13:09:48.850+0800] {logging_mixin.py:188} INFO - [2026-02-11T13:09:48.849+0800] {dag.py:3047} INFO - Sync 1 DAGs
[2026-02-11T13:09:48.863+0800] {logging_mixin.py:188} INFO - [2026-02-11T13:09:48.863+0800] {dag.py:3834} INFO - Setting next_dagrun for tutorial_dag to None, run_after=None
[2026-02-11T13:09:48.889+0800] {processor.py:183} INFO - Processing /Users/linghuchong/miniconda3/envs/py310/lib/python3.10/site-packages/airflow/example_dags/tutorial_dag.py took 0.213 seconds
[2026-02-11T13:12:33.993+0800] {processor.py:161} INFO - Started process (PID=8703) to work on /Users/linghuchong/miniconda3/envs/py310/lib/python3.10/site-packages/airflow/example_dags/tutorial_dag.py
[2026-02-11T13:12:33.995+0800] {processor.py:830} INFO - Processing file /Users/linghuchong/miniconda3/envs/py310/lib/python3.10/site-packages/airflow/example_dags/tutorial_dag.py for tasks to queue
[2026-02-11T13:12:33.997+0800] {logging_mixin.py:188} INFO - [2026-02-11T13:12:33.996+0800] {dagbag.py:540} INFO - Filling up the DagBag from /Users/linghuchong/miniconda3/envs/py310/lib/python3.10/site-packages/airflow/example_dags/tutorial_dag.py
[2026-02-11T13:12:34.026+0800] {processor.py:840} INFO - DAG(s) 'tutorial_dag' retrieved from /Users/linghuchong/miniconda3/envs/py310/lib/python3.10/site-packages/airflow/example_dags/tutorial_dag.py
[2026-02-11T13:12:34.155+0800] {logging_mixin.py:188} INFO - [2026-02-11T13:12:34.154+0800] {dag.py:3047} INFO - Sync 1 DAGs
[2026-02-11T13:12:34.164+0800] {logging_mixin.py:188} INFO - [2026-02-11T13:12:34.164+0800] {dag.py:3834} INFO - Setting next_dagrun for tutorial_dag to None, run_after=None
[2026-02-11T13:12:34.183+0800] {processor.py:183} INFO - Processing /Users/linghuchong/miniconda3/envs/py310/lib/python3.10/site-packages/airflow/example_dags/tutorial_dag.py took 0.191 seconds
[2026-02-11T13:19:24.938+0800] {processor.py:161} INFO - Started process (PID=9069) to work on /Users/linghuchong/miniconda3/envs/py310/lib/python3.10/site-packages/airflow/example_dags/tutorial_dag.py
[2026-02-11T13:19:24.941+0800] {processor.py:830} INFO - Processing file /Users/linghuchong/miniconda3/envs/py310/lib/python3.10/site-packages/airflow/example_dags/tutorial_dag.py for tasks to queue
[2026-02-11T13:19:24.942+0800] {logging_mixin.py:188} INFO - [2026-02-11T13:19:24.942+0800] {dagbag.py:540} INFO - Filling up the DagBag from /Users/linghuchong/miniconda3/envs/py310/lib/python3.10/site-packages/airflow/example_dags/tutorial_dag.py
[2026-02-11T13:19:24.968+0800] {processor.py:840} INFO - DAG(s) 'tutorial_dag' retrieved from /Users/linghuchong/miniconda3/envs/py310/lib/python3.10/site-packages/airflow/example_dags/tutorial_dag.py
[2026-02-11T13:19:25.107+0800] {logging_mixin.py:188} INFO - [2026-02-11T13:19:25.106+0800] {dag.py:3047} INFO - Sync 1 DAGs
[2026-02-11T13:19:25.118+0800] {logging_mixin.py:188} INFO - [2026-02-11T13:19:25.118+0800] {dag.py:3834} INFO - Setting next_dagrun for tutorial_dag to None, run_after=None
[2026-02-11T13:19:25.137+0800] {processor.py:183} INFO - Processing /Users/linghuchong/miniconda3/envs/py310/lib/python3.10/site-packages/airflow/example_dags/tutorial_dag.py took 0.200 seconds
[2026-02-11T13:23:16.930+0800] {processor.py:161} INFO - Started process (PID=9211) to work on /Users/linghuchong/miniconda3/envs/py310/lib/python3.10/site-packages/airflow/example_dags/tutorial_dag.py
[2026-02-11T13:23:16.933+0800] {processor.py:830} INFO - Processing file /Users/linghuchong/miniconda3/envs/py310/lib/python3.10/site-packages/airflow/example_dags/tutorial_dag.py for tasks to queue
[2026-02-11T13:23:16.934+0800] {logging_mixin.py:188} INFO - [2026-02-11T13:23:16.934+0800] {dagbag.py:540} INFO - Filling up the DagBag from /Users/linghuchong/miniconda3/envs/py310/lib/python3.10/site-packages/airflow/example_dags/tutorial_dag.py
[2026-02-11T13:23:16.957+0800] {processor.py:840} INFO - DAG(s) 'tutorial_dag' retrieved from /Users/linghuchong/miniconda3/envs/py310/lib/python3.10/site-packages/airflow/example_dags/tutorial_dag.py
[2026-02-11T13:23:17.072+0800] {logging_mixin.py:188} INFO - [2026-02-11T13:23:17.072+0800] {dag.py:3047} INFO - Sync 1 DAGs
[2026-02-11T13:23:17.082+0800] {logging_mixin.py:188} INFO - [2026-02-11T13:23:17.082+0800] {dag.py:3834} INFO - Setting next_dagrun for tutorial_dag to None, run_after=None
[2026-02-11T13:23:17.100+0800] {processor.py:183} INFO - Processing /Users/linghuchong/miniconda3/envs/py310/lib/python3.10/site-packages/airflow/example_dags/tutorial_dag.py took 0.170 seconds
[2026-02-11T13:26:03.569+0800] {processor.py:161} INFO - Started process (PID=9307) to work on /Users/linghuchong/miniconda3/envs/py310/lib/python3.10/site-packages/airflow/example_dags/tutorial_dag.py
[2026-02-11T13:26:03.572+0800] {processor.py:830} INFO - Processing file /Users/linghuchong/miniconda3/envs/py310/lib/python3.10/site-packages/airflow/example_dags/tutorial_dag.py for tasks to queue
[2026-02-11T13:26:03.573+0800] {logging_mixin.py:188} INFO - [2026-02-11T13:26:03.573+0800] {dagbag.py:540} INFO - Filling up the DagBag from /Users/linghuchong/miniconda3/envs/py310/lib/python3.10/site-packages/airflow/example_dags/tutorial_dag.py
[2026-02-11T13:26:03.597+0800] {processor.py:840} INFO - DAG(s) 'tutorial_dag' retrieved from /Users/linghuchong/miniconda3/envs/py310/lib/python3.10/site-packages/airflow/example_dags/tutorial_dag.py
[2026-02-11T13:26:03.720+0800] {logging_mixin.py:188} INFO - [2026-02-11T13:26:03.720+0800] {dag.py:3047} INFO - Sync 1 DAGs
[2026-02-11T13:26:03.732+0800] {logging_mixin.py:188} INFO - [2026-02-11T13:26:03.731+0800] {dag.py:3834} INFO - Setting next_dagrun for tutorial_dag to None, run_after=None
[2026-02-11T13:26:03.753+0800] {processor.py:183} INFO - Processing /Users/linghuchong/miniconda3/envs/py310/lib/python3.10/site-packages/airflow/example_dags/tutorial_dag.py took 0.185 seconds
[2026-02-11T13:28:54.363+0800] {processor.py:161} INFO - Started process (PID=9377) to work on /Users/linghuchong/miniconda3/envs/py310/lib/python3.10/site-packages/airflow/example_dags/tutorial_dag.py
[2026-02-11T13:28:54.364+0800] {processor.py:830} INFO - Processing file /Users/linghuchong/miniconda3/envs/py310/lib/python3.10/site-packages/airflow/example_dags/tutorial_dag.py for tasks to queue
[2026-02-11T13:28:54.365+0800] {logging_mixin.py:188} INFO - [2026-02-11T13:28:54.365+0800] {dagbag.py:540} INFO - Filling up the DagBag from /Users/linghuchong/miniconda3/envs/py310/lib/python3.10/site-packages/airflow/example_dags/tutorial_dag.py
[2026-02-11T13:28:54.390+0800] {processor.py:840} INFO - DAG(s) 'tutorial_dag' retrieved from /Users/linghuchong/miniconda3/envs/py310/lib/python3.10/site-packages/airflow/example_dags/tutorial_dag.py
[2026-02-11T13:28:54.521+0800] {logging_mixin.py:188} INFO - [2026-02-11T13:28:54.520+0800] {dag.py:3047} INFO - Sync 1 DAGs
[2026-02-11T13:28:54.532+0800] {logging_mixin.py:188} INFO - [2026-02-11T13:28:54.531+0800] {dag.py:3834} INFO - Setting next_dagrun for tutorial_dag to None, run_after=None
[2026-02-11T13:28:54.553+0800] {processor.py:183} INFO - Processing /Users/linghuchong/miniconda3/envs/py310/lib/python3.10/site-packages/airflow/example_dags/tutorial_dag.py took 0.191 seconds
[2026-02-11T13:31:47.872+0800] {processor.py:161} INFO - Started process (PID=9479) to work on /Users/linghuchong/miniconda3/envs/py310/lib/python3.10/site-packages/airflow/example_dags/tutorial_dag.py
[2026-02-11T13:31:47.874+0800] {processor.py:830} INFO - Processing file /Users/linghuchong/miniconda3/envs/py310/lib/python3.10/site-packages/airflow/example_dags/tutorial_dag.py for tasks to queue
[2026-02-11T13:31:47.876+0800] {logging_mixin.py:188} INFO - [2026-02-11T13:31:47.875+0800] {dagbag.py:540} INFO - Filling up the DagBag from /Users/linghuchong/miniconda3/envs/py310/lib/python3.10/site-packages/airflow/example_dags/tutorial_dag.py
[2026-02-11T13:31:47.900+0800] {processor.py:840} INFO - DAG(s) 'tutorial_dag' retrieved from /Users/linghuchong/miniconda3/envs/py310/lib/python3.10/site-packages/airflow/example_dags/tutorial_dag.py
[2026-02-11T13:31:48.016+0800] {logging_mixin.py:188} INFO - [2026-02-11T13:31:48.016+0800] {dag.py:3047} INFO - Sync 1 DAGs
[2026-02-11T13:31:48.027+0800] {logging_mixin.py:188} INFO - [2026-02-11T13:31:48.027+0800] {dag.py:3834} INFO - Setting next_dagrun for tutorial_dag to None, run_after=None
[2026-02-11T13:31:48.051+0800] {processor.py:183} INFO - Processing /Users/linghuchong/miniconda3/envs/py310/lib/python3.10/site-packages/airflow/example_dags/tutorial_dag.py took 0.180 seconds
[2026-02-11T13:34:46.003+0800] {processor.py:161} INFO - Started process (PID=9585) to work on /Users/linghuchong/miniconda3/envs/py310/lib/python3.10/site-packages/airflow/example_dags/tutorial_dag.py
[2026-02-11T13:34:46.006+0800] {processor.py:830} INFO - Processing file /Users/linghuchong/miniconda3/envs/py310/lib/python3.10/site-packages/airflow/example_dags/tutorial_dag.py for tasks to queue
[2026-02-11T13:34:46.007+0800] {logging_mixin.py:188} INFO - [2026-02-11T13:34:46.007+0800] {dagbag.py:540} INFO - Filling up the DagBag from /Users/linghuchong/miniconda3/envs/py310/lib/python3.10/site-packages/airflow/example_dags/tutorial_dag.py
[2026-02-11T13:34:46.033+0800] {processor.py:840} INFO - DAG(s) 'tutorial_dag' retrieved from /Users/linghuchong/miniconda3/envs/py310/lib/python3.10/site-packages/airflow/example_dags/tutorial_dag.py
[2026-02-11T13:34:46.152+0800] {logging_mixin.py:188} INFO - [2026-02-11T13:34:46.152+0800] {dag.py:3047} INFO - Sync 1 DAGs
[2026-02-11T13:34:46.163+0800] {logging_mixin.py:188} INFO - [2026-02-11T13:34:46.163+0800] {dag.py:3834} INFO - Setting next_dagrun for tutorial_dag to None, run_after=None
[2026-02-11T13:34:46.182+0800] {processor.py:183} INFO - Processing /Users/linghuchong/miniconda3/envs/py310/lib/python3.10/site-packages/airflow/example_dags/tutorial_dag.py took 0.179 seconds
[2026-02-11T16:16:47.465+0800] {processor.py:161} INFO - Started process (PID=14279) to work on /Users/linghuchong/miniconda3/envs/py310/lib/python3.10/site-packages/airflow/example_dags/tutorial_dag.py
[2026-02-11T16:16:47.466+0800] {processor.py:830} INFO - Processing file /Users/linghuchong/miniconda3/envs/py310/lib/python3.10/site-packages/airflow/example_dags/tutorial_dag.py for tasks to queue
[2026-02-11T16:16:47.467+0800] {logging_mixin.py:188} INFO - [2026-02-11T16:16:47.467+0800] {dagbag.py:540} INFO - Filling up the DagBag from /Users/linghuchong/miniconda3/envs/py310/lib/python3.10/site-packages/airflow/example_dags/tutorial_dag.py
[2026-02-11T16:16:47.491+0800] {processor.py:840} INFO - DAG(s) 'tutorial_dag' retrieved from /Users/linghuchong/miniconda3/envs/py310/lib/python3.10/site-packages/airflow/example_dags/tutorial_dag.py
[2026-02-11T16:16:47.700+0800] {logging_mixin.py:188} INFO - [2026-02-11T16:16:47.700+0800] {dag.py:3047} INFO - Sync 1 DAGs
[2026-02-11T16:16:47.712+0800] {logging_mixin.py:188} INFO - [2026-02-11T16:16:47.711+0800] {dag.py:3834} INFO - Setting next_dagrun for tutorial_dag to None, run_after=None
[2026-02-11T16:16:47.735+0800] {processor.py:183} INFO - Processing /Users/linghuchong/miniconda3/envs/py310/lib/python3.10/site-packages/airflow/example_dags/tutorial_dag.py took 0.271 seconds
[2026-02-11T16:23:29.550+0800] {processor.py:161} INFO - Started process (PID=14635) to work on /Users/linghuchong/miniconda3/envs/py310/lib/python3.10/site-packages/airflow/example_dags/tutorial_dag.py
[2026-02-11T16:23:29.553+0800] {processor.py:830} INFO - Processing file /Users/linghuchong/miniconda3/envs/py310/lib/python3.10/site-packages/airflow/example_dags/tutorial_dag.py for tasks to queue
[2026-02-11T16:23:29.554+0800] {logging_mixin.py:188} INFO - [2026-02-11T16:23:29.554+0800] {dagbag.py:540} INFO - Filling up the DagBag from /Users/linghuchong/miniconda3/envs/py310/lib/python3.10/site-packages/airflow/example_dags/tutorial_dag.py
[2026-02-11T16:23:29.580+0800] {processor.py:840} INFO - DAG(s) 'tutorial_dag' retrieved from /Users/linghuchong/miniconda3/envs/py310/lib/python3.10/site-packages/airflow/example_dags/tutorial_dag.py
[2026-02-11T16:23:29.811+0800] {logging_mixin.py:188} INFO - [2026-02-11T16:23:29.810+0800] {dag.py:3047} INFO - Sync 1 DAGs
[2026-02-11T16:23:29.820+0800] {logging_mixin.py:188} INFO - [2026-02-11T16:23:29.820+0800] {dag.py:3834} INFO - Setting next_dagrun for tutorial_dag to None, run_after=None
[2026-02-11T16:23:29.841+0800] {processor.py:183} INFO - Processing /Users/linghuchong/miniconda3/envs/py310/lib/python3.10/site-packages/airflow/example_dags/tutorial_dag.py took 0.292 seconds
[2026-02-11T16:26:59.234+0800] {processor.py:161} INFO - Started process (PID=14825) to work on /Users/linghuchong/miniconda3/envs/py310/lib/python3.10/site-packages/airflow/example_dags/tutorial_dag.py
[2026-02-11T16:26:59.236+0800] {processor.py:830} INFO - Processing file /Users/linghuchong/miniconda3/envs/py310/lib/python3.10/site-packages/airflow/example_dags/tutorial_dag.py for tasks to queue
[2026-02-11T16:26:59.237+0800] {logging_mixin.py:188} INFO - [2026-02-11T16:26:59.237+0800] {dagbag.py:540} INFO - Filling up the DagBag from /Users/linghuchong/miniconda3/envs/py310/lib/python3.10/site-packages/airflow/example_dags/tutorial_dag.py
[2026-02-11T16:26:59.266+0800] {processor.py:840} INFO - DAG(s) 'tutorial_dag' retrieved from /Users/linghuchong/miniconda3/envs/py310/lib/python3.10/site-packages/airflow/example_dags/tutorial_dag.py
[2026-02-11T16:26:59.493+0800] {logging_mixin.py:188} INFO - [2026-02-11T16:26:59.492+0800] {dag.py:3047} INFO - Sync 1 DAGs
[2026-02-11T16:26:59.503+0800] {logging_mixin.py:188} INFO - [2026-02-11T16:26:59.503+0800] {dag.py:3834} INFO - Setting next_dagrun for tutorial_dag to None, run_after=None
[2026-02-11T16:26:59.528+0800] {processor.py:183} INFO - Processing /Users/linghuchong/miniconda3/envs/py310/lib/python3.10/site-packages/airflow/example_dags/tutorial_dag.py took 0.295 seconds
[2026-02-11T16:30:12.886+0800] {processor.py:161} INFO - Started process (PID=14957) to work on /Users/linghuchong/miniconda3/envs/py310/lib/python3.10/site-packages/airflow/example_dags/tutorial_dag.py
[2026-02-11T16:30:12.889+0800] {processor.py:830} INFO - Processing file /Users/linghuchong/miniconda3/envs/py310/lib/python3.10/site-packages/airflow/example_dags/tutorial_dag.py for tasks to queue
[2026-02-11T16:30:12.891+0800] {logging_mixin.py:188} INFO - [2026-02-11T16:30:12.890+0800] {dagbag.py:540} INFO - Filling up the DagBag from /Users/linghuchong/miniconda3/envs/py310/lib/python3.10/site-packages/airflow/example_dags/tutorial_dag.py
[2026-02-11T16:30:12.915+0800] {processor.py:840} INFO - DAG(s) 'tutorial_dag' retrieved from /Users/linghuchong/miniconda3/envs/py310/lib/python3.10/site-packages/airflow/example_dags/tutorial_dag.py
[2026-02-11T16:30:13.127+0800] {logging_mixin.py:188} INFO - [2026-02-11T16:30:13.127+0800] {dag.py:3047} INFO - Sync 1 DAGs
[2026-02-11T16:30:13.137+0800] {logging_mixin.py:188} INFO - [2026-02-11T16:30:13.137+0800] {dag.py:3834} INFO - Setting next_dagrun for tutorial_dag to None, run_after=None
[2026-02-11T16:30:13.159+0800] {processor.py:183} INFO - Processing /Users/linghuchong/miniconda3/envs/py310/lib/python3.10/site-packages/airflow/example_dags/tutorial_dag.py took 0.273 seconds
[2026-02-11T16:33:31.021+0800] {processor.py:161} INFO - Started process (PID=15283) to work on /Users/linghuchong/miniconda3/envs/py310/lib/python3.10/site-packages/airflow/example_dags/tutorial_dag.py
[2026-02-11T16:33:31.025+0800] {processor.py:830} INFO - Processing file /Users/linghuchong/miniconda3/envs/py310/lib/python3.10/site-packages/airflow/example_dags/tutorial_dag.py for tasks to queue
[2026-02-11T16:33:31.026+0800] {logging_mixin.py:188} INFO - [2026-02-11T16:33:31.025+0800] {dagbag.py:540} INFO - Filling up the DagBag from /Users/linghuchong/miniconda3/envs/py310/lib/python3.10/site-packages/airflow/example_dags/tutorial_dag.py
[2026-02-11T16:33:31.051+0800] {processor.py:840} INFO - DAG(s) 'tutorial_dag' retrieved from /Users/linghuchong/miniconda3/envs/py310/lib/python3.10/site-packages/airflow/example_dags/tutorial_dag.py
[2026-02-11T16:33:31.311+0800] {logging_mixin.py:188} INFO - [2026-02-11T16:33:31.311+0800] {dag.py:3047} INFO - Sync 1 DAGs
[2026-02-11T16:33:31.328+0800] {logging_mixin.py:188} INFO - [2026-02-11T16:33:31.328+0800] {dag.py:3834} INFO - Setting next_dagrun for tutorial_dag to None, run_after=None
[2026-02-11T16:33:31.365+0800] {processor.py:183} INFO - Processing /Users/linghuchong/miniconda3/envs/py310/lib/python3.10/site-packages/airflow/example_dags/tutorial_dag.py took 0.344 seconds
[2026-02-11T16:36:42.493+0800] {processor.py:161} INFO - Started process (PID=15455) to work on /Users/linghuchong/miniconda3/envs/py310/lib/python3.10/site-packages/airflow/example_dags/tutorial_dag.py
[2026-02-11T16:36:42.494+0800] {processor.py:830} INFO - Processing file /Users/linghuchong/miniconda3/envs/py310/lib/python3.10/site-packages/airflow/example_dags/tutorial_dag.py for tasks to queue
[2026-02-11T16:36:42.495+0800] {logging_mixin.py:188} INFO - [2026-02-11T16:36:42.495+0800] {dagbag.py:540} INFO - Filling up the DagBag from /Users/linghuchong/miniconda3/envs/py310/lib/python3.10/site-packages/airflow/example_dags/tutorial_dag.py
[2026-02-11T16:36:42.519+0800] {processor.py:840} INFO - DAG(s) 'tutorial_dag' retrieved from /Users/linghuchong/miniconda3/envs/py310/lib/python3.10/site-packages/airflow/example_dags/tutorial_dag.py
[2026-02-11T16:36:42.648+0800] {logging_mixin.py:188} INFO - [2026-02-11T16:36:42.647+0800] {dag.py:3047} INFO - Sync 1 DAGs
[2026-02-11T16:36:42.659+0800] {logging_mixin.py:188} INFO - [2026-02-11T16:36:42.659+0800] {dag.py:3834} INFO - Setting next_dagrun for tutorial_dag to None, run_after=None
[2026-02-11T16:36:42.703+0800] {processor.py:183} INFO - Processing /Users/linghuchong/miniconda3/envs/py310/lib/python3.10/site-packages/airflow/example_dags/tutorial_dag.py took 0.211 seconds
[2026-02-11T16:39:40.039+0800] {processor.py:161} INFO - Started process (PID=15644) to work on /Users/linghuchong/miniconda3/envs/py310/lib/python3.10/site-packages/airflow/example_dags/tutorial_dag.py
[2026-02-11T16:39:40.042+0800] {processor.py:830} INFO - Processing file /Users/linghuchong/miniconda3/envs/py310/lib/python3.10/site-packages/airflow/example_dags/tutorial_dag.py for tasks to queue
[2026-02-11T16:39:40.044+0800] {logging_mixin.py:188} INFO - [2026-02-11T16:39:40.043+0800] {dagbag.py:540} INFO - Filling up the DagBag from /Users/linghuchong/miniconda3/envs/py310/lib/python3.10/site-packages/airflow/example_dags/tutorial_dag.py
[2026-02-11T16:39:40.075+0800] {processor.py:840} INFO - DAG(s) 'tutorial_dag' retrieved from /Users/linghuchong/miniconda3/envs/py310/lib/python3.10/site-packages/airflow/example_dags/tutorial_dag.py
[2026-02-11T16:39:40.197+0800] {logging_mixin.py:188} INFO - [2026-02-11T16:39:40.196+0800] {dag.py:3047} INFO - Sync 1 DAGs
[2026-02-11T16:39:40.208+0800] {logging_mixin.py:188} INFO - [2026-02-11T16:39:40.207+0800] {dag.py:3834} INFO - Setting next_dagrun for tutorial_dag to None, run_after=None
[2026-02-11T16:39:40.232+0800] {processor.py:183} INFO - Processing /Users/linghuchong/miniconda3/envs/py310/lib/python3.10/site-packages/airflow/example_dags/tutorial_dag.py took 0.195 seconds
[2026-02-11T16:42:41.690+0800] {processor.py:161} INFO - Started process (PID=15930) to work on /Users/linghuchong/miniconda3/envs/py310/lib/python3.10/site-packages/airflow/example_dags/tutorial_dag.py
[2026-02-11T16:42:41.691+0800] {processor.py:830} INFO - Processing file /Users/linghuchong/miniconda3/envs/py310/lib/python3.10/site-packages/airflow/example_dags/tutorial_dag.py for tasks to queue
[2026-02-11T16:42:41.692+0800] {logging_mixin.py:188} INFO - [2026-02-11T16:42:41.692+0800] {dagbag.py:540} INFO - Filling up the DagBag from /Users/linghuchong/miniconda3/envs/py310/lib/python3.10/site-packages/airflow/example_dags/tutorial_dag.py
[2026-02-11T16:42:41.734+0800] {processor.py:840} INFO - DAG(s) 'tutorial_dag' retrieved from /Users/linghuchong/miniconda3/envs/py310/lib/python3.10/site-packages/airflow/example_dags/tutorial_dag.py
[2026-02-11T16:42:42.028+0800] {logging_mixin.py:188} INFO - [2026-02-11T16:42:42.028+0800] {dag.py:3047} INFO - Sync 1 DAGs
[2026-02-11T16:42:42.054+0800] {logging_mixin.py:188} INFO - [2026-02-11T16:42:42.053+0800] {dag.py:3834} INFO - Setting next_dagrun for tutorial_dag to None, run_after=None
[2026-02-11T16:42:42.088+0800] {processor.py:183} INFO - Processing /Users/linghuchong/miniconda3/envs/py310/lib/python3.10/site-packages/airflow/example_dags/tutorial_dag.py took 0.399 seconds
[2026-02-11T16:45:46.633+0800] {processor.py:161} INFO - Started process (PID=16071) to work on /Users/linghuchong/miniconda3/envs/py310/lib/python3.10/site-packages/airflow/example_dags/tutorial_dag.py
[2026-02-11T16:45:46.635+0800] {processor.py:830} INFO - Processing file /Users/linghuchong/miniconda3/envs/py310/lib/python3.10/site-packages/airflow/example_dags/tutorial_dag.py for tasks to queue
[2026-02-11T16:45:46.636+0800] {logging_mixin.py:188} INFO - [2026-02-11T16:45:46.636+0800] {dagbag.py:540} INFO - Filling up the DagBag from /Users/linghuchong/miniconda3/envs/py310/lib/python3.10/site-packages/airflow/example_dags/tutorial_dag.py
[2026-02-11T16:45:46.662+0800] {processor.py:840} INFO - DAG(s) 'tutorial_dag' retrieved from /Users/linghuchong/miniconda3/envs/py310/lib/python3.10/site-packages/airflow/example_dags/tutorial_dag.py
[2026-02-11T16:45:46.783+0800] {logging_mixin.py:188} INFO - [2026-02-11T16:45:46.782+0800] {dag.py:3047} INFO - Sync 1 DAGs
[2026-02-11T16:45:46.793+0800] {logging_mixin.py:188} INFO - [2026-02-11T16:45:46.793+0800] {dag.py:3834} INFO - Setting next_dagrun for tutorial_dag to None, run_after=None
[2026-02-11T16:45:46.818+0800] {processor.py:183} INFO - Processing /Users/linghuchong/miniconda3/envs/py310/lib/python3.10/site-packages/airflow/example_dags/tutorial_dag.py took 0.186 seconds
[2026-02-11T16:49:03.639+0800] {processor.py:161} INFO - Started process (PID=16271) to work on /Users/linghuchong/miniconda3/envs/py310/lib/python3.10/site-packages/airflow/example_dags/tutorial_dag.py
[2026-02-11T16:49:03.642+0800] {processor.py:830} INFO - Processing file /Users/linghuchong/miniconda3/envs/py310/lib/python3.10/site-packages/airflow/example_dags/tutorial_dag.py for tasks to queue
[2026-02-11T16:49:03.643+0800] {logging_mixin.py:188} INFO - [2026-02-11T16:49:03.643+0800] {dagbag.py:540} INFO - Filling up the DagBag from /Users/linghuchong/miniconda3/envs/py310/lib/python3.10/site-packages/airflow/example_dags/tutorial_dag.py
[2026-02-11T16:49:03.669+0800] {processor.py:840} INFO - DAG(s) 'tutorial_dag' retrieved from /Users/linghuchong/miniconda3/envs/py310/lib/python3.10/site-packages/airflow/example_dags/tutorial_dag.py
[2026-02-11T16:49:03.898+0800] {logging_mixin.py:188} INFO - [2026-02-11T16:49:03.897+0800] {dag.py:3047} INFO - Sync 1 DAGs
[2026-02-11T16:49:03.907+0800] {logging_mixin.py:188} INFO - [2026-02-11T16:49:03.907+0800] {dag.py:3834} INFO - Setting next_dagrun for tutorial_dag to None, run_after=None
[2026-02-11T16:49:03.927+0800] {processor.py:183} INFO - Processing /Users/linghuchong/miniconda3/envs/py310/lib/python3.10/site-packages/airflow/example_dags/tutorial_dag.py took 0.289 seconds
[2026-02-11T16:52:36.981+0800] {processor.py:161} INFO - Started process (PID=16430) to work on /Users/linghuchong/miniconda3/envs/py310/lib/python3.10/site-packages/airflow/example_dags/tutorial_dag.py
[2026-02-11T16:52:36.985+0800] {processor.py:830} INFO - Processing file /Users/linghuchong/miniconda3/envs/py310/lib/python3.10/site-packages/airflow/example_dags/tutorial_dag.py for tasks to queue
[2026-02-11T16:52:36.986+0800] {logging_mixin.py:188} INFO - [2026-02-11T16:52:36.985+0800] {dagbag.py:540} INFO - Filling up the DagBag from /Users/linghuchong/miniconda3/envs/py310/lib/python3.10/site-packages/airflow/example_dags/tutorial_dag.py
[2026-02-11T16:52:37.010+0800] {processor.py:840} INFO - DAG(s) 'tutorial_dag' retrieved from /Users/linghuchong/miniconda3/envs/py310/lib/python3.10/site-packages/airflow/example_dags/tutorial_dag.py
[2026-02-11T16:52:37.220+0800] {logging_mixin.py:188} INFO - [2026-02-11T16:52:37.220+0800] {dag.py:3047} INFO - Sync 1 DAGs
[2026-02-11T16:52:37.230+0800] {logging_mixin.py:188} INFO - [2026-02-11T16:52:37.230+0800] {dag.py:3834} INFO - Setting next_dagrun for tutorial_dag to None, run_after=None
[2026-02-11T16:52:37.252+0800] {processor.py:183} INFO - Processing /Users/linghuchong/miniconda3/envs/py310/lib/python3.10/site-packages/airflow/example_dags/tutorial_dag.py took 0.271 seconds
[2026-02-11T16:55:53.729+0800] {processor.py:161} INFO - Started process (PID=16596) to work on /Users/linghuchong/miniconda3/envs/py310/lib/python3.10/site-packages/airflow/example_dags/tutorial_dag.py
[2026-02-11T16:55:53.735+0800] {processor.py:830} INFO - Processing file /Users/linghuchong/miniconda3/envs/py310/lib/python3.10/site-packages/airflow/example_dags/tutorial_dag.py for tasks to queue
[2026-02-11T16:55:53.740+0800] {logging_mixin.py:188} INFO - [2026-02-11T16:55:53.739+0800] {dagbag.py:540} INFO - Filling up the DagBag from /Users/linghuchong/miniconda3/envs/py310/lib/python3.10/site-packages/airflow/example_dags/tutorial_dag.py
[2026-02-11T16:55:53.766+0800] {processor.py:840} INFO - DAG(s) 'tutorial_dag' retrieved from /Users/linghuchong/miniconda3/envs/py310/lib/python3.10/site-packages/airflow/example_dags/tutorial_dag.py
[2026-02-11T16:55:53.961+0800] {logging_mixin.py:188} INFO - [2026-02-11T16:55:53.961+0800] {dag.py:3047} INFO - Sync 1 DAGs
[2026-02-11T16:55:53.972+0800] {logging_mixin.py:188} INFO - [2026-02-11T16:55:53.972+0800] {dag.py:3834} INFO - Setting next_dagrun for tutorial_dag to None, run_after=None
[2026-02-11T16:55:53.993+0800] {processor.py:183} INFO - Processing /Users/linghuchong/miniconda3/envs/py310/lib/python3.10/site-packages/airflow/example_dags/tutorial_dag.py took 0.264 seconds
[2026-02-11T16:59:10.994+0800] {processor.py:161} INFO - Started process (PID=16672) to work on /Users/linghuchong/miniconda3/envs/py310/lib/python3.10/site-packages/airflow/example_dags/tutorial_dag.py
[2026-02-11T16:59:10.997+0800] {processor.py:830} INFO - Processing file /Users/linghuchong/miniconda3/envs/py310/lib/python3.10/site-packages/airflow/example_dags/tutorial_dag.py for tasks to queue
[2026-02-11T16:59:10.998+0800] {logging_mixin.py:188} INFO - [2026-02-11T16:59:10.998+0800] {dagbag.py:540} INFO - Filling up the DagBag from /Users/linghuchong/miniconda3/envs/py310/lib/python3.10/site-packages/airflow/example_dags/tutorial_dag.py
[2026-02-11T16:59:11.024+0800] {processor.py:840} INFO - DAG(s) 'tutorial_dag' retrieved from /Users/linghuchong/miniconda3/envs/py310/lib/python3.10/site-packages/airflow/example_dags/tutorial_dag.py
[2026-02-11T16:59:11.142+0800] {logging_mixin.py:188} INFO - [2026-02-11T16:59:11.142+0800] {dag.py:3047} INFO - Sync 1 DAGs
[2026-02-11T16:59:11.152+0800] {logging_mixin.py:188} INFO - [2026-02-11T16:59:11.152+0800] {dag.py:3834} INFO - Setting next_dagrun for tutorial_dag to None, run_after=None
[2026-02-11T16:59:11.173+0800] {processor.py:183} INFO - Processing /Users/linghuchong/miniconda3/envs/py310/lib/python3.10/site-packages/airflow/example_dags/tutorial_dag.py took 0.180 seconds
[2026-02-11T17:02:54.658+0800] {processor.py:161} INFO - Started process (PID=16867) to work on /Users/linghuchong/miniconda3/envs/py310/lib/python3.10/site-packages/airflow/example_dags/tutorial_dag.py
[2026-02-11T17:02:54.661+0800] {processor.py:830} INFO - Processing file /Users/linghuchong/miniconda3/envs/py310/lib/python3.10/site-packages/airflow/example_dags/tutorial_dag.py for tasks to queue
[2026-02-11T17:02:54.662+0800] {logging_mixin.py:188} INFO - [2026-02-11T17:02:54.662+0800] {dagbag.py:540} INFO - Filling up the DagBag from /Users/linghuchong/miniconda3/envs/py310/lib/python3.10/site-packages/airflow/example_dags/tutorial_dag.py
[2026-02-11T17:02:54.690+0800] {processor.py:840} INFO - DAG(s) 'tutorial_dag' retrieved from /Users/linghuchong/miniconda3/envs/py310/lib/python3.10/site-packages/airflow/example_dags/tutorial_dag.py
[2026-02-11T17:02:54.937+0800] {logging_mixin.py:188} INFO - [2026-02-11T17:02:54.936+0800] {dag.py:3047} INFO - Sync 1 DAGs
[2026-02-11T17:02:54.949+0800] {logging_mixin.py:188} INFO - [2026-02-11T17:02:54.949+0800] {dag.py:3834} INFO - Setting next_dagrun for tutorial_dag to None, run_after=None
[2026-02-11T17:02:54.975+0800] {processor.py:183} INFO - Processing /Users/linghuchong/miniconda3/envs/py310/lib/python3.10/site-packages/airflow/example_dags/tutorial_dag.py took 0.318 seconds
[2026-02-11T17:06:22.677+0800] {processor.py:161} INFO - Started process (PID=16982) to work on /Users/linghuchong/miniconda3/envs/py310/lib/python3.10/site-packages/airflow/example_dags/tutorial_dag.py
[2026-02-11T17:06:22.678+0800] {processor.py:830} INFO - Processing file /Users/linghuchong/miniconda3/envs/py310/lib/python3.10/site-packages/airflow/example_dags/tutorial_dag.py for tasks to queue
[2026-02-11T17:06:22.680+0800] {logging_mixin.py:188} INFO - [2026-02-11T17:06:22.680+0800] {dagbag.py:540} INFO - Filling up the DagBag from /Users/linghuchong/miniconda3/envs/py310/lib/python3.10/site-packages/airflow/example_dags/tutorial_dag.py
[2026-02-11T17:06:22.705+0800] {processor.py:840} INFO - DAG(s) 'tutorial_dag' retrieved from /Users/linghuchong/miniconda3/envs/py310/lib/python3.10/site-packages/airflow/example_dags/tutorial_dag.py
[2026-02-11T17:06:22.932+0800] {logging_mixin.py:188} INFO - [2026-02-11T17:06:22.931+0800] {dag.py:3047} INFO - Sync 1 DAGs
[2026-02-11T17:06:22.943+0800] {logging_mixin.py:188} INFO - [2026-02-11T17:06:22.942+0800] {dag.py:3834} INFO - Setting next_dagrun for tutorial_dag to None, run_after=None
[2026-02-11T17:06:22.967+0800] {processor.py:183} INFO - Processing /Users/linghuchong/miniconda3/envs/py310/lib/python3.10/site-packages/airflow/example_dags/tutorial_dag.py took 0.290 seconds
[2026-02-11T17:14:58.124+0800] {processor.py:161} INFO - Started process (PID=17718) to work on /Users/linghuchong/miniconda3/envs/py310/lib/python3.10/site-packages/airflow/example_dags/tutorial_dag.py
[2026-02-11T17:14:58.126+0800] {processor.py:830} INFO - Processing file /Users/linghuchong/miniconda3/envs/py310/lib/python3.10/site-packages/airflow/example_dags/tutorial_dag.py for tasks to queue
[2026-02-11T17:14:58.127+0800] {logging_mixin.py:188} INFO - [2026-02-11T17:14:58.127+0800] {dagbag.py:540} INFO - Filling up the DagBag from /Users/linghuchong/miniconda3/envs/py310/lib/python3.10/site-packages/airflow/example_dags/tutorial_dag.py
[2026-02-11T17:14:58.155+0800] {processor.py:840} INFO - DAG(s) 'tutorial_dag' retrieved from /Users/linghuchong/miniconda3/envs/py310/lib/python3.10/site-packages/airflow/example_dags/tutorial_dag.py
[2026-02-11T17:14:58.425+0800] {logging_mixin.py:188} INFO - [2026-02-11T17:14:58.424+0800] {dag.py:3047} INFO - Sync 1 DAGs
[2026-02-11T17:14:58.436+0800] {logging_mixin.py:188} INFO - [2026-02-11T17:14:58.436+0800] {dag.py:3834} INFO - Setting next_dagrun for tutorial_dag to None, run_after=None
[2026-02-11T17:14:58.460+0800] {processor.py:183} INFO - Processing /Users/linghuchong/miniconda3/envs/py310/lib/python3.10/site-packages/airflow/example_dags/tutorial_dag.py took 0.337 seconds
[2026-02-11T17:18:36.403+0800] {processor.py:161} INFO - Started process (PID=17836) to work on /Users/linghuchong/miniconda3/envs/py310/lib/python3.10/site-packages/airflow/example_dags/tutorial_dag.py
[2026-02-11T17:18:36.406+0800] {processor.py:830} INFO - Processing file /Users/linghuchong/miniconda3/envs/py310/lib/python3.10/site-packages/airflow/example_dags/tutorial_dag.py for tasks to queue
[2026-02-11T17:18:36.407+0800] {logging_mixin.py:188} INFO - [2026-02-11T17:18:36.407+0800] {dagbag.py:540} INFO - Filling up the DagBag from /Users/linghuchong/miniconda3/envs/py310/lib/python3.10/site-packages/airflow/example_dags/tutorial_dag.py
[2026-02-11T17:18:36.431+0800] {processor.py:840} INFO - DAG(s) 'tutorial_dag' retrieved from /Users/linghuchong/miniconda3/envs/py310/lib/python3.10/site-packages/airflow/example_dags/tutorial_dag.py
[2026-02-11T17:18:36.543+0800] {logging_mixin.py:188} INFO - [2026-02-11T17:18:36.542+0800] {dag.py:3047} INFO - Sync 1 DAGs
[2026-02-11T17:18:36.552+0800] {logging_mixin.py:188} INFO - [2026-02-11T17:18:36.552+0800] {dag.py:3834} INFO - Setting next_dagrun for tutorial_dag to None, run_after=None
[2026-02-11T17:18:36.573+0800] {processor.py:183} INFO - Processing /Users/linghuchong/miniconda3/envs/py310/lib/python3.10/site-packages/airflow/example_dags/tutorial_dag.py took 0.171 seconds
[2026-02-11T17:21:22.012+0800] {processor.py:161} INFO - Started process (PID=17908) to work on /Users/linghuchong/miniconda3/envs/py310/lib/python3.10/site-packages/airflow/example_dags/tutorial_dag.py
[2026-02-11T17:21:22.014+0800] {processor.py:830} INFO - Processing file /Users/linghuchong/miniconda3/envs/py310/lib/python3.10/site-packages/airflow/example_dags/tutorial_dag.py for tasks to queue
[2026-02-11T17:21:22.015+0800] {logging_mixin.py:188} INFO - [2026-02-11T17:21:22.015+0800] {dagbag.py:540} INFO - Filling up the DagBag from /Users/linghuchong/miniconda3/envs/py310/lib/python3.10/site-packages/airflow/example_dags/tutorial_dag.py
[2026-02-11T17:21:22.041+0800] {processor.py:840} INFO - DAG(s) 'tutorial_dag' retrieved from /Users/linghuchong/miniconda3/envs/py310/lib/python3.10/site-packages/airflow/example_dags/tutorial_dag.py
[2026-02-11T17:21:22.151+0800] {logging_mixin.py:188} INFO - [2026-02-11T17:21:22.151+0800] {dag.py:3047} INFO - Sync 1 DAGs
[2026-02-11T17:21:22.161+0800] {logging_mixin.py:188} INFO - [2026-02-11T17:21:22.161+0800] {dag.py:3834} INFO - Setting next_dagrun for tutorial_dag to None, run_after=None
[2026-02-11T17:21:22.178+0800] {processor.py:183} INFO - Processing /Users/linghuchong/miniconda3/envs/py310/lib/python3.10/site-packages/airflow/example_dags/tutorial_dag.py took 0.168 seconds
[2026-02-11T17:24:07.683+0800] {processor.py:161} INFO - Started process (PID=18013) to work on /Users/linghuchong/miniconda3/envs/py310/lib/python3.10/site-packages/airflow/example_dags/tutorial_dag.py
[2026-02-11T17:24:07.686+0800] {processor.py:830} INFO - Processing file /Users/linghuchong/miniconda3/envs/py310/lib/python3.10/site-packages/airflow/example_dags/tutorial_dag.py for tasks to queue
[2026-02-11T17:24:07.687+0800] {logging_mixin.py:188} INFO - [2026-02-11T17:24:07.687+0800] {dagbag.py:540} INFO - Filling up the DagBag from /Users/linghuchong/miniconda3/envs/py310/lib/python3.10/site-packages/airflow/example_dags/tutorial_dag.py
[2026-02-11T17:24:07.710+0800] {processor.py:840} INFO - DAG(s) 'tutorial_dag' retrieved from /Users/linghuchong/miniconda3/envs/py310/lib/python3.10/site-packages/airflow/example_dags/tutorial_dag.py
[2026-02-11T17:24:07.822+0800] {logging_mixin.py:188} INFO - [2026-02-11T17:24:07.821+0800] {dag.py:3047} INFO - Sync 1 DAGs
[2026-02-11T17:24:07.831+0800] {logging_mixin.py:188} INFO - [2026-02-11T17:24:07.831+0800] {dag.py:3834} INFO - Setting next_dagrun for tutorial_dag to None, run_after=None
[2026-02-11T17:24:07.851+0800] {processor.py:183} INFO - Processing /Users/linghuchong/miniconda3/envs/py310/lib/python3.10/site-packages/airflow/example_dags/tutorial_dag.py took 0.168 seconds
[2026-02-11T17:26:47.948+0800] {processor.py:161} INFO - Started process (PID=18089) to work on /Users/linghuchong/miniconda3/envs/py310/lib/python3.10/site-packages/airflow/example_dags/tutorial_dag.py
[2026-02-11T17:26:47.951+0800] {processor.py:830} INFO - Processing file /Users/linghuchong/miniconda3/envs/py310/lib/python3.10/site-packages/airflow/example_dags/tutorial_dag.py for tasks to queue
[2026-02-11T17:26:47.952+0800] {logging_mixin.py:188} INFO - [2026-02-11T17:26:47.952+0800] {dagbag.py:540} INFO - Filling up the DagBag from /Users/linghuchong/miniconda3/envs/py310/lib/python3.10/site-packages/airflow/example_dags/tutorial_dag.py
[2026-02-11T17:26:47.975+0800] {processor.py:840} INFO - DAG(s) 'tutorial_dag' retrieved from /Users/linghuchong/miniconda3/envs/py310/lib/python3.10/site-packages/airflow/example_dags/tutorial_dag.py
[2026-02-11T17:26:48.091+0800] {logging_mixin.py:188} INFO - [2026-02-11T17:26:48.091+0800] {dag.py:3047} INFO - Sync 1 DAGs
[2026-02-11T17:26:48.101+0800] {logging_mixin.py:188} INFO - [2026-02-11T17:26:48.101+0800] {dag.py:3834} INFO - Setting next_dagrun for tutorial_dag to None, run_after=None
[2026-02-11T17:26:48.121+0800] {processor.py:183} INFO - Processing /Users/linghuchong/miniconda3/envs/py310/lib/python3.10/site-packages/airflow/example_dags/tutorial_dag.py took 0.173 seconds
[2026-02-11T17:29:33.231+0800] {processor.py:161} INFO - Started process (PID=18190) to work on /Users/linghuchong/miniconda3/envs/py310/lib/python3.10/site-packages/airflow/example_dags/tutorial_dag.py
[2026-02-11T17:29:33.234+0800] {processor.py:830} INFO - Processing file /Users/linghuchong/miniconda3/envs/py310/lib/python3.10/site-packages/airflow/example_dags/tutorial_dag.py for tasks to queue
[2026-02-11T17:29:33.235+0800] {logging_mixin.py:188} INFO - [2026-02-11T17:29:33.235+0800] {dagbag.py:540} INFO - Filling up the DagBag from /Users/linghuchong/miniconda3/envs/py310/lib/python3.10/site-packages/airflow/example_dags/tutorial_dag.py
[2026-02-11T17:29:33.258+0800] {processor.py:840} INFO - DAG(s) 'tutorial_dag' retrieved from /Users/linghuchong/miniconda3/envs/py310/lib/python3.10/site-packages/airflow/example_dags/tutorial_dag.py
[2026-02-11T17:29:33.370+0800] {logging_mixin.py:188} INFO - [2026-02-11T17:29:33.369+0800] {dag.py:3047} INFO - Sync 1 DAGs
[2026-02-11T17:29:33.379+0800] {logging_mixin.py:188} INFO - [2026-02-11T17:29:33.378+0800] {dag.py:3834} INFO - Setting next_dagrun for tutorial_dag to None, run_after=None
[2026-02-11T17:29:33.395+0800] {processor.py:183} INFO - Processing /Users/linghuchong/miniconda3/envs/py310/lib/python3.10/site-packages/airflow/example_dags/tutorial_dag.py took 0.165 seconds
[2026-02-11T17:32:36.258+0800] {processor.py:161} INFO - Started process (PID=18293) to work on /Users/linghuchong/miniconda3/envs/py310/lib/python3.10/site-packages/airflow/example_dags/tutorial_dag.py
[2026-02-11T17:32:36.260+0800] {processor.py:830} INFO - Processing file /Users/linghuchong/miniconda3/envs/py310/lib/python3.10/site-packages/airflow/example_dags/tutorial_dag.py for tasks to queue
[2026-02-11T17:32:36.262+0800] {logging_mixin.py:188} INFO - [2026-02-11T17:32:36.261+0800] {dagbag.py:540} INFO - Filling up the DagBag from /Users/linghuchong/miniconda3/envs/py310/lib/python3.10/site-packages/airflow/example_dags/tutorial_dag.py
[2026-02-11T17:32:36.289+0800] {processor.py:840} INFO - DAG(s) 'tutorial_dag' retrieved from /Users/linghuchong/miniconda3/envs/py310/lib/python3.10/site-packages/airflow/example_dags/tutorial_dag.py
[2026-02-11T17:32:36.413+0800] {logging_mixin.py:188} INFO - [2026-02-11T17:32:36.413+0800] {dag.py:3047} INFO - Sync 1 DAGs
[2026-02-11T17:32:36.425+0800] {logging_mixin.py:188} INFO - [2026-02-11T17:32:36.424+0800] {dag.py:3834} INFO - Setting next_dagrun for tutorial_dag to None, run_after=None
[2026-02-11T17:32:36.446+0800] {processor.py:183} INFO - Processing /Users/linghuchong/miniconda3/envs/py310/lib/python3.10/site-packages/airflow/example_dags/tutorial_dag.py took 0.189 seconds
[2026-02-11T17:35:37.821+0800] {processor.py:161} INFO - Started process (PID=18403) to work on /Users/linghuchong/miniconda3/envs/py310/lib/python3.10/site-packages/airflow/example_dags/tutorial_dag.py
[2026-02-11T17:35:37.822+0800] {processor.py:830} INFO - Processing file /Users/linghuchong/miniconda3/envs/py310/lib/python3.10/site-packages/airflow/example_dags/tutorial_dag.py for tasks to queue
[2026-02-11T17:35:37.823+0800] {logging_mixin.py:188} INFO - [2026-02-11T17:35:37.823+0800] {dagbag.py:540} INFO - Filling up the DagBag from /Users/linghuchong/miniconda3/envs/py310/lib/python3.10/site-packages/airflow/example_dags/tutorial_dag.py
[2026-02-11T17:35:37.849+0800] {processor.py:840} INFO - DAG(s) 'tutorial_dag' retrieved from /Users/linghuchong/miniconda3/envs/py310/lib/python3.10/site-packages/airflow/example_dags/tutorial_dag.py
[2026-02-11T17:35:37.979+0800] {logging_mixin.py:188} INFO - [2026-02-11T17:35:37.978+0800] {dag.py:3047} INFO - Sync 1 DAGs
[2026-02-11T17:35:37.989+0800] {logging_mixin.py:188} INFO - [2026-02-11T17:35:37.989+0800] {dag.py:3834} INFO - Setting next_dagrun for tutorial_dag to None, run_after=None
[2026-02-11T17:35:38.010+0800] {processor.py:183} INFO - Processing /Users/linghuchong/miniconda3/envs/py310/lib/python3.10/site-packages/airflow/example_dags/tutorial_dag.py took 0.190 seconds
[2026-02-11T17:38:42.778+0800] {processor.py:161} INFO - Started process (PID=18615) to work on /Users/linghuchong/miniconda3/envs/py310/lib/python3.10/site-packages/airflow/example_dags/tutorial_dag.py
[2026-02-11T17:38:42.779+0800] {processor.py:830} INFO - Processing file /Users/linghuchong/miniconda3/envs/py310/lib/python3.10/site-packages/airflow/example_dags/tutorial_dag.py for tasks to queue
[2026-02-11T17:38:42.779+0800] {logging_mixin.py:188} INFO - [2026-02-11T17:38:42.779+0800] {dagbag.py:540} INFO - Filling up the DagBag from /Users/linghuchong/miniconda3/envs/py310/lib/python3.10/site-packages/airflow/example_dags/tutorial_dag.py
[2026-02-11T17:38:42.809+0800] {processor.py:840} INFO - DAG(s) 'tutorial_dag' retrieved from /Users/linghuchong/miniconda3/envs/py310/lib/python3.10/site-packages/airflow/example_dags/tutorial_dag.py
[2026-02-11T17:38:42.944+0800] {logging_mixin.py:188} INFO - [2026-02-11T17:38:42.943+0800] {dag.py:3047} INFO - Sync 1 DAGs
[2026-02-11T17:38:42.955+0800] {logging_mixin.py:188} INFO - [2026-02-11T17:38:42.955+0800] {dag.py:3834} INFO - Setting next_dagrun for tutorial_dag to None, run_after=None
[2026-02-11T17:38:42.976+0800] {processor.py:183} INFO - Processing /Users/linghuchong/miniconda3/envs/py310/lib/python3.10/site-packages/airflow/example_dags/tutorial_dag.py took 0.199 seconds
[2026-02-11T17:41:51.344+0800] {processor.py:161} INFO - Started process (PID=18967) to work on /Users/linghuchong/miniconda3/envs/py310/lib/python3.10/site-packages/airflow/example_dags/tutorial_dag.py
[2026-02-11T17:41:51.350+0800] {processor.py:830} INFO - Processing file /Users/linghuchong/miniconda3/envs/py310/lib/python3.10/site-packages/airflow/example_dags/tutorial_dag.py for tasks to queue
[2026-02-11T17:41:51.355+0800] {logging_mixin.py:188} INFO - [2026-02-11T17:41:51.355+0800] {dagbag.py:540} INFO - Filling up the DagBag from /Users/linghuchong/miniconda3/envs/py310/lib/python3.10/site-packages/airflow/example_dags/tutorial_dag.py
[2026-02-11T17:41:51.380+0800] {processor.py:840} INFO - DAG(s) 'tutorial_dag' retrieved from /Users/linghuchong/miniconda3/envs/py310/lib/python3.10/site-packages/airflow/example_dags/tutorial_dag.py
[2026-02-11T17:41:51.526+0800] {logging_mixin.py:188} INFO - [2026-02-11T17:41:51.526+0800] {dag.py:3047} INFO - Sync 1 DAGs
[2026-02-11T17:41:51.539+0800] {logging_mixin.py:188} INFO - [2026-02-11T17:41:51.539+0800] {dag.py:3834} INFO - Setting next_dagrun for tutorial_dag to None, run_after=None
[2026-02-11T17:41:51.566+0800] {processor.py:183} INFO - Processing /Users/linghuchong/miniconda3/envs/py310/lib/python3.10/site-packages/airflow/example_dags/tutorial_dag.py took 0.223 seconds
[2026-02-11T17:45:00.063+0800] {processor.py:161} INFO - Started process (PID=19602) to work on /Users/linghuchong/miniconda3/envs/py310/lib/python3.10/site-packages/airflow/example_dags/tutorial_dag.py
[2026-02-11T17:45:00.066+0800] {processor.py:830} INFO - Processing file /Users/linghuchong/miniconda3/envs/py310/lib/python3.10/site-packages/airflow/example_dags/tutorial_dag.py for tasks to queue
[2026-02-11T17:45:00.067+0800] {logging_mixin.py:188} INFO - [2026-02-11T17:45:00.067+0800] {dagbag.py:540} INFO - Filling up the DagBag from /Users/linghuchong/miniconda3/envs/py310/lib/python3.10/site-packages/airflow/example_dags/tutorial_dag.py
[2026-02-11T17:45:00.098+0800] {processor.py:840} INFO - DAG(s) 'tutorial_dag' retrieved from /Users/linghuchong/miniconda3/envs/py310/lib/python3.10/site-packages/airflow/example_dags/tutorial_dag.py
[2026-02-11T17:45:00.235+0800] {logging_mixin.py:188} INFO - [2026-02-11T17:45:00.234+0800] {dag.py:3047} INFO - Sync 1 DAGs
[2026-02-11T17:45:00.246+0800] {logging_mixin.py:188} INFO - [2026-02-11T17:45:00.245+0800] {dag.py:3834} INFO - Setting next_dagrun for tutorial_dag to None, run_after=None
[2026-02-11T17:45:00.268+0800] {processor.py:183} INFO - Processing /Users/linghuchong/miniconda3/envs/py310/lib/python3.10/site-packages/airflow/example_dags/tutorial_dag.py took 0.207 seconds
[2026-02-11T17:48:03.309+0800] {processor.py:161} INFO - Started process (PID=19791) to work on /Users/linghuchong/miniconda3/envs/py310/lib/python3.10/site-packages/airflow/example_dags/tutorial_dag.py
[2026-02-11T17:48:03.310+0800] {processor.py:830} INFO - Processing file /Users/linghuchong/miniconda3/envs/py310/lib/python3.10/site-packages/airflow/example_dags/tutorial_dag.py for tasks to queue
[2026-02-11T17:48:03.311+0800] {logging_mixin.py:188} INFO - [2026-02-11T17:48:03.311+0800] {dagbag.py:540} INFO - Filling up the DagBag from /Users/linghuchong/miniconda3/envs/py310/lib/python3.10/site-packages/airflow/example_dags/tutorial_dag.py
[2026-02-11T17:48:03.336+0800] {processor.py:840} INFO - DAG(s) 'tutorial_dag' retrieved from /Users/linghuchong/miniconda3/envs/py310/lib/python3.10/site-packages/airflow/example_dags/tutorial_dag.py
[2026-02-11T17:48:03.463+0800] {logging_mixin.py:188} INFO - [2026-02-11T17:48:03.463+0800] {dag.py:3047} INFO - Sync 1 DAGs
[2026-02-11T17:48:03.475+0800] {logging_mixin.py:188} INFO - [2026-02-11T17:48:03.474+0800] {dag.py:3834} INFO - Setting next_dagrun for tutorial_dag to None, run_after=None
[2026-02-11T17:48:03.493+0800] {processor.py:183} INFO - Processing /Users/linghuchong/miniconda3/envs/py310/lib/python3.10/site-packages/airflow/example_dags/tutorial_dag.py took 0.185 seconds
[2026-02-11T17:51:07.853+0800] {processor.py:161} INFO - Started process (PID=19869) to work on /Users/linghuchong/miniconda3/envs/py310/lib/python3.10/site-packages/airflow/example_dags/tutorial_dag.py
[2026-02-11T17:51:07.854+0800] {processor.py:830} INFO - Processing file /Users/linghuchong/miniconda3/envs/py310/lib/python3.10/site-packages/airflow/example_dags/tutorial_dag.py for tasks to queue
[2026-02-11T17:51:07.855+0800] {logging_mixin.py:188} INFO - [2026-02-11T17:51:07.854+0800] {dagbag.py:540} INFO - Filling up the DagBag from /Users/linghuchong/miniconda3/envs/py310/lib/python3.10/site-packages/airflow/example_dags/tutorial_dag.py
[2026-02-11T17:51:07.879+0800] {processor.py:840} INFO - DAG(s) 'tutorial_dag' retrieved from /Users/linghuchong/miniconda3/envs/py310/lib/python3.10/site-packages/airflow/example_dags/tutorial_dag.py
[2026-02-11T17:51:08.011+0800] {logging_mixin.py:188} INFO - [2026-02-11T17:51:08.011+0800] {dag.py:3047} INFO - Sync 1 DAGs
[2026-02-11T17:51:08.023+0800] {logging_mixin.py:188} INFO - [2026-02-11T17:51:08.022+0800] {dag.py:3834} INFO - Setting next_dagrun for tutorial_dag to None, run_after=None
[2026-02-11T17:51:08.047+0800] {processor.py:183} INFO - Processing /Users/linghuchong/miniconda3/envs/py310/lib/python3.10/site-packages/airflow/example_dags/tutorial_dag.py took 0.195 seconds
[2026-02-11T17:54:14.572+0800] {processor.py:161} INFO - Started process (PID=20005) to work on /Users/linghuchong/miniconda3/envs/py310/lib/python3.10/site-packages/airflow/example_dags/tutorial_dag.py
[2026-02-11T17:54:14.575+0800] {processor.py:830} INFO - Processing file /Users/linghuchong/miniconda3/envs/py310/lib/python3.10/site-packages/airflow/example_dags/tutorial_dag.py for tasks to queue
[2026-02-11T17:54:14.576+0800] {logging_mixin.py:188} INFO - [2026-02-11T17:54:14.576+0800] {dagbag.py:540} INFO - Filling up the DagBag from /Users/linghuchong/miniconda3/envs/py310/lib/python3.10/site-packages/airflow/example_dags/tutorial_dag.py
[2026-02-11T17:54:14.600+0800] {processor.py:840} INFO - DAG(s) 'tutorial_dag' retrieved from /Users/linghuchong/miniconda3/envs/py310/lib/python3.10/site-packages/airflow/example_dags/tutorial_dag.py
[2026-02-11T17:54:14.716+0800] {logging_mixin.py:188} INFO - [2026-02-11T17:54:14.715+0800] {dag.py:3047} INFO - Sync 1 DAGs
[2026-02-11T17:54:14.727+0800] {logging_mixin.py:188} INFO - [2026-02-11T17:54:14.726+0800] {dag.py:3834} INFO - Setting next_dagrun for tutorial_dag to None, run_after=None
[2026-02-11T17:54:14.747+0800] {processor.py:183} INFO - Processing /Users/linghuchong/miniconda3/envs/py310/lib/python3.10/site-packages/airflow/example_dags/tutorial_dag.py took 0.176 seconds
[2026-02-11T17:57:20.236+0800] {processor.py:161} INFO - Started process (PID=20092) to work on /Users/linghuchong/miniconda3/envs/py310/lib/python3.10/site-packages/airflow/example_dags/tutorial_dag.py
[2026-02-11T17:57:20.239+0800] {processor.py:830} INFO - Processing file /Users/linghuchong/miniconda3/envs/py310/lib/python3.10/site-packages/airflow/example_dags/tutorial_dag.py for tasks to queue
[2026-02-11T17:57:20.240+0800] {logging_mixin.py:188} INFO - [2026-02-11T17:57:20.240+0800] {dagbag.py:540} INFO - Filling up the DagBag from /Users/linghuchong/miniconda3/envs/py310/lib/python3.10/site-packages/airflow/example_dags/tutorial_dag.py
[2026-02-11T17:57:20.263+0800] {processor.py:840} INFO - DAG(s) 'tutorial_dag' retrieved from /Users/linghuchong/miniconda3/envs/py310/lib/python3.10/site-packages/airflow/example_dags/tutorial_dag.py
[2026-02-11T17:57:20.380+0800] {logging_mixin.py:188} INFO - [2026-02-11T17:57:20.379+0800] {dag.py:3047} INFO - Sync 1 DAGs
[2026-02-11T17:57:20.389+0800] {logging_mixin.py:188} INFO - [2026-02-11T17:57:20.389+0800] {dag.py:3834} INFO - Setting next_dagrun for tutorial_dag to None, run_after=None
[2026-02-11T17:57:20.409+0800] {processor.py:183} INFO - Processing /Users/linghuchong/miniconda3/envs/py310/lib/python3.10/site-packages/airflow/example_dags/tutorial_dag.py took 0.174 seconds
[2026-02-11T18:00:33.504+0800] {processor.py:161} INFO - Started process (PID=20285) to work on /Users/linghuchong/miniconda3/envs/py310/lib/python3.10/site-packages/airflow/example_dags/tutorial_dag.py
[2026-02-11T18:00:33.506+0800] {processor.py:830} INFO - Processing file /Users/linghuchong/miniconda3/envs/py310/lib/python3.10/site-packages/airflow/example_dags/tutorial_dag.py for tasks to queue
[2026-02-11T18:00:33.509+0800] {logging_mixin.py:188} INFO - [2026-02-11T18:00:33.508+0800] {dagbag.py:540} INFO - Filling up the DagBag from /Users/linghuchong/miniconda3/envs/py310/lib/python3.10/site-packages/airflow/example_dags/tutorial_dag.py
[2026-02-11T18:00:33.545+0800] {processor.py:840} INFO - DAG(s) 'tutorial_dag' retrieved from /Users/linghuchong/miniconda3/envs/py310/lib/python3.10/site-packages/airflow/example_dags/tutorial_dag.py
[2026-02-11T18:00:33.908+0800] {logging_mixin.py:188} INFO - [2026-02-11T18:00:33.907+0800] {dag.py:3047} INFO - Sync 1 DAGs
[2026-02-11T18:00:33.919+0800] {logging_mixin.py:188} INFO - [2026-02-11T18:00:33.918+0800] {dag.py:3834} INFO - Setting next_dagrun for tutorial_dag to None, run_after=None
[2026-02-11T18:00:33.943+0800] {processor.py:183} INFO - Processing /Users/linghuchong/miniconda3/envs/py310/lib/python3.10/site-packages/airflow/example_dags/tutorial_dag.py took 0.440 seconds
