[2026-02-28T13:31:24.683+0800] {local_task_job_runner.py:123} INFO - ::group::Pre task execution logs
[2026-02-28T13:31:24.702+0800] {taskinstance.py:2631} INFO - Dependencies all met for dep_context=non-requeueable deps ti=<TaskInstance: cdrd_新增用户.新增用户 manual__2026-02-28T05:31:05.186745+00:00 [queued]>
[2026-02-28T13:31:24.711+0800] {taskinstance.py:2631} INFO - Dependencies all met for dep_context=requeueable deps ti=<TaskInstance: cdrd_新增用户.新增用户 manual__2026-02-28T05:31:05.186745+00:00 [queued]>
[2026-02-28T13:31:24.711+0800] {taskinstance.py:2884} INFO - Starting attempt 1 of 1
[2026-02-28T13:31:24.728+0800] {taskinstance.py:2907} INFO - Executing <Task(PythonOperator): 新增用户> on 2026-02-28 05:31:05.186745+00:00
[2026-02-28T13:31:24.731+0800] {standard_task_runner.py:72} INFO - Started process 14045 to run task
[2026-02-28T13:31:24.739+0800] {standard_task_runner.py:104} INFO - Running: ['airflow', 'tasks', 'run', 'cdrd_新增用户', '新增用户', 'manual__2026-02-28T05:31:05.186745+00:00', '--job-id', '642', '--raw', '--subdir', 'DAGS_FOLDER/tag_CDRD/系统管理/用户管理/dag_新增用户.py', '--cfg-path', '/var/folders/f7/4z7jtb213fs0mtgbw_0vs2600000gn/T/tmpg0pp3a4v']
[2026-02-28T13:31:24.743+0800] {standard_task_runner.py:105} INFO - Job 642: Subtask 新增用户
[2026-02-28T13:31:24.796+0800] {task_command.py:467} INFO - Running <TaskInstance: cdrd_新增用户.新增用户 manual__2026-02-28T05:31:05.186745+00:00 [running]> on host localhost-2.local
[2026-02-28T13:31:24.881+0800] {taskinstance.py:3157} INFO - Exporting env vars: AIRFLOW_CTX_DAG_OWNER='airflow' AIRFLOW_CTX_DAG_ID='cdrd_新增用户' AIRFLOW_CTX_TASK_ID='新增用户' AIRFLOW_CTX_EXECUTION_DATE='2026-02-28T05:31:05.186745+00:00' AIRFLOW_CTX_TRY_NUMBER='1' AIRFLOW_CTX_DAG_RUN_ID='manual__2026-02-28T05:31:05.186745+00:00'
[2026-02-28T13:31:24.882+0800] {taskinstance.py:740} INFO - ::endgroup::
[2026-02-28T13:31:24.902+0800] {logging_mixin.py:190} INFO - ==================================================
[2026-02-28T13:31:24.903+0800] {logging_mixin.py:190} INFO - 【消费者1】开始执行系统管理-用户管理测试用例...
[2026-02-28T13:31:24.903+0800] {logging_mixin.py:190} INFO - ==================================================
[2026-02-28T13:31:24.908+0800] {logging_mixin.py:190} INFO - 从XCom获取到的测试用例数据: 3 条
[2026-02-28T13:31:24.909+0800] {logging_mixin.py:190} INFO - 执行路径: 系统管理/用户管理/新增用户.py
[2026-02-28T13:31:24.910+0800] {logging_mixin.py:190} INFO - 开始执行测试用例: 系统管理/用户管理/新增用户.py
[2026-02-28T13:31:24.910+0800] {logging_mixin.py:190} INFO - 准备执行Playwright脚本: /Users/linghuchong/Downloads/51/Python/project/instance/zyjk/CDRD/web/系统管理/用户管理/新增用户.py
[2026-02-28T13:31:25.121+0800] {logging_mixin.py:190} INFO - Web目录: /Users/linghuchong/Downloads/51/Python/project/instance/zyjk/CDRD/web
[2026-02-28T13:31:25.122+0800] {logging_mixin.py:190} INFO - Current directory: /Users/linghuchong/Downloads/51/Python/project/instance/zyjk/CDRD/web/系统管理/用户管理
[2026-02-28T13:31:25.122+0800] {logging_mixin.py:190} INFO - Calculated project root: /Users/linghuchong/Downloads/51/Python/project
[2026-02-28T13:31:25.123+0800] {logging_mixin.py:190} INFO - PO module path: /Users/linghuchong/Downloads/51/Python/project/PO
[2026-02-28T13:31:25.282+0800] {logging_mixin.py:190} INFO - 随机生成测试数据: [['陈静', '15670780223', 'fsu@example.org', '726988', '572029']]
[2026-02-28T13:31:25.283+0800] {logging_mixin.py:190} INFO - ✅ 找到run_playwright函数，开始执行...
[2026-02-28T13:31:26.293+0800] {logging_mixin.py:190} INFO - off
[2026-02-28T13:31:31.728+0800] {logging_mixin.py:190} INFO - off
[2026-02-28T13:31:32.160+0800] {logging_mixin.py:190} INFO - off
[2026-02-28T13:31:32.171+0800] {logging_mixin.py:190} INFO - ✅ Playwright执行完成，返回结果: {'nick_name': '陈静', 'phonenumber': '15670780223', 'email': 'fsu@example.org', 'user_name': '726988', 'job_num': '572029'}
[2026-02-28T13:31:32.171+0800] {logging_mixin.py:190} INFO - Playwright执行结果: {'nick_name': '陈静', 'phonenumber': '15670780223', 'email': 'fsu@example.org', 'user_name': '726988', 'job_num': '572029'}
[2026-02-28T13:31:32.172+0800] {logging_mixin.py:190} INFO - 正则替换结果: [{"k": "select count(*) as qty from sys_user where job_num='572029'", "v": 1},{"k": "select count(*) as qty from sys_user where user_name='726988'", "v":1}]
[2026-02-28T13:31:32.173+0800] {logging_mixin.py:190} INFO - 150 [["delete from sys_user where user_name='726988' and job_num='572029'"],["123"]]
[2026-02-28T13:31:32.173+0800] {logging_mixin.py:190} INFO - 解析后的验证数据: [{'k': "select count(*) as qty from sys_user where job_num='572029'", 'v': 1}, {'k': "select count(*) as qty from sys_user where user_name='726988'", 'v': 1}]
[2026-02-28T13:31:32.177+0800] {logging_mixin.py:190} INFO - ❌ 断言失败
[2026-02-28T13:31:32.275+0800] {logging_mixin.py:190} INFO - ❌ 断言失败
[2026-02-28T13:31:32.382+0800] {logging_mixin.py:190} INFO - 跳过不匹配的测试脚本: 模块=系统管理, 子模块=角色管理, 脚本=新增角色.py
[2026-02-28T13:31:32.383+0800] {logging_mixin.py:190} INFO - 跳过不匹配的测试脚本: 模块=系统管理, 子模块=并发管理, 脚本={['系统管理','角色管理']:并发.py}
[2026-02-28T13:31:32.383+0800] {python.py:240} INFO - Done. Returned value was: None
[2026-02-28T13:31:32.400+0800] {taskinstance.py:349} INFO - ::group::Post task execution logs
[2026-02-28T13:31:32.402+0800] {taskinstance.py:361} INFO - Marking task as SUCCESS. dag_id=cdrd_新增用户, task_id=新增用户, run_id=manual__2026-02-28T05:31:05.186745+00:00, execution_date=20260228T053105, start_date=20260228T053124, end_date=20260228T053132
[2026-02-28T13:31:32.458+0800] {local_task_job_runner.py:266} INFO - Task exited with return code 0
[2026-02-28T13:31:32.495+0800] {taskinstance.py:3924} INFO - 1 downstream tasks scheduled from follow-on schedule check
[2026-02-28T13:31:32.497+0800] {local_task_job_runner.py:245} INFO - ::endgroup::
