[2026-03-06T16:00:49.319+0800] {processor.py:186} INFO - Started process (PID=18769) to work on /Users/linghuchong/Downloads/51/Python/project/instance/airflow284/dags/tag_CDRD/系统管理/dag_主控_系统管理2.py
[2026-03-06T16:00:49.320+0800] {processor.py:914} INFO - Processing file /Users/linghuchong/Downloads/51/Python/project/instance/airflow284/dags/tag_CDRD/系统管理/dag_主控_系统管理2.py for tasks to queue
[2026-03-06T16:00:49.321+0800] {logging_mixin.py:190} INFO - [2026-03-06T16:00:49.321+0800] {dagbag.py:588} INFO - Filling up the DagBag from /Users/linghuchong/Downloads/51/Python/project/instance/airflow284/dags/tag_CDRD/系统管理/dag_主控_系统管理2.py
[2026-03-06T16:00:49.324+0800] {processor.py:927} WARNING - No viable dags retrieved from /Users/linghuchong/Downloads/51/Python/project/instance/airflow284/dags/tag_CDRD/系统管理/dag_主控_系统管理2.py
[2026-03-06T16:00:49.427+0800] {processor.py:208} INFO - Processing /Users/linghuchong/Downloads/51/Python/project/instance/airflow284/dags/tag_CDRD/系统管理/dag_主控_系统管理2.py took 110.984 seconds
[2026-03-06T16:02:20.393+0800] {processor.py:186} INFO - Started process (PID=18921) to work on /Users/linghuchong/Downloads/51/Python/project/instance/airflow284/dags/tag_CDRD/系统管理/dag_主控_系统管理2.py
[2026-03-06T16:02:20.394+0800] {processor.py:914} INFO - Processing file /Users/linghuchong/Downloads/51/Python/project/instance/airflow284/dags/tag_CDRD/系统管理/dag_主控_系统管理2.py for tasks to queue
[2026-03-06T16:02:20.394+0800] {logging_mixin.py:190} INFO - [2026-03-06T16:02:20.394+0800] {dagbag.py:588} INFO - Filling up the DagBag from /Users/linghuchong/Downloads/51/Python/project/instance/airflow284/dags/tag_CDRD/系统管理/dag_主控_系统管理2.py
[2026-03-06T16:02:20.396+0800] {processor.py:927} WARNING - No viable dags retrieved from /Users/linghuchong/Downloads/51/Python/project/instance/airflow284/dags/tag_CDRD/系统管理/dag_主控_系统管理2.py
[2026-03-06T16:02:20.502+0800] {processor.py:208} INFO - Processing /Users/linghuchong/Downloads/51/Python/project/instance/airflow284/dags/tag_CDRD/系统管理/dag_主控_系统管理2.py took 112.228 seconds
[2026-03-06T16:03:52.103+0800] {processor.py:186} INFO - Started process (PID=19177) to work on /Users/linghuchong/Downloads/51/Python/project/instance/airflow284/dags/tag_CDRD/系统管理/dag_主控_系统管理2.py
[2026-03-06T16:03:52.104+0800] {processor.py:914} INFO - Processing file /Users/linghuchong/Downloads/51/Python/project/instance/airflow284/dags/tag_CDRD/系统管理/dag_主控_系统管理2.py for tasks to queue
[2026-03-06T16:03:52.105+0800] {logging_mixin.py:190} INFO - [2026-03-06T16:03:52.105+0800] {dagbag.py:588} INFO - Filling up the DagBag from /Users/linghuchong/Downloads/51/Python/project/instance/airflow284/dags/tag_CDRD/系统管理/dag_主控_系统管理2.py
[2026-03-06T16:03:52.108+0800] {processor.py:927} WARNING - No viable dags retrieved from /Users/linghuchong/Downloads/51/Python/project/instance/airflow284/dags/tag_CDRD/系统管理/dag_主控_系统管理2.py
[2026-03-06T16:03:52.212+0800] {processor.py:208} INFO - Processing /Users/linghuchong/Downloads/51/Python/project/instance/airflow284/dags/tag_CDRD/系统管理/dag_主控_系统管理2.py took 112.477 seconds
[2026-03-06T16:05:27.065+0800] {processor.py:186} INFO - Started process (PID=19335) to work on /Users/linghuchong/Downloads/51/Python/project/instance/airflow284/dags/tag_CDRD/系统管理/dag_主控_系统管理2.py
[2026-03-06T16:05:27.066+0800] {processor.py:914} INFO - Processing file /Users/linghuchong/Downloads/51/Python/project/instance/airflow284/dags/tag_CDRD/系统管理/dag_主控_系统管理2.py for tasks to queue
[2026-03-06T16:05:27.067+0800] {logging_mixin.py:190} INFO - [2026-03-06T16:05:27.067+0800] {dagbag.py:588} INFO - Filling up the DagBag from /Users/linghuchong/Downloads/51/Python/project/instance/airflow284/dags/tag_CDRD/系统管理/dag_主控_系统管理2.py
[2026-03-06T16:05:27.069+0800] {processor.py:927} WARNING - No viable dags retrieved from /Users/linghuchong/Downloads/51/Python/project/instance/airflow284/dags/tag_CDRD/系统管理/dag_主控_系统管理2.py
[2026-03-06T16:05:27.215+0800] {processor.py:208} INFO - Processing /Users/linghuchong/Downloads/51/Python/project/instance/airflow284/dags/tag_CDRD/系统管理/dag_主控_系统管理2.py took 153.103 seconds
[2026-03-06T16:06:59.880+0800] {processor.py:186} INFO - Started process (PID=19612) to work on /Users/linghuchong/Downloads/51/Python/project/instance/airflow284/dags/tag_CDRD/系统管理/dag_主控_系统管理2.py
[2026-03-06T16:06:59.881+0800] {processor.py:914} INFO - Processing file /Users/linghuchong/Downloads/51/Python/project/instance/airflow284/dags/tag_CDRD/系统管理/dag_主控_系统管理2.py for tasks to queue
[2026-03-06T16:06:59.882+0800] {logging_mixin.py:190} INFO - [2026-03-06T16:06:59.881+0800] {dagbag.py:588} INFO - Filling up the DagBag from /Users/linghuchong/Downloads/51/Python/project/instance/airflow284/dags/tag_CDRD/系统管理/dag_主控_系统管理2.py
[2026-03-06T16:06:59.885+0800] {processor.py:927} WARNING - No viable dags retrieved from /Users/linghuchong/Downloads/51/Python/project/instance/airflow284/dags/tag_CDRD/系统管理/dag_主控_系统管理2.py
[2026-03-06T16:06:59.981+0800] {processor.py:208} INFO - Processing /Users/linghuchong/Downloads/51/Python/project/instance/airflow284/dags/tag_CDRD/系统管理/dag_主控_系统管理2.py took 102.992 seconds
[2026-03-06T16:08:26.544+0800] {processor.py:186} INFO - Started process (PID=19731) to work on /Users/linghuchong/Downloads/51/Python/project/instance/airflow284/dags/tag_CDRD/系统管理/dag_主控_系统管理2.py
[2026-03-06T16:08:26.545+0800] {processor.py:914} INFO - Processing file /Users/linghuchong/Downloads/51/Python/project/instance/airflow284/dags/tag_CDRD/系统管理/dag_主控_系统管理2.py for tasks to queue
[2026-03-06T16:08:26.546+0800] {logging_mixin.py:190} INFO - [2026-03-06T16:08:26.545+0800] {dagbag.py:588} INFO - Filling up the DagBag from /Users/linghuchong/Downloads/51/Python/project/instance/airflow284/dags/tag_CDRD/系统管理/dag_主控_系统管理2.py
[2026-03-06T16:08:26.547+0800] {processor.py:927} WARNING - No viable dags retrieved from /Users/linghuchong/Downloads/51/Python/project/instance/airflow284/dags/tag_CDRD/系统管理/dag_主控_系统管理2.py
[2026-03-06T16:08:26.641+0800] {processor.py:208} INFO - Processing /Users/linghuchong/Downloads/51/Python/project/instance/airflow284/dags/tag_CDRD/系统管理/dag_主控_系统管理2.py took 99.455 seconds
[2026-03-06T16:09:52.039+0800] {processor.py:186} INFO - Started process (PID=19859) to work on /Users/linghuchong/Downloads/51/Python/project/instance/airflow284/dags/tag_CDRD/系统管理/dag_主控_系统管理2.py
[2026-03-06T16:09:52.039+0800] {processor.py:914} INFO - Processing file /Users/linghuchong/Downloads/51/Python/project/instance/airflow284/dags/tag_CDRD/系统管理/dag_主控_系统管理2.py for tasks to queue
[2026-03-06T16:09:52.040+0800] {logging_mixin.py:190} INFO - [2026-03-06T16:09:52.040+0800] {dagbag.py:588} INFO - Filling up the DagBag from /Users/linghuchong/Downloads/51/Python/project/instance/airflow284/dags/tag_CDRD/系统管理/dag_主控_系统管理2.py
[2026-03-06T16:09:52.042+0800] {processor.py:927} WARNING - No viable dags retrieved from /Users/linghuchong/Downloads/51/Python/project/instance/airflow284/dags/tag_CDRD/系统管理/dag_主控_系统管理2.py
[2026-03-06T16:09:52.142+0800] {processor.py:208} INFO - Processing /Users/linghuchong/Downloads/51/Python/project/instance/airflow284/dags/tag_CDRD/系统管理/dag_主控_系统管理2.py took 106.708 seconds
[2026-03-06T16:11:17.506+0800] {processor.py:186} INFO - Started process (PID=19991) to work on /Users/linghuchong/Downloads/51/Python/project/instance/airflow284/dags/tag_CDRD/系统管理/dag_主控_系统管理2.py
[2026-03-06T16:11:17.507+0800] {processor.py:914} INFO - Processing file /Users/linghuchong/Downloads/51/Python/project/instance/airflow284/dags/tag_CDRD/系统管理/dag_主控_系统管理2.py for tasks to queue
[2026-03-06T16:11:17.508+0800] {logging_mixin.py:190} INFO - [2026-03-06T16:11:17.508+0800] {dagbag.py:588} INFO - Filling up the DagBag from /Users/linghuchong/Downloads/51/Python/project/instance/airflow284/dags/tag_CDRD/系统管理/dag_主控_系统管理2.py
[2026-03-06T16:11:17.509+0800] {processor.py:927} WARNING - No viable dags retrieved from /Users/linghuchong/Downloads/51/Python/project/instance/airflow284/dags/tag_CDRD/系统管理/dag_主控_系统管理2.py
[2026-03-06T16:11:17.602+0800] {processor.py:208} INFO - Processing /Users/linghuchong/Downloads/51/Python/project/instance/airflow284/dags/tag_CDRD/系统管理/dag_主控_系统管理2.py took 98.705 seconds
[2026-03-06T16:12:42.885+0800] {processor.py:186} INFO - Started process (PID=20122) to work on /Users/linghuchong/Downloads/51/Python/project/instance/airflow284/dags/tag_CDRD/系统管理/dag_主控_系统管理2.py
[2026-03-06T16:12:42.885+0800] {processor.py:914} INFO - Processing file /Users/linghuchong/Downloads/51/Python/project/instance/airflow284/dags/tag_CDRD/系统管理/dag_主控_系统管理2.py for tasks to queue
[2026-03-06T16:12:42.886+0800] {logging_mixin.py:190} INFO - [2026-03-06T16:12:42.886+0800] {dagbag.py:588} INFO - Filling up the DagBag from /Users/linghuchong/Downloads/51/Python/project/instance/airflow284/dags/tag_CDRD/系统管理/dag_主控_系统管理2.py
[2026-03-06T16:12:42.887+0800] {processor.py:927} WARNING - No viable dags retrieved from /Users/linghuchong/Downloads/51/Python/project/instance/airflow284/dags/tag_CDRD/系统管理/dag_主控_系统管理2.py
[2026-03-06T16:12:42.981+0800] {processor.py:208} INFO - Processing /Users/linghuchong/Downloads/51/Python/project/instance/airflow284/dags/tag_CDRD/系统管理/dag_主控_系统管理2.py took 99.226 seconds
[2026-03-06T16:14:07.737+0800] {processor.py:186} INFO - Started process (PID=20254) to work on /Users/linghuchong/Downloads/51/Python/project/instance/airflow284/dags/tag_CDRD/系统管理/dag_主控_系统管理2.py
[2026-03-06T16:14:07.738+0800] {processor.py:914} INFO - Processing file /Users/linghuchong/Downloads/51/Python/project/instance/airflow284/dags/tag_CDRD/系统管理/dag_主控_系统管理2.py for tasks to queue
[2026-03-06T16:14:07.739+0800] {logging_mixin.py:190} INFO - [2026-03-06T16:14:07.739+0800] {dagbag.py:588} INFO - Filling up the DagBag from /Users/linghuchong/Downloads/51/Python/project/instance/airflow284/dags/tag_CDRD/系统管理/dag_主控_系统管理2.py
[2026-03-06T16:14:07.740+0800] {processor.py:927} WARNING - No viable dags retrieved from /Users/linghuchong/Downloads/51/Python/project/instance/airflow284/dags/tag_CDRD/系统管理/dag_主控_系统管理2.py
[2026-03-06T16:14:07.832+0800] {processor.py:208} INFO - Processing /Users/linghuchong/Downloads/51/Python/project/instance/airflow284/dags/tag_CDRD/系统管理/dag_主控_系统管理2.py took 96.994 seconds
[2026-03-06T16:15:34.414+0800] {processor.py:186} INFO - Started process (PID=20636) to work on /Users/linghuchong/Downloads/51/Python/project/instance/airflow284/dags/tag_CDRD/系统管理/dag_主控_系统管理2.py
[2026-03-06T16:15:34.415+0800] {processor.py:914} INFO - Processing file /Users/linghuchong/Downloads/51/Python/project/instance/airflow284/dags/tag_CDRD/系统管理/dag_主控_系统管理2.py for tasks to queue
[2026-03-06T16:15:34.416+0800] {logging_mixin.py:190} INFO - [2026-03-06T16:15:34.416+0800] {dagbag.py:588} INFO - Filling up the DagBag from /Users/linghuchong/Downloads/51/Python/project/instance/airflow284/dags/tag_CDRD/系统管理/dag_主控_系统管理2.py
[2026-03-06T16:15:34.417+0800] {processor.py:927} WARNING - No viable dags retrieved from /Users/linghuchong/Downloads/51/Python/project/instance/airflow284/dags/tag_CDRD/系统管理/dag_主控_系统管理2.py
[2026-03-06T16:15:34.517+0800] {processor.py:208} INFO - Processing /Users/linghuchong/Downloads/51/Python/project/instance/airflow284/dags/tag_CDRD/系统管理/dag_主控_系统管理2.py took 105.416 seconds
[2026-03-06T16:17:05.191+0800] {processor.py:186} INFO - Started process (PID=20815) to work on /Users/linghuchong/Downloads/51/Python/project/instance/airflow284/dags/tag_CDRD/系统管理/dag_主控_系统管理2.py
[2026-03-06T16:17:05.192+0800] {processor.py:914} INFO - Processing file /Users/linghuchong/Downloads/51/Python/project/instance/airflow284/dags/tag_CDRD/系统管理/dag_主控_系统管理2.py for tasks to queue
[2026-03-06T16:17:05.193+0800] {logging_mixin.py:190} INFO - [2026-03-06T16:17:05.193+0800] {dagbag.py:588} INFO - Filling up the DagBag from /Users/linghuchong/Downloads/51/Python/project/instance/airflow284/dags/tag_CDRD/系统管理/dag_主控_系统管理2.py
[2026-03-06T16:17:05.195+0800] {processor.py:927} WARNING - No viable dags retrieved from /Users/linghuchong/Downloads/51/Python/project/instance/airflow284/dags/tag_CDRD/系统管理/dag_主控_系统管理2.py
[2026-03-06T16:17:05.330+0800] {processor.py:208} INFO - Processing /Users/linghuchong/Downloads/51/Python/project/instance/airflow284/dags/tag_CDRD/系统管理/dag_主控_系统管理2.py took 144.000 seconds
[2026-03-06T16:18:31.851+0800] {processor.py:186} INFO - Started process (PID=20947) to work on /Users/linghuchong/Downloads/51/Python/project/instance/airflow284/dags/tag_CDRD/系统管理/dag_主控_系统管理2.py
[2026-03-06T16:18:31.852+0800] {processor.py:914} INFO - Processing file /Users/linghuchong/Downloads/51/Python/project/instance/airflow284/dags/tag_CDRD/系统管理/dag_主控_系统管理2.py for tasks to queue
[2026-03-06T16:18:31.853+0800] {logging_mixin.py:190} INFO - [2026-03-06T16:18:31.853+0800] {dagbag.py:588} INFO - Filling up the DagBag from /Users/linghuchong/Downloads/51/Python/project/instance/airflow284/dags/tag_CDRD/系统管理/dag_主控_系统管理2.py
[2026-03-06T16:18:31.854+0800] {processor.py:927} WARNING - No viable dags retrieved from /Users/linghuchong/Downloads/51/Python/project/instance/airflow284/dags/tag_CDRD/系统管理/dag_主控_系统管理2.py
[2026-03-06T16:18:31.959+0800] {processor.py:208} INFO - Processing /Users/linghuchong/Downloads/51/Python/project/instance/airflow284/dags/tag_CDRD/系统管理/dag_主控_系统管理2.py took 111.228 seconds
[2026-03-06T16:19:59.061+0800] {processor.py:186} INFO - Started process (PID=21082) to work on /Users/linghuchong/Downloads/51/Python/project/instance/airflow284/dags/tag_CDRD/系统管理/dag_主控_系统管理2.py
[2026-03-06T16:19:59.062+0800] {processor.py:914} INFO - Processing file /Users/linghuchong/Downloads/51/Python/project/instance/airflow284/dags/tag_CDRD/系统管理/dag_主控_系统管理2.py for tasks to queue
[2026-03-06T16:19:59.062+0800] {logging_mixin.py:190} INFO - [2026-03-06T16:19:59.062+0800] {dagbag.py:588} INFO - Filling up the DagBag from /Users/linghuchong/Downloads/51/Python/project/instance/airflow284/dags/tag_CDRD/系统管理/dag_主控_系统管理2.py
[2026-03-06T16:19:59.064+0800] {processor.py:927} WARNING - No viable dags retrieved from /Users/linghuchong/Downloads/51/Python/project/instance/airflow284/dags/tag_CDRD/系统管理/dag_主控_系统管理2.py
[2026-03-06T16:19:59.157+0800] {processor.py:208} INFO - Processing /Users/linghuchong/Downloads/51/Python/project/instance/airflow284/dags/tag_CDRD/系统管理/dag_主控_系统管理2.py took 99.084 seconds
[2026-03-06T16:21:23.738+0800] {processor.py:186} INFO - Started process (PID=21216) to work on /Users/linghuchong/Downloads/51/Python/project/instance/airflow284/dags/tag_CDRD/系统管理/dag_主控_系统管理2.py
[2026-03-06T16:21:23.738+0800] {processor.py:914} INFO - Processing file /Users/linghuchong/Downloads/51/Python/project/instance/airflow284/dags/tag_CDRD/系统管理/dag_主控_系统管理2.py for tasks to queue
[2026-03-06T16:21:23.739+0800] {logging_mixin.py:190} INFO - [2026-03-06T16:21:23.739+0800] {dagbag.py:588} INFO - Filling up the DagBag from /Users/linghuchong/Downloads/51/Python/project/instance/airflow284/dags/tag_CDRD/系统管理/dag_主控_系统管理2.py
[2026-03-06T16:21:23.740+0800] {processor.py:927} WARNING - No viable dags retrieved from /Users/linghuchong/Downloads/51/Python/project/instance/airflow284/dags/tag_CDRD/系统管理/dag_主控_系统管理2.py
[2026-03-06T16:21:23.835+0800] {processor.py:208} INFO - Processing /Users/linghuchong/Downloads/51/Python/project/instance/airflow284/dags/tag_CDRD/系统管理/dag_主控_系统管理2.py took 99.693 seconds
[2026-03-06T16:22:47.873+0800] {processor.py:186} INFO - Started process (PID=21355) to work on /Users/linghuchong/Downloads/51/Python/project/instance/airflow284/dags/tag_CDRD/系统管理/dag_主控_系统管理2.py
[2026-03-06T16:22:47.874+0800] {processor.py:914} INFO - Processing file /Users/linghuchong/Downloads/51/Python/project/instance/airflow284/dags/tag_CDRD/系统管理/dag_主控_系统管理2.py for tasks to queue
[2026-03-06T16:22:47.875+0800] {logging_mixin.py:190} INFO - [2026-03-06T16:22:47.874+0800] {dagbag.py:588} INFO - Filling up the DagBag from /Users/linghuchong/Downloads/51/Python/project/instance/airflow284/dags/tag_CDRD/系统管理/dag_主控_系统管理2.py
[2026-03-06T16:22:47.876+0800] {processor.py:927} WARNING - No viable dags retrieved from /Users/linghuchong/Downloads/51/Python/project/instance/airflow284/dags/tag_CDRD/系统管理/dag_主控_系统管理2.py
[2026-03-06T16:22:47.970+0800] {processor.py:208} INFO - Processing /Users/linghuchong/Downloads/51/Python/project/instance/airflow284/dags/tag_CDRD/系统管理/dag_主控_系统管理2.py took 99.246 seconds
[2026-03-06T16:24:12.850+0800] {processor.py:186} INFO - Started process (PID=21502) to work on /Users/linghuchong/Downloads/51/Python/project/instance/airflow284/dags/tag_CDRD/系统管理/dag_主控_系统管理2.py
[2026-03-06T16:24:12.850+0800] {processor.py:914} INFO - Processing file /Users/linghuchong/Downloads/51/Python/project/instance/airflow284/dags/tag_CDRD/系统管理/dag_主控_系统管理2.py for tasks to queue
[2026-03-06T16:24:12.851+0800] {logging_mixin.py:190} INFO - [2026-03-06T16:24:12.851+0800] {dagbag.py:588} INFO - Filling up the DagBag from /Users/linghuchong/Downloads/51/Python/project/instance/airflow284/dags/tag_CDRD/系统管理/dag_主控_系统管理2.py
[2026-03-06T16:24:12.852+0800] {processor.py:927} WARNING - No viable dags retrieved from /Users/linghuchong/Downloads/51/Python/project/instance/airflow284/dags/tag_CDRD/系统管理/dag_主控_系统管理2.py
[2026-03-06T16:24:12.947+0800] {processor.py:208} INFO - Processing /Users/linghuchong/Downloads/51/Python/project/instance/airflow284/dags/tag_CDRD/系统管理/dag_主控_系统管理2.py took 100.359 seconds
[2026-03-06T16:25:37.324+0800] {processor.py:186} INFO - Started process (PID=21632) to work on /Users/linghuchong/Downloads/51/Python/project/instance/airflow284/dags/tag_CDRD/系统管理/dag_主控_系统管理2.py
[2026-03-06T16:25:37.324+0800] {processor.py:914} INFO - Processing file /Users/linghuchong/Downloads/51/Python/project/instance/airflow284/dags/tag_CDRD/系统管理/dag_主控_系统管理2.py for tasks to queue
[2026-03-06T16:25:37.325+0800] {logging_mixin.py:190} INFO - [2026-03-06T16:25:37.325+0800] {dagbag.py:588} INFO - Filling up the DagBag from /Users/linghuchong/Downloads/51/Python/project/instance/airflow284/dags/tag_CDRD/系统管理/dag_主控_系统管理2.py
[2026-03-06T16:25:37.326+0800] {processor.py:927} WARNING - No viable dags retrieved from /Users/linghuchong/Downloads/51/Python/project/instance/airflow284/dags/tag_CDRD/系统管理/dag_主控_系统管理2.py
[2026-03-06T16:25:37.430+0800] {processor.py:208} INFO - Processing /Users/linghuchong/Downloads/51/Python/project/instance/airflow284/dags/tag_CDRD/系统管理/dag_主控_系统管理2.py took 109.266 seconds
[2026-03-06T16:27:01.783+0800] {processor.py:186} INFO - Started process (PID=21758) to work on /Users/linghuchong/Downloads/51/Python/project/instance/airflow284/dags/tag_CDRD/系统管理/dag_主控_系统管理2.py
[2026-03-06T16:27:01.784+0800] {processor.py:914} INFO - Processing file /Users/linghuchong/Downloads/51/Python/project/instance/airflow284/dags/tag_CDRD/系统管理/dag_主控_系统管理2.py for tasks to queue
[2026-03-06T16:27:01.785+0800] {logging_mixin.py:190} INFO - [2026-03-06T16:27:01.785+0800] {dagbag.py:588} INFO - Filling up the DagBag from /Users/linghuchong/Downloads/51/Python/project/instance/airflow284/dags/tag_CDRD/系统管理/dag_主控_系统管理2.py
[2026-03-06T16:27:01.786+0800] {processor.py:927} WARNING - No viable dags retrieved from /Users/linghuchong/Downloads/51/Python/project/instance/airflow284/dags/tag_CDRD/系统管理/dag_主控_系统管理2.py
[2026-03-06T16:27:01.882+0800] {processor.py:208} INFO - Processing /Users/linghuchong/Downloads/51/Python/project/instance/airflow284/dags/tag_CDRD/系统管理/dag_主控_系统管理2.py took 100.640 seconds
[2026-03-06T16:28:27.760+0800] {processor.py:186} INFO - Started process (PID=21883) to work on /Users/linghuchong/Downloads/51/Python/project/instance/airflow284/dags/tag_CDRD/系统管理/dag_主控_系统管理2.py
[2026-03-06T16:28:27.760+0800] {processor.py:914} INFO - Processing file /Users/linghuchong/Downloads/51/Python/project/instance/airflow284/dags/tag_CDRD/系统管理/dag_主控_系统管理2.py for tasks to queue
[2026-03-06T16:28:27.761+0800] {logging_mixin.py:190} INFO - [2026-03-06T16:28:27.761+0800] {dagbag.py:588} INFO - Filling up the DagBag from /Users/linghuchong/Downloads/51/Python/project/instance/airflow284/dags/tag_CDRD/系统管理/dag_主控_系统管理2.py
[2026-03-06T16:28:27.762+0800] {processor.py:927} WARNING - No viable dags retrieved from /Users/linghuchong/Downloads/51/Python/project/instance/airflow284/dags/tag_CDRD/系统管理/dag_主控_系统管理2.py
[2026-03-06T16:28:27.855+0800] {processor.py:208} INFO - Processing /Users/linghuchong/Downloads/51/Python/project/instance/airflow284/dags/tag_CDRD/系统管理/dag_主控_系统管理2.py took 97.538 seconds
[2026-03-06T16:29:52.376+0800] {processor.py:186} INFO - Started process (PID=22017) to work on /Users/linghuchong/Downloads/51/Python/project/instance/airflow284/dags/tag_CDRD/系统管理/dag_主控_系统管理2.py
[2026-03-06T16:29:52.377+0800] {processor.py:914} INFO - Processing file /Users/linghuchong/Downloads/51/Python/project/instance/airflow284/dags/tag_CDRD/系统管理/dag_主控_系统管理2.py for tasks to queue
[2026-03-06T16:29:52.378+0800] {logging_mixin.py:190} INFO - [2026-03-06T16:29:52.378+0800] {dagbag.py:588} INFO - Filling up the DagBag from /Users/linghuchong/Downloads/51/Python/project/instance/airflow284/dags/tag_CDRD/系统管理/dag_主控_系统管理2.py
[2026-03-06T16:29:52.379+0800] {processor.py:927} WARNING - No viable dags retrieved from /Users/linghuchong/Downloads/51/Python/project/instance/airflow284/dags/tag_CDRD/系统管理/dag_主控_系统管理2.py
[2026-03-06T16:29:52.479+0800] {processor.py:208} INFO - Processing /Users/linghuchong/Downloads/51/Python/project/instance/airflow284/dags/tag_CDRD/系统管理/dag_主控_系统管理2.py took 105.259 seconds
[2026-03-06T16:31:18.828+0800] {processor.py:186} INFO - Started process (PID=22157) to work on /Users/linghuchong/Downloads/51/Python/project/instance/airflow284/dags/tag_CDRD/系统管理/dag_主控_系统管理2.py
[2026-03-06T16:31:18.829+0800] {processor.py:914} INFO - Processing file /Users/linghuchong/Downloads/51/Python/project/instance/airflow284/dags/tag_CDRD/系统管理/dag_主控_系统管理2.py for tasks to queue
[2026-03-06T16:31:18.830+0800] {logging_mixin.py:190} INFO - [2026-03-06T16:31:18.830+0800] {dagbag.py:588} INFO - Filling up the DagBag from /Users/linghuchong/Downloads/51/Python/project/instance/airflow284/dags/tag_CDRD/系统管理/dag_主控_系统管理2.py
[2026-03-06T16:31:18.831+0800] {processor.py:927} WARNING - No viable dags retrieved from /Users/linghuchong/Downloads/51/Python/project/instance/airflow284/dags/tag_CDRD/系统管理/dag_主控_系统管理2.py
[2026-03-06T16:31:18.928+0800] {processor.py:208} INFO - Processing /Users/linghuchong/Downloads/51/Python/project/instance/airflow284/dags/tag_CDRD/系统管理/dag_主控_系统管理2.py took 102.387 seconds
[2026-03-06T16:32:44.458+0800] {processor.py:186} INFO - Started process (PID=22286) to work on /Users/linghuchong/Downloads/51/Python/project/instance/airflow284/dags/tag_CDRD/系统管理/dag_主控_系统管理2.py
[2026-03-06T16:32:44.459+0800] {processor.py:914} INFO - Processing file /Users/linghuchong/Downloads/51/Python/project/instance/airflow284/dags/tag_CDRD/系统管理/dag_主控_系统管理2.py for tasks to queue
[2026-03-06T16:32:44.460+0800] {logging_mixin.py:190} INFO - [2026-03-06T16:32:44.460+0800] {dagbag.py:588} INFO - Filling up the DagBag from /Users/linghuchong/Downloads/51/Python/project/instance/airflow284/dags/tag_CDRD/系统管理/dag_主控_系统管理2.py
[2026-03-06T16:32:44.461+0800] {processor.py:927} WARNING - No viable dags retrieved from /Users/linghuchong/Downloads/51/Python/project/instance/airflow284/dags/tag_CDRD/系统管理/dag_主控_系统管理2.py
[2026-03-06T16:32:44.555+0800] {processor.py:208} INFO - Processing /Users/linghuchong/Downloads/51/Python/project/instance/airflow284/dags/tag_CDRD/系统管理/dag_主控_系统管理2.py took 100.026 seconds
[2026-03-06T16:34:10.729+0800] {processor.py:186} INFO - Started process (PID=22431) to work on /Users/linghuchong/Downloads/51/Python/project/instance/airflow284/dags/tag_CDRD/系统管理/dag_主控_系统管理2.py
[2026-03-06T16:34:10.730+0800] {processor.py:914} INFO - Processing file /Users/linghuchong/Downloads/51/Python/project/instance/airflow284/dags/tag_CDRD/系统管理/dag_主控_系统管理2.py for tasks to queue
[2026-03-06T16:34:10.731+0800] {logging_mixin.py:190} INFO - [2026-03-06T16:34:10.731+0800] {dagbag.py:588} INFO - Filling up the DagBag from /Users/linghuchong/Downloads/51/Python/project/instance/airflow284/dags/tag_CDRD/系统管理/dag_主控_系统管理2.py
[2026-03-06T16:34:10.732+0800] {processor.py:927} WARNING - No viable dags retrieved from /Users/linghuchong/Downloads/51/Python/project/instance/airflow284/dags/tag_CDRD/系统管理/dag_主控_系统管理2.py
[2026-03-06T16:34:10.837+0800] {processor.py:208} INFO - Processing /Users/linghuchong/Downloads/51/Python/project/instance/airflow284/dags/tag_CDRD/系统管理/dag_主控_系统管理2.py took 110.949 seconds
[2026-03-06T16:35:40.464+0800] {processor.py:186} INFO - Started process (PID=22599) to work on /Users/linghuchong/Downloads/51/Python/project/instance/airflow284/dags/tag_CDRD/系统管理/dag_主控_系统管理2.py
[2026-03-06T16:35:40.467+0800] {processor.py:914} INFO - Processing file /Users/linghuchong/Downloads/51/Python/project/instance/airflow284/dags/tag_CDRD/系统管理/dag_主控_系统管理2.py for tasks to queue
[2026-03-06T16:35:40.468+0800] {logging_mixin.py:190} INFO - [2026-03-06T16:35:40.468+0800] {dagbag.py:588} INFO - Filling up the DagBag from /Users/linghuchong/Downloads/51/Python/project/instance/airflow284/dags/tag_CDRD/系统管理/dag_主控_系统管理2.py
[2026-03-06T16:35:40.471+0800] {processor.py:927} WARNING - No viable dags retrieved from /Users/linghuchong/Downloads/51/Python/project/instance/airflow284/dags/tag_CDRD/系统管理/dag_主控_系统管理2.py
[2026-03-06T16:35:40.566+0800] {processor.py:208} INFO - Processing /Users/linghuchong/Downloads/51/Python/project/instance/airflow284/dags/tag_CDRD/系统管理/dag_主控_系统管理2.py took 104.358 seconds
[2026-03-06T16:37:15.206+0800] {processor.py:186} INFO - Started process (PID=23026) to work on /Users/linghuchong/Downloads/51/Python/project/instance/airflow284/dags/tag_CDRD/系统管理/dag_主控_系统管理2.py
[2026-03-06T16:37:15.208+0800] {processor.py:914} INFO - Processing file /Users/linghuchong/Downloads/51/Python/project/instance/airflow284/dags/tag_CDRD/系统管理/dag_主控_系统管理2.py for tasks to queue
[2026-03-06T16:37:15.209+0800] {logging_mixin.py:190} INFO - [2026-03-06T16:37:15.209+0800] {dagbag.py:588} INFO - Filling up the DagBag from /Users/linghuchong/Downloads/51/Python/project/instance/airflow284/dags/tag_CDRD/系统管理/dag_主控_系统管理2.py
[2026-03-06T16:37:15.211+0800] {processor.py:927} WARNING - No viable dags retrieved from /Users/linghuchong/Downloads/51/Python/project/instance/airflow284/dags/tag_CDRD/系统管理/dag_主控_系统管理2.py
[2026-03-06T16:37:15.314+0800] {processor.py:208} INFO - Processing /Users/linghuchong/Downloads/51/Python/project/instance/airflow284/dags/tag_CDRD/系统管理/dag_主控_系统管理2.py took 111.214 seconds
