[2026-02-23T20:36:48.703+0800] {local_task_job_runner.py:123} INFO - ::group::Pre task execution logs
[2026-02-23T20:36:48.717+0800] {taskinstance.py:2631} INFO - Dependencies all met for dep_context=non-requeueable deps ti=<TaskInstance: producer_1p1n1n_DAG.producer_1p1n1n_TASK manual__2026-02-23T12:36:42.067898+00:00 [queued]>
[2026-02-23T20:36:48.724+0800] {taskinstance.py:2631} INFO - Dependencies all met for dep_context=requeueable deps ti=<TaskInstance: producer_1p1n1n_DAG.producer_1p1n1n_TASK manual__2026-02-23T12:36:42.067898+00:00 [queued]>
[2026-02-23T20:36:48.724+0800] {taskinstance.py:2884} INFO - Starting attempt 1 of 1
[2026-02-23T20:36:48.737+0800] {taskinstance.py:2907} INFO - Executing <Task(PythonOperator): producer_1p1n1n_TASK> on 2026-02-23 12:36:42.067898+00:00
[2026-02-23T20:36:48.741+0800] {standard_task_runner.py:72} INFO - Started process 7418 to run task
[2026-02-23T20:36:48.748+0800] {standard_task_runner.py:104} INFO - Running: ['airflow', 'tasks', 'run', 'producer_1p1n1n_DAG', 'producer_1p1n1n_TASK', 'manual__2026-02-23T12:36:42.067898+00:00', '--job-id', '169', '--raw', '--subdir', 'DAGS_FOLDER/producer_consumer /1_producer_N_consumer2.py', '--cfg-path', '/var/folders/f7/4z7jtb213fs0mtgbw_0vs2600000gn/T/tmp8bc9hbrd']
[2026-02-23T20:36:48.751+0800] {standard_task_runner.py:105} INFO - Job 169: Subtask producer_1p1n1n_TASK
[2026-02-23T20:36:48.987+0800] {task_command.py:467} INFO - Running <TaskInstance: producer_1p1n1n_DAG.producer_1p1n1n_TASK manual__2026-02-23T12:36:42.067898+00:00 [running]> on host localhost-2.local
[2026-02-23T20:36:49.051+0800] {taskinstance.py:3157} INFO - Exporting env vars: AIRFLOW_CTX_DAG_OWNER='airflow' AIRFLOW_CTX_DAG_ID='producer_1p1n1n_DAG' AIRFLOW_CTX_TASK_ID='producer_1p1n1n_TASK' AIRFLOW_CTX_EXECUTION_DATE='2026-02-23T12:36:42.067898+00:00' AIRFLOW_CTX_TRY_NUMBER='1' AIRFLOW_CTX_DAG_RUN_ID='manual__2026-02-23T12:36:42.067898+00:00'
[2026-02-23T20:36:49.052+0800] {taskinstance.py:740} INFO - ::endgroup::
[2026-02-23T20:36:49.071+0800] {logging_mixin.py:190} INFO - 开始同步订单数据...
[2026-02-23T20:36:49.072+0800] {logging_mixin.py:190} INFO - 订单数据同步完成！已更新 dw_order 表
[2026-02-23T20:36:49.072+0800] {logging_mixin.py:190} INFO - ✅ MySQL 连接成功！测试查询结果: ('333',)
[2026-02-23T20:36:49.073+0800] {python.py:240} INFO - Done. Returned value was: ('333',)
[2026-02-23T20:36:49.095+0800] {taskinstance.py:349} INFO - ::group::Post task execution logs
[2026-02-23T20:36:49.096+0800] {taskinstance.py:361} INFO - Marking task as SUCCESS. dag_id=producer_1p1n1n_DAG, task_id=producer_1p1n1n_TASK, run_id=manual__2026-02-23T12:36:42.067898+00:00, execution_date=20260223T123642, start_date=20260223T123648, end_date=20260223T123649
[2026-02-23T20:36:49.159+0800] {local_task_job_runner.py:266} INFO - Task exited with return code 0
[2026-02-23T20:36:49.178+0800] {taskinstance.py:3924} INFO - 0 downstream tasks scheduled from follow-on schedule check
[2026-02-23T20:36:49.179+0800] {local_task_job_runner.py:245} INFO - ::endgroup::
