[2026-03-01T08:37:05.858+0800] {local_task_job_runner.py:123} INFO - ::group::Pre task execution logs
[2026-03-01T08:37:05.874+0800] {taskinstance.py:2631} INFO - Dependencies all met for dep_context=non-requeueable deps ti=<TaskInstance: cdrd_并发.并行执行消费者 manual__2026-03-01T00:36:27.171540+00:00 [queued]>
[2026-03-01T08:37:05.882+0800] {taskinstance.py:2631} INFO - Dependencies all met for dep_context=requeueable deps ti=<TaskInstance: cdrd_并发.并行执行消费者 manual__2026-03-01T00:36:27.171540+00:00 [queued]>
[2026-03-01T08:37:05.883+0800] {taskinstance.py:2884} INFO - Starting attempt 1 of 1
[2026-03-01T08:37:05.895+0800] {taskinstance.py:2907} INFO - Executing <Task(PythonOperator): 并行执行消费者> on 2026-03-01 00:36:27.171540+00:00
[2026-03-01T08:37:05.898+0800] {standard_task_runner.py:72} INFO - Started process 1425 to run task
[2026-03-01T08:37:05.904+0800] {standard_task_runner.py:104} INFO - Running: ['airflow', 'tasks', 'run', 'cdrd_并发', '并行执行消费者', 'manual__2026-03-01T00:36:27.171540+00:00', '--job-id', '766', '--raw', '--subdir', 'DAGS_FOLDER/tag_CDRD/系统管理/角色管理/dag_并发2.py', '--cfg-path', '/var/folders/f7/4z7jtb213fs0mtgbw_0vs2600000gn/T/tmpjudcca3r']
[2026-03-01T08:37:05.909+0800] {standard_task_runner.py:105} INFO - Job 766: Subtask 并行执行消费者
[2026-03-01T08:37:05.956+0800] {task_command.py:467} INFO - Running <TaskInstance: cdrd_并发.并行执行消费者 manual__2026-03-01T00:36:27.171540+00:00 [running]> on host localhost-2.local
[2026-03-01T08:37:06.030+0800] {taskinstance.py:3157} INFO - Exporting env vars: AIRFLOW_CTX_DAG_OWNER='airflow' AIRFLOW_CTX_DAG_ID='cdrd_并发' AIRFLOW_CTX_TASK_ID='并行执行消费者' AIRFLOW_CTX_EXECUTION_DATE='2026-03-01T00:36:27.171540+00:00' AIRFLOW_CTX_TRY_NUMBER='1' AIRFLOW_CTX_DAG_RUN_ID='manual__2026-03-01T00:36:27.171540+00:00'
[2026-03-01T08:37:06.032+0800] {taskinstance.py:740} INFO - ::endgroup::
[2026-03-01T08:37:06.047+0800] {logging_mixin.py:190} INFO - ==================================================
[2026-03-01T08:37:06.047+0800] {logging_mixin.py:190} INFO - 【并行消费者】开始执行测试任务...
[2026-03-01T08:37:06.048+0800] {logging_mixin.py:190} INFO - ==================================================
[2026-03-01T08:37:06.053+0800] {logging_mixin.py:190} INFO - 从XCom获取到的测试用例数据: 1 条
[2026-03-01T08:37:06.053+0800] {logging_mixin.py:190} INFO - 发现 1 种不同的任务类型: ['编辑222角色']
[2026-03-01T08:37:06.054+0800] {logging_mixin.py:190} INFO - ❌ 并行消费者任务执行失败: unsupported operand type(s) for +: 'int' and 'str'
[2026-03-01T08:37:06.055+0800] {logging_mixin.py:190} WARNING - Traceback (most recent call last):
[2026-03-01T08:37:06.055+0800] {logging_mixin.py:190} WARNING -   File "/Users/linghuchong/Downloads/51/Python/project/instance/airflow284/dags/tag_CDRD/系统管理/角色管理/dag_并发2.py", line 387, in parallel_consumers_task
    total_batches = (len(unique_tasks) + batch_size - 1) // batch_size  # 向上取整计算批次数
[2026-03-01T08:37:06.056+0800] {logging_mixin.py:190} WARNING - TypeError: unsupported operand type(s) for +: 'int' and 'str'
[2026-03-01T08:37:06.056+0800] {taskinstance.py:3336} ERROR - Task failed with exception
Traceback (most recent call last):
  File "/Users/linghuchong/miniconda3/envs/py310/lib/python3.10/site-packages/airflow/models/taskinstance.py", line 776, in _execute_task
    result = _execute_callable(context=context, **execute_callable_kwargs)
  File "/Users/linghuchong/miniconda3/envs/py310/lib/python3.10/site-packages/airflow/models/taskinstance.py", line 742, in _execute_callable
    return ExecutionCallableRunner(
  File "/Users/linghuchong/miniconda3/envs/py310/lib/python3.10/site-packages/airflow/utils/operator_helpers.py", line 252, in run
    return self.func(*args, **kwargs)
  File "/Users/linghuchong/miniconda3/envs/py310/lib/python3.10/site-packages/airflow/models/baseoperator.py", line 424, in wrapper
    return func(self, *args, **kwargs)
  File "/Users/linghuchong/miniconda3/envs/py310/lib/python3.10/site-packages/airflow/operators/python.py", line 238, in execute
    return_value = self.execute_callable()
  File "/Users/linghuchong/miniconda3/envs/py310/lib/python3.10/site-packages/airflow/operators/python.py", line 256, in execute_callable
    return runner.run(*self.op_args, **self.op_kwargs)
  File "/Users/linghuchong/miniconda3/envs/py310/lib/python3.10/site-packages/airflow/utils/operator_helpers.py", line 252, in run
    return self.func(*args, **kwargs)
  File "/Users/linghuchong/Downloads/51/Python/project/instance/airflow284/dags/tag_CDRD/系统管理/角色管理/dag_并发2.py", line 463, in parallel_consumers_task
    raise e
  File "/Users/linghuchong/Downloads/51/Python/project/instance/airflow284/dags/tag_CDRD/系统管理/角色管理/dag_并发2.py", line 387, in parallel_consumers_task
    total_batches = (len(unique_tasks) + batch_size - 1) // batch_size  # 向上取整计算批次数
TypeError: unsupported operand type(s) for +: 'int' and 'str'
[2026-03-01T08:37:06.064+0800] {taskinstance.py:1242} INFO - Marking task as FAILED. dag_id=cdrd_并发, task_id=并行执行消费者, run_id=manual__2026-03-01T00:36:27.171540+00:00, execution_date=20260301T003627, start_date=20260301T003705, end_date=20260301T003706
[2026-03-01T08:37:06.078+0800] {taskinstance.py:349} INFO - ::group::Post task execution logs
[2026-03-01T08:37:06.079+0800] {standard_task_runner.py:124} ERROR - Failed to execute job 766 for task 并行执行消费者 (unsupported operand type(s) for +: 'int' and 'str'; 1425)
Traceback (most recent call last):
  File "/Users/linghuchong/miniconda3/envs/py310/lib/python3.10/site-packages/airflow/task/task_runner/standard_task_runner.py", line 117, in _start_by_fork
    ret = args.func(args, dag=self.dag)
  File "/Users/linghuchong/miniconda3/envs/py310/lib/python3.10/site-packages/airflow/cli/cli_config.py", line 49, in command
    return func(*args, **kwargs)
  File "/Users/linghuchong/miniconda3/envs/py310/lib/python3.10/site-packages/airflow/utils/cli.py", line 116, in wrapper
    return f(*args, **kwargs)
  File "/Users/linghuchong/miniconda3/envs/py310/lib/python3.10/site-packages/airflow/cli/commands/task_command.py", line 483, in task_run
    task_return_code = _run_task_by_selected_method(args, _dag, ti)
  File "/Users/linghuchong/miniconda3/envs/py310/lib/python3.10/site-packages/airflow/cli/commands/task_command.py", line 256, in _run_task_by_selected_method
    return _run_raw_task(args, ti)
  File "/Users/linghuchong/miniconda3/envs/py310/lib/python3.10/site-packages/airflow/cli/commands/task_command.py", line 341, in _run_raw_task
    return ti._run_raw_task(
  File "/Users/linghuchong/miniconda3/envs/py310/lib/python3.10/site-packages/airflow/utils/session.py", line 97, in wrapper
    return func(*args, session=session, **kwargs)
  File "/Users/linghuchong/miniconda3/envs/py310/lib/python3.10/site-packages/airflow/models/taskinstance.py", line 3029, in _run_raw_task
    return _run_raw_task(
  File "/Users/linghuchong/miniconda3/envs/py310/lib/python3.10/site-packages/airflow/models/taskinstance.py", line 282, in _run_raw_task
    TaskInstance._execute_task_with_callbacks(
  File "/Users/linghuchong/miniconda3/envs/py310/lib/python3.10/site-packages/airflow/models/taskinstance.py", line 3184, in _execute_task_with_callbacks
    result = self._execute_task(context, task_orig)
  File "/Users/linghuchong/miniconda3/envs/py310/lib/python3.10/site-packages/airflow/models/taskinstance.py", line 3208, in _execute_task
    return _execute_task(self, context, task_orig)
  File "/Users/linghuchong/miniconda3/envs/py310/lib/python3.10/site-packages/airflow/models/taskinstance.py", line 776, in _execute_task
    result = _execute_callable(context=context, **execute_callable_kwargs)
  File "/Users/linghuchong/miniconda3/envs/py310/lib/python3.10/site-packages/airflow/models/taskinstance.py", line 742, in _execute_callable
    return ExecutionCallableRunner(
  File "/Users/linghuchong/miniconda3/envs/py310/lib/python3.10/site-packages/airflow/utils/operator_helpers.py", line 252, in run
    return self.func(*args, **kwargs)
  File "/Users/linghuchong/miniconda3/envs/py310/lib/python3.10/site-packages/airflow/models/baseoperator.py", line 424, in wrapper
    return func(self, *args, **kwargs)
  File "/Users/linghuchong/miniconda3/envs/py310/lib/python3.10/site-packages/airflow/operators/python.py", line 238, in execute
    return_value = self.execute_callable()
  File "/Users/linghuchong/miniconda3/envs/py310/lib/python3.10/site-packages/airflow/operators/python.py", line 256, in execute_callable
    return runner.run(*self.op_args, **self.op_kwargs)
  File "/Users/linghuchong/miniconda3/envs/py310/lib/python3.10/site-packages/airflow/utils/operator_helpers.py", line 252, in run
    return self.func(*args, **kwargs)
  File "/Users/linghuchong/Downloads/51/Python/project/instance/airflow284/dags/tag_CDRD/系统管理/角色管理/dag_并发2.py", line 463, in parallel_consumers_task
    raise e
  File "/Users/linghuchong/Downloads/51/Python/project/instance/airflow284/dags/tag_CDRD/系统管理/角色管理/dag_并发2.py", line 387, in parallel_consumers_task
    total_batches = (len(unique_tasks) + batch_size - 1) // batch_size  # 向上取整计算批次数
TypeError: unsupported operand type(s) for +: 'int' and 'str'
[2026-03-01T08:37:06.094+0800] {local_task_job_runner.py:266} INFO - Task exited with return code 1
[2026-03-01T08:37:06.117+0800] {taskinstance.py:3924} INFO - 0 downstream tasks scheduled from follow-on schedule check
[2026-03-01T08:37:06.121+0800] {local_task_job_runner.py:245} INFO - ::endgroup::
