[2026-02-27T17:34:13.427+0800] {local_task_job_runner.py:123} INFO - ::group::Pre task execution logs
[2026-02-27T17:34:13.448+0800] {taskinstance.py:2631} INFO - Dependencies all met for dep_context=non-requeueable deps ti=<TaskInstance: cdrd_并发.并发 manual__2026-02-27T09:33:47.037310+00:00 [queued]>
[2026-02-27T17:34:13.458+0800] {taskinstance.py:2631} INFO - Dependencies all met for dep_context=requeueable deps ti=<TaskInstance: cdrd_并发.并发 manual__2026-02-27T09:33:47.037310+00:00 [queued]>
[2026-02-27T17:34:13.459+0800] {taskinstance.py:2884} INFO - Starting attempt 1 of 1
[2026-02-27T17:34:13.476+0800] {taskinstance.py:2907} INFO - Executing <Task(PythonOperator): 并发> on 2026-02-27 09:33:47.037310+00:00
[2026-02-27T17:34:13.479+0800] {standard_task_runner.py:72} INFO - Started process 21878 to run task
[2026-02-27T17:34:13.488+0800] {standard_task_runner.py:104} INFO - Running: ['airflow', 'tasks', 'run', 'cdrd_并发', '并发', 'manual__2026-02-27T09:33:47.037310+00:00', '--job-id', '560', '--raw', '--subdir', 'DAGS_FOLDER/tag_CDRD/系统管理/角色管理/dag_并发.py', '--cfg-path', '/var/folders/f7/4z7jtb213fs0mtgbw_0vs2600000gn/T/tmpnobg50l9']
[2026-02-27T17:34:13.494+0800] {standard_task_runner.py:105} INFO - Job 560: Subtask 并发
[2026-02-27T17:34:13.556+0800] {task_command.py:467} INFO - Running <TaskInstance: cdrd_并发.并发 manual__2026-02-27T09:33:47.037310+00:00 [running]> on host localhost-2.local
[2026-02-27T17:34:13.644+0800] {taskinstance.py:3157} INFO - Exporting env vars: AIRFLOW_CTX_DAG_OWNER='airflow' AIRFLOW_CTX_DAG_ID='cdrd_并发' AIRFLOW_CTX_TASK_ID='并发' AIRFLOW_CTX_EXECUTION_DATE='2026-02-27T09:33:47.037310+00:00' AIRFLOW_CTX_TRY_NUMBER='1' AIRFLOW_CTX_DAG_RUN_ID='manual__2026-02-27T09:33:47.037310+00:00'
[2026-02-27T17:34:13.645+0800] {taskinstance.py:740} INFO - ::endgroup::
[2026-02-27T17:34:13.664+0800] {logging_mixin.py:190} INFO - ==================================================
[2026-02-27T17:34:13.665+0800] {logging_mixin.py:190} INFO - 【消费者1】开始执行系统管理-用户管理测试用例...
[2026-02-27T17:34:13.666+0800] {logging_mixin.py:190} INFO - ==================================================
[2026-02-27T17:34:13.672+0800] {logging_mixin.py:190} INFO - 从XCom获取到的测试用例数据: 3 条
[2026-02-27T17:34:13.672+0800] {logging_mixin.py:190} INFO - 找到编辑角色测试用例: 新增角色.py
[2026-02-27T17:34:13.673+0800] {logging_mixin.py:190} INFO - 执行路径: 系统管理/角色管理/新增角色.py
[2026-02-27T17:34:13.674+0800] {logging_mixin.py:190} INFO - 准备执行Playwright脚本: /Users/linghuchong/Downloads/51/Python/project/instance/zyjk/CDRD/web/系统管理/角色管理/新增角色.py
[2026-02-27T17:34:14.033+0800] {logging_mixin.py:190} INFO - 随机生成测试数据: [['廖桂荣', '751358', '福建省惠州县涪城谢路t座 757785']]
[2026-02-27T17:34:14.033+0800] {logging_mixin.py:190} INFO - ✅ 找到run_playwright函数，开始执行...
[2026-02-27T17:34:19.927+0800] {logging_mixin.py:190} INFO - ✅ Playwright执行完成，返回结果: {'role_name': '廖桂荣', 'role_sort': '751358', 'remark': '福建省惠州县涪城谢路t座 757785'}
[2026-02-27T17:34:19.928+0800] {python.py:240} INFO - Done. Returned value was: {'module': '系统管理-用户管理', 'success_count': 0, 'fail_count': 0, 'total_count': 0}
[2026-02-27T17:34:19.948+0800] {taskinstance.py:349} INFO - ::group::Post task execution logs
[2026-02-27T17:34:19.949+0800] {taskinstance.py:361} INFO - Marking task as SUCCESS. dag_id=cdrd_并发, task_id=并发, run_id=manual__2026-02-27T09:33:47.037310+00:00, execution_date=20260227T093347, start_date=20260227T093413, end_date=20260227T093419
[2026-02-27T17:34:19.996+0800] {local_task_job_runner.py:266} INFO - Task exited with return code 0
[2026-02-27T17:34:20.019+0800] {taskinstance.py:3924} INFO - 0 downstream tasks scheduled from follow-on schedule check
[2026-02-27T17:34:20.020+0800] {local_task_job_runner.py:245} INFO - ::endgroup::
