[2026-02-12T10:39:45.620+0800] {processor.py:161} INFO - Started process (PID=1842) to work on /Users/linghuchong/Downloads/51/Python/project/instance/airflow/dags/tag_data_warehouse/dw_order_sync.py
[2026-02-12T10:39:45.621+0800] {processor.py:830} INFO - Processing file /Users/linghuchong/Downloads/51/Python/project/instance/airflow/dags/tag_data_warehouse/dw_order_sync.py for tasks to queue
[2026-02-12T10:39:45.622+0800] {logging_mixin.py:188} INFO - [2026-02-12T10:39:45.622+0800] {dagbag.py:540} INFO - Filling up the DagBag from /Users/linghuchong/Downloads/51/Python/project/instance/airflow/dags/tag_data_warehouse/dw_order_sync.py
[2026-02-12T10:39:45.752+0800] {processor.py:840} INFO - DAG(s) 'dw_order_sync' retrieved from /Users/linghuchong/Downloads/51/Python/project/instance/airflow/dags/tag_data_warehouse/dw_order_sync.py
[2026-02-12T10:39:45.788+0800] {logging_mixin.py:188} INFO - [2026-02-12T10:39:45.788+0800] {dag.py:3047} INFO - Sync 1 DAGs
[2026-02-12T10:39:45.807+0800] {logging_mixin.py:188} INFO - [2026-02-12T10:39:45.807+0800] {dag.py:3834} INFO - Setting next_dagrun for dw_order_sync to 2026-02-11 00:00:00+00:00, run_after=2026-02-12 00:00:00+00:00
[2026-02-12T10:39:45.826+0800] {processor.py:183} INFO - Processing /Users/linghuchong/Downloads/51/Python/project/instance/airflow/dags/tag_data_warehouse/dw_order_sync.py took 0.207 seconds
[2026-02-12T10:41:03.550+0800] {processor.py:161} INFO - Started process (PID=2031) to work on /Users/linghuchong/Downloads/51/Python/project/instance/airflow/dags/tag_data_warehouse/dw_order_sync.py
[2026-02-12T10:41:03.553+0800] {processor.py:830} INFO - Processing file /Users/linghuchong/Downloads/51/Python/project/instance/airflow/dags/tag_data_warehouse/dw_order_sync.py for tasks to queue
[2026-02-12T10:41:03.554+0800] {logging_mixin.py:188} INFO - [2026-02-12T10:41:03.554+0800] {dagbag.py:540} INFO - Filling up the DagBag from /Users/linghuchong/Downloads/51/Python/project/instance/airflow/dags/tag_data_warehouse/dw_order_sync.py
[2026-02-12T10:41:03.674+0800] {processor.py:840} INFO - DAG(s) 'dw_order_sync' retrieved from /Users/linghuchong/Downloads/51/Python/project/instance/airflow/dags/tag_data_warehouse/dw_order_sync.py
[2026-02-12T10:41:03.711+0800] {logging_mixin.py:188} INFO - [2026-02-12T10:41:03.710+0800] {dag.py:3047} INFO - Sync 1 DAGs
[2026-02-12T10:41:03.728+0800] {logging_mixin.py:188} INFO - [2026-02-12T10:41:03.728+0800] {dag.py:3834} INFO - Setting next_dagrun for dw_order_sync to 2026-02-12 00:00:00+00:00, run_after=2026-02-13 00:00:00+00:00
[2026-02-12T10:41:03.747+0800] {processor.py:183} INFO - Processing /Users/linghuchong/Downloads/51/Python/project/instance/airflow/dags/tag_data_warehouse/dw_order_sync.py took 0.197 seconds
[2026-02-12T10:43:07.298+0800] {processor.py:161} INFO - Started process (PID=2146) to work on /Users/linghuchong/Downloads/51/Python/project/instance/airflow/dags/tag_data_warehouse/dw_order_sync.py
[2026-02-12T10:43:07.301+0800] {processor.py:830} INFO - Processing file /Users/linghuchong/Downloads/51/Python/project/instance/airflow/dags/tag_data_warehouse/dw_order_sync.py for tasks to queue
[2026-02-12T10:43:07.302+0800] {logging_mixin.py:188} INFO - [2026-02-12T10:43:07.302+0800] {dagbag.py:540} INFO - Filling up the DagBag from /Users/linghuchong/Downloads/51/Python/project/instance/airflow/dags/tag_data_warehouse/dw_order_sync.py
[2026-02-12T10:43:07.416+0800] {processor.py:840} INFO - DAG(s) 'dw_order_sync' retrieved from /Users/linghuchong/Downloads/51/Python/project/instance/airflow/dags/tag_data_warehouse/dw_order_sync.py
[2026-02-12T10:43:07.447+0800] {logging_mixin.py:188} INFO - [2026-02-12T10:43:07.447+0800] {dag.py:3047} INFO - Sync 1 DAGs
[2026-02-12T10:43:07.464+0800] {logging_mixin.py:188} INFO - [2026-02-12T10:43:07.464+0800] {dag.py:3834} INFO - Setting next_dagrun for dw_order_sync to 2026-02-12 00:00:00+00:00, run_after=2026-02-13 00:00:00+00:00
[2026-02-12T10:43:07.486+0800] {processor.py:183} INFO - Processing /Users/linghuchong/Downloads/51/Python/project/instance/airflow/dags/tag_data_warehouse/dw_order_sync.py took 0.188 seconds
[2026-02-12T10:44:51.466+0800] {processor.py:161} INFO - Started process (PID=2224) to work on /Users/linghuchong/Downloads/51/Python/project/instance/airflow/dags/tag_data_warehouse/dw_order_sync.py
[2026-02-12T10:44:51.469+0800] {processor.py:830} INFO - Processing file /Users/linghuchong/Downloads/51/Python/project/instance/airflow/dags/tag_data_warehouse/dw_order_sync.py for tasks to queue
[2026-02-12T10:44:51.470+0800] {logging_mixin.py:188} INFO - [2026-02-12T10:44:51.469+0800] {dagbag.py:540} INFO - Filling up the DagBag from /Users/linghuchong/Downloads/51/Python/project/instance/airflow/dags/tag_data_warehouse/dw_order_sync.py
[2026-02-12T10:44:51.578+0800] {processor.py:840} INFO - DAG(s) 'dw_order_sync' retrieved from /Users/linghuchong/Downloads/51/Python/project/instance/airflow/dags/tag_data_warehouse/dw_order_sync.py
[2026-02-12T10:44:51.609+0800] {logging_mixin.py:188} INFO - [2026-02-12T10:44:51.609+0800] {dag.py:3047} INFO - Sync 1 DAGs
[2026-02-12T10:44:51.627+0800] {logging_mixin.py:188} INFO - [2026-02-12T10:44:51.626+0800] {dag.py:3834} INFO - Setting next_dagrun for dw_order_sync to 2026-02-12 00:00:00+00:00, run_after=2026-02-13 00:00:00+00:00
[2026-02-12T10:44:51.646+0800] {processor.py:183} INFO - Processing /Users/linghuchong/Downloads/51/Python/project/instance/airflow/dags/tag_data_warehouse/dw_order_sync.py took 0.181 seconds
[2026-02-12T10:48:13.516+0800] {processor.py:161} INFO - Started process (PID=2327) to work on /Users/linghuchong/Downloads/51/Python/project/instance/airflow/dags/tag_data_warehouse/dw_order_sync.py
[2026-02-12T10:48:13.519+0800] {processor.py:830} INFO - Processing file /Users/linghuchong/Downloads/51/Python/project/instance/airflow/dags/tag_data_warehouse/dw_order_sync.py for tasks to queue
[2026-02-12T10:48:13.520+0800] {logging_mixin.py:188} INFO - [2026-02-12T10:48:13.520+0800] {dagbag.py:540} INFO - Filling up the DagBag from /Users/linghuchong/Downloads/51/Python/project/instance/airflow/dags/tag_data_warehouse/dw_order_sync.py
[2026-02-12T10:48:13.638+0800] {processor.py:840} INFO - DAG(s) 'dw_order_sync' retrieved from /Users/linghuchong/Downloads/51/Python/project/instance/airflow/dags/tag_data_warehouse/dw_order_sync.py
[2026-02-12T10:48:13.673+0800] {logging_mixin.py:188} INFO - [2026-02-12T10:48:13.673+0800] {dag.py:3047} INFO - Sync 1 DAGs
[2026-02-12T10:48:13.693+0800] {logging_mixin.py:188} INFO - [2026-02-12T10:48:13.693+0800] {dag.py:3834} INFO - Setting next_dagrun for dw_order_sync to 2026-02-12 00:00:00+00:00, run_after=2026-02-13 00:00:00+00:00
[2026-02-12T10:48:13.713+0800] {processor.py:183} INFO - Processing /Users/linghuchong/Downloads/51/Python/project/instance/airflow/dags/tag_data_warehouse/dw_order_sync.py took 0.198 seconds
[2026-02-12T10:51:04.689+0800] {processor.py:161} INFO - Started process (PID=2403) to work on /Users/linghuchong/Downloads/51/Python/project/instance/airflow/dags/tag_data_warehouse/dw_order_sync.py
[2026-02-12T10:51:04.690+0800] {processor.py:830} INFO - Processing file /Users/linghuchong/Downloads/51/Python/project/instance/airflow/dags/tag_data_warehouse/dw_order_sync.py for tasks to queue
[2026-02-12T10:51:04.691+0800] {logging_mixin.py:188} INFO - [2026-02-12T10:51:04.691+0800] {dagbag.py:540} INFO - Filling up the DagBag from /Users/linghuchong/Downloads/51/Python/project/instance/airflow/dags/tag_data_warehouse/dw_order_sync.py
[2026-02-12T10:51:04.805+0800] {processor.py:840} INFO - DAG(s) 'dw_order_sync' retrieved from /Users/linghuchong/Downloads/51/Python/project/instance/airflow/dags/tag_data_warehouse/dw_order_sync.py
[2026-02-12T10:51:04.835+0800] {logging_mixin.py:188} INFO - [2026-02-12T10:51:04.834+0800] {dag.py:3047} INFO - Sync 1 DAGs
[2026-02-12T10:51:04.851+0800] {logging_mixin.py:188} INFO - [2026-02-12T10:51:04.851+0800] {dag.py:3834} INFO - Setting next_dagrun for dw_order_sync to 2026-02-12 00:00:00+00:00, run_after=2026-02-13 00:00:00+00:00
[2026-02-12T10:51:04.872+0800] {processor.py:183} INFO - Processing /Users/linghuchong/Downloads/51/Python/project/instance/airflow/dags/tag_data_warehouse/dw_order_sync.py took 0.184 seconds
[2026-02-12T10:53:42.451+0800] {processor.py:161} INFO - Started process (PID=2476) to work on /Users/linghuchong/Downloads/51/Python/project/instance/airflow/dags/tag_data_warehouse/dw_order_sync.py
[2026-02-12T10:53:42.452+0800] {processor.py:830} INFO - Processing file /Users/linghuchong/Downloads/51/Python/project/instance/airflow/dags/tag_data_warehouse/dw_order_sync.py for tasks to queue
[2026-02-12T10:53:42.453+0800] {logging_mixin.py:188} INFO - [2026-02-12T10:53:42.452+0800] {dagbag.py:540} INFO - Filling up the DagBag from /Users/linghuchong/Downloads/51/Python/project/instance/airflow/dags/tag_data_warehouse/dw_order_sync.py
[2026-02-12T10:53:42.581+0800] {processor.py:840} INFO - DAG(s) 'dw_order_sync' retrieved from /Users/linghuchong/Downloads/51/Python/project/instance/airflow/dags/tag_data_warehouse/dw_order_sync.py
[2026-02-12T10:53:42.614+0800] {logging_mixin.py:188} INFO - [2026-02-12T10:53:42.614+0800] {dag.py:3047} INFO - Sync 1 DAGs
[2026-02-12T10:53:42.632+0800] {logging_mixin.py:188} INFO - [2026-02-12T10:53:42.631+0800] {dag.py:3834} INFO - Setting next_dagrun for dw_order_sync to 2026-02-12 00:00:00+00:00, run_after=2026-02-13 00:00:00+00:00
[2026-02-12T10:53:42.664+0800] {processor.py:183} INFO - Processing /Users/linghuchong/Downloads/51/Python/project/instance/airflow/dags/tag_data_warehouse/dw_order_sync.py took 0.214 seconds
[2026-02-12T11:04:03.446+0800] {processor.py:161} INFO - Started process (PID=2599) to work on /Users/linghuchong/Downloads/51/Python/project/instance/airflow/dags/tag_data_warehouse/dw_order_sync.py
[2026-02-12T11:04:03.447+0800] {processor.py:830} INFO - Processing file /Users/linghuchong/Downloads/51/Python/project/instance/airflow/dags/tag_data_warehouse/dw_order_sync.py for tasks to queue
[2026-02-12T11:04:03.448+0800] {logging_mixin.py:188} INFO - [2026-02-12T11:04:03.448+0800] {dagbag.py:540} INFO - Filling up the DagBag from /Users/linghuchong/Downloads/51/Python/project/instance/airflow/dags/tag_data_warehouse/dw_order_sync.py
[2026-02-12T11:04:03.566+0800] {processor.py:840} INFO - DAG(s) 'dw_order_sync' retrieved from /Users/linghuchong/Downloads/51/Python/project/instance/airflow/dags/tag_data_warehouse/dw_order_sync.py
[2026-02-12T11:04:03.597+0800] {logging_mixin.py:188} INFO - [2026-02-12T11:04:03.597+0800] {dag.py:3047} INFO - Sync 1 DAGs
[2026-02-12T11:04:03.615+0800] {logging_mixin.py:188} INFO - [2026-02-12T11:04:03.615+0800] {dag.py:3834} INFO - Setting next_dagrun for dw_order_sync to 2026-02-12 00:00:00+00:00, run_after=2026-02-13 00:00:00+00:00
[2026-02-12T11:04:03.633+0800] {processor.py:183} INFO - Processing /Users/linghuchong/Downloads/51/Python/project/instance/airflow/dags/tag_data_warehouse/dw_order_sync.py took 0.188 seconds
[2026-02-12T11:07:04.859+0800] {processor.py:161} INFO - Started process (PID=2706) to work on /Users/linghuchong/Downloads/51/Python/project/instance/airflow/dags/tag_data_warehouse/dw_order_sync.py
[2026-02-12T11:07:04.862+0800] {processor.py:830} INFO - Processing file /Users/linghuchong/Downloads/51/Python/project/instance/airflow/dags/tag_data_warehouse/dw_order_sync.py for tasks to queue
[2026-02-12T11:07:04.862+0800] {logging_mixin.py:188} INFO - [2026-02-12T11:07:04.862+0800] {dagbag.py:540} INFO - Filling up the DagBag from /Users/linghuchong/Downloads/51/Python/project/instance/airflow/dags/tag_data_warehouse/dw_order_sync.py
[2026-02-12T11:07:04.985+0800] {processor.py:840} INFO - DAG(s) 'dw_order_sync' retrieved from /Users/linghuchong/Downloads/51/Python/project/instance/airflow/dags/tag_data_warehouse/dw_order_sync.py
[2026-02-12T11:07:05.020+0800] {logging_mixin.py:188} INFO - [2026-02-12T11:07:05.019+0800] {dag.py:3047} INFO - Sync 1 DAGs
[2026-02-12T11:07:05.039+0800] {logging_mixin.py:188} INFO - [2026-02-12T11:07:05.039+0800] {dag.py:3834} INFO - Setting next_dagrun for dw_order_sync to 2026-02-12 00:00:00+00:00, run_after=2026-02-13 00:00:00+00:00
[2026-02-12T11:07:05.062+0800] {processor.py:183} INFO - Processing /Users/linghuchong/Downloads/51/Python/project/instance/airflow/dags/tag_data_warehouse/dw_order_sync.py took 0.204 seconds
[2026-02-12T11:09:50.701+0800] {processor.py:161} INFO - Started process (PID=2869) to work on /Users/linghuchong/Downloads/51/Python/project/instance/airflow/dags/tag_data_warehouse/dw_order_sync.py
[2026-02-12T11:09:50.703+0800] {processor.py:830} INFO - Processing file /Users/linghuchong/Downloads/51/Python/project/instance/airflow/dags/tag_data_warehouse/dw_order_sync.py for tasks to queue
[2026-02-12T11:09:50.704+0800] {logging_mixin.py:188} INFO - [2026-02-12T11:09:50.704+0800] {dagbag.py:540} INFO - Filling up the DagBag from /Users/linghuchong/Downloads/51/Python/project/instance/airflow/dags/tag_data_warehouse/dw_order_sync.py
[2026-02-12T11:09:50.813+0800] {processor.py:840} INFO - DAG(s) 'dw_order_sync' retrieved from /Users/linghuchong/Downloads/51/Python/project/instance/airflow/dags/tag_data_warehouse/dw_order_sync.py
[2026-02-12T11:09:50.842+0800] {logging_mixin.py:188} INFO - [2026-02-12T11:09:50.842+0800] {dag.py:3047} INFO - Sync 1 DAGs
[2026-02-12T11:09:50.857+0800] {logging_mixin.py:188} INFO - [2026-02-12T11:09:50.857+0800] {dag.py:3834} INFO - Setting next_dagrun for dw_order_sync to 2026-02-12 00:00:00+00:00, run_after=2026-02-13 00:00:00+00:00
[2026-02-12T11:09:50.878+0800] {processor.py:183} INFO - Processing /Users/linghuchong/Downloads/51/Python/project/instance/airflow/dags/tag_data_warehouse/dw_order_sync.py took 0.178 seconds
[2026-02-12T11:12:32.769+0800] {processor.py:161} INFO - Started process (PID=2957) to work on /Users/linghuchong/Downloads/51/Python/project/instance/airflow/dags/tag_data_warehouse/dw_order_sync.py
[2026-02-12T11:12:32.771+0800] {processor.py:830} INFO - Processing file /Users/linghuchong/Downloads/51/Python/project/instance/airflow/dags/tag_data_warehouse/dw_order_sync.py for tasks to queue
[2026-02-12T11:12:32.772+0800] {logging_mixin.py:188} INFO - [2026-02-12T11:12:32.772+0800] {dagbag.py:540} INFO - Filling up the DagBag from /Users/linghuchong/Downloads/51/Python/project/instance/airflow/dags/tag_data_warehouse/dw_order_sync.py
[2026-02-12T11:12:32.882+0800] {processor.py:840} INFO - DAG(s) 'dw_order_sync' retrieved from /Users/linghuchong/Downloads/51/Python/project/instance/airflow/dags/tag_data_warehouse/dw_order_sync.py
[2026-02-12T11:12:32.910+0800] {logging_mixin.py:188} INFO - [2026-02-12T11:12:32.910+0800] {dag.py:3047} INFO - Sync 1 DAGs
[2026-02-12T11:12:32.926+0800] {logging_mixin.py:188} INFO - [2026-02-12T11:12:32.925+0800] {dag.py:3834} INFO - Setting next_dagrun for dw_order_sync to 2026-02-12 00:00:00+00:00, run_after=2026-02-13 00:00:00+00:00
[2026-02-12T11:12:32.946+0800] {processor.py:183} INFO - Processing /Users/linghuchong/Downloads/51/Python/project/instance/airflow/dags/tag_data_warehouse/dw_order_sync.py took 0.179 seconds
[2026-02-12T11:15:13.318+0800] {processor.py:161} INFO - Started process (PID=3141) to work on /Users/linghuchong/Downloads/51/Python/project/instance/airflow/dags/tag_data_warehouse/dw_order_sync.py
[2026-02-12T11:15:13.319+0800] {processor.py:830} INFO - Processing file /Users/linghuchong/Downloads/51/Python/project/instance/airflow/dags/tag_data_warehouse/dw_order_sync.py for tasks to queue
[2026-02-12T11:15:13.320+0800] {logging_mixin.py:188} INFO - [2026-02-12T11:15:13.320+0800] {dagbag.py:540} INFO - Filling up the DagBag from /Users/linghuchong/Downloads/51/Python/project/instance/airflow/dags/tag_data_warehouse/dw_order_sync.py
[2026-02-12T11:15:13.428+0800] {processor.py:840} INFO - DAG(s) 'dw_order_sync' retrieved from /Users/linghuchong/Downloads/51/Python/project/instance/airflow/dags/tag_data_warehouse/dw_order_sync.py
[2026-02-12T11:15:13.458+0800] {logging_mixin.py:188} INFO - [2026-02-12T11:15:13.458+0800] {dag.py:3047} INFO - Sync 1 DAGs
[2026-02-12T11:15:13.474+0800] {logging_mixin.py:188} INFO - [2026-02-12T11:15:13.474+0800] {dag.py:3834} INFO - Setting next_dagrun for dw_order_sync to 2026-02-12 00:00:00+00:00, run_after=2026-02-13 00:00:00+00:00
[2026-02-12T11:15:13.492+0800] {processor.py:183} INFO - Processing /Users/linghuchong/Downloads/51/Python/project/instance/airflow/dags/tag_data_warehouse/dw_order_sync.py took 0.175 seconds
[2026-02-12T11:18:02.621+0800] {processor.py:161} INFO - Started process (PID=3313) to work on /Users/linghuchong/Downloads/51/Python/project/instance/airflow/dags/tag_data_warehouse/dw_order_sync.py
[2026-02-12T11:18:02.621+0800] {processor.py:830} INFO - Processing file /Users/linghuchong/Downloads/51/Python/project/instance/airflow/dags/tag_data_warehouse/dw_order_sync.py for tasks to queue
[2026-02-12T11:18:02.622+0800] {logging_mixin.py:188} INFO - [2026-02-12T11:18:02.622+0800] {dagbag.py:540} INFO - Filling up the DagBag from /Users/linghuchong/Downloads/51/Python/project/instance/airflow/dags/tag_data_warehouse/dw_order_sync.py
[2026-02-12T11:18:02.741+0800] {processor.py:840} INFO - DAG(s) 'dw_order_sync' retrieved from /Users/linghuchong/Downloads/51/Python/project/instance/airflow/dags/tag_data_warehouse/dw_order_sync.py
[2026-02-12T11:18:02.774+0800] {logging_mixin.py:188} INFO - [2026-02-12T11:18:02.773+0800] {dag.py:3047} INFO - Sync 1 DAGs
[2026-02-12T11:18:02.793+0800] {logging_mixin.py:188} INFO - [2026-02-12T11:18:02.793+0800] {dag.py:3834} INFO - Setting next_dagrun for dw_order_sync to 2026-02-12 00:00:00+00:00, run_after=2026-02-13 00:00:00+00:00
[2026-02-12T11:18:02.815+0800] {processor.py:183} INFO - Processing /Users/linghuchong/Downloads/51/Python/project/instance/airflow/dags/tag_data_warehouse/dw_order_sync.py took 0.195 seconds
[2026-02-12T11:20:51.655+0800] {processor.py:161} INFO - Started process (PID=3491) to work on /Users/linghuchong/Downloads/51/Python/project/instance/airflow/dags/tag_data_warehouse/dw_order_sync.py
[2026-02-12T11:20:51.656+0800] {processor.py:830} INFO - Processing file /Users/linghuchong/Downloads/51/Python/project/instance/airflow/dags/tag_data_warehouse/dw_order_sync.py for tasks to queue
[2026-02-12T11:20:51.657+0800] {logging_mixin.py:188} INFO - [2026-02-12T11:20:51.657+0800] {dagbag.py:540} INFO - Filling up the DagBag from /Users/linghuchong/Downloads/51/Python/project/instance/airflow/dags/tag_data_warehouse/dw_order_sync.py
[2026-02-12T11:20:51.774+0800] {processor.py:840} INFO - DAG(s) 'dw_order_sync' retrieved from /Users/linghuchong/Downloads/51/Python/project/instance/airflow/dags/tag_data_warehouse/dw_order_sync.py
[2026-02-12T11:20:51.891+0800] {logging_mixin.py:188} INFO - [2026-02-12T11:20:51.890+0800] {dag.py:3047} INFO - Sync 1 DAGs
[2026-02-12T11:20:51.908+0800] {logging_mixin.py:188} INFO - [2026-02-12T11:20:51.908+0800] {dag.py:3834} INFO - Setting next_dagrun for dw_order_sync to 2026-02-12 00:00:00+00:00, run_after=2026-02-13 00:00:00+00:00
[2026-02-12T11:20:51.929+0800] {processor.py:183} INFO - Processing /Users/linghuchong/Downloads/51/Python/project/instance/airflow/dags/tag_data_warehouse/dw_order_sync.py took 0.274 seconds
[2026-02-12T11:23:40.971+0800] {processor.py:161} INFO - Started process (PID=3570) to work on /Users/linghuchong/Downloads/51/Python/project/instance/airflow/dags/tag_data_warehouse/dw_order_sync.py
[2026-02-12T11:23:40.972+0800] {processor.py:830} INFO - Processing file /Users/linghuchong/Downloads/51/Python/project/instance/airflow/dags/tag_data_warehouse/dw_order_sync.py for tasks to queue
[2026-02-12T11:23:40.972+0800] {logging_mixin.py:188} INFO - [2026-02-12T11:23:40.972+0800] {dagbag.py:540} INFO - Filling up the DagBag from /Users/linghuchong/Downloads/51/Python/project/instance/airflow/dags/tag_data_warehouse/dw_order_sync.py
[2026-02-12T11:23:41.087+0800] {processor.py:840} INFO - DAG(s) 'dw_order_sync' retrieved from /Users/linghuchong/Downloads/51/Python/project/instance/airflow/dags/tag_data_warehouse/dw_order_sync.py
[2026-02-12T11:23:41.118+0800] {logging_mixin.py:188} INFO - [2026-02-12T11:23:41.118+0800] {dag.py:3047} INFO - Sync 1 DAGs
[2026-02-12T11:23:41.136+0800] {logging_mixin.py:188} INFO - [2026-02-12T11:23:41.135+0800] {dag.py:3834} INFO - Setting next_dagrun for dw_order_sync to 2026-02-12 00:00:00+00:00, run_after=2026-02-13 00:00:00+00:00
[2026-02-12T11:23:41.157+0800] {processor.py:183} INFO - Processing /Users/linghuchong/Downloads/51/Python/project/instance/airflow/dags/tag_data_warehouse/dw_order_sync.py took 0.187 seconds
[2026-02-12T11:26:17.505+0800] {processor.py:161} INFO - Started process (PID=3654) to work on /Users/linghuchong/Downloads/51/Python/project/instance/airflow/dags/tag_data_warehouse/dw_order_sync.py
[2026-02-12T11:26:17.506+0800] {processor.py:830} INFO - Processing file /Users/linghuchong/Downloads/51/Python/project/instance/airflow/dags/tag_data_warehouse/dw_order_sync.py for tasks to queue
[2026-02-12T11:26:17.507+0800] {logging_mixin.py:188} INFO - [2026-02-12T11:26:17.507+0800] {dagbag.py:540} INFO - Filling up the DagBag from /Users/linghuchong/Downloads/51/Python/project/instance/airflow/dags/tag_data_warehouse/dw_order_sync.py
[2026-02-12T11:26:17.623+0800] {processor.py:840} INFO - DAG(s) 'dw_order_sync' retrieved from /Users/linghuchong/Downloads/51/Python/project/instance/airflow/dags/tag_data_warehouse/dw_order_sync.py
[2026-02-12T11:26:17.654+0800] {logging_mixin.py:188} INFO - [2026-02-12T11:26:17.654+0800] {dag.py:3047} INFO - Sync 1 DAGs
[2026-02-12T11:26:17.671+0800] {logging_mixin.py:188} INFO - [2026-02-12T11:26:17.671+0800] {dag.py:3834} INFO - Setting next_dagrun for dw_order_sync to 2026-02-12 00:00:00+00:00, run_after=2026-02-13 00:00:00+00:00
[2026-02-12T11:26:17.689+0800] {processor.py:183} INFO - Processing /Users/linghuchong/Downloads/51/Python/project/instance/airflow/dags/tag_data_warehouse/dw_order_sync.py took 0.185 seconds
[2026-02-12T11:28:57.495+0800] {processor.py:161} INFO - Started process (PID=3795) to work on /Users/linghuchong/Downloads/51/Python/project/instance/airflow/dags/tag_data_warehouse/dw_order_sync.py
[2026-02-12T11:28:57.496+0800] {processor.py:830} INFO - Processing file /Users/linghuchong/Downloads/51/Python/project/instance/airflow/dags/tag_data_warehouse/dw_order_sync.py for tasks to queue
[2026-02-12T11:28:57.497+0800] {logging_mixin.py:188} INFO - [2026-02-12T11:28:57.497+0800] {dagbag.py:540} INFO - Filling up the DagBag from /Users/linghuchong/Downloads/51/Python/project/instance/airflow/dags/tag_data_warehouse/dw_order_sync.py
[2026-02-12T11:28:57.608+0800] {processor.py:840} INFO - DAG(s) 'dw_order_sync' retrieved from /Users/linghuchong/Downloads/51/Python/project/instance/airflow/dags/tag_data_warehouse/dw_order_sync.py
[2026-02-12T11:28:57.639+0800] {logging_mixin.py:188} INFO - [2026-02-12T11:28:57.638+0800] {dag.py:3047} INFO - Sync 1 DAGs
[2026-02-12T11:28:57.655+0800] {logging_mixin.py:188} INFO - [2026-02-12T11:28:57.655+0800] {dag.py:3834} INFO - Setting next_dagrun for dw_order_sync to 2026-02-12 00:00:00+00:00, run_after=2026-02-13 00:00:00+00:00
[2026-02-12T11:28:57.676+0800] {processor.py:183} INFO - Processing /Users/linghuchong/Downloads/51/Python/project/instance/airflow/dags/tag_data_warehouse/dw_order_sync.py took 0.182 seconds
[2026-02-12T11:31:42.391+0800] {processor.py:161} INFO - Started process (PID=3888) to work on /Users/linghuchong/Downloads/51/Python/project/instance/airflow/dags/tag_data_warehouse/dw_order_sync.py
[2026-02-12T11:31:42.394+0800] {processor.py:830} INFO - Processing file /Users/linghuchong/Downloads/51/Python/project/instance/airflow/dags/tag_data_warehouse/dw_order_sync.py for tasks to queue
[2026-02-12T11:31:42.395+0800] {logging_mixin.py:188} INFO - [2026-02-12T11:31:42.395+0800] {dagbag.py:540} INFO - Filling up the DagBag from /Users/linghuchong/Downloads/51/Python/project/instance/airflow/dags/tag_data_warehouse/dw_order_sync.py
[2026-02-12T11:31:42.512+0800] {processor.py:840} INFO - DAG(s) 'dw_order_sync' retrieved from /Users/linghuchong/Downloads/51/Python/project/instance/airflow/dags/tag_data_warehouse/dw_order_sync.py
[2026-02-12T11:31:42.543+0800] {logging_mixin.py:188} INFO - [2026-02-12T11:31:42.543+0800] {dag.py:3047} INFO - Sync 1 DAGs
[2026-02-12T11:31:42.561+0800] {logging_mixin.py:188} INFO - [2026-02-12T11:31:42.561+0800] {dag.py:3834} INFO - Setting next_dagrun for dw_order_sync to 2026-02-12 00:00:00+00:00, run_after=2026-02-13 00:00:00+00:00
[2026-02-12T11:31:42.581+0800] {processor.py:183} INFO - Processing /Users/linghuchong/Downloads/51/Python/project/instance/airflow/dags/tag_data_warehouse/dw_order_sync.py took 0.191 seconds
[2026-02-12T11:34:39.288+0800] {processor.py:161} INFO - Started process (PID=3987) to work on /Users/linghuchong/Downloads/51/Python/project/instance/airflow/dags/tag_data_warehouse/dw_order_sync.py
[2026-02-12T11:34:39.301+0800] {processor.py:830} INFO - Processing file /Users/linghuchong/Downloads/51/Python/project/instance/airflow/dags/tag_data_warehouse/dw_order_sync.py for tasks to queue
[2026-02-12T11:34:39.303+0800] {logging_mixin.py:188} INFO - [2026-02-12T11:34:39.303+0800] {dagbag.py:540} INFO - Filling up the DagBag from /Users/linghuchong/Downloads/51/Python/project/instance/airflow/dags/tag_data_warehouse/dw_order_sync.py
[2026-02-12T11:34:39.537+0800] {processor.py:840} INFO - DAG(s) 'dw_order_sync' retrieved from /Users/linghuchong/Downloads/51/Python/project/instance/airflow/dags/tag_data_warehouse/dw_order_sync.py
[2026-02-12T11:34:39.712+0800] {logging_mixin.py:188} INFO - [2026-02-12T11:34:39.711+0800] {dag.py:3047} INFO - Sync 1 DAGs
[2026-02-12T11:34:39.737+0800] {logging_mixin.py:188} INFO - [2026-02-12T11:34:39.737+0800] {dag.py:3834} INFO - Setting next_dagrun for dw_order_sync to 2026-02-12 00:00:00+00:00, run_after=2026-02-13 00:00:00+00:00
[2026-02-12T11:34:39.764+0800] {processor.py:183} INFO - Processing /Users/linghuchong/Downloads/51/Python/project/instance/airflow/dags/tag_data_warehouse/dw_order_sync.py took 0.479 seconds
[2026-02-12T11:37:35.259+0800] {processor.py:161} INFO - Started process (PID=4222) to work on /Users/linghuchong/Downloads/51/Python/project/instance/airflow/dags/tag_data_warehouse/dw_order_sync.py
[2026-02-12T11:37:35.260+0800] {processor.py:830} INFO - Processing file /Users/linghuchong/Downloads/51/Python/project/instance/airflow/dags/tag_data_warehouse/dw_order_sync.py for tasks to queue
[2026-02-12T11:37:35.261+0800] {logging_mixin.py:188} INFO - [2026-02-12T11:37:35.261+0800] {dagbag.py:540} INFO - Filling up the DagBag from /Users/linghuchong/Downloads/51/Python/project/instance/airflow/dags/tag_data_warehouse/dw_order_sync.py
[2026-02-12T11:37:35.367+0800] {processor.py:840} INFO - DAG(s) 'dw_order_sync' retrieved from /Users/linghuchong/Downloads/51/Python/project/instance/airflow/dags/tag_data_warehouse/dw_order_sync.py
[2026-02-12T11:37:35.396+0800] {logging_mixin.py:188} INFO - [2026-02-12T11:37:35.396+0800] {dag.py:3047} INFO - Sync 1 DAGs
[2026-02-12T11:37:35.413+0800] {logging_mixin.py:188} INFO - [2026-02-12T11:37:35.412+0800] {dag.py:3834} INFO - Setting next_dagrun for dw_order_sync to 2026-02-12 00:00:00+00:00, run_after=2026-02-13 00:00:00+00:00
[2026-02-12T11:37:35.433+0800] {processor.py:183} INFO - Processing /Users/linghuchong/Downloads/51/Python/project/instance/airflow/dags/tag_data_warehouse/dw_order_sync.py took 0.175 seconds
[2026-02-12T11:41:49.938+0800] {processor.py:161} INFO - Started process (PID=4481) to work on /Users/linghuchong/Downloads/51/Python/project/instance/airflow/dags/tag_data_warehouse/dw_order_sync.py
[2026-02-12T11:41:49.941+0800] {processor.py:830} INFO - Processing file /Users/linghuchong/Downloads/51/Python/project/instance/airflow/dags/tag_data_warehouse/dw_order_sync.py for tasks to queue
[2026-02-12T11:41:49.942+0800] {logging_mixin.py:188} INFO - [2026-02-12T11:41:49.942+0800] {dagbag.py:540} INFO - Filling up the DagBag from /Users/linghuchong/Downloads/51/Python/project/instance/airflow/dags/tag_data_warehouse/dw_order_sync.py
[2026-02-12T11:41:50.082+0800] {processor.py:840} INFO - DAG(s) 'dw_order_sync' retrieved from /Users/linghuchong/Downloads/51/Python/project/instance/airflow/dags/tag_data_warehouse/dw_order_sync.py
[2026-02-12T11:41:50.221+0800] {logging_mixin.py:188} INFO - [2026-02-12T11:41:50.221+0800] {dag.py:3047} INFO - Sync 1 DAGs
[2026-02-12T11:41:50.244+0800] {logging_mixin.py:188} INFO - [2026-02-12T11:41:50.244+0800] {dag.py:3834} INFO - Setting next_dagrun for dw_order_sync to 2026-02-12 00:00:00+00:00, run_after=2026-02-13 00:00:00+00:00
[2026-02-12T11:41:50.263+0800] {processor.py:183} INFO - Processing /Users/linghuchong/Downloads/51/Python/project/instance/airflow/dags/tag_data_warehouse/dw_order_sync.py took 0.325 seconds
[2026-02-12T11:45:22.867+0800] {processor.py:161} INFO - Started process (PID=4608) to work on /Users/linghuchong/Downloads/51/Python/project/instance/airflow/dags/tag_data_warehouse/dw_order_sync.py
[2026-02-12T11:45:22.868+0800] {processor.py:830} INFO - Processing file /Users/linghuchong/Downloads/51/Python/project/instance/airflow/dags/tag_data_warehouse/dw_order_sync.py for tasks to queue
[2026-02-12T11:45:22.869+0800] {logging_mixin.py:188} INFO - [2026-02-12T11:45:22.869+0800] {dagbag.py:540} INFO - Filling up the DagBag from /Users/linghuchong/Downloads/51/Python/project/instance/airflow/dags/tag_data_warehouse/dw_order_sync.py
[2026-02-12T11:45:22.980+0800] {processor.py:840} INFO - DAG(s) 'dw_order_sync' retrieved from /Users/linghuchong/Downloads/51/Python/project/instance/airflow/dags/tag_data_warehouse/dw_order_sync.py
[2026-02-12T11:45:23.014+0800] {logging_mixin.py:188} INFO - [2026-02-12T11:45:23.013+0800] {dag.py:3047} INFO - Sync 1 DAGs
[2026-02-12T11:45:23.031+0800] {logging_mixin.py:188} INFO - [2026-02-12T11:45:23.030+0800] {dag.py:3834} INFO - Setting next_dagrun for dw_order_sync to 2026-02-12 00:00:00+00:00, run_after=2026-02-13 00:00:00+00:00
[2026-02-12T11:45:23.048+0800] {processor.py:183} INFO - Processing /Users/linghuchong/Downloads/51/Python/project/instance/airflow/dags/tag_data_warehouse/dw_order_sync.py took 0.182 seconds
[2026-02-12T11:48:06.775+0800] {processor.py:161} INFO - Started process (PID=4701) to work on /Users/linghuchong/Downloads/51/Python/project/instance/airflow/dags/tag_data_warehouse/dw_order_sync.py
[2026-02-12T11:48:06.776+0800] {processor.py:830} INFO - Processing file /Users/linghuchong/Downloads/51/Python/project/instance/airflow/dags/tag_data_warehouse/dw_order_sync.py for tasks to queue
[2026-02-12T11:48:06.777+0800] {logging_mixin.py:188} INFO - [2026-02-12T11:48:06.776+0800] {dagbag.py:540} INFO - Filling up the DagBag from /Users/linghuchong/Downloads/51/Python/project/instance/airflow/dags/tag_data_warehouse/dw_order_sync.py
[2026-02-12T11:48:06.903+0800] {processor.py:840} INFO - DAG(s) 'dw_order_sync' retrieved from /Users/linghuchong/Downloads/51/Python/project/instance/airflow/dags/tag_data_warehouse/dw_order_sync.py
[2026-02-12T11:48:06.939+0800] {logging_mixin.py:188} INFO - [2026-02-12T11:48:06.938+0800] {dag.py:3047} INFO - Sync 1 DAGs
[2026-02-12T11:48:06.958+0800] {logging_mixin.py:188} INFO - [2026-02-12T11:48:06.957+0800] {dag.py:3834} INFO - Setting next_dagrun for dw_order_sync to 2026-02-12 00:00:00+00:00, run_after=2026-02-13 00:00:00+00:00
[2026-02-12T11:48:06.981+0800] {processor.py:183} INFO - Processing /Users/linghuchong/Downloads/51/Python/project/instance/airflow/dags/tag_data_warehouse/dw_order_sync.py took 0.208 seconds
[2026-02-12T11:50:58.691+0800] {processor.py:161} INFO - Started process (PID=4756) to work on /Users/linghuchong/Downloads/51/Python/project/instance/airflow/dags/tag_data_warehouse/dw_order_sync.py
[2026-02-12T11:50:58.692+0800] {processor.py:830} INFO - Processing file /Users/linghuchong/Downloads/51/Python/project/instance/airflow/dags/tag_data_warehouse/dw_order_sync.py for tasks to queue
[2026-02-12T11:50:58.692+0800] {logging_mixin.py:188} INFO - [2026-02-12T11:50:58.692+0800] {dagbag.py:540} INFO - Filling up the DagBag from /Users/linghuchong/Downloads/51/Python/project/instance/airflow/dags/tag_data_warehouse/dw_order_sync.py
[2026-02-12T11:50:58.801+0800] {processor.py:840} INFO - DAG(s) 'dw_order_sync' retrieved from /Users/linghuchong/Downloads/51/Python/project/instance/airflow/dags/tag_data_warehouse/dw_order_sync.py
[2026-02-12T11:50:58.832+0800] {logging_mixin.py:188} INFO - [2026-02-12T11:50:58.831+0800] {dag.py:3047} INFO - Sync 1 DAGs
[2026-02-12T11:50:58.848+0800] {logging_mixin.py:188} INFO - [2026-02-12T11:50:58.847+0800] {dag.py:3834} INFO - Setting next_dagrun for dw_order_sync to 2026-02-12 00:00:00+00:00, run_after=2026-02-13 00:00:00+00:00
[2026-02-12T11:50:58.869+0800] {processor.py:183} INFO - Processing /Users/linghuchong/Downloads/51/Python/project/instance/airflow/dags/tag_data_warehouse/dw_order_sync.py took 0.179 seconds
