[2026-02-28T21:36:28.470+0800] {local_task_job_runner.py:123} INFO - ::group::Pre task execution logs
[2026-02-28T21:36:28.492+0800] {taskinstance.py:2631} INFO - Dependencies all met for dep_context=non-requeueable deps ti=<TaskInstance: cdrd_并发.并行执行消费者 manual__2026-02-28T13:36:04.521105+00:00 [queued]>
[2026-02-28T21:36:28.502+0800] {taskinstance.py:2631} INFO - Dependencies all met for dep_context=requeueable deps ti=<TaskInstance: cdrd_并发.并行执行消费者 manual__2026-02-28T13:36:04.521105+00:00 [queued]>
[2026-02-28T21:36:28.503+0800] {taskinstance.py:2884} INFO - Starting attempt 1 of 1
[2026-02-28T21:36:28.517+0800] {taskinstance.py:2907} INFO - Executing <Task(PythonOperator): 并行执行消费者> on 2026-02-28 13:36:04.521105+00:00
[2026-02-28T21:36:28.520+0800] {standard_task_runner.py:72} INFO - Started process 6062 to run task
[2026-02-28T21:36:28.528+0800] {standard_task_runner.py:104} INFO - Running: ['airflow', 'tasks', 'run', 'cdrd_并发', '并行执行消费者', 'manual__2026-02-28T13:36:04.521105+00:00', '--job-id', '750', '--raw', '--subdir', 'DAGS_FOLDER/tag_CDRD/系统管理/角色管理/dag_并发.py', '--cfg-path', '/var/folders/f7/4z7jtb213fs0mtgbw_0vs2600000gn/T/tmp_jv24_c_']
[2026-02-28T21:36:28.533+0800] {standard_task_runner.py:105} INFO - Job 750: Subtask 并行执行消费者
[2026-02-28T21:36:28.588+0800] {task_command.py:467} INFO - Running <TaskInstance: cdrd_并发.并行执行消费者 manual__2026-02-28T13:36:04.521105+00:00 [running]> on host localhost-2.local
[2026-02-28T21:36:28.686+0800] {taskinstance.py:3157} INFO - Exporting env vars: AIRFLOW_CTX_DAG_OWNER='airflow' AIRFLOW_CTX_DAG_ID='cdrd_并发' AIRFLOW_CTX_TASK_ID='并行执行消费者' AIRFLOW_CTX_EXECUTION_DATE='2026-02-28T13:36:04.521105+00:00' AIRFLOW_CTX_TRY_NUMBER='1' AIRFLOW_CTX_DAG_RUN_ID='manual__2026-02-28T13:36:04.521105+00:00'
[2026-02-28T21:36:28.688+0800] {taskinstance.py:740} INFO - ::endgroup::
[2026-02-28T21:36:28.712+0800] {logging_mixin.py:190} INFO - ==================================================
[2026-02-28T21:36:28.713+0800] {logging_mixin.py:190} INFO - 【并行消费者】开始执行测试任务...
[2026-02-28T21:36:28.713+0800] {logging_mixin.py:190} INFO - ==================================================
[2026-02-28T21:36:28.719+0800] {logging_mixin.py:190} INFO - 从XCom获取到的测试用例数据: 3 条
[2026-02-28T21:36:28.719+0800] {logging_mixin.py:190} INFO - 发现 3 种不同的任务类型: ['新增角色', '编辑角色', '编辑222角色']
[2026-02-28T21:36:28.720+0800] {logging_mixin.py:190} INFO - 提交任务: 新增角色
[2026-02-28T21:36:28.721+0800] {logging_mixin.py:190} INFO - ===================== 新增角色 消费者开始执行 ====================
[2026-02-28T21:36:28.721+0800] {logging_mixin.py:190} INFO - 提交任务: 编辑角色
[2026-02-28T21:36:28.722+0800] {logging_mixin.py:190} INFO - [新增角色] 找到测试用例: 新增角色
[2026-02-28T21:36:28.723+0800] {logging_mixin.py:190} INFO - ===================== 编辑角色 消费者开始执行 ====================
[2026-02-28T21:36:28.723+0800] {logging_mixin.py:190} INFO - 提交任务: 编辑222角色
[2026-02-28T21:36:28.723+0800] {logging_mixin.py:190} INFO - [Consumer_0] 开始执行测试用例: 系统管理/角色管理/新增角色.py
[2026-02-28T21:36:28.724+0800] {logging_mixin.py:190} INFO - [编辑角色] 跳过不匹配的测试用例: 新增角色
[2026-02-28T21:36:28.724+0800] {logging_mixin.py:190} INFO - ===================== 编辑222角色 消费者开始执行 ====================
[2026-02-28T21:36:28.724+0800] {logging_mixin.py:190} INFO - 开始等待 3 个任务完成...
[2026-02-28T21:36:28.725+0800] {logging_mixin.py:190} INFO - [线程 Consumer_0] 准备执行Playwright脚本: /Users/linghuchong/Downloads/51/Python/project/instance/zyjk/CDRD/web/系统管理/角色管理/新增角色.py
[2026-02-28T21:36:28.726+0800] {logging_mixin.py:190} INFO - [编辑角色] 找到测试用例: 编辑角色
[2026-02-28T21:36:28.726+0800] {logging_mixin.py:190} INFO - [编辑222角色] 跳过不匹配的测试用例: 新增角色
[2026-02-28T21:36:28.728+0800] {logging_mixin.py:190} INFO - [Consumer_1] 开始执行测试用例: 系统管理/角色管理/编辑角色.py
[2026-02-28T21:36:28.728+0800] {logging_mixin.py:190} INFO - [编辑222角色] 找到测试用例: 编辑角色
[2026-02-28T21:36:28.729+0800] {logging_mixin.py:190} INFO - [线程 Consumer_1] 准备执行Playwright脚本: /Users/linghuchong/Downloads/51/Python/project/instance/zyjk/CDRD/web/系统管理/角色管理/编辑角色.py
[2026-02-28T21:36:28.729+0800] {logging_mixin.py:190} INFO - [Consumer_2] 开始执行测试用例: 系统管理/角色管理/编辑角色.py
[2026-02-28T21:36:28.730+0800] {logging_mixin.py:190} INFO - [线程 Consumer_2] 准备执行Playwright脚本: /Users/linghuchong/Downloads/51/Python/project/instance/zyjk/CDRD/web/系统管理/角色管理/编辑角色.py
[2026-02-28T21:36:29.235+0800] {logging_mixin.py:190} INFO - [线程 Consumer_1] ✅ 找到run_playwright函数，开始执行...
[2026-02-28T21:36:29.235+0800] {logging_mixin.py:190} INFO - [线程 Consumer_2] ✅ 找到run_playwright函数，开始执行...
[2026-02-28T21:36:29.236+0800] {logging_mixin.py:190} INFO - 随机生成测试数据: [['陈鹏', '587094', '377525', '上海市楠市东城大冶街p座 867311']]
[2026-02-28T21:36:29.248+0800] {logging_mixin.py:190} INFO - [线程 Consumer_0] ✅ 找到run_playwright函数，开始执行...
[2026-02-28T21:36:38.845+0800] {logging_mixin.py:190} INFO - 步骤[编辑角色]截图已保存：/Users/linghuchong/Downloads/51/Python/project/instance/zyjk/CDRD/web/系统管理/角色管理/screenshots/编辑角色/20260228_213638_编辑角色.png
[2026-02-28T21:36:38.970+0800] {logging_mixin.py:190} INFO - [线程 Consumer_0] ✅ Playwright执行完成，返回结果: {'role_name': '陈鹏', 'role_key': '587094', 'role_sort': '377525', 'remark': '上海市楠市东城大冶街p座 867311'}
[2026-02-28T21:36:38.972+0800] {logging_mixin.py:190} INFO - [Consumer_0] Playwright执行结果: {'role_name': '陈鹏', 'role_key': '587094', 'role_sort': '377525', 'remark': '上海市楠市东城大冶街p座 867311'}
[2026-02-28T21:36:38.973+0800] {logging_mixin.py:190} INFO - [Consumer_0] 正则替换结果: [{"k": "select count(*) as qty from sys_role where role_name='陈鹏'", "v": 1}]
[2026-02-28T21:36:38.974+0800] {logging_mixin.py:190} INFO - [Consumer_0] 解析后的验证数据: [{'k': "select count(*) as qty from sys_role where role_name='陈鹏'", 'v': 1}]
[2026-02-28T21:36:38.987+0800] {logging_mixin.py:190} INFO - [Consumer_0] ✅ 通过校验 {'k': "select count(*) as qty from sys_role where role_name='陈鹏'", 'v': 1}
[2026-02-28T21:36:39.097+0800] {logging_mixin.py:190} INFO - [Consumer_0] 正则替换结果: [["delete from sys_role where role_name='陈鹏' and role_sort='377525'"]]
[2026-02-28T21:36:39.098+0800] {logging_mixin.py:190} INFO - [Consumer_0] 解析后的验证数据: [["delete from sys_role where role_name='陈鹏' and role_sort='377525'"]]
[2026-02-28T21:36:39.113+0800] {logging_mixin.py:190} INFO - [Consumer_0] ✅ 后置操作 delete from sys_role where role_name='陈鹏' and role_sort='377525'
[2026-02-28T21:36:39.175+0800] {logging_mixin.py:190} INFO - [新增角色] 跳过不匹配的测试用例: 编辑角色
[2026-02-28T21:36:39.176+0800] {logging_mixin.py:190} INFO - [新增角色] 跳过不匹配的测试用例: 编辑222角色
[2026-02-28T21:36:39.176+0800] {logging_mixin.py:190} INFO - ===================== 新增角色 消费者执行完成 ====================
[2026-02-28T21:36:39.177+0800] {logging_mixin.py:190} INFO - ✅ 新增角色 执行完成
[2026-02-28T21:36:39.190+0800] {logging_mixin.py:190} INFO - [线程 Consumer_2] ✅ Playwright执行完成，返回结果: {'role_name': '555', 'remark': '1234'}
[2026-02-28T21:36:39.190+0800] {logging_mixin.py:190} INFO - [Consumer_2] Playwright执行结果: {'role_name': '555', 'remark': '1234'}
[2026-02-28T21:36:39.191+0800] {logging_mixin.py:190} INFO - [Consumer_2] 正则替换结果: [{"k": "select count(*) as qty from sys_role where role_name='555'", "v": 1}]
[2026-02-28T21:36:39.192+0800] {logging_mixin.py:190} INFO - [Consumer_2] 解析后的验证数据: [{'k': "select count(*) as qty from sys_role where role_name='555'", 'v': 1}]
[2026-02-28T21:36:39.207+0800] {logging_mixin.py:190} INFO - [Consumer_2] ✅ 通过校验 {'k': "select count(*) as qty from sys_role where role_name='555'", 'v': 1}
[2026-02-28T21:36:39.281+0800] {logging_mixin.py:190} INFO - [编辑222角色] 跳过不匹配的测试用例: 编辑222角色
[2026-02-28T21:36:39.282+0800] {logging_mixin.py:190} INFO - ===================== 编辑222角色 消费者执行完成 ====================
[2026-02-28T21:36:41.230+0800] {logging_mixin.py:190} INFO - [线程 Consumer_1] ❌ 执行失败: Target page, context or browser has been closed
[2026-02-28T21:36:41.232+0800] {logging_mixin.py:190} WARNING - Traceback (most recent call last):
[2026-02-28T21:36:41.233+0800] {logging_mixin.py:190} WARNING -   File "/Users/linghuchong/Downloads/51/Python/project/instance/airflow284/dags/tag_CDRD/系统管理/角色管理/dag_并发.py", line 226, in _execute_playwright_script
    result = module.run_playwright()
[2026-02-28T21:36:41.233+0800] {logging_mixin.py:190} WARNING -   File "/Users/linghuchong/Downloads/51/Python/project/instance/zyjk/CDRD/web/系统管理/角色管理/编辑角色.py", line 99, in run_playwright
    page.get_by_text("系统管理").click()
[2026-02-28T21:36:41.234+0800] {logging_mixin.py:190} WARNING -   File "/Users/linghuchong/miniconda3/envs/py310/lib/python3.10/site-packages/playwright/sync_api/_generated.py", line 15784, in click
    self._sync(
[2026-02-28T21:36:41.234+0800] {logging_mixin.py:190} WARNING -   File "/Users/linghuchong/miniconda3/envs/py310/lib/python3.10/site-packages/playwright/_impl/_sync_base.py", line 115, in _sync
    return task.result()
[2026-02-28T21:36:41.235+0800] {logging_mixin.py:190} WARNING -   File "/Users/linghuchong/miniconda3/envs/py310/lib/python3.10/site-packages/playwright/_impl/_locator.py", line 159, in click
    return await self._frame.click(self._selector, strict=True, **params)
[2026-02-28T21:36:41.235+0800] {logging_mixin.py:190} WARNING -   File "/Users/linghuchong/miniconda3/envs/py310/lib/python3.10/site-packages/playwright/_impl/_frame.py", line 484, in click
    await self._channel.send("click", locals_to_params(locals()))
[2026-02-28T21:36:41.235+0800] {logging_mixin.py:190} WARNING -   File "/Users/linghuchong/miniconda3/envs/py310/lib/python3.10/site-packages/playwright/_impl/_connection.py", line 62, in send
    return await self._connection.wrap_api_call(
[2026-02-28T21:36:41.236+0800] {logging_mixin.py:190} WARNING -   File "/Users/linghuchong/miniconda3/envs/py310/lib/python3.10/site-packages/playwright/_impl/_connection.py", line 492, in wrap_api_call
    return await cb()
[2026-02-28T21:36:41.236+0800] {logging_mixin.py:190} WARNING -   File "/Users/linghuchong/miniconda3/envs/py310/lib/python3.10/site-packages/playwright/_impl/_connection.py", line 100, in inner_send
    result = next(iter(done)).result()
[2026-02-28T21:36:41.237+0800] {logging_mixin.py:190} WARNING - playwright._impl._errors.TargetClosedError: Target page, context or browser has been closed
[2026-02-28T21:36:41.237+0800] {logging_mixin.py:190} INFO - [Consumer_1] Playwright执行结果: None
[2026-02-28T21:36:41.238+0800] {logging_mixin.py:190} INFO - [Consumer_1] ❌ Playwright执行失败，测试用例失败
[2026-02-28T21:36:41.250+0800] {taskinstance.py:349} INFO - ::group::Post task execution logs
[2026-02-28T21:36:41.251+0800] {taskinstance.py:361} INFO - Marking task as SUCCESS. dag_id=cdrd_并发, task_id=并行执行消费者, run_id=manual__2026-02-28T13:36:04.521105+00:00, execution_date=20260228T133604, start_date=20260228T133628, end_date=20260228T133641
[2026-02-28T21:36:41.292+0800] {local_task_job_runner.py:266} INFO - Task exited with return code 0
[2026-02-28T21:36:41.314+0800] {taskinstance.py:3924} INFO - 0 downstream tasks scheduled from follow-on schedule check
[2026-02-28T21:36:41.315+0800] {local_task_job_runner.py:245} INFO - ::endgroup::
