[2026-02-27T13:45:04.476+0800] {local_task_job_runner.py:123} INFO - ::group::Pre task execution logs
[2026-02-27T13:45:04.498+0800] {taskinstance.py:2631} INFO - Dependencies all met for dep_context=non-requeueable deps ti=<TaskInstance: cdrd_主控测试流程.API触发测试 manual__2026-02-27T05:44:44.732980+00:00 [queued]>
[2026-02-27T13:45:04.507+0800] {taskinstance.py:2631} INFO - Dependencies all met for dep_context=requeueable deps ti=<TaskInstance: cdrd_主控测试流程.API触发测试 manual__2026-02-27T05:44:44.732980+00:00 [queued]>
[2026-02-27T13:45:04.507+0800] {taskinstance.py:2884} INFO - Starting attempt 1 of 1
[2026-02-27T13:45:04.552+0800] {taskinstance.py:2907} INFO - Executing <Task(PythonOperator): API触发测试> on 2026-02-27 05:44:44.732980+00:00
[2026-02-27T13:45:04.556+0800] {standard_task_runner.py:72} INFO - Started process 12698 to run task
[2026-02-27T13:45:04.563+0800] {standard_task_runner.py:104} INFO - Running: ['airflow', 'tasks', 'run', 'cdrd_主控测试流程', 'API触发测试', 'manual__2026-02-27T05:44:44.732980+00:00', '--job-id', '487', '--raw', '--subdir', 'DAGS_FOLDER/tag_CDRD/cdrd_主控测试流程.py', '--cfg-path', '/var/folders/f7/4z7jtb213fs0mtgbw_0vs2600000gn/T/tmpf9mwui0n']
[2026-02-27T13:45:04.568+0800] {standard_task_runner.py:105} INFO - Job 487: Subtask API触发测试
[2026-02-27T13:45:04.637+0800] {task_command.py:467} INFO - Running <TaskInstance: cdrd_主控测试流程.API触发测试 manual__2026-02-27T05:44:44.732980+00:00 [running]> on host localhost-2.local
[2026-02-27T13:45:04.907+0800] {taskinstance.py:3157} INFO - Exporting env vars: AIRFLOW_CTX_DAG_OWNER='airflow' AIRFLOW_CTX_DAG_ID='cdrd_主控测试流程' AIRFLOW_CTX_TASK_ID='API触发测试' AIRFLOW_CTX_EXECUTION_DATE='2026-02-27T05:44:44.732980+00:00' AIRFLOW_CTX_TRY_NUMBER='1' AIRFLOW_CTX_DAG_RUN_ID='manual__2026-02-27T05:44:44.732980+00:00'
[2026-02-27T13:45:04.908+0800] {taskinstance.py:740} INFO - ::endgroup::
[2026-02-27T13:45:04.924+0800] {logging_mixin.py:190} INFO - ==================================================
[2026-02-27T13:45:04.925+0800] {logging_mixin.py:190} INFO - 【API触发测试】使用Airflow API触发...
[2026-02-27T13:45:04.925+0800] {logging_mixin.py:190} INFO - ==================================================
[2026-02-27T13:47:45.555+0800] {local_task_job_runner.py:346} WARNING - State of this instance has been externally set to None. Terminating instance.
[2026-02-27T13:47:45.556+0800] {local_task_job_runner.py:245} INFO - ::endgroup::
[2026-02-27T13:47:45.565+0800] {process_utils.py:132} INFO - Sending 15 to group 12698. PIDs of all processes in the group: [12698]
[2026-02-27T13:47:45.566+0800] {process_utils.py:87} INFO - Sending the signal 15 to group 12698
[2026-02-27T13:48:45.600+0800] {process_utils.py:150} WARNING - process psutil.Process(pid=12698, name='python3.10', status='running', started='13:45:04') did not respond to SIGTERM. Trying SIGKILL
[2026-02-27T13:48:45.602+0800] {process_utils.py:87} INFO - Sending the signal 9 to group 12698
[2026-02-27T13:48:45.632+0800] {process_utils.py:80} INFO - Process psutil.Process(pid=12698, name='python3.10', status='terminated', exitcode=<Negsignal.SIGKILL: -9>, started='13:45:04') (12698) terminated with exit code -9
[2026-02-27T13:48:45.635+0800] {standard_task_runner.py:190} ERROR - ('Job 487 was killed before it finished (likely due to running out of memory)', 'For more information, see https://airflow.apache.org/docs/apache-airflow/stable/troubleshooting.html#LocalTaskJob-killed')
