[2026-03-06T16:01:16.568+0800] {processor.py:186} INFO - Started process (PID=18821) to work on /Users/linghuchong/Downloads/51/Python/project/instance/airflow284/dags/tag_CDRD/系统管理/角色管理/dag_并发.py
[2026-03-06T16:01:16.569+0800] {processor.py:914} INFO - Processing file /Users/linghuchong/Downloads/51/Python/project/instance/airflow284/dags/tag_CDRD/系统管理/角色管理/dag_并发.py for tasks to queue
[2026-03-06T16:01:16.570+0800] {logging_mixin.py:190} INFO - [2026-03-06T16:01:16.570+0800] {dagbag.py:588} INFO - Filling up the DagBag from /Users/linghuchong/Downloads/51/Python/project/instance/airflow284/dags/tag_CDRD/系统管理/角色管理/dag_并发.py
[2026-03-06T16:01:16.573+0800] {processor.py:927} WARNING - No viable dags retrieved from /Users/linghuchong/Downloads/51/Python/project/instance/airflow284/dags/tag_CDRD/系统管理/角色管理/dag_并发.py
[2026-03-06T16:01:16.676+0800] {processor.py:208} INFO - Processing /Users/linghuchong/Downloads/51/Python/project/instance/airflow284/dags/tag_CDRD/系统管理/角色管理/dag_并发.py took 111.471 seconds
[2026-03-06T16:02:46.472+0800] {processor.py:186} INFO - Started process (PID=18961) to work on /Users/linghuchong/Downloads/51/Python/project/instance/airflow284/dags/tag_CDRD/系统管理/角色管理/dag_并发.py
[2026-03-06T16:02:46.473+0800] {processor.py:914} INFO - Processing file /Users/linghuchong/Downloads/51/Python/project/instance/airflow284/dags/tag_CDRD/系统管理/角色管理/dag_并发.py for tasks to queue
[2026-03-06T16:02:46.475+0800] {logging_mixin.py:190} INFO - [2026-03-06T16:02:46.475+0800] {dagbag.py:588} INFO - Filling up the DagBag from /Users/linghuchong/Downloads/51/Python/project/instance/airflow284/dags/tag_CDRD/系统管理/角色管理/dag_并发.py
[2026-03-06T16:02:46.476+0800] {processor.py:927} WARNING - No viable dags retrieved from /Users/linghuchong/Downloads/51/Python/project/instance/airflow284/dags/tag_CDRD/系统管理/角色管理/dag_并发.py
[2026-03-06T16:02:46.584+0800] {processor.py:208} INFO - Processing /Users/linghuchong/Downloads/51/Python/project/instance/airflow284/dags/tag_CDRD/系统管理/角色管理/dag_并发.py took 116.498 seconds
[2026-03-06T16:04:20.136+0800] {processor.py:186} INFO - Started process (PID=19223) to work on /Users/linghuchong/Downloads/51/Python/project/instance/airflow284/dags/tag_CDRD/系统管理/角色管理/dag_并发.py
[2026-03-06T16:04:20.139+0800] {processor.py:914} INFO - Processing file /Users/linghuchong/Downloads/51/Python/project/instance/airflow284/dags/tag_CDRD/系统管理/角色管理/dag_并发.py for tasks to queue
[2026-03-06T16:04:20.140+0800] {logging_mixin.py:190} INFO - [2026-03-06T16:04:20.140+0800] {dagbag.py:588} INFO - Filling up the DagBag from /Users/linghuchong/Downloads/51/Python/project/instance/airflow284/dags/tag_CDRD/系统管理/角色管理/dag_并发.py
[2026-03-06T16:04:20.141+0800] {processor.py:927} WARNING - No viable dags retrieved from /Users/linghuchong/Downloads/51/Python/project/instance/airflow284/dags/tag_CDRD/系统管理/角色管理/dag_并发.py
[2026-03-06T16:04:20.248+0800] {processor.py:208} INFO - Processing /Users/linghuchong/Downloads/51/Python/project/instance/airflow284/dags/tag_CDRD/系统管理/角色管理/dag_并发.py took 114.832 seconds
<<<<<<< Updated upstream
[2026-03-06T16:05:53.549+0800] {processor.py:186} INFO - Started process (PID=19515) to work on /Users/linghuchong/Downloads/51/Python/project/instance/airflow284/dags/tag_CDRD/系统管理/角色管理/dag_并发.py
[2026-03-06T16:05:53.552+0800] {processor.py:914} INFO - Processing file /Users/linghuchong/Downloads/51/Python/project/instance/airflow284/dags/tag_CDRD/系统管理/角色管理/dag_并发.py for tasks to queue
[2026-03-06T16:05:53.553+0800] {logging_mixin.py:190} INFO - [2026-03-06T16:05:53.553+0800] {dagbag.py:588} INFO - Filling up the DagBag from /Users/linghuchong/Downloads/51/Python/project/instance/airflow284/dags/tag_CDRD/系统管理/角色管理/dag_并发.py
[2026-03-06T16:05:53.555+0800] {processor.py:927} WARNING - No viable dags retrieved from /Users/linghuchong/Downloads/51/Python/project/instance/airflow284/dags/tag_CDRD/系统管理/角色管理/dag_并发.py
[2026-03-06T16:05:53.657+0800] {processor.py:208} INFO - Processing /Users/linghuchong/Downloads/51/Python/project/instance/airflow284/dags/tag_CDRD/系统管理/角色管理/dag_并发.py took 110.495 seconds
[2026-03-06T16:07:24.451+0800] {processor.py:186} INFO - Started process (PID=19648) to work on /Users/linghuchong/Downloads/51/Python/project/instance/airflow284/dags/tag_CDRD/系统管理/角色管理/dag_并发.py
[2026-03-06T16:07:24.452+0800] {processor.py:914} INFO - Processing file /Users/linghuchong/Downloads/51/Python/project/instance/airflow284/dags/tag_CDRD/系统管理/角色管理/dag_并发.py for tasks to queue
[2026-03-06T16:07:24.452+0800] {logging_mixin.py:190} INFO - [2026-03-06T16:07:24.452+0800] {dagbag.py:588} INFO - Filling up the DagBag from /Users/linghuchong/Downloads/51/Python/project/instance/airflow284/dags/tag_CDRD/系统管理/角色管理/dag_并发.py
[2026-03-06T16:07:24.453+0800] {processor.py:927} WARNING - No viable dags retrieved from /Users/linghuchong/Downloads/51/Python/project/instance/airflow284/dags/tag_CDRD/系统管理/角色管理/dag_并发.py
[2026-03-06T16:07:24.547+0800] {processor.py:208} INFO - Processing /Users/linghuchong/Downloads/51/Python/project/instance/airflow284/dags/tag_CDRD/系统管理/角色管理/dag_并发.py took 98.911 seconds
[2026-03-06T16:08:50.894+0800] {processor.py:186} INFO - Started process (PID=19773) to work on /Users/linghuchong/Downloads/51/Python/project/instance/airflow284/dags/tag_CDRD/系统管理/角色管理/dag_并发.py
[2026-03-06T16:08:50.894+0800] {processor.py:914} INFO - Processing file /Users/linghuchong/Downloads/51/Python/project/instance/airflow284/dags/tag_CDRD/系统管理/角色管理/dag_并发.py for tasks to queue
[2026-03-06T16:08:50.895+0800] {logging_mixin.py:190} INFO - [2026-03-06T16:08:50.895+0800] {dagbag.py:588} INFO - Filling up the DagBag from /Users/linghuchong/Downloads/51/Python/project/instance/airflow284/dags/tag_CDRD/系统管理/角色管理/dag_并发.py
[2026-03-06T16:08:50.896+0800] {processor.py:927} WARNING - No viable dags retrieved from /Users/linghuchong/Downloads/51/Python/project/instance/airflow284/dags/tag_CDRD/系统管理/角色管理/dag_并发.py
[2026-03-06T16:08:50.995+0800] {processor.py:208} INFO - Processing /Users/linghuchong/Downloads/51/Python/project/instance/airflow284/dags/tag_CDRD/系统管理/角色管理/dag_并发.py took 104.151 seconds
[2026-03-06T16:10:15.923+0800] {processor.py:186} INFO - Started process (PID=19894) to work on /Users/linghuchong/Downloads/51/Python/project/instance/airflow284/dags/tag_CDRD/系统管理/角色管理/dag_并发.py
[2026-03-06T16:10:15.924+0800] {processor.py:914} INFO - Processing file /Users/linghuchong/Downloads/51/Python/project/instance/airflow284/dags/tag_CDRD/系统管理/角色管理/dag_并发.py for tasks to queue
[2026-03-06T16:10:15.925+0800] {logging_mixin.py:190} INFO - [2026-03-06T16:10:15.925+0800] {dagbag.py:588} INFO - Filling up the DagBag from /Users/linghuchong/Downloads/51/Python/project/instance/airflow284/dags/tag_CDRD/系统管理/角色管理/dag_并发.py
[2026-03-06T16:10:15.926+0800] {processor.py:927} WARNING - No viable dags retrieved from /Users/linghuchong/Downloads/51/Python/project/instance/airflow284/dags/tag_CDRD/系统管理/角色管理/dag_并发.py
[2026-03-06T16:10:16.025+0800] {processor.py:208} INFO - Processing /Users/linghuchong/Downloads/51/Python/project/instance/airflow284/dags/tag_CDRD/系统管理/角色管理/dag_并发.py took 104.115 seconds
[2026-03-06T16:11:41.868+0800] {processor.py:186} INFO - Started process (PID=20022) to work on /Users/linghuchong/Downloads/51/Python/project/instance/airflow284/dags/tag_CDRD/系统管理/角色管理/dag_并发.py
[2026-03-06T16:11:41.868+0800] {processor.py:914} INFO - Processing file /Users/linghuchong/Downloads/51/Python/project/instance/airflow284/dags/tag_CDRD/系统管理/角色管理/dag_并发.py for tasks to queue
[2026-03-06T16:11:41.869+0800] {logging_mixin.py:190} INFO - [2026-03-06T16:11:41.869+0800] {dagbag.py:588} INFO - Filling up the DagBag from /Users/linghuchong/Downloads/51/Python/project/instance/airflow284/dags/tag_CDRD/系统管理/角色管理/dag_并发.py
[2026-03-06T16:11:41.870+0800] {processor.py:927} WARNING - No viable dags retrieved from /Users/linghuchong/Downloads/51/Python/project/instance/airflow284/dags/tag_CDRD/系统管理/角色管理/dag_并发.py
[2026-03-06T16:11:41.964+0800] {processor.py:208} INFO - Processing /Users/linghuchong/Downloads/51/Python/project/instance/airflow284/dags/tag_CDRD/系统管理/角色管理/dag_并发.py took 99.251 seconds
[2026-03-06T16:13:06.232+0800] {processor.py:186} INFO - Started process (PID=20160) to work on /Users/linghuchong/Downloads/51/Python/project/instance/airflow284/dags/tag_CDRD/系统管理/角色管理/dag_并发.py
[2026-03-06T16:13:06.233+0800] {processor.py:914} INFO - Processing file /Users/linghuchong/Downloads/51/Python/project/instance/airflow284/dags/tag_CDRD/系统管理/角色管理/dag_并发.py for tasks to queue
[2026-03-06T16:13:06.234+0800] {logging_mixin.py:190} INFO - [2026-03-06T16:13:06.234+0800] {dagbag.py:588} INFO - Filling up the DagBag from /Users/linghuchong/Downloads/51/Python/project/instance/airflow284/dags/tag_CDRD/系统管理/角色管理/dag_并发.py
[2026-03-06T16:13:06.235+0800] {processor.py:927} WARNING - No viable dags retrieved from /Users/linghuchong/Downloads/51/Python/project/instance/airflow284/dags/tag_CDRD/系统管理/角色管理/dag_并发.py
[2026-03-06T16:13:06.343+0800] {processor.py:208} INFO - Processing /Users/linghuchong/Downloads/51/Python/project/instance/airflow284/dags/tag_CDRD/系统管理/角色管理/dag_并发.py took 113.368 seconds
[2026-03-06T16:14:32.153+0800] {processor.py:186} INFO - Started process (PID=20290) to work on /Users/linghuchong/Downloads/51/Python/project/instance/airflow284/dags/tag_CDRD/系统管理/角色管理/dag_并发.py
[2026-03-06T16:14:32.154+0800] {processor.py:914} INFO - Processing file /Users/linghuchong/Downloads/51/Python/project/instance/airflow284/dags/tag_CDRD/系统管理/角色管理/dag_并发.py for tasks to queue
[2026-03-06T16:14:32.155+0800] {logging_mixin.py:190} INFO - [2026-03-06T16:14:32.154+0800] {dagbag.py:588} INFO - Filling up the DagBag from /Users/linghuchong/Downloads/51/Python/project/instance/airflow284/dags/tag_CDRD/系统管理/角色管理/dag_并发.py
[2026-03-06T16:14:32.156+0800] {processor.py:927} WARNING - No viable dags retrieved from /Users/linghuchong/Downloads/51/Python/project/instance/airflow284/dags/tag_CDRD/系统管理/角色管理/dag_并发.py
[2026-03-06T16:14:32.252+0800] {processor.py:208} INFO - Processing /Users/linghuchong/Downloads/51/Python/project/instance/airflow284/dags/tag_CDRD/系统管理/角色管理/dag_并发.py took 102.027 seconds
[2026-03-06T16:15:59.811+0800] {processor.py:186} INFO - Started process (PID=20687) to work on /Users/linghuchong/Downloads/51/Python/project/instance/airflow284/dags/tag_CDRD/系统管理/角色管理/dag_并发.py
[2026-03-06T16:15:59.811+0800] {processor.py:914} INFO - Processing file /Users/linghuchong/Downloads/51/Python/project/instance/airflow284/dags/tag_CDRD/系统管理/角色管理/dag_并发.py for tasks to queue
[2026-03-06T16:15:59.812+0800] {logging_mixin.py:190} INFO - [2026-03-06T16:15:59.812+0800] {dagbag.py:588} INFO - Filling up the DagBag from /Users/linghuchong/Downloads/51/Python/project/instance/airflow284/dags/tag_CDRD/系统管理/角色管理/dag_并发.py
[2026-03-06T16:15:59.813+0800] {processor.py:927} WARNING - No viable dags retrieved from /Users/linghuchong/Downloads/51/Python/project/instance/airflow284/dags/tag_CDRD/系统管理/角色管理/dag_并发.py
[2026-03-06T16:15:59.907+0800] {processor.py:208} INFO - Processing /Users/linghuchong/Downloads/51/Python/project/instance/airflow284/dags/tag_CDRD/系统管理/角色管理/dag_并发.py took 98.593 seconds
[2026-03-06T16:17:29.897+0800] {processor.py:186} INFO - Started process (PID=20852) to work on /Users/linghuchong/Downloads/51/Python/project/instance/airflow284/dags/tag_CDRD/系统管理/角色管理/dag_并发.py
[2026-03-06T16:17:29.898+0800] {processor.py:914} INFO - Processing file /Users/linghuchong/Downloads/51/Python/project/instance/airflow284/dags/tag_CDRD/系统管理/角色管理/dag_并发.py for tasks to queue
[2026-03-06T16:17:29.899+0800] {logging_mixin.py:190} INFO - [2026-03-06T16:17:29.899+0800] {dagbag.py:588} INFO - Filling up the DagBag from /Users/linghuchong/Downloads/51/Python/project/instance/airflow284/dags/tag_CDRD/系统管理/角色管理/dag_并发.py
[2026-03-06T16:17:29.900+0800] {processor.py:927} WARNING - No viable dags retrieved from /Users/linghuchong/Downloads/51/Python/project/instance/airflow284/dags/tag_CDRD/系统管理/角色管理/dag_并发.py
[2026-03-06T16:17:29.995+0800] {processor.py:208} INFO - Processing /Users/linghuchong/Downloads/51/Python/project/instance/airflow284/dags/tag_CDRD/系统管理/角色管理/dag_并发.py took 100.343 seconds
[2026-03-06T16:18:56.045+0800] {processor.py:186} INFO - Started process (PID=20987) to work on /Users/linghuchong/Downloads/51/Python/project/instance/airflow284/dags/tag_CDRD/系统管理/角色管理/dag_并发.py
[2026-03-06T16:18:56.046+0800] {processor.py:914} INFO - Processing file /Users/linghuchong/Downloads/51/Python/project/instance/airflow284/dags/tag_CDRD/系统管理/角色管理/dag_并发.py for tasks to queue
[2026-03-06T16:18:56.047+0800] {logging_mixin.py:190} INFO - [2026-03-06T16:18:56.047+0800] {dagbag.py:588} INFO - Filling up the DagBag from /Users/linghuchong/Downloads/51/Python/project/instance/airflow284/dags/tag_CDRD/系统管理/角色管理/dag_并发.py
[2026-03-06T16:18:56.048+0800] {processor.py:927} WARNING - No viable dags retrieved from /Users/linghuchong/Downloads/51/Python/project/instance/airflow284/dags/tag_CDRD/系统管理/角色管理/dag_并发.py
[2026-03-06T16:18:56.146+0800] {processor.py:208} INFO - Processing /Users/linghuchong/Downloads/51/Python/project/instance/airflow284/dags/tag_CDRD/系统管理/角色管理/dag_并发.py took 103.229 seconds
[2026-03-06T16:20:23.243+0800] {processor.py:186} INFO - Started process (PID=21121) to work on /Users/linghuchong/Downloads/51/Python/project/instance/airflow284/dags/tag_CDRD/系统管理/角色管理/dag_并发.py
[2026-03-06T16:20:23.243+0800] {processor.py:914} INFO - Processing file /Users/linghuchong/Downloads/51/Python/project/instance/airflow284/dags/tag_CDRD/系统管理/角色管理/dag_并发.py for tasks to queue
[2026-03-06T16:20:23.244+0800] {logging_mixin.py:190} INFO - [2026-03-06T16:20:23.244+0800] {dagbag.py:588} INFO - Filling up the DagBag from /Users/linghuchong/Downloads/51/Python/project/instance/airflow284/dags/tag_CDRD/系统管理/角色管理/dag_并发.py
[2026-03-06T16:20:23.245+0800] {processor.py:927} WARNING - No viable dags retrieved from /Users/linghuchong/Downloads/51/Python/project/instance/airflow284/dags/tag_CDRD/系统管理/角色管理/dag_并发.py
[2026-03-06T16:20:23.341+0800] {processor.py:208} INFO - Processing /Users/linghuchong/Downloads/51/Python/project/instance/airflow284/dags/tag_CDRD/系统管理/角色管理/dag_并发.py took 100.989 seconds
[2026-03-06T16:21:47.915+0800] {processor.py:186} INFO - Started process (PID=21258) to work on /Users/linghuchong/Downloads/51/Python/project/instance/airflow284/dags/tag_CDRD/系统管理/角色管理/dag_并发.py
[2026-03-06T16:21:47.915+0800] {processor.py:914} INFO - Processing file /Users/linghuchong/Downloads/51/Python/project/instance/airflow284/dags/tag_CDRD/系统管理/角色管理/dag_并发.py for tasks to queue
[2026-03-06T16:21:47.916+0800] {logging_mixin.py:190} INFO - [2026-03-06T16:21:47.916+0800] {dagbag.py:588} INFO - Filling up the DagBag from /Users/linghuchong/Downloads/51/Python/project/instance/airflow284/dags/tag_CDRD/系统管理/角色管理/dag_并发.py
[2026-03-06T16:21:47.918+0800] {processor.py:927} WARNING - No viable dags retrieved from /Users/linghuchong/Downloads/51/Python/project/instance/airflow284/dags/tag_CDRD/系统管理/角色管理/dag_并发.py
[2026-03-06T16:21:48.035+0800] {processor.py:208} INFO - Processing /Users/linghuchong/Downloads/51/Python/project/instance/airflow284/dags/tag_CDRD/系统管理/角色管理/dag_并发.py took 123.466 seconds
[2026-03-06T16:23:12.233+0800] {processor.py:186} INFO - Started process (PID=21397) to work on /Users/linghuchong/Downloads/51/Python/project/instance/airflow284/dags/tag_CDRD/系统管理/角色管理/dag_并发.py
[2026-03-06T16:23:12.234+0800] {processor.py:914} INFO - Processing file /Users/linghuchong/Downloads/51/Python/project/instance/airflow284/dags/tag_CDRD/系统管理/角色管理/dag_并发.py for tasks to queue
[2026-03-06T16:23:12.235+0800] {logging_mixin.py:190} INFO - [2026-03-06T16:23:12.235+0800] {dagbag.py:588} INFO - Filling up the DagBag from /Users/linghuchong/Downloads/51/Python/project/instance/airflow284/dags/tag_CDRD/系统管理/角色管理/dag_并发.py
[2026-03-06T16:23:12.236+0800] {processor.py:927} WARNING - No viable dags retrieved from /Users/linghuchong/Downloads/51/Python/project/instance/airflow284/dags/tag_CDRD/系统管理/角色管理/dag_并发.py
[2026-03-06T16:23:12.334+0800] {processor.py:208} INFO - Processing /Users/linghuchong/Downloads/51/Python/project/instance/airflow284/dags/tag_CDRD/系统管理/角色管理/dag_并发.py took 103.559 seconds
[2026-03-06T16:24:36.328+0800] {processor.py:186} INFO - Started process (PID=21534) to work on /Users/linghuchong/Downloads/51/Python/project/instance/airflow284/dags/tag_CDRD/系统管理/角色管理/dag_并发.py
[2026-03-06T16:24:36.329+0800] {processor.py:914} INFO - Processing file /Users/linghuchong/Downloads/51/Python/project/instance/airflow284/dags/tag_CDRD/系统管理/角色管理/dag_并发.py for tasks to queue
[2026-03-06T16:24:36.330+0800] {logging_mixin.py:190} INFO - [2026-03-06T16:24:36.330+0800] {dagbag.py:588} INFO - Filling up the DagBag from /Users/linghuchong/Downloads/51/Python/project/instance/airflow284/dags/tag_CDRD/系统管理/角色管理/dag_并发.py
[2026-03-06T16:24:36.331+0800] {processor.py:927} WARNING - No viable dags retrieved from /Users/linghuchong/Downloads/51/Python/project/instance/airflow284/dags/tag_CDRD/系统管理/角色管理/dag_并发.py
[2026-03-06T16:24:36.428+0800] {processor.py:208} INFO - Processing /Users/linghuchong/Downloads/51/Python/project/instance/airflow284/dags/tag_CDRD/系统管理/角色管理/dag_并发.py took 102.466 seconds
[2026-03-06T16:26:00.654+0800] {processor.py:186} INFO - Started process (PID=21665) to work on /Users/linghuchong/Downloads/51/Python/project/instance/airflow284/dags/tag_CDRD/系统管理/角色管理/dag_并发.py
[2026-03-06T16:26:00.655+0800] {processor.py:914} INFO - Processing file /Users/linghuchong/Downloads/51/Python/project/instance/airflow284/dags/tag_CDRD/系统管理/角色管理/dag_并发.py for tasks to queue
[2026-03-06T16:26:00.656+0800] {logging_mixin.py:190} INFO - [2026-03-06T16:26:00.655+0800] {dagbag.py:588} INFO - Filling up the DagBag from /Users/linghuchong/Downloads/51/Python/project/instance/airflow284/dags/tag_CDRD/系统管理/角色管理/dag_并发.py
[2026-03-06T16:26:00.657+0800] {processor.py:927} WARNING - No viable dags retrieved from /Users/linghuchong/Downloads/51/Python/project/instance/airflow284/dags/tag_CDRD/系统管理/角色管理/dag_并发.py
[2026-03-06T16:26:00.759+0800] {processor.py:208} INFO - Processing /Users/linghuchong/Downloads/51/Python/project/instance/airflow284/dags/tag_CDRD/系统管理/角色管理/dag_并发.py took 107.711 seconds
[2026-03-06T16:27:26.180+0800] {processor.py:186} INFO - Started process (PID=21797) to work on /Users/linghuchong/Downloads/51/Python/project/instance/airflow284/dags/tag_CDRD/系统管理/角色管理/dag_并发.py
[2026-03-06T16:27:26.180+0800] {processor.py:914} INFO - Processing file /Users/linghuchong/Downloads/51/Python/project/instance/airflow284/dags/tag_CDRD/系统管理/角色管理/dag_并发.py for tasks to queue
[2026-03-06T16:27:26.181+0800] {logging_mixin.py:190} INFO - [2026-03-06T16:27:26.181+0800] {dagbag.py:588} INFO - Filling up the DagBag from /Users/linghuchong/Downloads/51/Python/project/instance/airflow284/dags/tag_CDRD/系统管理/角色管理/dag_并发.py
[2026-03-06T16:27:26.182+0800] {processor.py:927} WARNING - No viable dags retrieved from /Users/linghuchong/Downloads/51/Python/project/instance/airflow284/dags/tag_CDRD/系统管理/角色管理/dag_并发.py
[2026-03-06T16:27:26.285+0800] {processor.py:208} INFO - Processing /Users/linghuchong/Downloads/51/Python/project/instance/airflow284/dags/tag_CDRD/系统管理/角色管理/dag_并发.py took 107.939 seconds
[2026-03-06T16:28:52.049+0800] {processor.py:186} INFO - Started process (PID=21920) to work on /Users/linghuchong/Downloads/51/Python/project/instance/airflow284/dags/tag_CDRD/系统管理/角色管理/dag_并发.py
[2026-03-06T16:28:52.049+0800] {processor.py:914} INFO - Processing file /Users/linghuchong/Downloads/51/Python/project/instance/airflow284/dags/tag_CDRD/系统管理/角色管理/dag_并发.py for tasks to queue
[2026-03-06T16:28:52.050+0800] {logging_mixin.py:190} INFO - [2026-03-06T16:28:52.050+0800] {dagbag.py:588} INFO - Filling up the DagBag from /Users/linghuchong/Downloads/51/Python/project/instance/airflow284/dags/tag_CDRD/系统管理/角色管理/dag_并发.py
[2026-03-06T16:28:52.051+0800] {processor.py:927} WARNING - No viable dags retrieved from /Users/linghuchong/Downloads/51/Python/project/instance/airflow284/dags/tag_CDRD/系统管理/角色管理/dag_并发.py
[2026-03-06T16:28:52.149+0800] {processor.py:208} INFO - Processing /Users/linghuchong/Downloads/51/Python/project/instance/airflow284/dags/tag_CDRD/系统管理/角色管理/dag_并发.py took 103.170 seconds
[2026-03-06T16:30:15.966+0800] {processor.py:186} INFO - Started process (PID=22052) to work on /Users/linghuchong/Downloads/51/Python/project/instance/airflow284/dags/tag_CDRD/系统管理/角色管理/dag_并发.py
[2026-03-06T16:30:15.967+0800] {processor.py:914} INFO - Processing file /Users/linghuchong/Downloads/51/Python/project/instance/airflow284/dags/tag_CDRD/系统管理/角色管理/dag_并发.py for tasks to queue
[2026-03-06T16:30:15.968+0800] {logging_mixin.py:190} INFO - [2026-03-06T16:30:15.967+0800] {dagbag.py:588} INFO - Filling up the DagBag from /Users/linghuchong/Downloads/51/Python/project/instance/airflow284/dags/tag_CDRD/系统管理/角色管理/dag_并发.py
[2026-03-06T16:30:15.969+0800] {processor.py:927} WARNING - No viable dags retrieved from /Users/linghuchong/Downloads/51/Python/project/instance/airflow284/dags/tag_CDRD/系统管理/角色管理/dag_并发.py
[2026-03-06T16:30:16.074+0800] {processor.py:208} INFO - Processing /Users/linghuchong/Downloads/51/Python/project/instance/airflow284/dags/tag_CDRD/系统管理/角色管理/dag_并发.py took 111.272 seconds
[2026-03-06T16:31:42.979+0800] {processor.py:186} INFO - Started process (PID=22194) to work on /Users/linghuchong/Downloads/51/Python/project/instance/airflow284/dags/tag_CDRD/系统管理/角色管理/dag_并发.py
[2026-03-06T16:31:42.979+0800] {processor.py:914} INFO - Processing file /Users/linghuchong/Downloads/51/Python/project/instance/airflow284/dags/tag_CDRD/系统管理/角色管理/dag_并发.py for tasks to queue
[2026-03-06T16:31:42.980+0800] {logging_mixin.py:190} INFO - [2026-03-06T16:31:42.980+0800] {dagbag.py:588} INFO - Filling up the DagBag from /Users/linghuchong/Downloads/51/Python/project/instance/airflow284/dags/tag_CDRD/系统管理/角色管理/dag_并发.py
[2026-03-06T16:31:42.981+0800] {processor.py:927} WARNING - No viable dags retrieved from /Users/linghuchong/Downloads/51/Python/project/instance/airflow284/dags/tag_CDRD/系统管理/角色管理/dag_并发.py
[2026-03-06T16:31:43.084+0800] {processor.py:208} INFO - Processing /Users/linghuchong/Downloads/51/Python/project/instance/airflow284/dags/tag_CDRD/系统管理/角色管理/dag_并发.py took 107.954 seconds
[2026-03-06T16:33:08.489+0800] {processor.py:186} INFO - Started process (PID=22323) to work on /Users/linghuchong/Downloads/51/Python/project/instance/airflow284/dags/tag_CDRD/系统管理/角色管理/dag_并发.py
[2026-03-06T16:33:08.490+0800] {processor.py:914} INFO - Processing file /Users/linghuchong/Downloads/51/Python/project/instance/airflow284/dags/tag_CDRD/系统管理/角色管理/dag_并发.py for tasks to queue
[2026-03-06T16:33:08.491+0800] {logging_mixin.py:190} INFO - [2026-03-06T16:33:08.490+0800] {dagbag.py:588} INFO - Filling up the DagBag from /Users/linghuchong/Downloads/51/Python/project/instance/airflow284/dags/tag_CDRD/系统管理/角色管理/dag_并发.py
[2026-03-06T16:33:08.492+0800] {processor.py:927} WARNING - No viable dags retrieved from /Users/linghuchong/Downloads/51/Python/project/instance/airflow284/dags/tag_CDRD/系统管理/角色管理/dag_并发.py
[2026-03-06T16:33:08.587+0800] {processor.py:208} INFO - Processing /Users/linghuchong/Downloads/51/Python/project/instance/airflow284/dags/tag_CDRD/系统管理/角色管理/dag_并发.py took 100.452 seconds
[2026-03-06T16:34:35.153+0800] {processor.py:186} INFO - Started process (PID=22469) to work on /Users/linghuchong/Downloads/51/Python/project/instance/airflow284/dags/tag_CDRD/系统管理/角色管理/dag_并发.py
[2026-03-06T16:34:35.154+0800] {processor.py:914} INFO - Processing file /Users/linghuchong/Downloads/51/Python/project/instance/airflow284/dags/tag_CDRD/系统管理/角色管理/dag_并发.py for tasks to queue
[2026-03-06T16:34:35.155+0800] {logging_mixin.py:190} INFO - [2026-03-06T16:34:35.154+0800] {dagbag.py:588} INFO - Filling up the DagBag from /Users/linghuchong/Downloads/51/Python/project/instance/airflow284/dags/tag_CDRD/系统管理/角色管理/dag_并发.py
[2026-03-06T16:34:35.156+0800] {processor.py:927} WARNING - No viable dags retrieved from /Users/linghuchong/Downloads/51/Python/project/instance/airflow284/dags/tag_CDRD/系统管理/角色管理/dag_并发.py
[2026-03-06T16:34:35.250+0800] {processor.py:208} INFO - Processing /Users/linghuchong/Downloads/51/Python/project/instance/airflow284/dags/tag_CDRD/系统管理/角色管理/dag_并发.py took 99.382 seconds
[2026-03-06T16:36:06.463+0800] {processor.py:186} INFO - Started process (PID=22644) to work on /Users/linghuchong/Downloads/51/Python/project/instance/airflow284/dags/tag_CDRD/系统管理/角色管理/dag_并发.py
[2026-03-06T16:36:06.466+0800] {processor.py:914} INFO - Processing file /Users/linghuchong/Downloads/51/Python/project/instance/airflow284/dags/tag_CDRD/系统管理/角色管理/dag_并发.py for tasks to queue
[2026-03-06T16:36:06.467+0800] {logging_mixin.py:190} INFO - [2026-03-06T16:36:06.467+0800] {dagbag.py:588} INFO - Filling up the DagBag from /Users/linghuchong/Downloads/51/Python/project/instance/airflow284/dags/tag_CDRD/系统管理/角色管理/dag_并发.py
[2026-03-06T16:36:06.468+0800] {processor.py:927} WARNING - No viable dags retrieved from /Users/linghuchong/Downloads/51/Python/project/instance/airflow284/dags/tag_CDRD/系统管理/角色管理/dag_并发.py
[2026-03-06T16:36:06.582+0800] {processor.py:208} INFO - Processing /Users/linghuchong/Downloads/51/Python/project/instance/airflow284/dags/tag_CDRD/系统管理/角色管理/dag_并发.py took 121.761 seconds
=======
[2026-03-06T16:42:22.104+0800] {processor.py:186} INFO - Started process (PID=23820) to work on /Users/linghuchong/Downloads/51/Python/project/instance/airflow284/dags/tag_CDRD/系统管理/角色管理/dag_并发.py
[2026-03-06T16:42:22.105+0800] {processor.py:914} INFO - Processing file /Users/linghuchong/Downloads/51/Python/project/instance/airflow284/dags/tag_CDRD/系统管理/角色管理/dag_并发.py for tasks to queue
[2026-03-06T16:42:22.106+0800] {logging_mixin.py:190} INFO - [2026-03-06T16:42:22.106+0800] {dagbag.py:588} INFO - Filling up the DagBag from /Users/linghuchong/Downloads/51/Python/project/instance/airflow284/dags/tag_CDRD/系统管理/角色管理/dag_并发.py
[2026-03-06T16:42:22.108+0800] {processor.py:927} WARNING - No viable dags retrieved from /Users/linghuchong/Downloads/51/Python/project/instance/airflow284/dags/tag_CDRD/系统管理/角色管理/dag_并发.py
[2026-03-06T16:42:22.213+0800] {processor.py:208} INFO - Processing /Users/linghuchong/Downloads/51/Python/project/instance/airflow284/dags/tag_CDRD/系统管理/角色管理/dag_并发.py took 110.960 seconds
[2026-03-06T16:43:58.748+0800] {processor.py:186} INFO - Started process (PID=23976) to work on /Users/linghuchong/Downloads/51/Python/project/instance/airflow284/dags/tag_CDRD/系统管理/角色管理/dag_并发.py
[2026-03-06T16:43:58.751+0800] {processor.py:914} INFO - Processing file /Users/linghuchong/Downloads/51/Python/project/instance/airflow284/dags/tag_CDRD/系统管理/角色管理/dag_并发.py for tasks to queue
[2026-03-06T16:43:58.752+0800] {logging_mixin.py:190} INFO - [2026-03-06T16:43:58.752+0800] {dagbag.py:588} INFO - Filling up the DagBag from /Users/linghuchong/Downloads/51/Python/project/instance/airflow284/dags/tag_CDRD/系统管理/角色管理/dag_并发.py
[2026-03-06T16:43:58.754+0800] {processor.py:927} WARNING - No viable dags retrieved from /Users/linghuchong/Downloads/51/Python/project/instance/airflow284/dags/tag_CDRD/系统管理/角色管理/dag_并发.py
[2026-03-06T16:43:58.848+0800] {processor.py:208} INFO - Processing /Users/linghuchong/Downloads/51/Python/project/instance/airflow284/dags/tag_CDRD/系统管理/角色管理/dag_并发.py took 102.731 seconds
[2026-03-06T16:45:34.677+0800] {processor.py:186} INFO - Started process (PID=24137) to work on /Users/linghuchong/Downloads/51/Python/project/instance/airflow284/dags/tag_CDRD/系统管理/角色管理/dag_并发.py
[2026-03-06T16:45:34.678+0800] {processor.py:914} INFO - Processing file /Users/linghuchong/Downloads/51/Python/project/instance/airflow284/dags/tag_CDRD/系统管理/角色管理/dag_并发.py for tasks to queue
[2026-03-06T16:45:34.679+0800] {logging_mixin.py:190} INFO - [2026-03-06T16:45:34.679+0800] {dagbag.py:588} INFO - Filling up the DagBag from /Users/linghuchong/Downloads/51/Python/project/instance/airflow284/dags/tag_CDRD/系统管理/角色管理/dag_并发.py
[2026-03-06T16:45:34.680+0800] {processor.py:927} WARNING - No viable dags retrieved from /Users/linghuchong/Downloads/51/Python/project/instance/airflow284/dags/tag_CDRD/系统管理/角色管理/dag_并发.py
[2026-03-06T16:45:34.808+0800] {processor.py:208} INFO - Processing /Users/linghuchong/Downloads/51/Python/project/instance/airflow284/dags/tag_CDRD/系统管理/角色管理/dag_并发.py took 137.063 seconds
[2026-03-06T16:47:10.333+0800] {processor.py:186} INFO - Started process (PID=24429) to work on /Users/linghuchong/Downloads/51/Python/project/instance/airflow284/dags/tag_CDRD/系统管理/角色管理/dag_并发.py
[2026-03-06T16:47:10.338+0800] {processor.py:914} INFO - Processing file /Users/linghuchong/Downloads/51/Python/project/instance/airflow284/dags/tag_CDRD/系统管理/角色管理/dag_并发.py for tasks to queue
[2026-03-06T16:47:10.339+0800] {logging_mixin.py:190} INFO - [2026-03-06T16:47:10.339+0800] {dagbag.py:588} INFO - Filling up the DagBag from /Users/linghuchong/Downloads/51/Python/project/instance/airflow284/dags/tag_CDRD/系统管理/角色管理/dag_并发.py
[2026-03-06T16:47:10.341+0800] {processor.py:927} WARNING - No viable dags retrieved from /Users/linghuchong/Downloads/51/Python/project/instance/airflow284/dags/tag_CDRD/系统管理/角色管理/dag_并发.py
[2026-03-06T16:47:10.464+0800] {processor.py:208} INFO - Processing /Users/linghuchong/Downloads/51/Python/project/instance/airflow284/dags/tag_CDRD/系统管理/角色管理/dag_并发.py took 136.152 seconds
>>>>>>> Stashed changes
