[2026-03-06T16:01:20.062+0800] {processor.py:186} INFO - Started process (PID=18824) to work on /Users/linghuchong/Downloads/51/Python/project/instance/airflow284/dags/tag_CDRD/系统管理/角色管理/dag_并发—成功.py
[2026-03-06T16:01:20.063+0800] {processor.py:914} INFO - Processing file /Users/linghuchong/Downloads/51/Python/project/instance/airflow284/dags/tag_CDRD/系统管理/角色管理/dag_并发—成功.py for tasks to queue
[2026-03-06T16:01:20.064+0800] {logging_mixin.py:190} INFO - [2026-03-06T16:01:20.064+0800] {dagbag.py:588} INFO - Filling up the DagBag from /Users/linghuchong/Downloads/51/Python/project/instance/airflow284/dags/tag_CDRD/系统管理/角色管理/dag_并发—成功.py
[2026-03-06T16:01:20.067+0800] {processor.py:927} WARNING - No viable dags retrieved from /Users/linghuchong/Downloads/51/Python/project/instance/airflow284/dags/tag_CDRD/系统管理/角色管理/dag_并发—成功.py
[2026-03-06T16:01:20.174+0800] {processor.py:208} INFO - Processing /Users/linghuchong/Downloads/51/Python/project/instance/airflow284/dags/tag_CDRD/系统管理/角色管理/dag_并发—成功.py took 114.272 seconds
[2026-03-06T16:02:49.823+0800] {processor.py:186} INFO - Started process (PID=18964) to work on /Users/linghuchong/Downloads/51/Python/project/instance/airflow284/dags/tag_CDRD/系统管理/角色管理/dag_并发—成功.py
[2026-03-06T16:02:49.823+0800] {processor.py:914} INFO - Processing file /Users/linghuchong/Downloads/51/Python/project/instance/airflow284/dags/tag_CDRD/系统管理/角色管理/dag_并发—成功.py for tasks to queue
[2026-03-06T16:02:49.824+0800] {logging_mixin.py:190} INFO - [2026-03-06T16:02:49.824+0800] {dagbag.py:588} INFO - Filling up the DagBag from /Users/linghuchong/Downloads/51/Python/project/instance/airflow284/dags/tag_CDRD/系统管理/角色管理/dag_并发—成功.py
[2026-03-06T16:02:49.826+0800] {processor.py:927} WARNING - No viable dags retrieved from /Users/linghuchong/Downloads/51/Python/project/instance/airflow284/dags/tag_CDRD/系统管理/角色管理/dag_并发—成功.py
[2026-03-06T16:02:49.938+0800] {processor.py:208} INFO - Processing /Users/linghuchong/Downloads/51/Python/project/instance/airflow284/dags/tag_CDRD/系统管理/角色管理/dag_并发—成功.py took 118.633 seconds
[2026-03-06T16:04:23.539+0800] {processor.py:186} INFO - Started process (PID=19230) to work on /Users/linghuchong/Downloads/51/Python/project/instance/airflow284/dags/tag_CDRD/系统管理/角色管理/dag_并发—成功.py
[2026-03-06T16:04:23.541+0800] {processor.py:914} INFO - Processing file /Users/linghuchong/Downloads/51/Python/project/instance/airflow284/dags/tag_CDRD/系统管理/角色管理/dag_并发—成功.py for tasks to queue
[2026-03-06T16:04:23.543+0800] {logging_mixin.py:190} INFO - [2026-03-06T16:04:23.542+0800] {dagbag.py:588} INFO - Filling up the DagBag from /Users/linghuchong/Downloads/51/Python/project/instance/airflow284/dags/tag_CDRD/系统管理/角色管理/dag_并发—成功.py
[2026-03-06T16:04:23.544+0800] {processor.py:927} WARNING - No viable dags retrieved from /Users/linghuchong/Downloads/51/Python/project/instance/airflow284/dags/tag_CDRD/系统管理/角色管理/dag_并发—成功.py
[2026-03-06T16:04:23.651+0800] {processor.py:208} INFO - Processing /Users/linghuchong/Downloads/51/Python/project/instance/airflow284/dags/tag_CDRD/系统管理/角色管理/dag_并发—成功.py took 114.645 seconds
[2026-03-06T16:05:56.823+0800] {processor.py:186} INFO - Started process (PID=19521) to work on /Users/linghuchong/Downloads/51/Python/project/instance/airflow284/dags/tag_CDRD/系统管理/角色管理/dag_并发—成功.py
[2026-03-06T16:05:56.824+0800] {processor.py:914} INFO - Processing file /Users/linghuchong/Downloads/51/Python/project/instance/airflow284/dags/tag_CDRD/系统管理/角色管理/dag_并发—成功.py for tasks to queue
[2026-03-06T16:05:56.825+0800] {logging_mixin.py:190} INFO - [2026-03-06T16:05:56.825+0800] {dagbag.py:588} INFO - Filling up the DagBag from /Users/linghuchong/Downloads/51/Python/project/instance/airflow284/dags/tag_CDRD/系统管理/角色管理/dag_并发—成功.py
[2026-03-06T16:05:56.826+0800] {processor.py:927} WARNING - No viable dags retrieved from /Users/linghuchong/Downloads/51/Python/project/instance/airflow284/dags/tag_CDRD/系统管理/角色管理/dag_并发—成功.py
[2026-03-06T16:05:56.920+0800] {processor.py:208} INFO - Processing /Users/linghuchong/Downloads/51/Python/project/instance/airflow284/dags/tag_CDRD/系统管理/角色管理/dag_并发—成功.py took 99.632 seconds
[2026-03-06T16:07:27.647+0800] {processor.py:186} INFO - Started process (PID=19651) to work on /Users/linghuchong/Downloads/51/Python/project/instance/airflow284/dags/tag_CDRD/系统管理/角色管理/dag_并发—成功.py
[2026-03-06T16:07:27.648+0800] {processor.py:914} INFO - Processing file /Users/linghuchong/Downloads/51/Python/project/instance/airflow284/dags/tag_CDRD/系统管理/角色管理/dag_并发—成功.py for tasks to queue
[2026-03-06T16:07:27.649+0800] {logging_mixin.py:190} INFO - [2026-03-06T16:07:27.648+0800] {dagbag.py:588} INFO - Filling up the DagBag from /Users/linghuchong/Downloads/51/Python/project/instance/airflow284/dags/tag_CDRD/系统管理/角色管理/dag_并发—成功.py
[2026-03-06T16:07:27.650+0800] {processor.py:927} WARNING - No viable dags retrieved from /Users/linghuchong/Downloads/51/Python/project/instance/airflow284/dags/tag_CDRD/系统管理/角色管理/dag_并发—成功.py
[2026-03-06T16:07:27.742+0800] {processor.py:208} INFO - Processing /Users/linghuchong/Downloads/51/Python/project/instance/airflow284/dags/tag_CDRD/系统管理/角色管理/dag_并发—成功.py took 98.046 seconds
[2026-03-06T16:08:54.082+0800] {processor.py:186} INFO - Started process (PID=19778) to work on /Users/linghuchong/Downloads/51/Python/project/instance/airflow284/dags/tag_CDRD/系统管理/角色管理/dag_并发—成功.py
[2026-03-06T16:08:54.083+0800] {processor.py:914} INFO - Processing file /Users/linghuchong/Downloads/51/Python/project/instance/airflow284/dags/tag_CDRD/系统管理/角色管理/dag_并发—成功.py for tasks to queue
[2026-03-06T16:08:54.083+0800] {logging_mixin.py:190} INFO - [2026-03-06T16:08:54.083+0800] {dagbag.py:588} INFO - Filling up the DagBag from /Users/linghuchong/Downloads/51/Python/project/instance/airflow284/dags/tag_CDRD/系统管理/角色管理/dag_并发—成功.py
[2026-03-06T16:08:54.085+0800] {processor.py:927} WARNING - No viable dags retrieved from /Users/linghuchong/Downloads/51/Python/project/instance/airflow284/dags/tag_CDRD/系统管理/角色管理/dag_并发—成功.py
[2026-03-06T16:08:54.185+0800] {processor.py:208} INFO - Processing /Users/linghuchong/Downloads/51/Python/project/instance/airflow284/dags/tag_CDRD/系统管理/角色管理/dag_并发—成功.py took 105.561 seconds
[2026-03-06T16:10:19.143+0800] {processor.py:186} INFO - Started process (PID=19899) to work on /Users/linghuchong/Downloads/51/Python/project/instance/airflow284/dags/tag_CDRD/系统管理/角色管理/dag_并发—成功.py
[2026-03-06T16:10:19.143+0800] {processor.py:914} INFO - Processing file /Users/linghuchong/Downloads/51/Python/project/instance/airflow284/dags/tag_CDRD/系统管理/角色管理/dag_并发—成功.py for tasks to queue
[2026-03-06T16:10:19.144+0800] {logging_mixin.py:190} INFO - [2026-03-06T16:10:19.144+0800] {dagbag.py:588} INFO - Filling up the DagBag from /Users/linghuchong/Downloads/51/Python/project/instance/airflow284/dags/tag_CDRD/系统管理/角色管理/dag_并发—成功.py
[2026-03-06T16:10:19.145+0800] {processor.py:927} WARNING - No viable dags retrieved from /Users/linghuchong/Downloads/51/Python/project/instance/airflow284/dags/tag_CDRD/系统管理/角色管理/dag_并发—成功.py
[2026-03-06T16:10:19.237+0800] {processor.py:208} INFO - Processing /Users/linghuchong/Downloads/51/Python/project/instance/airflow284/dags/tag_CDRD/系统管理/角色管理/dag_并发—成功.py took 96.835 seconds
[2026-03-06T16:11:45.118+0800] {processor.py:186} INFO - Started process (PID=20029) to work on /Users/linghuchong/Downloads/51/Python/project/instance/airflow284/dags/tag_CDRD/系统管理/角色管理/dag_并发—成功.py
[2026-03-06T16:11:45.118+0800] {processor.py:914} INFO - Processing file /Users/linghuchong/Downloads/51/Python/project/instance/airflow284/dags/tag_CDRD/系统管理/角色管理/dag_并发—成功.py for tasks to queue
[2026-03-06T16:11:45.119+0800] {logging_mixin.py:190} INFO - [2026-03-06T16:11:45.119+0800] {dagbag.py:588} INFO - Filling up the DagBag from /Users/linghuchong/Downloads/51/Python/project/instance/airflow284/dags/tag_CDRD/系统管理/角色管理/dag_并发—成功.py
[2026-03-06T16:11:45.120+0800] {processor.py:927} WARNING - No viable dags retrieved from /Users/linghuchong/Downloads/51/Python/project/instance/airflow284/dags/tag_CDRD/系统管理/角色管理/dag_并发—成功.py
[2026-03-06T16:11:45.215+0800] {processor.py:208} INFO - Processing /Users/linghuchong/Downloads/51/Python/project/instance/airflow284/dags/tag_CDRD/系统管理/角色管理/dag_并发—成功.py took 99.813 seconds
[2026-03-06T16:13:09.483+0800] {processor.py:186} INFO - Started process (PID=20164) to work on /Users/linghuchong/Downloads/51/Python/project/instance/airflow284/dags/tag_CDRD/系统管理/角色管理/dag_并发—成功.py
[2026-03-06T16:13:09.483+0800] {processor.py:914} INFO - Processing file /Users/linghuchong/Downloads/51/Python/project/instance/airflow284/dags/tag_CDRD/系统管理/角色管理/dag_并发—成功.py for tasks to queue
[2026-03-06T16:13:09.484+0800] {logging_mixin.py:190} INFO - [2026-03-06T16:13:09.484+0800] {dagbag.py:588} INFO - Filling up the DagBag from /Users/linghuchong/Downloads/51/Python/project/instance/airflow284/dags/tag_CDRD/系统管理/角色管理/dag_并发—成功.py
[2026-03-06T16:13:09.485+0800] {processor.py:927} WARNING - No viable dags retrieved from /Users/linghuchong/Downloads/51/Python/project/instance/airflow284/dags/tag_CDRD/系统管理/角色管理/dag_并发—成功.py
[2026-03-06T16:13:09.586+0800] {processor.py:208} INFO - Processing /Users/linghuchong/Downloads/51/Python/project/instance/airflow284/dags/tag_CDRD/系统管理/角色管理/dag_并发—成功.py took 105.772 seconds
[2026-03-06T16:14:35.383+0800] {processor.py:186} INFO - Started process (PID=20293) to work on /Users/linghuchong/Downloads/51/Python/project/instance/airflow284/dags/tag_CDRD/系统管理/角色管理/dag_并发—成功.py
[2026-03-06T16:14:35.383+0800] {processor.py:914} INFO - Processing file /Users/linghuchong/Downloads/51/Python/project/instance/airflow284/dags/tag_CDRD/系统管理/角色管理/dag_并发—成功.py for tasks to queue
[2026-03-06T16:14:35.384+0800] {logging_mixin.py:190} INFO - [2026-03-06T16:14:35.384+0800] {dagbag.py:588} INFO - Filling up the DagBag from /Users/linghuchong/Downloads/51/Python/project/instance/airflow284/dags/tag_CDRD/系统管理/角色管理/dag_并发—成功.py
[2026-03-06T16:14:35.385+0800] {processor.py:927} WARNING - No viable dags retrieved from /Users/linghuchong/Downloads/51/Python/project/instance/airflow284/dags/tag_CDRD/系统管理/角色管理/dag_并发—成功.py
[2026-03-06T16:14:35.482+0800] {processor.py:208} INFO - Processing /Users/linghuchong/Downloads/51/Python/project/instance/airflow284/dags/tag_CDRD/系统管理/角色管理/dag_并发—成功.py took 101.705 seconds
[2026-03-06T16:16:03.034+0800] {processor.py:186} INFO - Started process (PID=20697) to work on /Users/linghuchong/Downloads/51/Python/project/instance/airflow284/dags/tag_CDRD/系统管理/角色管理/dag_并发—成功.py
[2026-03-06T16:16:03.034+0800] {processor.py:914} INFO - Processing file /Users/linghuchong/Downloads/51/Python/project/instance/airflow284/dags/tag_CDRD/系统管理/角色管理/dag_并发—成功.py for tasks to queue
[2026-03-06T16:16:03.035+0800] {logging_mixin.py:190} INFO - [2026-03-06T16:16:03.035+0800] {dagbag.py:588} INFO - Filling up the DagBag from /Users/linghuchong/Downloads/51/Python/project/instance/airflow284/dags/tag_CDRD/系统管理/角色管理/dag_并发—成功.py
[2026-03-06T16:16:03.037+0800] {processor.py:927} WARNING - No viable dags retrieved from /Users/linghuchong/Downloads/51/Python/project/instance/airflow284/dags/tag_CDRD/系统管理/角色管理/dag_并发—成功.py
[2026-03-06T16:16:03.137+0800] {processor.py:208} INFO - Processing /Users/linghuchong/Downloads/51/Python/project/instance/airflow284/dags/tag_CDRD/系统管理/角色管理/dag_并发—成功.py took 107.329 seconds
[2026-03-06T16:17:33.122+0800] {processor.py:186} INFO - Started process (PID=20857) to work on /Users/linghuchong/Downloads/51/Python/project/instance/airflow284/dags/tag_CDRD/系统管理/角色管理/dag_并发—成功.py
[2026-03-06T16:17:33.122+0800] {processor.py:914} INFO - Processing file /Users/linghuchong/Downloads/51/Python/project/instance/airflow284/dags/tag_CDRD/系统管理/角色管理/dag_并发—成功.py for tasks to queue
[2026-03-06T16:17:33.123+0800] {logging_mixin.py:190} INFO - [2026-03-06T16:17:33.123+0800] {dagbag.py:588} INFO - Filling up the DagBag from /Users/linghuchong/Downloads/51/Python/project/instance/airflow284/dags/tag_CDRD/系统管理/角色管理/dag_并发—成功.py
[2026-03-06T16:17:33.124+0800] {processor.py:927} WARNING - No viable dags retrieved from /Users/linghuchong/Downloads/51/Python/project/instance/airflow284/dags/tag_CDRD/系统管理/角色管理/dag_并发—成功.py
[2026-03-06T16:17:33.218+0800] {processor.py:208} INFO - Processing /Users/linghuchong/Downloads/51/Python/project/instance/airflow284/dags/tag_CDRD/系统管理/角色管理/dag_并发—成功.py took 99.207 seconds
[2026-03-06T16:18:59.334+0800] {processor.py:186} INFO - Started process (PID=20990) to work on /Users/linghuchong/Downloads/51/Python/project/instance/airflow284/dags/tag_CDRD/系统管理/角色管理/dag_并发—成功.py
[2026-03-06T16:18:59.334+0800] {processor.py:914} INFO - Processing file /Users/linghuchong/Downloads/51/Python/project/instance/airflow284/dags/tag_CDRD/系统管理/角色管理/dag_并发—成功.py for tasks to queue
[2026-03-06T16:18:59.335+0800] {logging_mixin.py:190} INFO - [2026-03-06T16:18:59.335+0800] {dagbag.py:588} INFO - Filling up the DagBag from /Users/linghuchong/Downloads/51/Python/project/instance/airflow284/dags/tag_CDRD/系统管理/角色管理/dag_并发—成功.py
[2026-03-06T16:18:59.336+0800] {processor.py:927} WARNING - No viable dags retrieved from /Users/linghuchong/Downloads/51/Python/project/instance/airflow284/dags/tag_CDRD/系统管理/角色管理/dag_并发—成功.py
[2026-03-06T16:18:59.432+0800] {processor.py:208} INFO - Processing /Users/linghuchong/Downloads/51/Python/project/instance/airflow284/dags/tag_CDRD/系统管理/角色管理/dag_并发—成功.py took 100.685 seconds
[2026-03-06T16:20:26.452+0800] {processor.py:186} INFO - Started process (PID=21127) to work on /Users/linghuchong/Downloads/51/Python/project/instance/airflow284/dags/tag_CDRD/系统管理/角色管理/dag_并发—成功.py
[2026-03-06T16:20:26.453+0800] {processor.py:914} INFO - Processing file /Users/linghuchong/Downloads/51/Python/project/instance/airflow284/dags/tag_CDRD/系统管理/角色管理/dag_并发—成功.py for tasks to queue
[2026-03-06T16:20:26.454+0800] {logging_mixin.py:190} INFO - [2026-03-06T16:20:26.454+0800] {dagbag.py:588} INFO - Filling up the DagBag from /Users/linghuchong/Downloads/51/Python/project/instance/airflow284/dags/tag_CDRD/系统管理/角色管理/dag_并发—成功.py
[2026-03-06T16:20:26.455+0800] {processor.py:927} WARNING - No viable dags retrieved from /Users/linghuchong/Downloads/51/Python/project/instance/airflow284/dags/tag_CDRD/系统管理/角色管理/dag_并发—成功.py
[2026-03-06T16:20:26.548+0800] {processor.py:208} INFO - Processing /Users/linghuchong/Downloads/51/Python/project/instance/airflow284/dags/tag_CDRD/系统管理/角色管理/dag_并发—成功.py took 98.192 seconds
[2026-03-06T16:21:51.139+0800] {processor.py:186} INFO - Started process (PID=21263) to work on /Users/linghuchong/Downloads/51/Python/project/instance/airflow284/dags/tag_CDRD/系统管理/角色管理/dag_并发—成功.py
[2026-03-06T16:21:51.140+0800] {processor.py:914} INFO - Processing file /Users/linghuchong/Downloads/51/Python/project/instance/airflow284/dags/tag_CDRD/系统管理/角色管理/dag_并发—成功.py for tasks to queue
[2026-03-06T16:21:51.140+0800] {logging_mixin.py:190} INFO - [2026-03-06T16:21:51.140+0800] {dagbag.py:588} INFO - Filling up the DagBag from /Users/linghuchong/Downloads/51/Python/project/instance/airflow284/dags/tag_CDRD/系统管理/角色管理/dag_并发—成功.py
[2026-03-06T16:21:51.142+0800] {processor.py:927} WARNING - No viable dags retrieved from /Users/linghuchong/Downloads/51/Python/project/instance/airflow284/dags/tag_CDRD/系统管理/角色管理/dag_并发—成功.py
[2026-03-06T16:21:51.239+0800] {processor.py:208} INFO - Processing /Users/linghuchong/Downloads/51/Python/project/instance/airflow284/dags/tag_CDRD/系统管理/角色管理/dag_并发—成功.py took 102.526 seconds
[2026-03-06T16:23:15.461+0800] {processor.py:186} INFO - Started process (PID=21400) to work on /Users/linghuchong/Downloads/51/Python/project/instance/airflow284/dags/tag_CDRD/系统管理/角色管理/dag_并发—成功.py
[2026-03-06T16:23:15.461+0800] {processor.py:914} INFO - Processing file /Users/linghuchong/Downloads/51/Python/project/instance/airflow284/dags/tag_CDRD/系统管理/角色管理/dag_并发—成功.py for tasks to queue
[2026-03-06T16:23:15.462+0800] {logging_mixin.py:190} INFO - [2026-03-06T16:23:15.462+0800] {dagbag.py:588} INFO - Filling up the DagBag from /Users/linghuchong/Downloads/51/Python/project/instance/airflow284/dags/tag_CDRD/系统管理/角色管理/dag_并发—成功.py
[2026-03-06T16:23:15.463+0800] {processor.py:927} WARNING - No viable dags retrieved from /Users/linghuchong/Downloads/51/Python/project/instance/airflow284/dags/tag_CDRD/系统管理/角色管理/dag_并发—成功.py
[2026-03-06T16:23:15.561+0800] {processor.py:208} INFO - Processing /Users/linghuchong/Downloads/51/Python/project/instance/airflow284/dags/tag_CDRD/系统管理/角色管理/dag_并发—成功.py took 102.689 seconds
[2026-03-06T16:24:39.598+0800] {processor.py:186} INFO - Started process (PID=21537) to work on /Users/linghuchong/Downloads/51/Python/project/instance/airflow284/dags/tag_CDRD/系统管理/角色管理/dag_并发—成功.py
[2026-03-06T16:24:39.599+0800] {processor.py:914} INFO - Processing file /Users/linghuchong/Downloads/51/Python/project/instance/airflow284/dags/tag_CDRD/系统管理/角色管理/dag_并发—成功.py for tasks to queue
[2026-03-06T16:24:39.600+0800] {logging_mixin.py:190} INFO - [2026-03-06T16:24:39.599+0800] {dagbag.py:588} INFO - Filling up the DagBag from /Users/linghuchong/Downloads/51/Python/project/instance/airflow284/dags/tag_CDRD/系统管理/角色管理/dag_并发—成功.py
[2026-03-06T16:24:39.601+0800] {processor.py:927} WARNING - No viable dags retrieved from /Users/linghuchong/Downloads/51/Python/project/instance/airflow284/dags/tag_CDRD/系统管理/角色管理/dag_并发—成功.py
[2026-03-06T16:24:39.698+0800] {processor.py:208} INFO - Processing /Users/linghuchong/Downloads/51/Python/project/instance/airflow284/dags/tag_CDRD/系统管理/角色管理/dag_并发—成功.py took 102.571 seconds
[2026-03-06T16:26:03.856+0800] {processor.py:186} INFO - Started process (PID=21672) to work on /Users/linghuchong/Downloads/51/Python/project/instance/airflow284/dags/tag_CDRD/系统管理/角色管理/dag_并发—成功.py
[2026-03-06T16:26:03.857+0800] {processor.py:914} INFO - Processing file /Users/linghuchong/Downloads/51/Python/project/instance/airflow284/dags/tag_CDRD/系统管理/角色管理/dag_并发—成功.py for tasks to queue
[2026-03-06T16:26:03.858+0800] {logging_mixin.py:190} INFO - [2026-03-06T16:26:03.858+0800] {dagbag.py:588} INFO - Filling up the DagBag from /Users/linghuchong/Downloads/51/Python/project/instance/airflow284/dags/tag_CDRD/系统管理/角色管理/dag_并发—成功.py
[2026-03-06T16:26:03.859+0800] {processor.py:927} WARNING - No viable dags retrieved from /Users/linghuchong/Downloads/51/Python/project/instance/airflow284/dags/tag_CDRD/系统管理/角色管理/dag_并发—成功.py
[2026-03-06T16:26:03.950+0800] {processor.py:208} INFO - Processing /Users/linghuchong/Downloads/51/Python/project/instance/airflow284/dags/tag_CDRD/系统管理/角色管理/dag_并发—成功.py took 96.472 seconds
[2026-03-06T16:27:29.480+0800] {processor.py:186} INFO - Started process (PID=21800) to work on /Users/linghuchong/Downloads/51/Python/project/instance/airflow284/dags/tag_CDRD/系统管理/角色管理/dag_并发—成功.py
[2026-03-06T16:27:29.480+0800] {processor.py:914} INFO - Processing file /Users/linghuchong/Downloads/51/Python/project/instance/airflow284/dags/tag_CDRD/系统管理/角色管理/dag_并发—成功.py for tasks to queue
[2026-03-06T16:27:29.481+0800] {logging_mixin.py:190} INFO - [2026-03-06T16:27:29.481+0800] {dagbag.py:588} INFO - Filling up the DagBag from /Users/linghuchong/Downloads/51/Python/project/instance/airflow284/dags/tag_CDRD/系统管理/角色管理/dag_并发—成功.py
[2026-03-06T16:27:29.482+0800] {processor.py:927} WARNING - No viable dags retrieved from /Users/linghuchong/Downloads/51/Python/project/instance/airflow284/dags/tag_CDRD/系统管理/角色管理/dag_并发—成功.py
[2026-03-06T16:27:29.581+0800] {processor.py:208} INFO - Processing /Users/linghuchong/Downloads/51/Python/project/instance/airflow284/dags/tag_CDRD/系统管理/角色管理/dag_并发—成功.py took 103.583 seconds
[2026-03-06T16:28:55.290+0800] {processor.py:186} INFO - Started process (PID=21923) to work on /Users/linghuchong/Downloads/51/Python/project/instance/airflow284/dags/tag_CDRD/系统管理/角色管理/dag_并发—成功.py
[2026-03-06T16:28:55.291+0800] {processor.py:914} INFO - Processing file /Users/linghuchong/Downloads/51/Python/project/instance/airflow284/dags/tag_CDRD/系统管理/角色管理/dag_并发—成功.py for tasks to queue
[2026-03-06T16:28:55.292+0800] {logging_mixin.py:190} INFO - [2026-03-06T16:28:55.292+0800] {dagbag.py:588} INFO - Filling up the DagBag from /Users/linghuchong/Downloads/51/Python/project/instance/airflow284/dags/tag_CDRD/系统管理/角色管理/dag_并发—成功.py
[2026-03-06T16:28:55.293+0800] {processor.py:927} WARNING - No viable dags retrieved from /Users/linghuchong/Downloads/51/Python/project/instance/airflow284/dags/tag_CDRD/系统管理/角色管理/dag_并发—成功.py
[2026-03-06T16:28:55.395+0800] {processor.py:208} INFO - Processing /Users/linghuchong/Downloads/51/Python/project/instance/airflow284/dags/tag_CDRD/系统管理/角色管理/dag_并发—成功.py took 107.735 seconds
[2026-03-06T16:30:19.227+0800] {processor.py:186} INFO - Started process (PID=22057) to work on /Users/linghuchong/Downloads/51/Python/project/instance/airflow284/dags/tag_CDRD/系统管理/角色管理/dag_并发—成功.py
[2026-03-06T16:30:19.228+0800] {processor.py:914} INFO - Processing file /Users/linghuchong/Downloads/51/Python/project/instance/airflow284/dags/tag_CDRD/系统管理/角色管理/dag_并发—成功.py for tasks to queue
[2026-03-06T16:30:19.228+0800] {logging_mixin.py:190} INFO - [2026-03-06T16:30:19.228+0800] {dagbag.py:588} INFO - Filling up the DagBag from /Users/linghuchong/Downloads/51/Python/project/instance/airflow284/dags/tag_CDRD/系统管理/角色管理/dag_并发—成功.py
[2026-03-06T16:30:19.230+0800] {processor.py:927} WARNING - No viable dags retrieved from /Users/linghuchong/Downloads/51/Python/project/instance/airflow284/dags/tag_CDRD/系统管理/角色管理/dag_并发—成功.py
[2026-03-06T16:30:19.328+0800] {processor.py:208} INFO - Processing /Users/linghuchong/Downloads/51/Python/project/instance/airflow284/dags/tag_CDRD/系统管理/角色管理/dag_并发—成功.py took 103.640 seconds
[2026-03-06T16:31:46.286+0800] {processor.py:186} INFO - Started process (PID=22200) to work on /Users/linghuchong/Downloads/51/Python/project/instance/airflow284/dags/tag_CDRD/系统管理/角色管理/dag_并发—成功.py
[2026-03-06T16:31:46.286+0800] {processor.py:914} INFO - Processing file /Users/linghuchong/Downloads/51/Python/project/instance/airflow284/dags/tag_CDRD/系统管理/角色管理/dag_并发—成功.py for tasks to queue
[2026-03-06T16:31:46.287+0800] {logging_mixin.py:190} INFO - [2026-03-06T16:31:46.287+0800] {dagbag.py:588} INFO - Filling up the DagBag from /Users/linghuchong/Downloads/51/Python/project/instance/airflow284/dags/tag_CDRD/系统管理/角色管理/dag_并发—成功.py
[2026-03-06T16:31:46.288+0800] {processor.py:927} WARNING - No viable dags retrieved from /Users/linghuchong/Downloads/51/Python/project/instance/airflow284/dags/tag_CDRD/系统管理/角色管理/dag_并发—成功.py
[2026-03-06T16:31:46.383+0800] {processor.py:208} INFO - Processing /Users/linghuchong/Downloads/51/Python/project/instance/airflow284/dags/tag_CDRD/系统管理/角色管理/dag_并发—成功.py took 99.575 seconds
[2026-03-06T16:33:11.723+0800] {processor.py:186} INFO - Started process (PID=22326) to work on /Users/linghuchong/Downloads/51/Python/project/instance/airflow284/dags/tag_CDRD/系统管理/角色管理/dag_并发—成功.py
[2026-03-06T16:33:11.724+0800] {processor.py:914} INFO - Processing file /Users/linghuchong/Downloads/51/Python/project/instance/airflow284/dags/tag_CDRD/系统管理/角色管理/dag_并发—成功.py for tasks to queue
[2026-03-06T16:33:11.725+0800] {logging_mixin.py:190} INFO - [2026-03-06T16:33:11.724+0800] {dagbag.py:588} INFO - Filling up the DagBag from /Users/linghuchong/Downloads/51/Python/project/instance/airflow284/dags/tag_CDRD/系统管理/角色管理/dag_并发—成功.py
[2026-03-06T16:33:11.726+0800] {processor.py:927} WARNING - No viable dags retrieved from /Users/linghuchong/Downloads/51/Python/project/instance/airflow284/dags/tag_CDRD/系统管理/角色管理/dag_并发—成功.py
[2026-03-06T16:33:11.821+0800] {processor.py:208} INFO - Processing /Users/linghuchong/Downloads/51/Python/project/instance/airflow284/dags/tag_CDRD/系统管理/角色管理/dag_并发—成功.py took 100.475 seconds
[2026-03-06T16:34:38.371+0800] {processor.py:186} INFO - Started process (PID=22475) to work on /Users/linghuchong/Downloads/51/Python/project/instance/airflow284/dags/tag_CDRD/系统管理/角色管理/dag_并发—成功.py
[2026-03-06T16:34:38.371+0800] {processor.py:914} INFO - Processing file /Users/linghuchong/Downloads/51/Python/project/instance/airflow284/dags/tag_CDRD/系统管理/角色管理/dag_并发—成功.py for tasks to queue
[2026-03-06T16:34:38.372+0800] {logging_mixin.py:190} INFO - [2026-03-06T16:34:38.372+0800] {dagbag.py:588} INFO - Filling up the DagBag from /Users/linghuchong/Downloads/51/Python/project/instance/airflow284/dags/tag_CDRD/系统管理/角色管理/dag_并发—成功.py
[2026-03-06T16:34:38.373+0800] {processor.py:927} WARNING - No viable dags retrieved from /Users/linghuchong/Downloads/51/Python/project/instance/airflow284/dags/tag_CDRD/系统管理/角色管理/dag_并发—成功.py
[2026-03-06T16:34:38.472+0800] {processor.py:208} INFO - Processing /Users/linghuchong/Downloads/51/Python/project/instance/airflow284/dags/tag_CDRD/系统管理/角色管理/dag_并发—成功.py took 104.123 seconds
[2026-03-06T16:36:09.909+0800] {processor.py:186} INFO - Started process (PID=22648) to work on /Users/linghuchong/Downloads/51/Python/project/instance/airflow284/dags/tag_CDRD/系统管理/角色管理/dag_并发—成功.py
[2026-03-06T16:36:09.910+0800] {processor.py:914} INFO - Processing file /Users/linghuchong/Downloads/51/Python/project/instance/airflow284/dags/tag_CDRD/系统管理/角色管理/dag_并发—成功.py for tasks to queue
[2026-03-06T16:36:09.911+0800] {logging_mixin.py:190} INFO - [2026-03-06T16:36:09.910+0800] {dagbag.py:588} INFO - Filling up the DagBag from /Users/linghuchong/Downloads/51/Python/project/instance/airflow284/dags/tag_CDRD/系统管理/角色管理/dag_并发—成功.py
[2026-03-06T16:36:09.913+0800] {processor.py:927} WARNING - No viable dags retrieved from /Users/linghuchong/Downloads/51/Python/project/instance/airflow284/dags/tag_CDRD/系统管理/角色管理/dag_并发—成功.py
[2026-03-06T16:36:10.016+0800] {processor.py:208} INFO - Processing /Users/linghuchong/Downloads/51/Python/project/instance/airflow284/dags/tag_CDRD/系统管理/角色管理/dag_并发—成功.py took 109.989 seconds
