[2026-02-27T13:58:55.848+0800] {local_task_job_runner.py:123} INFO - ::group::Pre task execution logs
[2026-02-27T13:58:55.867+0800] {taskinstance.py:2631} INFO - Dependencies all met for dep_context=non-requeueable deps ti=<TaskInstance: cdrd_主控测试流程.等待_用户管理完成 manual__2026-02-27T05:57:38.693560+00:00 [queued]>
[2026-02-27T13:58:55.876+0800] {taskinstance.py:2631} INFO - Dependencies all met for dep_context=requeueable deps ti=<TaskInstance: cdrd_主控测试流程.等待_用户管理完成 manual__2026-02-27T05:57:38.693560+00:00 [queued]>
[2026-02-27T13:58:55.876+0800] {taskinstance.py:2884} INFO - Starting attempt 1 of 2
[2026-02-27T13:58:55.890+0800] {taskinstance.py:2907} INFO - Executing <Task(PythonOperator): 等待_用户管理完成> on 2026-02-27 05:57:38.693560+00:00
[2026-02-27T13:58:55.893+0800] {standard_task_runner.py:72} INFO - Started process 13316 to run task
[2026-02-27T13:58:55.900+0800] {standard_task_runner.py:104} INFO - Running: ['airflow', 'tasks', 'run', 'cdrd_主控测试流程', '等待_用户管理完成', 'manual__2026-02-27T05:57:38.693560+00:00', '--job-id', '501', '--raw', '--subdir', 'DAGS_FOLDER/tag_CDRD/cdrd_主控测试流程.py', '--cfg-path', '/var/folders/f7/4z7jtb213fs0mtgbw_0vs2600000gn/T/tmpz1nimojz']
[2026-02-27T13:58:55.904+0800] {standard_task_runner.py:105} INFO - Job 501: Subtask 等待_用户管理完成
[2026-02-27T13:58:55.952+0800] {task_command.py:467} INFO - Running <TaskInstance: cdrd_主控测试流程.等待_用户管理完成 manual__2026-02-27T05:57:38.693560+00:00 [running]> on host localhost-2.local
[2026-02-27T13:58:56.212+0800] {taskinstance.py:3157} INFO - Exporting env vars: AIRFLOW_CTX_DAG_OWNER='airflow' AIRFLOW_CTX_DAG_ID='cdrd_主控测试流程' AIRFLOW_CTX_TASK_ID='等待_用户管理完成' AIRFLOW_CTX_EXECUTION_DATE='2026-02-27T05:57:38.693560+00:00' AIRFLOW_CTX_TRY_NUMBER='1' AIRFLOW_CTX_DAG_RUN_ID='manual__2026-02-27T05:57:38.693560+00:00'
[2026-02-27T13:58:56.213+0800] {taskinstance.py:740} INFO - ::endgroup::
[2026-02-27T13:58:56.228+0800] {logging_mixin.py:190} INFO - ==================================================
[2026-02-27T13:58:56.229+0800] {logging_mixin.py:190} INFO - 【等待完成】等待被触发的DAG执行完成...
[2026-02-27T13:58:56.229+0800] {logging_mixin.py:190} INFO - ==================================================
[2026-02-27T13:58:56.230+0800] {logging_mixin.py:190} INFO - ⏳ 等待90秒让子DAG充分执行...
[2026-02-27T14:00:26.228+0800] {logging_mixin.py:190} INFO - ✅ 等待完成
[2026-02-27T14:00:26.229+0800] {python.py:240} INFO - Done. Returned value was: {'status': 'wait_completed', 'duration': 90}
[2026-02-27T14:00:26.255+0800] {taskinstance.py:349} INFO - ::group::Post task execution logs
[2026-02-27T14:00:26.257+0800] {taskinstance.py:361} INFO - Marking task as SUCCESS. dag_id=cdrd_主控测试流程, task_id=等待_用户管理完成, run_id=manual__2026-02-27T05:57:38.693560+00:00, execution_date=20260227T055738, start_date=20260227T055855, end_date=20260227T060026
[2026-02-27T14:00:26.345+0800] {local_task_job_runner.py:266} INFO - Task exited with return code 0
[2026-02-27T14:00:26.391+0800] {taskinstance.py:3924} INFO - 1 downstream tasks scheduled from follow-on schedule check
[2026-02-27T14:00:26.394+0800] {local_task_job_runner.py:245} INFO - ::endgroup::
