[2026-02-13T11:20:58.165+0800] {local_task_job_runner.py:123} INFO - ::group::Pre task execution logs
[2026-02-13T11:20:58.179+0800] {taskinstance.py:2631} INFO - Dependencies all met for dep_context=non-requeueable deps ti=<TaskInstance: consumer_dw_order_clean.clean_order_data dataset_triggered__2026-02-13T03:20:54.810387+00:00 [queued]>
[2026-02-13T11:20:58.185+0800] {taskinstance.py:2631} INFO - Dependencies all met for dep_context=requeueable deps ti=<TaskInstance: consumer_dw_order_clean.clean_order_data dataset_triggered__2026-02-13T03:20:54.810387+00:00 [queued]>
[2026-02-13T11:20:58.185+0800] {taskinstance.py:2884} INFO - Starting attempt 1 of 1
[2026-02-13T11:20:58.301+0800] {taskinstance.py:2907} INFO - Executing <Task(PythonOperator): clean_order_data> on 2026-02-13 03:20:54.810387+00:00
[2026-02-13T11:20:58.304+0800] {standard_task_runner.py:72} INFO - Started process 7041 to run task
[2026-02-13T11:20:58.312+0800] {standard_task_runner.py:104} INFO - Running: ['airflow', 'tasks', 'run', 'consumer_dw_order_clean', 'clean_order_data', 'dataset_triggered__2026-02-13T03:20:54.810387+00:00', '--job-id', '48', '--raw', '--subdir', 'DAGS_FOLDER/dataset_demo.py', '--cfg-path', '/var/folders/f7/4z7jtb213fs0mtgbw_0vs2600000gn/T/tmpisab61jt']
[2026-02-13T11:20:58.316+0800] {standard_task_runner.py:105} INFO - Job 48: Subtask clean_order_data
[2026-02-13T11:20:58.360+0800] {task_command.py:467} INFO - Running <TaskInstance: consumer_dw_order_clean.clean_order_data dataset_triggered__2026-02-13T03:20:54.810387+00:00 [running]> on host localhost-2.local
[2026-02-13T11:20:58.435+0800] {taskinstance.py:3157} INFO - Exporting env vars: AIRFLOW_CTX_DAG_OWNER='airflow' AIRFLOW_CTX_DAG_ID='consumer_dw_order_clean' AIRFLOW_CTX_TASK_ID='clean_order_data' AIRFLOW_CTX_EXECUTION_DATE='2026-02-13T03:20:54.810387+00:00' AIRFLOW_CTX_TRY_NUMBER='1' AIRFLOW_CTX_DAG_RUN_ID='dataset_triggered__2026-02-13T03:20:54.810387+00:00'
[2026-02-13T11:20:58.441+0800] {taskinstance.py:740} INFO - ::endgroup::
[2026-02-13T11:20:58.457+0800] {logging_mixin.py:190} INFO - 检测到订单数据更新，开始清洗...
[2026-02-13T11:20:58.457+0800] {logging_mixin.py:190} INFO - 订单数据清洗完成！
[2026-02-13T11:20:58.462+0800] {logging_mixin.py:190} INFO - 从 XCom 获取的结果: None
[2026-02-13T11:20:58.463+0800] {python.py:240} INFO - Done. Returned value was: None
[2026-02-13T11:20:58.477+0800] {taskinstance.py:349} INFO - ::group::Post task execution logs
[2026-02-13T11:20:58.478+0800] {taskinstance.py:361} INFO - Marking task as SUCCESS. dag_id=consumer_dw_order_clean, task_id=clean_order_data, run_id=dataset_triggered__2026-02-13T03:20:54.810387+00:00, execution_date=20260213T032054, start_date=20260213T032058, end_date=20260213T032058
[2026-02-13T11:20:58.504+0800] {local_task_job_runner.py:266} INFO - Task exited with return code 0
[2026-02-13T11:20:58.522+0800] {taskinstance.py:3924} INFO - 0 downstream tasks scheduled from follow-on schedule check
[2026-02-13T11:20:58.523+0800] {local_task_job_runner.py:245} INFO - ::endgroup::
