[2026-02-28T14:16:06.585+0800] {local_task_job_runner.py:123} INFO - ::group::Pre task execution logs
[2026-02-28T14:16:06.605+0800] {taskinstance.py:2631} INFO - Dependencies all met for dep_context=non-requeueable deps ti=<TaskInstance: cdrd_新增用户.新增用户 manual__2026-02-28T06:15:47.216166+00:00 [queued]>
[2026-02-28T14:16:06.612+0800] {taskinstance.py:2631} INFO - Dependencies all met for dep_context=requeueable deps ti=<TaskInstance: cdrd_新增用户.新增用户 manual__2026-02-28T06:15:47.216166+00:00 [queued]>
[2026-02-28T14:16:06.612+0800] {taskinstance.py:2884} INFO - Starting attempt 1 of 1
[2026-02-28T14:16:06.627+0800] {taskinstance.py:2907} INFO - Executing <Task(PythonOperator): 新增用户> on 2026-02-28 06:15:47.216166+00:00
[2026-02-28T14:16:06.631+0800] {standard_task_runner.py:72} INFO - Started process 15691 to run task
[2026-02-28T14:16:06.638+0800] {standard_task_runner.py:104} INFO - Running: ['airflow', 'tasks', 'run', 'cdrd_新增用户', '新增用户', 'manual__2026-02-28T06:15:47.216166+00:00', '--job-id', '660', '--raw', '--subdir', 'DAGS_FOLDER/tag_CDRD/系统管理/用户管理/dag_新增用户.py', '--cfg-path', '/var/folders/f7/4z7jtb213fs0mtgbw_0vs2600000gn/T/tmpk_xdla93']
[2026-02-28T14:16:06.642+0800] {standard_task_runner.py:105} INFO - Job 660: Subtask 新增用户
[2026-02-28T14:16:06.695+0800] {task_command.py:467} INFO - Running <TaskInstance: cdrd_新增用户.新增用户 manual__2026-02-28T06:15:47.216166+00:00 [running]> on host localhost-2.local
[2026-02-28T14:16:06.779+0800] {taskinstance.py:3157} INFO - Exporting env vars: AIRFLOW_CTX_DAG_OWNER='airflow' AIRFLOW_CTX_DAG_ID='cdrd_新增用户' AIRFLOW_CTX_TASK_ID='新增用户' AIRFLOW_CTX_EXECUTION_DATE='2026-02-28T06:15:47.216166+00:00' AIRFLOW_CTX_TRY_NUMBER='1' AIRFLOW_CTX_DAG_RUN_ID='manual__2026-02-28T06:15:47.216166+00:00'
[2026-02-28T14:16:06.781+0800] {taskinstance.py:740} INFO - ::endgroup::
[2026-02-28T14:16:06.799+0800] {logging_mixin.py:190} INFO - ==================================================
[2026-02-28T14:16:06.800+0800] {logging_mixin.py:190} INFO - 【消费者1】开始执行系统管理-用户管理测试用例...
[2026-02-28T14:16:06.801+0800] {logging_mixin.py:190} INFO - ==================================================
[2026-02-28T14:16:06.806+0800] {logging_mixin.py:190} INFO - 从XCom获取到的测试用例数据: 1 条
[2026-02-28T14:16:06.807+0800] {logging_mixin.py:190} INFO - 准备执行Playwright脚本: /Users/linghuchong/Downloads/51/Python/project/instance/zyjk/CDRD/web/系统管理/用户管理/新增用户.py
[2026-02-28T14:16:07.181+0800] {logging_mixin.py:190} INFO - 随机生成测试数据: [['曾强', '18860194700', 'yong72@example.net', '593121', '900474']]
[2026-02-28T14:16:07.182+0800] {logging_mixin.py:190} INFO - ✅ 找到run_playwright函数，开始执行...
[2026-02-28T14:16:08.822+0800] {logging_mixin.py:190} INFO - off
[2026-02-28T14:16:14.931+0800] {logging_mixin.py:190} INFO - off
[2026-02-28T14:16:15.270+0800] {logging_mixin.py:190} INFO - off
[2026-02-28T14:16:15.286+0800] {logging_mixin.py:190} INFO - Playwright执行结果: {'nick_name': '曾强', 'phonenumber': '18860194700', 'email': 'yong72@example.net', 'user_name': '593121', 'job_num': '900474'}
[2026-02-28T14:16:15.287+0800] {logging_mixin.py:190} INFO - 正则替换结果: [{"k": "select count(*) as qty from sys_user where job_num='900474'", "v": 1},{"k": "select count(*) as qty from sys_user where user_name='593121'", "v":1}]
[2026-02-28T14:16:15.288+0800] {logging_mixin.py:190} INFO - 解析后的验证数据: [{'k': "select count(*) as qty from sys_user where job_num='900474'", 'v': 1}, {'k': "select count(*) as qty from sys_user where user_name='593121'", 'v': 1}]
[2026-02-28T14:16:15.295+0800] {logging_mixin.py:190} INFO - ❌ 断言失败
[2026-02-28T14:16:15.301+0800] {logging_mixin.py:190} INFO - ❌ 断言失败
[2026-02-28T14:16:15.433+0800] {python.py:240} INFO - Done. Returned value was: None
[2026-02-28T14:16:15.452+0800] {taskinstance.py:349} INFO - ::group::Post task execution logs
[2026-02-28T14:16:15.453+0800] {taskinstance.py:361} INFO - Marking task as SUCCESS. dag_id=cdrd_新增用户, task_id=新增用户, run_id=manual__2026-02-28T06:15:47.216166+00:00, execution_date=20260228T061547, start_date=20260228T061606, end_date=20260228T061615
[2026-02-28T14:16:15.503+0800] {local_task_job_runner.py:266} INFO - Task exited with return code 0
[2026-02-28T14:16:15.542+0800] {taskinstance.py:3924} INFO - 1 downstream tasks scheduled from follow-on schedule check
[2026-02-28T14:16:15.546+0800] {local_task_job_runner.py:245} INFO - ::endgroup::
