[2026-03-05T17:29:44.317+0800] {processor.py:186} INFO - Started process (PID=15970) to work on /Users/linghuchong/Downloads/51/Python/project/instance/airflow284/dags/tag_CDRD/系统管理/角色管理/dag_并发.py
[2026-03-05T17:29:44.317+0800] {processor.py:914} INFO - Processing file /Users/linghuchong/Downloads/51/Python/project/instance/airflow284/dags/tag_CDRD/系统管理/角色管理/dag_并发.py for tasks to queue
[2026-03-05T17:29:44.318+0800] {logging_mixin.py:190} INFO - [2026-03-05T17:29:44.318+0800] {dagbag.py:588} INFO - Filling up the DagBag from /Users/linghuchong/Downloads/51/Python/project/instance/airflow284/dags/tag_CDRD/系统管理/角色管理/dag_并发.py
[2026-03-05T17:29:44.319+0800] {processor.py:927} WARNING - No viable dags retrieved from /Users/linghuchong/Downloads/51/Python/project/instance/airflow284/dags/tag_CDRD/系统管理/角色管理/dag_并发.py
[2026-03-05T17:29:44.421+0800] {processor.py:208} INFO - Processing /Users/linghuchong/Downloads/51/Python/project/instance/airflow284/dags/tag_CDRD/系统管理/角色管理/dag_并发.py took 106.952 seconds
[2026-03-05T17:31:45.256+0800] {processor.py:186} INFO - Started process (PID=16050) to work on /Users/linghuchong/Downloads/51/Python/project/instance/airflow284/dags/tag_CDRD/系统管理/角色管理/dag_并发.py
[2026-03-05T17:31:45.257+0800] {processor.py:914} INFO - Processing file /Users/linghuchong/Downloads/51/Python/project/instance/airflow284/dags/tag_CDRD/系统管理/角色管理/dag_并发.py for tasks to queue
[2026-03-05T17:31:45.258+0800] {logging_mixin.py:190} INFO - [2026-03-05T17:31:45.258+0800] {dagbag.py:588} INFO - Filling up the DagBag from /Users/linghuchong/Downloads/51/Python/project/instance/airflow284/dags/tag_CDRD/系统管理/角色管理/dag_并发.py
[2026-03-05T17:31:45.259+0800] {processor.py:927} WARNING - No viable dags retrieved from /Users/linghuchong/Downloads/51/Python/project/instance/airflow284/dags/tag_CDRD/系统管理/角色管理/dag_并发.py
[2026-03-05T17:31:45.358+0800] {processor.py:208} INFO - Processing /Users/linghuchong/Downloads/51/Python/project/instance/airflow284/dags/tag_CDRD/系统管理/角色管理/dag_并发.py took 104.260 seconds
[2026-03-05T17:33:15.177+0800] {processor.py:186} INFO - Started process (PID=16135) to work on /Users/linghuchong/Downloads/51/Python/project/instance/airflow284/dags/tag_CDRD/系统管理/角色管理/dag_并发.py
[2026-03-05T17:33:15.178+0800] {processor.py:914} INFO - Processing file /Users/linghuchong/Downloads/51/Python/project/instance/airflow284/dags/tag_CDRD/系统管理/角色管理/dag_并发.py for tasks to queue
[2026-03-05T17:33:15.179+0800] {logging_mixin.py:190} INFO - [2026-03-05T17:33:15.179+0800] {dagbag.py:588} INFO - Filling up the DagBag from /Users/linghuchong/Downloads/51/Python/project/instance/airflow284/dags/tag_CDRD/系统管理/角色管理/dag_并发.py
[2026-03-05T17:33:15.180+0800] {processor.py:927} WARNING - No viable dags retrieved from /Users/linghuchong/Downloads/51/Python/project/instance/airflow284/dags/tag_CDRD/系统管理/角色管理/dag_并发.py
[2026-03-05T17:33:15.282+0800] {processor.py:208} INFO - Processing /Users/linghuchong/Downloads/51/Python/project/instance/airflow284/dags/tag_CDRD/系统管理/角色管理/dag_并发.py took 107.776 seconds
[2026-03-05T17:34:46.044+0800] {processor.py:186} INFO - Started process (PID=16167) to work on /Users/linghuchong/Downloads/51/Python/project/instance/airflow284/dags/tag_CDRD/系统管理/角色管理/dag_并发.py
[2026-03-05T17:34:46.045+0800] {processor.py:914} INFO - Processing file /Users/linghuchong/Downloads/51/Python/project/instance/airflow284/dags/tag_CDRD/系统管理/角色管理/dag_并发.py for tasks to queue
[2026-03-05T17:34:46.046+0800] {logging_mixin.py:190} INFO - [2026-03-05T17:34:46.045+0800] {dagbag.py:588} INFO - Filling up the DagBag from /Users/linghuchong/Downloads/51/Python/project/instance/airflow284/dags/tag_CDRD/系统管理/角色管理/dag_并发.py
[2026-03-05T17:34:46.047+0800] {processor.py:927} WARNING - No viable dags retrieved from /Users/linghuchong/Downloads/51/Python/project/instance/airflow284/dags/tag_CDRD/系统管理/角色管理/dag_并发.py
[2026-03-05T17:34:46.146+0800] {processor.py:208} INFO - Processing /Users/linghuchong/Downloads/51/Python/project/instance/airflow284/dags/tag_CDRD/系统管理/角色管理/dag_并发.py took 106.596 seconds
[2026-03-05T17:36:22.490+0800] {processor.py:186} INFO - Started process (PID=16254) to work on /Users/linghuchong/Downloads/51/Python/project/instance/airflow284/dags/tag_CDRD/系统管理/角色管理/dag_并发.py
[2026-03-05T17:36:22.491+0800] {processor.py:914} INFO - Processing file /Users/linghuchong/Downloads/51/Python/project/instance/airflow284/dags/tag_CDRD/系统管理/角色管理/dag_并发.py for tasks to queue
[2026-03-05T17:36:22.492+0800] {logging_mixin.py:190} INFO - [2026-03-05T17:36:22.492+0800] {dagbag.py:588} INFO - Filling up the DagBag from /Users/linghuchong/Downloads/51/Python/project/instance/airflow284/dags/tag_CDRD/系统管理/角色管理/dag_并发.py
[2026-03-05T17:36:22.494+0800] {processor.py:927} WARNING - No viable dags retrieved from /Users/linghuchong/Downloads/51/Python/project/instance/airflow284/dags/tag_CDRD/系统管理/角色管理/dag_并发.py
[2026-03-05T17:36:22.618+0800] {processor.py:208} INFO - Processing /Users/linghuchong/Downloads/51/Python/project/instance/airflow284/dags/tag_CDRD/系统管理/角色管理/dag_并发.py took 130.254 seconds
[2026-03-05T17:38:13.901+0800] {processor.py:186} INFO - Started process (PID=16363) to work on /Users/linghuchong/Downloads/51/Python/project/instance/airflow284/dags/tag_CDRD/系统管理/角色管理/dag_并发.py
[2026-03-05T17:38:13.904+0800] {processor.py:914} INFO - Processing file /Users/linghuchong/Downloads/51/Python/project/instance/airflow284/dags/tag_CDRD/系统管理/角色管理/dag_并发.py for tasks to queue
[2026-03-05T17:38:13.905+0800] {logging_mixin.py:190} INFO - [2026-03-05T17:38:13.905+0800] {dagbag.py:588} INFO - Filling up the DagBag from /Users/linghuchong/Downloads/51/Python/project/instance/airflow284/dags/tag_CDRD/系统管理/角色管理/dag_并发.py
[2026-03-05T17:38:13.907+0800] {processor.py:927} WARNING - No viable dags retrieved from /Users/linghuchong/Downloads/51/Python/project/instance/airflow284/dags/tag_CDRD/系统管理/角色管理/dag_并发.py
[2026-03-05T17:38:14.015+0800] {processor.py:208} INFO - Processing /Users/linghuchong/Downloads/51/Python/project/instance/airflow284/dags/tag_CDRD/系统管理/角色管理/dag_并发.py took 116.934 seconds
[2026-03-05T17:40:07.963+0800] {processor.py:186} INFO - Started process (PID=16454) to work on /Users/linghuchong/Downloads/51/Python/project/instance/airflow284/dags/tag_CDRD/系统管理/角色管理/dag_并发.py
[2026-03-05T17:40:07.964+0800] {processor.py:914} INFO - Processing file /Users/linghuchong/Downloads/51/Python/project/instance/airflow284/dags/tag_CDRD/系统管理/角色管理/dag_并发.py for tasks to queue
[2026-03-05T17:40:07.965+0800] {logging_mixin.py:190} INFO - [2026-03-05T17:40:07.964+0800] {dagbag.py:588} INFO - Filling up the DagBag from /Users/linghuchong/Downloads/51/Python/project/instance/airflow284/dags/tag_CDRD/系统管理/角色管理/dag_并发.py
[2026-03-05T17:40:07.966+0800] {processor.py:927} WARNING - No viable dags retrieved from /Users/linghuchong/Downloads/51/Python/project/instance/airflow284/dags/tag_CDRD/系统管理/角色管理/dag_并发.py
[2026-03-05T17:40:08.079+0800] {processor.py:208} INFO - Processing /Users/linghuchong/Downloads/51/Python/project/instance/airflow284/dags/tag_CDRD/系统管理/角色管理/dag_并发.py took 120.266 seconds
[2026-03-05T17:41:57.099+0800] {processor.py:186} INFO - Started process (PID=16511) to work on /Users/linghuchong/Downloads/51/Python/project/instance/airflow284/dags/tag_CDRD/系统管理/角色管理/dag_并发.py
[2026-03-05T17:41:57.102+0800] {processor.py:914} INFO - Processing file /Users/linghuchong/Downloads/51/Python/project/instance/airflow284/dags/tag_CDRD/系统管理/角色管理/dag_并发.py for tasks to queue
[2026-03-05T17:41:57.103+0800] {logging_mixin.py:190} INFO - [2026-03-05T17:41:57.103+0800] {dagbag.py:588} INFO - Filling up the DagBag from /Users/linghuchong/Downloads/51/Python/project/instance/airflow284/dags/tag_CDRD/系统管理/角色管理/dag_并发.py
[2026-03-05T17:41:57.105+0800] {processor.py:927} WARNING - No viable dags retrieved from /Users/linghuchong/Downloads/51/Python/project/instance/airflow284/dags/tag_CDRD/系统管理/角色管理/dag_并发.py
[2026-03-05T17:41:57.215+0800] {processor.py:208} INFO - Processing /Users/linghuchong/Downloads/51/Python/project/instance/airflow284/dags/tag_CDRD/系统管理/角色管理/dag_并发.py took 118.890 seconds
[2026-03-05T17:56:40.113+0800] {processor.py:186} INFO - Started process (PID=16571) to work on /Users/linghuchong/Downloads/51/Python/project/instance/airflow284/dags/tag_CDRD/系统管理/角色管理/dag_并发.py
[2026-03-05T17:56:40.116+0800] {processor.py:914} INFO - Processing file /Users/linghuchong/Downloads/51/Python/project/instance/airflow284/dags/tag_CDRD/系统管理/角色管理/dag_并发.py for tasks to queue
[2026-03-05T17:56:40.117+0800] {logging_mixin.py:190} INFO - [2026-03-05T17:56:40.117+0800] {dagbag.py:588} INFO - Filling up the DagBag from /Users/linghuchong/Downloads/51/Python/project/instance/airflow284/dags/tag_CDRD/系统管理/角色管理/dag_并发.py
[2026-03-05T17:56:40.119+0800] {processor.py:927} WARNING - No viable dags retrieved from /Users/linghuchong/Downloads/51/Python/project/instance/airflow284/dags/tag_CDRD/系统管理/角色管理/dag_并发.py
[2026-03-05T17:56:40.230+0800] {processor.py:208} INFO - Processing /Users/linghuchong/Downloads/51/Python/project/instance/airflow284/dags/tag_CDRD/系统管理/角色管理/dag_并发.py took 119.652 seconds
[2026-03-05T17:58:13.331+0800] {processor.py:186} INFO - Started process (PID=16624) to work on /Users/linghuchong/Downloads/51/Python/project/instance/airflow284/dags/tag_CDRD/系统管理/角色管理/dag_并发.py
[2026-03-05T17:58:13.334+0800] {processor.py:914} INFO - Processing file /Users/linghuchong/Downloads/51/Python/project/instance/airflow284/dags/tag_CDRD/系统管理/角色管理/dag_并发.py for tasks to queue
[2026-03-05T17:58:13.335+0800] {logging_mixin.py:190} INFO - [2026-03-05T17:58:13.335+0800] {dagbag.py:588} INFO - Filling up the DagBag from /Users/linghuchong/Downloads/51/Python/project/instance/airflow284/dags/tag_CDRD/系统管理/角色管理/dag_并发.py
[2026-03-05T17:58:13.337+0800] {processor.py:927} WARNING - No viable dags retrieved from /Users/linghuchong/Downloads/51/Python/project/instance/airflow284/dags/tag_CDRD/系统管理/角色管理/dag_并发.py
[2026-03-05T17:58:13.444+0800] {processor.py:208} INFO - Processing /Users/linghuchong/Downloads/51/Python/project/instance/airflow284/dags/tag_CDRD/系统管理/角色管理/dag_并发.py took 115.707 seconds
[2026-03-05T18:01:57.622+0800] {processor.py:186} INFO - Started process (PID=16682) to work on /Users/linghuchong/Downloads/51/Python/project/instance/airflow284/dags/tag_CDRD/系统管理/角色管理/dag_并发.py
[2026-03-05T18:01:57.623+0800] {processor.py:914} INFO - Processing file /Users/linghuchong/Downloads/51/Python/project/instance/airflow284/dags/tag_CDRD/系统管理/角色管理/dag_并发.py for tasks to queue
[2026-03-05T18:01:57.624+0800] {logging_mixin.py:190} INFO - [2026-03-05T18:01:57.623+0800] {dagbag.py:588} INFO - Filling up the DagBag from /Users/linghuchong/Downloads/51/Python/project/instance/airflow284/dags/tag_CDRD/系统管理/角色管理/dag_并发.py
[2026-03-05T18:01:57.625+0800] {processor.py:927} WARNING - No viable dags retrieved from /Users/linghuchong/Downloads/51/Python/project/instance/airflow284/dags/tag_CDRD/系统管理/角色管理/dag_并发.py
[2026-03-05T18:01:57.760+0800] {processor.py:208} INFO - Processing /Users/linghuchong/Downloads/51/Python/project/instance/airflow284/dags/tag_CDRD/系统管理/角色管理/dag_并发.py took 141.839 seconds
[2026-03-05T18:03:42.688+0800] {processor.py:186} INFO - Started process (PID=16760) to work on /Users/linghuchong/Downloads/51/Python/project/instance/airflow284/dags/tag_CDRD/系统管理/角色管理/dag_并发.py
[2026-03-05T18:03:42.689+0800] {processor.py:914} INFO - Processing file /Users/linghuchong/Downloads/51/Python/project/instance/airflow284/dags/tag_CDRD/系统管理/角色管理/dag_并发.py for tasks to queue
[2026-03-05T18:03:42.690+0800] {logging_mixin.py:190} INFO - [2026-03-05T18:03:42.690+0800] {dagbag.py:588} INFO - Filling up the DagBag from /Users/linghuchong/Downloads/51/Python/project/instance/airflow284/dags/tag_CDRD/系统管理/角色管理/dag_并发.py
[2026-03-05T18:03:42.692+0800] {processor.py:927} WARNING - No viable dags retrieved from /Users/linghuchong/Downloads/51/Python/project/instance/airflow284/dags/tag_CDRD/系统管理/角色管理/dag_并发.py
[2026-03-05T18:03:42.805+0800] {processor.py:208} INFO - Processing /Users/linghuchong/Downloads/51/Python/project/instance/airflow284/dags/tag_CDRD/系统管理/角色管理/dag_并发.py took 120.177 seconds
[2026-03-05T18:05:32.281+0800] {processor.py:186} INFO - Started process (PID=16805) to work on /Users/linghuchong/Downloads/51/Python/project/instance/airflow284/dags/tag_CDRD/系统管理/角色管理/dag_并发.py
[2026-03-05T18:05:32.282+0800] {processor.py:914} INFO - Processing file /Users/linghuchong/Downloads/51/Python/project/instance/airflow284/dags/tag_CDRD/系统管理/角色管理/dag_并发.py for tasks to queue
[2026-03-05T18:05:32.283+0800] {logging_mixin.py:190} INFO - [2026-03-05T18:05:32.283+0800] {dagbag.py:588} INFO - Filling up the DagBag from /Users/linghuchong/Downloads/51/Python/project/instance/airflow284/dags/tag_CDRD/系统管理/角色管理/dag_并发.py
[2026-03-05T18:05:32.285+0800] {processor.py:927} WARNING - No viable dags retrieved from /Users/linghuchong/Downloads/51/Python/project/instance/airflow284/dags/tag_CDRD/系统管理/角色管理/dag_并发.py
[2026-03-05T18:05:32.400+0800] {processor.py:208} INFO - Processing /Users/linghuchong/Downloads/51/Python/project/instance/airflow284/dags/tag_CDRD/系统管理/角色管理/dag_并发.py took 122.128 seconds
[2026-03-05T18:07:15.682+0800] {processor.py:186} INFO - Started process (PID=17024) to work on /Users/linghuchong/Downloads/51/Python/project/instance/airflow284/dags/tag_CDRD/系统管理/角色管理/dag_并发.py
[2026-03-05T18:07:15.683+0800] {processor.py:914} INFO - Processing file /Users/linghuchong/Downloads/51/Python/project/instance/airflow284/dags/tag_CDRD/系统管理/角色管理/dag_并发.py for tasks to queue
[2026-03-05T18:07:15.683+0800] {logging_mixin.py:190} INFO - [2026-03-05T18:07:15.683+0800] {dagbag.py:588} INFO - Filling up the DagBag from /Users/linghuchong/Downloads/51/Python/project/instance/airflow284/dags/tag_CDRD/系统管理/角色管理/dag_并发.py
[2026-03-05T18:07:15.684+0800] {processor.py:927} WARNING - No viable dags retrieved from /Users/linghuchong/Downloads/51/Python/project/instance/airflow284/dags/tag_CDRD/系统管理/角色管理/dag_并发.py
[2026-03-05T18:07:15.777+0800] {processor.py:208} INFO - Processing /Users/linghuchong/Downloads/51/Python/project/instance/airflow284/dags/tag_CDRD/系统管理/角色管理/dag_并发.py took 97.605 seconds
