[2026-03-05T17:29:47.577+0800] {processor.py:186} INFO - Started process (PID=15971) to work on /Users/linghuchong/Downloads/51/Python/project/instance/airflow284/dags/tag_CDRD/系统管理/角色管理/dag_并发—成功.py
[2026-03-05T17:29:47.578+0800] {processor.py:914} INFO - Processing file /Users/linghuchong/Downloads/51/Python/project/instance/airflow284/dags/tag_CDRD/系统管理/角色管理/dag_并发—成功.py for tasks to queue
[2026-03-05T17:29:47.579+0800] {logging_mixin.py:190} INFO - [2026-03-05T17:29:47.579+0800] {dagbag.py:588} INFO - Filling up the DagBag from /Users/linghuchong/Downloads/51/Python/project/instance/airflow284/dags/tag_CDRD/系统管理/角色管理/dag_并发—成功.py
[2026-03-05T17:29:47.580+0800] {processor.py:927} WARNING - No viable dags retrieved from /Users/linghuchong/Downloads/51/Python/project/instance/airflow284/dags/tag_CDRD/系统管理/角色管理/dag_并发—成功.py
[2026-03-05T17:29:47.686+0800] {processor.py:208} INFO - Processing /Users/linghuchong/Downloads/51/Python/project/instance/airflow284/dags/tag_CDRD/系统管理/角色管理/dag_并发—成功.py took 111.679 seconds
[2026-03-05T17:31:48.571+0800] {processor.py:186} INFO - Started process (PID=16054) to work on /Users/linghuchong/Downloads/51/Python/project/instance/airflow284/dags/tag_CDRD/系统管理/角色管理/dag_并发—成功.py
[2026-03-05T17:31:48.572+0800] {processor.py:914} INFO - Processing file /Users/linghuchong/Downloads/51/Python/project/instance/airflow284/dags/tag_CDRD/系统管理/角色管理/dag_并发—成功.py for tasks to queue
[2026-03-05T17:31:48.573+0800] {logging_mixin.py:190} INFO - [2026-03-05T17:31:48.572+0800] {dagbag.py:588} INFO - Filling up the DagBag from /Users/linghuchong/Downloads/51/Python/project/instance/airflow284/dags/tag_CDRD/系统管理/角色管理/dag_并发—成功.py
[2026-03-05T17:31:48.574+0800] {processor.py:927} WARNING - No viable dags retrieved from /Users/linghuchong/Downloads/51/Python/project/instance/airflow284/dags/tag_CDRD/系统管理/角色管理/dag_并发—成功.py
[2026-03-05T17:31:48.680+0800] {processor.py:208} INFO - Processing /Users/linghuchong/Downloads/51/Python/project/instance/airflow284/dags/tag_CDRD/系统管理/角色管理/dag_并发—成功.py took 112.451 seconds
[2026-03-05T17:33:18.504+0800] {processor.py:186} INFO - Started process (PID=16136) to work on /Users/linghuchong/Downloads/51/Python/project/instance/airflow284/dags/tag_CDRD/系统管理/角色管理/dag_并发—成功.py
[2026-03-05T17:33:18.505+0800] {processor.py:914} INFO - Processing file /Users/linghuchong/Downloads/51/Python/project/instance/airflow284/dags/tag_CDRD/系统管理/角色管理/dag_并发—成功.py for tasks to queue
[2026-03-05T17:33:18.505+0800] {logging_mixin.py:190} INFO - [2026-03-05T17:33:18.505+0800] {dagbag.py:588} INFO - Filling up the DagBag from /Users/linghuchong/Downloads/51/Python/project/instance/airflow284/dags/tag_CDRD/系统管理/角色管理/dag_并发—成功.py
[2026-03-05T17:33:18.507+0800] {processor.py:927} WARNING - No viable dags retrieved from /Users/linghuchong/Downloads/51/Python/project/instance/airflow284/dags/tag_CDRD/系统管理/角色管理/dag_并发—成功.py
[2026-03-05T17:33:18.612+0800] {processor.py:208} INFO - Processing /Users/linghuchong/Downloads/51/Python/project/instance/airflow284/dags/tag_CDRD/系统管理/角色管理/dag_并发—成功.py took 111.336 seconds
[2026-03-05T17:34:49.395+0800] {processor.py:186} INFO - Started process (PID=16168) to work on /Users/linghuchong/Downloads/51/Python/project/instance/airflow284/dags/tag_CDRD/系统管理/角色管理/dag_并发—成功.py
[2026-03-05T17:34:49.396+0800] {processor.py:914} INFO - Processing file /Users/linghuchong/Downloads/51/Python/project/instance/airflow284/dags/tag_CDRD/系统管理/角色管理/dag_并发—成功.py for tasks to queue
[2026-03-05T17:34:49.397+0800] {logging_mixin.py:190} INFO - [2026-03-05T17:34:49.397+0800] {dagbag.py:588} INFO - Filling up the DagBag from /Users/linghuchong/Downloads/51/Python/project/instance/airflow284/dags/tag_CDRD/系统管理/角色管理/dag_并发—成功.py
[2026-03-05T17:34:49.398+0800] {processor.py:927} WARNING - No viable dags retrieved from /Users/linghuchong/Downloads/51/Python/project/instance/airflow284/dags/tag_CDRD/系统管理/角色管理/dag_并发—成功.py
[2026-03-05T17:34:49.502+0800] {processor.py:208} INFO - Processing /Users/linghuchong/Downloads/51/Python/project/instance/airflow284/dags/tag_CDRD/系统管理/角色管理/dag_并发—成功.py took 109.275 seconds
[2026-03-05T17:36:25.808+0800] {processor.py:186} INFO - Started process (PID=16255) to work on /Users/linghuchong/Downloads/51/Python/project/instance/airflow284/dags/tag_CDRD/系统管理/角色管理/dag_并发—成功.py
[2026-03-05T17:36:25.808+0800] {processor.py:914} INFO - Processing file /Users/linghuchong/Downloads/51/Python/project/instance/airflow284/dags/tag_CDRD/系统管理/角色管理/dag_并发—成功.py for tasks to queue
[2026-03-05T17:36:25.809+0800] {logging_mixin.py:190} INFO - [2026-03-05T17:36:25.809+0800] {dagbag.py:588} INFO - Filling up the DagBag from /Users/linghuchong/Downloads/51/Python/project/instance/airflow284/dags/tag_CDRD/系统管理/角色管理/dag_并发—成功.py
[2026-03-05T17:36:25.810+0800] {processor.py:927} WARNING - No viable dags retrieved from /Users/linghuchong/Downloads/51/Python/project/instance/airflow284/dags/tag_CDRD/系统管理/角色管理/dag_并发—成功.py
[2026-03-05T17:36:25.915+0800] {processor.py:208} INFO - Processing /Users/linghuchong/Downloads/51/Python/project/instance/airflow284/dags/tag_CDRD/系统管理/角色管理/dag_并发—成功.py took 110.522 seconds
[2026-03-05T17:38:17.603+0800] {processor.py:186} INFO - Started process (PID=16364) to work on /Users/linghuchong/Downloads/51/Python/project/instance/airflow284/dags/tag_CDRD/系统管理/角色管理/dag_并发—成功.py
[2026-03-05T17:38:17.606+0800] {processor.py:914} INFO - Processing file /Users/linghuchong/Downloads/51/Python/project/instance/airflow284/dags/tag_CDRD/系统管理/角色管理/dag_并发—成功.py for tasks to queue
[2026-03-05T17:38:17.607+0800] {logging_mixin.py:190} INFO - [2026-03-05T17:38:17.607+0800] {dagbag.py:588} INFO - Filling up the DagBag from /Users/linghuchong/Downloads/51/Python/project/instance/airflow284/dags/tag_CDRD/系统管理/角色管理/dag_并发—成功.py
[2026-03-05T17:38:17.609+0800] {processor.py:927} WARNING - No viable dags retrieved from /Users/linghuchong/Downloads/51/Python/project/instance/airflow284/dags/tag_CDRD/系统管理/角色管理/dag_并发—成功.py
[2026-03-05T17:38:17.719+0800] {processor.py:208} INFO - Processing /Users/linghuchong/Downloads/51/Python/project/instance/airflow284/dags/tag_CDRD/系统管理/角色管理/dag_并发—成功.py took 119.166 seconds
[2026-03-05T17:40:11.891+0800] {processor.py:186} INFO - Started process (PID=16455) to work on /Users/linghuchong/Downloads/51/Python/project/instance/airflow284/dags/tag_CDRD/系统管理/角色管理/dag_并发—成功.py
[2026-03-05T17:40:11.892+0800] {processor.py:914} INFO - Processing file /Users/linghuchong/Downloads/51/Python/project/instance/airflow284/dags/tag_CDRD/系统管理/角色管理/dag_并发—成功.py for tasks to queue
[2026-03-05T17:40:11.893+0800] {logging_mixin.py:190} INFO - [2026-03-05T17:40:11.892+0800] {dagbag.py:588} INFO - Filling up the DagBag from /Users/linghuchong/Downloads/51/Python/project/instance/airflow284/dags/tag_CDRD/系统管理/角色管理/dag_并发—成功.py
[2026-03-05T17:40:11.895+0800] {processor.py:927} WARNING - No viable dags retrieved from /Users/linghuchong/Downloads/51/Python/project/instance/airflow284/dags/tag_CDRD/系统管理/角色管理/dag_并发—成功.py
[2026-03-05T17:40:12.015+0800] {processor.py:208} INFO - Processing /Users/linghuchong/Downloads/51/Python/project/instance/airflow284/dags/tag_CDRD/系统管理/角色管理/dag_并发—成功.py took 127.476 seconds
[2026-03-05T17:42:00.517+0800] {processor.py:186} INFO - Started process (PID=16512) to work on /Users/linghuchong/Downloads/51/Python/project/instance/airflow284/dags/tag_CDRD/系统管理/角色管理/dag_并发—成功.py
[2026-03-05T17:42:00.520+0800] {processor.py:914} INFO - Processing file /Users/linghuchong/Downloads/51/Python/project/instance/airflow284/dags/tag_CDRD/系统管理/角色管理/dag_并发—成功.py for tasks to queue
[2026-03-05T17:42:00.521+0800] {logging_mixin.py:190} INFO - [2026-03-05T17:42:00.521+0800] {dagbag.py:588} INFO - Filling up the DagBag from /Users/linghuchong/Downloads/51/Python/project/instance/airflow284/dags/tag_CDRD/系统管理/角色管理/dag_并发—成功.py
[2026-03-05T17:42:00.523+0800] {processor.py:927} WARNING - No viable dags retrieved from /Users/linghuchong/Downloads/51/Python/project/instance/airflow284/dags/tag_CDRD/系统管理/角色管理/dag_并发—成功.py
[2026-03-05T17:42:00.667+0800] {processor.py:208} INFO - Processing /Users/linghuchong/Downloads/51/Python/project/instance/airflow284/dags/tag_CDRD/系统管理/角色管理/dag_并发—成功.py took 152.927 seconds
[2026-03-05T17:56:43.551+0800] {processor.py:186} INFO - Started process (PID=16580) to work on /Users/linghuchong/Downloads/51/Python/project/instance/airflow284/dags/tag_CDRD/系统管理/角色管理/dag_并发—成功.py
[2026-03-05T17:56:43.554+0800] {processor.py:914} INFO - Processing file /Users/linghuchong/Downloads/51/Python/project/instance/airflow284/dags/tag_CDRD/系统管理/角色管理/dag_并发—成功.py for tasks to queue
[2026-03-05T17:56:43.555+0800] {logging_mixin.py:190} INFO - [2026-03-05T17:56:43.555+0800] {dagbag.py:588} INFO - Filling up the DagBag from /Users/linghuchong/Downloads/51/Python/project/instance/airflow284/dags/tag_CDRD/系统管理/角色管理/dag_并发—成功.py
[2026-03-05T17:56:43.557+0800] {processor.py:927} WARNING - No viable dags retrieved from /Users/linghuchong/Downloads/51/Python/project/instance/airflow284/dags/tag_CDRD/系统管理/角色管理/dag_并发—成功.py
[2026-03-05T17:56:43.664+0800] {processor.py:208} INFO - Processing /Users/linghuchong/Downloads/51/Python/project/instance/airflow284/dags/tag_CDRD/系统管理/角色管理/dag_并发—成功.py took 116.261 seconds
[2026-03-05T17:58:16.798+0800] {processor.py:186} INFO - Started process (PID=16625) to work on /Users/linghuchong/Downloads/51/Python/project/instance/airflow284/dags/tag_CDRD/系统管理/角色管理/dag_并发—成功.py
[2026-03-05T17:58:16.801+0800] {processor.py:914} INFO - Processing file /Users/linghuchong/Downloads/51/Python/project/instance/airflow284/dags/tag_CDRD/系统管理/角色管理/dag_并发—成功.py for tasks to queue
[2026-03-05T17:58:16.802+0800] {logging_mixin.py:190} INFO - [2026-03-05T17:58:16.802+0800] {dagbag.py:588} INFO - Filling up the DagBag from /Users/linghuchong/Downloads/51/Python/project/instance/airflow284/dags/tag_CDRD/系统管理/角色管理/dag_并发—成功.py
[2026-03-05T17:58:16.804+0800] {processor.py:927} WARNING - No viable dags retrieved from /Users/linghuchong/Downloads/51/Python/project/instance/airflow284/dags/tag_CDRD/系统管理/角色管理/dag_并发—成功.py
[2026-03-05T17:58:16.912+0800] {processor.py:208} INFO - Processing /Users/linghuchong/Downloads/51/Python/project/instance/airflow284/dags/tag_CDRD/系统管理/角色管理/dag_并发—成功.py took 116.213 seconds
[2026-03-05T18:02:00.812+0800] {processor.py:186} INFO - Started process (PID=16701) to work on /Users/linghuchong/Downloads/51/Python/project/instance/airflow284/dags/tag_CDRD/系统管理/角色管理/dag_并发—成功.py
[2026-03-05T18:02:00.816+0800] {processor.py:914} INFO - Processing file /Users/linghuchong/Downloads/51/Python/project/instance/airflow284/dags/tag_CDRD/系统管理/角色管理/dag_并发—成功.py for tasks to queue
[2026-03-05T18:02:00.818+0800] {logging_mixin.py:190} INFO - [2026-03-05T18:02:00.817+0800] {dagbag.py:588} INFO - Filling up the DagBag from /Users/linghuchong/Downloads/51/Python/project/instance/airflow284/dags/tag_CDRD/系统管理/角色管理/dag_并发—成功.py
[2026-03-05T18:02:00.819+0800] {processor.py:927} WARNING - No viable dags retrieved from /Users/linghuchong/Downloads/51/Python/project/instance/airflow284/dags/tag_CDRD/系统管理/角色管理/dag_并发—成功.py
[2026-03-05T18:02:00.937+0800] {processor.py:208} INFO - Processing /Users/linghuchong/Downloads/51/Python/project/instance/airflow284/dags/tag_CDRD/系统管理/角色管理/dag_并发—成功.py took 127.634 seconds
[2026-03-05T18:03:46.159+0800] {processor.py:186} INFO - Started process (PID=16761) to work on /Users/linghuchong/Downloads/51/Python/project/instance/airflow284/dags/tag_CDRD/系统管理/角色管理/dag_并发—成功.py
[2026-03-05T18:03:46.162+0800] {processor.py:914} INFO - Processing file /Users/linghuchong/Downloads/51/Python/project/instance/airflow284/dags/tag_CDRD/系统管理/角色管理/dag_并发—成功.py for tasks to queue
[2026-03-05T18:03:46.164+0800] {logging_mixin.py:190} INFO - [2026-03-05T18:03:46.163+0800] {dagbag.py:588} INFO - Filling up the DagBag from /Users/linghuchong/Downloads/51/Python/project/instance/airflow284/dags/tag_CDRD/系统管理/角色管理/dag_并发—成功.py
[2026-03-05T18:03:46.165+0800] {processor.py:927} WARNING - No viable dags retrieved from /Users/linghuchong/Downloads/51/Python/project/instance/airflow284/dags/tag_CDRD/系统管理/角色管理/dag_并发—成功.py
[2026-03-05T18:03:46.272+0800] {processor.py:208} INFO - Processing /Users/linghuchong/Downloads/51/Python/project/instance/airflow284/dags/tag_CDRD/系统管理/角色管理/dag_并发—成功.py took 115.800 seconds
[2026-03-05T18:05:36.081+0800] {processor.py:186} INFO - Started process (PID=16806) to work on /Users/linghuchong/Downloads/51/Python/project/instance/airflow284/dags/tag_CDRD/系统管理/角色管理/dag_并发—成功.py
[2026-03-05T18:05:36.082+0800] {processor.py:914} INFO - Processing file /Users/linghuchong/Downloads/51/Python/project/instance/airflow284/dags/tag_CDRD/系统管理/角色管理/dag_并发—成功.py for tasks to queue
[2026-03-05T18:05:36.083+0800] {logging_mixin.py:190} INFO - [2026-03-05T18:05:36.083+0800] {dagbag.py:588} INFO - Filling up the DagBag from /Users/linghuchong/Downloads/51/Python/project/instance/airflow284/dags/tag_CDRD/系统管理/角色管理/dag_并发—成功.py
[2026-03-05T18:05:36.085+0800] {processor.py:927} WARNING - No viable dags retrieved from /Users/linghuchong/Downloads/51/Python/project/instance/airflow284/dags/tag_CDRD/系统管理/角色管理/dag_并发—成功.py
[2026-03-05T18:05:36.209+0800] {processor.py:208} INFO - Processing /Users/linghuchong/Downloads/51/Python/project/instance/airflow284/dags/tag_CDRD/系统管理/角色管理/dag_并发—成功.py took 131.155 seconds
