[2026-02-27T11:12:50.283+0800] {local_task_job_runner.py:123} INFO - ::group::Pre task execution logs
[2026-02-27T11:12:50.307+0800] {taskinstance.py:2631} INFO - Dependencies all met for dep_context=non-requeueable deps ti=<TaskInstance: cdrd_创建用户_编辑角色.收尾工作 manual__2026-02-27T03:12:18.578524+00:00 [queued]>
[2026-02-27T11:12:50.317+0800] {taskinstance.py:2631} INFO - Dependencies all met for dep_context=requeueable deps ti=<TaskInstance: cdrd_创建用户_编辑角色.收尾工作 manual__2026-02-27T03:12:18.578524+00:00 [queued]>
[2026-02-27T11:12:50.318+0800] {taskinstance.py:2884} INFO - Starting attempt 1 of 1
[2026-02-27T11:12:50.330+0800] {taskinstance.py:2907} INFO - Executing <Task(PythonOperator): 收尾工作> on 2026-02-27 03:12:18.578524+00:00
[2026-02-27T11:12:50.334+0800] {standard_task_runner.py:72} INFO - Started process 6279 to run task
[2026-02-27T11:12:50.344+0800] {standard_task_runner.py:104} INFO - Running: ['airflow', 'tasks', 'run', 'cdrd_创建用户_编辑角色', '收尾工作', 'manual__2026-02-27T03:12:18.578524+00:00', '--job-id', '481', '--raw', '--subdir', 'DAGS_FOLDER/tag_CDRD/cdrd_1p1n2t.py', '--cfg-path', '/var/folders/f7/4z7jtb213fs0mtgbw_0vs2600000gn/T/tmp7v_40ddb']
[2026-02-27T11:12:50.350+0800] {standard_task_runner.py:105} INFO - Job 481: Subtask 收尾工作
[2026-02-27T11:12:50.427+0800] {task_command.py:467} INFO - Running <TaskInstance: cdrd_创建用户_编辑角色.收尾工作 manual__2026-02-27T03:12:18.578524+00:00 [running]> on host localhost-2.local
[2026-02-27T11:12:50.702+0800] {taskinstance.py:3157} INFO - Exporting env vars: AIRFLOW_CTX_DAG_OWNER='airflow' AIRFLOW_CTX_DAG_ID='cdrd_创建用户_编辑角色' AIRFLOW_CTX_TASK_ID='收尾工作' AIRFLOW_CTX_EXECUTION_DATE='2026-02-27T03:12:18.578524+00:00' AIRFLOW_CTX_TRY_NUMBER='1' AIRFLOW_CTX_DAG_RUN_ID='manual__2026-02-27T03:12:18.578524+00:00'
[2026-02-27T11:12:50.707+0800] {taskinstance.py:740} INFO - ::endgroup::
[2026-02-27T11:12:50.949+0800] {logging_mixin.py:190} INFO - ==================================================
[2026-02-27T11:12:50.950+0800] {logging_mixin.py:190} INFO - 【收尾工作】开始汇总测试结果...
[2026-02-27T11:12:50.951+0800] {logging_mixin.py:190} INFO - ==================================================
[2026-02-27T11:12:50.967+0800] {logging_mixin.py:190} INFO - 消费者1结果: {'module': '系统管理-用户管理', 'success_count': 0, 'fail_count': 0, 'total_count': 0}
[2026-02-27T11:12:50.968+0800] {logging_mixin.py:190} INFO - 消费者2结果: None
[2026-02-27T11:12:51.384+0800] {logging_mixin.py:190} INFO - ==================================================
[2026-02-27T11:12:51.385+0800] {logging_mixin.py:190} INFO - 【收尾工作】测试执行汇总 - 总计:0,通过:0,失败:0
[2026-02-27T11:12:51.386+0800] {logging_mixin.py:190} INFO - ==================================================
[2026-02-27T11:12:51.387+0800] {python.py:240} INFO - Done. Returned value was: {'summary': '总计:0,通过:0,失败:0', 'total_tests': 0, 'total_success': 0, 'total_fail': 0, 'execution_time': '2026-02-27 11:12:51'}
[2026-02-27T11:12:51.417+0800] {taskinstance.py:349} INFO - ::group::Post task execution logs
[2026-02-27T11:12:51.421+0800] {taskinstance.py:361} INFO - Marking task as SUCCESS. dag_id=cdrd_创建用户_编辑角色, task_id=收尾工作, run_id=manual__2026-02-27T03:12:18.578524+00:00, execution_date=20260227T031218, start_date=20260227T031250, end_date=20260227T031251
[2026-02-27T11:12:51.460+0800] {local_task_job_runner.py:266} INFO - Task exited with return code 0
[2026-02-27T11:12:51.491+0800] {taskinstance.py:3924} INFO - 0 downstream tasks scheduled from follow-on schedule check
[2026-02-27T11:12:51.492+0800] {local_task_job_runner.py:245} INFO - ::endgroup::
