[2026-02-27T13:50:08.257+0800] {local_task_job_runner.py:123} INFO - ::group::Pre task execution logs
[2026-02-27T13:50:08.409+0800] {taskinstance.py:2631} INFO - Dependencies all met for dep_context=non-requeueable deps ti=<TaskInstance: cdrd_新增用户.收尾工作 manual__2026-02-27T05:47:58.667278+00:00 [queued]>
[2026-02-27T13:50:08.418+0800] {taskinstance.py:2631} INFO - Dependencies all met for dep_context=requeueable deps ti=<TaskInstance: cdrd_新增用户.收尾工作 manual__2026-02-27T05:47:58.667278+00:00 [queued]>
[2026-02-27T13:50:08.418+0800] {taskinstance.py:2884} INFO - Starting attempt 1 of 1
[2026-02-27T13:50:08.444+0800] {taskinstance.py:2907} INFO - Executing <Task(PythonOperator): 收尾工作> on 2026-02-27 05:47:58.667278+00:00
[2026-02-27T13:50:08.448+0800] {standard_task_runner.py:72} INFO - Started process 12946 to run task
[2026-02-27T13:50:08.455+0800] {standard_task_runner.py:104} INFO - Running: ['airflow', 'tasks', 'run', 'cdrd_新增用户', '收尾工作', 'manual__2026-02-27T05:47:58.667278+00:00', '--job-id', '493', '--raw', '--subdir', 'DAGS_FOLDER/tag_CDRD/系统管理/用户管理/dag_新增用户.py', '--cfg-path', '/var/folders/f7/4z7jtb213fs0mtgbw_0vs2600000gn/T/tmp2bspvmfk']
[2026-02-27T13:50:08.460+0800] {standard_task_runner.py:105} INFO - Job 493: Subtask 收尾工作
[2026-02-27T13:50:08.536+0800] {task_command.py:467} INFO - Running <TaskInstance: cdrd_新增用户.收尾工作 manual__2026-02-27T05:47:58.667278+00:00 [running]> on host localhost-2.local
[2026-02-27T13:50:08.632+0800] {taskinstance.py:3157} INFO - Exporting env vars: AIRFLOW_CTX_DAG_OWNER='airflow' AIRFLOW_CTX_DAG_ID='cdrd_新增用户' AIRFLOW_CTX_TASK_ID='收尾工作' AIRFLOW_CTX_EXECUTION_DATE='2026-02-27T05:47:58.667278+00:00' AIRFLOW_CTX_TRY_NUMBER='1' AIRFLOW_CTX_DAG_RUN_ID='manual__2026-02-27T05:47:58.667278+00:00'
[2026-02-27T13:50:08.634+0800] {taskinstance.py:740} INFO - ::endgroup::
[2026-02-27T13:50:08.653+0800] {logging_mixin.py:190} INFO - ==================================================
[2026-02-27T13:50:08.653+0800] {logging_mixin.py:190} INFO - 【收尾工作】开始汇总测试结果...
[2026-02-27T13:50:08.654+0800] {logging_mixin.py:190} INFO - ==================================================
[2026-02-27T13:50:08.660+0800] {logging_mixin.py:190} INFO - 消费者1结果: {'module': '系统管理-用户管理', 'success_count': 0, 'fail_count': 1, 'total_count': 1}
[2026-02-27T13:50:08.749+0800] {logging_mixin.py:190} INFO - ==================================================
[2026-02-27T13:50:08.749+0800] {logging_mixin.py:190} INFO - 【收尾工作】测试执行汇总 - 总计:1,通过:0,失败:1
[2026-02-27T13:50:08.750+0800] {logging_mixin.py:190} INFO - ==================================================
[2026-02-27T13:50:08.751+0800] {python.py:240} INFO - Done. Returned value was: {'summary': '总计:1,通过:0,失败:1', 'total_tests': 1, 'total_success': 0, 'total_fail': 1, 'execution_time': '2026-02-27 13:50:08'}
[2026-02-27T13:50:08.766+0800] {taskinstance.py:349} INFO - ::group::Post task execution logs
[2026-02-27T13:50:08.767+0800] {taskinstance.py:361} INFO - Marking task as SUCCESS. dag_id=cdrd_新增用户, task_id=收尾工作, run_id=manual__2026-02-27T05:47:58.667278+00:00, execution_date=20260227T054758, start_date=20260227T055008, end_date=20260227T055008
[2026-02-27T13:50:08.820+0800] {local_task_job_runner.py:266} INFO - Task exited with return code 0
[2026-02-27T13:50:08.844+0800] {taskinstance.py:3924} INFO - 0 downstream tasks scheduled from follow-on schedule check
[2026-02-27T13:50:08.845+0800] {local_task_job_runner.py:245} INFO - ::endgroup::
