2025-08-04 09:03:56,032 - INFO - ====== WebDriver manager ======
2025-08-04 09:03:56,227 - INFO - Get LATEST chromedriver version for google-chrome
2025-08-04 09:03:56,659 - INFO - Get LATEST chromedriver version for google-chrome
2025-08-04 09:03:57,043 - INFO - There is no [mac64] chromedriver "138.0.7204.183" for browser google-chrome "138.0.7204" in cache
2025-08-04 09:03:57,054 - INFO - Get LATEST chromedriver version for google-chrome
2025-08-04 09:04:02,897 - INFO - WebDriver version 138.0.7204.183 selected
2025-08-04 09:04:02,902 - INFO - Modern chrome version https://storage.googleapis.com/chrome-for-testing-public/138.0.7204.183/mac-x64/chromedriver-mac-x64.zip
2025-08-04 09:04:02,902 - INFO - About to download new driver from https://storage.googleapis.com/chrome-for-testing-public/138.0.7204.183/mac-x64/chromedriver-mac-x64.zip
2025-08-04 09:06:33,742 - INFO - Driver downloading response is 200
2025-08-04 09:06:46,576 - INFO - Get LATEST chromedriver version for google-chrome
2025-08-04 09:06:47,073 - INFO - Driver has been saved in cache [/Users/linghuchong/.wdm/drivers/chromedriver/mac64/138.0.7204.183]
2025-08-04 09:56:13,163 - INFO - 已登录
2025-08-04 09:57:55,558 - INFO - 已登录
2025-08-04 09:57:56,649 - INFO - 已登出
2025-08-04 09:58:40,009 - INFO - 已登录
2025-08-04 09:58:41,083 - INFO - 已登出
2025-08-04 10:00:03,679 - INFO - 已登录
2025-08-04 10:00:05,850 - INFO - 已登出
2025-08-04 10:00:44,383 - INFO - 已登录
2025-08-04 10:00:47,642 - INFO - 已登出
2025-08-04 10:06:59,496 - INFO - 已登录
2025-08-04 10:08:16,827 - INFO - 已登录
2025-08-04 10:09:14,569 - INFO - 已登录
2025-08-04 10:10:59,707 - INFO - 已登录
2025-08-04 10:12:22,149 - INFO - 已登录
2025-08-04 10:16:54,909 - INFO - 已登录
2025-08-04 10:20:42,064 - INFO - 已登录
2025-08-04 10:21:12,990 - INFO - 已登录
2025-08-04 10:26:49,715 - INFO - 已登录
2025-08-04 10:28:30,626 - INFO - 已登录
2025-08-04 10:32:25,301 - INFO - 已登录
2025-08-04 10:34:29,255 - INFO - 已登录
2025-08-04 10:34:59,914 - INFO - 已登录
2025-08-04 10:36:42,164 - INFO - 已登录
2025-08-04 10:42:42,778 - INFO - 已登录
2025-08-04 10:46:26,574 - INFO - 已登录
2025-08-04 10:46:53,392 - INFO - 已登录
2025-08-04 10:52:12,110 - INFO - 已登录
2025-08-04 10:57:31,627 - INFO - 已登录
2025-08-04 11:04:51,724 - INFO - 已登录
2025-08-04 11:05:20,764 - INFO - 已登录
2025-10-09 16:11:12,610 - INFO - ====== WebDriver manager ======
2025-10-09 16:11:12,818 - INFO - Get LATEST chromedriver version for google-chrome
2025-10-09 16:12:56,560 - INFO - Get LATEST chromedriver version for google-chrome
2025-10-09 16:15:30,869 - INFO - There is no [mac64] chromedriver "140.0.7339.207" for browser google-chrome "140.0.7339" in cache
2025-10-09 16:15:30,893 - INFO - Get LATEST chromedriver version for google-chrome
2025-10-09 16:16:08,002 - INFO - WebDriver version 140.0.7339.207 selected
2025-10-09 16:16:08,007 - INFO - Modern chrome version https://storage.googleapis.com/chrome-for-testing-public/140.0.7339.207/mac-x64/chromedriver-mac-x64.zip
2025-10-09 16:16:08,007 - INFO - About to download new driver from https://storage.googleapis.com/chrome-for-testing-public/140.0.7339.207/mac-x64/chromedriver-mac-x64.zip
2025-10-09 16:18:38,030 - ERROR - 发生错误: Could not reach host. Are you offline?
2025-10-09 16:18:44,275 - INFO - ====== WebDriver manager ======
2025-10-09 16:18:44,492 - INFO - Get LATEST chromedriver version for google-chrome
2025-10-09 16:18:46,689 - INFO - Get LATEST chromedriver version for google-chrome
2025-10-09 16:20:04,767 - INFO - There is no [mac64] chromedriver "140.0.7339.207" for browser google-chrome "140.0.7339" in cache
2025-10-09 16:20:04,777 - INFO - Get LATEST chromedriver version for google-chrome
2025-10-09 16:20:38,555 - INFO - Received signal: SIGINT
2025-10-09 16:20:38,555 - INFO - Program is terminating...
2025-10-09 16:20:43,810 - INFO - ====== WebDriver manager ======
2025-10-09 16:20:44,021 - INFO - Get LATEST chromedriver version for google-chrome
2025-10-09 16:20:47,379 - INFO - Get LATEST chromedriver version for google-chrome
2025-10-09 16:21:01,799 - INFO - Received signal: SIGINT
2025-10-09 16:21:01,799 - INFO - Program is terminating...
2025-10-09 16:21:14,628 - ERROR - 发生错误: Message: Service /Users/linghuchong/.wdm/drivers/chromedriver/mac64/140.0.7339./chromedriver-mac-x64/chromedriver unexpectedly exited. Status code was: -9

2025-10-09 16:22:38,983 - INFO - 已登录
2025-10-09 16:23:55,030 - INFO - 已登录
2025-10-09 17:07:05,229 - INFO - 已登录
2025-10-09 17:09:50,984 - INFO - 已登录
2025-10-09 17:12:04,872 - INFO - 已登录
2025-10-09 17:12:55,173 - INFO - 已登录
2025-10-09 17:15:45,660 - INFO - 已登录
2025-10-09 17:22:55,900 - INFO - 已登录
2025-10-09 17:23:31,991 - INFO - 已登录
2025-10-09 17:25:12,801 - INFO - 已登录
2025-10-09 17:25:58,205 - INFO - 已登录
2025-10-09 17:26:54,294 - INFO - 已登录
2025-10-09 17:29:37,606 - INFO - 已登录
2025-10-09 17:33:35,590 - INFO - 已登录
2025-10-09 17:34:09,259 - INFO - 已登录
2025-10-09 17:35:56,119 - INFO - 已登录
2025-10-09 17:36:58,379 - INFO - 已登录
2025-10-09 17:39:03,200 - INFO - 已登录
2025-10-09 17:39:31,727 - INFO - 已登录
2025-10-09 17:40:03,581 - INFO - 已登录
2025-10-09 17:40:35,263 - INFO - 已登录
2025-10-09 17:41:12,702 - INFO - 已登录
2025-10-09 17:41:50,935 - INFO - 已登录
2025-10-09 17:43:22,396 - INFO - 已登录
2025-10-09 17:44:51,044 - INFO - 已登录
2025-10-09 17:45:32,614 - INFO - 已登录
2025-10-09 17:47:04,013 - INFO - 已登录
2025-10-09 17:47:29,650 - INFO - 已登录
2025-10-10 08:50:22,452 - INFO - 已登录
2025-10-10 08:53:16,772 - INFO - 已登录
2025-10-10 08:53:54,733 - INFO - 已登录
2025-10-10 08:56:02,182 - INFO - 已登录
2025-10-10 08:57:47,739 - INFO - 已登录
2025-10-10 08:58:39,458 - INFO - 已登录
2025-10-10 08:59:17,811 - INFO - 已登录
2025-10-10 09:01:29,344 - INFO - 已登录
2025-10-10 09:02:00,770 - INFO - 已登录
2025-10-10 09:06:47,239 - INFO - 已登录
2025-10-10 09:07:25,175 - INFO - 已登录
2025-10-10 09:22:40,470 - INFO - 已登录
2025-10-10 10:24:52,473 - INFO - 已登录
2025-10-10 10:26:29,248 - INFO - 已登录
2025-10-10 10:39:53,359 - INFO - 已登录
2025-10-10 10:40:37,893 - INFO - 已登录
2025-10-10 10:42:33,987 - INFO - 已登录
2025-10-10 10:51:25,822 - INFO - 已登录
2025-10-10 10:52:41,041 - INFO - 已登录
2025-10-10 10:55:29,562 - INFO - 已登录
2025-10-10 10:55:57,470 - INFO - 已登录
2025-10-10 10:58:40,138 - INFO - 已登录
2025-10-10 11:01:19,633 - INFO - 已登录
2025-10-10 11:01:57,753 - INFO - 已登录
2025-10-10 11:05:28,922 - INFO - 已登录
2025-10-10 11:07:43,027 - INFO - 已登录
2025-10-10 11:09:16,931 - INFO - 已登录
2025-10-10 11:11:27,909 - INFO - 已登录
2025-10-10 11:16:07,623 - INFO - 已登录
2025-10-10 11:17:54,069 - INFO - 已登录
2025-10-10 11:19:11,151 - INFO - 已登录
2025-10-10 11:20:35,461 - INFO - 已登录
2025-10-10 11:21:35,717 - INFO - 已登录
2025-10-10 11:27:11,771 - INFO - 已登录
2025-10-10 11:29:32,519 - INFO - 已登录
2025-10-10 11:30:23,763 - INFO - 已登录
2025-10-10 11:35:27,364 - INFO - 已登录
2025-10-10 11:36:48,672 - INFO - 已登录
2025-10-10 11:39:48,455 - INFO - 已登录
2025-10-10 11:40:23,435 - INFO - 已登录
2025-10-10 11:51:55,573 - INFO - 已登录
2025-10-10 11:53:58,390 - INFO - 已登录
2025-10-10 11:54:48,125 - INFO - 已登录
2025-10-10 11:55:46,581 - INFO - 已登录
2025-10-10 11:56:38,331 - INFO - 已登录
2025-10-10 11:57:17,372 - INFO - 已登录
2025-10-10 12:03:19,230 - INFO - 已登录
2025-10-10 12:05:24,428 - INFO - 已登录
2025-10-10 12:08:27,202 - INFO - 已登录
2025-10-10 12:10:55,070 - INFO - 已登录
2025-10-10 12:11:24,504 - INFO - Received signal: SIGINT
2025-10-10 12:11:24,505 - INFO - Program is terminating...
2025-10-10 12:12:26,645 - INFO - 已登录
2025-10-10 12:16:41,660 - INFO - 已登录
2025-10-10 12:18:37,524 - INFO - 已登录
2025-10-10 12:21:55,296 - INFO - 已登录
2025-10-10 12:24:06,362 - INFO - 已登录
2025-10-10 12:25:20,062 - INFO - 已登录
2025-12-04 16:42:47,643 - INFO - 已登录
2025-12-04 16:47:00,089 - INFO - 已登录
2025-12-04 16:50:57,347 - INFO - 已登录
2025-12-04 17:02:14,907 - INFO - 已登录
2025-12-04 17:02:56,100 - INFO - 已登录
2025-12-04 17:06:03,642 - INFO - 已登录
2025-12-04 17:06:53,748 - INFO - 已登录
2025-12-04 17:07:52,168 - INFO - 已登录
2025-12-04 17:09:05,135 - INFO - 已登录
2025-12-04 17:19:31,678 - INFO - 已登录
2025-12-04 17:20:41,626 - INFO - 已登录
2025-12-04 17:28:52,173 - INFO - 已登录
2025-12-04 17:31:37,896 - INFO - 已登录
2025-12-04 17:32:02,928 - INFO - 已登录
2025-12-04 17:33:55,173 - INFO - 已登录
2025-12-04 17:34:33,103 - INFO - 已登录
2025-12-04 17:40:43,188 - INFO - 已登录
2025-12-04 17:53:02,213 - INFO - 已登录
2025-12-04 17:57:11,528 - INFO - 已登录
2025-12-04 17:59:03,817 - INFO - 已登录
2025-12-04 18:00:03,220 - INFO - 已登录
2025-12-19 09:56:11,742 - INFO - 已登录
2025-12-19 10:45:01,175 - INFO - 已登录
2025-12-19 10:58:33,465 - INFO - 已登录
2025-12-19 10:59:09,992 - INFO - 已登录
2025-12-19 11:00:02,185 - INFO - 已登录
2025-12-19 11:02:43,559 - INFO - 已登录
2025-12-19 11:03:44,294 - INFO - 已登录
2025-12-19 11:08:27,209 - INFO - 已登录
2025-12-19 11:08:40,823 - INFO - Received signal: SIGINT
2025-12-19 11:08:40,824 - INFO - Program is terminating...
2025-12-19 11:08:53,351 - INFO - 已登录
2025-12-19 11:10:24,002 - INFO - 已登录
2025-12-19 11:11:45,778 - INFO - 已登录
2025-12-19 11:13:34,241 - INFO - 已登录
2025-12-19 11:16:07,670 - INFO - 已登录
2025-12-19 11:18:47,885 - INFO - 已登录
2025-12-19 11:28:10,085 - INFO - 已登录
2025-12-19 11:29:09,094 - INFO - 已登录
2025-12-19 11:32:12,760 - INFO - Received signal: SIGINT
2025-12-19 11:32:12,763 - INFO - Program is terminating...
2025-12-19 11:32:28,084 - INFO - 已登录
2025-12-19 11:33:22,460 - INFO - 已登录
2025-12-19 11:45:00,269 - INFO - 已登录
2025-12-19 11:47:55,249 - INFO - 已登录
2025-12-19 11:49:04,768 - INFO - 已登录
2025-12-19 11:57:53,890 - INFO - 已登录
2025-12-19 11:58:54,250 - INFO - 已登录
2025-12-19 12:01:27,126 - INFO - 已登录
2025-12-19 12:03:10,664 - INFO - 已登录
2025-12-19 12:06:53,034 - INFO - 已登录
2025-12-19 12:07:35,282 - INFO - 已登录
2025-12-19 12:09:43,511 - INFO - 已登录
2025-12-19 12:14:25,264 - INFO - 已登录
2025-12-19 12:17:29,676 - INFO - 已登录
2025-12-19 12:20:49,822 - INFO - 已登录
2025-12-19 12:22:17,733 - INFO - 已登录
2025-12-19 12:24:27,858 - INFO - 已登录
2025-12-19 12:25:43,577 - INFO - 已登录
2025-12-19 12:53:40,662 - INFO - 已登录
2025-12-19 13:02:13,984 - INFO - 已登录
2025-12-19 13:03:15,296 - INFO - 已登录
2025-12-19 13:05:56,264 - INFO - 已登录
2025-12-19 13:08:40,551 - INFO - 已登录
2025-12-19 13:13:20,940 - INFO - 已登录
2025-12-19 13:17:19,062 - INFO - 已登录
2025-12-19 13:18:33,336 - INFO - Received signal: SIGINT
2025-12-19 13:18:33,336 - INFO - Program is terminating...
2025-12-19 13:18:54,478 - INFO - 已登录
2025-12-19 13:20:31,473 - INFO - 已登录
2025-12-19 13:23:29,272 - INFO - 已登录
2025-12-19 13:24:41,917 - INFO - 已登录
2025-12-19 13:25:21,596 - INFO - 已登录
2025-12-19 13:26:23,085 - INFO - 已登录
2025-12-19 13:28:15,193 - INFO - 已登录
2025-12-19 13:29:37,323 - INFO - 已登录
2025-12-19 13:30:45,588 - INFO - 已登录
2025-12-19 13:32:18,872 - INFO - 已登录
2025-12-19 13:33:25,497 - INFO - 已登录
2025-12-19 13:34:14,580 - INFO - Received signal: SIGINT
2025-12-19 13:34:14,581 - INFO - Program is terminating...
2025-12-19 13:34:36,043 - INFO - 已登录
2025-12-19 13:39:49,461 - INFO - 已登录
2025-12-19 13:46:08,942 - INFO - 已登录
2025-12-19 13:46:57,659 - INFO - 已登录
2025-12-19 13:47:59,343 - INFO - 已登录
2025-12-19 14:37:10,459 - INFO - 已登录
2025-12-19 14:38:40,768 - INFO - 已登录
2025-12-19 14:41:39,628 - INFO - 已登录
2025-12-19 14:46:06,121 - INFO - 已登录
2025-12-19 14:57:10,236 - INFO - 已登录
2025-12-19 14:58:39,653 - INFO - 已登录
2025-12-19 14:59:31,600 - INFO - 已登录
2025-12-19 15:00:48,987 - INFO - 已登录
2025-12-19 15:04:17,028 - INFO - 已登录
2025-12-19 15:05:54,900 - INFO - 已登录
2025-12-19 15:08:48,952 - INFO - 已登录
2025-12-19 15:11:26,606 - INFO - 已登录
2025-12-19 15:12:59,484 - INFO - 已登录
2025-12-19 15:29:24,184 - INFO - 已登录
2025-12-19 15:30:11,220 - INFO - 已登录
2025-12-19 15:31:38,168 - INFO - 已登录
2025-12-19 15:47:42,044 - INFO - 已登录
2025-12-19 15:54:54,618 - INFO - 已登录
2025-12-19 15:55:28,955 - INFO - Received signal: SIGINT
2025-12-19 15:55:28,955 - INFO - Program is terminating...
2025-12-19 15:56:08,818 - INFO - 已登录
2025-12-19 15:59:11,658 - INFO - 已登录
2025-12-19 16:01:13,490 - INFO - 已登录
2025-12-19 16:03:26,182 - INFO - 已登录
2025-12-19 16:04:46,910 - INFO - 已登录
2025-12-19 16:12:38,635 - INFO - 已登录
2025-12-19 16:17:21,752 - INFO - 已登录
2025-12-19 16:18:19,561 - INFO - 已登录
2025-12-19 16:18:58,361 - INFO - 已登录
2025-12-19 16:21:24,722 - INFO - 已登录
2025-12-19 16:22:22,972 - INFO - 已登录
2025-12-19 16:22:30,168 - INFO - Received signal: SIGINT
2025-12-19 16:22:30,169 - INFO - Program is terminating...
2025-12-19 16:22:46,933 - INFO - 已登录
2025-12-19 16:24:17,209 - INFO - 已登录
2025-12-19 16:24:51,450 - INFO - Received signal: SIGINT
2025-12-19 16:24:51,450 - INFO - Program is terminating...
2025-12-19 16:25:49,857 - INFO - 已登录
2025-12-19 16:27:29,471 - INFO - 已登录
2025-12-19 16:37:51,820 - INFO - 已登录
2025-12-19 16:39:29,645 - INFO - 已登录
2025-12-19 16:40:27,519 - INFO - 已登录
2025-12-19 16:42:33,335 - INFO - 已登录
2025-12-19 16:47:13,490 - INFO - 已登录
2025-12-19 16:56:11,094 - INFO - 已登录
2025-12-19 16:57:16,791 - INFO - 已登录
2025-12-19 17:01:30,187 - INFO - 已登录
2025-12-19 17:05:47,974 - INFO - 已登录
2025-12-19 17:06:39,589 - INFO - 已登录
2025-12-19 17:11:04,927 - INFO - 已登录
