[2026-02-27T13:51:14.290+0800] {local_task_job_runner.py:123} INFO - ::group::Pre task execution logs
[2026-02-27T13:51:14.317+0800] {taskinstance.py:2631} INFO - Dependencies all met for dep_context=non-requeueable deps ti=<TaskInstance: cdrd_新增用户.收尾工作 manual__2026-02-27T05:50:37+00:00 [queued]>
[2026-02-27T13:51:14.332+0800] {taskinstance.py:2631} INFO - Dependencies all met for dep_context=requeueable deps ti=<TaskInstance: cdrd_新增用户.收尾工作 manual__2026-02-27T05:50:37+00:00 [queued]>
[2026-02-27T13:51:14.334+0800] {taskinstance.py:2884} INFO - Starting attempt 1 of 1
[2026-02-27T13:51:14.352+0800] {taskinstance.py:2907} INFO - Executing <Task(PythonOperator): 收尾工作> on 2026-02-27 05:50:37+00:00
[2026-02-27T13:51:14.356+0800] {standard_task_runner.py:72} INFO - Started process 13040 to run task
[2026-02-27T13:51:14.364+0800] {standard_task_runner.py:104} INFO - Running: ['airflow', 'tasks', 'run', 'cdrd_新增用户', '收尾工作', 'manual__2026-02-27T05:50:37+00:00', '--job-id', '497', '--raw', '--subdir', 'DAGS_FOLDER/tag_CDRD/系统管理/用户管理/dag_新增用户.py', '--cfg-path', '/var/folders/f7/4z7jtb213fs0mtgbw_0vs2600000gn/T/tmpg6zx108h']
[2026-02-27T13:51:14.368+0800] {standard_task_runner.py:105} INFO - Job 497: Subtask 收尾工作
[2026-02-27T13:51:14.443+0800] {task_command.py:467} INFO - Running <TaskInstance: cdrd_新增用户.收尾工作 manual__2026-02-27T05:50:37+00:00 [running]> on host localhost-2.local
[2026-02-27T13:51:14.561+0800] {taskinstance.py:3157} INFO - Exporting env vars: AIRFLOW_CTX_DAG_OWNER='airflow' AIRFLOW_CTX_DAG_ID='cdrd_新增用户' AIRFLOW_CTX_TASK_ID='收尾工作' AIRFLOW_CTX_EXECUTION_DATE='2026-02-27T05:50:37+00:00' AIRFLOW_CTX_TRY_NUMBER='1' AIRFLOW_CTX_DAG_RUN_ID='manual__2026-02-27T05:50:37+00:00'
[2026-02-27T13:51:14.563+0800] {taskinstance.py:740} INFO - ::endgroup::
[2026-02-27T13:51:14.601+0800] {logging_mixin.py:190} INFO - ==================================================
[2026-02-27T13:51:14.601+0800] {logging_mixin.py:190} INFO - 【收尾工作】开始汇总测试结果...
[2026-02-27T13:51:14.602+0800] {logging_mixin.py:190} INFO - ==================================================
[2026-02-27T13:51:14.612+0800] {logging_mixin.py:190} INFO - 消费者1结果: {'module': '系统管理-用户管理', 'success_count': 0, 'fail_count': 1, 'total_count': 1}
[2026-02-27T13:51:14.799+0800] {logging_mixin.py:190} INFO - ==================================================
[2026-02-27T13:51:14.802+0800] {logging_mixin.py:190} INFO - 【收尾工作】测试执行汇总 - 总计:1,通过:0,失败:1
[2026-02-27T13:51:14.806+0800] {logging_mixin.py:190} INFO - ==================================================
[2026-02-27T13:51:14.807+0800] {python.py:240} INFO - Done. Returned value was: {'summary': '总计:1,通过:0,失败:1', 'total_tests': 1, 'total_success': 0, 'total_fail': 1, 'execution_time': '2026-02-27 13:51:14'}
[2026-02-27T13:51:14.835+0800] {taskinstance.py:349} INFO - ::group::Post task execution logs
[2026-02-27T13:51:14.838+0800] {taskinstance.py:361} INFO - Marking task as SUCCESS. dag_id=cdrd_新增用户, task_id=收尾工作, run_id=manual__2026-02-27T05:50:37+00:00, execution_date=20260227T055037, start_date=20260227T055114, end_date=20260227T055114
[2026-02-27T13:51:14.940+0800] {local_task_job_runner.py:266} INFO - Task exited with return code 0
[2026-02-27T13:51:14.968+0800] {taskinstance.py:3924} INFO - 0 downstream tasks scheduled from follow-on schedule check
[2026-02-27T13:51:14.969+0800] {local_task_job_runner.py:245} INFO - ::endgroup::
