[2026-02-28T14:57:57.188+0800] {local_task_job_runner.py:123} INFO - ::group::Pre task execution logs
[2026-02-28T14:57:57.209+0800] {taskinstance.py:2631} INFO - Dependencies all met for dep_context=non-requeueable deps ti=<TaskInstance: cdrd_新增用户.新增用户 manual__2026-02-28T06:57:36.452827+00:00 [queued]>
[2026-02-28T14:57:57.221+0800] {taskinstance.py:2631} INFO - Dependencies all met for dep_context=requeueable deps ti=<TaskInstance: cdrd_新增用户.新增用户 manual__2026-02-28T06:57:36.452827+00:00 [queued]>
[2026-02-28T14:57:57.221+0800] {taskinstance.py:2884} INFO - Starting attempt 1 of 1
[2026-02-28T14:57:57.258+0800] {taskinstance.py:2907} INFO - Executing <Task(PythonOperator): 新增用户> on 2026-02-28 06:57:36.452827+00:00
[2026-02-28T14:57:57.262+0800] {standard_task_runner.py:72} INFO - Started process 17199 to run task
[2026-02-28T14:57:57.269+0800] {standard_task_runner.py:104} INFO - Running: ['airflow', 'tasks', 'run', 'cdrd_新增用户', '新增用户', 'manual__2026-02-28T06:57:36.452827+00:00', '--job-id', '666', '--raw', '--subdir', 'DAGS_FOLDER/tag_CDRD/系统管理/用户管理/dag_新增用户.py', '--cfg-path', '/var/folders/f7/4z7jtb213fs0mtgbw_0vs2600000gn/T/tmpofh040r4']
[2026-02-28T14:57:57.274+0800] {standard_task_runner.py:105} INFO - Job 666: Subtask 新增用户
[2026-02-28T14:57:57.324+0800] {task_command.py:467} INFO - Running <TaskInstance: cdrd_新增用户.新增用户 manual__2026-02-28T06:57:36.452827+00:00 [running]> on host localhost-2.local
[2026-02-28T14:57:57.406+0800] {taskinstance.py:3157} INFO - Exporting env vars: AIRFLOW_CTX_DAG_OWNER='airflow' AIRFLOW_CTX_DAG_ID='cdrd_新增用户' AIRFLOW_CTX_TASK_ID='新增用户' AIRFLOW_CTX_EXECUTION_DATE='2026-02-28T06:57:36.452827+00:00' AIRFLOW_CTX_TRY_NUMBER='1' AIRFLOW_CTX_DAG_RUN_ID='manual__2026-02-28T06:57:36.452827+00:00'
[2026-02-28T14:57:57.407+0800] {taskinstance.py:740} INFO - ::endgroup::
[2026-02-28T14:57:57.425+0800] {logging_mixin.py:190} INFO - ==================================================
[2026-02-28T14:57:57.427+0800] {logging_mixin.py:190} INFO - 【消费者1】开始执行系统管理-用户管理测试用例...
[2026-02-28T14:57:57.427+0800] {logging_mixin.py:190} INFO - ==================================================
[2026-02-28T14:57:57.434+0800] {logging_mixin.py:190} INFO - 从XCom获取到的测试用例数据: 1 条
[2026-02-28T14:57:57.434+0800] {logging_mixin.py:190} INFO - 执行脚本: /Users/linghuchong/Downloads/51/Python/project/instance/zyjk/CDRD/web/系统管理/用户管理/新增用户.py
[2026-02-28T14:57:57.866+0800] {logging_mixin.py:190} INFO - 随机生成测试数据: [['赵淑英', '18682667048', 'sye@example.com', '639867', '983615']]
[2026-02-28T14:58:01.656+0800] {logging_mixin.py:190} INFO - on
[2026-02-28T14:58:04.259+0800] {logging_mixin.py:190} INFO - 步骤[点击保存]截图已保存：/Users/linghuchong/Downloads/51/Python/project/instance/zyjk/CDRD/web/系统管理/用户管理/screenshots/新增用户/20260228_145803_点击保存.png
[2026-02-28T14:58:08.241+0800] {logging_mixin.py:190} INFO - 步骤[新增用户]截图已保存：/Users/linghuchong/Downloads/51/Python/project/instance/zyjk/CDRD/web/系统管理/用户管理/screenshots/新增用户/20260228_145807_新增用户.png
[2026-02-28T14:58:08.384+0800] {logging_mixin.py:190} INFO - on
[2026-02-28T14:58:08.641+0800] {logging_mixin.py:190} INFO - on
[2026-02-28T14:58:08.654+0800] {logging_mixin.py:190} INFO - 脚本执行成功，返回值: {'nick_name': '赵淑英', 'phonenumber': '18682667048', 'email': 'sye@example.com', 'user_name': '639867', 'job_num': '983615'}
[2026-02-28T14:58:08.656+0800] {logging_mixin.py:190} INFO - 解析验证数据: [{'k': "select count(*) as qty from sys_user where job_num='983615'", 'v': 1}]
[2026-02-28T14:58:08.661+0800] {logging_mixin.py:190} INFO - ✅ 通过校验 {'k': "select count(*) as qty from sys_user where job_num='983615'", 'v': 1}
[2026-02-28T14:58:08.734+0800] {logging_mixin.py:190} INFO - 解析后置数据: [{'k': "select count(*) as qty from sys_user where job_num='983615'", 'v': 1}]
[2026-02-28T14:58:08.738+0800] {logging_mixin.py:190} INFO - 后置操作1出错: 0
[2026-02-28T14:58:08.777+0800] {python.py:240} INFO - Done. Returned value was: None
[2026-02-28T14:58:08.792+0800] {taskinstance.py:349} INFO - ::group::Post task execution logs
[2026-02-28T14:58:08.793+0800] {taskinstance.py:361} INFO - Marking task as SUCCESS. dag_id=cdrd_新增用户, task_id=新增用户, run_id=manual__2026-02-28T06:57:36.452827+00:00, execution_date=20260228T065736, start_date=20260228T065757, end_date=20260228T065808
[2026-02-28T14:58:08.850+0800] {local_task_job_runner.py:266} INFO - Task exited with return code 0
[2026-02-28T14:58:08.888+0800] {taskinstance.py:3924} INFO - 1 downstream tasks scheduled from follow-on schedule check
[2026-02-28T14:58:08.890+0800] {local_task_job_runner.py:245} INFO - ::endgroup::
