[2026-02-24T17:46:43.087+0800] {local_task_job_runner.py:123} INFO - ::group::Pre task execution logs
[2026-02-24T17:46:43.102+0800] {taskinstance.py:2631} INFO - Dependencies all met for dep_context=non-requeueable deps ti=<TaskInstance: c_cdrd_DAG1.c_cdrd_TASK1 dataset_triggered__2026-02-24T09:46:17.528214+00:00 [queued]>
[2026-02-24T17:46:43.110+0800] {taskinstance.py:2631} INFO - Dependencies all met for dep_context=requeueable deps ti=<TaskInstance: c_cdrd_DAG1.c_cdrd_TASK1 dataset_triggered__2026-02-24T09:46:17.528214+00:00 [queued]>
[2026-02-24T17:46:43.110+0800] {taskinstance.py:2884} INFO - Starting attempt 1 of 1
[2026-02-24T17:46:43.127+0800] {taskinstance.py:2907} INFO - Executing <Task(PythonOperator): c_cdrd_TASK1> on 2026-02-24 09:46:17.528214+00:00
[2026-02-24T17:46:43.130+0800] {standard_task_runner.py:72} INFO - Started process 21490 to run task
[2026-02-24T17:46:43.137+0800] {standard_task_runner.py:104} INFO - Running: ['airflow', 'tasks', 'run', 'c_cdrd_DAG1', 'c_cdrd_TASK1', 'dataset_triggered__2026-02-24T09:46:17.528214+00:00', '--job-id', '336', '--raw', '--subdir', 'DAGS_FOLDER/tag_CDRD/cdrd_1p1n2t.py', '--cfg-path', '/var/folders/f7/4z7jtb213fs0mtgbw_0vs2600000gn/T/tmpjpdax36i']
[2026-02-24T17:46:43.143+0800] {standard_task_runner.py:105} INFO - Job 336: Subtask c_cdrd_TASK1
[2026-02-24T17:46:43.270+0800] {task_command.py:467} INFO - Running <TaskInstance: c_cdrd_DAG1.c_cdrd_TASK1 dataset_triggered__2026-02-24T09:46:17.528214+00:00 [running]> on host localhost-2.local
[2026-02-24T17:46:43.596+0800] {taskinstance.py:3157} INFO - Exporting env vars: AIRFLOW_CTX_DAG_OWNER='airflow' AIRFLOW_CTX_DAG_ID='c_cdrd_DAG1' AIRFLOW_CTX_TASK_ID='c_cdrd_TASK1' AIRFLOW_CTX_EXECUTION_DATE='2026-02-24T09:46:17.528214+00:00' AIRFLOW_CTX_TRY_NUMBER='1' AIRFLOW_CTX_DAG_RUN_ID='dataset_triggered__2026-02-24T09:46:17.528214+00:00'
[2026-02-24T17:46:43.602+0800] {taskinstance.py:740} INFO - ::endgroup::
[2026-02-24T17:46:43.637+0800] {logging_mixin.py:190} INFO - ✅ 成功从消费者 p_cdrd_all.p_cdrd_TASK 获取 XCom 值: [[6, '用户模块', None, '{1:"select count(*) from user where nick_name=\'李四\' and user_name=\'zhangsan\'"，"validation"：{"name":"张三",\'age\':\'20\',\'sex\':"1"}}', '新增用户.py'], [7, '系统模块', None, '{1:"select count(*) from user where nick_name=\'张三\' and user_name=\'zhangsan\'"，"validation"：{"name":"张三",\'age\':\'20\',\'sex\':"1"}}', '编辑角色.py']]
[2026-02-24T17:46:43.637+0800] {logging_mixin.py:190} INFO - [6, '用户模块', None, '{1:"select count(*) from user where nick_name=\'李四\' and user_name=\'zhangsan\'"，"validation"：{"name":"张三",\'age\':\'20\',\'sex\':"1"}}', '新增用户.py']
[2026-02-24T17:46:43.988+0800] {logging_mixin.py:190} INFO - [['毛晨', '15338641191', 'houtao@example.com', '455702', '837089']]
[2026-02-24T17:46:52.265+0800] {logging_mixin.py:190} INFO - Playwright 脚本执行成功
[2026-02-24T17:46:52.267+0800] {logging_mixin.py:190} INFO - 执行失败: run() missing 1 required positional argument: 'playwright'
[2026-02-24T17:46:52.388+0800] {python.py:240} INFO - Done. Returned value was: None
[2026-02-24T17:46:52.408+0800] {taskinstance.py:349} INFO - ::group::Post task execution logs
[2026-02-24T17:46:52.409+0800] {taskinstance.py:361} INFO - Marking task as SUCCESS. dag_id=c_cdrd_DAG1, task_id=c_cdrd_TASK1, run_id=dataset_triggered__2026-02-24T09:46:17.528214+00:00, execution_date=20260224T094617, start_date=20260224T094643, end_date=20260224T094652
[2026-02-24T17:46:52.479+0800] {local_task_job_runner.py:266} INFO - Task exited with return code 0
[2026-02-24T17:46:52.501+0800] {taskinstance.py:3924} INFO - 0 downstream tasks scheduled from follow-on schedule check
[2026-02-24T17:46:52.502+0800] {local_task_job_runner.py:245} INFO - ::endgroup::
