2025-03-25 14:38:05,365 - ERROR - 查询 => 现住址: ['泉山街道', '花园社区居民委员会', '123']
2025-03-25 14:38:27,464 - INFO - 查询 => {'管理机构': '张星卫生院', '档案状态': '在档', '姓名': '胡成', '年龄': ['1', '3'], '身份证号': '110101202307019439', '联系电话': '58776566', '现住址': ['泉山街道', '花园社区居民委员会', '123'], '人群分类': ['一般人群', '孕产妇'], '出生日期': [[2025, 1, 2], [2025, 2, 3]]}
2025-03-25 14:43:41,878 - ERROR - 查询 => 现住址: ['泉山街道', '花园社区居民委员会', '123']
2025-03-25 14:45:16,911 - INFO - 查询 => {'管理机构': '张星卫生院', '档案状态': '在档', '姓名': '胡成', '年龄': ['1', '3'], '身份证号': '110101202307019439', '联系电话': '58776566', '现住址': ['泉山街道', '花园社区居民委员会', '123'], '人群分类': ['一般人群', '孕产妇'], '出生日期': [[2025, 1, 2], [2025, 2, 3]]}
2025-03-25 14:47:57,205 - INFO - 查询 => {'管理机构': '张星卫生院', '档案状态': '在档', '姓名': '胡成', '年龄': ['1', '3'], '身份证号': '110101202307019439', '联系电话': '58776566', '现住址': ['泉山街道', '花园社区居民委员会', '123'], '人群分类': ['一般人群', '孕产妇'], '出生日期': [[2025, 1, 2], [2025, 2, 3]]}
2025-03-25 14:49:49,895 - INFO - 查询 => {'管理机构': '张星卫生院', '档案状态': '在档', '姓名': '胡成', '年龄': ['1', '3'], '身份证号': '110101202307019439', '联系电话': '58776566', '现住址': ['泉山街道', '花园社区居民委员会', '123'], '人群分类': ['一般人群', '孕产妇'], '出生日期': [[2025, 1, 2], [2025, 2, 3]]}
2025-03-25 14:57:10,495 - INFO - 查询 => {'身份证号': '110119199001019312'}
2025-03-25 14:57:16,952 - INFO - {'operate': '新增签约', 'option': {'身份证号': '110119199001019312'}}
2025-03-25 14:57:25,619 - ERROR - 失败 =>{'operate': '新增居民签约', 'data': {'居民姓名': '章三', '手机号': '13534343435', '家庭住址': '上海浦东00号', '居民基本情况': ['五保', '低保'], '签约类型': '个人', '服务包选择': '基础服务包（2019版）', '签约医生': '村卫生院', '签约日期': [2025, 3, 4], '生效日期': [2025, 3, 5], '监护人姓名': '章三', '与乙方关系': '里斯本', '联系电话': '58667676', '身份证号': '310101198004110012'}}
2025-03-25 15:00:04,464 - ERROR - 失败 =>{'operate': '签约登记', 'data': {'居民姓名': '章三', '手机号': '13534343435', '家庭住址': '上海浦东00号', '居民基本情况': ['五保', '低保'], '签约类型': '个人', '服务包选择': '基础服务包（2019版）', '签约医生': '村卫生院', '签约日期': [2025, 3, 4], '生效日期': [2025, 3, 5], '监护人姓名': '章三', '与乙方关系': '里斯本', '联系电话': '58667676', '身份证号': '310101198004110012'}}
2025-03-25 15:06:12,439 - ERROR - 失败 =>{'operate': '签约登记', 'data': {'身份证号': '310101198004110012', '性别': '男', '出生日期': [2025, 4, 11], '居民姓名': '章三', '手机号': '13534343435', '家庭住址': '上海浦东00号', '居民基本情况': ['五保', '低保'], '签约类型': '个人', '服务包选择': '基础服务包（2019版）', '签约医生': '村卫生院', '签约日期': [2025, 3, 4], '生效日期': [2025, 3, 5], '监护人姓名': '章三', '与乙方关系': '里斯本', '联系电话': '58667676'}}
2025-03-25 15:09:37,142 - ERROR - 失败 =>{'operate': '签约登记', 'data': {'身份证号': '310101198004110012', '性别': '男', '居民姓名': '章三', '手机号': '13534343435', '家庭住址': '上海浦东00号', '居民基本情况': ['五保', '低保'], '签约类型': '个人', '服务包选择': '基础服务包（2019版）', '签约医生': '村卫生院', '签约日期': [2025, 3, 4], '生效日期': [2025, 3, 5], '监护人姓名': '章三', '与乙方关系': '里斯本', '联系电话': '58667676'}}
2025-03-25 15:13:38,449 - ERROR - 失败 =>{'operate': '签约登记', 'data': {'身份证号': '310101198004110012', '性别': '男', '居民姓名': '章三', '手机号': '13534343435', '家庭住址': '上海浦东00号', '居民基本情况': ['五保', '低保'], '签约类型': '个人', '服务包选择': '基础服务包（2019版）', '签约医生': '村卫生院', '签约日期': [2025, 3, 4], '生效日期': [2025, 3, 5], '监护人姓名': '章三', '与乙方关系': '里斯本', '联系电话': '58667676'}}
2025-03-27 14:34:57,364 - INFO - 查询 => {'身份证号': '310101197712137029'}
2025-03-27 14:35:03,784 - INFO - {'operate': '新增签约', 'option': {'身份证号': '310101197712137029'}}
2025-03-27 14:35:23,008 - ERROR - 失败 =>{'operate': '新增居民签约', 'data': {'居民姓名': '章三', '手机号': '13534343435', '家庭住址': '上海浦东00号', '居民基本情况': ['五保', '低保'], '签约类型': '个人', '服务包选择': '基础服务包（2019版）', '签约医生': '村卫生院', '签约日期': [2025, 3, 4], '生效日期': [2025, 3, 5], '监护人姓名': '章三', '与乙方关系': '里斯本', '联系电话': '58667676', '身份证号': '310101198004110012'}}
2025-03-27 14:40:17,836 - INFO - 查询 => {'身份证号': '310101197712137029'}
2025-03-27 14:40:24,244 - INFO - {'operate': '新增签约', 'option': {'身份证号': '310101197712137029'}}
2025-03-27 14:40:43,451 - ERROR - 失败 =>{'operate': '新增居民签约', 'data': {'居民基本情况': ['65岁以上老年人', '低保'], '签约类型': '个人', '服务包选择': '51', '签约团队': 'testAuto', '签约日期': [2025, 3, 4], '生效日期': [2025, 3, 5]}}
2025-03-27 14:42:53,916 - INFO - 查询 => {'身份证号': '310101197712137029'}
2025-03-27 14:43:00,380 - INFO - {'operate': '新增签约', 'option': {'身份证号': '310101197712137029'}}
2025-03-27 14:43:27,511 - INFO - {'operate': '新增居民签约', 'data': {'居民基本情况': ['65岁以上老年人', '低保'], '签约类型': '个人', '服务包选择': '51', '签约团队': 'testAuto', '签约日期': [2025, 3, 4], '生效日期': [2025, 3, 5]}}
2025-03-27 14:49:51,764 - INFO - 查询 => {'身份证号': '310101197712137029'}
2025-03-27 14:49:58,189 - INFO - {'operate': '新增签约', 'option': {'身份证号': '310101197712137029'}}
2025-03-27 14:50:25,289 - INFO - {'operate': '新增居民签约', 'data': {'居民基本情况': ['65岁以上老年人', '低保'], '签约类型': '个人', '服务包选择': '51', '签约团队': 'testAuto', '签约日期': [2025, 3, 4], '生效日期': [2025, 3, 5]}}
