2025-03-24 10:37:45,543 - INFO - 查询 => {'管理机构': '招远市卫健局', '是否仅查询机构': '是', '姓名': '胡成', '年龄': [2, 5], '身份证号': '372922198510281068', '联系电话': '58776544', '档案状态': '在档'}
2025-03-24 10:40:16,462 - INFO - 查询 => {'管理机构': '招远市卫健局', '是否仅查询机构': '是', '姓名': '胡成', '年龄': [2, 5], '身份证号': '372922198510281068', '联系电话': '58776544', '档案状态': '在档'}
2025-03-24 10:45:43,302 - INFO - 查询 => {'身份证号': '370685199001012654'}
2025-03-24 10:45:49,673 - INFO - {'operate': '新增登记', 'option': {'身份证号': '370685199001012654'}}
2025-03-24 10:45:49,673 - ERROR - 失败 =>{'operate': '个人专项档案_脑卒中患者登记', 'data': {'脑卒中诊断': '脑出血', '诊断依据': 'CT', '诊断分类': '脑栓塞', '发病日期': [2025, 1, 2], '确认日期': [2025, 1, 3], '确诊医院': '阿里医院', '是否首次发病': '是', '登记日期': [2025, 1, 4], '开始管理时间': [2025, 1, 5]}}
2025-03-24 10:47:30,239 - INFO - 查询 => {'身份证号': '370685199001012654'}
2025-03-24 10:47:36,645 - INFO - {'operate': '新增登记', 'option': {'身份证号': '370685199001012654'}}
2025-03-24 10:47:36,845 - ERROR - 失败 =>{'operate': '个人专项档案_脑卒中患者登记', 'data': {'脑卒中诊断': '脑出血', '诊断依据': 'CT', '诊断分类': '脑栓塞', '发病日期': [2025, 1, 2], '确认日期': [2025, 1, 3], '确诊医院': '阿里医院', '是否首次发病': '是', '登记日期': [2025, 1, 4], '开始管理时间': [2025, 1, 5]}}
2025-03-24 10:49:36,826 - INFO - 查询 => {'身份证号': '370685199001012654'}
2025-03-24 10:49:43,163 - INFO - {'operate': '新增登记', 'option': {'身份证号': '370685199001012654'}}
2025-03-24 10:49:45,973 - ERROR - 失败 =>{'operate': '个人专项档案_脑卒中患者登记', 'data': {'脑卒中诊断': '脑出血', '诊断依据': 'CT', '诊断分类': '脑栓塞', '发病日期': [2025, 1, 2], '确认日期': [2025, 1, 3], '确诊医院': '阿里医院', '是否首次发病': '是', '登记日期': [2025, 1, 4], '开始管理时间': [2025, 1, 5]}}
2025-03-24 10:53:20,783 - INFO - 查询 => {'身份证号': '370685199001012654'}
2025-03-24 10:53:27,152 - INFO - {'operate': '新增登记', 'option': {'身份证号': '370685199001012654'}}
2025-03-24 10:53:29,914 - ERROR - 失败 =>{'operate': '个人专项档案_脑卒中患者登记', 'data': {'脑卒中诊断': '脑出血', '诊断依据': 'CT', '诊断分类': '脑栓塞', '发病日期': [2025, 1, 2], '确认日期': [2025, 1, 3], '确诊医院': '阿里医院', '是否首次发病': '是', '登记日期': [2025, 1, 4], '开始管理时间': [2025, 1, 5]}}
2025-03-24 10:55:40,889 - INFO - 查询 => {'身份证号': '370685199001012654'}
2025-03-24 10:55:47,302 - INFO - {'operate': '新增登记', 'option': {'身份证号': '370685199001012654'}}
2025-03-24 10:56:24,374 - INFO - {'operate': '个人专项档案_脑卒中患者登记', 'data': {'脑卒中诊断': '脑出血', '诊断依据': 'CT', '诊断分类': '脑栓塞', '发病日期': [2025, 1, 2], '确认日期': [2025, 1, 3], '确诊医院': '阿里医院', '是否首次发病': '是', '登记日期': [2025, 1, 4], '开始管理时间': [2025, 1, 5]}}
2025-03-24 11:01:23,510 - INFO - 查询 => {'身份证号': '370685199001012654'}
2025-03-24 11:01:29,883 - INFO - {'operate': '新增登记', 'option': {'身份证号': '370685199001012654'}}
2025-03-24 11:02:05,903 - ERROR - 失败 =>{'operate': '个人专项档案_脑卒中患者登记', 'data': {'脑卒中诊断': '脑出血', '诊断依据': 'CT', '诊断分类': '脑栓塞', '发病日期': [2025, 1, 2], '确认日期': [2025, 1, 3], '确诊医院': '阿里医院', '是否首次发病': '是', '登记日期': [2025, 1, 4], '开始管理时间': [2025, 1, 5]}}
