2025-03-25 09:58:56,610 - INFO - Received signal: SIGINT
2025-03-25 09:58:56,610 - INFO - Program is terminating...
2025-03-25 09:58:57,029 - WARNING - Retrying (Retry(total=2, connect=None, read=None, redirect=None, status=None)) after connection broken by 'NewConnectionError('<urllib3.connection.HTTPConnection object at 0x7f78a31154e0>: Failed to establish a new connection: [Errno 61] Connection refused')': /session/e18382f241b915cf4efe2521872cefd7/element
2025-03-25 09:58:57,032 - WARNING - Retrying (Retry(total=1, connect=None, read=None, redirect=None, status=None)) after connection broken by 'NewConnectionError('<urllib3.connection.HTTPConnection object at 0x7f78a3115c60>: Failed to establish a new connection: [Errno 61] Connection refused')': /session/e18382f241b915cf4efe2521872cefd7/element
2025-03-25 09:58:57,034 - WARNING - Retrying (Retry(total=0, connect=None, read=None, redirect=None, status=None)) after connection broken by 'NewConnectionError('<urllib3.connection.HTTPConnection object at 0x7f78a3115e40>: Failed to establish a new connection: [Errno 61] Connection refused')': /session/e18382f241b915cf4efe2521872cefd7/element
2025-03-25 09:58:57,039 - WARNING - Retrying (Retry(total=2, connect=None, read=None, redirect=None, status=None)) after connection broken by 'NewConnectionError('<urllib3.connection.HTTPConnection object at 0x7f78a3116260>: Failed to establish a new connection: [Errno 61] Connection refused')': /session/e18382f241b915cf4efe2521872cefd7/element
2025-03-25 09:58:57,042 - WARNING - Retrying (Retry(total=1, connect=None, read=None, redirect=None, status=None)) after connection broken by 'NewConnectionError('<urllib3.connection.HTTPConnection object at 0x7f78a3116440>: Failed to establish a new connection: [Errno 61] Connection refused')': /session/e18382f241b915cf4efe2521872cefd7/element
2025-03-25 09:58:57,044 - WARNING - Retrying (Retry(total=0, connect=None, read=None, redirect=None, status=None)) after connection broken by 'NewConnectionError('<urllib3.connection.HTTPConnection object at 0x7f78a31165f0>: Failed to establish a new connection: [Errno 61] Connection refused')': /session/e18382f241b915cf4efe2521872cefd7/element
2025-03-25 09:58:57,049 - WARNING - Retrying (Retry(total=2, connect=None, read=None, redirect=None, status=None)) after connection broken by 'NewConnectionError('<urllib3.connection.HTTPConnection object at 0x7f78a3116a10>: Failed to establish a new connection: [Errno 61] Connection refused')': /session/e18382f241b915cf4efe2521872cefd7/element
2025-03-25 09:58:57,052 - WARNING - Retrying (Retry(total=1, connect=None, read=None, redirect=None, status=None)) after connection broken by 'NewConnectionError('<urllib3.connection.HTTPConnection object at 0x7f78a3116bf0>: Failed to establish a new connection: [Errno 61] Connection refused')': /session/e18382f241b915cf4efe2521872cefd7/element
2025-03-25 09:58:57,054 - WARNING - Retrying (Retry(total=0, connect=None, read=None, redirect=None, status=None)) after connection broken by 'NewConnectionError('<urllib3.connection.HTTPConnection object at 0x7f78a3116da0>: Failed to establish a new connection: [Errno 61] Connection refused')': /session/e18382f241b915cf4efe2521872cefd7/element
2025-03-25 09:58:57,059 - WARNING - Retrying (Retry(total=2, connect=None, read=None, redirect=None, status=None)) after connection broken by 'NewConnectionError('<urllib3.connection.HTTPConnection object at 0x7f78a31171c0>: Failed to establish a new connection: [Errno 61] Connection refused')': /session/e18382f241b915cf4efe2521872cefd7/element
2025-03-25 09:58:57,062 - WARNING - Retrying (Retry(total=1, connect=None, read=None, redirect=None, status=None)) after connection broken by 'NewConnectionError('<urllib3.connection.HTTPConnection object at 0x7f78a31173a0>: Failed to establish a new connection: [Errno 61] Connection refused')': /session/e18382f241b915cf4efe2521872cefd7/element
2025-03-25 09:58:57,064 - WARNING - Retrying (Retry(total=0, connect=None, read=None, redirect=None, status=None)) after connection broken by 'NewConnectionError('<urllib3.connection.HTTPConnection object at 0x7f78a3117550>: Failed to establish a new connection: [Errno 61] Connection refused')': /session/e18382f241b915cf4efe2521872cefd7/element
2025-03-25 09:58:57,077 - WARNING - Retrying (Retry(total=2, connect=None, read=None, redirect=None, status=None)) after connection broken by 'NewConnectionError('<urllib3.connection.HTTPConnection object at 0x7f78a3117970>: Failed to establish a new connection: [Errno 61] Connection refused')': /session/e18382f241b915cf4efe2521872cefd7/element
2025-03-25 09:58:57,080 - WARNING - Retrying (Retry(total=1, connect=None, read=None, redirect=None, status=None)) after connection broken by 'NewConnectionError('<urllib3.connection.HTTPConnection object at 0x7f78a3117b50>: Failed to establish a new connection: [Errno 61] Connection refused')': /session/e18382f241b915cf4efe2521872cefd7/element
2025-03-25 09:58:57,083 - WARNING - Retrying (Retry(total=0, connect=None, read=None, redirect=None, status=None)) after connection broken by 'NewConnectionError('<urllib3.connection.HTTPConnection object at 0x7f78a3117d00>: Failed to establish a new connection: [Errno 61] Connection refused')': /session/e18382f241b915cf4efe2521872cefd7/element
2025-03-25 10:01:31,596 - INFO - Received signal: SIGINT
2025-03-25 10:01:31,597 - INFO - Program is terminating...
2025-03-25 10:01:31,970 - WARNING - Retrying (Retry(total=2, connect=None, read=None, redirect=None, status=None)) after connection broken by 'NewConnectionError('<urllib3.connection.HTTPConnection object at 0x7faa2e03d3c0>: Failed to establish a new connection: [Errno 61] Connection refused')': /session/3fccb4cb2d2b9c042b7cd7786568e343/element
2025-03-25 10:01:31,973 - WARNING - Retrying (Retry(total=1, connect=None, read=None, redirect=None, status=None)) after connection broken by 'NewConnectionError('<urllib3.connection.HTTPConnection object at 0x7faa2e03df90>: Failed to establish a new connection: [Errno 61] Connection refused')': /session/3fccb4cb2d2b9c042b7cd7786568e343/element
2025-03-25 10:01:31,975 - WARNING - Retrying (Retry(total=0, connect=None, read=None, redirect=None, status=None)) after connection broken by 'NewConnectionError('<urllib3.connection.HTTPConnection object at 0x7faa2e03e110>: Failed to establish a new connection: [Errno 61] Connection refused')': /session/3fccb4cb2d2b9c042b7cd7786568e343/element
2025-03-25 10:01:31,980 - WARNING - Retrying (Retry(total=2, connect=None, read=None, redirect=None, status=None)) after connection broken by 'NewConnectionError('<urllib3.connection.HTTPConnection object at 0x7faa2e03e530>: Failed to establish a new connection: [Errno 61] Connection refused')': /session/3fccb4cb2d2b9c042b7cd7786568e343/element
2025-03-25 10:01:31,982 - WARNING - Retrying (Retry(total=1, connect=None, read=None, redirect=None, status=None)) after connection broken by 'NewConnectionError('<urllib3.connection.HTTPConnection object at 0x7faa2e03e710>: Failed to establish a new connection: [Errno 61] Connection refused')': /session/3fccb4cb2d2b9c042b7cd7786568e343/element
2025-03-25 10:01:31,985 - WARNING - Retrying (Retry(total=0, connect=None, read=None, redirect=None, status=None)) after connection broken by 'NewConnectionError('<urllib3.connection.HTTPConnection object at 0x7faa2e03e8c0>: Failed to establish a new connection: [Errno 61] Connection refused')': /session/3fccb4cb2d2b9c042b7cd7786568e343/element
2025-03-25 10:01:49,706 - INFO - 查询 => {'身份证号': '110101199001012512'}
2025-03-25 10:08:09,243 - INFO - 查询 => {'身份证号': '110101199001012512'}
2025-03-25 10:08:15,915 - INFO - {'operate': '详情', 'option': {'身份证号': '110101199001012512'}}
2025-03-25 10:08:15,917 - INFO - {'operate': '高血脂随访记录', 'data': {}}
