2025-03-21 09:42:42,961 - INFO - 查询 => {'管理机构': '招远市卫健局', '是否仅查询机构': '是', '档案状态': '在档', '姓名': '胡成', '身份证号': '372922198510281068', '当年患者补充表': '是', '随访提醒分类': '常规随访', '三高分类': '两高', '现住址': ['泉山街道', '花园社区居民委员会', '123']}
2025-03-21 09:50:07,345 - ERROR - 查询 => 管理机构: 招远市卫健局
2025-03-21 09:50:07,354 - ERROR - 查询 => 是否仅查询机构: 是
2025-03-21 09:50:07,360 - ERROR - 查询 => 档案状态: 在档
2025-03-21 09:50:07,365 - ERROR - 查询 => 姓名: 胡成
2025-03-21 09:50:07,370 - ERROR - 查询 => 身份证号: 372922198510281068
2025-03-21 09:50:07,375 - ERROR - 查询 => 当年患者补充表: 是
2025-03-21 09:50:07,380 - ERROR - 查询 => 随访提醒分类: 常规随访
2025-03-21 09:50:07,385 - ERROR - 查询 => 现住址: ['泉山街道', '花园社区居民委员会', '123']
2025-03-21 09:50:38,015 - ERROR - 查询 => 三高分类: 两高
2025-03-21 09:50:57,446 - ERROR - 查询 => 现住址: ['泉山街道', '花园社区居民委员会', '123']
2025-03-21 09:50:57,449 - WARNING - Retrying (Retry(total=2, connect=None, read=None, redirect=None, status=None)) after connection broken by 'NewConnectionError('<urllib3.connection.HTTPConnection object at 0x7fd1ab158190>: Failed to establish a new connection: [Errno 61] Connection refused')': /session/85facb0bad94eb46be9399e56991e331/element
2025-03-21 09:50:57,452 - WARNING - Retrying (Retry(total=1, connect=None, read=None, redirect=None, status=None)) after connection broken by 'NewConnectionError('<urllib3.connection.HTTPConnection object at 0x7fd1ab158700>: Failed to establish a new connection: [Errno 61] Connection refused')': /session/85facb0bad94eb46be9399e56991e331/element
2025-03-21 09:50:57,454 - WARNING - Retrying (Retry(total=0, connect=None, read=None, redirect=None, status=None)) after connection broken by 'NewConnectionError('<urllib3.connection.HTTPConnection object at 0x7fd1ab1581f0>: Failed to establish a new connection: [Errno 61] Connection refused')': /session/85facb0bad94eb46be9399e56991e331/element
2025-03-21 09:50:57,461 - WARNING - Retrying (Retry(total=2, connect=None, read=None, redirect=None, status=None)) after connection broken by 'NewConnectionError('<urllib3.connection.HTTPConnection object at 0x7fd1ab158670>: Failed to establish a new connection: [Errno 61] Connection refused')': /session/85facb0bad94eb46be9399e56991e331/element
2025-03-21 09:50:57,463 - WARNING - Retrying (Retry(total=1, connect=None, read=None, redirect=None, status=None)) after connection broken by 'NewConnectionError('<urllib3.connection.HTTPConnection object at 0x7fd1ab158310>: Failed to establish a new connection: [Errno 61] Connection refused')': /session/85facb0bad94eb46be9399e56991e331/element
2025-03-21 09:50:57,466 - WARNING - Retrying (Retry(total=0, connect=None, read=None, redirect=None, status=None)) after connection broken by 'NewConnectionError('<urllib3.connection.HTTPConnection object at 0x7fd1ab158a60>: Failed to establish a new connection: [Errno 61] Connection refused')': /session/85facb0bad94eb46be9399e56991e331/element
2025-03-21 09:50:57,479 - WARNING - Retrying (Retry(total=2, connect=None, read=None, redirect=None, status=None)) after connection broken by 'NewConnectionError('<urllib3.connection.HTTPConnection object at 0x7fd1ab158e80>: Failed to establish a new connection: [Errno 61] Connection refused')': /session/85facb0bad94eb46be9399e56991e331/element
2025-03-21 09:50:57,482 - WARNING - Retrying (Retry(total=1, connect=None, read=None, redirect=None, status=None)) after connection broken by 'NewConnectionError('<urllib3.connection.HTTPConnection object at 0x7fd1ab159060>: Failed to establish a new connection: [Errno 61] Connection refused')': /session/85facb0bad94eb46be9399e56991e331/element
2025-03-21 09:50:57,485 - WARNING - Retrying (Retry(total=0, connect=None, read=None, redirect=None, status=None)) after connection broken by 'NewConnectionError('<urllib3.connection.HTTPConnection object at 0x7fd1ab159210>: Failed to establish a new connection: [Errno 61] Connection refused')': /session/85facb0bad94eb46be9399e56991e331/element
2025-03-21 09:50:57,495 - WARNING - Retrying (Retry(total=2, connect=None, read=None, redirect=None, status=None)) after connection broken by 'NewConnectionError('<urllib3.connection.HTTPConnection object at 0x7fd1ab1593c0>: Failed to establish a new connection: [Errno 61] Connection refused')': /session/85facb0bad94eb46be9399e56991e331/element
2025-03-21 09:50:57,497 - WARNING - Retrying (Retry(total=1, connect=None, read=None, redirect=None, status=None)) after connection broken by 'NewConnectionError('<urllib3.connection.HTTPConnection object at 0x7fd1ab1595a0>: Failed to establish a new connection: [Errno 61] Connection refused')': /session/85facb0bad94eb46be9399e56991e331/element
2025-03-21 09:50:57,500 - WARNING - Retrying (Retry(total=0, connect=None, read=None, redirect=None, status=None)) after connection broken by 'NewConnectionError('<urllib3.connection.HTTPConnection object at 0x7fd1ab159750>: Failed to establish a new connection: [Errno 61] Connection refused')': /session/85facb0bad94eb46be9399e56991e331/element
2025-03-21 09:50:57,504 - WARNING - Retrying (Retry(total=2, connect=None, read=None, redirect=None, status=None)) after connection broken by 'NewConnectionError('<urllib3.connection.HTTPConnection object at 0x7fd1ab159b70>: Failed to establish a new connection: [Errno 61] Connection refused')': /session/85facb0bad94eb46be9399e56991e331/element
2025-03-21 09:50:57,507 - WARNING - Retrying (Retry(total=1, connect=None, read=None, redirect=None, status=None)) after connection broken by 'NewConnectionError('<urllib3.connection.HTTPConnection object at 0x7fd1ab159d50>: Failed to establish a new connection: [Errno 61] Connection refused')': /session/85facb0bad94eb46be9399e56991e331/element
2025-03-21 09:50:57,509 - WARNING - Retrying (Retry(total=0, connect=None, read=None, redirect=None, status=None)) after connection broken by 'NewConnectionError('<urllib3.connection.HTTPConnection object at 0x7fd1ab159f00>: Failed to establish a new connection: [Errno 61] Connection refused')': /session/85facb0bad94eb46be9399e56991e331/element
2025-03-21 09:50:57,514 - WARNING - Retrying (Retry(total=2, connect=None, read=None, redirect=None, status=None)) after connection broken by 'NewConnectionError('<urllib3.connection.HTTPConnection object at 0x7fd1ab15a320>: Failed to establish a new connection: [Errno 61] Connection refused')': /session/85facb0bad94eb46be9399e56991e331/element
2025-03-21 09:50:57,516 - WARNING - Retrying (Retry(total=1, connect=None, read=None, redirect=None, status=None)) after connection broken by 'NewConnectionError('<urllib3.connection.HTTPConnection object at 0x7fd1ab15a500>: Failed to establish a new connection: [Errno 61] Connection refused')': /session/85facb0bad94eb46be9399e56991e331/element
2025-03-21 09:50:57,519 - WARNING - Retrying (Retry(total=0, connect=None, read=None, redirect=None, status=None)) after connection broken by 'NewConnectionError('<urllib3.connection.HTTPConnection object at 0x7fd1ab15a6b0>: Failed to establish a new connection: [Errno 61] Connection refused')': /session/85facb0bad94eb46be9399e56991e331/element
2025-03-21 09:50:57,524 - WARNING - Retrying (Retry(total=2, connect=None, read=None, redirect=None, status=None)) after connection broken by 'NewConnectionError('<urllib3.connection.HTTPConnection object at 0x7fd1ab15aad0>: Failed to establish a new connection: [Errno 61] Connection refused')': /session/85facb0bad94eb46be9399e56991e331/element
2025-03-21 09:50:57,527 - WARNING - Retrying (Retry(total=1, connect=None, read=None, redirect=None, status=None)) after connection broken by 'NewConnectionError('<urllib3.connection.HTTPConnection object at 0x7fd1ab15acb0>: Failed to establish a new connection: [Errno 61] Connection refused')': /session/85facb0bad94eb46be9399e56991e331/element
2025-03-21 09:50:57,530 - WARNING - Retrying (Retry(total=0, connect=None, read=None, redirect=None, status=None)) after connection broken by 'NewConnectionError('<urllib3.connection.HTTPConnection object at 0x7fd1ab15ae60>: Failed to establish a new connection: [Errno 61] Connection refused')': /session/85facb0bad94eb46be9399e56991e331/element
2025-03-21 09:50:57,534 - WARNING - Retrying (Retry(total=2, connect=None, read=None, redirect=None, status=None)) after connection broken by 'NewConnectionError('<urllib3.connection.HTTPConnection object at 0x7fd1ab15b280>: Failed to establish a new connection: [Errno 61] Connection refused')': /session/85facb0bad94eb46be9399e56991e331/element
2025-03-21 09:50:57,537 - WARNING - Retrying (Retry(total=1, connect=None, read=None, redirect=None, status=None)) after connection broken by 'NewConnectionError('<urllib3.connection.HTTPConnection object at 0x7fd1ab15b460>: Failed to establish a new connection: [Errno 61] Connection refused')': /session/85facb0bad94eb46be9399e56991e331/element
2025-03-21 09:50:57,539 - WARNING - Retrying (Retry(total=0, connect=None, read=None, redirect=None, status=None)) after connection broken by 'NewConnectionError('<urllib3.connection.HTTPConnection object at 0x7fd1ab15b610>: Failed to establish a new connection: [Errno 61] Connection refused')': /session/85facb0bad94eb46be9399e56991e331/element
2025-03-21 09:52:33,219 - ERROR - 查询 => 三高分类: 两高
2025-03-21 09:52:37,552 - ERROR - 查询 => 是否仅查询机构: 是
2025-03-21 09:52:37,557 - ERROR - 查询 => 档案状态: 在档
2025-03-21 09:52:37,563 - ERROR - 查询 => 姓名: 胡成
2025-03-21 09:52:37,569 - ERROR - 查询 => 身份证号: 372922198510281068
2025-03-21 09:52:37,574 - ERROR - 查询 => 当年患者补充表: 是
2025-03-21 09:52:37,580 - ERROR - 查询 => 随访提醒分类: 常规随访
2025-03-21 09:52:37,586 - ERROR - 查询 => 现住址: ['泉山街道', '花园社区居民委员会', '123']
2025-03-21 09:57:38,428 - ERROR - 查询 => 人群分类: ['糖尿病', '高血压']
2025-03-21 09:58:48,214 - ERROR - 查询 => 人群分类: ['糖尿病', '高血压']
2025-03-21 09:59:53,414 - ERROR - 查询 => 三高分类: 两高
2025-03-21 10:00:07,302 - INFO - Received signal: SIGINT
2025-03-21 10:00:07,302 - INFO - Program is terminating...
2025-03-21 10:00:55,801 - INFO - 查询 => {'管理机构': '招远市卫健局', '是否仅查询机构': '是', '档案状态': '在档', '姓名': '胡成', '身份证号': '372922198510281068', '当年患者补充表': '是', '随访提醒分类': '常规随访', '现住址': ['泉山街道', '花园社区居民委员会', '123']}
2025-03-21 10:02:04,890 - INFO - 查询 => {'管理机构': '招远市卫健局', '是否仅查询机构': '是', '档案状态': '在档', '姓名': '胡成', '身份证号': '372922198510281068', '当年患者补充表': '是', '随访提醒分类': '常规随访', '三高分类': '两高', '现住址': ['泉山街道', '花园社区居民委员会', '123']}
2025-03-21 10:02:55,239 - ERROR - 查询 => 三高分类: 两高
2025-03-21 10:03:18,927 - INFO - 查询 => {'管理机构': '招远市卫健局', '是否仅查询机构': '是', '档案状态': '在档', '姓名': '胡成', '身份证号': '372922198510281068', '当年患者补充表': '是', '随访提醒分类': '常规随访', '现住址': ['泉山街道', '花园社区居民委员会', '123']}
2025-03-21 10:04:10,779 - INFO - 查询 => {'管理机构': '招远市卫健局', '是否仅查询机构': '是', '档案状态': '在档', '姓名': '胡成', '身份证号': '372922198510281068', '当年患者补充表': '是', '随访提醒分类': '常规随访', '现住址': ['泉山街道', '花园社区居民委员会', '123']}
2025-03-21 10:07:49,174 - INFO - 查询 => {'身份证号': '372922198510281068'}
2025-03-21 10:09:50,963 - INFO - 查询 => {'身份证号': '372922198510281068'}
2025-03-21 10:09:55,478 - ERROR - 失败 =>{'operate': '随访', 'option': {'身份证号': '372922198510281068'}}
2025-03-21 10:11:03,670 - INFO - 查询 => {'身份证号': '372922198510281068'}
2025-03-21 10:11:08,183 - ERROR - 失败 =>{'operate': '随访', 'option': {'身份证号': '372922198510281068'}}
2025-03-21 10:12:08,217 - INFO - 查询 => {'身份证号': '110101199001012512'}
2025-03-21 10:12:12,817 - ERROR - 失败 =>{'operate': '随访', 'option': {'身份证号': '110101199001012512'}}
2025-03-21 10:16:15,682 - INFO - 查询 => {'身份证号': '110101199001012512'}
2025-03-21 10:16:20,201 - ERROR - 失败 =>{'operate': '随访', 'option': {'身份证号': '110101199001012512'}}
2025-03-21 10:17:14,826 - INFO - 查询 => {'身份证号': '110101199001012512'}
2025-03-21 10:17:19,291 - ERROR - 失败 =>{'operate': '随访', 'option': {'身份证号': '110101199001012512'}}
2025-03-21 10:18:29,471 - INFO - 查询 => {'身份证号': '110101199001012512'}
2025-03-21 10:18:34,001 - ERROR - 失败 =>{'operate': '随访', 'option': {'身份证号': '110101199001012512'}}
2025-03-21 10:19:32,357 - INFO - 查询 => {'身份证号': '37068500100100157'}
2025-03-21 10:19:36,663 - ERROR - 失败 =>{'operate': '随访', 'option': {'身份证号': '37068500100100157'}}
2025-03-21 10:20:11,412 - INFO - 查询 => {'身份证号': '372922198510281068'}
2025-03-21 10:20:15,890 - ERROR - 失败 =>{'operate': '随访', 'option': {'身份证号': '372922198510281068'}}
2025-03-21 10:24:32,705 - INFO - 查询 => {'身份证号': '110101199001012512'}
2025-03-21 10:24:37,420 - ERROR - 失败 =>{'operate': '随访', 'option': {'身份证号': '110101199001012512'}}
2025-03-21 10:28:51,065 - INFO - 查询 => {'身份证号': '110101199001012512'}
2025-03-21 10:28:55,621 - ERROR - 失败 =>{'operate': '随访', 'option': {'身份证号': '110101199001012512'}}
2025-03-21 10:31:14,756 - INFO - 查询 => {'身份证号': '110101199001012512'}
2025-03-21 10:31:21,407 - INFO - {'operate': '随访', 'option': {'身份证号': '110101199001012512'}}
2025-03-21 10:32:19,365 - INFO - 查询 => {'身份证号': '372922198510281068'}
2025-03-21 10:32:25,942 - INFO - {'operate': '随访', 'option': {'身份证号': '372922198510281068'}}
2025-03-21 11:42:07,449 - INFO - 查询 => {'身份证号': '372922198510281068'}
2025-03-21 11:42:14,079 - INFO - {'operate': '随访', 'option': {'身份证号': '372922198510281068'}}
2025-03-21 11:42:58,302 - ERROR - 失败 =>{'operate': '新增随访', 'data': {'数据回传公卫随访表': ['高血脂随访记录'], '随访日期': [2025, 2, 3], '随访方式': '其他', '高血压症状': ['恶心呕吐', {'其他': '123'}], '糖尿病症状': ['感染', {'其他': '33'}], '高血脂症状': ['失眠健忘', '口角歪斜'], '体征': {'血压': ['1', '2'], '体重': '3', '身高': '4', '腰围': '5', '心率': '6', '足背动脉搏动': '未触及', '其他体征': '7'}, '生活方式指导': {'日吸烟量': ['11', '22'], '日饮酒量': ['33', '44'], '运动': ['133', '244', '333', '444'], '日主食量': ['55', '544'], '摄盐量分级': ['晴', '中'], '心理调整': '差', '随访遵医行为评价': '一般'}, '用药依从性': '间断', '药物不良反应': ['无', '2323'], '低血糖反应': '偶尔', '辅助检查': {'空腹血糖值': '1', '糖化血红蛋白': '2323', 'TG': '91', 'TC': '81', 'HDL-C': '71', 'LDL-C': '51', '检查日期': [2025, 3, 4], '其他': '16'}, '本年度并发症筛查检查': ['心电图', '肝功能'], '本年度并发症评估结果': ['脑血管病变', '眼底病变'], '此次随访分类': {'高血脂患者': {'随访评价结果': '不良反应', '下一步管理措施': '紧急转诊', '下次随访日期': [2025, 1, 5]}}, '转诊情况': {'转诊标志': '有', '转诊医疗机构及科室': '2', '转诊原因': '122', '联系人': '12', '联系人电话': '58776566', '转诊结果': '到位', '备注': '雨雨雨'}, '居民签名': '章三'}}
2025-03-21 11:45:05,432 - INFO - 查询 => {'身份证号': '372922198510281068'}
2025-03-21 11:45:12,010 - INFO - {'operate': '随访', 'option': {'身份证号': '372922198510281068'}}
2025-03-21 11:45:56,202 - ERROR - 失败 =>{'operate': '新增随访', 'data': {'数据回传公卫随访表': ['高血脂随访记录'], '随访日期': [2025, 2, 3], '随访方式': '其他', '高血压症状': ['恶心呕吐', {'其他': '123'}], '糖尿病症状': ['感染', {'其他': '33'}], '高血脂症状': ['失眠健忘', '口角歪斜'], '体征': {'血压': ['1', '2'], '体重': '3', '身高': '4', '腰围': '5', '心率': '6', '足背动脉搏动': '未触及', '其他体征': '7'}, '生活方式指导': {'日吸烟量': ['11', '22'], '日饮酒量': ['33', '44'], '运动': ['133', '244', '333', '444'], '日主食量': ['55', '544'], '摄盐量分级': ['晴', '中'], '心理调整': '差', '随访遵医行为评价': '一般'}, '用药依从性': '间断', '药物不良反应': ['无', '2323'], '低血糖反应': '偶尔', '辅助检查': {'空腹血糖值': '1', '糖化血红蛋白': '2323', 'TG': '91', 'TC': '81', 'HDL-C': '71', 'LDL-C': '51', '检查日期': [2025, 3, 4], '其他': '16'}, '本年度并发症筛查检查': ['心电图', '肝功能'], '本年度并发症评估结果': ['脑血管病变', '眼底病变'], '此次随访分类': {'高血脂患者': {'随访评价结果': '不良反应', '下一步管理措施': '紧急转诊', '下次随访日期': [2025, 1, 5]}}, '转诊情况': {'转诊标志': '有', '转诊医疗机构及科室': '2', '转诊原因': '122', '联系人': '12', '联系人电话': '58776566', '转诊结果': '到位', '备注': '雨雨雨'}, '居民签名': '章三'}}
2025-03-21 11:48:00,239 - INFO - 查询 => {'身份证号': '372922198510281068'}
2025-03-21 11:48:06,813 - INFO - {'operate': '随访', 'option': {'身份证号': '372922198510281068'}}
2025-03-21 11:48:27,913 - ERROR - 失败 =>{'operate': '新增随访', 'data': {'数据回传公卫随访表': ['高血脂随访记录'], '随访日期': [2025, 2, 3], '随访方式': '其他', '高血压症状': ['恶心呕吐', {'其他': '123'}], '糖尿病症状': ['感染', {'其他': '33'}], '高血脂症状': ['失眠健忘', '口角歪斜'], '体征': {'血压': ['1', '2'], '体重': '3', '身高': '4', '腰围': '5', '心率': '6', '足背动脉搏动': '未触及', '其他体征': '7'}, '生活方式指导': {'日吸烟量': ['11', '22'], '日饮酒量': ['33', '44'], '运动': ['133', '244', '333', '444'], '日主食量': ['55', '544'], '摄盐量分级': ['晴', '中'], '心理调整': '差', '随访遵医行为评价': '一般'}, '用药依从性': '间断', '药物不良反应': ['无', '2323'], '低血糖反应': '偶尔', '辅助检查': {'空腹血糖值': '1', '糖化血红蛋白': '2323', 'TG': '91', 'TC': '81', 'HDL-C': '71', 'LDL-C': '51', '检查日期': [2025, 3, 4], '其他': '16'}, '本年度并发症筛查检查': ['心电图', '肝功能'], '本年度并发症评估结果': ['脑血管病变', '眼底病变'], '此次随访分类': {'高血脂患者': {'随访评价结果': '不良反应', '下一步管理措施': '紧急转诊', '下次随访日期': [2025, 1, 5]}}, '转诊情况': {'转诊标志': '有', '转诊医疗机构及科室': '2', '转诊原因': '122', '联系人': '12', '联系人电话': '58776566', '转诊结果': '到位', '备注': '雨雨雨'}, '居民签名': '章三'}}
2025-03-21 11:50:04,518 - INFO - 查询 => {'身份证号': '372922198510281068'}
2025-03-21 11:50:11,097 - INFO - {'operate': '随访', 'option': {'身份证号': '372922198510281068'}}
2025-03-21 11:50:32,536 - ERROR - 失败 =>{'operate': '新增随访', 'data': {'数据回传公卫随访表': ['高血脂随访记录'], '随访日期': [2025, 2, 3], '随访方式': '其他', '高血压症状': ['恶心呕吐', {'其他': '123'}], '糖尿病症状': ['感染', {'其他': '33'}], '高血脂症状': ['失眠健忘', '口角歪斜'], '体征': {'血压': ['1', '2'], '体重': ['3', '34'], '身高': '4', '腰围': '5', '心率': '6', '足背动脉搏动': '未触及', '其他体征': '7'}, '生活方式指导': {'日吸烟量': ['11', '22'], '日饮酒量': ['33', '44'], '运动': ['133', '244', '333', '444'], '日主食量': ['55', '544'], '摄盐量分级': ['晴', '中'], '心理调整': '差', '随访遵医行为评价': '一般'}, '用药依从性': '间断', '药物不良反应': ['无', '2323'], '低血糖反应': '偶尔', '辅助检查': {'空腹血糖值': '1', '糖化血红蛋白': '2323', 'TG': '91', 'TC': '81', 'HDL-C': '71', 'LDL-C': '51', '检查日期': [2025, 3, 4], '其他': '16'}, '本年度并发症筛查检查': ['心电图', '肝功能'], '本年度并发症评估结果': ['脑血管病变', '眼底病变'], '此次随访分类': {'高血脂患者': {'随访评价结果': '不良反应', '下一步管理措施': '紧急转诊', '下次随访日期': [2025, 1, 5]}}, '转诊情况': {'转诊标志': '有', '转诊医疗机构及科室': '2', '转诊原因': '122', '联系人': '12', '联系人电话': '58776566', '转诊结果': '到位', '备注': '雨雨雨'}, '居民签名': '章三'}}
2025-03-21 11:51:47,822 - INFO - 查询 => {'身份证号': '372922198510281068'}
2025-03-21 11:51:54,461 - INFO - {'operate': '随访', 'option': {'身份证号': '372922198510281068'}}
2025-03-21 11:52:18,277 - ERROR - 失败 =>{'operate': '新增随访', 'data': {'数据回传公卫随访表': ['高血脂随访记录'], '随访日期': [2025, 2, 3], '随访方式': '其他', '高血压症状': ['恶心呕吐', {'其他': '123'}], '糖尿病症状': ['感染', {'其他': '33'}], '高血脂症状': ['失眠健忘', '口角歪斜'], '体征': {'血压': ['1', '2'], '体重': ['3', '34'], '身高': '4', '腰围': '5', '心率': '6', '足背动脉搏动': '未触及', '其他体征': '7'}, '生活方式指导': {'日吸烟量': ['11', '22'], '日饮酒量': ['33', '44'], '运动': ['133', '244', '333', '444'], '日主食量': ['55', '544'], '摄盐量分级': ['晴', '中'], '心理调整': '差', '随访遵医行为评价': '一般'}, '用药依从性': '间断', '药物不良反应': ['无', '2323'], '低血糖反应': '偶尔', '辅助检查': {'空腹血糖值': '1', '糖化血红蛋白': '2323', 'TG': '91', 'TC': '81', 'HDL-C': '71', 'LDL-C': '51', '检查日期': [2025, 3, 4], '其他': '16'}, '本年度并发症筛查检查': ['心电图', '肝功能'], '本年度并发症评估结果': ['脑血管病变', '眼底病变'], '此次随访分类': {'高血脂患者': {'随访评价结果': '不良反应', '下一步管理措施': '紧急转诊', '下次随访日期': [2025, 1, 5]}}, '转诊情况': {'转诊标志': '有', '转诊医疗机构及科室': '2', '转诊原因': '122', '联系人': '12', '联系人电话': '58776566', '转诊结果': '到位', '备注': '雨雨雨'}, '居民签名': '章三'}}
2025-03-21 11:53:08,741 - INFO - 查询 => {'身份证号': '372922198510281068'}
2025-03-21 11:53:15,317 - INFO - {'operate': '随访', 'option': {'身份证号': '372922198510281068'}}
2025-03-21 11:53:40,195 - ERROR - 失败 =>{'operate': '新增随访', 'data': {'数据回传公卫随访表': ['高血脂随访记录'], '随访日期': [2025, 2, 3], '随访方式': '其他', '高血压症状': ['恶心呕吐', {'其他': '123'}], '糖尿病症状': ['感染', {'其他': '33'}], '高血脂症状': ['失眠健忘', '口角歪斜'], '体征': {'血压': ['1', '2'], '体重': ['3', '34'], '身高': '4', '腰围': '5', '心率': '6', '足背动脉搏动': '未触及', '其他体征': '7'}, '生活方式指导 ': {'日吸烟量': ['11', '22'], '日饮酒量': ['33', '44'], '运动': ['133', '244', '333', '444'], '日主食量': ['55', '544'], '摄盐量分级': ['晴', '中'], '心理调整': '差', '随访遵医行为评价': '一般'}, '用药依从性': '间断', '药物不良反应': ['无', '2323'], '低血糖反应': '偶尔', '辅助检查': {'空腹血糖值': '1', '糖化血红蛋白': '2323', 'TG': '91', 'TC': '81', 'HDL-C': '71', 'LDL-C': '51', '检查日期': [2025, 3, 4], '其他': '16'}, '本年度并发症筛查检查': ['心电图', '肝功能'], '本年度并发症评估结果': ['脑血管病变', '眼底病变'], '此次随访分类': {'高血脂患者': {'随访评价结果': '不良反应', '下一步管理措施': '紧急转诊', '下次随访日期': [2025, 1, 5]}}, '转诊情况': {'转诊标志': '有', '转诊医疗机构及科室': '2', '转诊原因': '122', '联系人': '12', '联系人电话': '58776566', '转诊结果': '到位', '备注': '雨雨雨'}, '居民签名': '章三'}}
2025-03-21 11:54:50,130 - INFO - 查询 => {'身份证号': '372922198510281068'}
2025-03-21 11:54:56,760 - INFO - {'operate': '随访', 'option': {'身份证号': '372922198510281068'}}
2025-03-21 11:55:28,399 - ERROR - 失败 =>{'operate': '新增随访', 'data': {'数据回传公卫随访表': ['高血脂随访记录'], '随访日期': [2025, 2, 3], '随访方式': '其他', '高血压症状': ['恶心呕吐', {'其他': '123'}], '糖尿病症状': ['感染', {'其他': '33'}], '高血脂症状': ['失眠健忘', '口角歪斜'], '体征': {'血压': ['1', '2'], '体重': ['3', '34'], '身高': '4', '腰围': '5', '心率': '6', '足背动脉搏动': '未触及', '其他体征': '7'}, '生活方式指导 ': {'日吸烟量': ['11', '22'], '日饮酒量': ['33', '44'], '运动': ['133', '244', '333', '444'], '日主食量': ['55', '544'], '摄盐量分级': ['轻', '中'], '心理调整': '差', '随访遵医行为评价': '一般'}, '用药依从性': '间断', '药物不良反应': ['无', '2323'], '低血糖反应': '偶尔', '辅助检查': {'空腹血糖值': '1', '糖化血红蛋白': '2323', 'TG': '91', 'TC': '81', 'HDL-C': '71', 'LDL-C': '51', '检查日期': [2025, 3, 4], '其他': '16'}, '本年度并发症筛查检查': ['心电图', '肝功能'], '本年度并发症评估结果': ['脑血管病变', '眼底病变'], '此次随访分类': {'高血脂患者': {'随访评价结果': '不良反应', '下一步管理措施': '紧急转诊', '下次随访日期': [2025, 1, 5]}}, '转诊情况': {'转诊标志': '有', '转诊医疗机构及科室': '2', '转诊原因': '122', '联系人': '12', '联系人电话': '58776566', '转诊结果': '到位', '备注': '雨雨雨'}, '居民签名': '章三'}}
2025-03-21 12:12:52,752 - INFO - 查询 => {'身份证号': '372922198510281068'}
2025-03-21 12:12:59,376 - INFO - {'operate': '随访', 'option': {'身份证号': '372922198510281068'}}
2025-03-21 12:13:47,868 - ERROR - 失败 =>{'operate': '新增随访', 'data': {'数据回传公卫随访表': ['高血脂随访记录'], '随访日期': [2025, 2, 3], '随访方式': '其他', '高血压症状': ['恶心呕吐', {'其他': '123'}], '糖尿病症状': ['感染', {'其他': '33'}], '高血脂症状': ['失眠健忘', '口角歪斜'], '体征': {'血压': ['1', '2'], '体重': ['3', '34'], '身高': '4', '腰围': '5', '心率': '6', '足背动脉搏动': '未触及', '其他体征': '7'}, '生活方式指导 ': {'日吸烟量': ['11', '22'], '日饮酒量': ['33', '44'], '运动': ['133', '244', '333', '444'], '日主食量': ['55', '544'], '摄盐量分级': ['轻', '中'], '心理调整': '差', '随访遵医行为评价': '一般'}, '用药依从性': '间断', '药物不良反应': ['无', '2323'], '低血糖反应': '偶尔', '辅助检查': {'空腹血糖值': '1', '糖化血红蛋白': '2323', 'TG': '91', 'TC': '81', 'HDL-C': '71', 'LDL-C': '51', '检查日期': [2025, 3, 4], '其他': '16'}, '本年度并发症筛查检查': ['心电图', '肝功能'], '本年度并发症评估结果': ['脑血管病变', '眼底病变'], '此次随访分类': {'高血脂患者': {'随访评价结果': '不良反应', '下一步管理措施': '紧急转诊', '下次随访日期': [2025, 1, 5]}}, '转诊情况': {'转诊标志': '有', '转诊医疗机构及科室': '2', '转诊原因': '122', '联系人': '12', '联系人电话': '58776566', '转诊结果': '到位', '备注': '雨雨雨'}, '居民签名': '章三'}}
2025-03-21 12:15:37,820 - INFO - 查询 => {'身份证号': '372922198510281068'}
2025-03-21 12:15:44,464 - INFO - {'operate': '随访', 'option': {'身份证号': '372922198510281068'}}
2025-03-21 12:15:56,352 - INFO - Received signal: SIGINT
2025-03-21 12:15:56,352 - INFO - Program is terminating...
2025-03-21 12:15:57,755 - WARNING - Retrying (Retry(total=2, connect=None, read=None, redirect=None, status=None)) after connection broken by 'NewConnectionError('<urllib3.connection.HTTPConnection object at 0x7f9196805390>: Failed to establish a new connection: [Errno 61] Connection refused')': /session/cd0fa4932f394b35695b8f5cc0460688/element/f.00D35057E7E739362A22594F30543C63.d.06876F6728E8D0C93C77A62F5505F58E.e.632/element
2025-03-21 12:15:57,758 - WARNING - Retrying (Retry(total=1, connect=None, read=None, redirect=None, status=None)) after connection broken by 'NewConnectionError('<urllib3.connection.HTTPConnection object at 0x7f9196805750>: Failed to establish a new connection: [Errno 61] Connection refused')': /session/cd0fa4932f394b35695b8f5cc0460688/element/f.00D35057E7E739362A22594F30543C63.d.06876F6728E8D0C93C77A62F5505F58E.e.632/element
2025-03-21 12:15:57,762 - WARNING - Retrying (Retry(total=0, connect=None, read=None, redirect=None, status=None)) after connection broken by 'NewConnectionError('<urllib3.connection.HTTPConnection object at 0x7f9196805930>: Failed to establish a new connection: [Errno 61] Connection refused')': /session/cd0fa4932f394b35695b8f5cc0460688/element/f.00D35057E7E739362A22594F30543C63.d.06876F6728E8D0C93C77A62F5505F58E.e.632/element
2025-03-21 12:15:57,768 - WARNING - Retrying (Retry(total=2, connect=None, read=None, redirect=None, status=None)) after connection broken by 'NewConnectionError('<urllib3.connection.HTTPConnection object at 0x7f9196805420>: Failed to establish a new connection: [Errno 61] Connection refused')': /session/cd0fa4932f394b35695b8f5cc0460688/element/f.00D35057E7E739362A22594F30543C63.d.06876F6728E8D0C93C77A62F5505F58E.e.632/element
2025-03-21 12:15:57,771 - WARNING - Retrying (Retry(total=1, connect=None, read=None, redirect=None, status=None)) after connection broken by 'NewConnectionError('<urllib3.connection.HTTPConnection object at 0x7f9196805de0>: Failed to establish a new connection: [Errno 61] Connection refused')': /session/cd0fa4932f394b35695b8f5cc0460688/element/f.00D35057E7E739362A22594F30543C63.d.06876F6728E8D0C93C77A62F5505F58E.e.632/element
2025-03-21 12:15:57,774 - WARNING - Retrying (Retry(total=0, connect=None, read=None, redirect=None, status=None)) after connection broken by 'NewConnectionError('<urllib3.connection.HTTPConnection object at 0x7f9196805d80>: Failed to establish a new connection: [Errno 61] Connection refused')': /session/cd0fa4932f394b35695b8f5cc0460688/element/f.00D35057E7E739362A22594F30543C63.d.06876F6728E8D0C93C77A62F5505F58E.e.632/element
2025-03-21 12:15:57,779 - WARNING - Retrying (Retry(total=2, connect=None, read=None, redirect=None, status=None)) after connection broken by 'NewConnectionError('<urllib3.connection.HTTPConnection object at 0x7f9196806050>: Failed to establish a new connection: [Errno 61] Connection refused')': /session/cd0fa4932f394b35695b8f5cc0460688/element/f.00D35057E7E739362A22594F30543C63.d.06876F6728E8D0C93C77A62F5505F58E.e.632/element
2025-03-21 12:15:57,782 - WARNING - Retrying (Retry(total=1, connect=None, read=None, redirect=None, status=None)) after connection broken by 'NewConnectionError('<urllib3.connection.HTTPConnection object at 0x7f91968062c0>: Failed to establish a new connection: [Errno 61] Connection refused')': /session/cd0fa4932f394b35695b8f5cc0460688/element/f.00D35057E7E739362A22594F30543C63.d.06876F6728E8D0C93C77A62F5505F58E.e.632/element
2025-03-21 12:15:57,784 - WARNING - Retrying (Retry(total=0, connect=None, read=None, redirect=None, status=None)) after connection broken by 'NewConnectionError('<urllib3.connection.HTTPConnection object at 0x7f9196806470>: Failed to establish a new connection: [Errno 61] Connection refused')': /session/cd0fa4932f394b35695b8f5cc0460688/element/f.00D35057E7E739362A22594F30543C63.d.06876F6728E8D0C93C77A62F5505F58E.e.632/element
2025-03-21 12:15:57,790 - WARNING - Retrying (Retry(total=2, connect=None, read=None, redirect=None, status=None)) after connection broken by 'NewConnectionError('<urllib3.connection.HTTPConnection object at 0x7f91968066e0>: Failed to establish a new connection: [Errno 61] Connection refused')': /session/cd0fa4932f394b35695b8f5cc0460688/element/f.00D35057E7E739362A22594F30543C63.d.06876F6728E8D0C93C77A62F5505F58E.e.632/element
2025-03-21 12:15:57,794 - WARNING - Retrying (Retry(total=1, connect=None, read=None, redirect=None, status=None)) after connection broken by 'NewConnectionError('<urllib3.connection.HTTPConnection object at 0x7f9196806950>: Failed to establish a new connection: [Errno 61] Connection refused')': /session/cd0fa4932f394b35695b8f5cc0460688/element/f.00D35057E7E739362A22594F30543C63.d.06876F6728E8D0C93C77A62F5505F58E.e.632/element
2025-03-21 12:15:57,796 - WARNING - Retrying (Retry(total=0, connect=None, read=None, redirect=None, status=None)) after connection broken by 'NewConnectionError('<urllib3.connection.HTTPConnection object at 0x7f9196806b00>: Failed to establish a new connection: [Errno 61] Connection refused')': /session/cd0fa4932f394b35695b8f5cc0460688/element/f.00D35057E7E739362A22594F30543C63.d.06876F6728E8D0C93C77A62F5505F58E.e.632/element
2025-03-21 12:15:57,803 - WARNING - Retrying (Retry(total=2, connect=None, read=None, redirect=None, status=None)) after connection broken by 'NewConnectionError('<urllib3.connection.HTTPConnection object at 0x7f9196806d70>: Failed to establish a new connection: [Errno 61] Connection refused')': /session/cd0fa4932f394b35695b8f5cc0460688/element/f.00D35057E7E739362A22594F30543C63.d.06876F6728E8D0C93C77A62F5505F58E.e.632/element
2025-03-21 12:15:57,806 - WARNING - Retrying (Retry(total=1, connect=None, read=None, redirect=None, status=None)) after connection broken by 'NewConnectionError('<urllib3.connection.HTTPConnection object at 0x7f9196806fe0>: Failed to establish a new connection: [Errno 61] Connection refused')': /session/cd0fa4932f394b35695b8f5cc0460688/element/f.00D35057E7E739362A22594F30543C63.d.06876F6728E8D0C93C77A62F5505F58E.e.632/element
2025-03-21 12:15:57,808 - WARNING - Retrying (Retry(total=0, connect=None, read=None, redirect=None, status=None)) after connection broken by 'NewConnectionError('<urllib3.connection.HTTPConnection object at 0x7f9196807190>: Failed to establish a new connection: [Errno 61] Connection refused')': /session/cd0fa4932f394b35695b8f5cc0460688/element/f.00D35057E7E739362A22594F30543C63.d.06876F6728E8D0C93C77A62F5505F58E.e.632/element
2025-03-21 12:15:57,811 - ERROR - 失败 =>{'operate': '新增随访', 'data': {'数据回传公卫随访表': ['高血压随访记录', '高血脂随访记录'], '随访日期': [2025, 2, 3], '随访方式': '其他', '高血压症状': ['恶心呕吐', {'其他': '123'}], '糖尿病症状': ['感染', {'其他': '33'}], '高血脂症状': ['失眠健忘', '口角歪斜'], '体征': {'血压': ['1', '2'], '体重': ['3', '34'], '身高': '4', '腰围': '5', '心率': '6', '足背动脉搏动': '未触及', '其他体征': '7'}, '生活方式指导 ': {'日吸烟量': ['11', '22'], '日饮酒量': ['33', '44'], '运动': ['133', '244', '333', '444'], '日主食量': ['55', '544'], '摄盐量分级': ['轻', '中'], '心理调整': '差', '随访遵医行为评价': '一般'}, '用药依从性': '间断', '药物不良反应': ['无', '2323'], '低血糖反应': '偶尔', '辅助检查': {'空腹血糖值': '1', '糖化血红蛋白': '2323', 'TG': '91', 'TC': '81', 'HDL-C': '71', 'LDL-C': '51', '检查日期': [2025, 3, 4], '其他': '16'}, '本年度并发症筛查检查': ['心电图', '肝功能'], '本年度并发症评估结果': ['脑血管病变', '眼底病变'], '此次随访分类': {'高血脂患者': {'随访评价结果': '不良反应', '下一步管理措施': '紧急转诊', '下次随访日期': [2025, 1, 5]}}, '转诊情况': {'转诊标志': '有', '转诊医疗机构及科室': '2', '转诊原因': '122', '联系人': '12', '联系人电话': '58776566', '转诊结果': '到位', '备注': '雨雨雨'}, '居民签名': '章三'}}
2025-03-21 12:46:33,394 - INFO - 查询 => {'身份证号': '372922198510281068'}
2025-03-21 12:46:40,024 - INFO - {'operate': '随访', 'option': {'身份证号': '372922198510281068'}}
2025-03-21 12:46:58,944 - INFO - Received signal: SIGINT
2025-03-21 12:46:58,946 - INFO - Program is terminating...
2025-03-21 12:49:06,481 - INFO - 查询 => {'身份证号': '372922198510281068'}
2025-03-21 12:49:13,112 - INFO - {'operate': '随访', 'option': {'身份证号': '372922198510281068'}}
2025-03-21 12:49:16,373 - ERROR - 失败 =>{'operate': '新增随访', 'data': {'数据回传公卫随访表': ['高血压随访记录', '高血脂随访记录'], '随访日期': [2025, 2, 3], '随访方式': '其他', '高血压症状': ['恶心呕吐', {'其他': '123'}], '糖尿病症状': ['感染', {'其他': '33'}], '高血脂症状': ['失眠健忘', '口角歪斜'], '体征': {'血压': ['1', '2'], '体重': ['3', '34'], '身高': '4', '腰围': '5', '心率': '6', '足背动脉搏动': '未触及', '其他体征': '7'}, '生活方式指导 ': {'日吸烟量': ['11', '22'], '日饮酒量': ['33', '44'], '运动': ['133', '244', '333', '444'], '日主食量': ['55', '544'], '摄盐量分级': ['轻', '中'], '心理调整': '差', '随访遵医行为评价': '一般'}, '用药依从性': '间断', '药物不良反应': ['无', '2323'], '低血糖反应': '偶尔', '辅助检查': {'空腹血糖值': '1', '糖化血红蛋白': '2323', 'TG': '91', 'TC': '81', 'HDL-C': '71', 'LDL-C': '51', '检查日期': [2025, 3, 4], '其他': '16'}, '本年度并发症筛查检查': ['心电图', '肝功能'], '本年度并发症评估结果': ['脑血管病变', '眼底病变'], '此次随访分类': {'高血脂患者': {'随访评价结果': '不良反应', '下一步管理措施': '紧急转诊', '下次随访日期': [2025, 1, 5]}}, '转诊情况': {'转诊标志': '有', '转诊医疗机构及科室': '2', '转诊原因': '122', '联系人': '12', '联系人电话': '58776566', '转诊结果': '到位', '备注': '雨雨雨'}, '居民签名': '章三'}}
2025-03-21 12:50:19,646 - INFO - 查询 => {'身份证号': '372922198510281068'}
2025-03-21 12:50:26,237 - INFO - {'operate': '随访', 'option': {'身份证号': '372922198510281068'}}
2025-03-21 12:51:20,063 - ERROR - 失败 =>{'operate': '新增随访', 'data': {'数据回传公卫随访表': ['高血压随访记录', '高血脂随访记录'], '随访日期': [2025, 2, 3], '随访方式': '其他', '高血压症状': ['恶心呕吐', {'其他': '123'}], '糖尿病症状': ['感染', {'其他': '33'}], '高血脂症状': ['失眠健忘', '口角歪斜'], '体征': {'血压': ['1', '2'], '体重': ['3', '34'], '身高': '4', '腰围': '5', '心率': '6', '足背动脉搏动': '未触及', '其他体征': '7'}, '生活方式指导 ': {'日吸烟量': ['11', '22'], '日饮酒量': ['33', '44'], '运动': ['133', '244', '333', '444'], '日主食量': ['55', '544'], '摄盐量分级': ['轻', '中'], '心理调整': '差', '随访遵医行为评价': '一般'}, '用药依从性': '间断', '药物不良反应': ['无', '2323'], '低血糖反应': '偶尔', '辅助检查': {'空腹血糖值': '1', '糖化血红蛋白': '2323', 'TG': '91', 'TC': '81', 'HDL-C': '71', 'LDL-C': '51', '检查日期': [2025, 3, 4], '其他': '16'}, '本年度并发症筛查检查': ['心电图', '肝功能'], '本年度并发症评估结果': ['脑血管病变', '眼底病变'], '此次随访分类': {'高血脂患者': {'随访评价结果': '不良反应', '下一步管理措施': '紧急转诊', '下次随访日期': [2025, 1, 5]}}, '转诊情况': {'转诊标志': '有', '转诊医疗机构及科室': '2', '转诊原因': '122', '联系人': '12', '联系人电话': '58776566', '转诊结果': '到位', '备注': '雨雨雨'}, '居民签名': '章三'}}
2025-03-21 13:11:57,290 - INFO - 查询 => {'身份证号': '372922198510281068'}
2025-03-21 13:12:03,927 - INFO - {'operate': '随访', 'option': {'身份证号': '372922198510281068'}}
2025-03-21 13:13:15,576 - ERROR - 失败 =>{'operate': '新增随访', 'data': {'数据回传公卫随访表': ['高血压随访记录', '高血脂随访记录'], '随访日期': [2025, 2, 3], '随访方式': '其他', '高血压症状': ['恶心呕吐', {'其他': '123'}], '糖尿病症状': ['感染', {'其他': '33'}], '高血脂症状': ['失眠健忘', '口角歪斜'], '体征': {'血压': ['1', '2'], '体重': ['3', '34'], '身高': '4', '腰围': '5', '心率': '6', '足背动脉搏动': '未触及', '其他体征': '7'}, '生活方式指导 ': {'日吸烟量': ['11', '22'], '日饮酒量': ['33', '44'], '运动': ['133', '244', '333', '444'], '日主食量': ['55', '544'], '摄盐量分级': ['轻', '中'], '心理调整': '差', '随访遵医行为评价': '一般'}, '用药依从性': '间断', '药物不良反应': ['无', '2323'], '低血糖反应': '偶尔', '辅助检查': {'空腹血糖值': '1', '糖化血红蛋白': '2323', 'TG': '91', 'TC': '81', 'HDL-C': '71', 'LDL-C': '51', '检查日期': [2025, 3, 4], '其他': '16'}, '本年度并发症筛查检查': ['心电图', '肝功能'], '本年度并发症评估结果': ['脑血管病变', '眼底病变'], '此次随访分类': [{'高血压患者': {'随访评价结果': '不良反应', '下一步管理措施': '紧急转诊', '下次随访日期': [2025, 1, 5]}}, {'高血脂患者': {'随访评价结果': '不良反应', '下一步管理措施': '紧急转诊', '下次随访日期': [2025, 1, 5]}}], '转诊情况': {'转诊标志': '有', '转诊医疗机构及科室': '2', '转诊原因': '122', '联系人': '12', '联系人电话': '58776566', '转诊结果': '到位', '备注': '雨雨雨'}, '居民签名': '章三'}}
2025-03-21 13:15:26,068 - INFO - 查询 => {'身份证号': '372922198510281068'}
2025-03-21 13:15:32,651 - INFO - {'operate': '随访', 'option': {'身份证号': '372922198510281068'}}
2025-03-21 13:16:48,285 - ERROR - 失败 =>{'operate': '新增随访', 'data': {'数据回传公卫随访表': ['高血压随访记录', '高血脂随访记录'], '随访日期': [2025, 2, 3], '随访方式': '其他', '高血压症状': ['恶心呕吐', {'其他': '123'}], '糖尿病症状': ['感染', {'其他': '33'}], '高血脂症状': ['失眠健忘', '口角歪斜'], '体征': {'血压': ['1', '2'], '体重': ['3', '34'], '身高': '4', '腰围': '5', '心率': '6', '足背动脉搏动': '未触及', '其他体征': '7'}, '生活方式指导 ': {'日吸烟量': ['11', '22'], '日饮酒量': ['33', '44'], '运动': ['133', '244', '333', '444'], '日主食量': ['55', '544'], '摄盐量分级': ['轻', '中'], '心理调整': '差', '随访遵医行为评价': '一般'}, '用药依从性': '间断', '药物不良反应': ['无', '2323'], '低血糖反应': '偶尔', '辅助检查': {'空腹血糖值': '1', '糖化血红蛋白': '2323', 'TG': '91', 'TC': '81', 'HDL-C': '71', 'LDL-C': '51', '检查日期': [2025, 3, 4], '其他': '16'}, '本年度并发症筛查检查': ['心电图', '肝功能'], '本年度并发症评估结果': ['脑血管病变', '眼底病变'], '此次随访分类': [{'高血压患者': {'随访评价结果': '不良反应', '下一步管理措施': '紧急转诊', '下次随访日期': [2025, 1, 5]}}, {'高血脂患者': {'随访评价结果': '不良反应', '下一步管理措施': '紧急转诊', '下次随访日期': [2025, 1, 5]}}], '转诊情况': {'转诊标志': '有', '转诊医疗机构及科室': '2', '转诊原因': '122', '联系人': '12', '联系人电话': '58776566', '转诊结果': '到位', '备注': '雨雨雨'}, '居民签名': '章三'}}
2025-03-21 13:18:27,331 - INFO - 查询 => {'身份证号': '372922198510281068'}
2025-03-21 13:18:33,915 - INFO - {'operate': '随访', 'option': {'身份证号': '372922198510281068'}}
2025-03-21 13:19:52,380 - ERROR - 失败 =>{'operate': '新增随访', 'data': {'数据回传公卫随访表': ['高血压随访记录', '高血脂随访记录'], '随访日期': [2025, 2, 3], '随访方式': '其他', '高血压症状': ['恶心呕吐', {'其他': '123'}], '糖尿病症状': ['感染', {'其他': '33'}], '高血脂症状': ['失眠健忘', '口角歪斜'], '体征': {'血压': ['1', '2'], '体重': ['3', '34'], '身高': '4', '腰围': '5', '心率': '6', '足背动脉搏动': '未触及', '其他体征': '7'}, '生活方式指导 ': {'日吸烟量': ['11', '22'], '日饮酒量': ['33', '44'], '运动': ['133', '244', '333', '444'], '日主食量': ['55', '544'], '摄盐量分级': ['轻', '中'], '心理调整': '差', '随访遵医行为评价': '一般'}, '用药依从性': '间断', '药物不良反应': ['无', '2323'], '低血糖反应': '偶尔', '辅助检查': {'空腹血糖值': '1', '糖化血红蛋白': '2323', 'TG': '91', 'TC': '81', 'HDL-C': '71', 'LDL-C': '51', '检查日期': [2025, 3, 4], '其他': '16'}, '本年度并发症筛查检查': ['心电图', '肝功能'], '本年度并发症评估结果': ['脑血管病变', '眼底病变'], '此次随访分类': [{'高血压患者': {'随访评价结果': '不良反应', '下一步管理措施': '紧急转诊', '下次随访日期': [2025, 1, 5]}}, {'高血脂患者': {'随访评价结果': '不良反应', '下一步管理措施': '紧急转诊', '下次随访日期': [2025, 1, 5]}}], '转诊情况 ': {'转诊标志': '有', '转诊医疗机构及科室': '2', '转诊原因': '122', '联系人': '12', '联系人电话': '58776566', '转诊结果': '到位', '备注': '雨雨雨'}, '居民签名': '章三'}}
2025-03-21 13:21:22,320 - INFO - 查询 => {'身份证号': '372922198510281068'}
2025-03-21 13:21:28,953 - INFO - {'operate': '随访', 'option': {'身份证号': '372922198510281068'}}
2025-03-21 13:22:50,290 - INFO - {'operate': '新增随访', 'data': {'数据回传公卫随访表': ['高血压随访记录', '高血脂随访记录'], '随访日期': [2025, 2, 3], '随访方式': '其他', '高血压症状': ['恶心呕吐', {'其他': '123'}], '糖尿病症状': ['感染', {'其他': '33'}], '高血脂症状': ['失眠健忘', '口角歪斜'], '体征': {'血压': ['1', '2'], '体重': ['3', '34'], '身高': '4', '腰围': '5', '心率': '6', '足背动脉搏动': '未触及', '其他体征': '7'}, '生活方式指导 ': {'日吸烟量': ['11', '22'], '日饮酒量': ['33', '44'], '运动': ['133', '244', '333', '444'], '日主食量': ['55', '544'], '摄盐量分级': ['轻', '中'], '心理调整': '差', '随访遵医行为评价': '一般'}, '用药依从性': '间断', '药物不良反应': ['无', '2323'], '低血糖反应': '偶尔', '辅助检查': {'空腹血糖值': '1', '糖化血红蛋白': '2323', 'TG': '91', 'TC': '81', 'HDL-C': '71', 'LDL-C': '51', '检查日期': [2025, 3, 4], '其他': '16'}, '本年度并发症筛查检查': ['心电图', '肝功能'], '本年度并发症评估结果': ['脑血管病变', '眼底病变'], '此次随访分类': [{'高血压患者': {'随访评价结果': '不良反应', '下一步管理措施': '紧急转诊', '下次随访日期': [2025, 1, 5]}}, {'高血脂患者': {'随访评价结果': '不良反应', '下一步管理措施': '紧急转诊', '下次随访日期': [2025, 1, 5]}}], '转诊情况 ': {'转诊标志': '有', '转诊医疗机构及科室': '2', '转诊原因': '122', '联系人': '12', '联系人电话': '58776566', '转诊结果': '到位', '备注': '雨雨雨'}, '居民签名': '章三'}}
2025-03-21 13:33:22,366 - INFO - 查询 => {'身份证号': '372922198510281068'}
2025-03-21 13:33:26,836 - ERROR - 失败 =>{'operate': '编辑', 'option': {'身份证号': '370685198705183027'}}
2025-03-21 13:33:26,836 - INFO - {'operate': '编辑', 'data': {' 风险评估方式 ': '总体风险评估', ' 风险评估结果 ': '高危', ' 享受医保政策情况 ': '大病统筹', ' 医保定点医院 ': ['基层医疗卫生机构', '444'], ' 靶器官 ': {' 是否筛查 ': '是', ' 筛查日期 ': [2025, 1, 3], ' 筛查机构 ': '百慕大三角', ' 筛查内容 ': ['眼', {'其他': '123'}]}, ' 患者最关注并希望得到支持的方面 ': ['心理干预', {'其他': '456'}], ' 居家健康支持 ': ['血糖仪', {'家庭成员支持帮助': '123123'}], ' 自我管理小组 ': {'已参加(组员)': ['ee', 'rr', '完成1期任务']}, ' 填表日期 ': [2025, 1, 6]}}
