[2026-02-14T13:09:19.295+0800] {local_task_job_runner.py:123} INFO - ::group::Pre task execution logs
[2026-02-14T13:09:19.313+0800] {taskinstance.py:2631} INFO - Dependencies all met for dep_context=non-requeueable deps ti=<TaskInstance: branch_task_data_quality.branch_check_quality scheduled__2026-02-14T04:00:00+00:00 [queued]>
[2026-02-14T13:09:19.320+0800] {taskinstance.py:2631} INFO - Dependencies all met for dep_context=requeueable deps ti=<TaskInstance: branch_task_data_quality.branch_check_quality scheduled__2026-02-14T04:00:00+00:00 [queued]>
[2026-02-14T13:09:19.320+0800] {taskinstance.py:2884} INFO - Starting attempt 1 of 2
[2026-02-14T13:09:19.332+0800] {taskinstance.py:2907} INFO - Executing <Task(BranchPythonOperator): branch_check_quality> on 2026-02-14 04:00:00+00:00
[2026-02-14T13:09:19.335+0800] {standard_task_runner.py:72} INFO - Started process 5146 to run task
[2026-02-14T13:09:19.345+0800] {standard_task_runner.py:104} INFO - Running: ['airflow', 'tasks', 'run', 'branch_task_data_quality', 'branch_check_quality', 'scheduled__2026-02-14T04:00:00+00:00', '--job-id', '115', '--raw', '--subdir', 'DAGS_FOLDER/分支任务动态下游/branchDAG.py', '--cfg-path', '/var/folders/f7/4z7jtb213fs0mtgbw_0vs2600000gn/T/tmpnqhitgtv']
[2026-02-14T13:09:19.351+0800] {standard_task_runner.py:105} INFO - Job 115: Subtask branch_check_quality
[2026-02-14T13:09:19.402+0800] {task_command.py:467} INFO - Running <TaskInstance: branch_task_data_quality.branch_check_quality scheduled__2026-02-14T04:00:00+00:00 [running]> on host localhost-2.local
[2026-02-14T13:09:19.651+0800] {taskinstance.py:3157} INFO - Exporting env vars: AIRFLOW_CTX_DAG_OWNER='data_team' AIRFLOW_CTX_DAG_ID='branch_task_data_quality' AIRFLOW_CTX_TASK_ID='branch_check_quality' AIRFLOW_CTX_EXECUTION_DATE='2026-02-14T04:00:00+00:00' AIRFLOW_CTX_TRY_NUMBER='1' AIRFLOW_CTX_DAG_RUN_ID='scheduled__2026-02-14T04:00:00+00:00'
[2026-02-14T13:09:19.652+0800] {taskinstance.py:740} INFO - ::endgroup::
[2026-02-14T13:09:19.673+0800] {baseoperator.py:423} WARNING - BranchPythonOperator.execute cannot be called outside TaskInstance!
[2026-02-14T13:09:19.681+0800] {python.py:240} INFO - Done. Returned value was: task_process_normal
[2026-02-14T13:09:19.681+0800] {branch.py:38} INFO - Branch into task_process_normal
[2026-02-14T13:09:19.682+0800] {skipmixin.py:233} INFO - Following branch ('task_process_normal',)
[2026-02-14T13:09:19.689+0800] {skipmixin.py:281} INFO - Skipping tasks [('task_process_warning', -1), ('task_process_error', -1)]
[2026-02-14T13:09:19.707+0800] {taskinstance.py:349} INFO - ::group::Post task execution logs
[2026-02-14T13:09:19.708+0800] {taskinstance.py:361} INFO - Marking task as SUCCESS. dag_id=branch_task_data_quality, task_id=branch_check_quality, run_id=scheduled__2026-02-14T04:00:00+00:00, execution_date=20260214T040000, start_date=20260214T050919, end_date=20260214T050919
[2026-02-14T13:09:19.747+0800] {local_task_job_runner.py:266} INFO - Task exited with return code 0
[2026-02-14T13:09:19.777+0800] {taskinstance.py:3924} INFO - 1 downstream tasks scheduled from follow-on schedule check
[2026-02-14T13:09:19.781+0800] {local_task_job_runner.py:245} INFO - ::endgroup::
