[2026-02-27T13:31:51.351+0800] {local_task_job_runner.py:123} INFO - ::group::Pre task execution logs
[2026-02-27T13:31:51.370+0800] {taskinstance.py:2631} INFO - Dependencies all met for dep_context=non-requeueable deps ti=<TaskInstance: cdrd_主控测试流程.调试信息收集 manual__2026-02-27T05:31:42.617986+00:00 [queued]>
[2026-02-27T13:31:51.378+0800] {taskinstance.py:2631} INFO - Dependencies all met for dep_context=requeueable deps ti=<TaskInstance: cdrd_主控测试流程.调试信息收集 manual__2026-02-27T05:31:42.617986+00:00 [queued]>
[2026-02-27T13:31:51.379+0800] {taskinstance.py:2884} INFO - Starting attempt 1 of 2
[2026-02-27T13:31:51.392+0800] {taskinstance.py:2907} INFO - Executing <Task(PythonOperator): 调试信息收集> on 2026-02-27 05:31:42.617986+00:00
[2026-02-27T13:31:51.395+0800] {standard_task_runner.py:72} INFO - Started process 12307 to run task
[2026-02-27T13:31:51.402+0800] {standard_task_runner.py:104} INFO - Running: ['airflow', 'tasks', 'run', 'cdrd_主控测试流程', '调试信息收集', 'manual__2026-02-27T05:31:42.617986+00:00', '--job-id', '486', '--raw', '--subdir', 'DAGS_FOLDER/tag_CDRD/cdrd_主控测试流程.py', '--cfg-path', '/var/folders/f7/4z7jtb213fs0mtgbw_0vs2600000gn/T/tmpt2a0f73a']
[2026-02-27T13:31:51.406+0800] {standard_task_runner.py:105} INFO - Job 486: Subtask 调试信息收集
[2026-02-27T13:31:51.454+0800] {task_command.py:467} INFO - Running <TaskInstance: cdrd_主控测试流程.调试信息收集 manual__2026-02-27T05:31:42.617986+00:00 [running]> on host localhost-2.local
[2026-02-27T13:31:51.765+0800] {taskinstance.py:3157} INFO - Exporting env vars: AIRFLOW_CTX_DAG_OWNER='airflow' AIRFLOW_CTX_DAG_ID='cdrd_主控测试流程' AIRFLOW_CTX_TASK_ID='调试信息收集' AIRFLOW_CTX_EXECUTION_DATE='2026-02-27T05:31:42.617986+00:00' AIRFLOW_CTX_TRY_NUMBER='1' AIRFLOW_CTX_DAG_RUN_ID='manual__2026-02-27T05:31:42.617986+00:00'
[2026-02-27T13:31:51.766+0800] {taskinstance.py:740} INFO - ::endgroup::
[2026-02-27T13:31:51.786+0800] {logging_mixin.py:190} INFO - ==================================================
[2026-02-27T13:31:51.787+0800] {logging_mixin.py:190} INFO - 【调试信息】开始收集执行环境信息...
[2026-02-27T13:31:51.787+0800] {logging_mixin.py:190} INFO - ==================================================
[2026-02-27T13:31:51.788+0800] {logging_mixin.py:190} INFO - Execution Date: 2026-02-27 05:31:42.617986+00:00
[2026-02-27T13:31:51.788+0800] {logging_mixin.py:190} INFO - Run ID: manual__2026-02-27T05:31:42.617986+00:00
[2026-02-27T13:31:51.789+0800] {logging_mixin.py:190} INFO - DAG Run ID: manual__2026-02-27T05:31:42.617986+00:00
[2026-02-27T13:31:51.789+0800] {logging_mixin.py:190} INFO - ✅ 调试信息收集完成
[2026-02-27T13:31:51.789+0800] {python.py:240} INFO - Done. Returned value was: {'execution_date': '2026-02-27 05:31:42.617986+00:00', 'run_id': 'manual__2026-02-27T05:31:42.617986+00:00', 'status': 'debug_completed'}
[2026-02-27T13:31:51.805+0800] {taskinstance.py:349} INFO - ::group::Post task execution logs
[2026-02-27T13:31:51.806+0800] {taskinstance.py:361} INFO - Marking task as SUCCESS. dag_id=cdrd_主控测试流程, task_id=调试信息收集, run_id=manual__2026-02-27T05:31:42.617986+00:00, execution_date=20260227T053142, start_date=20260227T053151, end_date=20260227T053151
[2026-02-27T13:31:51.852+0800] {local_task_job_runner.py:266} INFO - Task exited with return code 0
[2026-02-27T13:31:51.885+0800] {taskinstance.py:3924} INFO - 1 downstream tasks scheduled from follow-on schedule check
[2026-02-27T13:31:51.887+0800] {local_task_job_runner.py:245} INFO - ::endgroup::
