[2026-02-28T13:47:20.120+0800] {local_task_job_runner.py:123} INFO - ::group::Pre task execution logs
[2026-02-28T13:47:20.137+0800] {taskinstance.py:2631} INFO - Dependencies all met for dep_context=non-requeueable deps ti=<TaskInstance: cdrd_新增用户.新增用户 manual__2026-02-28T05:46:59.649666+00:00 [queued]>
[2026-02-28T13:47:20.144+0800] {taskinstance.py:2631} INFO - Dependencies all met for dep_context=requeueable deps ti=<TaskInstance: cdrd_新增用户.新增用户 manual__2026-02-28T05:46:59.649666+00:00 [queued]>
[2026-02-28T13:47:20.144+0800] {taskinstance.py:2884} INFO - Starting attempt 1 of 1
[2026-02-28T13:47:20.158+0800] {taskinstance.py:2907} INFO - Executing <Task(PythonOperator): 新增用户> on 2026-02-28 05:46:59.649666+00:00
[2026-02-28T13:47:20.161+0800] {standard_task_runner.py:72} INFO - Started process 14612 to run task
[2026-02-28T13:47:20.169+0800] {standard_task_runner.py:104} INFO - Running: ['airflow', 'tasks', 'run', 'cdrd_新增用户', '新增用户', 'manual__2026-02-28T05:46:59.649666+00:00', '--job-id', '645', '--raw', '--subdir', 'DAGS_FOLDER/tag_CDRD/系统管理/用户管理/dag_新增用户.py', '--cfg-path', '/var/folders/f7/4z7jtb213fs0mtgbw_0vs2600000gn/T/tmpujrcgxjt']
[2026-02-28T13:47:20.173+0800] {standard_task_runner.py:105} INFO - Job 645: Subtask 新增用户
[2026-02-28T13:47:20.222+0800] {task_command.py:467} INFO - Running <TaskInstance: cdrd_新增用户.新增用户 manual__2026-02-28T05:46:59.649666+00:00 [running]> on host localhost-2.local
[2026-02-28T13:47:20.302+0800] {taskinstance.py:3157} INFO - Exporting env vars: AIRFLOW_CTX_DAG_OWNER='airflow' AIRFLOW_CTX_DAG_ID='cdrd_新增用户' AIRFLOW_CTX_TASK_ID='新增用户' AIRFLOW_CTX_EXECUTION_DATE='2026-02-28T05:46:59.649666+00:00' AIRFLOW_CTX_TRY_NUMBER='1' AIRFLOW_CTX_DAG_RUN_ID='manual__2026-02-28T05:46:59.649666+00:00'
[2026-02-28T13:47:20.304+0800] {taskinstance.py:740} INFO - ::endgroup::
[2026-02-28T13:47:20.325+0800] {logging_mixin.py:190} INFO - ==================================================
[2026-02-28T13:47:20.326+0800] {logging_mixin.py:190} INFO - 【消费者1】开始执行系统管理-用户管理测试用例...
[2026-02-28T13:47:20.326+0800] {logging_mixin.py:190} INFO - ==================================================
[2026-02-28T13:47:20.333+0800] {logging_mixin.py:190} INFO - 从XCom获取到的测试用例数据: 1 条
[2026-02-28T13:47:20.334+0800] {logging_mixin.py:190} INFO - 准备执行Playwright脚本: /Users/linghuchong/Downloads/51/Python/project/instance/zyjk/CDRD/web/系统管理/用户管理/新增用户.py
[2026-02-28T13:47:20.751+0800] {logging_mixin.py:190} INFO - 随机生成测试数据: [['马秀云', '18644718320', 'xiulan50@example.net', '497924', '613339']]
[2026-02-28T13:47:20.752+0800] {logging_mixin.py:190} INFO - ✅ 找到run_playwright函数，开始执行...
[2026-02-28T13:47:22.709+0800] {logging_mixin.py:190} INFO - off
[2026-02-28T13:47:28.813+0800] {logging_mixin.py:190} INFO - off
[2026-02-28T13:47:29.086+0800] {logging_mixin.py:190} INFO - off
[2026-02-28T13:47:29.100+0800] {logging_mixin.py:190} INFO - Playwright执行结果: {'nick_name': '马秀云', 'phonenumber': '18644718320', 'email': 'xiulan50@example.net', 'user_name': '497924', 'job_num': '613339'}
[2026-02-28T13:47:29.101+0800] {logging_mixin.py:190} INFO - 正则替换结果: [{"k": "select count(*) as qty from sys_user where job_num='613339'", "v": 1},{"k": "select count(*) as qty from sys_user where user_name='497924'", "v":1}]
[2026-02-28T13:47:29.101+0800] {logging_mixin.py:190} INFO - 解析后的验证数据: [{'k': "select count(*) as qty from sys_user where job_num='613339'", 'v': 1}, {'k': "select count(*) as qty from sys_user where user_name='497924'", 'v': 1}]
[2026-02-28T13:47:29.108+0800] {logging_mixin.py:190} INFO - ✅ 断言通过
[2026-02-28T13:47:29.208+0800] {logging_mixin.py:190} INFO - ✅ 断言通过
[2026-02-28T13:47:29.280+0800] {python.py:240} INFO - Done. Returned value was: None
[2026-02-28T13:47:29.290+0800] {taskinstance.py:349} INFO - ::group::Post task execution logs
[2026-02-28T13:47:29.291+0800] {taskinstance.py:361} INFO - Marking task as SUCCESS. dag_id=cdrd_新增用户, task_id=新增用户, run_id=manual__2026-02-28T05:46:59.649666+00:00, execution_date=20260228T054659, start_date=20260228T054720, end_date=20260228T054729
[2026-02-28T13:47:29.354+0800] {local_task_job_runner.py:266} INFO - Task exited with return code 0
[2026-02-28T13:47:29.393+0800] {taskinstance.py:3924} INFO - 1 downstream tasks scheduled from follow-on schedule check
[2026-02-28T13:47:29.395+0800] {local_task_job_runner.py:245} INFO - ::endgroup::
