[2026-02-28T20:52:20.588+0800] {local_task_job_runner.py:123} INFO - ::group::Pre task execution logs
[2026-02-28T20:52:20.601+0800] {taskinstance.py:2631} INFO - Dependencies all met for dep_context=non-requeueable deps ti=<TaskInstance: cdrd_新增角色_编辑角色_并.收尾工作 manual__2026-02-28T12:52:14.037710+00:00 [queued]>
[2026-02-28T20:52:20.608+0800] {taskinstance.py:2631} INFO - Dependencies all met for dep_context=requeueable deps ti=<TaskInstance: cdrd_新增角色_编辑角色_并.收尾工作 manual__2026-02-28T12:52:14.037710+00:00 [queued]>
[2026-02-28T20:52:20.608+0800] {taskinstance.py:2884} INFO - Starting attempt 1 of 1
[2026-02-28T20:52:20.621+0800] {taskinstance.py:2907} INFO - Executing <Task(PythonOperator): 收尾工作> on 2026-02-28 12:52:14.037710+00:00
[2026-02-28T20:52:20.624+0800] {standard_task_runner.py:72} INFO - Started process 4022 to run task
[2026-02-28T20:52:20.631+0800] {standard_task_runner.py:104} INFO - Running: ['airflow', 'tasks', 'run', 'cdrd_新增角色_编辑角色_并', '收尾工作', 'manual__2026-02-28T12:52:14.037710+00:00', '--job-id', '721', '--raw', '--subdir', 'DAGS_FOLDER/tag_CDRD/系统管理/角色管理/dag_新增角色_编辑角色_并.py', '--cfg-path', '/var/folders/f7/4z7jtb213fs0mtgbw_0vs2600000gn/T/tmp72ec585r']
[2026-02-28T20:52:20.635+0800] {standard_task_runner.py:105} INFO - Job 721: Subtask 收尾工作
[2026-02-28T20:52:20.683+0800] {task_command.py:467} INFO - Running <TaskInstance: cdrd_新增角色_编辑角色_并.收尾工作 manual__2026-02-28T12:52:14.037710+00:00 [running]> on host localhost-2.local
[2026-02-28T20:52:20.759+0800] {taskinstance.py:3157} INFO - Exporting env vars: AIRFLOW_CTX_DAG_OWNER='airflow' AIRFLOW_CTX_DAG_ID='cdrd_新增角色_编辑角色_并' AIRFLOW_CTX_TASK_ID='收尾工作' AIRFLOW_CTX_EXECUTION_DATE='2026-02-28T12:52:14.037710+00:00' AIRFLOW_CTX_TRY_NUMBER='1' AIRFLOW_CTX_DAG_RUN_ID='manual__2026-02-28T12:52:14.037710+00:00'
[2026-02-28T20:52:20.761+0800] {taskinstance.py:740} INFO - ::endgroup::
[2026-02-28T20:52:20.778+0800] {logging_mixin.py:190} INFO - ==================================================
[2026-02-28T20:52:20.779+0800] {logging_mixin.py:190} INFO - 【收尾工作】开始汇总测试结果...
[2026-02-28T20:52:20.779+0800] {logging_mixin.py:190} INFO - ==================================================
[2026-02-28T20:52:20.784+0800] {logging_mixin.py:190} INFO - 消费者结果: None
[2026-02-28T20:52:20.869+0800] {logging_mixin.py:190} INFO - ==================================================
[2026-02-28T20:52:20.870+0800] {logging_mixin.py:190} INFO - 【收尾工作】测试执行汇总 - 总计:0,通过:0,失败:0
[2026-02-28T20:52:20.870+0800] {logging_mixin.py:190} INFO - ==================================================
[2026-02-28T20:52:20.871+0800] {python.py:240} INFO - Done. Returned value was: {'summary': '总计:0,通过:0,失败:0', 'total_tests': 0, 'total_success': 0, 'total_fail': 0, 'execution_time': '2026-02-28 20:52:20', 'detailed_results': None}
[2026-02-28T20:52:20.886+0800] {taskinstance.py:349} INFO - ::group::Post task execution logs
[2026-02-28T20:52:20.887+0800] {taskinstance.py:361} INFO - Marking task as SUCCESS. dag_id=cdrd_新增角色_编辑角色_并, task_id=收尾工作, run_id=manual__2026-02-28T12:52:14.037710+00:00, execution_date=20260228T125214, start_date=20260228T125220, end_date=20260228T125220
[2026-02-28T20:52:20.951+0800] {local_task_job_runner.py:266} INFO - Task exited with return code 0
[2026-02-28T20:52:20.980+0800] {taskinstance.py:3924} INFO - 0 downstream tasks scheduled from follow-on schedule check
[2026-02-28T20:52:20.980+0800] {local_task_job_runner.py:245} INFO - ::endgroup::
