[2026-02-28T21:43:44.499+0800] {local_task_job_runner.py:123} INFO - ::group::Pre task execution logs
[2026-02-28T21:43:44.512+0800] {taskinstance.py:2631} INFO - Dependencies all met for dep_context=non-requeueable deps ti=<TaskInstance: cdrd_并发.收尾工作 manual__2026-02-28T13:43:38.312095+00:00 [queued]>
[2026-02-28T21:43:44.518+0800] {taskinstance.py:2631} INFO - Dependencies all met for dep_context=requeueable deps ti=<TaskInstance: cdrd_并发.收尾工作 manual__2026-02-28T13:43:38.312095+00:00 [queued]>
[2026-02-28T21:43:44.518+0800] {taskinstance.py:2884} INFO - Starting attempt 1 of 1
[2026-02-28T21:43:44.531+0800] {taskinstance.py:2907} INFO - Executing <Task(PythonOperator): 收尾工作> on 2026-02-28 13:43:38.312095+00:00
[2026-02-28T21:43:44.534+0800] {standard_task_runner.py:72} INFO - Started process 6394 to run task
[2026-02-28T21:43:44.541+0800] {standard_task_runner.py:104} INFO - Running: ['airflow', 'tasks', 'run', 'cdrd_并发', '收尾工作', 'manual__2026-02-28T13:43:38.312095+00:00', '--job-id', '754', '--raw', '--subdir', 'DAGS_FOLDER/tag_CDRD/系统管理/角色管理/dag_并发.py', '--cfg-path', '/var/folders/f7/4z7jtb213fs0mtgbw_0vs2600000gn/T/tmp2topzhxi']
[2026-02-28T21:43:44.545+0800] {standard_task_runner.py:105} INFO - Job 754: Subtask 收尾工作
[2026-02-28T21:43:44.590+0800] {task_command.py:467} INFO - Running <TaskInstance: cdrd_并发.收尾工作 manual__2026-02-28T13:43:38.312095+00:00 [running]> on host localhost-2.local
[2026-02-28T21:43:44.668+0800] {taskinstance.py:3157} INFO - Exporting env vars: AIRFLOW_CTX_DAG_OWNER='airflow' AIRFLOW_CTX_DAG_ID='cdrd_并发' AIRFLOW_CTX_TASK_ID='收尾工作' AIRFLOW_CTX_EXECUTION_DATE='2026-02-28T13:43:38.312095+00:00' AIRFLOW_CTX_TRY_NUMBER='1' AIRFLOW_CTX_DAG_RUN_ID='manual__2026-02-28T13:43:38.312095+00:00'
[2026-02-28T21:43:44.671+0800] {taskinstance.py:740} INFO - ::endgroup::
[2026-02-28T21:43:44.692+0800] {logging_mixin.py:190} INFO - ==================================================
[2026-02-28T21:43:44.693+0800] {logging_mixin.py:190} INFO - 【收尾工作】开始汇总测试结果...
[2026-02-28T21:43:44.694+0800] {logging_mixin.py:190} INFO - ==================================================
[2026-02-28T21:43:44.712+0800] {logging_mixin.py:190} INFO - 消费者结果: None
[2026-02-28T21:43:44.791+0800] {logging_mixin.py:190} INFO - ==================================================
[2026-02-28T21:43:44.792+0800] {logging_mixin.py:190} INFO - 【收尾工作】测试执行汇总 - 总计:0,通过:0,失败:0
[2026-02-28T21:43:44.792+0800] {logging_mixin.py:190} INFO - ==================================================
[2026-02-28T21:43:44.793+0800] {python.py:240} INFO - Done. Returned value was: {'summary': '总计:0,通过:0,失败:0', 'total_tests': 0, 'total_success': 0, 'total_fail': 0, 'execution_time': '2026-02-28 21:43:44', 'detailed_results': None}
[2026-02-28T21:43:44.808+0800] {taskinstance.py:349} INFO - ::group::Post task execution logs
[2026-02-28T21:43:44.810+0800] {taskinstance.py:361} INFO - Marking task as SUCCESS. dag_id=cdrd_并发, task_id=收尾工作, run_id=manual__2026-02-28T13:43:38.312095+00:00, execution_date=20260228T134338, start_date=20260228T134344, end_date=20260228T134344
[2026-02-28T21:43:44.862+0800] {local_task_job_runner.py:266} INFO - Task exited with return code 0
[2026-02-28T21:43:44.891+0800] {taskinstance.py:3924} INFO - 0 downstream tasks scheduled from follow-on schedule check
[2026-02-28T21:43:44.892+0800] {local_task_job_runner.py:245} INFO - ::endgroup::
