[2026-03-05T17:27:50.149+0800] {processor.py:186} INFO - Started process (PID=15886) to work on /Users/linghuchong/Downloads/51/Python/project/instance/airflow284/dags/tag_CDRD/系统管理/dag_主控_系统管理_allure.py
[2026-03-05T17:27:50.150+0800] {processor.py:914} INFO - Processing file /Users/linghuchong/Downloads/51/Python/project/instance/airflow284/dags/tag_CDRD/系统管理/dag_主控_系统管理_allure.py for tasks to queue
[2026-03-05T17:27:50.151+0800] {logging_mixin.py:190} INFO - [2026-03-05T17:27:50.151+0800] {dagbag.py:588} INFO - Filling up the DagBag from /Users/linghuchong/Downloads/51/Python/project/instance/airflow284/dags/tag_CDRD/系统管理/dag_主控_系统管理_allure.py
[2026-03-05T17:27:50.180+0800] {processor.py:925} INFO - DAG(s) '主控_系统管理_allure' retrieved from /Users/linghuchong/Downloads/51/Python/project/instance/airflow284/dags/tag_CDRD/系统管理/dag_主控_系统管理_allure.py
[2026-03-05T17:27:50.294+0800] {logging_mixin.py:190} INFO - [2026-03-05T17:27:50.294+0800] {dag.py:3239} INFO - Sync 1 DAGs
[2026-03-05T17:27:50.307+0800] {logging_mixin.py:190} INFO - [2026-03-05T17:27:50.307+0800] {dag.py:4180} INFO - Setting next_dagrun for 主控_系统管理_allure to None, run_after=None
[2026-03-05T17:27:50.329+0800] {processor.py:208} INFO - Processing /Users/linghuchong/Downloads/51/Python/project/instance/airflow284/dags/tag_CDRD/系统管理/dag_主控_系统管理_allure.py took 182.080 seconds
[2026-03-05T17:29:06.171+0800] {processor.py:186} INFO - Started process (PID=15961) to work on /Users/linghuchong/Downloads/51/Python/project/instance/airflow284/dags/tag_CDRD/系统管理/dag_主控_系统管理_allure.py
[2026-03-05T17:29:06.174+0800] {processor.py:914} INFO - Processing file /Users/linghuchong/Downloads/51/Python/project/instance/airflow284/dags/tag_CDRD/系统管理/dag_主控_系统管理_allure.py for tasks to queue
[2026-03-05T17:29:06.176+0800] {logging_mixin.py:190} INFO - [2026-03-05T17:29:06.175+0800] {dagbag.py:588} INFO - Filling up the DagBag from /Users/linghuchong/Downloads/51/Python/project/instance/airflow284/dags/tag_CDRD/系统管理/dag_主控_系统管理_allure.py
[2026-03-05T17:29:06.202+0800] {processor.py:925} INFO - DAG(s) '主控_系统管理_allure' retrieved from /Users/linghuchong/Downloads/51/Python/project/instance/airflow284/dags/tag_CDRD/系统管理/dag_主控_系统管理_allure.py
[2026-03-05T17:29:06.309+0800] {logging_mixin.py:190} INFO - [2026-03-05T17:29:06.309+0800] {dag.py:3239} INFO - Sync 1 DAGs
[2026-03-05T17:29:06.320+0800] {logging_mixin.py:190} INFO - [2026-03-05T17:29:06.320+0800] {dag.py:4180} INFO - Setting next_dagrun for 主控_系统管理_allure to None, run_after=None
[2026-03-05T17:29:06.340+0800] {processor.py:208} INFO - Processing /Users/linghuchong/Downloads/51/Python/project/instance/airflow284/dags/tag_CDRD/系统管理/dag_主控_系统管理_allure.py took 172.126 seconds
[2026-03-05T17:31:16.580+0800] {processor.py:186} INFO - Started process (PID=16027) to work on /Users/linghuchong/Downloads/51/Python/project/instance/airflow284/dags/tag_CDRD/系统管理/dag_主控_系统管理_allure.py
[2026-03-05T17:31:16.580+0800] {processor.py:914} INFO - Processing file /Users/linghuchong/Downloads/51/Python/project/instance/airflow284/dags/tag_CDRD/系统管理/dag_主控_系统管理_allure.py for tasks to queue
[2026-03-05T17:31:16.581+0800] {logging_mixin.py:190} INFO - [2026-03-05T17:31:16.581+0800] {dagbag.py:588} INFO - Filling up the DagBag from /Users/linghuchong/Downloads/51/Python/project/instance/airflow284/dags/tag_CDRD/系统管理/dag_主控_系统管理_allure.py
[2026-03-05T17:31:16.609+0800] {processor.py:925} INFO - DAG(s) '主控_系统管理_allure' retrieved from /Users/linghuchong/Downloads/51/Python/project/instance/airflow284/dags/tag_CDRD/系统管理/dag_主控_系统管理_allure.py
[2026-03-05T17:31:16.717+0800] {logging_mixin.py:190} INFO - [2026-03-05T17:31:16.717+0800] {dag.py:3239} INFO - Sync 1 DAGs
[2026-03-05T17:31:16.729+0800] {logging_mixin.py:190} INFO - [2026-03-05T17:31:16.728+0800] {dag.py:4180} INFO - Setting next_dagrun for 主控_系统管理_allure to None, run_after=None
[2026-03-05T17:31:16.749+0800] {processor.py:208} INFO - Processing /Users/linghuchong/Downloads/51/Python/project/instance/airflow284/dags/tag_CDRD/系统管理/dag_主控_系统管理_allure.py took 172.091 seconds
[2026-03-05T17:32:46.808+0800] {processor.py:186} INFO - Started process (PID=16108) to work on /Users/linghuchong/Downloads/51/Python/project/instance/airflow284/dags/tag_CDRD/系统管理/dag_主控_系统管理_allure.py
[2026-03-05T17:32:46.809+0800] {processor.py:914} INFO - Processing file /Users/linghuchong/Downloads/51/Python/project/instance/airflow284/dags/tag_CDRD/系统管理/dag_主控_系统管理_allure.py for tasks to queue
[2026-03-05T17:32:46.810+0800] {logging_mixin.py:190} INFO - [2026-03-05T17:32:46.810+0800] {dagbag.py:588} INFO - Filling up the DagBag from /Users/linghuchong/Downloads/51/Python/project/instance/airflow284/dags/tag_CDRD/系统管理/dag_主控_系统管理_allure.py
[2026-03-05T17:32:46.835+0800] {processor.py:925} INFO - DAG(s) '主控_系统管理_allure' retrieved from /Users/linghuchong/Downloads/51/Python/project/instance/airflow284/dags/tag_CDRD/系统管理/dag_主控_系统管理_allure.py
[2026-03-05T17:32:46.944+0800] {logging_mixin.py:190} INFO - [2026-03-05T17:32:46.944+0800] {dag.py:3239} INFO - Sync 1 DAGs
[2026-03-05T17:32:46.955+0800] {logging_mixin.py:190} INFO - [2026-03-05T17:32:46.955+0800] {dag.py:4180} INFO - Setting next_dagrun for 主控_系统管理_allure to None, run_after=None
[2026-03-05T17:32:46.976+0800] {processor.py:208} INFO - Processing /Users/linghuchong/Downloads/51/Python/project/instance/airflow284/dags/tag_CDRD/系统管理/dag_主控_系统管理_allure.py took 170.564 seconds
[2026-03-05T17:34:18.061+0800] {processor.py:186} INFO - Started process (PID=16157) to work on /Users/linghuchong/Downloads/51/Python/project/instance/airflow284/dags/tag_CDRD/系统管理/dag_主控_系统管理_allure.py
[2026-03-05T17:34:18.062+0800] {processor.py:914} INFO - Processing file /Users/linghuchong/Downloads/51/Python/project/instance/airflow284/dags/tag_CDRD/系统管理/dag_主控_系统管理_allure.py for tasks to queue
[2026-03-05T17:34:18.063+0800] {logging_mixin.py:190} INFO - [2026-03-05T17:34:18.063+0800] {dagbag.py:588} INFO - Filling up the DagBag from /Users/linghuchong/Downloads/51/Python/project/instance/airflow284/dags/tag_CDRD/系统管理/dag_主控_系统管理_allure.py
[2026-03-05T17:34:18.088+0800] {processor.py:925} INFO - DAG(s) '主控_系统管理_allure' retrieved from /Users/linghuchong/Downloads/51/Python/project/instance/airflow284/dags/tag_CDRD/系统管理/dag_主控_系统管理_allure.py
[2026-03-05T17:34:18.196+0800] {logging_mixin.py:190} INFO - [2026-03-05T17:34:18.196+0800] {dag.py:3239} INFO - Sync 1 DAGs
[2026-03-05T17:34:18.207+0800] {logging_mixin.py:190} INFO - [2026-03-05T17:34:18.207+0800] {dag.py:4180} INFO - Setting next_dagrun for 主控_系统管理_allure to None, run_after=None
[2026-03-05T17:34:18.227+0800] {processor.py:208} INFO - Processing /Users/linghuchong/Downloads/51/Python/project/instance/airflow284/dags/tag_CDRD/系统管理/dag_主控_系统管理_allure.py took 168.696 seconds
[2026-03-05T17:35:47.608+0800] {processor.py:186} INFO - Started process (PID=16204) to work on /Users/linghuchong/Downloads/51/Python/project/instance/airflow284/dags/tag_CDRD/系统管理/dag_主控_系统管理_allure.py
[2026-03-05T17:35:47.609+0800] {processor.py:914} INFO - Processing file /Users/linghuchong/Downloads/51/Python/project/instance/airflow284/dags/tag_CDRD/系统管理/dag_主控_系统管理_allure.py for tasks to queue
[2026-03-05T17:35:47.610+0800] {logging_mixin.py:190} INFO - [2026-03-05T17:35:47.610+0800] {dagbag.py:588} INFO - Filling up the DagBag from /Users/linghuchong/Downloads/51/Python/project/instance/airflow284/dags/tag_CDRD/系统管理/dag_主控_系统管理_allure.py
[2026-03-05T17:35:47.635+0800] {processor.py:925} INFO - DAG(s) '主控_系统管理_allure' retrieved from /Users/linghuchong/Downloads/51/Python/project/instance/airflow284/dags/tag_CDRD/系统管理/dag_主控_系统管理_allure.py
[2026-03-05T17:35:47.744+0800] {logging_mixin.py:190} INFO - [2026-03-05T17:35:47.743+0800] {dag.py:3239} INFO - Sync 1 DAGs
[2026-03-05T17:35:47.755+0800] {logging_mixin.py:190} INFO - [2026-03-05T17:35:47.755+0800] {dag.py:4180} INFO - Setting next_dagrun for 主控_系统管理_allure to None, run_after=None
[2026-03-05T17:35:47.775+0800] {processor.py:208} INFO - Processing /Users/linghuchong/Downloads/51/Python/project/instance/airflow284/dags/tag_CDRD/系统管理/dag_主控_系统管理_allure.py took 169.425 seconds
[2026-03-05T17:37:37.585+0800] {processor.py:186} INFO - Started process (PID=16343) to work on /Users/linghuchong/Downloads/51/Python/project/instance/airflow284/dags/tag_CDRD/系统管理/dag_主控_系统管理_allure.py
[2026-03-05T17:37:37.586+0800] {processor.py:914} INFO - Processing file /Users/linghuchong/Downloads/51/Python/project/instance/airflow284/dags/tag_CDRD/系统管理/dag_主控_系统管理_allure.py for tasks to queue
[2026-03-05T17:37:37.588+0800] {logging_mixin.py:190} INFO - [2026-03-05T17:37:37.587+0800] {dagbag.py:588} INFO - Filling up the DagBag from /Users/linghuchong/Downloads/51/Python/project/instance/airflow284/dags/tag_CDRD/系统管理/dag_主控_系统管理_allure.py
[2026-03-05T17:37:37.669+0800] {processor.py:925} INFO - DAG(s) '主控_系统管理_allure' retrieved from /Users/linghuchong/Downloads/51/Python/project/instance/airflow284/dags/tag_CDRD/系统管理/dag_主控_系统管理_allure.py
[2026-03-05T17:37:37.841+0800] {logging_mixin.py:190} INFO - [2026-03-05T17:37:37.840+0800] {dag.py:3239} INFO - Sync 1 DAGs
[2026-03-05T17:37:37.855+0800] {logging_mixin.py:190} INFO - [2026-03-05T17:37:37.854+0800] {dag.py:4180} INFO - Setting next_dagrun for 主控_系统管理_allure to None, run_after=None
[2026-03-05T17:37:37.890+0800] {processor.py:208} INFO - Processing /Users/linghuchong/Downloads/51/Python/project/instance/airflow284/dags/tag_CDRD/系统管理/dag_主控_系统管理_allure.py took 308.403 seconds
[2026-03-05T17:39:37.461+0800] {processor.py:186} INFO - Started process (PID=16437) to work on /Users/linghuchong/Downloads/51/Python/project/instance/airflow284/dags/tag_CDRD/系统管理/dag_主控_系统管理_allure.py
[2026-03-05T17:39:37.464+0800] {processor.py:914} INFO - Processing file /Users/linghuchong/Downloads/51/Python/project/instance/airflow284/dags/tag_CDRD/系统管理/dag_主控_系统管理_allure.py for tasks to queue
[2026-03-05T17:39:37.465+0800] {logging_mixin.py:190} INFO - [2026-03-05T17:39:37.465+0800] {dagbag.py:588} INFO - Filling up the DagBag from /Users/linghuchong/Downloads/51/Python/project/instance/airflow284/dags/tag_CDRD/系统管理/dag_主控_系统管理_allure.py
[2026-03-05T17:39:37.492+0800] {processor.py:925} INFO - DAG(s) '主控_系统管理_allure' retrieved from /Users/linghuchong/Downloads/51/Python/project/instance/airflow284/dags/tag_CDRD/系统管理/dag_主控_系统管理_allure.py
[2026-03-05T17:39:37.607+0800] {logging_mixin.py:190} INFO - [2026-03-05T17:39:37.607+0800] {dag.py:3239} INFO - Sync 1 DAGs
[2026-03-05T17:39:37.619+0800] {logging_mixin.py:190} INFO - [2026-03-05T17:39:37.619+0800] {dag.py:4180} INFO - Setting next_dagrun for 主控_系统管理_allure to None, run_after=None
[2026-03-05T17:39:37.640+0800] {processor.py:208} INFO - Processing /Users/linghuchong/Downloads/51/Python/project/instance/airflow284/dags/tag_CDRD/系统管理/dag_主控_系统管理_allure.py took 182.368 seconds
[2026-03-05T17:41:26.961+0800] {processor.py:186} INFO - Started process (PID=16501) to work on /Users/linghuchong/Downloads/51/Python/project/instance/airflow284/dags/tag_CDRD/系统管理/dag_主控_系统管理_allure.py
[2026-03-05T17:41:26.963+0800] {processor.py:914} INFO - Processing file /Users/linghuchong/Downloads/51/Python/project/instance/airflow284/dags/tag_CDRD/系统管理/dag_主控_系统管理_allure.py for tasks to queue
[2026-03-05T17:41:26.965+0800] {logging_mixin.py:190} INFO - [2026-03-05T17:41:26.964+0800] {dagbag.py:588} INFO - Filling up the DagBag from /Users/linghuchong/Downloads/51/Python/project/instance/airflow284/dags/tag_CDRD/系统管理/dag_主控_系统管理_allure.py
[2026-03-05T17:41:26.992+0800] {processor.py:925} INFO - DAG(s) '主控_系统管理_allure' retrieved from /Users/linghuchong/Downloads/51/Python/project/instance/airflow284/dags/tag_CDRD/系统管理/dag_主控_系统管理_allure.py
[2026-03-05T17:41:27.112+0800] {logging_mixin.py:190} INFO - [2026-03-05T17:41:27.112+0800] {dag.py:3239} INFO - Sync 1 DAGs
[2026-03-05T17:41:27.124+0800] {logging_mixin.py:190} INFO - [2026-03-05T17:41:27.123+0800] {dag.py:4180} INFO - Setting next_dagrun for 主控_系统管理_allure to None, run_after=None
[2026-03-05T17:41:27.146+0800] {processor.py:208} INFO - Processing /Users/linghuchong/Downloads/51/Python/project/instance/airflow284/dags/tag_CDRD/系统管理/dag_主控_系统管理_allure.py took 187.936 seconds
[2026-03-05T17:42:58.428+0800] {processor.py:186} INFO - Started process (PID=16534) to work on /Users/linghuchong/Downloads/51/Python/project/instance/airflow284/dags/tag_CDRD/系统管理/dag_主控_系统管理_allure.py
[2026-03-05T17:42:58.431+0800] {processor.py:914} INFO - Processing file /Users/linghuchong/Downloads/51/Python/project/instance/airflow284/dags/tag_CDRD/系统管理/dag_主控_系统管理_allure.py for tasks to queue
[2026-03-05T17:42:58.433+0800] {logging_mixin.py:190} INFO - [2026-03-05T17:42:58.432+0800] {dagbag.py:588} INFO - Filling up the DagBag from /Users/linghuchong/Downloads/51/Python/project/instance/airflow284/dags/tag_CDRD/系统管理/dag_主控_系统管理_allure.py
[2026-03-05T17:42:58.466+0800] {processor.py:925} INFO - DAG(s) '主控_系统管理_allure' retrieved from /Users/linghuchong/Downloads/51/Python/project/instance/airflow284/dags/tag_CDRD/系统管理/dag_主控_系统管理_allure.py
[2026-03-05T17:42:58.580+0800] {logging_mixin.py:190} INFO - [2026-03-05T17:42:58.580+0800] {dag.py:3239} INFO - Sync 1 DAGs
[2026-03-05T17:42:58.592+0800] {logging_mixin.py:190} INFO - [2026-03-05T17:42:58.592+0800] {dag.py:4180} INFO - Setting next_dagrun for 主控_系统管理_allure to None, run_after=None
[2026-03-05T17:42:58.613+0800] {processor.py:208} INFO - Processing /Users/linghuchong/Downloads/51/Python/project/instance/airflow284/dags/tag_CDRD/系统管理/dag_主控_系统管理_allure.py took 188.422 seconds
[2026-03-05T17:57:43.355+0800] {processor.py:186} INFO - Started process (PID=16613) to work on /Users/linghuchong/Downloads/51/Python/project/instance/airflow284/dags/tag_CDRD/系统管理/dag_主控_系统管理_allure.py
[2026-03-05T17:57:43.358+0800] {processor.py:914} INFO - Processing file /Users/linghuchong/Downloads/51/Python/project/instance/airflow284/dags/tag_CDRD/系统管理/dag_主控_系统管理_allure.py for tasks to queue
[2026-03-05T17:57:43.359+0800] {logging_mixin.py:190} INFO - [2026-03-05T17:57:43.359+0800] {dagbag.py:588} INFO - Filling up the DagBag from /Users/linghuchong/Downloads/51/Python/project/instance/airflow284/dags/tag_CDRD/系统管理/dag_主控_系统管理_allure.py
[2026-03-05T17:57:43.387+0800] {processor.py:925} INFO - DAG(s) '主控_系统管理_allure' retrieved from /Users/linghuchong/Downloads/51/Python/project/instance/airflow284/dags/tag_CDRD/系统管理/dag_主控_系统管理_allure.py
[2026-03-05T17:57:43.508+0800] {logging_mixin.py:190} INFO - [2026-03-05T17:57:43.507+0800] {dag.py:3239} INFO - Sync 1 DAGs
[2026-03-05T17:57:43.521+0800] {logging_mixin.py:190} INFO - [2026-03-05T17:57:43.521+0800] {dag.py:4180} INFO - Setting next_dagrun for 主控_系统管理_allure to None, run_after=None
[2026-03-05T17:57:43.544+0800] {processor.py:208} INFO - Processing /Users/linghuchong/Downloads/51/Python/project/instance/airflow284/dags/tag_CDRD/系统管理/dag_主控_系统管理_allure.py took 191.988 seconds
[2026-03-05T17:59:14.584+0800] {processor.py:186} INFO - Started process (PID=16665) to work on /Users/linghuchong/Downloads/51/Python/project/instance/airflow284/dags/tag_CDRD/系统管理/dag_主控_系统管理_allure.py
[2026-03-05T17:59:14.586+0800] {processor.py:914} INFO - Processing file /Users/linghuchong/Downloads/51/Python/project/instance/airflow284/dags/tag_CDRD/系统管理/dag_主控_系统管理_allure.py for tasks to queue
[2026-03-05T17:59:14.588+0800] {logging_mixin.py:190} INFO - [2026-03-05T17:59:14.587+0800] {dagbag.py:588} INFO - Filling up the DagBag from /Users/linghuchong/Downloads/51/Python/project/instance/airflow284/dags/tag_CDRD/系统管理/dag_主控_系统管理_allure.py
[2026-03-05T17:59:14.616+0800] {processor.py:925} INFO - DAG(s) '主控_系统管理_allure' retrieved from /Users/linghuchong/Downloads/51/Python/project/instance/airflow284/dags/tag_CDRD/系统管理/dag_主控_系统管理_allure.py
[2026-03-05T17:59:14.735+0800] {logging_mixin.py:190} INFO - [2026-03-05T17:59:14.735+0800] {dag.py:3239} INFO - Sync 1 DAGs
[2026-03-05T17:59:14.747+0800] {logging_mixin.py:190} INFO - [2026-03-05T17:59:14.747+0800] {dag.py:4180} INFO - Setting next_dagrun for 主控_系统管理_allure to None, run_after=None
[2026-03-05T17:59:14.769+0800] {processor.py:208} INFO - Processing /Users/linghuchong/Downloads/51/Python/project/instance/airflow284/dags/tag_CDRD/系统管理/dag_主控_系统管理_allure.py took 188.603 seconds
[2026-03-05T18:03:09.755+0800] {processor.py:186} INFO - Started process (PID=16749) to work on /Users/linghuchong/Downloads/51/Python/project/instance/airflow284/dags/tag_CDRD/系统管理/dag_主控_系统管理_allure.py
[2026-03-05T18:03:09.758+0800] {processor.py:914} INFO - Processing file /Users/linghuchong/Downloads/51/Python/project/instance/airflow284/dags/tag_CDRD/系统管理/dag_主控_系统管理_allure.py for tasks to queue
[2026-03-05T18:03:09.759+0800] {logging_mixin.py:190} INFO - [2026-03-05T18:03:09.759+0800] {dagbag.py:588} INFO - Filling up the DagBag from /Users/linghuchong/Downloads/51/Python/project/instance/airflow284/dags/tag_CDRD/系统管理/dag_主控_系统管理_allure.py
[2026-03-05T18:03:09.788+0800] {processor.py:925} INFO - DAG(s) '主控_系统管理_allure' retrieved from /Users/linghuchong/Downloads/51/Python/project/instance/airflow284/dags/tag_CDRD/系统管理/dag_主控_系统管理_allure.py
[2026-03-05T18:03:09.905+0800] {logging_mixin.py:190} INFO - [2026-03-05T18:03:09.905+0800] {dag.py:3239} INFO - Sync 1 DAGs
[2026-03-05T18:03:09.917+0800] {logging_mixin.py:190} INFO - [2026-03-05T18:03:09.917+0800] {dag.py:4180} INFO - Setting next_dagrun for 主控_系统管理_allure to None, run_after=None
[2026-03-05T18:03:09.939+0800] {processor.py:208} INFO - Processing /Users/linghuchong/Downloads/51/Python/project/instance/airflow284/dags/tag_CDRD/系统管理/dag_主控_系统管理_allure.py took 186.341 seconds
[2026-03-05T18:04:56.398+0800] {processor.py:186} INFO - Started process (PID=16792) to work on /Users/linghuchong/Downloads/51/Python/project/instance/airflow284/dags/tag_CDRD/系统管理/dag_主控_系统管理_allure.py
[2026-03-05T18:04:56.401+0800] {processor.py:914} INFO - Processing file /Users/linghuchong/Downloads/51/Python/project/instance/airflow284/dags/tag_CDRD/系统管理/dag_主控_系统管理_allure.py for tasks to queue
[2026-03-05T18:04:56.402+0800] {logging_mixin.py:190} INFO - [2026-03-05T18:04:56.402+0800] {dagbag.py:588} INFO - Filling up the DagBag from /Users/linghuchong/Downloads/51/Python/project/instance/airflow284/dags/tag_CDRD/系统管理/dag_主控_系统管理_allure.py
[2026-03-05T18:04:56.435+0800] {processor.py:925} INFO - DAG(s) '主控_系统管理_allure' retrieved from /Users/linghuchong/Downloads/51/Python/project/instance/airflow284/dags/tag_CDRD/系统管理/dag_主控_系统管理_allure.py
[2026-03-05T18:04:56.577+0800] {logging_mixin.py:190} INFO - [2026-03-05T18:04:56.577+0800] {dag.py:3239} INFO - Sync 1 DAGs
[2026-03-05T18:04:56.591+0800] {logging_mixin.py:190} INFO - [2026-03-05T18:04:56.590+0800] {dag.py:4180} INFO - Setting next_dagrun for 主控_系统管理_allure to None, run_after=None
[2026-03-05T18:04:56.617+0800] {processor.py:208} INFO - Processing /Users/linghuchong/Downloads/51/Python/project/instance/airflow284/dags/tag_CDRD/系统管理/dag_主控_系统管理_allure.py took 221.945 seconds
