[2026-03-05T17:27:52.622+0800] {processor.py:186} INFO - Started process (PID=15889) to work on /Users/linghuchong/Downloads/51/Python/project/instance/airflow284/dags/tag_CDRD/系统管理/dag_主控_系统管理2.py
[2026-03-05T17:27:52.622+0800] {processor.py:914} INFO - Processing file /Users/linghuchong/Downloads/51/Python/project/instance/airflow284/dags/tag_CDRD/系统管理/dag_主控_系统管理2.py for tasks to queue
[2026-03-05T17:27:52.623+0800] {logging_mixin.py:190} INFO - [2026-03-05T17:27:52.623+0800] {dagbag.py:588} INFO - Filling up the DagBag from /Users/linghuchong/Downloads/51/Python/project/instance/airflow284/dags/tag_CDRD/系统管理/dag_主控_系统管理2.py
[2026-03-05T17:27:52.627+0800] {processor.py:927} WARNING - No viable dags retrieved from /Users/linghuchong/Downloads/51/Python/project/instance/airflow284/dags/tag_CDRD/系统管理/dag_主控_系统管理2.py
[2026-03-05T17:27:52.734+0800] {processor.py:208} INFO - Processing /Users/linghuchong/Downloads/51/Python/project/instance/airflow284/dags/tag_CDRD/系统管理/dag_主控_系统管理2.py took 115.107 seconds
[2026-03-05T17:29:09.695+0800] {processor.py:186} INFO - Started process (PID=15962) to work on /Users/linghuchong/Downloads/51/Python/project/instance/airflow284/dags/tag_CDRD/系统管理/dag_主控_系统管理2.py
[2026-03-05T17:29:09.698+0800] {processor.py:914} INFO - Processing file /Users/linghuchong/Downloads/51/Python/project/instance/airflow284/dags/tag_CDRD/系统管理/dag_主控_系统管理2.py for tasks to queue
[2026-03-05T17:29:09.699+0800] {logging_mixin.py:190} INFO - [2026-03-05T17:29:09.699+0800] {dagbag.py:588} INFO - Filling up the DagBag from /Users/linghuchong/Downloads/51/Python/project/instance/airflow284/dags/tag_CDRD/系统管理/dag_主控_系统管理2.py
[2026-03-05T17:29:09.701+0800] {processor.py:927} WARNING - No viable dags retrieved from /Users/linghuchong/Downloads/51/Python/project/instance/airflow284/dags/tag_CDRD/系统管理/dag_主控_系统管理2.py
[2026-03-05T17:29:09.802+0800] {processor.py:208} INFO - Processing /Users/linghuchong/Downloads/51/Python/project/instance/airflow284/dags/tag_CDRD/系统管理/dag_主控_系统管理2.py took 109.403 seconds
[2026-03-05T17:31:20.018+0800] {processor.py:186} INFO - Started process (PID=16028) to work on /Users/linghuchong/Downloads/51/Python/project/instance/airflow284/dags/tag_CDRD/系统管理/dag_主控_系统管理2.py
[2026-03-05T17:31:20.019+0800] {processor.py:914} INFO - Processing file /Users/linghuchong/Downloads/51/Python/project/instance/airflow284/dags/tag_CDRD/系统管理/dag_主控_系统管理2.py for tasks to queue
[2026-03-05T17:31:20.020+0800] {logging_mixin.py:190} INFO - [2026-03-05T17:31:20.020+0800] {dagbag.py:588} INFO - Filling up the DagBag from /Users/linghuchong/Downloads/51/Python/project/instance/airflow284/dags/tag_CDRD/系统管理/dag_主控_系统管理2.py
[2026-03-05T17:31:20.021+0800] {processor.py:927} WARNING - No viable dags retrieved from /Users/linghuchong/Downloads/51/Python/project/instance/airflow284/dags/tag_CDRD/系统管理/dag_主控_系统管理2.py
[2026-03-05T17:31:20.122+0800] {processor.py:208} INFO - Processing /Users/linghuchong/Downloads/51/Python/project/instance/airflow284/dags/tag_CDRD/系统管理/dag_主控_系统管理2.py took 107.232 seconds
[2026-03-05T17:32:50.173+0800] {processor.py:186} INFO - Started process (PID=16112) to work on /Users/linghuchong/Downloads/51/Python/project/instance/airflow284/dags/tag_CDRD/系统管理/dag_主控_系统管理2.py
[2026-03-05T17:32:50.174+0800] {processor.py:914} INFO - Processing file /Users/linghuchong/Downloads/51/Python/project/instance/airflow284/dags/tag_CDRD/系统管理/dag_主控_系统管理2.py for tasks to queue
[2026-03-05T17:32:50.175+0800] {logging_mixin.py:190} INFO - [2026-03-05T17:32:50.174+0800] {dagbag.py:588} INFO - Filling up the DagBag from /Users/linghuchong/Downloads/51/Python/project/instance/airflow284/dags/tag_CDRD/系统管理/dag_主控_系统管理2.py
[2026-03-05T17:32:50.176+0800] {processor.py:927} WARNING - No viable dags retrieved from /Users/linghuchong/Downloads/51/Python/project/instance/airflow284/dags/tag_CDRD/系统管理/dag_主控_系统管理2.py
[2026-03-05T17:32:50.275+0800] {processor.py:208} INFO - Processing /Users/linghuchong/Downloads/51/Python/project/instance/airflow284/dags/tag_CDRD/系统管理/dag_主控_系统管理2.py took 104.674 seconds
[2026-03-05T17:34:21.417+0800] {processor.py:186} INFO - Started process (PID=16158) to work on /Users/linghuchong/Downloads/51/Python/project/instance/airflow284/dags/tag_CDRD/系统管理/dag_主控_系统管理2.py
[2026-03-05T17:34:21.418+0800] {processor.py:914} INFO - Processing file /Users/linghuchong/Downloads/51/Python/project/instance/airflow284/dags/tag_CDRD/系统管理/dag_主控_系统管理2.py for tasks to queue
[2026-03-05T17:34:21.418+0800] {logging_mixin.py:190} INFO - [2026-03-05T17:34:21.418+0800] {dagbag.py:588} INFO - Filling up the DagBag from /Users/linghuchong/Downloads/51/Python/project/instance/airflow284/dags/tag_CDRD/系统管理/dag_主控_系统管理2.py
[2026-03-05T17:34:21.420+0800] {processor.py:927} WARNING - No viable dags retrieved from /Users/linghuchong/Downloads/51/Python/project/instance/airflow284/dags/tag_CDRD/系统管理/dag_主控_系统管理2.py
[2026-03-05T17:34:21.520+0800] {processor.py:208} INFO - Processing /Users/linghuchong/Downloads/51/Python/project/instance/airflow284/dags/tag_CDRD/系统管理/dag_主控_系统管理2.py took 105.997 seconds
[2026-03-05T17:35:51.239+0800] {processor.py:186} INFO - Started process (PID=16208) to work on /Users/linghuchong/Downloads/51/Python/project/instance/airflow284/dags/tag_CDRD/系统管理/dag_主控_系统管理2.py
[2026-03-05T17:35:51.240+0800] {processor.py:914} INFO - Processing file /Users/linghuchong/Downloads/51/Python/project/instance/airflow284/dags/tag_CDRD/系统管理/dag_主控_系统管理2.py for tasks to queue
[2026-03-05T17:35:51.241+0800] {logging_mixin.py:190} INFO - [2026-03-05T17:35:51.241+0800] {dagbag.py:588} INFO - Filling up the DagBag from /Users/linghuchong/Downloads/51/Python/project/instance/airflow284/dags/tag_CDRD/系统管理/dag_主控_系统管理2.py
[2026-03-05T17:35:51.244+0800] {processor.py:927} WARNING - No viable dags retrieved from /Users/linghuchong/Downloads/51/Python/project/instance/airflow284/dags/tag_CDRD/系统管理/dag_主控_系统管理2.py
[2026-03-05T17:35:51.392+0800] {processor.py:208} INFO - Processing /Users/linghuchong/Downloads/51/Python/project/instance/airflow284/dags/tag_CDRD/系统管理/dag_主控_系统管理2.py took 158.007 seconds
[2026-03-05T17:37:41.476+0800] {processor.py:186} INFO - Started process (PID=16350) to work on /Users/linghuchong/Downloads/51/Python/project/instance/airflow284/dags/tag_CDRD/系统管理/dag_主控_系统管理2.py
[2026-03-05T17:37:41.477+0800] {processor.py:914} INFO - Processing file /Users/linghuchong/Downloads/51/Python/project/instance/airflow284/dags/tag_CDRD/系统管理/dag_主控_系统管理2.py for tasks to queue
[2026-03-05T17:37:41.478+0800] {logging_mixin.py:190} INFO - [2026-03-05T17:37:41.478+0800] {dagbag.py:588} INFO - Filling up the DagBag from /Users/linghuchong/Downloads/51/Python/project/instance/airflow284/dags/tag_CDRD/系统管理/dag_主控_系统管理2.py
[2026-03-05T17:37:41.480+0800] {processor.py:927} WARNING - No viable dags retrieved from /Users/linghuchong/Downloads/51/Python/project/instance/airflow284/dags/tag_CDRD/系统管理/dag_主控_系统管理2.py
[2026-03-05T17:37:41.614+0800] {processor.py:208} INFO - Processing /Users/linghuchong/Downloads/51/Python/project/instance/airflow284/dags/tag_CDRD/系统管理/dag_主控_系统管理2.py took 141.170 seconds
[2026-03-05T17:39:41.107+0800] {processor.py:186} INFO - Started process (PID=16438) to work on /Users/linghuchong/Downloads/51/Python/project/instance/airflow284/dags/tag_CDRD/系统管理/dag_主控_系统管理2.py
[2026-03-05T17:39:41.108+0800] {processor.py:914} INFO - Processing file /Users/linghuchong/Downloads/51/Python/project/instance/airflow284/dags/tag_CDRD/系统管理/dag_主控_系统管理2.py for tasks to queue
[2026-03-05T17:39:41.109+0800] {logging_mixin.py:190} INFO - [2026-03-05T17:39:41.109+0800] {dagbag.py:588} INFO - Filling up the DagBag from /Users/linghuchong/Downloads/51/Python/project/instance/airflow284/dags/tag_CDRD/系统管理/dag_主控_系统管理2.py
[2026-03-05T17:39:41.111+0800] {processor.py:927} WARNING - No viable dags retrieved from /Users/linghuchong/Downloads/51/Python/project/instance/airflow284/dags/tag_CDRD/系统管理/dag_主控_系统管理2.py
[2026-03-05T17:39:41.229+0800] {processor.py:208} INFO - Processing /Users/linghuchong/Downloads/51/Python/project/instance/airflow284/dags/tag_CDRD/系统管理/dag_主控_系统管理2.py took 123.797 seconds
[2026-03-05T17:41:30.457+0800] {processor.py:186} INFO - Started process (PID=16502) to work on /Users/linghuchong/Downloads/51/Python/project/instance/airflow284/dags/tag_CDRD/系统管理/dag_主控_系统管理2.py
[2026-03-05T17:41:30.460+0800] {processor.py:914} INFO - Processing file /Users/linghuchong/Downloads/51/Python/project/instance/airflow284/dags/tag_CDRD/系统管理/dag_主控_系统管理2.py for tasks to queue
[2026-03-05T17:41:30.462+0800] {logging_mixin.py:190} INFO - [2026-03-05T17:41:30.461+0800] {dagbag.py:588} INFO - Filling up the DagBag from /Users/linghuchong/Downloads/51/Python/project/instance/airflow284/dags/tag_CDRD/系统管理/dag_主控_系统管理2.py
[2026-03-05T17:41:30.463+0800] {processor.py:927} WARNING - No viable dags retrieved from /Users/linghuchong/Downloads/51/Python/project/instance/airflow284/dags/tag_CDRD/系统管理/dag_主控_系统管理2.py
[2026-03-05T17:41:30.571+0800] {processor.py:208} INFO - Processing /Users/linghuchong/Downloads/51/Python/project/instance/airflow284/dags/tag_CDRD/系统管理/dag_主控_系统管理2.py took 116.442 seconds
[2026-03-05T17:43:02.069+0800] {processor.py:186} INFO - Started process (PID=16535) to work on /Users/linghuchong/Downloads/51/Python/project/instance/airflow284/dags/tag_CDRD/系统管理/dag_主控_系统管理2.py
[2026-03-05T17:43:02.072+0800] {processor.py:914} INFO - Processing file /Users/linghuchong/Downloads/51/Python/project/instance/airflow284/dags/tag_CDRD/系统管理/dag_主控_系统管理2.py for tasks to queue
[2026-03-05T17:43:02.073+0800] {logging_mixin.py:190} INFO - [2026-03-05T17:43:02.073+0800] {dagbag.py:588} INFO - Filling up the DagBag from /Users/linghuchong/Downloads/51/Python/project/instance/airflow284/dags/tag_CDRD/系统管理/dag_主控_系统管理2.py
[2026-03-05T17:43:02.075+0800] {processor.py:927} WARNING - No viable dags retrieved from /Users/linghuchong/Downloads/51/Python/project/instance/airflow284/dags/tag_CDRD/系统管理/dag_主控_系统管理2.py
[2026-03-05T17:43:02.182+0800] {processor.py:208} INFO - Processing /Users/linghuchong/Downloads/51/Python/project/instance/airflow284/dags/tag_CDRD/系统管理/dag_主控_系统管理2.py took 115.624 seconds
[2026-03-05T17:57:46.849+0800] {processor.py:186} INFO - Started process (PID=16614) to work on /Users/linghuchong/Downloads/51/Python/project/instance/airflow284/dags/tag_CDRD/系统管理/dag_主控_系统管理2.py
[2026-03-05T17:57:46.852+0800] {processor.py:914} INFO - Processing file /Users/linghuchong/Downloads/51/Python/project/instance/airflow284/dags/tag_CDRD/系统管理/dag_主控_系统管理2.py for tasks to queue
[2026-03-05T17:57:46.853+0800] {logging_mixin.py:190} INFO - [2026-03-05T17:57:46.853+0800] {dagbag.py:588} INFO - Filling up the DagBag from /Users/linghuchong/Downloads/51/Python/project/instance/airflow284/dags/tag_CDRD/系统管理/dag_主控_系统管理2.py
[2026-03-05T17:57:46.854+0800] {processor.py:927} WARNING - No viable dags retrieved from /Users/linghuchong/Downloads/51/Python/project/instance/airflow284/dags/tag_CDRD/系统管理/dag_主控_系统管理2.py
[2026-03-05T17:57:46.962+0800] {processor.py:208} INFO - Processing /Users/linghuchong/Downloads/51/Python/project/instance/airflow284/dags/tag_CDRD/系统管理/dag_主控_系统管理2.py took 116.117 seconds
[2026-03-05T17:59:18.101+0800] {processor.py:186} INFO - Started process (PID=16666) to work on /Users/linghuchong/Downloads/51/Python/project/instance/airflow284/dags/tag_CDRD/系统管理/dag_主控_系统管理2.py
[2026-03-05T17:59:18.103+0800] {processor.py:914} INFO - Processing file /Users/linghuchong/Downloads/51/Python/project/instance/airflow284/dags/tag_CDRD/系统管理/dag_主控_系统管理2.py for tasks to queue
[2026-03-05T17:59:18.105+0800] {logging_mixin.py:190} INFO - [2026-03-05T17:59:18.104+0800] {dagbag.py:588} INFO - Filling up the DagBag from /Users/linghuchong/Downloads/51/Python/project/instance/airflow284/dags/tag_CDRD/系统管理/dag_主控_系统管理2.py
[2026-03-05T17:59:18.107+0800] {processor.py:927} WARNING - No viable dags retrieved from /Users/linghuchong/Downloads/51/Python/project/instance/airflow284/dags/tag_CDRD/系统管理/dag_主控_系统管理2.py
[2026-03-05T17:59:18.219+0800] {processor.py:208} INFO - Processing /Users/linghuchong/Downloads/51/Python/project/instance/airflow284/dags/tag_CDRD/系统管理/dag_主控_系统管理2.py took 121.313 seconds
[2026-03-05T18:03:13.393+0800] {processor.py:186} INFO - Started process (PID=16750) to work on /Users/linghuchong/Downloads/51/Python/project/instance/airflow284/dags/tag_CDRD/系统管理/dag_主控_系统管理2.py
[2026-03-05T18:03:13.395+0800] {processor.py:914} INFO - Processing file /Users/linghuchong/Downloads/51/Python/project/instance/airflow284/dags/tag_CDRD/系统管理/dag_主控_系统管理2.py for tasks to queue
[2026-03-05T18:03:13.397+0800] {logging_mixin.py:190} INFO - [2026-03-05T18:03:13.396+0800] {dagbag.py:588} INFO - Filling up the DagBag from /Users/linghuchong/Downloads/51/Python/project/instance/airflow284/dags/tag_CDRD/系统管理/dag_主控_系统管理2.py
[2026-03-05T18:03:13.398+0800] {processor.py:927} WARNING - No viable dags retrieved from /Users/linghuchong/Downloads/51/Python/project/instance/airflow284/dags/tag_CDRD/系统管理/dag_主控_系统管理2.py
[2026-03-05T18:03:13.539+0800] {processor.py:208} INFO - Processing /Users/linghuchong/Downloads/51/Python/project/instance/airflow284/dags/tag_CDRD/系统管理/dag_主控_系统管理2.py took 149.261 seconds
[2026-03-05T18:05:00.506+0800] {processor.py:186} INFO - Started process (PID=16793) to work on /Users/linghuchong/Downloads/51/Python/project/instance/airflow284/dags/tag_CDRD/系统管理/dag_主控_系统管理2.py
[2026-03-05T18:05:00.508+0800] {processor.py:914} INFO - Processing file /Users/linghuchong/Downloads/51/Python/project/instance/airflow284/dags/tag_CDRD/系统管理/dag_主控_系统管理2.py for tasks to queue
[2026-03-05T18:05:00.510+0800] {logging_mixin.py:190} INFO - [2026-03-05T18:05:00.510+0800] {dagbag.py:588} INFO - Filling up the DagBag from /Users/linghuchong/Downloads/51/Python/project/instance/airflow284/dags/tag_CDRD/系统管理/dag_主控_系统管理2.py
[2026-03-05T18:05:00.511+0800] {processor.py:927} WARNING - No viable dags retrieved from /Users/linghuchong/Downloads/51/Python/project/instance/airflow284/dags/tag_CDRD/系统管理/dag_主控_系统管理2.py
[2026-03-05T18:05:00.643+0800] {processor.py:208} INFO - Processing /Users/linghuchong/Downloads/51/Python/project/instance/airflow284/dags/tag_CDRD/系统管理/dag_主控_系统管理2.py took 141.601 seconds
[2026-03-05T18:06:48.145+0800] {processor.py:186} INFO - Started process (PID=16990) to work on /Users/linghuchong/Downloads/51/Python/project/instance/airflow284/dags/tag_CDRD/系统管理/dag_主控_系统管理2.py
[2026-03-05T18:06:48.146+0800] {processor.py:914} INFO - Processing file /Users/linghuchong/Downloads/51/Python/project/instance/airflow284/dags/tag_CDRD/系统管理/dag_主控_系统管理2.py for tasks to queue
[2026-03-05T18:06:48.146+0800] {logging_mixin.py:190} INFO - [2026-03-05T18:06:48.146+0800] {dagbag.py:588} INFO - Filling up the DagBag from /Users/linghuchong/Downloads/51/Python/project/instance/airflow284/dags/tag_CDRD/系统管理/dag_主控_系统管理2.py
[2026-03-05T18:06:48.150+0800] {processor.py:927} WARNING - No viable dags retrieved from /Users/linghuchong/Downloads/51/Python/project/instance/airflow284/dags/tag_CDRD/系统管理/dag_主控_系统管理2.py
[2026-03-05T18:06:48.247+0800] {processor.py:208} INFO - Processing /Users/linghuchong/Downloads/51/Python/project/instance/airflow284/dags/tag_CDRD/系统管理/dag_主控_系统管理2.py took 105.006 seconds
