[2026-03-05T17:27:47.016+0800] {processor.py:186} INFO - Started process (PID=15884) to work on /Users/linghuchong/Downloads/51/Python/project/instance/airflow284/dags/tag_CDRD/系统管理/dag_主控_系统管理.py
[2026-03-05T17:27:47.018+0800] {processor.py:914} INFO - Processing file /Users/linghuchong/Downloads/51/Python/project/instance/airflow284/dags/tag_CDRD/系统管理/dag_主控_系统管理.py for tasks to queue
[2026-03-05T17:27:47.019+0800] {logging_mixin.py:190} INFO - [2026-03-05T17:27:47.019+0800] {dagbag.py:588} INFO - Filling up the DagBag from /Users/linghuchong/Downloads/51/Python/project/instance/airflow284/dags/tag_CDRD/系统管理/dag_主控_系统管理.py
[2026-03-05T17:27:47.057+0800] {processor.py:925} INFO - DAG(s) 'master_system_management_with_logs' retrieved from /Users/linghuchong/Downloads/51/Python/project/instance/airflow284/dags/tag_CDRD/系统管理/dag_主控_系统管理.py
[2026-03-05T17:27:47.191+0800] {logging_mixin.py:190} INFO - [2026-03-05T17:27:47.190+0800] {dag.py:3239} INFO - Sync 1 DAGs
[2026-03-05T17:27:47.206+0800] {logging_mixin.py:190} INFO - [2026-03-05T17:27:47.206+0800] {dag.py:4180} INFO - Setting next_dagrun for master_system_management_with_logs to None, run_after=None
[2026-03-05T17:27:47.229+0800] {processor.py:208} INFO - Processing /Users/linghuchong/Downloads/51/Python/project/instance/airflow284/dags/tag_CDRD/系统管理/dag_主控_系统管理.py took 215.843 seconds
[2026-03-05T17:29:02.742+0800] {processor.py:186} INFO - Started process (PID=15960) to work on /Users/linghuchong/Downloads/51/Python/project/instance/airflow284/dags/tag_CDRD/系统管理/dag_主控_系统管理.py
[2026-03-05T17:29:02.745+0800] {processor.py:914} INFO - Processing file /Users/linghuchong/Downloads/51/Python/project/instance/airflow284/dags/tag_CDRD/系统管理/dag_主控_系统管理.py for tasks to queue
[2026-03-05T17:29:02.746+0800] {logging_mixin.py:190} INFO - [2026-03-05T17:29:02.746+0800] {dagbag.py:588} INFO - Filling up the DagBag from /Users/linghuchong/Downloads/51/Python/project/instance/airflow284/dags/tag_CDRD/系统管理/dag_主控_系统管理.py
[2026-03-05T17:29:02.772+0800] {processor.py:925} INFO - DAG(s) 'master_system_management_with_logs' retrieved from /Users/linghuchong/Downloads/51/Python/project/instance/airflow284/dags/tag_CDRD/系统管理/dag_主控_系统管理.py
[2026-03-05T17:29:02.881+0800] {logging_mixin.py:190} INFO - [2026-03-05T17:29:02.880+0800] {dag.py:3239} INFO - Sync 1 DAGs
[2026-03-05T17:29:02.892+0800] {logging_mixin.py:190} INFO - [2026-03-05T17:29:02.892+0800] {dag.py:4180} INFO - Setting next_dagrun for master_system_management_with_logs to None, run_after=None
[2026-03-05T17:29:02.912+0800] {processor.py:208} INFO - Processing /Users/linghuchong/Downloads/51/Python/project/instance/airflow284/dags/tag_CDRD/系统管理/dag_主控_系统管理.py took 173.082 seconds
[2026-03-05T17:31:13.183+0800] {processor.py:186} INFO - Started process (PID=16023) to work on /Users/linghuchong/Downloads/51/Python/project/instance/airflow284/dags/tag_CDRD/系统管理/dag_主控_系统管理.py
[2026-03-05T17:31:13.183+0800] {processor.py:914} INFO - Processing file /Users/linghuchong/Downloads/51/Python/project/instance/airflow284/dags/tag_CDRD/系统管理/dag_主控_系统管理.py for tasks to queue
[2026-03-05T17:31:13.184+0800] {logging_mixin.py:190} INFO - [2026-03-05T17:31:13.184+0800] {dagbag.py:588} INFO - Filling up the DagBag from /Users/linghuchong/Downloads/51/Python/project/instance/airflow284/dags/tag_CDRD/系统管理/dag_主控_系统管理.py
[2026-03-05T17:31:13.209+0800] {processor.py:925} INFO - DAG(s) 'master_system_management_with_logs' retrieved from /Users/linghuchong/Downloads/51/Python/project/instance/airflow284/dags/tag_CDRD/系统管理/dag_主控_系统管理.py
[2026-03-05T17:31:13.316+0800] {logging_mixin.py:190} INFO - [2026-03-05T17:31:13.316+0800] {dag.py:3239} INFO - Sync 1 DAGs
[2026-03-05T17:31:13.327+0800] {logging_mixin.py:190} INFO - [2026-03-05T17:31:13.327+0800] {dag.py:4180} INFO - Setting next_dagrun for master_system_management_with_logs to None, run_after=None
[2026-03-05T17:31:13.347+0800] {processor.py:208} INFO - Processing /Users/linghuchong/Downloads/51/Python/project/instance/airflow284/dags/tag_CDRD/系统管理/dag_主控_系统管理.py took 167.132 seconds
[2026-03-05T17:32:43.419+0800] {processor.py:186} INFO - Started process (PID=16107) to work on /Users/linghuchong/Downloads/51/Python/project/instance/airflow284/dags/tag_CDRD/系统管理/dag_主控_系统管理.py
[2026-03-05T17:32:43.420+0800] {processor.py:914} INFO - Processing file /Users/linghuchong/Downloads/51/Python/project/instance/airflow284/dags/tag_CDRD/系统管理/dag_主控_系统管理.py for tasks to queue
[2026-03-05T17:32:43.421+0800] {logging_mixin.py:190} INFO - [2026-03-05T17:32:43.420+0800] {dagbag.py:588} INFO - Filling up the DagBag from /Users/linghuchong/Downloads/51/Python/project/instance/airflow284/dags/tag_CDRD/系统管理/dag_主控_系统管理.py
[2026-03-05T17:32:43.446+0800] {processor.py:925} INFO - DAG(s) 'master_system_management_with_logs' retrieved from /Users/linghuchong/Downloads/51/Python/project/instance/airflow284/dags/tag_CDRD/系统管理/dag_主控_系统管理.py
[2026-03-05T17:32:43.557+0800] {logging_mixin.py:190} INFO - [2026-03-05T17:32:43.556+0800] {dag.py:3239} INFO - Sync 1 DAGs
[2026-03-05T17:32:43.569+0800] {logging_mixin.py:190} INFO - [2026-03-05T17:32:43.569+0800] {dag.py:4180} INFO - Setting next_dagrun for master_system_management_with_logs to None, run_after=None
[2026-03-05T17:32:43.590+0800] {processor.py:208} INFO - Processing /Users/linghuchong/Downloads/51/Python/project/instance/airflow284/dags/tag_CDRD/系统管理/dag_主控_系统管理.py took 174.131 seconds
[2026-03-05T17:34:14.619+0800] {processor.py:186} INFO - Started process (PID=16156) to work on /Users/linghuchong/Downloads/51/Python/project/instance/airflow284/dags/tag_CDRD/系统管理/dag_主控_系统管理.py
[2026-03-05T17:34:14.620+0800] {processor.py:914} INFO - Processing file /Users/linghuchong/Downloads/51/Python/project/instance/airflow284/dags/tag_CDRD/系统管理/dag_主控_系统管理.py for tasks to queue
[2026-03-05T17:34:14.620+0800] {logging_mixin.py:190} INFO - [2026-03-05T17:34:14.620+0800] {dagbag.py:588} INFO - Filling up the DagBag from /Users/linghuchong/Downloads/51/Python/project/instance/airflow284/dags/tag_CDRD/系统管理/dag_主控_系统管理.py
[2026-03-05T17:34:14.646+0800] {processor.py:925} INFO - DAG(s) 'master_system_management_with_logs' retrieved from /Users/linghuchong/Downloads/51/Python/project/instance/airflow284/dags/tag_CDRD/系统管理/dag_主控_系统管理.py
[2026-03-05T17:34:14.753+0800] {logging_mixin.py:190} INFO - [2026-03-05T17:34:14.753+0800] {dag.py:3239} INFO - Sync 1 DAGs
[2026-03-05T17:34:14.764+0800] {logging_mixin.py:190} INFO - [2026-03-05T17:34:14.764+0800] {dag.py:4180} INFO - Setting next_dagrun for master_system_management_with_logs to None, run_after=None
[2026-03-05T17:34:14.784+0800] {processor.py:208} INFO - Processing /Users/linghuchong/Downloads/51/Python/project/instance/airflow284/dags/tag_CDRD/系统管理/dag_主控_系统管理.py took 168.153 seconds
[2026-03-05T17:35:44.064+0800] {processor.py:186} INFO - Started process (PID=16194) to work on /Users/linghuchong/Downloads/51/Python/project/instance/airflow284/dags/tag_CDRD/系统管理/dag_主控_系统管理.py
[2026-03-05T17:35:44.065+0800] {processor.py:914} INFO - Processing file /Users/linghuchong/Downloads/51/Python/project/instance/airflow284/dags/tag_CDRD/系统管理/dag_主控_系统管理.py for tasks to queue
[2026-03-05T17:35:44.066+0800] {logging_mixin.py:190} INFO - [2026-03-05T17:35:44.066+0800] {dagbag.py:588} INFO - Filling up the DagBag from /Users/linghuchong/Downloads/51/Python/project/instance/airflow284/dags/tag_CDRD/系统管理/dag_主控_系统管理.py
[2026-03-05T17:35:44.092+0800] {processor.py:925} INFO - DAG(s) 'master_system_management_with_logs' retrieved from /Users/linghuchong/Downloads/51/Python/project/instance/airflow284/dags/tag_CDRD/系统管理/dag_主控_系统管理.py
[2026-03-05T17:35:44.234+0800] {logging_mixin.py:190} INFO - [2026-03-05T17:35:44.234+0800] {dag.py:3239} INFO - Sync 1 DAGs
[2026-03-05T17:35:44.247+0800] {logging_mixin.py:190} INFO - [2026-03-05T17:35:44.247+0800] {dag.py:4180} INFO - Setting next_dagrun for master_system_management_with_logs to None, run_after=None
[2026-03-05T17:35:44.264+0800] {processor.py:208} INFO - Processing /Users/linghuchong/Downloads/51/Python/project/instance/airflow284/dags/tag_CDRD/系统管理/dag_主控_系统管理.py took 204.435 seconds
[2026-03-05T17:37:30.663+0800] {processor.py:186} INFO - Started process (PID=16338) to work on /Users/linghuchong/Downloads/51/Python/project/instance/airflow284/dags/tag_CDRD/系统管理/dag_主控_系统管理.py
[2026-03-05T17:37:30.665+0800] {processor.py:914} INFO - Processing file /Users/linghuchong/Downloads/51/Python/project/instance/airflow284/dags/tag_CDRD/系统管理/dag_主控_系统管理.py for tasks to queue
[2026-03-05T17:37:30.667+0800] {logging_mixin.py:190} INFO - [2026-03-05T17:37:30.666+0800] {dagbag.py:588} INFO - Filling up the DagBag from /Users/linghuchong/Downloads/51/Python/project/instance/airflow284/dags/tag_CDRD/系统管理/dag_主控_系统管理.py
[2026-03-05T17:37:30.705+0800] {processor.py:925} INFO - DAG(s) 'master_system_management_with_logs' retrieved from /Users/linghuchong/Downloads/51/Python/project/instance/airflow284/dags/tag_CDRD/系统管理/dag_主控_系统管理.py
[2026-03-05T17:37:30.964+0800] {logging_mixin.py:190} INFO - [2026-03-05T17:37:30.964+0800] {dag.py:3239} INFO - Sync 1 DAGs
[2026-03-05T17:37:30.990+0800] {logging_mixin.py:190} INFO - [2026-03-05T17:37:30.990+0800] {dag.py:4180} INFO - Setting next_dagrun for master_system_management_with_logs to None, run_after=None
[2026-03-05T17:37:31.023+0800] {processor.py:208} INFO - Processing /Users/linghuchong/Downloads/51/Python/project/instance/airflow284/dags/tag_CDRD/系统管理/dag_主控_系统管理.py took 362.787 seconds
[2026-03-05T17:39:33.897+0800] {processor.py:186} INFO - Started process (PID=16436) to work on /Users/linghuchong/Downloads/51/Python/project/instance/airflow284/dags/tag_CDRD/系统管理/dag_主控_系统管理.py
[2026-03-05T17:39:33.900+0800] {processor.py:914} INFO - Processing file /Users/linghuchong/Downloads/51/Python/project/instance/airflow284/dags/tag_CDRD/系统管理/dag_主控_系统管理.py for tasks to queue
[2026-03-05T17:39:33.901+0800] {logging_mixin.py:190} INFO - [2026-03-05T17:39:33.901+0800] {dagbag.py:588} INFO - Filling up the DagBag from /Users/linghuchong/Downloads/51/Python/project/instance/airflow284/dags/tag_CDRD/系统管理/dag_主控_系统管理.py
[2026-03-05T17:39:33.930+0800] {processor.py:925} INFO - DAG(s) 'master_system_management_with_logs' retrieved from /Users/linghuchong/Downloads/51/Python/project/instance/airflow284/dags/tag_CDRD/系统管理/dag_主控_系统管理.py
[2026-03-05T17:39:34.050+0800] {logging_mixin.py:190} INFO - [2026-03-05T17:39:34.049+0800] {dag.py:3239} INFO - Sync 1 DAGs
[2026-03-05T17:39:34.061+0800] {logging_mixin.py:190} INFO - [2026-03-05T17:39:34.061+0800] {dag.py:4180} INFO - Setting next_dagrun for master_system_management_with_logs to None, run_after=None
[2026-03-05T17:39:34.083+0800] {processor.py:208} INFO - Processing /Users/linghuchong/Downloads/51/Python/project/instance/airflow284/dags/tag_CDRD/系统管理/dag_主控_系统管理.py took 189.053 seconds
[2026-03-05T17:41:23.479+0800] {processor.py:186} INFO - Started process (PID=16500) to work on /Users/linghuchong/Downloads/51/Python/project/instance/airflow284/dags/tag_CDRD/系统管理/dag_主控_系统管理.py
[2026-03-05T17:41:23.481+0800] {processor.py:914} INFO - Processing file /Users/linghuchong/Downloads/51/Python/project/instance/airflow284/dags/tag_CDRD/系统管理/dag_主控_系统管理.py for tasks to queue
[2026-03-05T17:41:23.482+0800] {logging_mixin.py:190} INFO - [2026-03-05T17:41:23.482+0800] {dagbag.py:588} INFO - Filling up the DagBag from /Users/linghuchong/Downloads/51/Python/project/instance/airflow284/dags/tag_CDRD/系统管理/dag_主控_系统管理.py
[2026-03-05T17:41:23.510+0800] {processor.py:925} INFO - DAG(s) 'master_system_management_with_logs' retrieved from /Users/linghuchong/Downloads/51/Python/project/instance/airflow284/dags/tag_CDRD/系统管理/dag_主控_系统管理.py
[2026-03-05T17:41:23.621+0800] {logging_mixin.py:190} INFO - [2026-03-05T17:41:23.621+0800] {dag.py:3239} INFO - Sync 1 DAGs
[2026-03-05T17:41:23.633+0800] {logging_mixin.py:190} INFO - [2026-03-05T17:41:23.633+0800] {dag.py:4180} INFO - Setting next_dagrun for master_system_management_with_logs to None, run_after=None
[2026-03-05T17:41:23.654+0800] {processor.py:208} INFO - Processing /Users/linghuchong/Downloads/51/Python/project/instance/airflow284/dags/tag_CDRD/系统管理/dag_主控_系统管理.py took 179.178 seconds
[2026-03-05T17:42:55.302+0800] {processor.py:186} INFO - Started process (PID=16533) to work on /Users/linghuchong/Downloads/51/Python/project/instance/airflow284/dags/tag_CDRD/系统管理/dag_主控_系统管理.py
[2026-03-05T17:42:55.305+0800] {processor.py:914} INFO - Processing file /Users/linghuchong/Downloads/51/Python/project/instance/airflow284/dags/tag_CDRD/系统管理/dag_主控_系统管理.py for tasks to queue
[2026-03-05T17:42:55.306+0800] {logging_mixin.py:190} INFO - [2026-03-05T17:42:55.306+0800] {dagbag.py:588} INFO - Filling up the DagBag from /Users/linghuchong/Downloads/51/Python/project/instance/airflow284/dags/tag_CDRD/系统管理/dag_主控_系统管理.py
[2026-03-05T17:42:55.334+0800] {processor.py:925} INFO - DAG(s) 'master_system_management_with_logs' retrieved from /Users/linghuchong/Downloads/51/Python/project/instance/airflow284/dags/tag_CDRD/系统管理/dag_主控_系统管理.py
[2026-03-05T17:42:55.450+0800] {logging_mixin.py:190} INFO - [2026-03-05T17:42:55.449+0800] {dag.py:3239} INFO - Sync 1 DAGs
[2026-03-05T17:42:55.462+0800] {logging_mixin.py:190} INFO - [2026-03-05T17:42:55.461+0800] {dag.py:4180} INFO - Setting next_dagrun for master_system_management_with_logs to None, run_after=None
[2026-03-05T17:42:55.482+0800] {processor.py:208} INFO - Processing /Users/linghuchong/Downloads/51/Python/project/instance/airflow284/dags/tag_CDRD/系统管理/dag_主控_系统管理.py took 183.059 seconds
[2026-03-05T17:57:39.841+0800] {processor.py:186} INFO - Started process (PID=16612) to work on /Users/linghuchong/Downloads/51/Python/project/instance/airflow284/dags/tag_CDRD/系统管理/dag_主控_系统管理.py
[2026-03-05T17:57:39.843+0800] {processor.py:914} INFO - Processing file /Users/linghuchong/Downloads/51/Python/project/instance/airflow284/dags/tag_CDRD/系统管理/dag_主控_系统管理.py for tasks to queue
[2026-03-05T17:57:39.844+0800] {logging_mixin.py:190} INFO - [2026-03-05T17:57:39.844+0800] {dagbag.py:588} INFO - Filling up the DagBag from /Users/linghuchong/Downloads/51/Python/project/instance/airflow284/dags/tag_CDRD/系统管理/dag_主控_系统管理.py
[2026-03-05T17:57:39.872+0800] {processor.py:925} INFO - DAG(s) 'master_system_management_with_logs' retrieved from /Users/linghuchong/Downloads/51/Python/project/instance/airflow284/dags/tag_CDRD/系统管理/dag_主控_系统管理.py
[2026-03-05T17:57:39.992+0800] {logging_mixin.py:190} INFO - [2026-03-05T17:57:39.992+0800] {dag.py:3239} INFO - Sync 1 DAGs
[2026-03-05T17:57:40.006+0800] {logging_mixin.py:190} INFO - [2026-03-05T17:57:40.005+0800] {dag.py:4180} INFO - Setting next_dagrun for master_system_management_with_logs to None, run_after=None
[2026-03-05T17:57:40.028+0800] {processor.py:208} INFO - Processing /Users/linghuchong/Downloads/51/Python/project/instance/airflow284/dags/tag_CDRD/系统管理/dag_主控_系统管理.py took 189.398 seconds
[2026-03-05T17:59:11.530+0800] {processor.py:186} INFO - Started process (PID=16664) to work on /Users/linghuchong/Downloads/51/Python/project/instance/airflow284/dags/tag_CDRD/系统管理/dag_主控_系统管理.py
[2026-03-05T17:59:11.532+0800] {processor.py:914} INFO - Processing file /Users/linghuchong/Downloads/51/Python/project/instance/airflow284/dags/tag_CDRD/系统管理/dag_主控_系统管理.py for tasks to queue
[2026-03-05T17:59:11.534+0800] {logging_mixin.py:190} INFO - [2026-03-05T17:59:11.534+0800] {dagbag.py:588} INFO - Filling up the DagBag from /Users/linghuchong/Downloads/51/Python/project/instance/airflow284/dags/tag_CDRD/系统管理/dag_主控_系统管理.py
[2026-03-05T17:59:11.563+0800] {processor.py:925} INFO - DAG(s) 'master_system_management_with_logs' retrieved from /Users/linghuchong/Downloads/51/Python/project/instance/airflow284/dags/tag_CDRD/系统管理/dag_主控_系统管理.py
[2026-03-05T17:59:11.680+0800] {logging_mixin.py:190} INFO - [2026-03-05T17:59:11.680+0800] {dag.py:3239} INFO - Sync 1 DAGs
[2026-03-05T17:59:11.692+0800] {logging_mixin.py:190} INFO - [2026-03-05T17:59:11.692+0800] {dag.py:4180} INFO - Setting next_dagrun for master_system_management_with_logs to None, run_after=None
[2026-03-05T17:59:11.714+0800] {processor.py:208} INFO - Processing /Users/linghuchong/Downloads/51/Python/project/instance/airflow284/dags/tag_CDRD/系统管理/dag_主控_系统管理.py took 187.279 seconds
[2026-03-05T18:03:06.073+0800] {processor.py:186} INFO - Started process (PID=16747) to work on /Users/linghuchong/Downloads/51/Python/project/instance/airflow284/dags/tag_CDRD/系统管理/dag_主控_系统管理.py
[2026-03-05T18:03:06.075+0800] {processor.py:914} INFO - Processing file /Users/linghuchong/Downloads/51/Python/project/instance/airflow284/dags/tag_CDRD/系统管理/dag_主控_系统管理.py for tasks to queue
[2026-03-05T18:03:06.076+0800] {logging_mixin.py:190} INFO - [2026-03-05T18:03:06.076+0800] {dagbag.py:588} INFO - Filling up the DagBag from /Users/linghuchong/Downloads/51/Python/project/instance/airflow284/dags/tag_CDRD/系统管理/dag_主控_系统管理.py
[2026-03-05T18:03:06.104+0800] {processor.py:925} INFO - DAG(s) 'master_system_management_with_logs' retrieved from /Users/linghuchong/Downloads/51/Python/project/instance/airflow284/dags/tag_CDRD/系统管理/dag_主控_系统管理.py
[2026-03-05T18:03:06.219+0800] {logging_mixin.py:190} INFO - [2026-03-05T18:03:06.219+0800] {dag.py:3239} INFO - Sync 1 DAGs
[2026-03-05T18:03:06.231+0800] {logging_mixin.py:190} INFO - [2026-03-05T18:03:06.231+0800] {dag.py:4180} INFO - Setting next_dagrun for master_system_management_with_logs to None, run_after=None
[2026-03-05T18:03:06.253+0800] {processor.py:208} INFO - Processing /Users/linghuchong/Downloads/51/Python/project/instance/airflow284/dags/tag_CDRD/系统管理/dag_主控_系统管理.py took 183.748 seconds
[2026-03-05T18:04:52.512+0800] {processor.py:186} INFO - Started process (PID=16790) to work on /Users/linghuchong/Downloads/51/Python/project/instance/airflow284/dags/tag_CDRD/系统管理/dag_主控_系统管理.py
[2026-03-05T18:04:52.513+0800] {processor.py:914} INFO - Processing file /Users/linghuchong/Downloads/51/Python/project/instance/airflow284/dags/tag_CDRD/系统管理/dag_主控_系统管理.py for tasks to queue
[2026-03-05T18:04:52.514+0800] {logging_mixin.py:190} INFO - [2026-03-05T18:04:52.514+0800] {dagbag.py:588} INFO - Filling up the DagBag from /Users/linghuchong/Downloads/51/Python/project/instance/airflow284/dags/tag_CDRD/系统管理/dag_主控_系统管理.py
[2026-03-05T18:04:52.543+0800] {processor.py:925} INFO - DAG(s) 'master_system_management_with_logs' retrieved from /Users/linghuchong/Downloads/51/Python/project/instance/airflow284/dags/tag_CDRD/系统管理/dag_主控_系统管理.py
[2026-03-05T18:04:52.666+0800] {logging_mixin.py:190} INFO - [2026-03-05T18:04:52.666+0800] {dag.py:3239} INFO - Sync 1 DAGs
[2026-03-05T18:04:52.681+0800] {logging_mixin.py:190} INFO - [2026-03-05T18:04:52.680+0800] {dag.py:4180} INFO - Setting next_dagrun for master_system_management_with_logs to None, run_after=None
[2026-03-05T18:04:52.704+0800] {processor.py:208} INFO - Processing /Users/linghuchong/Downloads/51/Python/project/instance/airflow284/dags/tag_CDRD/系统管理/dag_主控_系统管理.py took 195.361 seconds
[2026-03-05T18:06:41.282+0800] {processor.py:186} INFO - Started process (PID=16946) to work on /Users/linghuchong/Downloads/51/Python/project/instance/airflow284/dags/tag_CDRD/系统管理/dag_主控_系统管理.py
[2026-03-05T18:06:41.283+0800] {processor.py:914} INFO - Processing file /Users/linghuchong/Downloads/51/Python/project/instance/airflow284/dags/tag_CDRD/系统管理/dag_主控_系统管理.py for tasks to queue
[2026-03-05T18:06:41.285+0800] {logging_mixin.py:190} INFO - [2026-03-05T18:06:41.284+0800] {dagbag.py:588} INFO - Filling up the DagBag from /Users/linghuchong/Downloads/51/Python/project/instance/airflow284/dags/tag_CDRD/系统管理/dag_主控_系统管理.py
[2026-03-05T18:06:41.315+0800] {processor.py:925} INFO - DAG(s) 'master_system_management_with_logs' retrieved from /Users/linghuchong/Downloads/51/Python/project/instance/airflow284/dags/tag_CDRD/系统管理/dag_主控_系统管理.py
[2026-03-05T18:06:41.442+0800] {logging_mixin.py:190} INFO - [2026-03-05T18:06:41.441+0800] {dag.py:3239} INFO - Sync 1 DAGs
[2026-03-05T18:06:41.455+0800] {logging_mixin.py:190} INFO - [2026-03-05T18:06:41.454+0800] {dag.py:4180} INFO - Setting next_dagrun for master_system_management_with_logs to None, run_after=None
[2026-03-05T18:06:41.474+0800] {processor.py:208} INFO - Processing /Users/linghuchong/Downloads/51/Python/project/instance/airflow284/dags/tag_CDRD/系统管理/dag_主控_系统管理.py took 194.998 seconds
