[2026-02-27T12:23:35.497+0800] {local_task_job_runner.py:123} INFO - ::group::Pre task execution logs
[2026-02-27T12:23:35.517+0800] {taskinstance.py:2631} INFO - Dependencies all met for dep_context=non-requeueable deps ti=<TaskInstance: cdrd_新增角色_编辑角色.新增角色 manual__2026-02-27T04:23:15.768955+00:00 [queued]>
[2026-02-27T12:23:35.525+0800] {taskinstance.py:2631} INFO - Dependencies all met for dep_context=requeueable deps ti=<TaskInstance: cdrd_新增角色_编辑角色.新增角色 manual__2026-02-27T04:23:15.768955+00:00 [queued]>
[2026-02-27T12:23:35.525+0800] {taskinstance.py:2884} INFO - Starting attempt 1 of 1
[2026-02-27T12:23:35.539+0800] {taskinstance.py:2907} INFO - Executing <Task(PythonOperator): 新增角色> on 2026-02-27 04:23:15.768955+00:00
[2026-02-27T12:23:35.543+0800] {standard_task_runner.py:72} INFO - Started process 9760 to run task
[2026-02-27T12:23:35.550+0800] {standard_task_runner.py:104} INFO - Running: ['airflow', 'tasks', 'run', 'cdrd_新增角色_编辑角色', '新增角色', 'manual__2026-02-27T04:23:15.768955+00:00', '--job-id', '504', '--raw', '--subdir', 'DAGS_FOLDER/tag_CDRD/系统管理/角色管理/dag_新增角色_编辑角色.py', '--cfg-path', '/var/folders/f7/4z7jtb213fs0mtgbw_0vs2600000gn/T/tmp5o1x5fr2']
[2026-02-27T12:23:35.555+0800] {standard_task_runner.py:105} INFO - Job 504: Subtask 新增角色
[2026-02-27T12:23:35.608+0800] {task_command.py:467} INFO - Running <TaskInstance: cdrd_新增角色_编辑角色.新增角色 manual__2026-02-27T04:23:15.768955+00:00 [running]> on host localhost-2.local
[2026-02-27T12:23:35.689+0800] {taskinstance.py:3157} INFO - Exporting env vars: AIRFLOW_CTX_DAG_OWNER='airflow' AIRFLOW_CTX_DAG_ID='cdrd_新增角色_编辑角色' AIRFLOW_CTX_TASK_ID='新增角色' AIRFLOW_CTX_EXECUTION_DATE='2026-02-27T04:23:15.768955+00:00' AIRFLOW_CTX_TRY_NUMBER='1' AIRFLOW_CTX_DAG_RUN_ID='manual__2026-02-27T04:23:15.768955+00:00'
[2026-02-27T12:23:35.690+0800] {taskinstance.py:740} INFO - ::endgroup::
[2026-02-27T12:23:35.715+0800] {logging_mixin.py:190} INFO - ==================================================
[2026-02-27T12:23:35.715+0800] {logging_mixin.py:190} INFO - 【消费者1】开始执行新增角色测试用例...
[2026-02-27T12:23:35.716+0800] {logging_mixin.py:190} INFO - ==================================================
[2026-02-27T12:23:35.722+0800] {logging_mixin.py:190} INFO - 从XCom获取到的测试用例数据: 3 条
[2026-02-27T12:23:35.723+0800] {logging_mixin.py:190} INFO - 跳过不匹配的测试用例: 模块=系统管理, 子模块=用户管理, 脚本=新增用户.py
[2026-02-27T12:23:35.723+0800] {logging_mixin.py:190} INFO - 找到新增角色测试用例: 新增角色.py
[2026-02-27T12:23:35.724+0800] {logging_mixin.py:190} INFO - 执行路径: 系统管理/角色管理/新增角色.py
[2026-02-27T12:23:35.724+0800] {logging_mixin.py:190} INFO - 开始执行测试用例: 系统管理/角色管理/新增角色.py
[2026-02-27T12:23:35.724+0800] {logging_mixin.py:190} INFO - 准备执行Playwright脚本: /Users/linghuchong/Downloads/51/Python/project/instance/zyjk/CDRD/web/系统管理/角色管理/新增角色.py
[2026-02-27T12:23:36.094+0800] {logging_mixin.py:190} INFO - 随机生成测试数据: [['单柳', '736216']]
[2026-02-27T12:23:36.095+0800] {logging_mixin.py:190} INFO - ✅ 找到run_playwright函数，开始执行...
[2026-02-27T12:23:41.245+0800] {logging_mixin.py:190} INFO - ❌ 执行失败: value: expected string, got object
[2026-02-27T12:23:41.247+0800] {logging_mixin.py:190} WARNING - Traceback (most recent call last):
[2026-02-27T12:23:41.247+0800] {logging_mixin.py:190} WARNING -   File "/Users/linghuchong/Downloads/51/Python/project/instance/airflow284/dags/tag_CDRD/系统管理/角色管理/dag_新增角色_编辑角色.py", line 73, in execute_playwright_script
    result = module.run_playwright()
[2026-02-27T12:23:41.248+0800] {logging_mixin.py:190} WARNING -   File "/Users/linghuchong/Downloads/51/Python/project/instance/zyjk/CDRD/web/系统管理/角色管理/新增角色.py", line 36, in run_playwright
    page.get_by_placeholder("请输入角色名称").fill(test_data[0])
[2026-02-27T12:23:41.248+0800] {logging_mixin.py:190} WARNING -   File "/Users/linghuchong/miniconda3/envs/py310/lib/python3.10/site-packages/playwright/sync_api/_generated.py", line 16154, in fill
    self._sync(
[2026-02-27T12:23:41.249+0800] {logging_mixin.py:190} WARNING -   File "/Users/linghuchong/miniconda3/envs/py310/lib/python3.10/site-packages/playwright/_impl/_sync_base.py", line 115, in _sync
    return task.result()
[2026-02-27T12:23:41.249+0800] {logging_mixin.py:190} WARNING -   File "/Users/linghuchong/miniconda3/envs/py310/lib/python3.10/site-packages/playwright/_impl/_locator.py", line 211, in fill
    return await self._frame.fill(self._selector, strict=True, **params)
[2026-02-27T12:23:41.250+0800] {logging_mixin.py:190} WARNING -   File "/Users/linghuchong/miniconda3/envs/py310/lib/python3.10/site-packages/playwright/_impl/_frame.py", line 523, in fill
    await self._channel.send("fill", locals_to_params(locals()))
[2026-02-27T12:23:41.250+0800] {logging_mixin.py:190} WARNING -   File "/Users/linghuchong/miniconda3/envs/py310/lib/python3.10/site-packages/playwright/_impl/_connection.py", line 62, in send
    return await self._connection.wrap_api_call(
[2026-02-27T12:23:41.251+0800] {logging_mixin.py:190} WARNING -   File "/Users/linghuchong/miniconda3/envs/py310/lib/python3.10/site-packages/playwright/_impl/_connection.py", line 492, in wrap_api_call
    return await cb()
[2026-02-27T12:23:41.251+0800] {logging_mixin.py:190} WARNING -   File "/Users/linghuchong/miniconda3/envs/py310/lib/python3.10/site-packages/playwright/_impl/_connection.py", line 100, in inner_send
    result = next(iter(done)).result()
[2026-02-27T12:23:41.251+0800] {logging_mixin.py:190} WARNING - playwright._impl._errors.Error: value: expected string, got object
[2026-02-27T12:23:41.252+0800] {logging_mixin.py:190} INFO - Playwright执行结果: None
[2026-02-27T12:23:41.252+0800] {logging_mixin.py:190} INFO - ❌ Playwright执行失败，测试用例失败
[2026-02-27T12:23:41.254+0800] {logging_mixin.py:190} INFO - ❌ 新增角色测试用例执行失败
[2026-02-27T12:23:41.254+0800] {logging_mixin.py:190} INFO - 跳过不匹配的测试用例: 模块=系统管理, 子模块=角色管理, 脚本=编辑角色.py
[2026-02-27T12:23:41.255+0800] {logging_mixin.py:190} INFO - ==================================================
[2026-02-27T12:23:41.256+0800] {logging_mixin.py:190} INFO - 【消费者1】新增角色执行完成 - 成功: 0, 失败: 1
[2026-02-27T12:23:41.257+0800] {logging_mixin.py:190} INFO - ==================================================
[2026-02-27T12:23:41.257+0800] {python.py:240} INFO - Done. Returned value was: {'module': '系统管理-角色管理-新增角色', 'success_count': 0, 'fail_count': 1, 'total_count': 1}
[2026-02-27T12:23:41.283+0800] {taskinstance.py:349} INFO - ::group::Post task execution logs
[2026-02-27T12:23:41.284+0800] {taskinstance.py:361} INFO - Marking task as SUCCESS. dag_id=cdrd_新增角色_编辑角色, task_id=新增角色, run_id=manual__2026-02-27T04:23:15.768955+00:00, execution_date=20260227T042315, start_date=20260227T042335, end_date=20260227T042341
[2026-02-27T12:23:41.327+0800] {local_task_job_runner.py:266} INFO - Task exited with return code 0
[2026-02-27T12:23:41.354+0800] {taskinstance.py:3924} INFO - 0 downstream tasks scheduled from follow-on schedule check
[2026-02-27T12:23:41.356+0800] {local_task_job_runner.py:245} INFO - ::endgroup::
