[2026-02-15T16:20:36.945+0800] {local_task_job_runner.py:123} INFO - ::group::Pre task execution logs
[2026-02-15T16:20:36.957+0800] {taskinstance.py:2631} INFO - Dependencies all met for dep_context=non-requeueable deps ti=<TaskInstance: producer_order_mysql.sync_order_data manual__2026-02-15T08:20:31.221949+00:00 [queued]>
[2026-02-15T16:20:36.962+0800] {taskinstance.py:2631} INFO - Dependencies all met for dep_context=requeueable deps ti=<TaskInstance: producer_order_mysql.sync_order_data manual__2026-02-15T08:20:31.221949+00:00 [queued]>
[2026-02-15T16:20:36.962+0800] {taskinstance.py:2884} INFO - Starting attempt 1 of 1
[2026-02-15T16:20:36.973+0800] {taskinstance.py:2907} INFO - Executing <Task(PythonOperator): sync_order_data> on 2026-02-15 08:20:31.221949+00:00
[2026-02-15T16:20:36.976+0800] {standard_task_runner.py:72} INFO - Started process 2348 to run task
[2026-02-15T16:20:36.983+0800] {standard_task_runner.py:104} INFO - Running: ['airflow', 'tasks', 'run', 'producer_order_mysql', 'sync_order_data', 'manual__2026-02-15T08:20:31.221949+00:00', '--job-id', '126', '--raw', '--subdir', 'DAGS_FOLDER/producer_consumer /dataset_db2.py', '--cfg-path', '/var/folders/f7/4z7jtb213fs0mtgbw_0vs2600000gn/T/tmppy_0saro']
[2026-02-15T16:20:36.986+0800] {standard_task_runner.py:105} INFO - Job 126: Subtask sync_order_data
[2026-02-15T16:20:37.206+0800] {task_command.py:467} INFO - Running <TaskInstance: producer_order_mysql.sync_order_data manual__2026-02-15T08:20:31.221949+00:00 [running]> on host localhost-2.local
[2026-02-15T16:20:37.266+0800] {taskinstance.py:3157} INFO - Exporting env vars: AIRFLOW_CTX_DAG_OWNER='data_team' AIRFLOW_CTX_DAG_ID='producer_order_mysql' AIRFLOW_CTX_TASK_ID='sync_order_data' AIRFLOW_CTX_EXECUTION_DATE='2026-02-15T08:20:31.221949+00:00' AIRFLOW_CTX_TRY_NUMBER='1' AIRFLOW_CTX_DAG_RUN_ID='manual__2026-02-15T08:20:31.221949+00:00'
[2026-02-15T16:20:37.267+0800] {taskinstance.py:740} INFO - ::endgroup::
[2026-02-15T16:20:37.290+0800] {logging_mixin.py:190} INFO - ==================================================
[2026-02-15T16:20:37.290+0800] {logging_mixin.py:190} INFO - 【生产者】开始执行同步订单数据任务
[2026-02-15T16:20:37.291+0800] {logging_mixin.py:190} INFO - ==================================================
[2026-02-15T16:20:37.291+0800] {logging_mixin.py:190} INFO - 【生产者】生成业务数据：{'order_id': 'OD20260215001', 'user_id': 'U10086', 'order_amount': 299.99, 'order_status': 'paid', 'pay_time': '2026-02-15 16:20:37'}
[2026-02-15T16:20:37.292+0800] {logging_mixin.py:190} INFO - 【生产者】上下文参数：run_id=manual__2026-02-15T08:20:31.221949+00:00, dag_id=producer_order_mysql, task_id=sync_order_data
[2026-02-15T16:20:37.292+0800] {logging_mixin.py:190} INFO - 【生产者】调用封装函数插入数据...
[2026-02-15T16:20:37.297+0800] {base.py:84} INFO - Retrieving connection 'mysql_234_crm'
[2026-02-15T16:20:37.298+0800] {logging_mixin.py:190} INFO - 写入MySQL失败：No module named 'MySQLdb'
[2026-02-15T16:20:37.299+0800] {logging_mixin.py:190} INFO - ✅ 数据成功写入airflow_producer_data表！
[2026-02-15T16:20:37.299+0800] {logging_mixin.py:190} INFO - ==================================================
[2026-02-15T16:20:37.299+0800] {logging_mixin.py:190} INFO - 【生产者】任务执行完成
[2026-02-15T16:20:37.300+0800] {logging_mixin.py:190} INFO - ==================================================
[2026-02-15T16:20:37.300+0800] {python.py:240} INFO - Done. Returned value was: {'order_id': 'OD20260215001', 'user_id': 'U10086', 'order_amount': 299.99, 'order_status': 'paid', 'pay_time': '2026-02-15 16:20:37'}
[2026-02-15T16:20:37.317+0800] {taskinstance.py:349} INFO - ::group::Post task execution logs
[2026-02-15T16:20:37.318+0800] {taskinstance.py:361} INFO - Marking task as SUCCESS. dag_id=producer_order_mysql, task_id=sync_order_data, run_id=manual__2026-02-15T08:20:31.221949+00:00, execution_date=20260215T082031, start_date=20260215T082036, end_date=20260215T082037
[2026-02-15T16:20:37.384+0800] {local_task_job_runner.py:266} INFO - Task exited with return code 0
[2026-02-15T16:20:37.511+0800] {taskinstance.py:3924} INFO - 0 downstream tasks scheduled from follow-on schedule check
[2026-02-15T16:20:37.512+0800] {local_task_job_runner.py:245} INFO - ::endgroup::
