[2026-02-25T11:34:17.877+0800] {local_task_job_runner.py:123} INFO - ::group::Pre task execution logs
[2026-02-25T11:34:17.891+0800] {taskinstance.py:2631} INFO - Dependencies all met for dep_context=non-requeueable deps ti=<TaskInstance: c_cdrd_DAG2.c_cdrd_TASK2 dataset_triggered__2026-02-25T03:34:09.176444+00:00 [queued]>
[2026-02-25T11:34:17.898+0800] {taskinstance.py:2631} INFO - Dependencies all met for dep_context=requeueable deps ti=<TaskInstance: c_cdrd_DAG2.c_cdrd_TASK2 dataset_triggered__2026-02-25T03:34:09.176444+00:00 [queued]>
[2026-02-25T11:34:17.899+0800] {taskinstance.py:2884} INFO - Starting attempt 1 of 1
[2026-02-25T11:34:17.911+0800] {taskinstance.py:2907} INFO - Executing <Task(PythonOperator): c_cdrd_TASK2> on 2026-02-25 03:34:09.176444+00:00
[2026-02-25T11:34:17.914+0800] {standard_task_runner.py:72} INFO - Started process 7345 to run task
[2026-02-25T11:34:17.921+0800] {standard_task_runner.py:104} INFO - Running: ['airflow', 'tasks', 'run', 'c_cdrd_DAG2', 'c_cdrd_TASK2', 'dataset_triggered__2026-02-25T03:34:09.176444+00:00', '--job-id', '369', '--raw', '--subdir', 'DAGS_FOLDER/tag_CDRD/cdrd_1p1n2t.py', '--cfg-path', '/var/folders/f7/4z7jtb213fs0mtgbw_0vs2600000gn/T/tmpkzf9jygq']
[2026-02-25T11:34:17.925+0800] {standard_task_runner.py:105} INFO - Job 369: Subtask c_cdrd_TASK2
[2026-02-25T11:34:17.976+0800] {task_command.py:467} INFO - Running <TaskInstance: c_cdrd_DAG2.c_cdrd_TASK2 dataset_triggered__2026-02-25T03:34:09.176444+00:00 [running]> on host localhost-2.local
[2026-02-25T11:34:18.053+0800] {taskinstance.py:3157} INFO - Exporting env vars: AIRFLOW_CTX_DAG_OWNER='airflow' AIRFLOW_CTX_DAG_ID='c_cdrd_DAG2' AIRFLOW_CTX_TASK_ID='c_cdrd_TASK2' AIRFLOW_CTX_EXECUTION_DATE='2026-02-25T03:34:09.176444+00:00' AIRFLOW_CTX_TRY_NUMBER='1' AIRFLOW_CTX_DAG_RUN_ID='dataset_triggered__2026-02-25T03:34:09.176444+00:00'
[2026-02-25T11:34:18.060+0800] {taskinstance.py:740} INFO - ::endgroup::
[2026-02-25T11:34:18.090+0800] {logging_mixin.py:190} INFO - ✅ 成功从消费者 p_cdrd_all.p_cdrd_TASK 获取 XCom 值: [[6, '用户模块', None, '{"sql": "select count(*) as qty from user where job_num=\'{result[\'job_num\']}\'", "value": 1}', '新增用户.py'], [7, '系统模块', None, '{1:"select count(*) from user where nick_name=\'张三\' and user_name=\'zhangsan\'"，"validation"：{"name":"张三",\'age\':\'20\',\'sex\':"1"}}', '编辑角色.py']]
[2026-02-25T11:34:18.091+0800] {logging_mixin.py:190} INFO - [7, '系统模块', None, '{1:"select count(*) from user where nick_name=\'张三\' and user_name=\'zhangsan\'"，"validation"：{"name":"张三",\'age\':\'20\',\'sex\':"1"}}', '编辑角色.py']
[2026-02-25T11:34:23.941+0800] {logging_mixin.py:190} INFO - 未找到 run_playwright 函数
[2026-02-25T11:34:23.941+0800] {logging_mixin.py:190} INFO - 最终返回结果: None
[2026-02-25T11:34:23.942+0800] {python.py:240} INFO - Done. Returned value was: None
[2026-02-25T11:34:23.963+0800] {taskinstance.py:349} INFO - ::group::Post task execution logs
[2026-02-25T11:34:23.964+0800] {taskinstance.py:361} INFO - Marking task as SUCCESS. dag_id=c_cdrd_DAG2, task_id=c_cdrd_TASK2, run_id=dataset_triggered__2026-02-25T03:34:09.176444+00:00, execution_date=20260225T033409, start_date=20260225T033417, end_date=20260225T033423
[2026-02-25T11:34:24.023+0800] {local_task_job_runner.py:266} INFO - Task exited with return code 0
[2026-02-25T11:34:24.040+0800] {taskinstance.py:3924} INFO - 0 downstream tasks scheduled from follow-on schedule check
[2026-02-25T11:34:24.041+0800] {local_task_job_runner.py:245} INFO - ::endgroup::
