[2026-02-26T16:49:54.430+0800] {local_task_job_runner.py:123} INFO - ::group::Pre task execution logs
[2026-02-26T16:49:54.447+0800] {taskinstance.py:2631} INFO - Dependencies all met for dep_context=non-requeueable deps ti=<TaskInstance: integrated_cdrd_workflow.consumer1_task manual__2026-02-26T08:49:39.982009+00:00 [queued]>
[2026-02-26T16:49:54.455+0800] {taskinstance.py:2631} INFO - Dependencies all met for dep_context=requeueable deps ti=<TaskInstance: integrated_cdrd_workflow.consumer1_task manual__2026-02-26T08:49:39.982009+00:00 [queued]>
[2026-02-26T16:49:54.455+0800] {taskinstance.py:2884} INFO - Starting attempt 1 of 1
[2026-02-26T16:49:54.469+0800] {taskinstance.py:2907} INFO - Executing <Task(PythonOperator): consumer1_task> on 2026-02-26 08:49:39.982009+00:00
[2026-02-26T16:49:54.472+0800] {standard_task_runner.py:72} INFO - Started process 18567 to run task
[2026-02-26T16:49:54.479+0800] {standard_task_runner.py:104} INFO - Running: ['airflow', 'tasks', 'run', 'integrated_cdrd_workflow', 'consumer1_task', 'manual__2026-02-26T08:49:39.982009+00:00', '--job-id', '430', '--raw', '--subdir', 'DAGS_FOLDER/tag_CDRD/cdrd_1p1n2t.py', '--cfg-path', '/var/folders/f7/4z7jtb213fs0mtgbw_0vs2600000gn/T/tmpezkv8n3w']
[2026-02-26T16:49:54.483+0800] {standard_task_runner.py:105} INFO - Job 430: Subtask consumer1_task
[2026-02-26T16:49:54.531+0800] {task_command.py:467} INFO - Running <TaskInstance: integrated_cdrd_workflow.consumer1_task manual__2026-02-26T08:49:39.982009+00:00 [running]> on host localhost-2.local
[2026-02-26T16:49:54.603+0800] {taskinstance.py:3157} INFO - Exporting env vars: AIRFLOW_CTX_DAG_OWNER='airflow' AIRFLOW_CTX_DAG_ID='integrated_cdrd_workflow' AIRFLOW_CTX_TASK_ID='consumer1_task' AIRFLOW_CTX_EXECUTION_DATE='2026-02-26T08:49:39.982009+00:00' AIRFLOW_CTX_TRY_NUMBER='1' AIRFLOW_CTX_DAG_RUN_ID='manual__2026-02-26T08:49:39.982009+00:00'
[2026-02-26T16:49:54.605+0800] {taskinstance.py:740} INFO - ::endgroup::
[2026-02-26T16:49:54.637+0800] {logging_mixin.py:190} INFO - ✅ 成功从消费者 p_cdrd_all.p_cdrd_TASK 获取 XCom 值: [[11, '系统管理', '用户管理', None, '{"k1": "select count(*) as qty from sys_user where job_num=\'{result[\'job_num\']}\'", "v1": 1}', '新增用户.py'], [12, '系统管理', '角色管理', None, '{"k1": "select count(*) as qty from sys_role where role_name=\'{result[\'role_name\']}\'", "v1": 1}', '编辑角色.py']]
[2026-02-26T16:49:54.979+0800] {logging_mixin.py:190} INFO - 随机生成测试数据: [['赵淑珍', '15053459850', 'yang80@example.com', '863621', '390393']]
[2026-02-26T16:50:02.414+0800] {logging_mixin.py:190} INFO - 正则替换结果: {"k1": "select count(*) as qty from sys_user where job_num='390393'", "v1": 1}
[2026-02-26T16:50:02.418+0800] {logging_mixin.py:190} INFO - 解析后的验证数据: {'k1': "select count(*) as qty from sys_user where job_num='390393'", 'v1': 1}
[2026-02-26T16:50:02.418+0800] {logging_mixin.py:190} INFO - 验证过程出错: 0
[2026-02-26T16:50:02.419+0800] {python.py:240} INFO - Done. Returned value was: None
[2026-02-26T16:50:02.431+0800] {taskinstance.py:349} INFO - ::group::Post task execution logs
[2026-02-26T16:50:02.433+0800] {taskinstance.py:361} INFO - Marking task as SUCCESS. dag_id=integrated_cdrd_workflow, task_id=consumer1_task, run_id=manual__2026-02-26T08:49:39.982009+00:00, execution_date=20260226T084939, start_date=20260226T084954, end_date=20260226T085002
[2026-02-26T16:50:02.481+0800] {local_task_job_runner.py:266} INFO - Task exited with return code 0
[2026-02-26T16:50:02.506+0800] {taskinstance.py:3924} INFO - 0 downstream tasks scheduled from follow-on schedule check
[2026-02-26T16:50:02.507+0800] {local_task_job_runner.py:245} INFO - ::endgroup::
