[2026-02-24T10:15:52.341+0800] {local_task_job_runner.py:123} INFO - ::group::Pre task execution logs
[2026-02-24T10:15:52.356+0800] {taskinstance.py:2631} INFO - Dependencies all met for dep_context=non-requeueable deps ti=<TaskInstance: c_1p2n_DAG2.c_1p2n_TASK2 dataset_triggered__2026-02-24T02:15:45.425754+00:00 [queued]>
[2026-02-24T10:15:52.363+0800] {taskinstance.py:2631} INFO - Dependencies all met for dep_context=requeueable deps ti=<TaskInstance: c_1p2n_DAG2.c_1p2n_TASK2 dataset_triggered__2026-02-24T02:15:45.425754+00:00 [queued]>
[2026-02-24T10:15:52.363+0800] {taskinstance.py:2884} INFO - Starting attempt 1 of 1
[2026-02-24T10:15:52.377+0800] {taskinstance.py:2907} INFO - Executing <Task(PythonOperator): c_1p2n_TASK2> on 2026-02-24 02:15:45.425754+00:00
[2026-02-24T10:15:52.380+0800] {standard_task_runner.py:72} INFO - Started process 4656 to run task
[2026-02-24T10:15:52.386+0800] {standard_task_runner.py:104} INFO - Running: ['airflow', 'tasks', 'run', 'c_1p2n_DAG2', 'c_1p2n_TASK2', 'dataset_triggered__2026-02-24T02:15:45.425754+00:00', '--job-id', '210', '--raw', '--subdir', 'DAGS_FOLDER/producer_consumer /1p2n.py', '--cfg-path', '/var/folders/f7/4z7jtb213fs0mtgbw_0vs2600000gn/T/tmprim_jj58']
[2026-02-24T10:15:52.391+0800] {standard_task_runner.py:105} INFO - Job 210: Subtask c_1p2n_TASK2
[2026-02-24T10:15:52.441+0800] {task_command.py:467} INFO - Running <TaskInstance: c_1p2n_DAG2.c_1p2n_TASK2 dataset_triggered__2026-02-24T02:15:45.425754+00:00 [running]> on host localhost-2.local
[2026-02-24T10:15:52.520+0800] {taskinstance.py:3157} INFO - Exporting env vars: AIRFLOW_CTX_DAG_OWNER='airflow' AIRFLOW_CTX_DAG_ID='c_1p2n_DAG2' AIRFLOW_CTX_TASK_ID='c_1p2n_TASK2' AIRFLOW_CTX_EXECUTION_DATE='2026-02-24T02:15:45.425754+00:00' AIRFLOW_CTX_TRY_NUMBER='1' AIRFLOW_CTX_DAG_RUN_ID='dataset_triggered__2026-02-24T02:15:45.425754+00:00'
[2026-02-24T10:15:52.527+0800] {taskinstance.py:740} INFO - ::endgroup::
[2026-02-24T10:15:52.544+0800] {logging_mixin.py:190} INFO - 【消费者2】检测到订单数据更新，开始统计...
[2026-02-24T10:15:52.559+0800] {logging_mixin.py:190} INFO - ✅ 成功从消费者 p_1p2n_DAGs.p_1p2n_TASK 获取 XCom 值: ('6477',)
[2026-02-24T10:15:52.561+0800] {logging_mixin.py:190} INFO - 【消费者2】从生产者获取的返回值: ('6477',)
[2026-02-24T10:15:52.562+0800] {logging_mixin.py:190} INFO - 2026-02-24 10:15:52
[2026-02-24T10:15:52.563+0800] {python.py:240} INFO - Done. Returned value was: ('6477',)
[2026-02-24T10:15:52.584+0800] {taskinstance.py:349} INFO - ::group::Post task execution logs
[2026-02-24T10:15:52.585+0800] {taskinstance.py:361} INFO - Marking task as SUCCESS. dag_id=c_1p2n_DAG2, task_id=c_1p2n_TASK2, run_id=dataset_triggered__2026-02-24T02:15:45.425754+00:00, execution_date=20260224T021545, start_date=20260224T021552, end_date=20260224T021552
[2026-02-24T10:15:52.619+0800] {local_task_job_runner.py:266} INFO - Task exited with return code 0
[2026-02-24T10:15:52.639+0800] {taskinstance.py:3924} INFO - 0 downstream tasks scheduled from follow-on schedule check
[2026-02-24T10:15:52.640+0800] {local_task_job_runner.py:245} INFO - ::endgroup::
