[2026-02-24T10:47:22.618+0800] {local_task_job_runner.py:123} INFO - ::group::Pre task execution logs
[2026-02-24T10:47:22.635+0800] {taskinstance.py:2631} INFO - Dependencies all met for dep_context=non-requeueable deps ti=<TaskInstance: c_1p1n1n_DAG3.c_1p1n1n_TASK3 manual__2026-02-24T02:47:15.592938+00:00 [queued]>
[2026-02-24T10:47:22.641+0800] {taskinstance.py:2631} INFO - Dependencies all met for dep_context=requeueable deps ti=<TaskInstance: c_1p1n1n_DAG3.c_1p1n1n_TASK3 manual__2026-02-24T02:47:15.592938+00:00 [queued]>
[2026-02-24T10:47:22.641+0800] {taskinstance.py:2884} INFO - Starting attempt 1 of 1
[2026-02-24T10:47:22.654+0800] {taskinstance.py:2907} INFO - Executing <Task(PythonOperator): c_1p1n1n_TASK3> on 2026-02-24 02:47:15.592938+00:00
[2026-02-24T10:47:22.657+0800] {standard_task_runner.py:72} INFO - Started process 5586 to run task
[2026-02-24T10:47:22.664+0800] {standard_task_runner.py:104} INFO - Running: ['airflow', 'tasks', 'run', 'c_1p1n1n_DAG3', 'c_1p1n1n_TASK3', 'manual__2026-02-24T02:47:15.592938+00:00', '--job-id', '226', '--raw', '--subdir', 'DAGS_FOLDER/producer_consumer /1p1n1n.py', '--cfg-path', '/var/folders/f7/4z7jtb213fs0mtgbw_0vs2600000gn/T/tmpfilb0i0f']
[2026-02-24T10:47:22.668+0800] {standard_task_runner.py:105} INFO - Job 226: Subtask c_1p1n1n_TASK3
[2026-02-24T10:47:22.718+0800] {task_command.py:467} INFO - Running <TaskInstance: c_1p1n1n_DAG3.c_1p1n1n_TASK3 manual__2026-02-24T02:47:15.592938+00:00 [running]> on host localhost-2.local
[2026-02-24T10:47:22.788+0800] {taskinstance.py:3157} INFO - Exporting env vars: AIRFLOW_CTX_DAG_OWNER='airflow' AIRFLOW_CTX_DAG_ID='c_1p1n1n_DAG3' AIRFLOW_CTX_TASK_ID='c_1p1n1n_TASK3' AIRFLOW_CTX_EXECUTION_DATE='2026-02-24T02:47:15.592938+00:00' AIRFLOW_CTX_TRY_NUMBER='1' AIRFLOW_CTX_DAG_RUN_ID='manual__2026-02-24T02:47:15.592938+00:00'
[2026-02-24T10:47:22.789+0800] {taskinstance.py:740} INFO - ::endgroup::
[2026-02-24T10:47:22.808+0800] {logging_mixin.py:190} INFO - 【消费者3】开始最终处理...
[2026-02-24T10:47:22.820+0800] {logging_mixin.py:190} INFO - ✅ 成功从消费者 c_1p1n1n_DAG2.c_1p1n1n_TASK2 获取 XCom 值: 434
[2026-02-24T10:47:22.821+0800] {logging_mixin.py:190} INFO - 【消费者3】从消费者2获取的返回值: 434
[2026-02-24T10:47:22.821+0800] {logging_mixin.py:190} INFO - 【消费者3】最终处理后的值: 868
[2026-02-24T10:47:22.822+0800] {logging_mixin.py:190} INFO - 2026-02-24 10:47:22
[2026-02-24T10:47:22.822+0800] {python.py:240} INFO - Done. Returned value was: 868
[2026-02-24T10:47:22.838+0800] {taskinstance.py:349} INFO - ::group::Post task execution logs
[2026-02-24T10:47:22.839+0800] {taskinstance.py:361} INFO - Marking task as SUCCESS. dag_id=c_1p1n1n_DAG3, task_id=c_1p1n1n_TASK3, run_id=manual__2026-02-24T02:47:15.592938+00:00, execution_date=20260224T024715, start_date=20260224T024722, end_date=20260224T024722
[2026-02-24T10:47:22.901+0800] {local_task_job_runner.py:266} INFO - Task exited with return code 0
[2026-02-24T10:47:22.920+0800] {taskinstance.py:3924} INFO - 0 downstream tasks scheduled from follow-on schedule check
[2026-02-24T10:47:22.920+0800] {local_task_job_runner.py:245} INFO - ::endgroup::
