[2026-02-27T13:49:23.136+0800] {local_task_job_runner.py:123} INFO - ::group::Pre task execution logs
[2026-02-27T13:49:23.283+0800] {taskinstance.py:2631} INFO - Dependencies all met for dep_context=non-requeueable deps ti=<TaskInstance: cdrd_新增用户.新增用户 manual__2026-02-27T05:47:58.667278+00:00 [queued]>
[2026-02-27T13:49:23.291+0800] {taskinstance.py:2631} INFO - Dependencies all met for dep_context=requeueable deps ti=<TaskInstance: cdrd_新增用户.新增用户 manual__2026-02-27T05:47:58.667278+00:00 [queued]>
[2026-02-27T13:49:23.291+0800] {taskinstance.py:2884} INFO - Starting attempt 1 of 1
[2026-02-27T13:49:23.306+0800] {taskinstance.py:2907} INFO - Executing <Task(PythonOperator): 新增用户> on 2026-02-27 05:47:58.667278+00:00
[2026-02-27T13:49:23.310+0800] {standard_task_runner.py:72} INFO - Started process 12826 to run task
[2026-02-27T13:49:23.317+0800] {standard_task_runner.py:104} INFO - Running: ['airflow', 'tasks', 'run', 'cdrd_新增用户', '新增用户', 'manual__2026-02-27T05:47:58.667278+00:00', '--job-id', '490', '--raw', '--subdir', 'DAGS_FOLDER/tag_CDRD/系统管理/用户管理/dag_新增用户.py', '--cfg-path', '/var/folders/f7/4z7jtb213fs0mtgbw_0vs2600000gn/T/tmp8i9lxncm']
[2026-02-27T13:49:23.322+0800] {standard_task_runner.py:105} INFO - Job 490: Subtask 新增用户
[2026-02-27T13:49:23.373+0800] {task_command.py:467} INFO - Running <TaskInstance: cdrd_新增用户.新增用户 manual__2026-02-27T05:47:58.667278+00:00 [running]> on host localhost-2.local
[2026-02-27T13:49:23.448+0800] {taskinstance.py:3157} INFO - Exporting env vars: AIRFLOW_CTX_DAG_OWNER='airflow' AIRFLOW_CTX_DAG_ID='cdrd_新增用户' AIRFLOW_CTX_TASK_ID='新增用户' AIRFLOW_CTX_EXECUTION_DATE='2026-02-27T05:47:58.667278+00:00' AIRFLOW_CTX_TRY_NUMBER='1' AIRFLOW_CTX_DAG_RUN_ID='manual__2026-02-27T05:47:58.667278+00:00'
[2026-02-27T13:49:23.450+0800] {taskinstance.py:740} INFO - ::endgroup::
[2026-02-27T13:49:23.467+0800] {logging_mixin.py:190} INFO - ==================================================
[2026-02-27T13:49:23.468+0800] {logging_mixin.py:190} INFO - 【消费者1】开始执行系统管理-用户管理测试用例...
[2026-02-27T13:49:23.468+0800] {logging_mixin.py:190} INFO - ==================================================
[2026-02-27T13:49:23.473+0800] {logging_mixin.py:190} INFO - 从XCom获取到的测试用例数据: 3 条
[2026-02-27T13:49:23.474+0800] {logging_mixin.py:190} INFO - 找到匹配的测试用例: 新增用户.py
[2026-02-27T13:49:23.475+0800] {logging_mixin.py:190} INFO - 执行路径: 系统管理/用户管理/新增用户.py
[2026-02-27T13:49:23.476+0800] {logging_mixin.py:190} INFO - 开始执行测试用例: 系统管理/用户管理/新增用户.py
[2026-02-27T13:49:23.476+0800] {logging_mixin.py:190} INFO - 准备执行Playwright脚本: /Users/linghuchong/Downloads/51/Python/project/instance/zyjk/CDRD/web/系统管理/用户管理/新增用户.py
[2026-02-27T13:49:23.876+0800] {logging_mixin.py:190} INFO - 随机生成测试数据: [['孙峰', '14504836226', 'mintan@example.net', '153042', '539892']]
[2026-02-27T13:49:23.877+0800] {logging_mixin.py:190} INFO - ✅ 找到run_playwright函数，开始执行...
[2026-02-27T13:49:33.156+0800] {logging_mixin.py:190} INFO - ✅ Playwright执行完成，返回结果: {'nick_name': '孙峰', 'phonenumber': '14504836226', 'email': 'mintan@example.net', 'user_name': '153042', 'job_num': '539892'}
[2026-02-27T13:49:33.158+0800] {logging_mixin.py:190} INFO - Playwright执行结果: {'nick_name': '孙峰', 'phonenumber': '14504836226', 'email': 'mintan@example.net', 'user_name': '153042', 'job_num': '539892'}
[2026-02-27T13:49:33.160+0800] {logging_mixin.py:190} INFO - 正则替换结果: [{"k": "select count(*) as qty from sys_user where job_num='539892'", "v": 1},{"k": "select count(*) as qty from sys_user where user_name='153042'", "v": 2}]
[2026-02-27T13:49:33.161+0800] {logging_mixin.py:190} INFO - 解析后的验证数据: [{'k': "select count(*) as qty from sys_user where job_num='539892'", 'v': 1}, {'k': "select count(*) as qty from sys_user where user_name='153042'", 'v': 2}]
[2026-02-27T13:49:33.168+0800] {logging_mixin.py:190} INFO - ❌ 断言失败
[2026-02-27T13:49:33.232+0800] {logging_mixin.py:190} INFO - ❌ 断言失败
[2026-02-27T13:49:33.311+0800] {logging_mixin.py:190} INFO - ❌ 测试用例执行失败
[2026-02-27T13:49:33.311+0800] {logging_mixin.py:190} INFO - 跳过不匹配的测试用例: 模块=系统管理, 子模块=角色管理, 脚本=新增角色.py
[2026-02-27T13:49:33.312+0800] {logging_mixin.py:190} INFO - 跳过不匹配的测试用例: 模块=系统管理, 子模块=角色管理, 脚本=编辑角色.py
[2026-02-27T13:49:33.312+0800] {logging_mixin.py:190} INFO - ==================================================
[2026-02-27T13:49:33.312+0800] {logging_mixin.py:190} INFO - 【消费者1】执行完成 - 成功: 0, 失败: 1
[2026-02-27T13:49:33.313+0800] {logging_mixin.py:190} INFO - ==================================================
[2026-02-27T13:49:33.314+0800] {python.py:240} INFO - Done. Returned value was: {'module': '系统管理-用户管理', 'success_count': 0, 'fail_count': 1, 'total_count': 1}
[2026-02-27T13:49:33.343+0800] {taskinstance.py:349} INFO - ::group::Post task execution logs
[2026-02-27T13:49:33.344+0800] {taskinstance.py:361} INFO - Marking task as SUCCESS. dag_id=cdrd_新增用户, task_id=新增用户, run_id=manual__2026-02-27T05:47:58.667278+00:00, execution_date=20260227T054758, start_date=20260227T054923, end_date=20260227T054933
[2026-02-27T13:49:33.410+0800] {local_task_job_runner.py:266} INFO - Task exited with return code 0
[2026-02-27T13:49:33.447+0800] {taskinstance.py:3924} INFO - 1 downstream tasks scheduled from follow-on schedule check
[2026-02-27T13:49:33.449+0800] {local_task_job_runner.py:245} INFO - ::endgroup::
