[2026-02-12T21:27:08.052+0800] {processor.py:161} INFO - Started process (PID=27494) to work on /Users/linghuchong/miniconda3/envs/airflow284/lib/python3.11/site-packages/airflow/example_dags/example_subdag_operator.py
[2026-02-12T21:27:08.053+0800] {processor.py:830} INFO - Processing file /Users/linghuchong/miniconda3/envs/airflow284/lib/python3.11/site-packages/airflow/example_dags/example_subdag_operator.py for tasks to queue
[2026-02-12T21:27:08.054+0800] {logging_mixin.py:188} INFO - [2026-02-12T21:27:08.053+0800] {dagbag.py:540} INFO - Filling up the DagBag from /Users/linghuchong/miniconda3/envs/airflow284/lib/python3.11/site-packages/airflow/example_dags/example_subdag_operator.py
[2026-02-12T21:27:08.161+0800] {processor.py:840} INFO - DAG(s) 'example_subdag_operator.section-1', 'example_subdag_operator.section-2', 'example_subdag_operator' retrieved from /Users/linghuchong/miniconda3/envs/airflow284/lib/python3.11/site-packages/airflow/example_dags/example_subdag_operator.py
[2026-02-12T21:27:08.339+0800] {logging_mixin.py:188} INFO - [2026-02-12T21:27:08.339+0800] {dag.py:3047} INFO - Sync 3 DAGs
[2026-02-12T21:27:08.359+0800] {logging_mixin.py:188} INFO - [2026-02-12T21:27:08.358+0800] {dag.py:3834} INFO - Setting next_dagrun for example_subdag_operator to 2022-01-01 00:00:00+00:00, run_after=2022-01-01 00:00:00+00:00
[2026-02-12T21:27:08.361+0800] {logging_mixin.py:188} INFO - [2026-02-12T21:27:08.361+0800] {dag.py:3834} INFO - Setting next_dagrun for example_subdag_operator.section-1 to None, run_after=None
[2026-02-12T21:27:08.363+0800] {logging_mixin.py:188} INFO - [2026-02-12T21:27:08.363+0800] {dag.py:3834} INFO - Setting next_dagrun for example_subdag_operator.section-2 to None, run_after=None
[2026-02-12T21:27:08.373+0800] {logging_mixin.py:188} INFO - [2026-02-12T21:27:08.373+0800] {dag.py:3047} INFO - Sync 2 DAGs
[2026-02-12T21:27:08.379+0800] {logging_mixin.py:188} INFO - [2026-02-12T21:27:08.379+0800] {dag.py:3834} INFO - Setting next_dagrun for example_subdag_operator.section-1 to None, run_after=None
[2026-02-12T21:27:08.379+0800] {logging_mixin.py:188} INFO - [2026-02-12T21:27:08.379+0800] {dag.py:3834} INFO - Setting next_dagrun for example_subdag_operator.section-2 to None, run_after=None
[2026-02-12T21:27:08.394+0800] {processor.py:183} INFO - Processing /Users/linghuchong/miniconda3/envs/airflow284/lib/python3.11/site-packages/airflow/example_dags/example_subdag_operator.py took 0.344 seconds
[2026-02-12T21:27:59.178+0800] {processor.py:161} INFO - Started process (PID=27573) to work on /Users/linghuchong/miniconda3/envs/airflow284/lib/python3.11/site-packages/airflow/example_dags/example_subdag_operator.py
[2026-02-12T21:27:59.180+0800] {processor.py:830} INFO - Processing file /Users/linghuchong/miniconda3/envs/airflow284/lib/python3.11/site-packages/airflow/example_dags/example_subdag_operator.py for tasks to queue
[2026-02-12T21:27:59.181+0800] {logging_mixin.py:188} INFO - [2026-02-12T21:27:59.180+0800] {dagbag.py:540} INFO - Filling up the DagBag from /Users/linghuchong/miniconda3/envs/airflow284/lib/python3.11/site-packages/airflow/example_dags/example_subdag_operator.py
[2026-02-12T21:27:59.303+0800] {processor.py:840} INFO - DAG(s) 'example_subdag_operator.section-1', 'example_subdag_operator.section-2', 'example_subdag_operator' retrieved from /Users/linghuchong/miniconda3/envs/airflow284/lib/python3.11/site-packages/airflow/example_dags/example_subdag_operator.py
[2026-02-12T21:27:59.339+0800] {logging_mixin.py:188} INFO - [2026-02-12T21:27:59.338+0800] {dag.py:3047} INFO - Sync 3 DAGs
[2026-02-12T21:27:59.360+0800] {logging_mixin.py:188} INFO - [2026-02-12T21:27:59.360+0800] {dag.py:3834} INFO - Setting next_dagrun for example_subdag_operator to 2022-01-01 00:00:00+00:00, run_after=2022-01-01 00:00:00+00:00
[2026-02-12T21:27:59.364+0800] {logging_mixin.py:188} INFO - [2026-02-12T21:27:59.363+0800] {dag.py:3834} INFO - Setting next_dagrun for example_subdag_operator.section-1 to None, run_after=None
[2026-02-12T21:27:59.365+0800] {logging_mixin.py:188} INFO - [2026-02-12T21:27:59.365+0800] {dag.py:3834} INFO - Setting next_dagrun for example_subdag_operator.section-2 to None, run_after=None
[2026-02-12T21:27:59.375+0800] {logging_mixin.py:188} INFO - [2026-02-12T21:27:59.375+0800] {dag.py:3047} INFO - Sync 2 DAGs
[2026-02-12T21:27:59.382+0800] {logging_mixin.py:188} INFO - [2026-02-12T21:27:59.382+0800] {dag.py:3834} INFO - Setting next_dagrun for example_subdag_operator.section-1 to None, run_after=None
[2026-02-12T21:27:59.382+0800] {logging_mixin.py:188} INFO - [2026-02-12T21:27:59.382+0800] {dag.py:3834} INFO - Setting next_dagrun for example_subdag_operator.section-2 to None, run_after=None
[2026-02-12T21:27:59.397+0800] {processor.py:183} INFO - Processing /Users/linghuchong/miniconda3/envs/airflow284/lib/python3.11/site-packages/airflow/example_dags/example_subdag_operator.py took 0.222 seconds
