[2026-02-12T21:27:30.355+0800] {processor.py:161} INFO - Started process (PID=27523) to work on /Users/linghuchong/miniconda3/envs/airflow284/lib/python3.11/site-packages/airflow/example_dags/example_datasets.py
[2026-02-12T21:27:30.356+0800] {processor.py:830} INFO - Processing file /Users/linghuchong/miniconda3/envs/airflow284/lib/python3.11/site-packages/airflow/example_dags/example_datasets.py for tasks to queue
[2026-02-12T21:27:30.357+0800] {logging_mixin.py:188} INFO - [2026-02-12T21:27:30.356+0800] {dagbag.py:540} INFO - Filling up the DagBag from /Users/linghuchong/miniconda3/envs/airflow284/lib/python3.11/site-packages/airflow/example_dags/example_datasets.py
[2026-02-12T21:27:30.369+0800] {processor.py:840} INFO - DAG(s) 'dataset_produces_1', 'dataset_consumes_1_never_scheduled', 'dataset_consumes_1', 'dataset_produces_2', 'dataset_consumes_unknown_never_scheduled', 'dataset_consumes_1_and_2' retrieved from /Users/linghuchong/miniconda3/envs/airflow284/lib/python3.11/site-packages/airflow/example_dags/example_datasets.py
[2026-02-12T21:27:30.689+0800] {logging_mixin.py:188} INFO - [2026-02-12T21:27:30.688+0800] {dag.py:3047} INFO - Sync 6 DAGs
[2026-02-12T21:27:30.709+0800] {logging_mixin.py:188} INFO - [2026-02-12T21:27:30.709+0800] {dag.py:3834} INFO - Setting next_dagrun for dataset_consumes_1 to None, run_after=None
[2026-02-12T21:27:30.714+0800] {logging_mixin.py:188} INFO - [2026-02-12T21:27:30.714+0800] {dag.py:3834} INFO - Setting next_dagrun for dataset_consumes_1_and_2 to None, run_after=None
[2026-02-12T21:27:30.716+0800] {logging_mixin.py:188} INFO - [2026-02-12T21:27:30.716+0800] {dag.py:3834} INFO - Setting next_dagrun for dataset_consumes_1_never_scheduled to None, run_after=None
[2026-02-12T21:27:30.720+0800] {logging_mixin.py:188} INFO - [2026-02-12T21:27:30.720+0800] {dag.py:3834} INFO - Setting next_dagrun for dataset_consumes_unknown_never_scheduled to None, run_after=None
[2026-02-12T21:27:30.723+0800] {logging_mixin.py:188} INFO - [2026-02-12T21:27:30.723+0800] {dag.py:3834} INFO - Setting next_dagrun for dataset_produces_1 to 2026-02-11 00:00:00+00:00, run_after=2026-02-12 00:00:00+00:00
[2026-02-12T21:27:30.725+0800] {logging_mixin.py:188} INFO - [2026-02-12T21:27:30.725+0800] {dag.py:3834} INFO - Setting next_dagrun for dataset_produces_2 to None, run_after=None
[2026-02-12T21:27:30.789+0800] {processor.py:183} INFO - Processing /Users/linghuchong/miniconda3/envs/airflow284/lib/python3.11/site-packages/airflow/example_dags/example_datasets.py took 0.435 seconds
[2026-02-12T21:28:19.176+0800] {processor.py:161} INFO - Started process (PID=27607) to work on /Users/linghuchong/miniconda3/envs/airflow284/lib/python3.11/site-packages/airflow/example_dags/example_datasets.py
[2026-02-12T21:28:19.177+0800] {processor.py:830} INFO - Processing file /Users/linghuchong/miniconda3/envs/airflow284/lib/python3.11/site-packages/airflow/example_dags/example_datasets.py for tasks to queue
[2026-02-12T21:28:19.177+0800] {logging_mixin.py:188} INFO - [2026-02-12T21:28:19.177+0800] {dagbag.py:540} INFO - Filling up the DagBag from /Users/linghuchong/miniconda3/envs/airflow284/lib/python3.11/site-packages/airflow/example_dags/example_datasets.py
[2026-02-12T21:28:19.188+0800] {processor.py:840} INFO - DAG(s) 'dataset_consumes_1_and_2', 'dataset_produces_1', 'dataset_produces_2', 'dataset_consumes_1_never_scheduled', 'dataset_consumes_1', 'dataset_consumes_unknown_never_scheduled' retrieved from /Users/linghuchong/miniconda3/envs/airflow284/lib/python3.11/site-packages/airflow/example_dags/example_datasets.py
[2026-02-12T21:28:19.314+0800] {logging_mixin.py:188} INFO - [2026-02-12T21:28:19.314+0800] {dag.py:3047} INFO - Sync 6 DAGs
[2026-02-12T21:28:19.350+0800] {logging_mixin.py:188} INFO - [2026-02-12T21:28:19.349+0800] {dag.py:3834} INFO - Setting next_dagrun for dataset_consumes_1 to None, run_after=None
[2026-02-12T21:28:19.353+0800] {logging_mixin.py:188} INFO - [2026-02-12T21:28:19.353+0800] {dag.py:3834} INFO - Setting next_dagrun for dataset_consumes_1_and_2 to None, run_after=None
[2026-02-12T21:28:19.355+0800] {logging_mixin.py:188} INFO - [2026-02-12T21:28:19.354+0800] {dag.py:3834} INFO - Setting next_dagrun for dataset_consumes_1_never_scheduled to None, run_after=None
[2026-02-12T21:28:19.356+0800] {logging_mixin.py:188} INFO - [2026-02-12T21:28:19.356+0800] {dag.py:3834} INFO - Setting next_dagrun for dataset_consumes_unknown_never_scheduled to None, run_after=None
[2026-02-12T21:28:19.359+0800] {logging_mixin.py:188} INFO - [2026-02-12T21:28:19.359+0800] {dag.py:3834} INFO - Setting next_dagrun for dataset_produces_1 to 2026-02-11 00:00:00+00:00, run_after=2026-02-12 00:00:00+00:00
[2026-02-12T21:28:19.361+0800] {logging_mixin.py:188} INFO - [2026-02-12T21:28:19.360+0800] {dag.py:3834} INFO - Setting next_dagrun for dataset_produces_2 to None, run_after=None
[2026-02-12T21:28:19.409+0800] {processor.py:183} INFO - Processing /Users/linghuchong/miniconda3/envs/airflow284/lib/python3.11/site-packages/airflow/example_dags/example_datasets.py took 0.235 seconds
