[2026-02-14T00:00:03.967+0800] {local_task_job_runner.py:123} INFO - ::group::Pre task execution logs
[2026-02-14T00:00:03.979+0800] {taskinstance.py:2631} INFO - Dependencies all met for dep_context=non-requeueable deps ti=<TaskInstance: dw_order_sync.sync_order_data scheduled__2026-02-12T16:00:00+00:00 [queued]>
[2026-02-14T00:00:03.984+0800] {taskinstance.py:2631} INFO - Dependencies all met for dep_context=requeueable deps ti=<TaskInstance: dw_order_sync.sync_order_data scheduled__2026-02-12T16:00:00+00:00 [queued]>
[2026-02-14T00:00:03.984+0800] {taskinstance.py:2884} INFO - Starting attempt 1 of 1
[2026-02-14T00:00:03.995+0800] {taskinstance.py:2907} INFO - Executing <Task(BashOperator): sync_order_data> on 2026-02-12 16:00:00+00:00
[2026-02-14T00:00:03.997+0800] {standard_task_runner.py:72} INFO - Started process 7943 to run task
[2026-02-14T00:00:04.004+0800] {standard_task_runner.py:104} INFO - Running: ['airflow', 'tasks', 'run', 'dw_order_sync', 'sync_order_data', 'scheduled__2026-02-12T16:00:00+00:00', '--job-id', '95', '--raw', '--subdir', 'DAGS_FOLDER/tag_data_warehouse/dw_order_sync.py', '--cfg-path', '/var/folders/f7/4z7jtb213fs0mtgbw_0vs2600000gn/T/tmprkrbchjn']
[2026-02-14T00:00:04.008+0800] {standard_task_runner.py:105} INFO - Job 95: Subtask sync_order_data
[2026-02-14T00:00:04.049+0800] {task_command.py:467} INFO - Running <TaskInstance: dw_order_sync.sync_order_data scheduled__2026-02-12T16:00:00+00:00 [running]> on host localhost-2.local
[2026-02-14T00:00:04.289+0800] {taskinstance.py:3157} INFO - Exporting env vars: AIRFLOW_CTX_DAG_OWNER='airflow' AIRFLOW_CTX_DAG_ID='dw_order_sync' AIRFLOW_CTX_TASK_ID='sync_order_data' AIRFLOW_CTX_EXECUTION_DATE='2026-02-12T16:00:00+00:00' AIRFLOW_CTX_TRY_NUMBER='1' AIRFLOW_CTX_DAG_RUN_ID='scheduled__2026-02-12T16:00:00+00:00'
[2026-02-14T00:00:04.291+0800] {taskinstance.py:740} INFO - ::endgroup::
[2026-02-14T00:00:04.307+0800] {subprocess.py:78} INFO - Tmp dir root location: /var/folders/f7/4z7jtb213fs0mtgbw_0vs2600000gn/T
[2026-02-14T00:00:04.308+0800] {subprocess.py:88} INFO - Running command: ['/bin/bash', '-c', 'echo "同步订单数据到数据仓库"']
[2026-02-14T00:00:04.315+0800] {subprocess.py:99} INFO - Output:
[2026-02-14T00:00:04.317+0800] {subprocess.py:106} INFO - 同步订单数据到数据仓库
[2026-02-14T00:00:04.318+0800] {subprocess.py:110} INFO - Command exited with return code 0
[2026-02-14T00:00:04.328+0800] {taskinstance.py:349} INFO - ::group::Post task execution logs
[2026-02-14T00:00:04.329+0800] {taskinstance.py:361} INFO - Marking task as SUCCESS. dag_id=dw_order_sync, task_id=sync_order_data, run_id=scheduled__2026-02-12T16:00:00+00:00, execution_date=20260212T160000, start_date=20260213T160003, end_date=20260213T160004
[2026-02-14T00:00:04.364+0800] {local_task_job_runner.py:266} INFO - Task exited with return code 0
[2026-02-14T00:00:04.391+0800] {taskinstance.py:3924} INFO - 1 downstream tasks scheduled from follow-on schedule check
[2026-02-14T00:00:04.395+0800] {local_task_job_runner.py:245} INFO - ::endgroup::
