[2026-02-27T12:30:02.404+0800] {local_task_job_runner.py:123} INFO - ::group::Pre task execution logs
[2026-02-27T12:30:02.421+0800] {taskinstance.py:2631} INFO - Dependencies all met for dep_context=non-requeueable deps ti=<TaskInstance: cdrd_新增角色_编辑角色.新增角色 manual__2026-02-27T04:29:36.991328+00:00 [queued]>
[2026-02-27T12:30:02.430+0800] {taskinstance.py:2631} INFO - Dependencies all met for dep_context=requeueable deps ti=<TaskInstance: cdrd_新增角色_编辑角色.新增角色 manual__2026-02-27T04:29:36.991328+00:00 [queued]>
[2026-02-27T12:30:02.430+0800] {taskinstance.py:2884} INFO - Starting attempt 1 of 1
[2026-02-27T12:30:02.445+0800] {taskinstance.py:2907} INFO - Executing <Task(PythonOperator): 新增角色> on 2026-02-27 04:29:36.991328+00:00
[2026-02-27T12:30:02.448+0800] {standard_task_runner.py:72} INFO - Started process 10162 to run task
[2026-02-27T12:30:02.456+0800] {standard_task_runner.py:104} INFO - Running: ['airflow', 'tasks', 'run', 'cdrd_新增角色_编辑角色', '新增角色', 'manual__2026-02-27T04:29:36.991328+00:00', '--job-id', '513', '--raw', '--subdir', 'DAGS_FOLDER/tag_CDRD/系统管理/角色管理/dag_新增角色_编辑角色.py', '--cfg-path', '/var/folders/f7/4z7jtb213fs0mtgbw_0vs2600000gn/T/tmpyy8w28ub']
[2026-02-27T12:30:02.461+0800] {standard_task_runner.py:105} INFO - Job 513: Subtask 新增角色
[2026-02-27T12:30:02.513+0800] {task_command.py:467} INFO - Running <TaskInstance: cdrd_新增角色_编辑角色.新增角色 manual__2026-02-27T04:29:36.991328+00:00 [running]> on host localhost-2.local
[2026-02-27T12:30:02.607+0800] {taskinstance.py:3157} INFO - Exporting env vars: AIRFLOW_CTX_DAG_OWNER='airflow' AIRFLOW_CTX_DAG_ID='cdrd_新增角色_编辑角色' AIRFLOW_CTX_TASK_ID='新增角色' AIRFLOW_CTX_EXECUTION_DATE='2026-02-27T04:29:36.991328+00:00' AIRFLOW_CTX_TRY_NUMBER='1' AIRFLOW_CTX_DAG_RUN_ID='manual__2026-02-27T04:29:36.991328+00:00'
[2026-02-27T12:30:02.608+0800] {taskinstance.py:740} INFO - ::endgroup::
[2026-02-27T12:30:02.626+0800] {logging_mixin.py:190} INFO - ==================================================
[2026-02-27T12:30:02.627+0800] {logging_mixin.py:190} INFO - 【消费者1】开始执行新增角色测试用例...
[2026-02-27T12:30:02.627+0800] {logging_mixin.py:190} INFO - ==================================================
[2026-02-27T12:30:02.633+0800] {logging_mixin.py:190} INFO - 从XCom获取到的测试用例数据: 3 条
[2026-02-27T12:30:02.633+0800] {logging_mixin.py:190} INFO - 跳过不匹配的测试用例: 模块=系统管理, 子模块=用户管理, 脚本=新增用户.py
[2026-02-27T12:30:02.634+0800] {logging_mixin.py:190} INFO - 找到新增角色测试用例: 新增角色.py
[2026-02-27T12:30:02.634+0800] {logging_mixin.py:190} INFO - 执行路径: 系统管理/角色管理/新增角色.py
[2026-02-27T12:30:02.634+0800] {logging_mixin.py:190} INFO - 开始执行测试用例: 系统管理/角色管理/新增角色.py
[2026-02-27T12:30:02.635+0800] {logging_mixin.py:190} INFO - 准备执行Playwright脚本: /Users/linghuchong/Downloads/51/Python/project/instance/zyjk/CDRD/web/系统管理/角色管理/新增角色.py
[2026-02-27T12:30:02.952+0800] {logging_mixin.py:190} INFO - 随机生成测试数据: [['周玉英', '310086', '湖北省桂芝市南长潮州路q座 153585']]
[2026-02-27T12:30:02.952+0800] {logging_mixin.py:190} INFO - ✅ 找到run_playwright函数，开始执行...
[2026-02-27T12:30:08.715+0800] {logging_mixin.py:190} INFO - ✅ Playwright执行完成，返回结果: {'role_name': '周玉英', 'role_sort': '310086', 'remark': '湖北省桂芝市南长潮州路q座 153585'}
[2026-02-27T12:30:08.716+0800] {logging_mixin.py:190} INFO - Playwright执行结果: {'role_name': '周玉英', 'role_sort': '310086', 'remark': '湖北省桂芝市南长潮州路q座 153585'}
[2026-02-27T12:30:08.717+0800] {logging_mixin.py:190} INFO - 正则替换结果: [{"k": "select count(*) as qty from sys_role where role_name='周玉英'", "v": 1}]
[2026-02-27T12:30:08.717+0800] {logging_mixin.py:190} INFO - 解析后的验证数据: [{'k': "select count(*) as qty from sys_role where role_name='周玉英'", 'v': 1}]
[2026-02-27T12:30:08.723+0800] {logging_mixin.py:190} INFO - 查询结果: 0
[2026-02-27T12:30:08.724+0800] {logging_mixin.py:190} INFO - ❌ 断言失败
[2026-02-27T12:30:08.809+0800] {logging_mixin.py:190} INFO - ❌ 新增角色测试用例执行失败
[2026-02-27T12:30:08.810+0800] {logging_mixin.py:190} INFO - 跳过不匹配的测试用例: 模块=系统管理, 子模块=角色管理, 脚本=编辑角色.py
[2026-02-27T12:30:08.810+0800] {logging_mixin.py:190} INFO - ==================================================
[2026-02-27T12:30:08.811+0800] {logging_mixin.py:190} INFO - 【消费者1】新增角色执行完成 - 成功: 0, 失败: 1
[2026-02-27T12:30:08.811+0800] {logging_mixin.py:190} INFO - ==================================================
[2026-02-27T12:30:08.812+0800] {python.py:240} INFO - Done. Returned value was: {'module': '系统管理-角色管理-新增角色', 'success_count': 0, 'fail_count': 1, 'total_count': 1}
[2026-02-27T12:30:08.830+0800] {taskinstance.py:349} INFO - ::group::Post task execution logs
[2026-02-27T12:30:08.831+0800] {taskinstance.py:361} INFO - Marking task as SUCCESS. dag_id=cdrd_新增角色_编辑角色, task_id=新增角色, run_id=manual__2026-02-27T04:29:36.991328+00:00, execution_date=20260227T042936, start_date=20260227T043002, end_date=20260227T043008
[2026-02-27T12:30:08.873+0800] {local_task_job_runner.py:266} INFO - Task exited with return code 0
[2026-02-27T12:30:08.900+0800] {taskinstance.py:3924} INFO - 0 downstream tasks scheduled from follow-on schedule check
[2026-02-27T12:30:08.901+0800] {local_task_job_runner.py:245} INFO - ::endgroup::
