[2026-02-27T12:18:27.724+0800] {local_task_job_runner.py:123} INFO - ::group::Pre task execution logs
[2026-02-27T12:18:27.742+0800] {taskinstance.py:2631} INFO - Dependencies all met for dep_context=non-requeueable deps ti=<TaskInstance: cdrd_新增用户.新增用户 manual__2026-02-27T04:18:08.850854+00:00 [queued]>
[2026-02-27T12:18:27.750+0800] {taskinstance.py:2631} INFO - Dependencies all met for dep_context=requeueable deps ti=<TaskInstance: cdrd_新增用户.新增用户 manual__2026-02-27T04:18:08.850854+00:00 [queued]>
[2026-02-27T12:18:27.751+0800] {taskinstance.py:2884} INFO - Starting attempt 1 of 1
[2026-02-27T12:18:27.764+0800] {taskinstance.py:2907} INFO - Executing <Task(PythonOperator): 新增用户> on 2026-02-27 04:18:08.850854+00:00
[2026-02-27T12:18:27.768+0800] {standard_task_runner.py:72} INFO - Started process 9506 to run task
[2026-02-27T12:18:27.775+0800] {standard_task_runner.py:104} INFO - Running: ['airflow', 'tasks', 'run', 'cdrd_新增用户', '新增用户', 'manual__2026-02-27T04:18:08.850854+00:00', '--job-id', '494', '--raw', '--subdir', 'DAGS_FOLDER/tag_CDRD/系统管理/用户管理/dag_新增用户.py', '--cfg-path', '/var/folders/f7/4z7jtb213fs0mtgbw_0vs2600000gn/T/tmps2p1n09_']
[2026-02-27T12:18:27.780+0800] {standard_task_runner.py:105} INFO - Job 494: Subtask 新增用户
[2026-02-27T12:18:27.853+0800] {task_command.py:467} INFO - Running <TaskInstance: cdrd_新增用户.新增用户 manual__2026-02-27T04:18:08.850854+00:00 [running]> on host localhost-2.local
[2026-02-27T12:18:27.933+0800] {taskinstance.py:3157} INFO - Exporting env vars: AIRFLOW_CTX_DAG_OWNER='airflow' AIRFLOW_CTX_DAG_ID='cdrd_新增用户' AIRFLOW_CTX_TASK_ID='新增用户' AIRFLOW_CTX_EXECUTION_DATE='2026-02-27T04:18:08.850854+00:00' AIRFLOW_CTX_TRY_NUMBER='1' AIRFLOW_CTX_DAG_RUN_ID='manual__2026-02-27T04:18:08.850854+00:00'
[2026-02-27T12:18:27.935+0800] {taskinstance.py:740} INFO - ::endgroup::
[2026-02-27T12:18:27.957+0800] {logging_mixin.py:190} INFO - ==================================================
[2026-02-27T12:18:27.957+0800] {logging_mixin.py:190} INFO - 【消费者1】开始执行系统管理-用户管理测试用例...
[2026-02-27T12:18:27.958+0800] {logging_mixin.py:190} INFO - ==================================================
[2026-02-27T12:18:27.963+0800] {logging_mixin.py:190} INFO - ==================================================
[2026-02-27T12:18:27.963+0800] {logging_mixin.py:190} INFO - 【消费者1】执行完成 - 成功: 0, 失败: 0
[2026-02-27T12:18:27.964+0800] {logging_mixin.py:190} INFO - ==================================================
[2026-02-27T12:18:27.964+0800] {python.py:240} INFO - Done. Returned value was: {'module': '系统管理-用户管理', 'success_count': 0, 'fail_count': 0, 'total_count': 0}
[2026-02-27T12:18:27.979+0800] {taskinstance.py:349} INFO - ::group::Post task execution logs
[2026-02-27T12:18:27.980+0800] {taskinstance.py:361} INFO - Marking task as SUCCESS. dag_id=cdrd_新增用户, task_id=新增用户, run_id=manual__2026-02-27T04:18:08.850854+00:00, execution_date=20260227T041808, start_date=20260227T041827, end_date=20260227T041827
[2026-02-27T12:18:28.016+0800] {local_task_job_runner.py:266} INFO - Task exited with return code 0
[2026-02-27T12:18:28.050+0800] {taskinstance.py:3924} INFO - 1 downstream tasks scheduled from follow-on schedule check
[2026-02-27T12:18:28.052+0800] {local_task_job_runner.py:245} INFO - ::endgroup::
