[2026-02-27T12:11:30.960+0800] {local_task_job_runner.py:123} INFO - ::group::Pre task execution logs
[2026-02-27T12:11:31.109+0800] {taskinstance.py:2631} INFO - Dependencies all met for dep_context=non-requeueable deps ti=<TaskInstance: cdrd_新增角色_编辑角色.收尾工作 manual__2026-02-27T04:10:57.947250+00:00 [queued]>
[2026-02-27T12:11:31.118+0800] {taskinstance.py:2631} INFO - Dependencies all met for dep_context=requeueable deps ti=<TaskInstance: cdrd_新增角色_编辑角色.收尾工作 manual__2026-02-27T04:10:57.947250+00:00 [queued]>
[2026-02-27T12:11:31.118+0800] {taskinstance.py:2884} INFO - Starting attempt 1 of 1
[2026-02-27T12:11:31.132+0800] {taskinstance.py:2907} INFO - Executing <Task(PythonOperator): 收尾工作> on 2026-02-27 04:10:57.947250+00:00
[2026-02-27T12:11:31.136+0800] {standard_task_runner.py:72} INFO - Started process 9211 to run task
[2026-02-27T12:11:31.143+0800] {standard_task_runner.py:104} INFO - Running: ['airflow', 'tasks', 'run', 'cdrd_新增角色_编辑角色', '收尾工作', 'manual__2026-02-27T04:10:57.947250+00:00', '--job-id', '489', '--raw', '--subdir', 'DAGS_FOLDER/tag_CDRD/系统管理/角色管理/dag_新增角色_编辑角色.py', '--cfg-path', '/var/folders/f7/4z7jtb213fs0mtgbw_0vs2600000gn/T/tmpvsie27eq']
[2026-02-27T12:11:31.148+0800] {standard_task_runner.py:105} INFO - Job 489: Subtask 收尾工作
[2026-02-27T12:11:31.198+0800] {task_command.py:467} INFO - Running <TaskInstance: cdrd_新增角色_编辑角色.收尾工作 manual__2026-02-27T04:10:57.947250+00:00 [running]> on host localhost-2.local
[2026-02-27T12:11:31.273+0800] {taskinstance.py:3157} INFO - Exporting env vars: AIRFLOW_CTX_DAG_OWNER='airflow' AIRFLOW_CTX_DAG_ID='cdrd_新增角色_编辑角色' AIRFLOW_CTX_TASK_ID='收尾工作' AIRFLOW_CTX_EXECUTION_DATE='2026-02-27T04:10:57.947250+00:00' AIRFLOW_CTX_TRY_NUMBER='1' AIRFLOW_CTX_DAG_RUN_ID='manual__2026-02-27T04:10:57.947250+00:00'
[2026-02-27T12:11:31.274+0800] {taskinstance.py:740} INFO - ::endgroup::
[2026-02-27T12:11:31.294+0800] {logging_mixin.py:190} INFO - ==================================================
[2026-02-27T12:11:31.294+0800] {logging_mixin.py:190} INFO - 【收尾工作】开始汇总测试结果...
[2026-02-27T12:11:31.294+0800] {logging_mixin.py:190} INFO - ==================================================
[2026-02-27T12:11:31.302+0800] {logging_mixin.py:190} INFO - 消费者1结果: None
[2026-02-27T12:11:31.304+0800] {logging_mixin.py:190} INFO - 消费者2结果: {'module': '系统管理-角色管理', 'success_count': 0, 'fail_count': 0, 'total_count': 0}
[2026-02-27T12:11:31.386+0800] {logging_mixin.py:190} INFO - ==================================================
[2026-02-27T12:11:31.387+0800] {logging_mixin.py:190} INFO - 【收尾工作】测试执行汇总 - 总计:0,通过:0,失败:0
[2026-02-27T12:11:31.388+0800] {logging_mixin.py:190} INFO - ==================================================
[2026-02-27T12:11:31.389+0800] {python.py:240} INFO - Done. Returned value was: {'summary': '总计:0,通过:0,失败:0', 'total_tests': 0, 'total_success': 0, 'total_fail': 0, 'execution_time': '2026-02-27 12:11:31'}
[2026-02-27T12:11:31.402+0800] {taskinstance.py:349} INFO - ::group::Post task execution logs
[2026-02-27T12:11:31.403+0800] {taskinstance.py:361} INFO - Marking task as SUCCESS. dag_id=cdrd_新增角色_编辑角色, task_id=收尾工作, run_id=manual__2026-02-27T04:10:57.947250+00:00, execution_date=20260227T041057, start_date=20260227T041131, end_date=20260227T041131
[2026-02-27T12:11:31.470+0800] {local_task_job_runner.py:266} INFO - Task exited with return code 0
[2026-02-27T12:11:31.493+0800] {taskinstance.py:3924} INFO - 0 downstream tasks scheduled from follow-on schedule check
[2026-02-27T12:11:31.494+0800] {local_task_job_runner.py:245} INFO - ::endgroup::
