[2026-03-01T20:33:59.666+0800] {local_task_job_runner.py:123} INFO - ::group::Pre task execution logs
[2026-03-01T20:33:59.686+0800] {taskinstance.py:2631} INFO - Dependencies all met for dep_context=non-requeueable deps ti=<TaskInstance: cdrd_角色管理.新增角色 manual__2026-03-01T12:33:05+00:00 [queued]>
[2026-03-01T20:33:59.696+0800] {taskinstance.py:2631} INFO - Dependencies all met for dep_context=requeueable deps ti=<TaskInstance: cdrd_角色管理.新增角色 manual__2026-03-01T12:33:05+00:00 [queued]>
[2026-03-01T20:33:59.697+0800] {taskinstance.py:2884} INFO - Starting attempt 1 of 1
[2026-03-01T20:33:59.711+0800] {taskinstance.py:2907} INFO - Executing <Task(PythonOperator): 新增角色> on 2026-03-01 12:33:05+00:00
[2026-03-01T20:33:59.714+0800] {standard_task_runner.py:72} INFO - Started process 7489 to run task
[2026-03-01T20:33:59.723+0800] {standard_task_runner.py:104} INFO - Running: ['airflow', 'tasks', 'run', 'cdrd_角色管理', '新增角色', 'manual__2026-03-01T12:33:05+00:00', '--job-id', '841', '--raw', '--subdir', 'DAGS_FOLDER/tag_CDRD/系统管理/角色管理/dag_角色管理.py', '--cfg-path', '/var/folders/f7/4z7jtb213fs0mtgbw_0vs2600000gn/T/tmpa0fp0rlj']
[2026-03-01T20:33:59.728+0800] {standard_task_runner.py:105} INFO - Job 841: Subtask 新增角色
[2026-03-01T20:33:59.781+0800] {task_command.py:467} INFO - Running <TaskInstance: cdrd_角色管理.新增角色 manual__2026-03-01T12:33:05+00:00 [running]> on host localhost-2.local
[2026-03-01T20:33:59.862+0800] {taskinstance.py:3157} INFO - Exporting env vars: AIRFLOW_CTX_DAG_OWNER='airflow' AIRFLOW_CTX_DAG_ID='cdrd_角色管理' AIRFLOW_CTX_TASK_ID='新增角色' AIRFLOW_CTX_EXECUTION_DATE='2026-03-01T12:33:05+00:00' AIRFLOW_CTX_TRY_NUMBER='1' AIRFLOW_CTX_DAG_RUN_ID='manual__2026-03-01T12:33:05+00:00'
[2026-03-01T20:33:59.864+0800] {taskinstance.py:740} INFO - ::endgroup::
[2026-03-01T20:33:59.888+0800] {logging_mixin.py:190} INFO - ==================================================
[2026-03-01T20:33:59.888+0800] {logging_mixin.py:190} INFO - 【消费者1】开始执行系统管理-角色管理测试用例...
[2026-03-01T20:33:59.889+0800] {logging_mixin.py:190} INFO - ==================================================
[2026-03-01T20:33:59.894+0800] {logging_mixin.py:190} INFO - 从XCom获取到的测试用例数据: 3 条
[2026-03-01T20:33:59.895+0800] {logging_mixin.py:190} INFO - 
1, 执行脚本: /Users/linghuchong/Downloads/51/Python/project/instance/zyjk/CDRD/web/系统管理/角色管理/新增角色.py
[2026-03-01T20:34:00.255+0800] {logging_mixin.py:190} INFO - 新增角色，生成随机数据: [['宋芳', '278352', '339140', '广东省旭县安次太原路K座 294985']]
[2026-03-01T20:34:06.167+0800] {logging_mixin.py:190} INFO - 脚本执行成功，返回值: {'role_name': '宋芳', 'role_key': '278352', 'role_sort': '339140', 'remark': '广东省旭县安次太原路K座 294985'}
[2026-03-01T20:34:06.168+0800] {logging_mixin.py:190} INFO - 解析验证数据: [{'k': "select count(*) as qty from sys_role where role_name='宋芳'", 'v': 1}]
[2026-03-01T20:34:06.178+0800] {logging_mixin.py:190} INFO - ✅ 通过校验 {'k': "select count(*) as qty from sys_role where role_name='宋芳'", 'v': 1}
[2026-03-01T20:34:06.305+0800] {logging_mixin.py:190} INFO - 
2, 执行脚本: /Users/linghuchong/Downloads/51/Python/project/instance/zyjk/CDRD/web/系统管理/角色管理/编辑角色.py
[2026-03-01T20:34:06.345+0800] {logging_mixin.py:190} INFO - 编辑角色，生成指定数据: {'role_name': '7566', 'remark': 'today'}
[2026-03-01T20:34:11.915+0800] {logging_mixin.py:190} INFO - 脚本执行成功，返回值: {'role_name': '7566', 'remark': 'today'}
[2026-03-01T20:34:11.916+0800] {logging_mixin.py:190} INFO - 解析验证数据: [{'k': "select count(*) as qty from sys_role where role_name='7566'", 'v': 1}]
[2026-03-01T20:34:11.933+0800] {logging_mixin.py:190} INFO - ✅ 通过校验 {'k': "select count(*) as qty from sys_role where role_name='7566'", 'v': 1}
[2026-03-01T20:34:12.048+0800] {logging_mixin.py:190} INFO - 
3, 执行脚本: /Users/linghuchong/Downloads/51/Python/project/instance/zyjk/CDRD/web/系统管理/角色管理/编辑222角色.py
[2026-03-01T20:34:12.087+0800] {logging_mixin.py:190} INFO - 编辑222角色，生成随机数据: [['云南省汕尾市大东澳门路B座 975690']]
[2026-03-01T20:34:17.819+0800] {logging_mixin.py:190} INFO - 脚本执行成功，返回值: {'remark': '云南省汕尾市大东澳门路B座 975690'}
[2026-03-01T20:34:17.820+0800] {logging_mixin.py:190} INFO - 解析验证数据: [{'k': "select count(*) as qty from sys_role where remark='云南省汕尾市大东澳门路B座 975690'", 'v': 1}]
[2026-03-01T20:34:17.830+0800] {logging_mixin.py:190} INFO - ✅ 通过校验 {'k': "select count(*) as qty from sys_role where remark='云南省汕尾市大东澳门路B座 975690'", 'v': 1}
[2026-03-01T20:34:17.944+0800] {python.py:240} INFO - Done. Returned value was: None
[2026-03-01T20:34:17.952+0800] {taskinstance.py:349} INFO - ::group::Post task execution logs
[2026-03-01T20:34:17.953+0800] {taskinstance.py:361} INFO - Marking task as SUCCESS. dag_id=cdrd_角色管理, task_id=新增角色, run_id=manual__2026-03-01T12:33:05+00:00, execution_date=20260301T123305, start_date=20260301T123359, end_date=20260301T123417
[2026-03-01T20:34:18.019+0800] {local_task_job_runner.py:266} INFO - Task exited with return code 0
[2026-03-01T20:34:18.039+0800] {taskinstance.py:3924} INFO - 0 downstream tasks scheduled from follow-on schedule check
[2026-03-01T20:34:18.040+0800] {local_task_job_runner.py:245} INFO - ::endgroup::
