2025-04-30 13:42:16,889 - INFO - {'现价': '13.38', '涨幅': '6.44', '换手': '3.01', '市盈率': '15.87'} , https://xueqiu.com/S/SZ000426 , 兴业银锡
2025-04-30 13:43:15,657 - INFO - {'现价': '21.57', '涨幅': '4.76', '换手': '3.01', '市盈率': '14.96'} , https://xueqiu.com/S/SZ001228 , 永泰运
2025-04-30 13:43:33,343 - INFO - {'现价': '6.35', '涨幅': '3.76', '换手': '4.48', '市盈率': '24.13'} , https://xueqiu.com/S/SZ002054 , 德美化工
2025-04-30 13:44:17,626 - INFO - {'现价': '6.95', '涨幅': '3.42', '换手': '4.36', '市盈率': '14.88'} , https://xueqiu.com/S/SZ002249 , 大洋电机
2025-04-30 13:44:27,821 - INFO - {'现价': '25.37', '涨幅': '3.81', '换手': '4.81', '市盈率': '24.99'} , https://xueqiu.com/S/SZ002380 , 科远智慧
2025-04-30 13:45:32,911 - INFO - {'现价': '13.25', '涨幅': '3.84', '换手': '3.87', '市盈率': '27.05'} , https://xueqiu.com/S/SZ002649 , 博彦科技
2025-04-30 13:48:43,985 - ERROR - 发生错误: not all arguments converted during string formatting
2025-04-30 13:54:50,417 - INFO - {'现价': '13.33', '涨幅': '6.05', '换手': '3.17', '市盈率': '15.81'} , https://xueqiu.com/S/SZ000426 , 兴业银锡
2025-04-30 13:55:47,583 - INFO - {'现价': '21.54', '涨幅': '4.61', '换手': '3.08', '市盈率': '14.94'} , https://xueqiu.com/S/SZ001228 , 永泰运
2025-04-30 13:56:06,426 - INFO - {'现价': '6.38', '涨幅': '4.25', '换手': '4.72', '市盈率': '24.25'} , https://xueqiu.com/S/SZ002054 , 德美化工
2025-04-30 13:56:47,239 - INFO - {'现价': '6.93', '涨幅': '3.13', '换手': '4.58', '市盈率': '14.86'} , https://xueqiu.com/S/SZ002249 , 大洋电机
2025-04-30 13:56:57,690 - INFO - {'现价': '25.26', '涨幅': '3.36', '换手': '4.98', '市盈率': '24.88'} , https://xueqiu.com/S/SZ002380 , 科远智慧
2025-04-30 13:57:49,059 - INFO - {'现价': '9.23', '涨幅': '3.71', '换手': '3.38', '市盈率': '35.33'} , https://xueqiu.com/S/SZ002559 , 亚威股份
2025-04-30 13:58:03,338 - INFO - {'现价': '13.19', '涨幅': '3.37', '换手': '4.03', '市盈率': '26.92'} , https://xueqiu.com/S/SZ002649 , 博彦科技
2025-04-30 14:01:03,047 - ERROR - 发生错误: not all arguments converted during string formatting
2025-04-30 14:49:50,525 - INFO - {'现价': '13.22', '涨幅': '5.17', '换手': '3.64', '市盈率': '15.68'} , https://xueqiu.com/S/SZ000426 , 兴业银锡
2025-04-30 14:50:48,606 - INFO - {'现价': '21.55', '涨幅': '4.66', '换手': '4.03', '市盈率': '14.94'} , https://xueqiu.com/S/SZ001228 , 永泰运
2025-04-30 14:51:05,485 - INFO - {'现价': '6.33', '涨幅': '3.43', '换手': '5.83', '市盈率': '24.06'} , https://xueqiu.com/S/SZ002054 , 德美化工
2025-04-30 14:51:45,558 - INFO - {'现价': '6.94', '涨幅': '3.27', '换手': '6.16', '市盈率': '14.88'} , https://xueqiu.com/S/SZ002249 , 大洋电机
2025-04-30 14:51:55,876 - INFO - {'现价': '25.13', '涨幅': '2.82', '换手': '6.37', '市盈率': '24.76'} , https://xueqiu.com/S/SZ002380 , 科远智慧
2025-04-30 14:52:16,909 - INFO - {'现价': '7.35', '涨幅': '4.40', '换手': '3.24', '市盈率': '12.39'} , https://xueqiu.com/S/SZ002454 , 松芝股份
2025-04-30 14:52:47,949 - INFO - {'现价': '9.15', '涨幅': '2.81', '换手': '4.46', '市盈率': '35.03'} , https://xueqiu.com/S/SZ002559 , 亚威股份
2025-04-30 14:53:02,553 - INFO - {'现价': '13.16', '涨幅': '3.13', '换手': '4.92', '市盈率': '26.86'} , https://xueqiu.com/S/SZ002649 , 博彦科技
2025-04-30 14:56:04,222 - ERROR - 发生错误: not all arguments converted during string formatting
2025-04-30 15:18:07,393 - INFO - {'现价': '9.70', '涨幅': '0.73', '换手': '12.57', '市盈率': '8.12'} , https://xueqiu.com/S/SZ002852 , 道道全
2025-04-30 15:18:38,125 - INFO - {'现价': '13.00', '涨幅': '1.72', '换手': '3.17', '市盈率': '48.59'} , https://xueqiu.com/S/SZ002885 , 京泉华
2025-04-30 15:19:24,344 - INFO - {'现价': '6.81', '涨幅': '1.34', '换手': '4.22', '市盈率': '9.77'} , https://xueqiu.com/S/SZ002996 , 顺博合金
2025-05-06 10:03:31,265 - INFO - {'现价': '9.65', '涨幅': '-0.52', '换手': '3.18', '市盈率': '8.08'} , https://xueqiu.com/S/SZ002852 , 道道全
2025-05-06 10:25:27,080 - INFO - {'现价': '9.65', '涨幅': '-0.52', '换手': '3.82', '市盈率': '8.08'} , https://xueqiu.com/S/SZ002852 , 道道全
2025-05-06 10:28:36,793 - INFO - {'现价': '17.14', '涨幅': '1.90', '换手': '3.88', '市盈率': '16.35'} , https://xueqiu.com/S/SZ300505 , 川金诺
2025-05-06 10:28:57,584 - INFO - {'现价': '14.48', '涨幅': '0.63', '换手': '3.31', '市盈率': '34.31'} , https://xueqiu.com/S/SZ300562 , 乐心医疗
2025-05-06 16:58:43,624 - INFO - {'现价': '14.65', '涨幅': '2.66', '换手': '3.22', '市盈率': '34.15'} , https://xueqiu.com/S/SZ000532 , 华金资本
2025-05-06 16:58:51,762 - INFO - {'现价': '5.49', '涨幅': '3.39', '换手': '3.53', '市盈率': '22.15'} , https://xueqiu.com/S/SZ000570 , 苏常柴Ａ
2025-05-06 16:58:55,485 - INFO - {'现价': '6.57', '涨幅': '2.34', '换手': '5.12', '市盈率': '6.70'} , https://xueqiu.com/S/SZ000600 , 建投能源
2025-05-06 16:59:18,901 - INFO - {'现价': '7.17', '涨幅': '1.13', '换手': '4.49', '市盈率': '36.50'} , https://xueqiu.com/S/SZ000715 , 中兴商业
2025-05-06 16:59:51,682 - INFO - {'现价': '5.77', '涨幅': '3.78', '换手': '7.50', '市盈率': '18.25'} , https://xueqiu.com/S/SZ000862 , 银星能源
2025-05-06 16:59:55,383 - INFO - {'现价': '3.65', '涨幅': '1.96', '换手': '3.33', '市盈率': '69.15'} , https://xueqiu.com/S/SZ000863 , 三湘印象
2025-05-06 17:00:10,288 - INFO - {'现价': '9.46', '涨幅': '3.05', '换手': '3.13', '市盈率': '11.96'} , https://xueqiu.com/S/SZ000899 , 赣能股份
2025-05-06 17:00:42,305 - INFO - {'现价': '17.12', '涨幅': '2.82', '换手': '4.13', '市盈率': '27.27'} , https://xueqiu.com/S/SZ001209 , 洪兴股份
2025-05-06 17:00:46,193 - INFO - {'现价': '22.33', '涨幅': '1.55', '换手': '4.25', '市盈率': '43.20'} , https://xueqiu.com/S/SZ001211 , 双枪科技
2025-05-06 17:01:01,140 - INFO - {'现价': '21.43', '涨幅': '2.73', '换手': '9.91', '市盈率': '26.85'} , https://xueqiu.com/S/SZ001333 , 光华股份
2025-05-06 17:01:37,153 - INFO - {'现价': '9.21', '涨幅': '3.48', '换手': '3.18', '市盈率': '60.30'} , https://xueqiu.com/S/SZ002090 , 金智科技
2025-05-06 17:02:05,316 - INFO - {'现价': '6.55', '涨幅': '3.64', '换手': '3.18', '市盈率': '30.02'} , https://xueqiu.com/S/SZ002250 , 联化科技
2025-05-06 17:02:12,815 - INFO - {'现价': '10.50', '涨幅': '3.04', '换手': '3.34', '市盈率': '13.73'} , https://xueqiu.com/S/SZ002258 , 利尔化学
2025-05-06 17:03:16,587 - INFO - {'现价': '5.28', '涨幅': '2.13', '换手': '3.31', '市盈率': '10.70'} , https://xueqiu.com/S/SZ002478 , 常宝股份
2025-05-06 17:03:23,798 - INFO - {'现价': '7.22', '涨幅': '3.88', '换手': '14.47', '市盈率': '41.85'} , https://xueqiu.com/S/SZ002537 , 海联金汇
2025-05-06 17:03:34,880 - INFO - {'现价': '3.73', '涨幅': '2.75', '换手': '5.71', '市盈率': '74.16'} , https://xueqiu.com/S/SZ002565 , 顺灏股份
2025-05-06 17:03:47,189 - INFO - {'现价': '7.24', '涨幅': '2.26', '换手': '5.50', '市盈率': '20.37'} , https://xueqiu.com/S/SZ002615 , 哈尔斯
2025-05-06 17:04:17,491 - INFO - {'现价': '13.99', '涨幅': '1.67', '换手': '4.39', '市盈率': '22.75'} , https://xueqiu.com/S/SZ002803 , 吉宏股份
2025-05-06 17:04:21,644 - INFO - {'现价': '8.75', '涨幅': '2.34', '换手': '3.25', '市盈率': '31.49'} , https://xueqiu.com/S/SZ002836 , 新宏泽
2025-05-06 17:04:56,834 - INFO - {'现价': '20.90', '涨幅': '2.30', '换手': '5.28', '市盈率': '21.95'} , https://xueqiu.com/S/SZ002982 , 湘佳股份
2025-05-06 17:05:03,885 - INFO - {'现价': '6.88', '涨幅': '2.69', '换手': '3.62', '市盈率': '29.78'} , https://xueqiu.com/S/SZ003037 , 三和管桩
2025-05-06 17:05:14,133 - INFO - {'现价': '11.18', '涨幅': '3.61', '换手': '4.31', '市盈率': '12.33'} , https://xueqiu.com/S/SZ300138 , 晨光生物
2025-05-06 17:05:31,020 - INFO - {'现价': '10.56', '涨幅': '1.64', '换手': '3.84', '市盈率': '21.01'} , https://xueqiu.com/S/SZ300610 , 晨化股份
2025-05-06 17:05:42,539 - INFO - {'现价': '15.31', '涨幅': '2.34', '换手': '5.84', '市盈率': '42.84'} , https://xueqiu.com/S/SZ300673 , 佩蒂股份
2025-05-06 17:06:03,680 - INFO - {'现价': '21.95', '涨幅': '3.49', '换手': '11.76', '市盈率': '42.97'} , https://xueqiu.com/S/SZ300773 , 拉卡拉
2025-05-06 17:06:07,781 - INFO - {'现价': '27.39', '涨幅': '2.55', '换手': '4.63', '市盈率': '11.49'} , https://xueqiu.com/S/SZ300783 , 三只松鼠
2025-05-06 17:06:11,218 - INFO - {'现价': '16.04', '涨幅': '3.28', '换手': '4.14', '市盈率': '96.73'} , https://xueqiu.com/S/SZ300793 , 佳禾智能
2025-05-06 17:06:31,643 - INFO - {'现价': '14.94', '涨幅': '3.89', '换手': '10.17', '市盈率': '22.76'} , https://xueqiu.com/S/SZ300945 , 曼卡龙
2025-05-06 17:06:38,919 - INFO - {'现价': '12.13', '涨幅': '2.62', '换手': '6.69', '市盈率': '44.35'} , https://xueqiu.com/S/SZ301009 , 可靠股份
2025-05-06 17:06:50,474 - INFO - {'现价': '15.51', '涨幅': '1.51', '换手': '7.88', '市盈率': '80.35'} , https://xueqiu.com/S/SZ301151 , 冠龙节能
2025-05-06 17:06:57,456 - INFO - {'现价': '20.06', '涨幅': '3.94', '换手': '8.06', '市盈率': '79.48'} , https://xueqiu.com/S/SZ301156 , 美农生物
2025-05-06 17:07:50,619 - ERROR - 发生错误: not all arguments converted during string formatting
2025-05-07 08:47:18,903 - INFO - {'现价': '14.65', '涨幅': '2.66', '换手': '3.22', '市盈率': '34.15'} , https://xueqiu.com/S/SZ000532 , 华金资本
2025-05-07 08:47:26,235 - INFO - {'现价': '5.49', '涨幅': '0.00', '换手': '3.53', '市盈率': '22.15'} , https://xueqiu.com/S/SZ000570 , 苏常柴Ａ
2025-05-07 08:47:29,562 - INFO - {'现价': '6.57', '涨幅': '0.00', '换手': '5.12', '市盈率': '6.70'} , https://xueqiu.com/S/SZ000600 , 建投能源
2025-05-07 08:47:53,351 - INFO - {'现价': '7.17', '涨幅': '0.00', '换手': '4.49', '市盈率': '36.50'} , https://xueqiu.com/S/SZ000715 , 中兴商业
2025-05-07 08:48:20,882 - ERROR - 发生错误: not all arguments converted during string formatting
2025-05-07 08:49:54,906 - ERROR - 发生错误: not all arguments converted during string formatting
2025-05-07 08:51:10,135 - ERROR - 发生错误: not all arguments converted during string formatting
2025-05-07 09:35:27,895 - INFO - {'现价': '9.25', '涨幅': '0.43', '换手': '4.91', '市盈率': '26.05'} , https://xueqiu.com/S/SZ002255 , 海陆重工
2025-05-07 09:38:47,649 - INFO - {'现价': '16.35', '涨幅': '1.74', '换手': '4.73', '市盈率': '35.96'} , https://xueqiu.com/S/SZ300703 , 创源股份
2025-05-07 09:38:54,289 - ERROR - 发生错误: not all arguments converted during string formatting
2025-05-07 11:05:15,860 - INFO - {'现价': '6.59', '涨幅': '0.30', '换手': '3.21', '市盈率': '6.72'} , https://xueqiu.com/S/SZ000600 , 建投能源
2025-05-07 11:05:19,439 - INFO - {'现价': '6.11', '涨幅': '3.04', '换手': '9.00', '市盈率': '90.87'} , https://xueqiu.com/S/SZ000601 , 韶能股份
2025-05-07 11:06:07,076 - INFO - {'现价': '5.76', '涨幅': '-0.17', '换手': '4.54', '市盈率': '18.22'} , https://xueqiu.com/S/SZ000862 , 银星能源
2025-05-07 11:07:10,283 - INFO - {'现价': '22.04', '涨幅': '2.85', '换手': '6.76', '市盈率': '27.62'} , https://xueqiu.com/S/SZ001333 , 光华股份
2025-05-07 11:08:12,225 - INFO - {'现价': '9.31', '涨幅': '1.09', '换手': '17.56', '市盈率': '26.22'} , https://xueqiu.com/S/SZ002255 , 海陆重工
2025-05-07 11:09:09,341 - INFO - {'现价': '9.17', '涨幅': '-1.93', '换手': '7.36', '市盈率': '28.86'} , https://xueqiu.com/S/SZ002469 , 三维化学
2025-05-07 11:09:19,994 - INFO - {'现价': '7.13', '涨幅': '-1.25', '换手': '7.94', '市盈率': '41.32'} , https://xueqiu.com/S/SZ002537 , 海联金汇
2025-05-07 11:09:40,154 - INFO - {'现价': '7.27', '涨幅': '0.41', '换手': '3.05', '市盈率': '20.45'} , https://xueqiu.com/S/SZ002615 , 哈尔斯
2025-05-07 11:11:32,469 - INFO - {'现价': '15.57', '涨幅': '1.70', '换手': '4.83', '市盈率': '43.57'} , https://xueqiu.com/S/SZ300673 , 佩蒂股份
2025-05-07 11:11:39,260 - INFO - {'现价': '15.78', '涨幅': '-1.80', '换手': '10.94', '市盈率': '34.71'} , https://xueqiu.com/S/SZ300703 , 创源股份
2025-05-07 11:11:53,313 - INFO - {'现价': '21.67', '涨幅': '-1.28', '换手': '8.24', '市盈率': '42.42'} , https://xueqiu.com/S/SZ300773 , 拉卡拉
2025-05-07 11:11:56,933 - INFO - {'现价': '27.53', '涨幅': '0.51', '换手': '3.06', '市盈率': '11.55'} , https://xueqiu.com/S/SZ300783 , 三只松鼠
2025-05-07 11:12:00,388 - INFO - {'现价': '16.28', '涨幅': '1.50', '换手': '3.46', '市盈率': '98.18'} , https://xueqiu.com/S/SZ300793 , 佳禾智能
2025-05-07 11:12:20,695 - INFO - {'现价': '14.84', '涨幅': '-0.67', '换手': '5.62', '市盈率': '22.60'} , https://xueqiu.com/S/SZ300945 , 曼卡龙
2025-05-07 11:12:27,645 - INFO - {'现价': '12.23', '涨幅': '0.82', '换手': '4.79', '市盈率': '44.71'} , https://xueqiu.com/S/SZ301009 , 可靠股份
2025-05-07 11:12:38,206 - INFO - {'现价': '15.97', '涨幅': '2.97', '换手': '5.30', '市盈率': '82.73'} , https://xueqiu.com/S/SZ301151 , 冠龙节能
2025-05-07 11:12:44,986 - INFO - {'现价': '20.25', '涨幅': '0.95', '换手': '5.12', '市盈率': '80.23'} , https://xueqiu.com/S/SZ301156 , 美农生物
2025-05-07 11:13:35,524 - ERROR - 发生错误: not all arguments converted during string formatting
2025-05-07 14:37:26,466 - INFO - {'现价': '14.73', '涨幅': '0.55', '换手': '3.41', '市盈率': '34.34'} , https://xueqiu.com/S/SZ000532 , 华金资本
2025-05-07 14:37:37,542 - INFO - {'现价': '6.56', '涨幅': '-0.15', '换手': '5.36', '市盈率': '6.69'} , https://xueqiu.com/S/SZ000600 , 建投能源
2025-05-07 14:37:41,476 - INFO - {'现价': '6.09', '涨幅': '2.70', '换手': '11.77', '市盈率': '90.58'} , https://xueqiu.com/S/SZ000601 , 韶能股份
2025-05-07 14:38:00,094 - INFO - {'现价': '7.17', '涨幅': '0.00', '换手': '4.22', '市盈率': '36.50'} , https://xueqiu.com/S/SZ000715 , 中兴商业
2025-05-07 14:38:35,642 - INFO - {'现价': '5.72', '涨幅': '-0.87', '换手': '6.51', '市盈率': '18.09'} , https://xueqiu.com/S/SZ000862 , 银星能源
2025-05-07 14:39:21,713 - INFO - {'现价': '17.12', '涨幅': '0.00', '换手': '4.10', '市盈率': '27.27'} , https://xueqiu.com/S/SZ001209 , 洪兴股份
2025-05-07 14:39:25,650 - INFO - {'现价': '22.18', '涨幅': '-0.67', '换手': '3.23', '市盈率': '42.91'} , https://xueqiu.com/S/SZ001211 , 双枪科技
2025-05-07 14:39:39,048 - INFO - {'现价': '21.93', '涨幅': '2.33', '换手': '11.34', '市盈率': '27.48'} , https://xueqiu.com/S/SZ001333 , 光华股份
2025-05-07 14:40:46,027 - INFO - {'现价': '9.38', '涨幅': '1.85', '换手': '26.32', '市盈率': '26.42'} , https://xueqiu.com/S/SZ002255 , 海陆重工
2025-05-07 14:41:46,185 - INFO - {'现价': '9.16', '涨幅': '-2.03', '换手': '11.66', '市盈率': '28.83'} , https://xueqiu.com/S/SZ002469 , 三维化学
2025-05-07 14:41:57,615 - INFO - {'现价': '7.06', '涨幅': '-2.22', '换手': '12.37', '市盈率': '40.92'} , https://xueqiu.com/S/SZ002537 , 海联金汇
2025-05-07 14:42:08,001 - INFO - {'现价': '3.73', '涨幅': '0.00', '换手': '4.33', '市盈率': '74.16'} , https://xueqiu.com/S/SZ002565 , 顺灏股份
2025-05-07 14:42:18,488 - INFO - {'现价': '7.21', '涨幅': '-0.41', '换手': '4.47', '市盈率': '20.28'} , https://xueqiu.com/S/SZ002615 , 哈尔斯
2025-05-07 14:42:46,152 - INFO - {'现价': '13.88', '涨幅': '-0.79', '换手': '3.63', '市盈率': '22.57'} , https://xueqiu.com/S/SZ002803 , 吉宏股份
2025-05-07 14:42:56,558 - ERROR - 发生错误: not all arguments converted during string formatting
2025-05-07 17:24:16,655 - INFO - {'现价': '8.86', '涨幅': '0.45', '换手': '3.41', '市盈率': '35.31'} , https://xueqiu.com/S/SZ002033 , 丽江股份
2025-05-07 17:24:23,878 - INFO - {'现价': '9.71', '涨幅': '3.30', '换手': '28.02', '市盈率': '81.51'} , https://xueqiu.com/S/SZ002164 , 宁波东力
2025-05-07 17:24:31,991 - INFO - {'现价': '5.85', '涨幅': '1.92', '换手': '15.42', '市盈率': '33.03'} , https://xueqiu.com/S/SZ002251 , 步步高
2025-05-07 17:24:47,875 - INFO - {'现价': '7.18', '涨幅': '1.41', '换手': '5.14', '市盈率': '20.74'} , https://xueqiu.com/S/SZ002367 , 康力电梯
2025-05-07 17:25:05,998 - INFO - {'现价': '5.28', '涨幅': '3.73', '换手': '3.62', '市盈率': '29.75'} , https://xueqiu.com/S/SZ002538 , 司尔特
2025-05-07 17:25:23,950 - INFO - {'现价': '12.91', '涨幅': '0.62', '换手': '3.85', '市盈率': '21.54'} , https://xueqiu.com/S/SZ003000 , 劲仔食品
2025-05-07 17:25:41,863 - INFO - {'现价': '23.34', '涨幅': '0.73', '换手': '3.68', '市盈率': '30.39'} , https://xueqiu.com/S/SZ301029 , 怡合达
2025-05-07 17:25:59,283 - ERROR - 发生错误: not all arguments converted during string formatting
2025-05-08 10:14:47,212 - INFO - {'现价': '9.97', '涨幅': '2.68', '换手': '13.26', '市盈率': '83.69'} , https://xueqiu.com/S/SZ002164 , 宁波东力
2025-05-08 10:14:54,447 - INFO - {'现价': '5.88', '涨幅': '0.51', '换手': '5.32', '市盈率': '33.20'} , https://xueqiu.com/S/SZ002251 , 步步高
2025-05-08 10:15:57,864 - ERROR - 发生错误: not all arguments converted during string formatting
