[2026-03-06T09:17:59.471+0800] {processor.py:186} INFO - Started process (PID=1616) to work on /Users/linghuchong/Downloads/51/Python/project/instance/airflow284/dags/producer_consumer /dataset_dagRun.py
[2026-03-06T09:17:59.472+0800] {processor.py:914} INFO - Processing file /Users/linghuchong/Downloads/51/Python/project/instance/airflow284/dags/producer_consumer /dataset_dagRun.py for tasks to queue
[2026-03-06T09:17:59.473+0800] {logging_mixin.py:190} INFO - [2026-03-06T09:17:59.473+0800] {dagbag.py:588} INFO - Filling up the DagBag from /Users/linghuchong/Downloads/51/Python/project/instance/airflow284/dags/producer_consumer /dataset_dagRun.py
[2026-03-06T09:17:59.573+0800] {processor.py:925} INFO - DAG(s) 'producer_dagRun_sync', 'consumer_dagRun' retrieved from /Users/linghuchong/Downloads/51/Python/project/instance/airflow284/dags/producer_consumer /dataset_dagRun.py
[2026-03-06T09:17:59.684+0800] {logging_mixin.py:190} INFO - [2026-03-06T09:17:59.684+0800] {dag.py:3239} INFO - Sync 2 DAGs
[2026-03-06T09:17:59.704+0800] {logging_mixin.py:190} INFO - [2026-03-06T09:17:59.703+0800] {dag.py:4180} INFO - Setting next_dagrun for consumer_dagRun to None, run_after=None
[2026-03-06T09:17:59.706+0800] {logging_mixin.py:190} INFO - [2026-03-06T09:17:59.706+0800] {dag.py:4180} INFO - Setting next_dagrun for producer_dagRun_sync to None, run_after=None
[2026-03-06T09:17:59.726+0800] {processor.py:208} INFO - Processing /Users/linghuchong/Downloads/51/Python/project/instance/airflow284/dags/producer_consumer /dataset_dagRun.py took 257.662 seconds
[2026-03-06T09:21:03.144+0800] {processor.py:186} INFO - Started process (PID=1688) to work on /Users/linghuchong/Downloads/51/Python/project/instance/airflow284/dags/producer_consumer /dataset_dagRun.py
[2026-03-06T09:21:03.147+0800] {processor.py:914} INFO - Processing file /Users/linghuchong/Downloads/51/Python/project/instance/airflow284/dags/producer_consumer /dataset_dagRun.py for tasks to queue
[2026-03-06T09:21:03.149+0800] {logging_mixin.py:190} INFO - [2026-03-06T09:21:03.148+0800] {dagbag.py:588} INFO - Filling up the DagBag from /Users/linghuchong/Downloads/51/Python/project/instance/airflow284/dags/producer_consumer /dataset_dagRun.py
[2026-03-06T09:21:03.244+0800] {processor.py:925} INFO - DAG(s) 'consumer_dagRun', 'producer_dagRun_sync' retrieved from /Users/linghuchong/Downloads/51/Python/project/instance/airflow284/dags/producer_consumer /dataset_dagRun.py
[2026-03-06T09:21:03.359+0800] {logging_mixin.py:190} INFO - [2026-03-06T09:21:03.358+0800] {dag.py:3239} INFO - Sync 2 DAGs
[2026-03-06T09:21:03.378+0800] {logging_mixin.py:190} INFO - [2026-03-06T09:21:03.378+0800] {dag.py:4180} INFO - Setting next_dagrun for consumer_dagRun to None, run_after=None
[2026-03-06T09:21:03.381+0800] {logging_mixin.py:190} INFO - [2026-03-06T09:21:03.381+0800] {dag.py:4180} INFO - Setting next_dagrun for producer_dagRun_sync to None, run_after=None
[2026-03-06T09:21:03.402+0800] {processor.py:208} INFO - Processing /Users/linghuchong/Downloads/51/Python/project/instance/airflow284/dags/producer_consumer /dataset_dagRun.py took 260.240 seconds
[2026-03-06T09:27:04.764+0800] {processor.py:186} INFO - Started process (PID=1796) to work on /Users/linghuchong/Downloads/51/Python/project/instance/airflow284/dags/producer_consumer /dataset_dagRun.py
[2026-03-06T09:27:04.767+0800] {processor.py:914} INFO - Processing file /Users/linghuchong/Downloads/51/Python/project/instance/airflow284/dags/producer_consumer /dataset_dagRun.py for tasks to queue
[2026-03-06T09:27:04.768+0800] {logging_mixin.py:190} INFO - [2026-03-06T09:27:04.768+0800] {dagbag.py:588} INFO - Filling up the DagBag from /Users/linghuchong/Downloads/51/Python/project/instance/airflow284/dags/producer_consumer /dataset_dagRun.py
[2026-03-06T09:27:04.868+0800] {processor.py:925} INFO - DAG(s) 'consumer_dagRun', 'producer_dagRun_sync' retrieved from /Users/linghuchong/Downloads/51/Python/project/instance/airflow284/dags/producer_consumer /dataset_dagRun.py
[2026-03-06T09:27:04.981+0800] {logging_mixin.py:190} INFO - [2026-03-06T09:27:04.981+0800] {dag.py:3239} INFO - Sync 2 DAGs
[2026-03-06T09:27:05.003+0800] {logging_mixin.py:190} INFO - [2026-03-06T09:27:05.002+0800] {dag.py:4180} INFO - Setting next_dagrun for consumer_dagRun to None, run_after=None
[2026-03-06T09:27:05.007+0800] {logging_mixin.py:190} INFO - [2026-03-06T09:27:05.007+0800] {dag.py:4180} INFO - Setting next_dagrun for producer_dagRun_sync to None, run_after=None
[2026-03-06T09:27:05.028+0800] {processor.py:208} INFO - Processing /Users/linghuchong/Downloads/51/Python/project/instance/airflow284/dags/producer_consumer /dataset_dagRun.py took 266.633 seconds
[2026-03-06T09:31:24.054+0800] {processor.py:186} INFO - Started process (PID=1883) to work on /Users/linghuchong/Downloads/51/Python/project/instance/airflow284/dags/producer_consumer /dataset_dagRun.py
[2026-03-06T09:31:24.055+0800] {processor.py:914} INFO - Processing file /Users/linghuchong/Downloads/51/Python/project/instance/airflow284/dags/producer_consumer /dataset_dagRun.py for tasks to queue
[2026-03-06T09:31:24.056+0800] {logging_mixin.py:190} INFO - [2026-03-06T09:31:24.056+0800] {dagbag.py:588} INFO - Filling up the DagBag from /Users/linghuchong/Downloads/51/Python/project/instance/airflow284/dags/producer_consumer /dataset_dagRun.py
[2026-03-06T09:31:24.191+0800] {processor.py:925} INFO - DAG(s) 'producer_dagRun_sync', 'consumer_dagRun' retrieved from /Users/linghuchong/Downloads/51/Python/project/instance/airflow284/dags/producer_consumer /dataset_dagRun.py
[2026-03-06T09:31:24.315+0800] {logging_mixin.py:190} INFO - [2026-03-06T09:31:24.314+0800] {dag.py:3239} INFO - Sync 2 DAGs
[2026-03-06T09:31:24.334+0800] {logging_mixin.py:190} INFO - [2026-03-06T09:31:24.334+0800] {dag.py:4180} INFO - Setting next_dagrun for consumer_dagRun to None, run_after=None
[2026-03-06T09:31:24.338+0800] {logging_mixin.py:190} INFO - [2026-03-06T09:31:24.337+0800] {dag.py:4180} INFO - Setting next_dagrun for producer_dagRun_sync to None, run_after=None
[2026-03-06T09:31:24.359+0800] {processor.py:208} INFO - Processing /Users/linghuchong/Downloads/51/Python/project/instance/airflow284/dags/producer_consumer /dataset_dagRun.py took 309.256 seconds
[2026-03-06T09:34:24.222+0800] {processor.py:186} INFO - Started process (PID=1967) to work on /Users/linghuchong/Downloads/51/Python/project/instance/airflow284/dags/producer_consumer /dataset_dagRun.py
[2026-03-06T09:34:24.223+0800] {processor.py:914} INFO - Processing file /Users/linghuchong/Downloads/51/Python/project/instance/airflow284/dags/producer_consumer /dataset_dagRun.py for tasks to queue
[2026-03-06T09:34:24.224+0800] {logging_mixin.py:190} INFO - [2026-03-06T09:34:24.223+0800] {dagbag.py:588} INFO - Filling up the DagBag from /Users/linghuchong/Downloads/51/Python/project/instance/airflow284/dags/producer_consumer /dataset_dagRun.py
[2026-03-06T09:34:24.318+0800] {processor.py:925} INFO - DAG(s) 'producer_dagRun_sync', 'consumer_dagRun' retrieved from /Users/linghuchong/Downloads/51/Python/project/instance/airflow284/dags/producer_consumer /dataset_dagRun.py
[2026-03-06T09:34:24.424+0800] {logging_mixin.py:190} INFO - [2026-03-06T09:34:24.424+0800] {dag.py:3239} INFO - Sync 2 DAGs
[2026-03-06T09:34:24.443+0800] {logging_mixin.py:190} INFO - [2026-03-06T09:34:24.443+0800] {dag.py:4180} INFO - Setting next_dagrun for consumer_dagRun to None, run_after=None
[2026-03-06T09:34:24.446+0800] {logging_mixin.py:190} INFO - [2026-03-06T09:34:24.446+0800] {dag.py:4180} INFO - Setting next_dagrun for producer_dagRun_sync to None, run_after=None
[2026-03-06T09:34:24.467+0800] {processor.py:208} INFO - Processing /Users/linghuchong/Downloads/51/Python/project/instance/airflow284/dags/producer_consumer /dataset_dagRun.py took 248.145 seconds
[2026-03-06T09:39:10.697+0800] {processor.py:186} INFO - Started process (PID=2110) to work on /Users/linghuchong/Downloads/51/Python/project/instance/airflow284/dags/producer_consumer /dataset_dagRun.py
[2026-03-06T09:39:10.698+0800] {processor.py:914} INFO - Processing file /Users/linghuchong/Downloads/51/Python/project/instance/airflow284/dags/producer_consumer /dataset_dagRun.py for tasks to queue
[2026-03-06T09:39:10.698+0800] {logging_mixin.py:190} INFO - [2026-03-06T09:39:10.698+0800] {dagbag.py:588} INFO - Filling up the DagBag from /Users/linghuchong/Downloads/51/Python/project/instance/airflow284/dags/producer_consumer /dataset_dagRun.py
[2026-03-06T09:39:10.804+0800] {processor.py:925} INFO - DAG(s) 'consumer_dagRun', 'producer_dagRun_sync' retrieved from /Users/linghuchong/Downloads/51/Python/project/instance/airflow284/dags/producer_consumer /dataset_dagRun.py
[2026-03-06T09:39:10.915+0800] {logging_mixin.py:190} INFO - [2026-03-06T09:39:10.915+0800] {dag.py:3239} INFO - Sync 2 DAGs
[2026-03-06T09:39:10.935+0800] {logging_mixin.py:190} INFO - [2026-03-06T09:39:10.935+0800] {dag.py:4180} INFO - Setting next_dagrun for consumer_dagRun to None, run_after=None
[2026-03-06T09:39:10.938+0800] {logging_mixin.py:190} INFO - [2026-03-06T09:39:10.937+0800] {dag.py:4180} INFO - Setting next_dagrun for producer_dagRun_sync to None, run_after=None
[2026-03-06T09:39:10.957+0800] {processor.py:208} INFO - Processing /Users/linghuchong/Downloads/51/Python/project/instance/airflow284/dags/producer_consumer /dataset_dagRun.py took 262.917 seconds
[2026-03-06T09:42:11.656+0800] {processor.py:186} INFO - Started process (PID=2278) to work on /Users/linghuchong/Downloads/51/Python/project/instance/airflow284/dags/producer_consumer /dataset_dagRun.py
[2026-03-06T09:42:11.658+0800] {processor.py:914} INFO - Processing file /Users/linghuchong/Downloads/51/Python/project/instance/airflow284/dags/producer_consumer /dataset_dagRun.py for tasks to queue
[2026-03-06T09:42:11.660+0800] {logging_mixin.py:190} INFO - [2026-03-06T09:42:11.660+0800] {dagbag.py:588} INFO - Filling up the DagBag from /Users/linghuchong/Downloads/51/Python/project/instance/airflow284/dags/producer_consumer /dataset_dagRun.py
[2026-03-06T09:42:11.759+0800] {processor.py:925} INFO - DAG(s) 'consumer_dagRun', 'producer_dagRun_sync' retrieved from /Users/linghuchong/Downloads/51/Python/project/instance/airflow284/dags/producer_consumer /dataset_dagRun.py
[2026-03-06T09:42:11.868+0800] {logging_mixin.py:190} INFO - [2026-03-06T09:42:11.868+0800] {dag.py:3239} INFO - Sync 2 DAGs
[2026-03-06T09:42:11.887+0800] {logging_mixin.py:190} INFO - [2026-03-06T09:42:11.887+0800] {dag.py:4180} INFO - Setting next_dagrun for consumer_dagRun to None, run_after=None
[2026-03-06T09:42:11.890+0800] {logging_mixin.py:190} INFO - [2026-03-06T09:42:11.890+0800] {dag.py:4180} INFO - Setting next_dagrun for producer_dagRun_sync to None, run_after=None
[2026-03-06T09:42:11.911+0800] {processor.py:208} INFO - Processing /Users/linghuchong/Downloads/51/Python/project/instance/airflow284/dags/producer_consumer /dataset_dagRun.py took 258.819 seconds
[2026-03-06T09:45:06.712+0800] {processor.py:186} INFO - Started process (PID=2369) to work on /Users/linghuchong/Downloads/51/Python/project/instance/airflow284/dags/producer_consumer /dataset_dagRun.py
[2026-03-06T09:45:06.713+0800] {processor.py:914} INFO - Processing file /Users/linghuchong/Downloads/51/Python/project/instance/airflow284/dags/producer_consumer /dataset_dagRun.py for tasks to queue
[2026-03-06T09:45:06.714+0800] {logging_mixin.py:190} INFO - [2026-03-06T09:45:06.714+0800] {dagbag.py:588} INFO - Filling up the DagBag from /Users/linghuchong/Downloads/51/Python/project/instance/airflow284/dags/producer_consumer /dataset_dagRun.py
[2026-03-06T09:45:06.820+0800] {processor.py:925} INFO - DAG(s) 'producer_dagRun_sync', 'consumer_dagRun' retrieved from /Users/linghuchong/Downloads/51/Python/project/instance/airflow284/dags/producer_consumer /dataset_dagRun.py
[2026-03-06T09:45:06.932+0800] {logging_mixin.py:190} INFO - [2026-03-06T09:45:06.931+0800] {dag.py:3239} INFO - Sync 2 DAGs
[2026-03-06T09:45:06.954+0800] {logging_mixin.py:190} INFO - [2026-03-06T09:45:06.954+0800] {dag.py:4180} INFO - Setting next_dagrun for consumer_dagRun to None, run_after=None
[2026-03-06T09:45:06.958+0800] {logging_mixin.py:190} INFO - [2026-03-06T09:45:06.957+0800] {dag.py:4180} INFO - Setting next_dagrun for producer_dagRun_sync to None, run_after=None
[2026-03-06T09:45:06.979+0800] {processor.py:208} INFO - Processing /Users/linghuchong/Downloads/51/Python/project/instance/airflow284/dags/producer_consumer /dataset_dagRun.py took 270.744 seconds
[2026-03-06T09:48:01.002+0800] {processor.py:186} INFO - Started process (PID=2435) to work on /Users/linghuchong/Downloads/51/Python/project/instance/airflow284/dags/producer_consumer /dataset_dagRun.py
[2026-03-06T09:48:01.003+0800] {processor.py:914} INFO - Processing file /Users/linghuchong/Downloads/51/Python/project/instance/airflow284/dags/producer_consumer /dataset_dagRun.py for tasks to queue
[2026-03-06T09:48:01.003+0800] {logging_mixin.py:190} INFO - [2026-03-06T09:48:01.003+0800] {dagbag.py:588} INFO - Filling up the DagBag from /Users/linghuchong/Downloads/51/Python/project/instance/airflow284/dags/producer_consumer /dataset_dagRun.py
[2026-03-06T09:48:01.103+0800] {processor.py:925} INFO - DAG(s) 'consumer_dagRun', 'producer_dagRun_sync' retrieved from /Users/linghuchong/Downloads/51/Python/project/instance/airflow284/dags/producer_consumer /dataset_dagRun.py
[2026-03-06T09:48:01.210+0800] {logging_mixin.py:190} INFO - [2026-03-06T09:48:01.210+0800] {dag.py:3239} INFO - Sync 2 DAGs
[2026-03-06T09:48:01.229+0800] {logging_mixin.py:190} INFO - [2026-03-06T09:48:01.229+0800] {dag.py:4180} INFO - Setting next_dagrun for consumer_dagRun to None, run_after=None
[2026-03-06T09:48:01.232+0800] {logging_mixin.py:190} INFO - [2026-03-06T09:48:01.232+0800] {dag.py:4180} INFO - Setting next_dagrun for producer_dagRun_sync to None, run_after=None
[2026-03-06T09:48:01.254+0800] {processor.py:208} INFO - Processing /Users/linghuchong/Downloads/51/Python/project/instance/airflow284/dags/producer_consumer /dataset_dagRun.py took 255.403 seconds
[2026-03-06T09:50:54.332+0800] {processor.py:186} INFO - Started process (PID=2498) to work on /Users/linghuchong/Downloads/51/Python/project/instance/airflow284/dags/producer_consumer /dataset_dagRun.py
[2026-03-06T09:50:54.333+0800] {processor.py:914} INFO - Processing file /Users/linghuchong/Downloads/51/Python/project/instance/airflow284/dags/producer_consumer /dataset_dagRun.py for tasks to queue
[2026-03-06T09:50:54.334+0800] {logging_mixin.py:190} INFO - [2026-03-06T09:50:54.334+0800] {dagbag.py:588} INFO - Filling up the DagBag from /Users/linghuchong/Downloads/51/Python/project/instance/airflow284/dags/producer_consumer /dataset_dagRun.py
[2026-03-06T09:50:54.440+0800] {processor.py:925} INFO - DAG(s) 'consumer_dagRun', 'producer_dagRun_sync' retrieved from /Users/linghuchong/Downloads/51/Python/project/instance/airflow284/dags/producer_consumer /dataset_dagRun.py
[2026-03-06T09:50:54.594+0800] {logging_mixin.py:190} INFO - [2026-03-06T09:50:54.594+0800] {dag.py:3239} INFO - Sync 2 DAGs
[2026-03-06T09:50:54.618+0800] {logging_mixin.py:190} INFO - [2026-03-06T09:50:54.618+0800] {dag.py:4180} INFO - Setting next_dagrun for consumer_dagRun to None, run_after=None
[2026-03-06T09:50:54.621+0800] {logging_mixin.py:190} INFO - [2026-03-06T09:50:54.620+0800] {dag.py:4180} INFO - Setting next_dagrun for producer_dagRun_sync to None, run_after=None
[2026-03-06T09:50:54.645+0800] {processor.py:208} INFO - Processing /Users/linghuchong/Downloads/51/Python/project/instance/airflow284/dags/producer_consumer /dataset_dagRun.py took 315.166 seconds
[2026-03-06T09:53:56.882+0800] {processor.py:186} INFO - Started process (PID=2581) to work on /Users/linghuchong/Downloads/51/Python/project/instance/airflow284/dags/producer_consumer /dataset_dagRun.py
[2026-03-06T09:53:56.885+0800] {processor.py:914} INFO - Processing file /Users/linghuchong/Downloads/51/Python/project/instance/airflow284/dags/producer_consumer /dataset_dagRun.py for tasks to queue
[2026-03-06T09:53:56.886+0800] {logging_mixin.py:190} INFO - [2026-03-06T09:53:56.886+0800] {dagbag.py:588} INFO - Filling up the DagBag from /Users/linghuchong/Downloads/51/Python/project/instance/airflow284/dags/producer_consumer /dataset_dagRun.py
[2026-03-06T09:53:56.986+0800] {processor.py:925} INFO - DAG(s) 'producer_dagRun_sync', 'consumer_dagRun' retrieved from /Users/linghuchong/Downloads/51/Python/project/instance/airflow284/dags/producer_consumer /dataset_dagRun.py
[2026-03-06T09:53:57.096+0800] {logging_mixin.py:190} INFO - [2026-03-06T09:53:57.096+0800] {dag.py:3239} INFO - Sync 2 DAGs
[2026-03-06T09:53:57.115+0800] {logging_mixin.py:190} INFO - [2026-03-06T09:53:57.115+0800] {dag.py:4180} INFO - Setting next_dagrun for consumer_dagRun to None, run_after=None
[2026-03-06T09:53:57.118+0800] {logging_mixin.py:190} INFO - [2026-03-06T09:53:57.118+0800] {dag.py:4180} INFO - Setting next_dagrun for producer_dagRun_sync to None, run_after=None
[2026-03-06T09:53:57.141+0800] {processor.py:208} INFO - Processing /Users/linghuchong/Downloads/51/Python/project/instance/airflow284/dags/producer_consumer /dataset_dagRun.py took 260.962 seconds
[2026-03-06T09:57:39.546+0800] {processor.py:186} INFO - Started process (PID=3008) to work on /Users/linghuchong/Downloads/51/Python/project/instance/airflow284/dags/producer_consumer /dataset_dagRun.py
[2026-03-06T09:57:39.548+0800] {processor.py:914} INFO - Processing file /Users/linghuchong/Downloads/51/Python/project/instance/airflow284/dags/producer_consumer /dataset_dagRun.py for tasks to queue
[2026-03-06T09:57:39.549+0800] {logging_mixin.py:190} INFO - [2026-03-06T09:57:39.549+0800] {dagbag.py:588} INFO - Filling up the DagBag from /Users/linghuchong/Downloads/51/Python/project/instance/airflow284/dags/producer_consumer /dataset_dagRun.py
[2026-03-06T09:57:39.649+0800] {processor.py:925} INFO - DAG(s) 'consumer_dagRun', 'producer_dagRun_sync' retrieved from /Users/linghuchong/Downloads/51/Python/project/instance/airflow284/dags/producer_consumer /dataset_dagRun.py
[2026-03-06T09:57:39.764+0800] {logging_mixin.py:190} INFO - [2026-03-06T09:57:39.763+0800] {dag.py:3239} INFO - Sync 2 DAGs
[2026-03-06T09:57:39.784+0800] {logging_mixin.py:190} INFO - [2026-03-06T09:57:39.784+0800] {dag.py:4180} INFO - Setting next_dagrun for consumer_dagRun to None, run_after=None
[2026-03-06T09:57:39.787+0800] {logging_mixin.py:190} INFO - [2026-03-06T09:57:39.787+0800] {dag.py:4180} INFO - Setting next_dagrun for producer_dagRun_sync to None, run_after=None
[2026-03-06T09:57:39.808+0800] {processor.py:208} INFO - Processing /Users/linghuchong/Downloads/51/Python/project/instance/airflow284/dags/producer_consumer /dataset_dagRun.py took 265.358 seconds
[2026-03-06T10:00:46.625+0800] {processor.py:186} INFO - Started process (PID=3164) to work on /Users/linghuchong/Downloads/51/Python/project/instance/airflow284/dags/producer_consumer /dataset_dagRun.py
[2026-03-06T10:00:46.628+0800] {processor.py:914} INFO - Processing file /Users/linghuchong/Downloads/51/Python/project/instance/airflow284/dags/producer_consumer /dataset_dagRun.py for tasks to queue
[2026-03-06T10:00:46.629+0800] {logging_mixin.py:190} INFO - [2026-03-06T10:00:46.629+0800] {dagbag.py:588} INFO - Filling up the DagBag from /Users/linghuchong/Downloads/51/Python/project/instance/airflow284/dags/producer_consumer /dataset_dagRun.py
[2026-03-06T10:00:46.729+0800] {processor.py:925} INFO - DAG(s) 'consumer_dagRun', 'producer_dagRun_sync' retrieved from /Users/linghuchong/Downloads/51/Python/project/instance/airflow284/dags/producer_consumer /dataset_dagRun.py
[2026-03-06T10:00:46.845+0800] {logging_mixin.py:190} INFO - [2026-03-06T10:00:46.845+0800] {dag.py:3239} INFO - Sync 2 DAGs
[2026-03-06T10:00:46.867+0800] {logging_mixin.py:190} INFO - [2026-03-06T10:00:46.867+0800] {dag.py:4180} INFO - Setting next_dagrun for consumer_dagRun to None, run_after=None
[2026-03-06T10:00:46.871+0800] {logging_mixin.py:190} INFO - [2026-03-06T10:00:46.871+0800] {dag.py:4180} INFO - Setting next_dagrun for producer_dagRun_sync to None, run_after=None
[2026-03-06T10:00:46.895+0800] {processor.py:208} INFO - Processing /Users/linghuchong/Downloads/51/Python/project/instance/airflow284/dags/producer_consumer /dataset_dagRun.py took 272.770 seconds
[2026-03-06T10:03:53.838+0800] {processor.py:186} INFO - Started process (PID=3473) to work on /Users/linghuchong/Downloads/51/Python/project/instance/airflow284/dags/producer_consumer /dataset_dagRun.py
[2026-03-06T10:03:53.841+0800] {processor.py:914} INFO - Processing file /Users/linghuchong/Downloads/51/Python/project/instance/airflow284/dags/producer_consumer /dataset_dagRun.py for tasks to queue
[2026-03-06T10:03:53.842+0800] {logging_mixin.py:190} INFO - [2026-03-06T10:03:53.842+0800] {dagbag.py:588} INFO - Filling up the DagBag from /Users/linghuchong/Downloads/51/Python/project/instance/airflow284/dags/producer_consumer /dataset_dagRun.py
[2026-03-06T10:03:53.936+0800] {processor.py:925} INFO - DAG(s) 'producer_dagRun_sync', 'consumer_dagRun' retrieved from /Users/linghuchong/Downloads/51/Python/project/instance/airflow284/dags/producer_consumer /dataset_dagRun.py
[2026-03-06T10:03:54.048+0800] {logging_mixin.py:190} INFO - [2026-03-06T10:03:54.048+0800] {dag.py:3239} INFO - Sync 2 DAGs
[2026-03-06T10:03:54.069+0800] {logging_mixin.py:190} INFO - [2026-03-06T10:03:54.069+0800] {dag.py:4180} INFO - Setting next_dagrun for consumer_dagRun to None, run_after=None
[2026-03-06T10:03:54.072+0800] {logging_mixin.py:190} INFO - [2026-03-06T10:03:54.072+0800] {dag.py:4180} INFO - Setting next_dagrun for producer_dagRun_sync to None, run_after=None
[2026-03-06T10:03:54.093+0800] {processor.py:208} INFO - Processing /Users/linghuchong/Downloads/51/Python/project/instance/airflow284/dags/producer_consumer /dataset_dagRun.py took 257.792 seconds
[2026-03-06T10:06:56.431+0800] {processor.py:186} INFO - Started process (PID=3645) to work on /Users/linghuchong/Downloads/51/Python/project/instance/airflow284/dags/producer_consumer /dataset_dagRun.py
[2026-03-06T10:06:56.432+0800] {processor.py:914} INFO - Processing file /Users/linghuchong/Downloads/51/Python/project/instance/airflow284/dags/producer_consumer /dataset_dagRun.py for tasks to queue
[2026-03-06T10:06:56.433+0800] {logging_mixin.py:190} INFO - [2026-03-06T10:06:56.433+0800] {dagbag.py:588} INFO - Filling up the DagBag from /Users/linghuchong/Downloads/51/Python/project/instance/airflow284/dags/producer_consumer /dataset_dagRun.py
[2026-03-06T10:06:56.633+0800] {processor.py:925} INFO - DAG(s) 'producer_dagRun_sync', 'consumer_dagRun' retrieved from /Users/linghuchong/Downloads/51/Python/project/instance/airflow284/dags/producer_consumer /dataset_dagRun.py
[2026-03-06T10:06:56.768+0800] {logging_mixin.py:190} INFO - [2026-03-06T10:06:56.767+0800] {dag.py:3239} INFO - Sync 2 DAGs
[2026-03-06T10:06:56.792+0800] {logging_mixin.py:190} INFO - [2026-03-06T10:06:56.792+0800] {dag.py:4180} INFO - Setting next_dagrun for consumer_dagRun to None, run_after=None
[2026-03-06T10:06:56.796+0800] {logging_mixin.py:190} INFO - [2026-03-06T10:06:56.796+0800] {dag.py:4180} INFO - Setting next_dagrun for producer_dagRun_sync to None, run_after=None
[2026-03-06T10:06:56.820+0800] {processor.py:208} INFO - Processing /Users/linghuchong/Downloads/51/Python/project/instance/airflow284/dags/producer_consumer /dataset_dagRun.py took 392.502 seconds
[2026-03-06T10:10:01.122+0800] {processor.py:186} INFO - Started process (PID=3756) to work on /Users/linghuchong/Downloads/51/Python/project/instance/airflow284/dags/producer_consumer /dataset_dagRun.py
[2026-03-06T10:10:01.123+0800] {processor.py:914} INFO - Processing file /Users/linghuchong/Downloads/51/Python/project/instance/airflow284/dags/producer_consumer /dataset_dagRun.py for tasks to queue
[2026-03-06T10:10:01.124+0800] {logging_mixin.py:190} INFO - [2026-03-06T10:10:01.124+0800] {dagbag.py:588} INFO - Filling up the DagBag from /Users/linghuchong/Downloads/51/Python/project/instance/airflow284/dags/producer_consumer /dataset_dagRun.py
[2026-03-06T10:10:01.226+0800] {processor.py:925} INFO - DAG(s) 'consumer_dagRun', 'producer_dagRun_sync' retrieved from /Users/linghuchong/Downloads/51/Python/project/instance/airflow284/dags/producer_consumer /dataset_dagRun.py
[2026-03-06T10:10:01.351+0800] {logging_mixin.py:190} INFO - [2026-03-06T10:10:01.350+0800] {dag.py:3239} INFO - Sync 2 DAGs
[2026-03-06T10:10:01.372+0800] {logging_mixin.py:190} INFO - [2026-03-06T10:10:01.372+0800] {dag.py:4180} INFO - Setting next_dagrun for consumer_dagRun to None, run_after=None
[2026-03-06T10:10:01.375+0800] {logging_mixin.py:190} INFO - [2026-03-06T10:10:01.375+0800] {dag.py:4180} INFO - Setting next_dagrun for producer_dagRun_sync to None, run_after=None
[2026-03-06T10:10:01.397+0800] {processor.py:208} INFO - Processing /Users/linghuchong/Downloads/51/Python/project/instance/airflow284/dags/producer_consumer /dataset_dagRun.py took 277.327 seconds
[2026-03-06T10:13:02.820+0800] {processor.py:186} INFO - Started process (PID=3829) to work on /Users/linghuchong/Downloads/51/Python/project/instance/airflow284/dags/producer_consumer /dataset_dagRun.py
[2026-03-06T10:13:02.821+0800] {processor.py:914} INFO - Processing file /Users/linghuchong/Downloads/51/Python/project/instance/airflow284/dags/producer_consumer /dataset_dagRun.py for tasks to queue
[2026-03-06T10:13:02.822+0800] {logging_mixin.py:190} INFO - [2026-03-06T10:13:02.822+0800] {dagbag.py:588} INFO - Filling up the DagBag from /Users/linghuchong/Downloads/51/Python/project/instance/airflow284/dags/producer_consumer /dataset_dagRun.py
[2026-03-06T10:13:02.918+0800] {processor.py:925} INFO - DAG(s) 'producer_dagRun_sync', 'consumer_dagRun' retrieved from /Users/linghuchong/Downloads/51/Python/project/instance/airflow284/dags/producer_consumer /dataset_dagRun.py
[2026-03-06T10:13:03.032+0800] {logging_mixin.py:190} INFO - [2026-03-06T10:13:03.031+0800] {dag.py:3239} INFO - Sync 2 DAGs
[2026-03-06T10:13:03.053+0800] {logging_mixin.py:190} INFO - [2026-03-06T10:13:03.053+0800] {dag.py:4180} INFO - Setting next_dagrun for consumer_dagRun to None, run_after=None
[2026-03-06T10:13:03.057+0800] {logging_mixin.py:190} INFO - [2026-03-06T10:13:03.056+0800] {dag.py:4180} INFO - Setting next_dagrun for producer_dagRun_sync to None, run_after=None
[2026-03-06T10:13:03.076+0800] {processor.py:208} INFO - Processing /Users/linghuchong/Downloads/51/Python/project/instance/airflow284/dags/producer_consumer /dataset_dagRun.py took 258.859 seconds
[2026-03-06T10:15:59.296+0800] {processor.py:186} INFO - Started process (PID=3918) to work on /Users/linghuchong/Downloads/51/Python/project/instance/airflow284/dags/producer_consumer /dataset_dagRun.py
[2026-03-06T10:15:59.297+0800] {processor.py:914} INFO - Processing file /Users/linghuchong/Downloads/51/Python/project/instance/airflow284/dags/producer_consumer /dataset_dagRun.py for tasks to queue
[2026-03-06T10:15:59.297+0800] {logging_mixin.py:190} INFO - [2026-03-06T10:15:59.297+0800] {dagbag.py:588} INFO - Filling up the DagBag from /Users/linghuchong/Downloads/51/Python/project/instance/airflow284/dags/producer_consumer /dataset_dagRun.py
[2026-03-06T10:15:59.393+0800] {processor.py:925} INFO - DAG(s) 'consumer_dagRun', 'producer_dagRun_sync' retrieved from /Users/linghuchong/Downloads/51/Python/project/instance/airflow284/dags/producer_consumer /dataset_dagRun.py
[2026-03-06T10:15:59.500+0800] {logging_mixin.py:190} INFO - [2026-03-06T10:15:59.499+0800] {dag.py:3239} INFO - Sync 2 DAGs
[2026-03-06T10:15:59.520+0800] {logging_mixin.py:190} INFO - [2026-03-06T10:15:59.519+0800] {dag.py:4180} INFO - Setting next_dagrun for consumer_dagRun to None, run_after=None
[2026-03-06T10:15:59.523+0800] {logging_mixin.py:190} INFO - [2026-03-06T10:15:59.522+0800] {dag.py:4180} INFO - Setting next_dagrun for producer_dagRun_sync to None, run_after=None
[2026-03-06T10:15:59.545+0800] {processor.py:208} INFO - Processing /Users/linghuchong/Downloads/51/Python/project/instance/airflow284/dags/producer_consumer /dataset_dagRun.py took 251.609 seconds
[2026-03-06T10:18:52.978+0800] {processor.py:186} INFO - Started process (PID=3997) to work on /Users/linghuchong/Downloads/51/Python/project/instance/airflow284/dags/producer_consumer /dataset_dagRun.py
[2026-03-06T10:18:52.979+0800] {processor.py:914} INFO - Processing file /Users/linghuchong/Downloads/51/Python/project/instance/airflow284/dags/producer_consumer /dataset_dagRun.py for tasks to queue
[2026-03-06T10:18:52.979+0800] {logging_mixin.py:190} INFO - [2026-03-06T10:18:52.979+0800] {dagbag.py:588} INFO - Filling up the DagBag from /Users/linghuchong/Downloads/51/Python/project/instance/airflow284/dags/producer_consumer /dataset_dagRun.py
[2026-03-06T10:18:53.080+0800] {processor.py:925} INFO - DAG(s) 'consumer_dagRun', 'producer_dagRun_sync' retrieved from /Users/linghuchong/Downloads/51/Python/project/instance/airflow284/dags/producer_consumer /dataset_dagRun.py
[2026-03-06T10:18:53.187+0800] {logging_mixin.py:190} INFO - [2026-03-06T10:18:53.187+0800] {dag.py:3239} INFO - Sync 2 DAGs
[2026-03-06T10:18:53.206+0800] {logging_mixin.py:190} INFO - [2026-03-06T10:18:53.206+0800] {dag.py:4180} INFO - Setting next_dagrun for consumer_dagRun to None, run_after=None
[2026-03-06T10:18:53.209+0800] {logging_mixin.py:190} INFO - [2026-03-06T10:18:53.209+0800] {dag.py:4180} INFO - Setting next_dagrun for producer_dagRun_sync to None, run_after=None
[2026-03-06T10:18:53.230+0800] {processor.py:208} INFO - Processing /Users/linghuchong/Downloads/51/Python/project/instance/airflow284/dags/producer_consumer /dataset_dagRun.py took 254.303 seconds
[2026-03-06T10:21:53.672+0800] {processor.py:186} INFO - Started process (PID=4064) to work on /Users/linghuchong/Downloads/51/Python/project/instance/airflow284/dags/producer_consumer /dataset_dagRun.py
[2026-03-06T10:21:53.673+0800] {processor.py:914} INFO - Processing file /Users/linghuchong/Downloads/51/Python/project/instance/airflow284/dags/producer_consumer /dataset_dagRun.py for tasks to queue
[2026-03-06T10:21:53.674+0800] {logging_mixin.py:190} INFO - [2026-03-06T10:21:53.674+0800] {dagbag.py:588} INFO - Filling up the DagBag from /Users/linghuchong/Downloads/51/Python/project/instance/airflow284/dags/producer_consumer /dataset_dagRun.py
[2026-03-06T10:21:53.774+0800] {processor.py:925} INFO - DAG(s) 'producer_dagRun_sync', 'consumer_dagRun' retrieved from /Users/linghuchong/Downloads/51/Python/project/instance/airflow284/dags/producer_consumer /dataset_dagRun.py
[2026-03-06T10:21:53.884+0800] {logging_mixin.py:190} INFO - [2026-03-06T10:21:53.884+0800] {dag.py:3239} INFO - Sync 2 DAGs
[2026-03-06T10:21:53.904+0800] {logging_mixin.py:190} INFO - [2026-03-06T10:21:53.904+0800] {dag.py:4180} INFO - Setting next_dagrun for consumer_dagRun to None, run_after=None
[2026-03-06T10:21:53.907+0800] {logging_mixin.py:190} INFO - [2026-03-06T10:21:53.907+0800] {dag.py:4180} INFO - Setting next_dagrun for producer_dagRun_sync to None, run_after=None
[2026-03-06T10:21:53.930+0800] {processor.py:208} INFO - Processing /Users/linghuchong/Downloads/51/Python/project/instance/airflow284/dags/producer_consumer /dataset_dagRun.py took 260.905 seconds
[2026-03-06T10:24:56.227+0800] {processor.py:186} INFO - Started process (PID=4150) to work on /Users/linghuchong/Downloads/51/Python/project/instance/airflow284/dags/producer_consumer /dataset_dagRun.py
[2026-03-06T10:24:56.227+0800] {processor.py:914} INFO - Processing file /Users/linghuchong/Downloads/51/Python/project/instance/airflow284/dags/producer_consumer /dataset_dagRun.py for tasks to queue
[2026-03-06T10:24:56.228+0800] {logging_mixin.py:190} INFO - [2026-03-06T10:24:56.228+0800] {dagbag.py:588} INFO - Filling up the DagBag from /Users/linghuchong/Downloads/51/Python/project/instance/airflow284/dags/producer_consumer /dataset_dagRun.py
[2026-03-06T10:24:56.326+0800] {processor.py:925} INFO - DAG(s) 'consumer_dagRun', 'producer_dagRun_sync' retrieved from /Users/linghuchong/Downloads/51/Python/project/instance/airflow284/dags/producer_consumer /dataset_dagRun.py
[2026-03-06T10:24:56.438+0800] {logging_mixin.py:190} INFO - [2026-03-06T10:24:56.437+0800] {dag.py:3239} INFO - Sync 2 DAGs
[2026-03-06T10:24:56.458+0800] {logging_mixin.py:190} INFO - [2026-03-06T10:24:56.457+0800] {dag.py:4180} INFO - Setting next_dagrun for consumer_dagRun to None, run_after=None
[2026-03-06T10:24:56.461+0800] {logging_mixin.py:190} INFO - [2026-03-06T10:24:56.460+0800] {dag.py:4180} INFO - Setting next_dagrun for producer_dagRun_sync to None, run_after=None
[2026-03-06T10:24:56.483+0800] {processor.py:208} INFO - Processing /Users/linghuchong/Downloads/51/Python/project/instance/airflow284/dags/producer_consumer /dataset_dagRun.py took 259.277 seconds
[2026-03-06T10:27:54.137+0800] {processor.py:186} INFO - Started process (PID=4226) to work on /Users/linghuchong/Downloads/51/Python/project/instance/airflow284/dags/producer_consumer /dataset_dagRun.py
[2026-03-06T10:27:54.138+0800] {processor.py:914} INFO - Processing file /Users/linghuchong/Downloads/51/Python/project/instance/airflow284/dags/producer_consumer /dataset_dagRun.py for tasks to queue
[2026-03-06T10:27:54.139+0800] {logging_mixin.py:190} INFO - [2026-03-06T10:27:54.139+0800] {dagbag.py:588} INFO - Filling up the DagBag from /Users/linghuchong/Downloads/51/Python/project/instance/airflow284/dags/producer_consumer /dataset_dagRun.py
[2026-03-06T10:27:54.234+0800] {processor.py:925} INFO - DAG(s) 'consumer_dagRun', 'producer_dagRun_sync' retrieved from /Users/linghuchong/Downloads/51/Python/project/instance/airflow284/dags/producer_consumer /dataset_dagRun.py
[2026-03-06T10:27:54.347+0800] {logging_mixin.py:190} INFO - [2026-03-06T10:27:54.347+0800] {dag.py:3239} INFO - Sync 2 DAGs
[2026-03-06T10:27:54.366+0800] {logging_mixin.py:190} INFO - [2026-03-06T10:27:54.366+0800] {dag.py:4180} INFO - Setting next_dagrun for consumer_dagRun to None, run_after=None
[2026-03-06T10:27:54.369+0800] {logging_mixin.py:190} INFO - [2026-03-06T10:27:54.369+0800] {dag.py:4180} INFO - Setting next_dagrun for producer_dagRun_sync to None, run_after=None
[2026-03-06T10:27:54.391+0800] {processor.py:208} INFO - Processing /Users/linghuchong/Downloads/51/Python/project/instance/airflow284/dags/producer_consumer /dataset_dagRun.py took 256.418 seconds
[2026-03-06T10:30:54.078+0800] {processor.py:186} INFO - Started process (PID=4297) to work on /Users/linghuchong/Downloads/51/Python/project/instance/airflow284/dags/producer_consumer /dataset_dagRun.py
[2026-03-06T10:30:54.078+0800] {processor.py:914} INFO - Processing file /Users/linghuchong/Downloads/51/Python/project/instance/airflow284/dags/producer_consumer /dataset_dagRun.py for tasks to queue
[2026-03-06T10:30:54.079+0800] {logging_mixin.py:190} INFO - [2026-03-06T10:30:54.079+0800] {dagbag.py:588} INFO - Filling up the DagBag from /Users/linghuchong/Downloads/51/Python/project/instance/airflow284/dags/producer_consumer /dataset_dagRun.py
[2026-03-06T10:30:54.175+0800] {processor.py:925} INFO - DAG(s) 'consumer_dagRun', 'producer_dagRun_sync' retrieved from /Users/linghuchong/Downloads/51/Python/project/instance/airflow284/dags/producer_consumer /dataset_dagRun.py
[2026-03-06T10:30:54.281+0800] {logging_mixin.py:190} INFO - [2026-03-06T10:30:54.281+0800] {dag.py:3239} INFO - Sync 2 DAGs
[2026-03-06T10:30:54.301+0800] {logging_mixin.py:190} INFO - [2026-03-06T10:30:54.301+0800] {dag.py:4180} INFO - Setting next_dagrun for consumer_dagRun to None, run_after=None
[2026-03-06T10:30:54.305+0800] {logging_mixin.py:190} INFO - [2026-03-06T10:30:54.304+0800] {dag.py:4180} INFO - Setting next_dagrun for producer_dagRun_sync to None, run_after=None
[2026-03-06T10:30:54.327+0800] {processor.py:208} INFO - Processing /Users/linghuchong/Downloads/51/Python/project/instance/airflow284/dags/producer_consumer /dataset_dagRun.py took 251.672 seconds
[2026-03-06T10:34:02.399+0800] {processor.py:186} INFO - Started process (PID=4457) to work on /Users/linghuchong/Downloads/51/Python/project/instance/airflow284/dags/producer_consumer /dataset_dagRun.py
[2026-03-06T10:34:02.399+0800] {processor.py:914} INFO - Processing file /Users/linghuchong/Downloads/51/Python/project/instance/airflow284/dags/producer_consumer /dataset_dagRun.py for tasks to queue
[2026-03-06T10:34:02.400+0800] {logging_mixin.py:190} INFO - [2026-03-06T10:34:02.400+0800] {dagbag.py:588} INFO - Filling up the DagBag from /Users/linghuchong/Downloads/51/Python/project/instance/airflow284/dags/producer_consumer /dataset_dagRun.py
[2026-03-06T10:34:02.498+0800] {processor.py:925} INFO - DAG(s) 'consumer_dagRun', 'producer_dagRun_sync' retrieved from /Users/linghuchong/Downloads/51/Python/project/instance/airflow284/dags/producer_consumer /dataset_dagRun.py
[2026-03-06T10:34:02.610+0800] {logging_mixin.py:190} INFO - [2026-03-06T10:34:02.610+0800] {dag.py:3239} INFO - Sync 2 DAGs
[2026-03-06T10:34:02.629+0800] {logging_mixin.py:190} INFO - [2026-03-06T10:34:02.629+0800] {dag.py:4180} INFO - Setting next_dagrun for consumer_dagRun to None, run_after=None
[2026-03-06T10:34:02.632+0800] {logging_mixin.py:190} INFO - [2026-03-06T10:34:02.632+0800] {dag.py:4180} INFO - Setting next_dagrun for producer_dagRun_sync to None, run_after=None
[2026-03-06T10:34:02.654+0800] {processor.py:208} INFO - Processing /Users/linghuchong/Downloads/51/Python/project/instance/airflow284/dags/producer_consumer /dataset_dagRun.py took 258.425 seconds
[2026-03-06T10:37:03.182+0800] {processor.py:186} INFO - Started process (PID=4656) to work on /Users/linghuchong/Downloads/51/Python/project/instance/airflow284/dags/producer_consumer /dataset_dagRun.py
[2026-03-06T10:37:03.182+0800] {processor.py:914} INFO - Processing file /Users/linghuchong/Downloads/51/Python/project/instance/airflow284/dags/producer_consumer /dataset_dagRun.py for tasks to queue
[2026-03-06T10:37:03.183+0800] {logging_mixin.py:190} INFO - [2026-03-06T10:37:03.183+0800] {dagbag.py:588} INFO - Filling up the DagBag from /Users/linghuchong/Downloads/51/Python/project/instance/airflow284/dags/producer_consumer /dataset_dagRun.py
[2026-03-06T10:37:03.284+0800] {processor.py:925} INFO - DAG(s) 'consumer_dagRun', 'producer_dagRun_sync' retrieved from /Users/linghuchong/Downloads/51/Python/project/instance/airflow284/dags/producer_consumer /dataset_dagRun.py
[2026-03-06T10:37:03.398+0800] {logging_mixin.py:190} INFO - [2026-03-06T10:37:03.398+0800] {dag.py:3239} INFO - Sync 2 DAGs
[2026-03-06T10:37:03.419+0800] {logging_mixin.py:190} INFO - [2026-03-06T10:37:03.419+0800] {dag.py:4180} INFO - Setting next_dagrun for consumer_dagRun to None, run_after=None
[2026-03-06T10:37:03.422+0800] {logging_mixin.py:190} INFO - [2026-03-06T10:37:03.422+0800] {dag.py:4180} INFO - Setting next_dagrun for producer_dagRun_sync to None, run_after=None
[2026-03-06T10:37:03.444+0800] {processor.py:208} INFO - Processing /Users/linghuchong/Downloads/51/Python/project/instance/airflow284/dags/producer_consumer /dataset_dagRun.py took 264.761 seconds
[2026-03-06T10:40:03.483+0800] {processor.py:186} INFO - Started process (PID=4753) to work on /Users/linghuchong/Downloads/51/Python/project/instance/airflow284/dags/producer_consumer /dataset_dagRun.py
[2026-03-06T10:40:03.484+0800] {processor.py:914} INFO - Processing file /Users/linghuchong/Downloads/51/Python/project/instance/airflow284/dags/producer_consumer /dataset_dagRun.py for tasks to queue
[2026-03-06T10:40:03.485+0800] {logging_mixin.py:190} INFO - [2026-03-06T10:40:03.485+0800] {dagbag.py:588} INFO - Filling up the DagBag from /Users/linghuchong/Downloads/51/Python/project/instance/airflow284/dags/producer_consumer /dataset_dagRun.py
[2026-03-06T10:40:03.586+0800] {processor.py:925} INFO - DAG(s) 'consumer_dagRun', 'producer_dagRun_sync' retrieved from /Users/linghuchong/Downloads/51/Python/project/instance/airflow284/dags/producer_consumer /dataset_dagRun.py
[2026-03-06T10:40:03.696+0800] {logging_mixin.py:190} INFO - [2026-03-06T10:40:03.695+0800] {dag.py:3239} INFO - Sync 2 DAGs
[2026-03-06T10:40:03.715+0800] {logging_mixin.py:190} INFO - [2026-03-06T10:40:03.715+0800] {dag.py:4180} INFO - Setting next_dagrun for consumer_dagRun to None, run_after=None
[2026-03-06T10:40:03.718+0800] {logging_mixin.py:190} INFO - [2026-03-06T10:40:03.718+0800] {dag.py:4180} INFO - Setting next_dagrun for producer_dagRun_sync to None, run_after=None
[2026-03-06T10:40:03.739+0800] {processor.py:208} INFO - Processing /Users/linghuchong/Downloads/51/Python/project/instance/airflow284/dags/producer_consumer /dataset_dagRun.py took 259.114 seconds
[2026-03-06T10:43:04.110+0800] {processor.py:186} INFO - Started process (PID=4833) to work on /Users/linghuchong/Downloads/51/Python/project/instance/airflow284/dags/producer_consumer /dataset_dagRun.py
[2026-03-06T10:43:04.111+0800] {processor.py:914} INFO - Processing file /Users/linghuchong/Downloads/51/Python/project/instance/airflow284/dags/producer_consumer /dataset_dagRun.py for tasks to queue
[2026-03-06T10:43:04.112+0800] {logging_mixin.py:190} INFO - [2026-03-06T10:43:04.111+0800] {dagbag.py:588} INFO - Filling up the DagBag from /Users/linghuchong/Downloads/51/Python/project/instance/airflow284/dags/producer_consumer /dataset_dagRun.py
[2026-03-06T10:43:04.210+0800] {processor.py:925} INFO - DAG(s) 'consumer_dagRun', 'producer_dagRun_sync' retrieved from /Users/linghuchong/Downloads/51/Python/project/instance/airflow284/dags/producer_consumer /dataset_dagRun.py
[2026-03-06T10:43:04.322+0800] {logging_mixin.py:190} INFO - [2026-03-06T10:43:04.322+0800] {dag.py:3239} INFO - Sync 2 DAGs
[2026-03-06T10:43:04.343+0800] {logging_mixin.py:190} INFO - [2026-03-06T10:43:04.343+0800] {dag.py:4180} INFO - Setting next_dagrun for consumer_dagRun to None, run_after=None
[2026-03-06T10:43:04.346+0800] {logging_mixin.py:190} INFO - [2026-03-06T10:43:04.346+0800] {dag.py:4180} INFO - Setting next_dagrun for producer_dagRun_sync to None, run_after=None
[2026-03-06T10:43:04.370+0800] {processor.py:208} INFO - Processing /Users/linghuchong/Downloads/51/Python/project/instance/airflow284/dags/producer_consumer /dataset_dagRun.py took 262.950 seconds
[2026-03-06T10:46:06.318+0800] {processor.py:186} INFO - Started process (PID=4920) to work on /Users/linghuchong/Downloads/51/Python/project/instance/airflow284/dags/producer_consumer /dataset_dagRun.py
[2026-03-06T10:46:06.319+0800] {processor.py:914} INFO - Processing file /Users/linghuchong/Downloads/51/Python/project/instance/airflow284/dags/producer_consumer /dataset_dagRun.py for tasks to queue
[2026-03-06T10:46:06.320+0800] {logging_mixin.py:190} INFO - [2026-03-06T10:46:06.320+0800] {dagbag.py:588} INFO - Filling up the DagBag from /Users/linghuchong/Downloads/51/Python/project/instance/airflow284/dags/producer_consumer /dataset_dagRun.py
[2026-03-06T10:46:06.423+0800] {processor.py:925} INFO - DAG(s) 'producer_dagRun_sync', 'consumer_dagRun' retrieved from /Users/linghuchong/Downloads/51/Python/project/instance/airflow284/dags/producer_consumer /dataset_dagRun.py
[2026-03-06T10:46:06.535+0800] {logging_mixin.py:190} INFO - [2026-03-06T10:46:06.535+0800] {dag.py:3239} INFO - Sync 2 DAGs
[2026-03-06T10:46:06.556+0800] {logging_mixin.py:190} INFO - [2026-03-06T10:46:06.555+0800] {dag.py:4180} INFO - Setting next_dagrun for consumer_dagRun to None, run_after=None
[2026-03-06T10:46:06.559+0800] {logging_mixin.py:190} INFO - [2026-03-06T10:46:06.558+0800] {dag.py:4180} INFO - Setting next_dagrun for producer_dagRun_sync to None, run_after=None
[2026-03-06T10:46:06.581+0800] {processor.py:208} INFO - Processing /Users/linghuchong/Downloads/51/Python/project/instance/airflow284/dags/producer_consumer /dataset_dagRun.py took 265.820 seconds
[2026-03-06T10:49:13.111+0800] {processor.py:186} INFO - Started process (PID=4992) to work on /Users/linghuchong/Downloads/51/Python/project/instance/airflow284/dags/producer_consumer /dataset_dagRun.py
[2026-03-06T10:49:13.111+0800] {processor.py:914} INFO - Processing file /Users/linghuchong/Downloads/51/Python/project/instance/airflow284/dags/producer_consumer /dataset_dagRun.py for tasks to queue
[2026-03-06T10:49:13.112+0800] {logging_mixin.py:190} INFO - [2026-03-06T10:49:13.112+0800] {dagbag.py:588} INFO - Filling up the DagBag from /Users/linghuchong/Downloads/51/Python/project/instance/airflow284/dags/producer_consumer /dataset_dagRun.py
[2026-03-06T10:49:13.209+0800] {processor.py:925} INFO - DAG(s) 'consumer_dagRun', 'producer_dagRun_sync' retrieved from /Users/linghuchong/Downloads/51/Python/project/instance/airflow284/dags/producer_consumer /dataset_dagRun.py
[2026-03-06T10:49:13.323+0800] {logging_mixin.py:190} INFO - [2026-03-06T10:49:13.322+0800] {dag.py:3239} INFO - Sync 2 DAGs
[2026-03-06T10:49:13.344+0800] {logging_mixin.py:190} INFO - [2026-03-06T10:49:13.343+0800] {dag.py:4180} INFO - Setting next_dagrun for consumer_dagRun to None, run_after=None
[2026-03-06T10:49:13.348+0800] {logging_mixin.py:190} INFO - [2026-03-06T10:49:13.347+0800] {dag.py:4180} INFO - Setting next_dagrun for producer_dagRun_sync to None, run_after=None
[2026-03-06T10:49:13.371+0800] {processor.py:208} INFO - Processing /Users/linghuchong/Downloads/51/Python/project/instance/airflow284/dags/producer_consumer /dataset_dagRun.py took 263.148 seconds
[2026-03-06T10:52:14.400+0800] {processor.py:186} INFO - Started process (PID=5067) to work on /Users/linghuchong/Downloads/51/Python/project/instance/airflow284/dags/producer_consumer /dataset_dagRun.py
[2026-03-06T10:52:14.401+0800] {processor.py:914} INFO - Processing file /Users/linghuchong/Downloads/51/Python/project/instance/airflow284/dags/producer_consumer /dataset_dagRun.py for tasks to queue
[2026-03-06T10:52:14.402+0800] {logging_mixin.py:190} INFO - [2026-03-06T10:52:14.401+0800] {dagbag.py:588} INFO - Filling up the DagBag from /Users/linghuchong/Downloads/51/Python/project/instance/airflow284/dags/producer_consumer /dataset_dagRun.py
[2026-03-06T10:52:14.505+0800] {processor.py:925} INFO - DAG(s) 'consumer_dagRun', 'producer_dagRun_sync' retrieved from /Users/linghuchong/Downloads/51/Python/project/instance/airflow284/dags/producer_consumer /dataset_dagRun.py
[2026-03-06T10:52:14.626+0800] {logging_mixin.py:190} INFO - [2026-03-06T10:52:14.625+0800] {dag.py:3239} INFO - Sync 2 DAGs
[2026-03-06T10:52:14.648+0800] {logging_mixin.py:190} INFO - [2026-03-06T10:52:14.647+0800] {dag.py:4180} INFO - Setting next_dagrun for consumer_dagRun to None, run_after=None
[2026-03-06T10:52:14.651+0800] {logging_mixin.py:190} INFO - [2026-03-06T10:52:14.651+0800] {dag.py:4180} INFO - Setting next_dagrun for producer_dagRun_sync to None, run_after=None
[2026-03-06T10:52:14.672+0800] {processor.py:208} INFO - Processing /Users/linghuchong/Downloads/51/Python/project/instance/airflow284/dags/producer_consumer /dataset_dagRun.py took 274.566 seconds
[2026-03-06T10:55:19.003+0800] {processor.py:186} INFO - Started process (PID=5237) to work on /Users/linghuchong/Downloads/51/Python/project/instance/airflow284/dags/producer_consumer /dataset_dagRun.py
[2026-03-06T10:55:19.003+0800] {processor.py:914} INFO - Processing file /Users/linghuchong/Downloads/51/Python/project/instance/airflow284/dags/producer_consumer /dataset_dagRun.py for tasks to queue
[2026-03-06T10:55:19.004+0800] {logging_mixin.py:190} INFO - [2026-03-06T10:55:19.004+0800] {dagbag.py:588} INFO - Filling up the DagBag from /Users/linghuchong/Downloads/51/Python/project/instance/airflow284/dags/producer_consumer /dataset_dagRun.py
[2026-03-06T10:55:19.104+0800] {processor.py:925} INFO - DAG(s) 'producer_dagRun_sync', 'consumer_dagRun' retrieved from /Users/linghuchong/Downloads/51/Python/project/instance/airflow284/dags/producer_consumer /dataset_dagRun.py
[2026-03-06T10:55:19.212+0800] {logging_mixin.py:190} INFO - [2026-03-06T10:55:19.212+0800] {dag.py:3239} INFO - Sync 2 DAGs
[2026-03-06T10:55:19.232+0800] {logging_mixin.py:190} INFO - [2026-03-06T10:55:19.231+0800] {dag.py:4180} INFO - Setting next_dagrun for consumer_dagRun to None, run_after=None
[2026-03-06T10:55:19.235+0800] {logging_mixin.py:190} INFO - [2026-03-06T10:55:19.234+0800] {dag.py:4180} INFO - Setting next_dagrun for producer_dagRun_sync to None, run_after=None
[2026-03-06T10:55:19.257+0800] {processor.py:208} INFO - Processing /Users/linghuchong/Downloads/51/Python/project/instance/airflow284/dags/producer_consumer /dataset_dagRun.py took 258.313 seconds
[2026-03-06T10:58:14.961+0800] {processor.py:186} INFO - Started process (PID=5316) to work on /Users/linghuchong/Downloads/51/Python/project/instance/airflow284/dags/producer_consumer /dataset_dagRun.py
[2026-03-06T10:58:14.961+0800] {processor.py:914} INFO - Processing file /Users/linghuchong/Downloads/51/Python/project/instance/airflow284/dags/producer_consumer /dataset_dagRun.py for tasks to queue
[2026-03-06T10:58:14.962+0800] {logging_mixin.py:190} INFO - [2026-03-06T10:58:14.962+0800] {dagbag.py:588} INFO - Filling up the DagBag from /Users/linghuchong/Downloads/51/Python/project/instance/airflow284/dags/producer_consumer /dataset_dagRun.py
[2026-03-06T10:58:15.067+0800] {processor.py:925} INFO - DAG(s) 'producer_dagRun_sync', 'consumer_dagRun' retrieved from /Users/linghuchong/Downloads/51/Python/project/instance/airflow284/dags/producer_consumer /dataset_dagRun.py
[2026-03-06T10:58:15.179+0800] {logging_mixin.py:190} INFO - [2026-03-06T10:58:15.179+0800] {dag.py:3239} INFO - Sync 2 DAGs
[2026-03-06T10:58:15.200+0800] {logging_mixin.py:190} INFO - [2026-03-06T10:58:15.200+0800] {dag.py:4180} INFO - Setting next_dagrun for consumer_dagRun to None, run_after=None
[2026-03-06T10:58:15.203+0800] {logging_mixin.py:190} INFO - [2026-03-06T10:58:15.203+0800] {dag.py:4180} INFO - Setting next_dagrun for producer_dagRun_sync to None, run_after=None
[2026-03-06T10:58:15.225+0800] {processor.py:208} INFO - Processing /Users/linghuchong/Downloads/51/Python/project/instance/airflow284/dags/producer_consumer /dataset_dagRun.py took 266.735 seconds
[2026-03-06T11:01:14.075+0800] {processor.py:186} INFO - Started process (PID=5391) to work on /Users/linghuchong/Downloads/51/Python/project/instance/airflow284/dags/producer_consumer /dataset_dagRun.py
[2026-03-06T11:01:14.076+0800] {processor.py:914} INFO - Processing file /Users/linghuchong/Downloads/51/Python/project/instance/airflow284/dags/producer_consumer /dataset_dagRun.py for tasks to queue
[2026-03-06T11:01:14.077+0800] {logging_mixin.py:190} INFO - [2026-03-06T11:01:14.077+0800] {dagbag.py:588} INFO - Filling up the DagBag from /Users/linghuchong/Downloads/51/Python/project/instance/airflow284/dags/producer_consumer /dataset_dagRun.py
[2026-03-06T11:01:14.175+0800] {processor.py:925} INFO - DAG(s) 'producer_dagRun_sync', 'consumer_dagRun' retrieved from /Users/linghuchong/Downloads/51/Python/project/instance/airflow284/dags/producer_consumer /dataset_dagRun.py
[2026-03-06T11:01:14.289+0800] {logging_mixin.py:190} INFO - [2026-03-06T11:01:14.288+0800] {dag.py:3239} INFO - Sync 2 DAGs
[2026-03-06T11:01:14.309+0800] {logging_mixin.py:190} INFO - [2026-03-06T11:01:14.308+0800] {dag.py:4180} INFO - Setting next_dagrun for consumer_dagRun to None, run_after=None
[2026-03-06T11:01:14.312+0800] {logging_mixin.py:190} INFO - [2026-03-06T11:01:14.311+0800] {dag.py:4180} INFO - Setting next_dagrun for producer_dagRun_sync to None, run_after=None
[2026-03-06T11:01:14.335+0800] {processor.py:208} INFO - Processing /Users/linghuchong/Downloads/51/Python/project/instance/airflow284/dags/producer_consumer /dataset_dagRun.py took 263.116 seconds
[2026-03-06T11:04:13.365+0800] {processor.py:186} INFO - Started process (PID=5484) to work on /Users/linghuchong/Downloads/51/Python/project/instance/airflow284/dags/producer_consumer /dataset_dagRun.py
[2026-03-06T11:04:13.366+0800] {processor.py:914} INFO - Processing file /Users/linghuchong/Downloads/51/Python/project/instance/airflow284/dags/producer_consumer /dataset_dagRun.py for tasks to queue
[2026-03-06T11:04:13.367+0800] {logging_mixin.py:190} INFO - [2026-03-06T11:04:13.367+0800] {dagbag.py:588} INFO - Filling up the DagBag from /Users/linghuchong/Downloads/51/Python/project/instance/airflow284/dags/producer_consumer /dataset_dagRun.py
[2026-03-06T11:04:13.465+0800] {processor.py:925} INFO - DAG(s) 'producer_dagRun_sync', 'consumer_dagRun' retrieved from /Users/linghuchong/Downloads/51/Python/project/instance/airflow284/dags/producer_consumer /dataset_dagRun.py
[2026-03-06T11:04:13.573+0800] {logging_mixin.py:190} INFO - [2026-03-06T11:04:13.573+0800] {dag.py:3239} INFO - Sync 2 DAGs
[2026-03-06T11:04:13.592+0800] {logging_mixin.py:190} INFO - [2026-03-06T11:04:13.592+0800] {dag.py:4180} INFO - Setting next_dagrun for consumer_dagRun to None, run_after=None
[2026-03-06T11:04:13.595+0800] {logging_mixin.py:190} INFO - [2026-03-06T11:04:13.595+0800] {dag.py:4180} INFO - Setting next_dagrun for producer_dagRun_sync to None, run_after=None
[2026-03-06T11:04:13.616+0800] {processor.py:208} INFO - Processing /Users/linghuchong/Downloads/51/Python/project/instance/airflow284/dags/producer_consumer /dataset_dagRun.py took 253.988 seconds
[2026-03-06T11:07:09.762+0800] {processor.py:186} INFO - Started process (PID=5562) to work on /Users/linghuchong/Downloads/51/Python/project/instance/airflow284/dags/producer_consumer /dataset_dagRun.py
[2026-03-06T11:07:09.763+0800] {processor.py:914} INFO - Processing file /Users/linghuchong/Downloads/51/Python/project/instance/airflow284/dags/producer_consumer /dataset_dagRun.py for tasks to queue
[2026-03-06T11:07:09.764+0800] {logging_mixin.py:190} INFO - [2026-03-06T11:07:09.764+0800] {dagbag.py:588} INFO - Filling up the DagBag from /Users/linghuchong/Downloads/51/Python/project/instance/airflow284/dags/producer_consumer /dataset_dagRun.py
[2026-03-06T11:07:09.861+0800] {processor.py:925} INFO - DAG(s) 'consumer_dagRun', 'producer_dagRun_sync' retrieved from /Users/linghuchong/Downloads/51/Python/project/instance/airflow284/dags/producer_consumer /dataset_dagRun.py
[2026-03-06T11:07:09.968+0800] {logging_mixin.py:190} INFO - [2026-03-06T11:07:09.968+0800] {dag.py:3239} INFO - Sync 2 DAGs
[2026-03-06T11:07:09.987+0800] {logging_mixin.py:190} INFO - [2026-03-06T11:07:09.986+0800] {dag.py:4180} INFO - Setting next_dagrun for consumer_dagRun to None, run_after=None
[2026-03-06T11:07:09.990+0800] {logging_mixin.py:190} INFO - [2026-03-06T11:07:09.989+0800] {dag.py:4180} INFO - Setting next_dagrun for producer_dagRun_sync to None, run_after=None
[2026-03-06T11:07:10.013+0800] {processor.py:208} INFO - Processing /Users/linghuchong/Downloads/51/Python/project/instance/airflow284/dags/producer_consumer /dataset_dagRun.py took 253.733 seconds
[2026-03-06T11:10:13.852+0800] {processor.py:186} INFO - Started process (PID=5624) to work on /Users/linghuchong/Downloads/51/Python/project/instance/airflow284/dags/producer_consumer /dataset_dagRun.py
[2026-03-06T11:10:13.852+0800] {processor.py:914} INFO - Processing file /Users/linghuchong/Downloads/51/Python/project/instance/airflow284/dags/producer_consumer /dataset_dagRun.py for tasks to queue
[2026-03-06T11:10:13.853+0800] {logging_mixin.py:190} INFO - [2026-03-06T11:10:13.853+0800] {dagbag.py:588} INFO - Filling up the DagBag from /Users/linghuchong/Downloads/51/Python/project/instance/airflow284/dags/producer_consumer /dataset_dagRun.py
[2026-03-06T11:10:13.954+0800] {processor.py:925} INFO - DAG(s) 'producer_dagRun_sync', 'consumer_dagRun' retrieved from /Users/linghuchong/Downloads/51/Python/project/instance/airflow284/dags/producer_consumer /dataset_dagRun.py
[2026-03-06T11:10:14.070+0800] {logging_mixin.py:190} INFO - [2026-03-06T11:10:14.070+0800] {dag.py:3239} INFO - Sync 2 DAGs
[2026-03-06T11:10:14.092+0800] {logging_mixin.py:190} INFO - [2026-03-06T11:10:14.091+0800] {dag.py:4180} INFO - Setting next_dagrun for consumer_dagRun to None, run_after=None
[2026-03-06T11:10:14.095+0800] {logging_mixin.py:190} INFO - [2026-03-06T11:10:14.095+0800] {dag.py:4180} INFO - Setting next_dagrun for producer_dagRun_sync to None, run_after=None
[2026-03-06T11:10:14.117+0800] {processor.py:208} INFO - Processing /Users/linghuchong/Downloads/51/Python/project/instance/airflow284/dags/producer_consumer /dataset_dagRun.py took 268.950 seconds
[2026-03-06T11:13:20.000+0800] {processor.py:186} INFO - Started process (PID=5708) to work on /Users/linghuchong/Downloads/51/Python/project/instance/airflow284/dags/producer_consumer /dataset_dagRun.py
[2026-03-06T11:13:20.000+0800] {processor.py:914} INFO - Processing file /Users/linghuchong/Downloads/51/Python/project/instance/airflow284/dags/producer_consumer /dataset_dagRun.py for tasks to queue
[2026-03-06T11:13:20.001+0800] {logging_mixin.py:190} INFO - [2026-03-06T11:13:20.001+0800] {dagbag.py:588} INFO - Filling up the DagBag from /Users/linghuchong/Downloads/51/Python/project/instance/airflow284/dags/producer_consumer /dataset_dagRun.py
[2026-03-06T11:13:20.101+0800] {processor.py:925} INFO - DAG(s) 'consumer_dagRun', 'producer_dagRun_sync' retrieved from /Users/linghuchong/Downloads/51/Python/project/instance/airflow284/dags/producer_consumer /dataset_dagRun.py
[2026-03-06T11:13:20.214+0800] {logging_mixin.py:190} INFO - [2026-03-06T11:13:20.213+0800] {dag.py:3239} INFO - Sync 2 DAGs
[2026-03-06T11:13:20.233+0800] {logging_mixin.py:190} INFO - [2026-03-06T11:13:20.233+0800] {dag.py:4180} INFO - Setting next_dagrun for consumer_dagRun to None, run_after=None
[2026-03-06T11:13:20.236+0800] {logging_mixin.py:190} INFO - [2026-03-06T11:13:20.236+0800] {dag.py:4180} INFO - Setting next_dagrun for producer_dagRun_sync to None, run_after=None
[2026-03-06T11:13:20.259+0800] {processor.py:208} INFO - Processing /Users/linghuchong/Downloads/51/Python/project/instance/airflow284/dags/producer_consumer /dataset_dagRun.py took 262.734 seconds
[2026-03-06T11:16:16.337+0800] {processor.py:186} INFO - Started process (PID=5780) to work on /Users/linghuchong/Downloads/51/Python/project/instance/airflow284/dags/producer_consumer /dataset_dagRun.py
[2026-03-06T11:16:16.338+0800] {processor.py:914} INFO - Processing file /Users/linghuchong/Downloads/51/Python/project/instance/airflow284/dags/producer_consumer /dataset_dagRun.py for tasks to queue
[2026-03-06T11:16:16.339+0800] {logging_mixin.py:190} INFO - [2026-03-06T11:16:16.338+0800] {dagbag.py:588} INFO - Filling up the DagBag from /Users/linghuchong/Downloads/51/Python/project/instance/airflow284/dags/producer_consumer /dataset_dagRun.py
[2026-03-06T11:16:16.437+0800] {processor.py:925} INFO - DAG(s) 'producer_dagRun_sync', 'consumer_dagRun' retrieved from /Users/linghuchong/Downloads/51/Python/project/instance/airflow284/dags/producer_consumer /dataset_dagRun.py
[2026-03-06T11:16:16.553+0800] {logging_mixin.py:190} INFO - [2026-03-06T11:16:16.553+0800] {dag.py:3239} INFO - Sync 2 DAGs
[2026-03-06T11:16:16.575+0800] {logging_mixin.py:190} INFO - [2026-03-06T11:16:16.574+0800] {dag.py:4180} INFO - Setting next_dagrun for consumer_dagRun to None, run_after=None
[2026-03-06T11:16:16.578+0800] {logging_mixin.py:190} INFO - [2026-03-06T11:16:16.577+0800] {dag.py:4180} INFO - Setting next_dagrun for producer_dagRun_sync to None, run_after=None
[2026-03-06T11:16:16.600+0800] {processor.py:208} INFO - Processing /Users/linghuchong/Downloads/51/Python/project/instance/airflow284/dags/producer_consumer /dataset_dagRun.py took 266.221 seconds
[2026-03-06T11:19:13.399+0800] {processor.py:186} INFO - Started process (PID=5861) to work on /Users/linghuchong/Downloads/51/Python/project/instance/airflow284/dags/producer_consumer /dataset_dagRun.py
[2026-03-06T11:19:13.400+0800] {processor.py:914} INFO - Processing file /Users/linghuchong/Downloads/51/Python/project/instance/airflow284/dags/producer_consumer /dataset_dagRun.py for tasks to queue
[2026-03-06T11:19:13.401+0800] {logging_mixin.py:190} INFO - [2026-03-06T11:19:13.401+0800] {dagbag.py:588} INFO - Filling up the DagBag from /Users/linghuchong/Downloads/51/Python/project/instance/airflow284/dags/producer_consumer /dataset_dagRun.py
[2026-03-06T11:19:13.498+0800] {processor.py:925} INFO - DAG(s) 'consumer_dagRun', 'producer_dagRun_sync' retrieved from /Users/linghuchong/Downloads/51/Python/project/instance/airflow284/dags/producer_consumer /dataset_dagRun.py
[2026-03-06T11:19:13.613+0800] {logging_mixin.py:190} INFO - [2026-03-06T11:19:13.612+0800] {dag.py:3239} INFO - Sync 2 DAGs
[2026-03-06T11:19:13.632+0800] {logging_mixin.py:190} INFO - [2026-03-06T11:19:13.632+0800] {dag.py:4180} INFO - Setting next_dagrun for consumer_dagRun to None, run_after=None
[2026-03-06T11:19:13.635+0800] {logging_mixin.py:190} INFO - [2026-03-06T11:19:13.635+0800] {dag.py:4180} INFO - Setting next_dagrun for producer_dagRun_sync to None, run_after=None
[2026-03-06T11:19:13.657+0800] {processor.py:208} INFO - Processing /Users/linghuchong/Downloads/51/Python/project/instance/airflow284/dags/producer_consumer /dataset_dagRun.py took 260.389 seconds
[2026-03-06T11:22:11.874+0800] {processor.py:186} INFO - Started process (PID=5931) to work on /Users/linghuchong/Downloads/51/Python/project/instance/airflow284/dags/producer_consumer /dataset_dagRun.py
[2026-03-06T11:22:11.874+0800] {processor.py:914} INFO - Processing file /Users/linghuchong/Downloads/51/Python/project/instance/airflow284/dags/producer_consumer /dataset_dagRun.py for tasks to queue
[2026-03-06T11:22:11.875+0800] {logging_mixin.py:190} INFO - [2026-03-06T11:22:11.875+0800] {dagbag.py:588} INFO - Filling up the DagBag from /Users/linghuchong/Downloads/51/Python/project/instance/airflow284/dags/producer_consumer /dataset_dagRun.py
[2026-03-06T11:22:11.971+0800] {processor.py:925} INFO - DAG(s) 'producer_dagRun_sync', 'consumer_dagRun' retrieved from /Users/linghuchong/Downloads/51/Python/project/instance/airflow284/dags/producer_consumer /dataset_dagRun.py
[2026-03-06T11:22:12.088+0800] {logging_mixin.py:190} INFO - [2026-03-06T11:22:12.087+0800] {dag.py:3239} INFO - Sync 2 DAGs
[2026-03-06T11:22:12.107+0800] {logging_mixin.py:190} INFO - [2026-03-06T11:22:12.107+0800] {dag.py:4180} INFO - Setting next_dagrun for consumer_dagRun to None, run_after=None
[2026-03-06T11:22:12.110+0800] {logging_mixin.py:190} INFO - [2026-03-06T11:22:12.110+0800] {dag.py:4180} INFO - Setting next_dagrun for producer_dagRun_sync to None, run_after=None
[2026-03-06T11:22:12.132+0800] {processor.py:208} INFO - Processing /Users/linghuchong/Downloads/51/Python/project/instance/airflow284/dags/producer_consumer /dataset_dagRun.py took 261.282 seconds
[2026-03-06T11:25:09.715+0800] {processor.py:186} INFO - Started process (PID=5995) to work on /Users/linghuchong/Downloads/51/Python/project/instance/airflow284/dags/producer_consumer /dataset_dagRun.py
[2026-03-06T11:25:09.716+0800] {processor.py:914} INFO - Processing file /Users/linghuchong/Downloads/51/Python/project/instance/airflow284/dags/producer_consumer /dataset_dagRun.py for tasks to queue
[2026-03-06T11:25:09.717+0800] {logging_mixin.py:190} INFO - [2026-03-06T11:25:09.717+0800] {dagbag.py:588} INFO - Filling up the DagBag from /Users/linghuchong/Downloads/51/Python/project/instance/airflow284/dags/producer_consumer /dataset_dagRun.py
[2026-03-06T11:25:09.812+0800] {processor.py:925} INFO - DAG(s) 'consumer_dagRun', 'producer_dagRun_sync' retrieved from /Users/linghuchong/Downloads/51/Python/project/instance/airflow284/dags/producer_consumer /dataset_dagRun.py
[2026-03-06T11:25:09.919+0800] {logging_mixin.py:190} INFO - [2026-03-06T11:25:09.919+0800] {dag.py:3239} INFO - Sync 2 DAGs
[2026-03-06T11:25:09.939+0800] {logging_mixin.py:190} INFO - [2026-03-06T11:25:09.938+0800] {dag.py:4180} INFO - Setting next_dagrun for consumer_dagRun to None, run_after=None
[2026-03-06T11:25:09.941+0800] {logging_mixin.py:190} INFO - [2026-03-06T11:25:09.941+0800] {dag.py:4180} INFO - Setting next_dagrun for producer_dagRun_sync to None, run_after=None
[2026-03-06T11:25:09.963+0800] {processor.py:208} INFO - Processing /Users/linghuchong/Downloads/51/Python/project/instance/airflow284/dags/producer_consumer /dataset_dagRun.py took 250.108 seconds
[2026-03-06T11:28:08.927+0800] {processor.py:186} INFO - Started process (PID=6073) to work on /Users/linghuchong/Downloads/51/Python/project/instance/airflow284/dags/producer_consumer /dataset_dagRun.py
[2026-03-06T11:28:08.928+0800] {processor.py:914} INFO - Processing file /Users/linghuchong/Downloads/51/Python/project/instance/airflow284/dags/producer_consumer /dataset_dagRun.py for tasks to queue
[2026-03-06T11:28:08.929+0800] {logging_mixin.py:190} INFO - [2026-03-06T11:28:08.929+0800] {dagbag.py:588} INFO - Filling up the DagBag from /Users/linghuchong/Downloads/51/Python/project/instance/airflow284/dags/producer_consumer /dataset_dagRun.py
[2026-03-06T11:28:09.031+0800] {processor.py:925} INFO - DAG(s) 'consumer_dagRun', 'producer_dagRun_sync' retrieved from /Users/linghuchong/Downloads/51/Python/project/instance/airflow284/dags/producer_consumer /dataset_dagRun.py
[2026-03-06T11:28:09.142+0800] {logging_mixin.py:190} INFO - [2026-03-06T11:28:09.142+0800] {dag.py:3239} INFO - Sync 2 DAGs
[2026-03-06T11:28:09.162+0800] {logging_mixin.py:190} INFO - [2026-03-06T11:28:09.162+0800] {dag.py:4180} INFO - Setting next_dagrun for consumer_dagRun to None, run_after=None
[2026-03-06T11:28:09.165+0800] {logging_mixin.py:190} INFO - [2026-03-06T11:28:09.165+0800] {dag.py:4180} INFO - Setting next_dagrun for producer_dagRun_sync to None, run_after=None
[2026-03-06T11:28:09.187+0800] {processor.py:208} INFO - Processing /Users/linghuchong/Downloads/51/Python/project/instance/airflow284/dags/producer_consumer /dataset_dagRun.py took 262.696 seconds
[2026-03-06T11:31:04.748+0800] {processor.py:186} INFO - Started process (PID=6141) to work on /Users/linghuchong/Downloads/51/Python/project/instance/airflow284/dags/producer_consumer /dataset_dagRun.py
[2026-03-06T11:31:04.749+0800] {processor.py:914} INFO - Processing file /Users/linghuchong/Downloads/51/Python/project/instance/airflow284/dags/producer_consumer /dataset_dagRun.py for tasks to queue
[2026-03-06T11:31:04.750+0800] {logging_mixin.py:190} INFO - [2026-03-06T11:31:04.750+0800] {dagbag.py:588} INFO - Filling up the DagBag from /Users/linghuchong/Downloads/51/Python/project/instance/airflow284/dags/producer_consumer /dataset_dagRun.py
[2026-03-06T11:31:04.845+0800] {processor.py:925} INFO - DAG(s) 'consumer_dagRun', 'producer_dagRun_sync' retrieved from /Users/linghuchong/Downloads/51/Python/project/instance/airflow284/dags/producer_consumer /dataset_dagRun.py
[2026-03-06T11:31:04.953+0800] {logging_mixin.py:190} INFO - [2026-03-06T11:31:04.953+0800] {dag.py:3239} INFO - Sync 2 DAGs
[2026-03-06T11:31:04.973+0800] {logging_mixin.py:190} INFO - [2026-03-06T11:31:04.973+0800] {dag.py:4180} INFO - Setting next_dagrun for consumer_dagRun to None, run_after=None
[2026-03-06T11:31:04.976+0800] {logging_mixin.py:190} INFO - [2026-03-06T11:31:04.976+0800] {dag.py:4180} INFO - Setting next_dagrun for producer_dagRun_sync to None, run_after=None
[2026-03-06T11:31:04.999+0800] {processor.py:208} INFO - Processing /Users/linghuchong/Downloads/51/Python/project/instance/airflow284/dags/producer_consumer /dataset_dagRun.py took 253.431 seconds
[2026-03-06T11:34:03.821+0800] {processor.py:186} INFO - Started process (PID=6211) to work on /Users/linghuchong/Downloads/51/Python/project/instance/airflow284/dags/producer_consumer /dataset_dagRun.py
[2026-03-06T11:34:03.821+0800] {processor.py:914} INFO - Processing file /Users/linghuchong/Downloads/51/Python/project/instance/airflow284/dags/producer_consumer /dataset_dagRun.py for tasks to queue
[2026-03-06T11:34:03.822+0800] {logging_mixin.py:190} INFO - [2026-03-06T11:34:03.822+0800] {dagbag.py:588} INFO - Filling up the DagBag from /Users/linghuchong/Downloads/51/Python/project/instance/airflow284/dags/producer_consumer /dataset_dagRun.py
[2026-03-06T11:34:03.919+0800] {processor.py:925} INFO - DAG(s) 'producer_dagRun_sync', 'consumer_dagRun' retrieved from /Users/linghuchong/Downloads/51/Python/project/instance/airflow284/dags/producer_consumer /dataset_dagRun.py
[2026-03-06T11:34:04.033+0800] {logging_mixin.py:190} INFO - [2026-03-06T11:34:04.032+0800] {dag.py:3239} INFO - Sync 2 DAGs
[2026-03-06T11:34:04.053+0800] {logging_mixin.py:190} INFO - [2026-03-06T11:34:04.053+0800] {dag.py:4180} INFO - Setting next_dagrun for consumer_dagRun to None, run_after=None
[2026-03-06T11:34:04.056+0800] {logging_mixin.py:190} INFO - [2026-03-06T11:34:04.056+0800] {dag.py:4180} INFO - Setting next_dagrun for producer_dagRun_sync to None, run_after=None
[2026-03-06T11:34:04.078+0800] {processor.py:208} INFO - Processing /Users/linghuchong/Downloads/51/Python/project/instance/airflow284/dags/producer_consumer /dataset_dagRun.py took 260.677 seconds
[2026-03-06T11:37:03.084+0800] {processor.py:186} INFO - Started process (PID=6295) to work on /Users/linghuchong/Downloads/51/Python/project/instance/airflow284/dags/producer_consumer /dataset_dagRun.py
[2026-03-06T11:37:03.084+0800] {processor.py:914} INFO - Processing file /Users/linghuchong/Downloads/51/Python/project/instance/airflow284/dags/producer_consumer /dataset_dagRun.py for tasks to queue
[2026-03-06T11:37:03.085+0800] {logging_mixin.py:190} INFO - [2026-03-06T11:37:03.085+0800] {dagbag.py:588} INFO - Filling up the DagBag from /Users/linghuchong/Downloads/51/Python/project/instance/airflow284/dags/producer_consumer /dataset_dagRun.py
[2026-03-06T11:37:03.182+0800] {processor.py:925} INFO - DAG(s) 'producer_dagRun_sync', 'consumer_dagRun' retrieved from /Users/linghuchong/Downloads/51/Python/project/instance/airflow284/dags/producer_consumer /dataset_dagRun.py
[2026-03-06T11:37:03.296+0800] {logging_mixin.py:190} INFO - [2026-03-06T11:37:03.296+0800] {dag.py:3239} INFO - Sync 2 DAGs
[2026-03-06T11:37:03.316+0800] {logging_mixin.py:190} INFO - [2026-03-06T11:37:03.316+0800] {dag.py:4180} INFO - Setting next_dagrun for consumer_dagRun to None, run_after=None
[2026-03-06T11:37:03.319+0800] {logging_mixin.py:190} INFO - [2026-03-06T11:37:03.319+0800] {dag.py:4180} INFO - Setting next_dagrun for producer_dagRun_sync to None, run_after=None
[2026-03-06T11:37:03.340+0800] {processor.py:208} INFO - Processing /Users/linghuchong/Downloads/51/Python/project/instance/airflow284/dags/producer_consumer /dataset_dagRun.py took 259.532 seconds
[2026-03-06T11:40:01.307+0800] {processor.py:186} INFO - Started process (PID=6363) to work on /Users/linghuchong/Downloads/51/Python/project/instance/airflow284/dags/producer_consumer /dataset_dagRun.py
[2026-03-06T11:40:01.308+0800] {processor.py:914} INFO - Processing file /Users/linghuchong/Downloads/51/Python/project/instance/airflow284/dags/producer_consumer /dataset_dagRun.py for tasks to queue
[2026-03-06T11:40:01.309+0800] {logging_mixin.py:190} INFO - [2026-03-06T11:40:01.309+0800] {dagbag.py:588} INFO - Filling up the DagBag from /Users/linghuchong/Downloads/51/Python/project/instance/airflow284/dags/producer_consumer /dataset_dagRun.py
[2026-03-06T11:40:01.404+0800] {processor.py:925} INFO - DAG(s) 'consumer_dagRun', 'producer_dagRun_sync' retrieved from /Users/linghuchong/Downloads/51/Python/project/instance/airflow284/dags/producer_consumer /dataset_dagRun.py
[2026-03-06T11:40:01.517+0800] {logging_mixin.py:190} INFO - [2026-03-06T11:40:01.517+0800] {dag.py:3239} INFO - Sync 2 DAGs
[2026-03-06T11:40:01.537+0800] {logging_mixin.py:190} INFO - [2026-03-06T11:40:01.537+0800] {dag.py:4180} INFO - Setting next_dagrun for consumer_dagRun to None, run_after=None
[2026-03-06T11:40:01.540+0800] {logging_mixin.py:190} INFO - [2026-03-06T11:40:01.539+0800] {dag.py:4180} INFO - Setting next_dagrun for producer_dagRun_sync to None, run_after=None
[2026-03-06T11:40:01.560+0800] {processor.py:208} INFO - Processing /Users/linghuchong/Downloads/51/Python/project/instance/airflow284/dags/producer_consumer /dataset_dagRun.py took 255.597 seconds
[2026-03-06T11:42:59.015+0800] {processor.py:186} INFO - Started process (PID=6437) to work on /Users/linghuchong/Downloads/51/Python/project/instance/airflow284/dags/producer_consumer /dataset_dagRun.py
[2026-03-06T11:42:59.016+0800] {processor.py:914} INFO - Processing file /Users/linghuchong/Downloads/51/Python/project/instance/airflow284/dags/producer_consumer /dataset_dagRun.py for tasks to queue
[2026-03-06T11:42:59.017+0800] {logging_mixin.py:190} INFO - [2026-03-06T11:42:59.017+0800] {dagbag.py:588} INFO - Filling up the DagBag from /Users/linghuchong/Downloads/51/Python/project/instance/airflow284/dags/producer_consumer /dataset_dagRun.py
[2026-03-06T11:42:59.114+0800] {processor.py:925} INFO - DAG(s) 'producer_dagRun_sync', 'consumer_dagRun' retrieved from /Users/linghuchong/Downloads/51/Python/project/instance/airflow284/dags/producer_consumer /dataset_dagRun.py
[2026-03-06T11:42:59.222+0800] {logging_mixin.py:190} INFO - [2026-03-06T11:42:59.222+0800] {dag.py:3239} INFO - Sync 2 DAGs
[2026-03-06T11:42:59.242+0800] {logging_mixin.py:190} INFO - [2026-03-06T11:42:59.242+0800] {dag.py:4180} INFO - Setting next_dagrun for consumer_dagRun to None, run_after=None
[2026-03-06T11:42:59.245+0800] {logging_mixin.py:190} INFO - [2026-03-06T11:42:59.245+0800] {dag.py:4180} INFO - Setting next_dagrun for producer_dagRun_sync to None, run_after=None
[2026-03-06T11:42:59.266+0800] {processor.py:208} INFO - Processing /Users/linghuchong/Downloads/51/Python/project/instance/airflow284/dags/producer_consumer /dataset_dagRun.py took 253.972 seconds
[2026-03-06T11:45:53.088+0800] {processor.py:186} INFO - Started process (PID=6503) to work on /Users/linghuchong/Downloads/51/Python/project/instance/airflow284/dags/producer_consumer /dataset_dagRun.py
[2026-03-06T11:45:53.089+0800] {processor.py:914} INFO - Processing file /Users/linghuchong/Downloads/51/Python/project/instance/airflow284/dags/producer_consumer /dataset_dagRun.py for tasks to queue
[2026-03-06T11:45:53.090+0800] {logging_mixin.py:190} INFO - [2026-03-06T11:45:53.089+0800] {dagbag.py:588} INFO - Filling up the DagBag from /Users/linghuchong/Downloads/51/Python/project/instance/airflow284/dags/producer_consumer /dataset_dagRun.py
[2026-03-06T11:45:53.183+0800] {processor.py:925} INFO - DAG(s) 'consumer_dagRun', 'producer_dagRun_sync' retrieved from /Users/linghuchong/Downloads/51/Python/project/instance/airflow284/dags/producer_consumer /dataset_dagRun.py
[2026-03-06T11:45:53.294+0800] {logging_mixin.py:190} INFO - [2026-03-06T11:45:53.293+0800] {dag.py:3239} INFO - Sync 2 DAGs
[2026-03-06T11:45:53.313+0800] {logging_mixin.py:190} INFO - [2026-03-06T11:45:53.313+0800] {dag.py:4180} INFO - Setting next_dagrun for consumer_dagRun to None, run_after=None
[2026-03-06T11:45:53.315+0800] {logging_mixin.py:190} INFO - [2026-03-06T11:45:53.315+0800] {dag.py:4180} INFO - Setting next_dagrun for producer_dagRun_sync to None, run_after=None
[2026-03-06T11:45:53.337+0800] {processor.py:208} INFO - Processing /Users/linghuchong/Downloads/51/Python/project/instance/airflow284/dags/producer_consumer /dataset_dagRun.py took 251.977 seconds
[2026-03-06T11:48:51.178+0800] {processor.py:186} INFO - Started process (PID=6573) to work on /Users/linghuchong/Downloads/51/Python/project/instance/airflow284/dags/producer_consumer /dataset_dagRun.py
[2026-03-06T11:48:51.178+0800] {processor.py:914} INFO - Processing file /Users/linghuchong/Downloads/51/Python/project/instance/airflow284/dags/producer_consumer /dataset_dagRun.py for tasks to queue
[2026-03-06T11:48:51.179+0800] {logging_mixin.py:190} INFO - [2026-03-06T11:48:51.179+0800] {dagbag.py:588} INFO - Filling up the DagBag from /Users/linghuchong/Downloads/51/Python/project/instance/airflow284/dags/producer_consumer /dataset_dagRun.py
[2026-03-06T11:48:51.278+0800] {processor.py:925} INFO - DAG(s) 'producer_dagRun_sync', 'consumer_dagRun' retrieved from /Users/linghuchong/Downloads/51/Python/project/instance/airflow284/dags/producer_consumer /dataset_dagRun.py
[2026-03-06T11:48:51.389+0800] {logging_mixin.py:190} INFO - [2026-03-06T11:48:51.389+0800] {dag.py:3239} INFO - Sync 2 DAGs
[2026-03-06T11:48:51.410+0800] {logging_mixin.py:190} INFO - [2026-03-06T11:48:51.409+0800] {dag.py:4180} INFO - Setting next_dagrun for consumer_dagRun to None, run_after=None
[2026-03-06T11:48:51.413+0800] {logging_mixin.py:190} INFO - [2026-03-06T11:48:51.413+0800] {dag.py:4180} INFO - Setting next_dagrun for producer_dagRun_sync to None, run_after=None
[2026-03-06T11:48:51.435+0800] {processor.py:208} INFO - Processing /Users/linghuchong/Downloads/51/Python/project/instance/airflow284/dags/producer_consumer /dataset_dagRun.py took 260.223 seconds
[2026-03-06T11:51:49.052+0800] {processor.py:186} INFO - Started process (PID=6639) to work on /Users/linghuchong/Downloads/51/Python/project/instance/airflow284/dags/producer_consumer /dataset_dagRun.py
[2026-03-06T11:51:49.053+0800] {processor.py:914} INFO - Processing file /Users/linghuchong/Downloads/51/Python/project/instance/airflow284/dags/producer_consumer /dataset_dagRun.py for tasks to queue
[2026-03-06T11:51:49.054+0800] {logging_mixin.py:190} INFO - [2026-03-06T11:51:49.054+0800] {dagbag.py:588} INFO - Filling up the DagBag from /Users/linghuchong/Downloads/51/Python/project/instance/airflow284/dags/producer_consumer /dataset_dagRun.py
[2026-03-06T11:51:49.151+0800] {processor.py:925} INFO - DAG(s) 'consumer_dagRun', 'producer_dagRun_sync' retrieved from /Users/linghuchong/Downloads/51/Python/project/instance/airflow284/dags/producer_consumer /dataset_dagRun.py
[2026-03-06T11:51:49.257+0800] {logging_mixin.py:190} INFO - [2026-03-06T11:51:49.257+0800] {dag.py:3239} INFO - Sync 2 DAGs
[2026-03-06T11:51:49.276+0800] {logging_mixin.py:190} INFO - [2026-03-06T11:51:49.276+0800] {dag.py:4180} INFO - Setting next_dagrun for consumer_dagRun to None, run_after=None
[2026-03-06T11:51:49.279+0800] {logging_mixin.py:190} INFO - [2026-03-06T11:51:49.279+0800] {dag.py:4180} INFO - Setting next_dagrun for producer_dagRun_sync to None, run_after=None
[2026-03-06T11:51:49.300+0800] {processor.py:208} INFO - Processing /Users/linghuchong/Downloads/51/Python/project/instance/airflow284/dags/producer_consumer /dataset_dagRun.py took 250.337 seconds
[2026-03-06T11:54:46.981+0800] {processor.py:186} INFO - Started process (PID=6699) to work on /Users/linghuchong/Downloads/51/Python/project/instance/airflow284/dags/producer_consumer /dataset_dagRun.py
[2026-03-06T11:54:46.982+0800] {processor.py:914} INFO - Processing file /Users/linghuchong/Downloads/51/Python/project/instance/airflow284/dags/producer_consumer /dataset_dagRun.py for tasks to queue
[2026-03-06T11:54:46.983+0800] {logging_mixin.py:190} INFO - [2026-03-06T11:54:46.983+0800] {dagbag.py:588} INFO - Filling up the DagBag from /Users/linghuchong/Downloads/51/Python/project/instance/airflow284/dags/producer_consumer /dataset_dagRun.py
[2026-03-06T11:54:47.084+0800] {processor.py:925} INFO - DAG(s) 'consumer_dagRun', 'producer_dagRun_sync' retrieved from /Users/linghuchong/Downloads/51/Python/project/instance/airflow284/dags/producer_consumer /dataset_dagRun.py
[2026-03-06T11:54:47.194+0800] {logging_mixin.py:190} INFO - [2026-03-06T11:54:47.194+0800] {dag.py:3239} INFO - Sync 2 DAGs
[2026-03-06T11:54:47.214+0800] {logging_mixin.py:190} INFO - [2026-03-06T11:54:47.213+0800] {dag.py:4180} INFO - Setting next_dagrun for consumer_dagRun to None, run_after=None
[2026-03-06T11:54:47.217+0800] {logging_mixin.py:190} INFO - [2026-03-06T11:54:47.217+0800] {dag.py:4180} INFO - Setting next_dagrun for producer_dagRun_sync to None, run_after=None
[2026-03-06T11:54:47.240+0800] {processor.py:208} INFO - Processing /Users/linghuchong/Downloads/51/Python/project/instance/airflow284/dags/producer_consumer /dataset_dagRun.py took 261.883 seconds
[2026-03-06T11:57:42.474+0800] {processor.py:186} INFO - Started process (PID=6773) to work on /Users/linghuchong/Downloads/51/Python/project/instance/airflow284/dags/producer_consumer /dataset_dagRun.py
[2026-03-06T11:57:42.475+0800] {processor.py:914} INFO - Processing file /Users/linghuchong/Downloads/51/Python/project/instance/airflow284/dags/producer_consumer /dataset_dagRun.py for tasks to queue
[2026-03-06T11:57:42.476+0800] {logging_mixin.py:190} INFO - [2026-03-06T11:57:42.475+0800] {dagbag.py:588} INFO - Filling up the DagBag from /Users/linghuchong/Downloads/51/Python/project/instance/airflow284/dags/producer_consumer /dataset_dagRun.py
[2026-03-06T11:57:42.573+0800] {processor.py:925} INFO - DAG(s) 'consumer_dagRun', 'producer_dagRun_sync' retrieved from /Users/linghuchong/Downloads/51/Python/project/instance/airflow284/dags/producer_consumer /dataset_dagRun.py
[2026-03-06T11:57:42.686+0800] {logging_mixin.py:190} INFO - [2026-03-06T11:57:42.685+0800] {dag.py:3239} INFO - Sync 2 DAGs
[2026-03-06T11:57:42.705+0800] {logging_mixin.py:190} INFO - [2026-03-06T11:57:42.705+0800] {dag.py:4180} INFO - Setting next_dagrun for consumer_dagRun to None, run_after=None
[2026-03-06T11:57:42.708+0800] {logging_mixin.py:190} INFO - [2026-03-06T11:57:42.708+0800] {dag.py:4180} INFO - Setting next_dagrun for producer_dagRun_sync to None, run_after=None
[2026-03-06T11:57:42.730+0800] {processor.py:208} INFO - Processing /Users/linghuchong/Downloads/51/Python/project/instance/airflow284/dags/producer_consumer /dataset_dagRun.py took 258.653 seconds
[2026-03-06T12:00:40.788+0800] {processor.py:186} INFO - Started process (PID=6855) to work on /Users/linghuchong/Downloads/51/Python/project/instance/airflow284/dags/producer_consumer /dataset_dagRun.py
[2026-03-06T12:00:40.789+0800] {processor.py:914} INFO - Processing file /Users/linghuchong/Downloads/51/Python/project/instance/airflow284/dags/producer_consumer /dataset_dagRun.py for tasks to queue
[2026-03-06T12:00:40.790+0800] {logging_mixin.py:190} INFO - [2026-03-06T12:00:40.790+0800] {dagbag.py:588} INFO - Filling up the DagBag from /Users/linghuchong/Downloads/51/Python/project/instance/airflow284/dags/producer_consumer /dataset_dagRun.py
[2026-03-06T12:00:40.888+0800] {processor.py:925} INFO - DAG(s) 'producer_dagRun_sync', 'consumer_dagRun' retrieved from /Users/linghuchong/Downloads/51/Python/project/instance/airflow284/dags/producer_consumer /dataset_dagRun.py
[2026-03-06T12:00:40.998+0800] {logging_mixin.py:190} INFO - [2026-03-06T12:00:40.998+0800] {dag.py:3239} INFO - Sync 2 DAGs
[2026-03-06T12:00:41.019+0800] {logging_mixin.py:190} INFO - [2026-03-06T12:00:41.019+0800] {dag.py:4180} INFO - Setting next_dagrun for consumer_dagRun to None, run_after=None
[2026-03-06T12:00:41.023+0800] {logging_mixin.py:190} INFO - [2026-03-06T12:00:41.023+0800] {dag.py:4180} INFO - Setting next_dagrun for producer_dagRun_sync to None, run_after=None
[2026-03-06T12:00:41.046+0800] {processor.py:208} INFO - Processing /Users/linghuchong/Downloads/51/Python/project/instance/airflow284/dags/producer_consumer /dataset_dagRun.py took 260.785 seconds
[2026-03-06T12:03:39.302+0800] {processor.py:186} INFO - Started process (PID=6979) to work on /Users/linghuchong/Downloads/51/Python/project/instance/airflow284/dags/producer_consumer /dataset_dagRun.py
[2026-03-06T12:03:39.303+0800] {processor.py:914} INFO - Processing file /Users/linghuchong/Downloads/51/Python/project/instance/airflow284/dags/producer_consumer /dataset_dagRun.py for tasks to queue
[2026-03-06T12:03:39.303+0800] {logging_mixin.py:190} INFO - [2026-03-06T12:03:39.303+0800] {dagbag.py:588} INFO - Filling up the DagBag from /Users/linghuchong/Downloads/51/Python/project/instance/airflow284/dags/producer_consumer /dataset_dagRun.py
[2026-03-06T12:03:39.401+0800] {processor.py:925} INFO - DAG(s) 'producer_dagRun_sync', 'consumer_dagRun' retrieved from /Users/linghuchong/Downloads/51/Python/project/instance/airflow284/dags/producer_consumer /dataset_dagRun.py
[2026-03-06T12:03:39.509+0800] {logging_mixin.py:190} INFO - [2026-03-06T12:03:39.508+0800] {dag.py:3239} INFO - Sync 2 DAGs
[2026-03-06T12:03:39.528+0800] {logging_mixin.py:190} INFO - [2026-03-06T12:03:39.527+0800] {dag.py:4180} INFO - Setting next_dagrun for consumer_dagRun to None, run_after=None
[2026-03-06T12:03:39.530+0800] {logging_mixin.py:190} INFO - [2026-03-06T12:03:39.530+0800] {dag.py:4180} INFO - Setting next_dagrun for producer_dagRun_sync to None, run_after=None
[2026-03-06T12:03:39.552+0800] {processor.py:208} INFO - Processing /Users/linghuchong/Downloads/51/Python/project/instance/airflow284/dags/producer_consumer /dataset_dagRun.py took 253.591 seconds
[2026-03-06T12:06:34.363+0800] {processor.py:186} INFO - Started process (PID=7158) to work on /Users/linghuchong/Downloads/51/Python/project/instance/airflow284/dags/producer_consumer /dataset_dagRun.py
[2026-03-06T12:06:34.364+0800] {processor.py:914} INFO - Processing file /Users/linghuchong/Downloads/51/Python/project/instance/airflow284/dags/producer_consumer /dataset_dagRun.py for tasks to queue
[2026-03-06T12:06:34.364+0800] {logging_mixin.py:190} INFO - [2026-03-06T12:06:34.364+0800] {dagbag.py:588} INFO - Filling up the DagBag from /Users/linghuchong/Downloads/51/Python/project/instance/airflow284/dags/producer_consumer /dataset_dagRun.py
[2026-03-06T12:06:34.462+0800] {processor.py:925} INFO - DAG(s) 'producer_dagRun_sync', 'consumer_dagRun' retrieved from /Users/linghuchong/Downloads/51/Python/project/instance/airflow284/dags/producer_consumer /dataset_dagRun.py
[2026-03-06T12:06:34.573+0800] {logging_mixin.py:190} INFO - [2026-03-06T12:06:34.573+0800] {dag.py:3239} INFO - Sync 2 DAGs
[2026-03-06T12:06:34.594+0800] {logging_mixin.py:190} INFO - [2026-03-06T12:06:34.593+0800] {dag.py:4180} INFO - Setting next_dagrun for consumer_dagRun to None, run_after=None
[2026-03-06T12:06:34.597+0800] {logging_mixin.py:190} INFO - [2026-03-06T12:06:34.596+0800] {dag.py:4180} INFO - Setting next_dagrun for producer_dagRun_sync to None, run_after=None
[2026-03-06T12:06:34.618+0800] {processor.py:208} INFO - Processing /Users/linghuchong/Downloads/51/Python/project/instance/airflow284/dags/producer_consumer /dataset_dagRun.py took 257.813 seconds
[2026-03-06T13:04:16.748+0800] {processor.py:186} INFO - Started process (PID=7343) to work on /Users/linghuchong/Downloads/51/Python/project/instance/airflow284/dags/producer_consumer /dataset_dagRun.py
[2026-03-06T13:04:16.749+0800] {processor.py:914} INFO - Processing file /Users/linghuchong/Downloads/51/Python/project/instance/airflow284/dags/producer_consumer /dataset_dagRun.py for tasks to queue
[2026-03-06T13:04:16.750+0800] {logging_mixin.py:190} INFO - [2026-03-06T13:04:16.750+0800] {dagbag.py:588} INFO - Filling up the DagBag from /Users/linghuchong/Downloads/51/Python/project/instance/airflow284/dags/producer_consumer /dataset_dagRun.py
[2026-03-06T13:04:16.856+0800] {processor.py:925} INFO - DAG(s) 'producer_dagRun_sync', 'consumer_dagRun' retrieved from /Users/linghuchong/Downloads/51/Python/project/instance/airflow284/dags/producer_consumer /dataset_dagRun.py
[2026-03-06T13:04:16.976+0800] {logging_mixin.py:190} INFO - [2026-03-06T13:04:16.976+0800] {dag.py:3239} INFO - Sync 2 DAGs
[2026-03-06T13:04:16.998+0800] {logging_mixin.py:190} INFO - [2026-03-06T13:04:16.998+0800] {dag.py:4180} INFO - Setting next_dagrun for consumer_dagRun to None, run_after=None
[2026-03-06T13:04:17.002+0800] {logging_mixin.py:190} INFO - [2026-03-06T13:04:17.001+0800] {dag.py:4180} INFO - Setting next_dagrun for producer_dagRun_sync to None, run_after=None
[2026-03-06T13:04:17.026+0800] {processor.py:208} INFO - Processing /Users/linghuchong/Downloads/51/Python/project/instance/airflow284/dags/producer_consumer /dataset_dagRun.py took 281.077 seconds
[2026-03-06T13:07:27.955+0800] {processor.py:186} INFO - Started process (PID=7452) to work on /Users/linghuchong/Downloads/51/Python/project/instance/airflow284/dags/producer_consumer /dataset_dagRun.py
[2026-03-06T13:07:27.956+0800] {processor.py:914} INFO - Processing file /Users/linghuchong/Downloads/51/Python/project/instance/airflow284/dags/producer_consumer /dataset_dagRun.py for tasks to queue
[2026-03-06T13:07:27.957+0800] {logging_mixin.py:190} INFO - [2026-03-06T13:07:27.957+0800] {dagbag.py:588} INFO - Filling up the DagBag from /Users/linghuchong/Downloads/51/Python/project/instance/airflow284/dags/producer_consumer /dataset_dagRun.py
[2026-03-06T13:07:28.056+0800] {processor.py:925} INFO - DAG(s) 'producer_dagRun_sync', 'consumer_dagRun' retrieved from /Users/linghuchong/Downloads/51/Python/project/instance/airflow284/dags/producer_consumer /dataset_dagRun.py
[2026-03-06T13:07:28.166+0800] {logging_mixin.py:190} INFO - [2026-03-06T13:07:28.165+0800] {dag.py:3239} INFO - Sync 2 DAGs
[2026-03-06T13:07:28.185+0800] {logging_mixin.py:190} INFO - [2026-03-06T13:07:28.185+0800] {dag.py:4180} INFO - Setting next_dagrun for consumer_dagRun to None, run_after=None
[2026-03-06T13:07:28.188+0800] {logging_mixin.py:190} INFO - [2026-03-06T13:07:28.188+0800] {dag.py:4180} INFO - Setting next_dagrun for producer_dagRun_sync to None, run_after=None
[2026-03-06T13:07:28.210+0800] {processor.py:208} INFO - Processing /Users/linghuchong/Downloads/51/Python/project/instance/airflow284/dags/producer_consumer /dataset_dagRun.py took 257.132 seconds
[2026-03-06T13:10:28.273+0800] {processor.py:186} INFO - Started process (PID=7541) to work on /Users/linghuchong/Downloads/51/Python/project/instance/airflow284/dags/producer_consumer /dataset_dagRun.py
[2026-03-06T13:10:28.278+0800] {processor.py:914} INFO - Processing file /Users/linghuchong/Downloads/51/Python/project/instance/airflow284/dags/producer_consumer /dataset_dagRun.py for tasks to queue
[2026-03-06T13:10:28.284+0800] {logging_mixin.py:190} INFO - [2026-03-06T13:10:28.284+0800] {dagbag.py:588} INFO - Filling up the DagBag from /Users/linghuchong/Downloads/51/Python/project/instance/airflow284/dags/producer_consumer /dataset_dagRun.py
[2026-03-06T13:10:28.386+0800] {processor.py:925} INFO - DAG(s) 'consumer_dagRun', 'producer_dagRun_sync' retrieved from /Users/linghuchong/Downloads/51/Python/project/instance/airflow284/dags/producer_consumer /dataset_dagRun.py
[2026-03-06T13:10:28.504+0800] {logging_mixin.py:190} INFO - [2026-03-06T13:10:28.503+0800] {dag.py:3239} INFO - Sync 2 DAGs
[2026-03-06T13:10:28.523+0800] {logging_mixin.py:190} INFO - [2026-03-06T13:10:28.523+0800] {dag.py:4180} INFO - Setting next_dagrun for consumer_dagRun to None, run_after=None
[2026-03-06T13:10:28.526+0800] {logging_mixin.py:190} INFO - [2026-03-06T13:10:28.525+0800] {dag.py:4180} INFO - Setting next_dagrun for producer_dagRun_sync to None, run_after=None
[2026-03-06T13:10:28.547+0800] {processor.py:208} INFO - Processing /Users/linghuchong/Downloads/51/Python/project/instance/airflow284/dags/producer_consumer /dataset_dagRun.py took 277.046 seconds
