[2026-03-05T17:30:59.135+0800] {processor.py:186} INFO - Started process (PID=16006) to work on /Users/linghuchong/Downloads/51/Python/project/instance/airflow284/dags/dataset_demo.py
[2026-03-05T17:30:59.136+0800] {processor.py:914} INFO - Processing file /Users/linghuchong/Downloads/51/Python/project/instance/airflow284/dags/dataset_demo.py for tasks to queue
[2026-03-05T17:30:59.137+0800] {logging_mixin.py:190} INFO - [2026-03-05T17:30:59.137+0800] {dagbag.py:588} INFO - Filling up the DagBag from /Users/linghuchong/Downloads/51/Python/project/instance/airflow284/dags/dataset_demo.py
[2026-03-05T17:30:59.251+0800] {processor.py:925} INFO - DAG(s) 'producer_dw_order_sync', 'consumer_dw_order_stat', 'consumer_dw_order_clean' retrieved from /Users/linghuchong/Downloads/51/Python/project/instance/airflow284/dags/dataset_demo.py
[2026-03-05T17:30:59.553+0800] {logging_mixin.py:190} INFO - [2026-03-05T17:30:59.552+0800] {dag.py:3239} INFO - Sync 3 DAGs
[2026-03-05T17:30:59.574+0800] {logging_mixin.py:190} INFO - [2026-03-05T17:30:59.574+0800] {dag.py:4180} INFO - Setting next_dagrun for consumer_dw_order_clean to None, run_after=None
[2026-03-05T17:30:59.576+0800] {logging_mixin.py:190} INFO - [2026-03-05T17:30:59.576+0800] {dag.py:4180} INFO - Setting next_dagrun for consumer_dw_order_stat to None, run_after=None
[2026-03-05T17:30:59.577+0800] {logging_mixin.py:190} INFO - [2026-03-05T17:30:59.577+0800] {dag.py:4180} INFO - Setting next_dagrun for producer_dw_order_sync to None, run_after=None
[2026-03-05T17:30:59.602+0800] {processor.py:208} INFO - Processing /Users/linghuchong/Downloads/51/Python/project/instance/airflow284/dags/dataset_demo.py took 469.968 seconds
[2026-03-05T17:34:00.225+0800] {processor.py:186} INFO - Started process (PID=16149) to work on /Users/linghuchong/Downloads/51/Python/project/instance/airflow284/dags/dataset_demo.py
[2026-03-05T17:34:00.225+0800] {processor.py:914} INFO - Processing file /Users/linghuchong/Downloads/51/Python/project/instance/airflow284/dags/dataset_demo.py for tasks to queue
[2026-03-05T17:34:00.226+0800] {logging_mixin.py:190} INFO - [2026-03-05T17:34:00.226+0800] {dagbag.py:588} INFO - Filling up the DagBag from /Users/linghuchong/Downloads/51/Python/project/instance/airflow284/dags/dataset_demo.py
[2026-03-05T17:34:00.340+0800] {processor.py:925} INFO - DAG(s) 'producer_dw_order_sync', 'consumer_dw_order_stat', 'consumer_dw_order_clean' retrieved from /Users/linghuchong/Downloads/51/Python/project/instance/airflow284/dags/dataset_demo.py
[2026-03-05T17:34:00.451+0800] {logging_mixin.py:190} INFO - [2026-03-05T17:34:00.450+0800] {dag.py:3239} INFO - Sync 3 DAGs
[2026-03-05T17:34:00.469+0800] {logging_mixin.py:190} INFO - [2026-03-05T17:34:00.468+0800] {dag.py:4180} INFO - Setting next_dagrun for consumer_dw_order_clean to None, run_after=None
[2026-03-05T17:34:00.472+0800] {logging_mixin.py:190} INFO - [2026-03-05T17:34:00.471+0800] {dag.py:4180} INFO - Setting next_dagrun for consumer_dw_order_stat to None, run_after=None
[2026-03-05T17:34:00.473+0800] {logging_mixin.py:190} INFO - [2026-03-05T17:34:00.472+0800] {dag.py:4180} INFO - Setting next_dagrun for producer_dw_order_sync to None, run_after=None
[2026-03-05T17:34:00.494+0800] {processor.py:208} INFO - Processing /Users/linghuchong/Downloads/51/Python/project/instance/airflow284/dags/dataset_demo.py took 272.572 seconds
[2026-03-05T17:37:12.322+0800] {processor.py:186} INFO - Started process (PID=16326) to work on /Users/linghuchong/Downloads/51/Python/project/instance/airflow284/dags/dataset_demo.py
[2026-03-05T17:37:12.325+0800] {processor.py:914} INFO - Processing file /Users/linghuchong/Downloads/51/Python/project/instance/airflow284/dags/dataset_demo.py for tasks to queue
[2026-03-05T17:37:12.326+0800] {logging_mixin.py:190} INFO - [2026-03-05T17:37:12.326+0800] {dagbag.py:588} INFO - Filling up the DagBag from /Users/linghuchong/Downloads/51/Python/project/instance/airflow284/dags/dataset_demo.py
[2026-03-05T17:37:12.469+0800] {processor.py:925} INFO - DAG(s) 'consumer_dw_order_clean', 'consumer_dw_order_stat', 'producer_dw_order_sync' retrieved from /Users/linghuchong/Downloads/51/Python/project/instance/airflow284/dags/dataset_demo.py
[2026-03-05T17:37:12.594+0800] {logging_mixin.py:190} INFO - [2026-03-05T17:37:12.593+0800] {dag.py:3239} INFO - Sync 3 DAGs
[2026-03-05T17:37:12.613+0800] {logging_mixin.py:190} INFO - [2026-03-05T17:37:12.613+0800] {dag.py:4180} INFO - Setting next_dagrun for consumer_dw_order_clean to None, run_after=None
[2026-03-05T17:37:12.616+0800] {logging_mixin.py:190} INFO - [2026-03-05T17:37:12.616+0800] {dag.py:4180} INFO - Setting next_dagrun for consumer_dw_order_stat to None, run_after=None
[2026-03-05T17:37:12.618+0800] {logging_mixin.py:190} INFO - [2026-03-05T17:37:12.617+0800] {dag.py:4180} INFO - Setting next_dagrun for producer_dw_order_sync to None, run_after=None
[2026-03-05T17:37:12.642+0800] {processor.py:208} INFO - Processing /Users/linghuchong/Downloads/51/Python/project/instance/airflow284/dags/dataset_demo.py took 323.177 seconds
[2026-03-05T17:41:07.741+0800] {processor.py:186} INFO - Started process (PID=16496) to work on /Users/linghuchong/Downloads/51/Python/project/instance/airflow284/dags/dataset_demo.py
[2026-03-05T17:41:07.744+0800] {processor.py:914} INFO - Processing file /Users/linghuchong/Downloads/51/Python/project/instance/airflow284/dags/dataset_demo.py for tasks to queue
[2026-03-05T17:41:07.745+0800] {logging_mixin.py:190} INFO - [2026-03-05T17:41:07.745+0800] {dagbag.py:588} INFO - Filling up the DagBag from /Users/linghuchong/Downloads/51/Python/project/instance/airflow284/dags/dataset_demo.py
[2026-03-05T17:41:07.865+0800] {processor.py:925} INFO - DAG(s) 'consumer_dw_order_stat', 'producer_dw_order_sync', 'consumer_dw_order_clean' retrieved from /Users/linghuchong/Downloads/51/Python/project/instance/airflow284/dags/dataset_demo.py
[2026-03-05T17:41:07.981+0800] {logging_mixin.py:190} INFO - [2026-03-05T17:41:07.981+0800] {dag.py:3239} INFO - Sync 3 DAGs
[2026-03-05T17:41:08.001+0800] {logging_mixin.py:190} INFO - [2026-03-05T17:41:08.000+0800] {dag.py:4180} INFO - Setting next_dagrun for consumer_dw_order_clean to None, run_after=None
[2026-03-05T17:41:08.005+0800] {logging_mixin.py:190} INFO - [2026-03-05T17:41:08.004+0800] {dag.py:4180} INFO - Setting next_dagrun for consumer_dw_order_stat to None, run_after=None
[2026-03-05T17:41:08.006+0800] {logging_mixin.py:190} INFO - [2026-03-05T17:41:08.006+0800] {dag.py:4180} INFO - Setting next_dagrun for producer_dw_order_sync to None, run_after=None
[2026-03-05T17:41:08.033+0800] {processor.py:208} INFO - Processing /Users/linghuchong/Downloads/51/Python/project/instance/airflow284/dags/dataset_demo.py took 295.398 seconds
[2026-03-05T17:57:24.366+0800] {processor.py:186} INFO - Started process (PID=16597) to work on /Users/linghuchong/Downloads/51/Python/project/instance/airflow284/dags/dataset_demo.py
[2026-03-05T17:57:24.369+0800] {processor.py:914} INFO - Processing file /Users/linghuchong/Downloads/51/Python/project/instance/airflow284/dags/dataset_demo.py for tasks to queue
[2026-03-05T17:57:24.371+0800] {logging_mixin.py:190} INFO - [2026-03-05T17:57:24.371+0800] {dagbag.py:588} INFO - Filling up the DagBag from /Users/linghuchong/Downloads/51/Python/project/instance/airflow284/dags/dataset_demo.py
[2026-03-05T17:57:24.504+0800] {processor.py:925} INFO - DAG(s) 'producer_dw_order_sync', 'consumer_dw_order_clean', 'consumer_dw_order_stat' retrieved from /Users/linghuchong/Downloads/51/Python/project/instance/airflow284/dags/dataset_demo.py
[2026-03-05T17:57:24.639+0800] {logging_mixin.py:190} INFO - [2026-03-05T17:57:24.638+0800] {dag.py:3239} INFO - Sync 3 DAGs
[2026-03-05T17:57:24.658+0800] {logging_mixin.py:190} INFO - [2026-03-05T17:57:24.658+0800] {dag.py:4180} INFO - Setting next_dagrun for consumer_dw_order_clean to None, run_after=None
[2026-03-05T17:57:24.662+0800] {logging_mixin.py:190} INFO - [2026-03-05T17:57:24.662+0800] {dag.py:4180} INFO - Setting next_dagrun for consumer_dw_order_stat to None, run_after=None
[2026-03-05T17:57:24.663+0800] {logging_mixin.py:190} INFO - [2026-03-05T17:57:24.663+0800] {dag.py:4180} INFO - Setting next_dagrun for producer_dw_order_sync to None, run_after=None
[2026-03-05T17:57:24.684+0800] {processor.py:208} INFO - Processing /Users/linghuchong/Downloads/51/Python/project/instance/airflow284/dags/dataset_demo.py took 321.403 seconds
[2026-03-05T18:02:48.954+0800] {processor.py:186} INFO - Started process (PID=16740) to work on /Users/linghuchong/Downloads/51/Python/project/instance/airflow284/dags/dataset_demo.py
[2026-03-05T18:02:48.957+0800] {processor.py:914} INFO - Processing file /Users/linghuchong/Downloads/51/Python/project/instance/airflow284/dags/dataset_demo.py for tasks to queue
[2026-03-05T18:02:48.958+0800] {logging_mixin.py:190} INFO - [2026-03-05T18:02:48.958+0800] {dagbag.py:588} INFO - Filling up the DagBag from /Users/linghuchong/Downloads/51/Python/project/instance/airflow284/dags/dataset_demo.py
[2026-03-05T18:02:49.085+0800] {processor.py:925} INFO - DAG(s) 'consumer_dw_order_stat', 'consumer_dw_order_clean', 'producer_dw_order_sync' retrieved from /Users/linghuchong/Downloads/51/Python/project/instance/airflow284/dags/dataset_demo.py
[2026-03-05T18:02:49.204+0800] {logging_mixin.py:190} INFO - [2026-03-05T18:02:49.203+0800] {dag.py:3239} INFO - Sync 3 DAGs
[2026-03-05T18:02:49.226+0800] {logging_mixin.py:190} INFO - [2026-03-05T18:02:49.226+0800] {dag.py:4180} INFO - Setting next_dagrun for consumer_dw_order_clean to None, run_after=None
[2026-03-05T18:02:49.230+0800] {logging_mixin.py:190} INFO - [2026-03-05T18:02:49.230+0800] {dag.py:4180} INFO - Setting next_dagrun for consumer_dw_order_stat to None, run_after=None
[2026-03-05T18:02:49.231+0800] {logging_mixin.py:190} INFO - [2026-03-05T18:02:49.231+0800] {dag.py:4180} INFO - Setting next_dagrun for producer_dw_order_sync to None, run_after=None
[2026-03-05T18:02:49.254+0800] {processor.py:208} INFO - Processing /Users/linghuchong/Downloads/51/Python/project/instance/airflow284/dags/dataset_demo.py took 302.480 seconds
[2026-03-05T18:06:26.303+0800] {processor.py:186} INFO - Started process (PID=16828) to work on /Users/linghuchong/Downloads/51/Python/project/instance/airflow284/dags/dataset_demo.py
[2026-03-05T18:06:26.304+0800] {processor.py:914} INFO - Processing file /Users/linghuchong/Downloads/51/Python/project/instance/airflow284/dags/dataset_demo.py for tasks to queue
[2026-03-05T18:06:26.305+0800] {logging_mixin.py:190} INFO - [2026-03-05T18:06:26.304+0800] {dagbag.py:588} INFO - Filling up the DagBag from /Users/linghuchong/Downloads/51/Python/project/instance/airflow284/dags/dataset_demo.py
[2026-03-05T18:06:26.432+0800] {processor.py:925} INFO - DAG(s) 'consumer_dw_order_stat', 'consumer_dw_order_clean', 'producer_dw_order_sync' retrieved from /Users/linghuchong/Downloads/51/Python/project/instance/airflow284/dags/dataset_demo.py
[2026-03-05T18:06:26.541+0800] {logging_mixin.py:190} INFO - [2026-03-05T18:06:26.541+0800] {dag.py:3239} INFO - Sync 3 DAGs
[2026-03-05T18:06:26.559+0800] {logging_mixin.py:190} INFO - [2026-03-05T18:06:26.559+0800] {dag.py:4180} INFO - Setting next_dagrun for consumer_dw_order_clean to None, run_after=None
[2026-03-05T18:06:26.562+0800] {logging_mixin.py:190} INFO - [2026-03-05T18:06:26.561+0800] {dag.py:4180} INFO - Setting next_dagrun for consumer_dw_order_stat to None, run_after=None
[2026-03-05T18:06:26.562+0800] {logging_mixin.py:190} INFO - [2026-03-05T18:06:26.562+0800] {dag.py:4180} INFO - Setting next_dagrun for producer_dw_order_sync to None, run_after=None
[2026-03-05T18:06:26.582+0800] {processor.py:208} INFO - Processing /Users/linghuchong/Downloads/51/Python/project/instance/airflow284/dags/dataset_demo.py took 282.200 seconds
