[2026-02-27T15:23:17.742+0800] {local_task_job_runner.py:123} INFO - ::group::Pre task execution logs
[2026-02-27T15:23:17.761+0800] {taskinstance.py:2631} INFO - Dependencies all met for dep_context=non-requeueable deps ti=<TaskInstance: cdrd_新增角色_编辑角色.并行执行消费者 manual__2026-02-27T07:22:56.996721+00:00 [queued]>
[2026-02-27T15:23:17.769+0800] {taskinstance.py:2631} INFO - Dependencies all met for dep_context=requeueable deps ti=<TaskInstance: cdrd_新增角色_编辑角色.并行执行消费者 manual__2026-02-27T07:22:56.996721+00:00 [queued]>
[2026-02-27T15:23:17.770+0800] {taskinstance.py:2884} INFO - Starting attempt 1 of 1
[2026-02-27T15:23:17.785+0800] {taskinstance.py:2907} INFO - Executing <Task(PythonOperator): 并行执行消费者> on 2026-02-27 07:22:56.996721+00:00
[2026-02-27T15:23:17.788+0800] {standard_task_runner.py:72} INFO - Started process 16731 to run task
[2026-02-27T15:23:17.796+0800] {standard_task_runner.py:104} INFO - Running: ['airflow', 'tasks', 'run', 'cdrd_新增角色_编辑角色', '并行执行消费者', 'manual__2026-02-27T07:22:56.996721+00:00', '--job-id', '522', '--raw', '--subdir', 'DAGS_FOLDER/tag_CDRD/系统管理/角色管理/dag_新增角色_编辑角色_并.py', '--cfg-path', '/var/folders/f7/4z7jtb213fs0mtgbw_0vs2600000gn/T/tmpo7q_0kkt']
[2026-02-27T15:23:17.800+0800] {standard_task_runner.py:105} INFO - Job 522: Subtask 并行执行消费者
[2026-02-27T15:23:17.855+0800] {task_command.py:467} INFO - Running <TaskInstance: cdrd_新增角色_编辑角色.并行执行消费者 manual__2026-02-27T07:22:56.996721+00:00 [running]> on host localhost-2.local
[2026-02-27T15:23:17.937+0800] {taskinstance.py:3157} INFO - Exporting env vars: AIRFLOW_CTX_DAG_OWNER='airflow' AIRFLOW_CTX_DAG_ID='cdrd_新增角色_编辑角色' AIRFLOW_CTX_TASK_ID='并行执行消费者' AIRFLOW_CTX_EXECUTION_DATE='2026-02-27T07:22:56.996721+00:00' AIRFLOW_CTX_TRY_NUMBER='1' AIRFLOW_CTX_DAG_RUN_ID='manual__2026-02-27T07:22:56.996721+00:00'
[2026-02-27T15:23:17.938+0800] {taskinstance.py:740} INFO - ::endgroup::
[2026-02-27T15:23:17.960+0800] {logging_mixin.py:190} INFO - ==================================================
[2026-02-27T15:23:17.961+0800] {logging_mixin.py:190} INFO - 【并行消费者】开始同时执行新增角色和编辑角色测试...
[2026-02-27T15:23:17.962+0800] {logging_mixin.py:190} INFO - ==================================================
[2026-02-27T15:23:17.968+0800] {logging_mixin.py:190} INFO - 从XCom获取到的测试用例数据: 3 条
[2026-02-27T15:23:17.969+0800] {logging_mixin.py:190} INFO - ===================== 新增角色 消费者开始执行 ====================
[2026-02-27T15:23:17.969+0800] {logging_mixin.py:190} INFO - ===================== 编辑角色 消费者开始执行 ====================
[2026-02-27T15:23:17.969+0800] {logging_mixin.py:190} INFO - [新增角色] 跳过不匹配的测试用例: 新增用户.py
[2026-02-27T15:23:17.970+0800] {logging_mixin.py:190} INFO - [编辑角色] 跳过不匹配的测试用例: 新增用户.py
[2026-02-27T15:23:17.971+0800] {logging_mixin.py:190} INFO - [新增角色] 找到测试用例: 新增角色.py
[2026-02-27T15:23:17.971+0800] {logging_mixin.py:190} INFO - [编辑角色] 跳过不匹配的测试用例: 新增角色.py
[2026-02-27T15:23:17.972+0800] {logging_mixin.py:190} INFO - [新增角色] 执行路径: 系统管理/角色管理/新增角色.py
[2026-02-27T15:23:17.972+0800] {logging_mixin.py:190} INFO - [编辑角色] 找到测试用例: 编辑角色.py
[2026-02-27T15:23:17.973+0800] {logging_mixin.py:190} INFO - [Consumer_0] 开始执行测试用例: 系统管理/角色管理/新增角色.py
[2026-02-27T15:23:17.973+0800] {logging_mixin.py:190} INFO - [编辑角色] 执行路径: 系统管理/角色管理/编辑角色.py
[2026-02-27T15:23:17.974+0800] {logging_mixin.py:190} INFO - [线程 Consumer_0] 准备执行Playwright脚本: /Users/linghuchong/Downloads/51/Python/project/instance/zyjk/CDRD/web/系统管理/角色管理/新增角色.py
[2026-02-27T15:23:17.974+0800] {logging_mixin.py:190} INFO - [Consumer_1] 开始执行测试用例: 系统管理/角色管理/编辑角色.py
[2026-02-27T15:23:17.975+0800] {logging_mixin.py:190} INFO - [线程 Consumer_1] 准备执行Playwright脚本: /Users/linghuchong/Downloads/51/Python/project/instance/zyjk/CDRD/web/系统管理/角色管理/编辑角色.py
[2026-02-27T15:23:18.251+0800] {logging_mixin.py:190} INFO - [线程 Consumer_1] ✅ 找到run_playwright函数，开始执行...
[2026-02-27T15:23:18.602+0800] {logging_mixin.py:190} INFO - 随机生成测试数据: [['田英', '566802', '辽宁省北京县永川朱路h座 163444']]
[2026-02-27T15:23:18.604+0800] {logging_mixin.py:190} INFO - [线程 Consumer_0] ✅ 找到run_playwright函数，开始执行...
[2026-02-27T15:23:23.142+0800] {logging_mixin.py:190} INFO - 等待5秒...
[2026-02-27T15:23:23.166+0800] {logging_mixin.py:190} INFO - 等待5秒...
[2026-02-27T15:23:31.406+0800] {logging_mixin.py:190} INFO - [线程 Consumer_1] ✅ Playwright执行完成，返回结果: {'role_name': '555', 'remark': '1234'}
[2026-02-27T15:23:31.407+0800] {logging_mixin.py:190} INFO - [Consumer_1] Playwright执行结果: {'role_name': '555', 'remark': '1234'}
[2026-02-27T15:23:31.409+0800] {logging_mixin.py:190} INFO - [Consumer_1] 正则替换结果: [{"k": "select count(*) as qty from sys_role where role_name='555'", "v": 1}]
[2026-02-27T15:23:31.410+0800] {logging_mixin.py:190} INFO - [Consumer_1] 解析后的验证数据: [{'k': "select count(*) as qty from sys_role where role_name='555'", 'v': 1}]
[2026-02-27T15:23:31.421+0800] {logging_mixin.py:190} INFO - [Consumer_1] 查询结果: 1
[2026-02-27T15:23:31.422+0800] {logging_mixin.py:190} INFO - [Consumer_1] ✅ 断言通过
[2026-02-27T15:23:31.496+0800] {logging_mixin.py:190} INFO - [编辑角色] ✅ 测试用例执行成功
[2026-02-27T15:23:31.497+0800] {logging_mixin.py:190} INFO - ===================== 编辑角色 消费者执行完成 ====================
[2026-02-27T15:23:31.497+0800] {logging_mixin.py:190} INFO - [编辑角色] 成功: 1, 失败: 0
[2026-02-27T15:23:58.799+0800] {logging_mixin.py:190} INFO - [线程 Consumer_0] ❌ 执行失败: Timeout 30000ms exceeded.
[2026-02-27T15:23:58.800+0800] {logging_mixin.py:190} WARNING - Traceback (most recent call last):
[2026-02-27T15:23:58.801+0800] {logging_mixin.py:190} WARNING -   File "/Users/linghuchong/Downloads/51/Python/project/instance/airflow284/dags/tag_CDRD/系统管理/角色管理/dag_新增角色_编辑角色_并.py", line 69, in execute_playwright_script
    result = module.run_playwright()
[2026-02-27T15:23:58.803+0800] {logging_mixin.py:190} WARNING -   File "/Users/linghuchong/Downloads/51/Python/project/instance/zyjk/CDRD/web/系统管理/角色管理/新增角色.py", line 39, in run_playwright
    page.locator("div").filter(has_text=re.compile(r"^系统管理$")).click()
[2026-02-27T15:23:58.803+0800] {logging_mixin.py:190} WARNING -   File "/Users/linghuchong/miniconda3/envs/py310/lib/python3.10/site-packages/playwright/sync_api/_generated.py", line 15784, in click
    self._sync(
[2026-02-27T15:23:58.804+0800] {logging_mixin.py:190} WARNING -   File "/Users/linghuchong/miniconda3/envs/py310/lib/python3.10/site-packages/playwright/_impl/_sync_base.py", line 115, in _sync
    return task.result()
[2026-02-27T15:23:58.805+0800] {logging_mixin.py:190} WARNING -   File "/Users/linghuchong/miniconda3/envs/py310/lib/python3.10/site-packages/playwright/_impl/_locator.py", line 159, in click
    return await self._frame.click(self._selector, strict=True, **params)
[2026-02-27T15:23:58.806+0800] {logging_mixin.py:190} WARNING -   File "/Users/linghuchong/miniconda3/envs/py310/lib/python3.10/site-packages/playwright/_impl/_frame.py", line 484, in click
    await self._channel.send("click", locals_to_params(locals()))
[2026-02-27T15:23:58.806+0800] {logging_mixin.py:190} WARNING -   File "/Users/linghuchong/miniconda3/envs/py310/lib/python3.10/site-packages/playwright/_impl/_connection.py", line 62, in send
    return await self._connection.wrap_api_call(
[2026-02-27T15:23:58.807+0800] {logging_mixin.py:190} WARNING -   File "/Users/linghuchong/miniconda3/envs/py310/lib/python3.10/site-packages/playwright/_impl/_connection.py", line 492, in wrap_api_call
    return await cb()
[2026-02-27T15:23:58.809+0800] {logging_mixin.py:190} WARNING -   File "/Users/linghuchong/miniconda3/envs/py310/lib/python3.10/site-packages/playwright/_impl/_connection.py", line 100, in inner_send
    result = next(iter(done)).result()
[2026-02-27T15:23:58.811+0800] {logging_mixin.py:190} WARNING - playwright._impl._errors.TimeoutError: Timeout 30000ms exceeded.
[2026-02-27T15:23:58.812+0800] {logging_mixin.py:190} INFO - [Consumer_0] Playwright执行结果: None
[2026-02-27T15:23:58.813+0800] {logging_mixin.py:190} INFO - [Consumer_0] ❌ Playwright执行失败，测试用例失败
[2026-02-27T15:23:58.813+0800] {logging_mixin.py:190} INFO - [新增角色] ❌ 测试用例执行失败
[2026-02-27T15:23:58.814+0800] {logging_mixin.py:190} INFO - [新增角色] 跳过不匹配的测试用例: 编辑角色.py
[2026-02-27T15:23:58.814+0800] {logging_mixin.py:190} INFO - ===================== 新增角色 消费者执行完成 ====================
[2026-02-27T15:23:58.815+0800] {logging_mixin.py:190} INFO - [新增角色] 成功: 0, 失败: 1
[2026-02-27T15:23:58.816+0800] {logging_mixin.py:190} INFO - ==================================================
[2026-02-27T15:23:58.817+0800] {logging_mixin.py:190} INFO - 【并行消费者】所有测试执行完成
[2026-02-27T15:23:58.817+0800] {logging_mixin.py:190} INFO - ==================================================
[2026-02-27T15:23:58.818+0800] {python.py:240} INFO - Done. Returned value was: {'新增角色': {'module': '系统管理-角色管理-新增角色', 'success_count': 0, 'fail_count': 1, 'total_count': 1}, '编辑角色': {'module': '系统管理-角色管理-编辑角色', 'success_count': 1, 'fail_count': 0, 'total_count': 1}}
[2026-02-27T15:23:58.842+0800] {taskinstance.py:349} INFO - ::group::Post task execution logs
[2026-02-27T15:23:58.843+0800] {taskinstance.py:361} INFO - Marking task as SUCCESS. dag_id=cdrd_新增角色_编辑角色, task_id=并行执行消费者, run_id=manual__2026-02-27T07:22:56.996721+00:00, execution_date=20260227T072256, start_date=20260227T072317, end_date=20260227T072358
[2026-02-27T15:23:58.911+0800] {local_task_job_runner.py:266} INFO - Task exited with return code 0
[2026-02-27T15:23:58.953+0800] {taskinstance.py:3924} INFO - 1 downstream tasks scheduled from follow-on schedule check
[2026-02-27T15:23:58.955+0800] {local_task_job_runner.py:245} INFO - ::endgroup::
